ARM GAS  /tmp/ccND3KcH.s 			page 1


   1              		.cpu cortex-m0
   2              		.arch armv6s-m
   3              		.fpu softvfp
   4              		.eabi_attribute 20, 1
   5              		.eabi_attribute 21, 1
   6              		.eabi_attribute 23, 3
   7              		.eabi_attribute 24, 1
   8              		.eabi_attribute 25, 1
   9              		.eabi_attribute 26, 1
  10              		.eabi_attribute 30, 4
  11              		.eabi_attribute 34, 0
  12              		.eabi_attribute 18, 4
  13              		.file	"chdebug.c"
  14              		.section	.gnu.debuglto_.debug_info,"e",%progbits
  15              	.Ldebug_info0:
  16              		.hidden	chdebug.c.fdd859b6
  17              		.weak	chdebug.c.fdd859b6
  18              	chdebug.c.fdd859b6:
  19 0000 6F000000 		.4byte	0x6f
  20 0004 0500     		.2byte	0x5
  21 0006 01       		.byte	0x1
  22 0007 04       		.byte	0x4
  23 0008 00000000 		.4byte	.Ldebug_abbrev0
  24 000c 02       		.uleb128 0x2
  25 000d B2000000 		.4byte	.LASF11
  26 0011 1D       		.byte	0x1d
  27 0012 8D000000 		.4byte	.LASF12
  28 0016 0D000000 		.4byte	.LASF13
  29 001a 00000000 		.4byte	.Ldebug_line0
  30 001e 03       		.uleb128 0x3
  31 001f 04       		.byte	0x4
  32 0020 05       		.byte	0x5
  33 0021 696E7400 		.ascii	"int\000"
  34 0025 01       		.uleb128 0x1
  35 0026 04       		.byte	0x4
  36 0027 07       		.byte	0x7
  37 0028 00000000 		.4byte	.LASF0
  38 002c 01       		.uleb128 0x1
  39 002d 08       		.byte	0x8
  40 002e 05       		.byte	0x5
  41 002f CA010000 		.4byte	.LASF1
  42 0033 01       		.uleb128 0x1
  43 0034 08       		.byte	0x8
  44 0035 04       		.byte	0x4
  45 0036 60000000 		.4byte	.LASF2
  46 003a 01       		.uleb128 0x1
  47 003b 01       		.byte	0x1
  48 003c 06       		.byte	0x6
  49 003d 54000000 		.4byte	.LASF3
  50 0041 01       		.uleb128 0x1
  51 0042 01       		.byte	0x1
  52 0043 08       		.byte	0x8
  53 0044 89010000 		.4byte	.LASF4
  54 0048 01       		.uleb128 0x1
  55 0049 02       		.byte	0x2
  56 004a 05       		.byte	0x5
  57 004b 6C000000 		.4byte	.LASF5
ARM GAS  /tmp/ccND3KcH.s 			page 2


  58 004f 01       		.uleb128 0x1
  59 0050 02       		.byte	0x2
  60 0051 07       		.byte	0x7
  61 0052 B7010000 		.4byte	.LASF6
  62 0056 01       		.uleb128 0x1
  63 0057 04       		.byte	0x4
  64 0058 05       		.byte	0x5
  65 0059 97010000 		.4byte	.LASF7
  66 005d 01       		.uleb128 0x1
  67 005e 04       		.byte	0x4
  68 005f 07       		.byte	0x7
  69 0060 A0010000 		.4byte	.LASF8
  70 0064 01       		.uleb128 0x1
  71 0065 08       		.byte	0x8
  72 0066 07       		.byte	0x7
  73 0067 76000000 		.4byte	.LASF9
  74 006b 01       		.uleb128 0x1
  75 006c 01       		.byte	0x1
  76 006d 08       		.byte	0x8
  77 006e B2010000 		.4byte	.LASF10
  78 0072 00       		.byte	0
  79              		.section	.gnu.debuglto_.debug_abbrev,"e",%progbits
  80              	.Ldebug_abbrev0:
  81 0000 01       		.uleb128 0x1
  82 0001 24       		.uleb128 0x24
  83 0002 00       		.byte	0
  84 0003 0B       		.uleb128 0xb
  85 0004 0B       		.uleb128 0xb
  86 0005 3E       		.uleb128 0x3e
  87 0006 0B       		.uleb128 0xb
  88 0007 03       		.uleb128 0x3
  89 0008 0E       		.uleb128 0xe
  90 0009 00       		.byte	0
  91 000a 00       		.byte	0
  92 000b 02       		.uleb128 0x2
  93 000c 11       		.uleb128 0x11
  94 000d 01       		.byte	0x1
  95 000e 25       		.uleb128 0x25
  96 000f 0E       		.uleb128 0xe
  97 0010 13       		.uleb128 0x13
  98 0011 0B       		.uleb128 0xb
  99 0012 03       		.uleb128 0x3
 100 0013 0E       		.uleb128 0xe
 101 0014 1B       		.uleb128 0x1b
 102 0015 0E       		.uleb128 0xe
 103 0016 10       		.uleb128 0x10
 104 0017 17       		.uleb128 0x17
 105 0018 00       		.byte	0
 106 0019 00       		.byte	0
 107 001a 03       		.uleb128 0x3
 108 001b 24       		.uleb128 0x24
 109 001c 00       		.byte	0
 110 001d 0B       		.uleb128 0xb
 111 001e 0B       		.uleb128 0xb
 112 001f 3E       		.uleb128 0x3e
 113 0020 0B       		.uleb128 0xb
 114 0021 03       		.uleb128 0x3
ARM GAS  /tmp/ccND3KcH.s 			page 3


 115 0022 08       		.uleb128 0x8
 116 0023 00       		.byte	0
 117 0024 00       		.byte	0
 118 0025 00       		.byte	0
 119              		.section	.gnu.debuglto_.debug_line,"e",%progbits
 120              	.Ldebug_line0:
 121 0000 2D000000 		.4byte	.LELT0-.LSLT0
 122              	.LSLT0:
 123 0004 0500     		.2byte	0x5
 124 0006 04       		.byte	0x4
 125 0007 00       		.byte	0
 126 0008 25000000 		.4byte	.LELTP0-.LASLTP0
 127              	.LASLTP0:
 128 000c 01       		.byte	0x1
 129 000d 01       		.byte	0x1
 130 000e 01       		.byte	0x1
 131 000f F6       		.byte	0xf6
 132 0010 F2       		.byte	0xf2
 133 0011 0D       		.byte	0xd
 134 0012 00       		.byte	0
 135 0013 01       		.byte	0x1
 136 0014 01       		.byte	0x1
 137 0015 01       		.byte	0x1
 138 0016 01       		.byte	0x1
 139 0017 00       		.byte	0
 140 0018 00       		.byte	0
 141 0019 00       		.byte	0
 142 001a 01       		.byte	0x1
 143 001b 00       		.byte	0
 144 001c 00       		.byte	0
 145 001d 01       		.byte	0x1
 146 001e 01       		.byte	0x1
 147 001f 01       		.uleb128 0x1
 148 0020 1F       		.uleb128 0x1f
 149 0021 01       		.uleb128 0x1
 150 0022 25000000 		.4byte	.LASF14
 151 0026 02       		.byte	0x2
 152 0027 01       		.uleb128 0x1
 153 0028 1F       		.uleb128 0x1f
 154 0029 02       		.uleb128 0x2
 155 002a 0B       		.uleb128 0xb
 156 002b 01       		.uleb128 0x1
 157 002c 00000000 		.4byte	.LASF15
 158 0030 00       		.byte	0
 159              	.LELTP0:
 160              	.LELT0:
 161              		.section	.gnu.debuglto_.debug_str,"eMS",%progbits,1
 162              	.LASF0:
 163 0000 756E7369 		.ascii	"unsigned int\000"
 163      676E6564 
 163      20696E74 
 163      00
 164              	.LASF13:
 165 000d 2F686F6D 		.ascii	"/home/kocur/wideband-2311-f0_addon/firmware/boards/"
 165      652F6B6F 
 165      6375722F 
 165      77696465 
ARM GAS  /tmp/ccND3KcH.s 			page 4


 165      62616E64 
 166 0040 66305F61 		.ascii	"f0_addon/bootloader\000"
 166      64646F6E 
 166      2F626F6F 
 166      746C6F61 
 166      64657200 
 167              	.LASF3:
 168 0054 7369676E 		.ascii	"signed char\000"
 168      65642063 
 168      68617200 
 169              	.LASF2:
 170 0060 6C6F6E67 		.ascii	"long double\000"
 170      20646F75 
 170      626C6500 
 171              	.LASF5:
 172 006c 73686F72 		.ascii	"short int\000"
 172      7420696E 
 172      7400
 173              	.LASF9:
 174 0076 6C6F6E67 		.ascii	"long long unsigned int\000"
 174      206C6F6E 
 174      6720756E 
 174      7369676E 
 174      65642069 
 175              	.LASF12:
 176 008d 2E2E2F2E 		.ascii	"../../../ChibiOS/os/rt/src/chdebug.c\000"
 176      2E2F2E2E 
 176      2F436869 
 176      62694F53 
 176      2F6F732F 
 177              	.LASF11:
 178 00b2 474E5520 		.ascii	"GNU C17 11.3.1 20220712 -mcpu=cortex-m0 -mthumb -mf"
 178      43313720 
 178      31312E33 
 178      2E312032 
 178      30323230 
 179 00e5 6C6F6174 		.ascii	"loat-abi=soft -march=armv6s-m -ggdb -Os -fomit-fram"
 179      2D616269 
 179      3D736F66 
 179      74202D6D 
 179      61726368 
 180 0118 652D706F 		.ascii	"e-pointer -falign-functions=16 -fsingle-precision-c"
 180      696E7465 
 180      72202D66 
 180      616C6967 
 180      6E2D6675 
 181 014b 6F6E7374 		.ascii	"onstant -ffunction-sections -fdata-sections -fno-co"
 181      616E7420 
 181      2D666675 
 181      6E637469 
 181      6F6E2D73 
 182 017e 6D6D6F6E 		.ascii	"mmon -flto\000"
 182      202D666C 
 182      746F00
 183              	.LASF4:
 184 0189 756E7369 		.ascii	"unsigned char\000"
 184      676E6564 
ARM GAS  /tmp/ccND3KcH.s 			page 5


 184      20636861 
 184      7200
 185              	.LASF7:
 186 0197 6C6F6E67 		.ascii	"long int\000"
 186      20696E74 
 186      00
 187              	.LASF8:
 188 01a0 6C6F6E67 		.ascii	"long unsigned int\000"
 188      20756E73 
 188      69676E65 
 188      6420696E 
 188      7400
 189              	.LASF10:
 190 01b2 63686172 		.ascii	"char\000"
 190      00
 191              	.LASF6:
 192 01b7 73686F72 		.ascii	"short unsigned int\000"
 192      7420756E 
 192      7369676E 
 192      65642069 
 192      6E7400
 193              	.LASF1:
 194 01ca 6C6F6E67 		.ascii	"long long int\000"
 194      206C6F6E 
 194      6720696E 
 194      7400
 195              		.section	.gnu.debuglto_.debug_line_str,"eMS",%progbits,1
 196              	.LASF15:
 197 0000 2E2E2F2E 		.ascii	"../../../ChibiOS/os/rt/src/chdebug.c\000"
 197      2E2F2E2E 
 197      2F436869 
 197      62694F53 
 197      2F6F732F 
 198              	.LASF14:
 199 0025 2F686F6D 		.ascii	"/home/kocur/wideband-2311-f0_addon/firmware/boards/"
 199      652F6B6F 
 199      6375722F 
 199      77696465 
 199      62616E64 
 200 0058 66305F61 		.ascii	"f0_addon/bootloader\000"
 200      64646F6E 
 200      2F626F6F 
 200      746C6F61 
 200      64657200 
 201              		.text
 202              		.section	.gnu.lto_.profile.4025911c9d7b86e0,"e",%progbits
 203 0000 789C6362 		.ascii	"x\234cb\000\001\000\000\022\000\003"
 203      00010000 
 203      120003
 204              		.text
 205              		.section	.gnu.lto_.icf.4025911c9d7b86e0,"e",%progbits
 206 0000 789C6362 		.ascii	"x\234cb@\006\000\000*\000\003"
 206      40060000 
 206      2A0003
 207              		.text
 208              		.section	.gnu.lto_.ipa_sra.4025911c9d7b86e0,"e",%progbits
 209 0000 789C6362 		.ascii	"x\234cb@\006\000\000*\000\003"
ARM GAS  /tmp/ccND3KcH.s 			page 6


 209      40060000 
 209      2A0003
 210              		.text
 211              		.section	.gnu.lto_.inline.4025911c9d7b86e0,"e",%progbits
 212 0000 789C6362 		.ascii	"x\234cb@\006\000\000*\000\003"
 212      40060000 
 212      2A0003
 213              		.text
 214              		.section	.gnu.lto_.jmpfuncs.4025911c9d7b86e0,"e",%progbits
 215 0000 789C6362 		.ascii	"x\234cb@\006\000\000*\000\003"
 215      40060000 
 215      2A0003
 216              		.text
 217              		.section	.gnu.lto_.pureconst.4025911c9d7b86e0,"e",%progbits
 218 0000 789C6364 		.ascii	"x\234cd\000\002\000\000\012\000\002"
 218      00020000 
 218      0A0002
 219              		.text
 220              		.section	.gnu.lto_.ipa_modref.4025911c9d7b86e0,"e",%progbits
 221 0000 789C6362 		.ascii	"x\234cb@\006\000\000*\000\003"
 221      40060000 
 221      2A0003
 222              		.text
 223              		.section	.gnu.lto_.lto.4025911c9d7b86e0,"e",%progbits
 224 0000 0B000300 		.ascii	"\013\000\003\000\001\000\000\000"
 224      01000000 
 225              		.text
 226              		.section	.gnu.lto_.symbol_nodes.4025911c9d7b86e0,"e",%progbits
 227 0000 789C6362 		.ascii	"x\234cb\000\001\000\000\022\000\003"
 227      00010000 
 227      120003
 228              		.text
 229              		.section	.gnu.lto_.refs.4025911c9d7b86e0,"e",%progbits
 230 0000 789C6364 		.ascii	"x\234cd\000\002\000\000\012\000\002"
 230      00020000 
 230      0A0002
 231              		.text
 232              		.section	.gnu.lto_.decls.4025911c9d7b86e0,"e",%progbits
 233 0000 789C6360 		.ascii	"x\234c````\004b\036 \376\017\004 \366e\006(\000\000"
 233      60606004 
 233      621E20FE 
 233      0F0420F6 
 233      65062800 
 234 0015 466C04DE 		.ascii	"Fl\004\336"
 235              		.text
 236              		.section	.gnu.lto_.symtab.4025911c9d7b86e0,"e",%progbits
 237              		.text
 238              		.section	.gnu.lto_.ext_symtab.4025911c9d7b86e0,"e",%progbits
 239 0000 01       		.ascii	"\001"
 240              		.text
 241              		.section	.gnu.lto_.opts,"e",%progbits
 242 0000 272D666E 		.ascii	"'-fno-openmp' '-fno-openacc' '-fno-pie' '-fcf-prote"
 242      6F2D6F70 
 242      656E6D70 
 242      2720272D 
 242      666E6F2D 
 243 0033 6374696F 		.ascii	"ction=none' '-g' '-mcpu=cortex-m0' '-mthumb' '-mflo"
ARM GAS  /tmp/ccND3KcH.s 			page 7


 243      6E3D6E6F 
 243      6E652720 
 243      272D6727 
 243      20272D6D 
 244 0066 61742D61 		.ascii	"at-abi=soft' '-mlibarch=armv6s-m' '-march=armv6s-m'"
 244      62693D73 
 244      6F667427 
 244      20272D6D 
 244      6C696261 
 245 0099 20272D4F 		.ascii	" '-Os' '-fomit-frame-pointer' '-falign-functions=16"
 245      73272027 
 245      2D666F6D 
 245      69742D66 
 245      72616D65 
 246 00cc 2720272D 		.ascii	"' '-fsingle-precision-constant' '-ffunction-section"
 246      6673696E 
 246      676C652D 
 246      70726563 
 246      6973696F 
 247 00ff 73272027 		.ascii	"s' '-fdata-sections' '-fno-common' '-flto' '-Xassem"
 247      2D666461 
 247      74612D73 
 247      65637469 
 247      6F6E7327 
 248 0132 626C6572 		.ascii	"bler' '-alms=./build/lst/chdebug.lst'\000"
 248      2720272D 
 248      616C6D73 
 248      3D2E2F62 
 248      75696C64 
 249              		.text
 250              		.comm	__gnu_lto_slim,1,1
 251              		.ident	"GCC: (Arm GNU Toolchain 11.3.Rel1) 11.3.1 20220712"
ARM GAS  /tmp/ccND3KcH.s 			page 8


DEFINED SYMBOLS
                            *ABS*:0000000000000000 chdebug.c
     /tmp/ccND3KcH.s:18     .gnu.debuglto_.debug_info:0000000000000000 chdebug.c.fdd859b6
                            *COM*:0000000000000001 __gnu_lto_slim

NO UNDEFINED SYMBOLS
