ARM GAS  /tmp/ccnF60eL.s 			page 1


   1              		.cpu cortex-m0
   2              		.arch armv6s-m
   3              		.fpu softvfp
   4              		.eabi_attribute 20, 1
   5              		.eabi_attribute 21, 1
   6              		.eabi_attribute 23, 3
   7              		.eabi_attribute 24, 1
   8              		.eabi_attribute 25, 1
   9              		.eabi_attribute 26, 1
  10              		.eabi_attribute 30, 4
  11              		.eabi_attribute 34, 0
  12              		.eabi_attribute 18, 4
  13              		.file	"crt1.c"
  14              		.file 1 "/home/kocur/.rusefi-tools/arm-gnu-toolchain-11.3.rel1-x86_64-arm-none-eabi/arm-none-eabi/
  15              		.file 2 "/home/kocur/.rusefi-tools/arm-gnu-toolchain-11.3.rel1-x86_64-arm-none-eabi/arm-none-eabi/
  16              		.file 3 "../../../ChibiOS/os/common/startup/ARMCMx/compilers/GCC/crt1.c"
  17              		.section	.gnu.debuglto_.debug_info,"e",%progbits
  18              	.Ldebug_info0:
  19              		.hidden	crt1.c.b7006f74
  20              		.weak	crt1.c.b7006f74
  21              	crt1.c.b7006f74:
  22 0000 92020000 		.4byte	0x292
  23 0004 0500     		.2byte	0x5
  24 0006 01       		.byte	0x1
  25 0007 04       		.byte	0x4
  26 0008 00000000 		.4byte	.Ldebug_abbrev0
  27 000c 09       		.uleb128 0x9
  28 000d 29030000 		.4byte	.LASF52
  29 0011 1D       		.byte	0x1d
  30 0012 7D020000 		.4byte	.LASF53
  31 0016 3D040000 		.4byte	.LASF54
  32 001a 00000000 		.4byte	.Ldebug_line0
  33 001e 02       		.uleb128 0x2
  34 001f 01       		.byte	0x1
  35 0020 06       		.byte	0x6
  36 0021 22040000 		.4byte	.LASF0
  37 0025 02       		.uleb128 0x2
  38 0026 01       		.byte	0x1
  39 0027 08       		.byte	0x8
  40 0028 82010000 		.4byte	.LASF1
  41 002c 02       		.uleb128 0x2
  42 002d 02       		.byte	0x2
  43 002e 05       		.byte	0x5
  44 002f 01030000 		.4byte	.LASF2
  45 0033 02       		.uleb128 0x2
  46 0034 02       		.byte	0x2
  47 0035 07       		.byte	0x7
  48 0036 82000000 		.4byte	.LASF3
  49 003a 02       		.uleb128 0x2
  50 003b 04       		.byte	0x4
  51 003c 05       		.byte	0x5
  52 003d 09040000 		.4byte	.LASF4
  53 0041 04       		.uleb128 0x4
  54 0042 B2010000 		.4byte	.LASF9
  55 0046 01       		.byte	0x1
  56 0047 4F       		.byte	0x4f
  57 0048 19       		.byte	0x19
ARM GAS  /tmp/ccnF60eL.s 			page 2


  58 0049 4D000000 		.4byte	0x4d
  59 004d 02       		.uleb128 0x2
  60 004e 04       		.byte	0x4
  61 004f 07       		.byte	0x7
  62 0050 27010000 		.4byte	.LASF5
  63 0054 02       		.uleb128 0x2
  64 0055 08       		.byte	0x8
  65 0056 05       		.byte	0x5
  66 0057 00000000 		.4byte	.LASF6
  67 005b 02       		.uleb128 0x2
  68 005c 08       		.byte	0x8
  69 005d 07       		.byte	0x7
  70 005e 29020000 		.4byte	.LASF7
  71 0062 0A       		.uleb128 0xa
  72 0063 04       		.byte	0x4
  73 0064 05       		.byte	0x5
  74 0065 696E7400 		.ascii	"int\000"
  75 0069 02       		.uleb128 0x2
  76 006a 04       		.byte	0x4
  77 006b 07       		.byte	0x7
  78 006c 1C020000 		.4byte	.LASF8
  79 0070 04       		.uleb128 0x4
  80 0071 00040000 		.4byte	.LASF10
  81 0075 02       		.byte	0x2
  82 0076 30       		.byte	0x30
  83 0077 14       		.byte	0x14
  84 0078 41000000 		.4byte	0x41
  85 007c 0B       		.uleb128 0xb
  86 007d 10       		.byte	0x10
  87 007e 03       		.byte	0x3
  88 007f 35       		.byte	0x35
  89 0080 09       		.byte	0x9
  90 0081 B2000000 		.4byte	0xb2
  91 0085 03       		.uleb128 0x3
  92 0086 0B030000 		.4byte	.LASF11
  93 008a 36       		.byte	0x36
  94 008b B2000000 		.4byte	0xb2
  95 008f 00       		.byte	0
  96 0090 03       		.uleb128 0x3
  97 0091 5B000000 		.4byte	.LASF12
  98 0095 37       		.byte	0x37
  99 0096 B2000000 		.4byte	0xb2
 100 009a 04       		.byte	0x4
 101 009b 03       		.uleb128 0x3
 102 009c 01010000 		.4byte	.LASF13
 103 00a0 38       		.byte	0x38
 104 00a1 B2000000 		.4byte	0xb2
 105 00a5 08       		.byte	0x8
 106 00a6 03       		.uleb128 0x3
 107 00a7 60020000 		.4byte	.LASF14
 108 00ab 39       		.byte	0x39
 109 00ac B2000000 		.4byte	0xb2
 110 00b0 0C       		.byte	0xc
 111 00b1 00       		.byte	0
 112 00b2 07       		.uleb128 0x7
 113 00b3 70000000 		.4byte	0x70
 114 00b7 04       		.uleb128 0x4
ARM GAS  /tmp/ccnF60eL.s 			page 3


 115 00b8 BD010000 		.4byte	.LASF15
 116 00bc 03       		.byte	0x3
 117 00bd 3A       		.byte	0x3a
 118 00be 03       		.byte	0x3
 119 00bf 7C000000 		.4byte	0x7c
 120 00c3 08       		.uleb128 0x8
 121 00c4 B7000000 		.4byte	0xb7
 122 00c8 01       		.uleb128 0x1
 123 00c9 6F000000 		.4byte	.LASF16
 124 00cd 41       		.byte	0x41
 125 00ce 11       		.byte	0x11
 126 00cf 70000000 		.4byte	0x70
 127 00d3 01       		.uleb128 0x1
 128 00d4 39010000 		.4byte	.LASF17
 129 00d8 41       		.byte	0x41
 130 00d9 25       		.byte	0x25
 131 00da 70000000 		.4byte	0x70
 132 00de 01       		.uleb128 0x1
 133 00df 1A030000 		.4byte	.LASF18
 134 00e3 41       		.byte	0x41
 135 00e4 34       		.byte	0x34
 136 00e5 70000000 		.4byte	0x70
 137 00e9 01       		.uleb128 0x1
 138 00ea 3B000000 		.4byte	.LASF19
 139 00ee 41       		.byte	0x41
 140 00ef 44       		.byte	0x44
 141 00f0 70000000 		.4byte	0x70
 142 00f4 01       		.uleb128 0x1
 143 00f5 CC020000 		.4byte	.LASF20
 144 00f9 44       		.byte	0x44
 145 00fa 11       		.byte	0x11
 146 00fb 70000000 		.4byte	0x70
 147 00ff 01       		.uleb128 0x1
 148 0100 A0000000 		.4byte	.LASF21
 149 0104 44       		.byte	0x44
 150 0105 25       		.byte	0x25
 151 0106 70000000 		.4byte	0x70
 152 010a 01       		.uleb128 0x1
 153 010b 55010000 		.4byte	.LASF22
 154 010f 44       		.byte	0x44
 155 0110 34       		.byte	0x34
 156 0111 70000000 		.4byte	0x70
 157 0115 01       		.uleb128 0x1
 158 0116 12040000 		.4byte	.LASF23
 159 011a 44       		.byte	0x44
 160 011b 44       		.byte	0x44
 161 011c 70000000 		.4byte	0x70
 162 0120 01       		.uleb128 0x1
 163 0121 9F010000 		.4byte	.LASF24
 164 0125 47       		.byte	0x47
 165 0126 11       		.byte	0x11
 166 0127 70000000 		.4byte	0x70
 167 012b 01       		.uleb128 0x1
 168 012c 1F000000 		.4byte	.LASF25
 169 0130 47       		.byte	0x47
 170 0131 25       		.byte	0x25
 171 0132 70000000 		.4byte	0x70
ARM GAS  /tmp/ccnF60eL.s 			page 4


 172 0136 01       		.uleb128 0x1
 173 0137 DF020000 		.4byte	.LASF26
 174 013b 47       		.byte	0x47
 175 013c 34       		.byte	0x34
 176 013d 70000000 		.4byte	0x70
 177 0141 01       		.uleb128 0x1
 178 0142 BC020000 		.4byte	.LASF27
 179 0146 47       		.byte	0x47
 180 0147 44       		.byte	0x44
 181 0148 70000000 		.4byte	0x70
 182 014c 01       		.uleb128 0x1
 183 014d EE000000 		.4byte	.LASF28
 184 0151 4A       		.byte	0x4a
 185 0152 11       		.byte	0x11
 186 0153 70000000 		.4byte	0x70
 187 0157 01       		.uleb128 0x1
 188 0158 74010000 		.4byte	.LASF29
 189 015c 4A       		.byte	0x4a
 190 015d 25       		.byte	0x25
 191 015e 70000000 		.4byte	0x70
 192 0162 01       		.uleb128 0x1
 193 0163 CF000000 		.4byte	.LASF30
 194 0167 4A       		.byte	0x4a
 195 0168 34       		.byte	0x34
 196 0169 70000000 		.4byte	0x70
 197 016d 01       		.uleb128 0x1
 198 016e 6D020000 		.4byte	.LASF31
 199 0172 4A       		.byte	0x4a
 200 0173 44       		.byte	0x44
 201 0174 70000000 		.4byte	0x70
 202 0178 01       		.uleb128 0x1
 203 0179 EE020000 		.4byte	.LASF32
 204 017d 4D       		.byte	0x4d
 205 017e 11       		.byte	0x11
 206 017f 70000000 		.4byte	0x70
 207 0183 01       		.uleb128 0x1
 208 0184 EF010000 		.4byte	.LASF33
 209 0188 4D       		.byte	0x4d
 210 0189 25       		.byte	0x25
 211 018a 70000000 		.4byte	0x70
 212 018e 01       		.uleb128 0x1
 213 018f FD010000 		.4byte	.LASF34
 214 0193 4D       		.byte	0x4d
 215 0194 34       		.byte	0x34
 216 0195 70000000 		.4byte	0x70
 217 0199 01       		.uleb128 0x1
 218 019a 0C020000 		.4byte	.LASF35
 219 019e 4D       		.byte	0x4d
 220 019f 44       		.byte	0x44
 221 01a0 70000000 		.4byte	0x70
 222 01a4 01       		.uleb128 0x1
 223 01a5 CD010000 		.4byte	.LASF36
 224 01a9 50       		.byte	0x50
 225 01aa 11       		.byte	0x11
 226 01ab 70000000 		.4byte	0x70
 227 01af 01       		.uleb128 0x1
 228 01b0 47010000 		.4byte	.LASF37
ARM GAS  /tmp/ccnF60eL.s 			page 5


 229 01b4 50       		.byte	0x50
 230 01b5 25       		.byte	0x25
 231 01b6 70000000 		.4byte	0x70
 232 01ba 01       		.uleb128 0x1
 233 01bb 2E040000 		.4byte	.LASF38
 234 01bf 50       		.byte	0x50
 235 01c0 34       		.byte	0x34
 236 01c1 70000000 		.4byte	0x70
 237 01c5 01       		.uleb128 0x1
 238 01c6 64010000 		.4byte	.LASF39
 239 01ca 50       		.byte	0x50
 240 01cb 44       		.byte	0x44
 241 01cc 70000000 		.4byte	0x70
 242 01d0 01       		.uleb128 0x1
 243 01d1 BC000000 		.4byte	.LASF40
 244 01d5 53       		.byte	0x53
 245 01d6 11       		.byte	0x11
 246 01d7 70000000 		.4byte	0x70
 247 01db 01       		.uleb128 0x1
 248 01dc AE000000 		.4byte	.LASF41
 249 01e0 53       		.byte	0x53
 250 01e1 25       		.byte	0x25
 251 01e2 70000000 		.4byte	0x70
 252 01e6 01       		.uleb128 0x1
 253 01e7 18010000 		.4byte	.LASF42
 254 01eb 53       		.byte	0x53
 255 01ec 34       		.byte	0x34
 256 01ed 70000000 		.4byte	0x70
 257 01f1 01       		.uleb128 0x1
 258 01f2 DE000000 		.4byte	.LASF43
 259 01f6 53       		.byte	0x53
 260 01f7 44       		.byte	0x44
 261 01f8 70000000 		.4byte	0x70
 262 01fc 01       		.uleb128 0x1
 263 01fd 40020000 		.4byte	.LASF44
 264 0201 56       		.byte	0x56
 265 0202 11       		.byte	0x11
 266 0203 70000000 		.4byte	0x70
 267 0207 01       		.uleb128 0x1
 268 0208 2D000000 		.4byte	.LASF45
 269 020c 56       		.byte	0x56
 270 020d 25       		.byte	0x25
 271 020e 70000000 		.4byte	0x70
 272 0212 01       		.uleb128 0x1
 273 0213 E0010000 		.4byte	.LASF46
 274 0217 56       		.byte	0x56
 275 0218 34       		.byte	0x34
 276 0219 70000000 		.4byte	0x70
 277 021d 01       		.uleb128 0x1
 278 021e 4B000000 		.4byte	.LASF47
 279 0222 56       		.byte	0x56
 280 0223 44       		.byte	0x44
 281 0224 70000000 		.4byte	0x70
 282 0228 0C       		.uleb128 0xc
 283 0229 C3000000 		.4byte	0xc3
 284 022d 38020000 		.4byte	0x238
 285 0231 0D       		.uleb128 0xd
ARM GAS  /tmp/ccnF60eL.s 			page 6


 286 0232 69000000 		.4byte	0x69
 287 0236 07       		.byte	0x7
 288 0237 00       		.byte	0
 289 0238 08       		.uleb128 0x8
 290 0239 28020000 		.4byte	0x228
 291 023d 0E       		.uleb128 0xe
 292 023e 65000000 		.4byte	.LASF48
 293 0242 03       		.byte	0x3
 294 0243 5D       		.byte	0x5d
 295 0244 1E       		.byte	0x1e
 296 0245 38020000 		.4byte	0x238
 297 0249 0F       		.uleb128 0xf
 298 024a 0E000000 		.4byte	.LASF55
 299 024e 03       		.byte	0x3
 300 024f C1       		.byte	0xc1
 301 0250 06       		.byte	0x6
 302 0251 76020000 		.4byte	0x276
 303 0255 05       		.uleb128 0x5
 304 0256 72617000 		.ascii	"rap\000"
 305 025a C3       		.byte	0xc3
 306 025b 1A       		.byte	0x1a
 307 025c 76020000 		.4byte	0x276
 308 0260 10       		.uleb128 0x10
 309 0261 05       		.uleb128 0x5
 310 0262 747000   		.ascii	"tp\000"
 311 0265 C6       		.byte	0xc6
 312 0266 0F       		.byte	0xf
 313 0267 B2000000 		.4byte	0xb2
 314 026b 05       		.uleb128 0x5
 315 026c 7000     		.ascii	"p\000"
 316 026e C7       		.byte	0xc7
 317 026f 0F       		.byte	0xf
 318 0270 B2000000 		.4byte	0xb2
 319 0274 00       		.byte	0
 320 0275 00       		.byte	0
 321 0276 07       		.uleb128 0x7
 322 0277 C3000000 		.4byte	0xc3
 323 027b 11       		.uleb128 0x11
 324 027c 90010000 		.4byte	.LASF56
 325 0280 03       		.byte	0x3
 326 0281 B7       		.byte	0xb7
 327 0282 06       		.byte	0x6
 328 0283 06       		.uleb128 0x6
 329 0284 0C010000 		.4byte	.LASF49
 330 0288 AA       		.byte	0xaa
 331 0289 06       		.uleb128 0x6
 332 028a 53020000 		.4byte	.LASF50
 333 028e 9C       		.byte	0x9c
 334 028f 06       		.uleb128 0x6
 335 0290 95000000 		.4byte	.LASF51
 336 0294 89       		.byte	0x89
 337 0295 00       		.byte	0
 338              		.section	.gnu.debuglto_.debug_abbrev,"e",%progbits
 339              	.Ldebug_abbrev0:
 340 0000 01       		.uleb128 0x1
 341 0001 34       		.uleb128 0x34
 342 0002 00       		.byte	0
ARM GAS  /tmp/ccnF60eL.s 			page 7


 343 0003 03       		.uleb128 0x3
 344 0004 0E       		.uleb128 0xe
 345 0005 3A       		.uleb128 0x3a
 346 0006 21       		.uleb128 0x21
 347 0007 03       		.sleb128 3
 348 0008 3B       		.uleb128 0x3b
 349 0009 0B       		.uleb128 0xb
 350 000a 39       		.uleb128 0x39
 351 000b 0B       		.uleb128 0xb
 352 000c 49       		.uleb128 0x49
 353 000d 13       		.uleb128 0x13
 354 000e 3F       		.uleb128 0x3f
 355 000f 19       		.uleb128 0x19
 356 0010 3C       		.uleb128 0x3c
 357 0011 19       		.uleb128 0x19
 358 0012 00       		.byte	0
 359 0013 00       		.byte	0
 360 0014 02       		.uleb128 0x2
 361 0015 24       		.uleb128 0x24
 362 0016 00       		.byte	0
 363 0017 0B       		.uleb128 0xb
 364 0018 0B       		.uleb128 0xb
 365 0019 3E       		.uleb128 0x3e
 366 001a 0B       		.uleb128 0xb
 367 001b 03       		.uleb128 0x3
 368 001c 0E       		.uleb128 0xe
 369 001d 00       		.byte	0
 370 001e 00       		.byte	0
 371 001f 03       		.uleb128 0x3
 372 0020 0D       		.uleb128 0xd
 373 0021 00       		.byte	0
 374 0022 03       		.uleb128 0x3
 375 0023 0E       		.uleb128 0xe
 376 0024 3A       		.uleb128 0x3a
 377 0025 21       		.uleb128 0x21
 378 0026 03       		.sleb128 3
 379 0027 3B       		.uleb128 0x3b
 380 0028 0B       		.uleb128 0xb
 381 0029 39       		.uleb128 0x39
 382 002a 21       		.uleb128 0x21
 383 002b 1A       		.sleb128 26
 384 002c 49       		.uleb128 0x49
 385 002d 13       		.uleb128 0x13
 386 002e 38       		.uleb128 0x38
 387 002f 0B       		.uleb128 0xb
 388 0030 00       		.byte	0
 389 0031 00       		.byte	0
 390 0032 04       		.uleb128 0x4
 391 0033 16       		.uleb128 0x16
 392 0034 00       		.byte	0
 393 0035 03       		.uleb128 0x3
 394 0036 0E       		.uleb128 0xe
 395 0037 3A       		.uleb128 0x3a
 396 0038 0B       		.uleb128 0xb
 397 0039 3B       		.uleb128 0x3b
 398 003a 0B       		.uleb128 0xb
 399 003b 39       		.uleb128 0x39
ARM GAS  /tmp/ccnF60eL.s 			page 8


 400 003c 0B       		.uleb128 0xb
 401 003d 49       		.uleb128 0x49
 402 003e 13       		.uleb128 0x13
 403 003f 00       		.byte	0
 404 0040 00       		.byte	0
 405 0041 05       		.uleb128 0x5
 406 0042 34       		.uleb128 0x34
 407 0043 00       		.byte	0
 408 0044 03       		.uleb128 0x3
 409 0045 08       		.uleb128 0x8
 410 0046 3A       		.uleb128 0x3a
 411 0047 21       		.uleb128 0x21
 412 0048 03       		.sleb128 3
 413 0049 3B       		.uleb128 0x3b
 414 004a 0B       		.uleb128 0xb
 415 004b 39       		.uleb128 0x39
 416 004c 0B       		.uleb128 0xb
 417 004d 49       		.uleb128 0x49
 418 004e 13       		.uleb128 0x13
 419 004f 00       		.byte	0
 420 0050 00       		.byte	0
 421 0051 06       		.uleb128 0x6
 422 0052 2E       		.uleb128 0x2e
 423 0053 00       		.byte	0
 424 0054 3F       		.uleb128 0x3f
 425 0055 19       		.uleb128 0x19
 426 0056 03       		.uleb128 0x3
 427 0057 0E       		.uleb128 0xe
 428 0058 3A       		.uleb128 0x3a
 429 0059 21       		.uleb128 0x21
 430 005a 03       		.sleb128 3
 431 005b 3B       		.uleb128 0x3b
 432 005c 0B       		.uleb128 0xb
 433 005d 39       		.uleb128 0x39
 434 005e 21       		.uleb128 0x21
 435 005f 06       		.sleb128 6
 436 0060 27       		.uleb128 0x27
 437 0061 19       		.uleb128 0x19
 438 0062 00       		.byte	0
 439 0063 00       		.byte	0
 440 0064 07       		.uleb128 0x7
 441 0065 0F       		.uleb128 0xf
 442 0066 00       		.byte	0
 443 0067 0B       		.uleb128 0xb
 444 0068 21       		.uleb128 0x21
 445 0069 04       		.sleb128 4
 446 006a 49       		.uleb128 0x49
 447 006b 13       		.uleb128 0x13
 448 006c 00       		.byte	0
 449 006d 00       		.byte	0
 450 006e 08       		.uleb128 0x8
 451 006f 26       		.uleb128 0x26
 452 0070 00       		.byte	0
 453 0071 49       		.uleb128 0x49
 454 0072 13       		.uleb128 0x13
 455 0073 00       		.byte	0
 456 0074 00       		.byte	0
ARM GAS  /tmp/ccnF60eL.s 			page 9


 457 0075 09       		.uleb128 0x9
 458 0076 11       		.uleb128 0x11
 459 0077 01       		.byte	0x1
 460 0078 25       		.uleb128 0x25
 461 0079 0E       		.uleb128 0xe
 462 007a 13       		.uleb128 0x13
 463 007b 0B       		.uleb128 0xb
 464 007c 03       		.uleb128 0x3
 465 007d 0E       		.uleb128 0xe
 466 007e 1B       		.uleb128 0x1b
 467 007f 0E       		.uleb128 0xe
 468 0080 10       		.uleb128 0x10
 469 0081 17       		.uleb128 0x17
 470 0082 00       		.byte	0
 471 0083 00       		.byte	0
 472 0084 0A       		.uleb128 0xa
 473 0085 24       		.uleb128 0x24
 474 0086 00       		.byte	0
 475 0087 0B       		.uleb128 0xb
 476 0088 0B       		.uleb128 0xb
 477 0089 3E       		.uleb128 0x3e
 478 008a 0B       		.uleb128 0xb
 479 008b 03       		.uleb128 0x3
 480 008c 08       		.uleb128 0x8
 481 008d 00       		.byte	0
 482 008e 00       		.byte	0
 483 008f 0B       		.uleb128 0xb
 484 0090 13       		.uleb128 0x13
 485 0091 01       		.byte	0x1
 486 0092 0B       		.uleb128 0xb
 487 0093 0B       		.uleb128 0xb
 488 0094 3A       		.uleb128 0x3a
 489 0095 0B       		.uleb128 0xb
 490 0096 3B       		.uleb128 0x3b
 491 0097 0B       		.uleb128 0xb
 492 0098 39       		.uleb128 0x39
 493 0099 0B       		.uleb128 0xb
 494 009a 01       		.uleb128 0x1
 495 009b 13       		.uleb128 0x13
 496 009c 00       		.byte	0
 497 009d 00       		.byte	0
 498 009e 0C       		.uleb128 0xc
 499 009f 01       		.uleb128 0x1
 500 00a0 01       		.byte	0x1
 501 00a1 49       		.uleb128 0x49
 502 00a2 13       		.uleb128 0x13
 503 00a3 01       		.uleb128 0x1
 504 00a4 13       		.uleb128 0x13
 505 00a5 00       		.byte	0
 506 00a6 00       		.byte	0
 507 00a7 0D       		.uleb128 0xd
 508 00a8 21       		.uleb128 0x21
 509 00a9 00       		.byte	0
 510 00aa 49       		.uleb128 0x49
 511 00ab 13       		.uleb128 0x13
 512 00ac 2F       		.uleb128 0x2f
 513 00ad 0B       		.uleb128 0xb
ARM GAS  /tmp/ccnF60eL.s 			page 10


 514 00ae 00       		.byte	0
 515 00af 00       		.byte	0
 516 00b0 0E       		.uleb128 0xe
 517 00b1 34       		.uleb128 0x34
 518 00b2 00       		.byte	0
 519 00b3 03       		.uleb128 0x3
 520 00b4 0E       		.uleb128 0xe
 521 00b5 3A       		.uleb128 0x3a
 522 00b6 0B       		.uleb128 0xb
 523 00b7 3B       		.uleb128 0x3b
 524 00b8 0B       		.uleb128 0xb
 525 00b9 39       		.uleb128 0x39
 526 00ba 0B       		.uleb128 0xb
 527 00bb 49       		.uleb128 0x49
 528 00bc 13       		.uleb128 0x13
 529 00bd 00       		.byte	0
 530 00be 00       		.byte	0
 531 00bf 0F       		.uleb128 0xf
 532 00c0 2E       		.uleb128 0x2e
 533 00c1 01       		.byte	0x1
 534 00c2 3F       		.uleb128 0x3f
 535 00c3 19       		.uleb128 0x19
 536 00c4 03       		.uleb128 0x3
 537 00c5 0E       		.uleb128 0xe
 538 00c6 3A       		.uleb128 0x3a
 539 00c7 0B       		.uleb128 0xb
 540 00c8 3B       		.uleb128 0x3b
 541 00c9 0B       		.uleb128 0xb
 542 00ca 39       		.uleb128 0x39
 543 00cb 0B       		.uleb128 0xb
 544 00cc 27       		.uleb128 0x27
 545 00cd 19       		.uleb128 0x19
 546 00ce 01       		.uleb128 0x1
 547 00cf 13       		.uleb128 0x13
 548 00d0 00       		.byte	0
 549 00d1 00       		.byte	0
 550 00d2 10       		.uleb128 0x10
 551 00d3 0B       		.uleb128 0xb
 552 00d4 01       		.byte	0x1
 553 00d5 00       		.byte	0
 554 00d6 00       		.byte	0
 555 00d7 11       		.uleb128 0x11
 556 00d8 2E       		.uleb128 0x2e
 557 00d9 00       		.byte	0
 558 00da 3F       		.uleb128 0x3f
 559 00db 19       		.uleb128 0x19
 560 00dc 03       		.uleb128 0x3
 561 00dd 0E       		.uleb128 0xe
 562 00de 3A       		.uleb128 0x3a
 563 00df 0B       		.uleb128 0xb
 564 00e0 3B       		.uleb128 0x3b
 565 00e1 0B       		.uleb128 0xb
 566 00e2 39       		.uleb128 0x39
 567 00e3 0B       		.uleb128 0xb
 568 00e4 27       		.uleb128 0x27
 569 00e5 19       		.uleb128 0x19
 570 00e6 8701     		.uleb128 0x87
ARM GAS  /tmp/ccnF60eL.s 			page 11


 571 00e8 19       		.uleb128 0x19
 572 00e9 00       		.byte	0
 573 00ea 00       		.byte	0
 574 00eb 00       		.byte	0
 575              		.section	.gnu.debuglto_.debug_line,"e",%progbits
 576              	.Ldebug_line0:
 577 0000 48000000 		.4byte	.LELT0-.LSLT0
 578              	.LSLT0:
 579 0004 0500     		.2byte	0x5
 580 0006 04       		.byte	0x4
 581 0007 00       		.byte	0
 582 0008 40000000 		.4byte	.LELTP0-.LASLTP0
 583              	.LASLTP0:
 584 000c 01       		.byte	0x1
 585 000d 01       		.byte	0x1
 586 000e 01       		.byte	0x1
 587 000f F6       		.byte	0xf6
 588 0010 F2       		.byte	0xf2
 589 0011 0D       		.byte	0xd
 590 0012 00       		.byte	0
 591 0013 01       		.byte	0x1
 592 0014 01       		.byte	0x1
 593 0015 01       		.byte	0x1
 594 0016 01       		.byte	0x1
 595 0017 00       		.byte	0
 596 0018 00       		.byte	0
 597 0019 00       		.byte	0
 598 001a 01       		.byte	0x1
 599 001b 00       		.byte	0
 600 001c 00       		.byte	0
 601 001d 01       		.byte	0x1
 602 001e 01       		.byte	0x1
 603 001f 01       		.uleb128 0x1
 604 0020 1F       		.uleb128 0x1f
 605 0021 04       		.uleb128 0x4
 606 0022 67010000 		.4byte	.LASF57
 607 0026 2F010000 		.4byte	.LASF58
 608 002a C6000000 		.4byte	.LASF59
 609 002e 46000000 		.4byte	.LASF60
 610 0032 02       		.byte	0x2
 611 0033 01       		.uleb128 0x1
 612 0034 1F       		.uleb128 0x1f
 613 0035 02       		.uleb128 0x2
 614 0036 0B       		.uleb128 0xb
 615 0037 04       		.uleb128 0x4
 616 0038 07000000 		.4byte	.LASF61
 617 003c 00       		.byte	0
 618 003d B5000000 		.4byte	.LASF62
 619 0041 02       		.byte	0x2
 620 0042 AB000000 		.4byte	.LASF63
 621 0046 03       		.byte	0x3
 622 0047 00000000 		.4byte	.LASF64
 623 004b 01       		.byte	0x1
 624              	.LELTP0:
 625              	.LELT0:
 626              		.section	.gnu.debuglto_.debug_str,"eMS",%progbits,1
 627              	.LASF6:
ARM GAS  /tmp/ccnF60eL.s 			page 12


 628 0000 6C6F6E67 		.ascii	"long long int\000"
 628      206C6F6E 
 628      6720696E 
 628      7400
 629              	.LASF55:
 630 000e 5F5F696E 		.ascii	"__init_ram_areas\000"
 630      69745F72 
 630      616D5F61 
 630      72656173 
 630      00
 631              	.LASF25:
 632 001f 5F5F7261 		.ascii	"__ram2_init__\000"
 632      6D325F69 
 632      6E69745F 
 632      5F00
 633              	.LASF45:
 634 002d 5F5F7261 		.ascii	"__ram7_init__\000"
 634      6D375F69 
 634      6E69745F 
 634      5F00
 635              	.LASF19:
 636 003b 5F5F7261 		.ascii	"__ram0_noinit__\000"
 636      6D305F6E 
 636      6F696E69 
 636      745F5F00 
 637              	.LASF47:
 638 004b 5F5F7261 		.ascii	"__ram7_noinit__\000"
 638      6D375F6E 
 638      6F696E69 
 638      745F5F00 
 639              	.LASF12:
 640 005b 696E6974 		.ascii	"init_area\000"
 640      5F617265 
 640      6100
 641              	.LASF48:
 642 0065 72616D5F 		.ascii	"ram_areas\000"
 642      61726561 
 642      7300
 643              	.LASF16:
 644 006f 5F5F7261 		.ascii	"__ram0_init_text__\000"
 644      6D305F69 
 644      6E69745F 
 644      74657874 
 644      5F5F00
 645              	.LASF3:
 646 0082 73686F72 		.ascii	"short unsigned int\000"
 646      7420756E 
 646      7369676E 
 646      65642069 
 646      6E7400
 647              	.LASF51:
 648 0095 5F5F6370 		.ascii	"__cpu_init\000"
 648      755F696E 
 648      697400
 649              	.LASF21:
 650 00a0 5F5F7261 		.ascii	"__ram1_init__\000"
 650      6D315F69 
ARM GAS  /tmp/ccnF60eL.s 			page 13


 650      6E69745F 
 650      5F00
 651              	.LASF41:
 652 00ae 5F5F7261 		.ascii	"__ram6_init__\000"
 652      6D365F69 
 652      6E69745F 
 652      5F00
 653              	.LASF40:
 654 00bc 5F5F7261 		.ascii	"__ram6_init_text__\000"
 654      6D365F69 
 654      6E69745F 
 654      74657874 
 654      5F5F00
 655              	.LASF30:
 656 00cf 5F5F7261 		.ascii	"__ram3_clear__\000"
 656      6D335F63 
 656      6C656172 
 656      5F5F00
 657              	.LASF43:
 658 00de 5F5F7261 		.ascii	"__ram6_noinit__\000"
 658      6D365F6E 
 658      6F696E69 
 658      745F5F00 
 659              	.LASF28:
 660 00ee 5F5F7261 		.ascii	"__ram3_init_text__\000"
 660      6D335F69 
 660      6E69745F 
 660      74657874 
 660      5F5F00
 661              	.LASF13:
 662 0101 636C6561 		.ascii	"clear_area\000"
 662      725F6172 
 662      656100
 663              	.LASF49:
 664 010c 5F5F6C61 		.ascii	"__late_init\000"
 664      74655F69 
 664      6E697400 
 665              	.LASF42:
 666 0118 5F5F7261 		.ascii	"__ram6_clear__\000"
 666      6D365F63 
 666      6C656172 
 666      5F5F00
 667              	.LASF5:
 668 0127 6C6F6E67 		.ascii	"long unsigned int\000"
 668      20756E73 
 668      69676E65 
 668      6420696E 
 668      7400
 669              	.LASF17:
 670 0139 5F5F7261 		.ascii	"__ram0_init__\000"
 670      6D305F69 
 670      6E69745F 
 670      5F00
 671              	.LASF37:
 672 0147 5F5F7261 		.ascii	"__ram5_init__\000"
 672      6D355F69 
 672      6E69745F 
ARM GAS  /tmp/ccnF60eL.s 			page 14


 672      5F00
 673              	.LASF22:
 674 0155 5F5F7261 		.ascii	"__ram1_clear__\000"
 674      6D315F63 
 674      6C656172 
 674      5F5F00
 675              	.LASF39:
 676 0164 5F5F7261 		.ascii	"__ram5_noinit__\000"
 676      6D355F6E 
 676      6F696E69 
 676      745F5F00 
 677              	.LASF29:
 678 0174 5F5F7261 		.ascii	"__ram3_init__\000"
 678      6D335F69 
 678      6E69745F 
 678      5F00
 679              	.LASF1:
 680 0182 756E7369 		.ascii	"unsigned char\000"
 680      676E6564 
 680      20636861 
 680      7200
 681              	.LASF56:
 682 0190 5F5F6465 		.ascii	"__default_exit\000"
 682      6661756C 
 682      745F6578 
 682      697400
 683              	.LASF24:
 684 019f 5F5F7261 		.ascii	"__ram2_init_text__\000"
 684      6D325F69 
 684      6E69745F 
 684      74657874 
 684      5F5F00
 685              	.LASF9:
 686 01b2 5F5F7569 		.ascii	"__uint32_t\000"
 686      6E743332 
 686      5F7400
 687              	.LASF15:
 688 01bd 72616D5F 		.ascii	"ram_init_area_t\000"
 688      696E6974 
 688      5F617265 
 688      615F7400 
 689              	.LASF36:
 690 01cd 5F5F7261 		.ascii	"__ram5_init_text__\000"
 690      6D355F69 
 690      6E69745F 
 690      74657874 
 690      5F5F00
 691              	.LASF46:
 692 01e0 5F5F7261 		.ascii	"__ram7_clear__\000"
 692      6D375F63 
 692      6C656172 
 692      5F5F00
 693              	.LASF33:
 694 01ef 5F5F7261 		.ascii	"__ram4_init__\000"
 694      6D345F69 
 694      6E69745F 
 694      5F00
ARM GAS  /tmp/ccnF60eL.s 			page 15


 695              	.LASF34:
 696 01fd 5F5F7261 		.ascii	"__ram4_clear__\000"
 696      6D345F63 
 696      6C656172 
 696      5F5F00
 697              	.LASF35:
 698 020c 5F5F7261 		.ascii	"__ram4_noinit__\000"
 698      6D345F6E 
 698      6F696E69 
 698      745F5F00 
 699              	.LASF8:
 700 021c 756E7369 		.ascii	"unsigned int\000"
 700      676E6564 
 700      20696E74 
 700      00
 701              	.LASF7:
 702 0229 6C6F6E67 		.ascii	"long long unsigned int\000"
 702      206C6F6E 
 702      6720756E 
 702      7369676E 
 702      65642069 
 703              	.LASF44:
 704 0240 5F5F7261 		.ascii	"__ram7_init_text__\000"
 704      6D375F69 
 704      6E69745F 
 704      74657874 
 704      5F5F00
 705              	.LASF50:
 706 0253 5F5F6561 		.ascii	"__early_init\000"
 706      726C795F 
 706      696E6974 
 706      00
 707              	.LASF14:
 708 0260 6E6F5F69 		.ascii	"no_init_area\000"
 708      6E69745F 
 708      61726561 
 708      00
 709              	.LASF31:
 710 026d 5F5F7261 		.ascii	"__ram3_noinit__\000"
 710      6D335F6E 
 710      6F696E69 
 710      745F5F00 
 711              	.LASF53:
 712 027d 2E2E2F2E 		.ascii	"../../../ChibiOS/os/common/startup/ARMCMx/compilers"
 712      2E2F2E2E 
 712      2F436869 
 712      62694F53 
 712      2F6F732F 
 713 02b0 2F474343 		.ascii	"/GCC/crt1.c\000"
 713      2F637274 
 713      312E6300 
 714              	.LASF27:
 715 02bc 5F5F7261 		.ascii	"__ram2_noinit__\000"
 715      6D325F6E 
 715      6F696E69 
 715      745F5F00 
 716              	.LASF20:
ARM GAS  /tmp/ccnF60eL.s 			page 16


 717 02cc 5F5F7261 		.ascii	"__ram1_init_text__\000"
 717      6D315F69 
 717      6E69745F 
 717      74657874 
 717      5F5F00
 718              	.LASF26:
 719 02df 5F5F7261 		.ascii	"__ram2_clear__\000"
 719      6D325F63 
 719      6C656172 
 719      5F5F00
 720              	.LASF32:
 721 02ee 5F5F7261 		.ascii	"__ram4_init_text__\000"
 721      6D345F69 
 721      6E69745F 
 721      74657874 
 721      5F5F00
 722              	.LASF2:
 723 0301 73686F72 		.ascii	"short int\000"
 723      7420696E 
 723      7400
 724              	.LASF11:
 725 030b 696E6974 		.ascii	"init_text_area\000"
 725      5F746578 
 725      745F6172 
 725      656100
 726              	.LASF18:
 727 031a 5F5F7261 		.ascii	"__ram0_clear__\000"
 727      6D305F63 
 727      6C656172 
 727      5F5F00
 728              	.LASF52:
 729 0329 474E5520 		.ascii	"GNU C17 11.3.1 20220712 -mcpu=cortex-m0 -mthumb -mf"
 729      43313720 
 729      31312E33 
 729      2E312032 
 729      30323230 
 730 035c 6C6F6174 		.ascii	"loat-abi=soft -march=armv6s-m -ggdb -Os -fomit-fram"
 730      2D616269 
 730      3D736F66 
 730      74202D6D 
 730      61726368 
 731 038f 652D706F 		.ascii	"e-pointer -falign-functions=16 -fsingle-precision-c"
 731      696E7465 
 731      72202D66 
 731      616C6967 
 731      6E2D6675 
 732 03c2 6F6E7374 		.ascii	"onstant -ffunction-sections -fdata-sections -fno-co"
 732      616E7420 
 732      2D666675 
 732      6E637469 
 732      6F6E2D73 
 733 03f5 6D6D6F6E 		.ascii	"mmon -flto\000"
 733      202D666C 
 733      746F00
 734              	.LASF10:
 735 0400 75696E74 		.ascii	"uint32_t\000"
 735      33325F74 
ARM GAS  /tmp/ccnF60eL.s 			page 17


 735      00
 736              	.LASF4:
 737 0409 6C6F6E67 		.ascii	"long int\000"
 737      20696E74 
 737      00
 738              	.LASF23:
 739 0412 5F5F7261 		.ascii	"__ram1_noinit__\000"
 739      6D315F6E 
 739      6F696E69 
 739      745F5F00 
 740              	.LASF0:
 741 0422 7369676E 		.ascii	"signed char\000"
 741      65642063 
 741      68617200 
 742              	.LASF38:
 743 042e 5F5F7261 		.ascii	"__ram5_clear__\000"
 743      6D355F63 
 743      6C656172 
 743      5F5F00
 744              	.LASF54:
 745 043d 2F686F6D 		.ascii	"/home/kocur/wideband-2311-f0_addon/firmware/boards/"
 745      652F6B6F 
 745      6375722F 
 745      77696465 
 745      62616E64 
 746 0470 66305F61 		.ascii	"f0_addon/bootloader\000"
 746      64646F6E 
 746      2F626F6F 
 746      746C6F61 
 746      64657200 
 747              		.section	.gnu.debuglto_.debug_line_str,"eMS",%progbits,1
 748              	.LASF64:
 749 0000 63727431 		.ascii	"crt1.c\000"
 749      2E6300
 750              	.LASF61:
 751 0007 2E2E2F2E 		.ascii	"../../../ChibiOS/os/common/startup/ARMCMx/compilers"
 751      2E2F2E2E 
 751      2F436869 
 751      62694F53 
 751      2F6F732F 
 752 003a 2F474343 		.ascii	"/GCC/crt1.c\000"
 752      2F637274 
 752      312E6300 
 753              	.LASF60:
 754 0046 2F686F6D 		.ascii	"/home/kocur/.rusefi-tools/arm-gnu-toolchain-11.3.re"
 754      652F6B6F 
 754      6375722F 
 754      2E727573 
 754      6566692D 
 755 0079 6C312D78 		.ascii	"l1-x86_64-arm-none-eabi/arm-none-eabi/include/sys\000"
 755      38365F36 
 755      342D6172 
 755      6D2D6E6F 
 755      6E652D65 
 756              	.LASF63:
 757 00ab 5F737464 		.ascii	"_stdint.h\000"
 757      696E742E 
ARM GAS  /tmp/ccnF60eL.s 			page 18


 757      6800
 758              	.LASF62:
 759 00b5 5F646566 		.ascii	"_default_types.h\000"
 759      61756C74 
 759      5F747970 
 759      65732E68 
 759      00
 760              	.LASF59:
 761 00c6 2F686F6D 		.ascii	"/home/kocur/.rusefi-tools/arm-gnu-toolchain-11.3.re"
 761      652F6B6F 
 761      6375722F 
 761      2E727573 
 761      6566692D 
 762 00f9 6C312D78 		.ascii	"l1-x86_64-arm-none-eabi/arm-none-eabi/include/machi"
 762      38365F36 
 762      342D6172 
 762      6D2D6E6F 
 762      6E652D65 
 763 012c 6E6500   		.ascii	"ne\000"
 764              	.LASF58:
 765 012f 2E2E2F2E 		.ascii	"../../../ChibiOS/os/common/startup/ARMCMx/compilers"
 765      2E2F2E2E 
 765      2F436869 
 765      62694F53 
 765      2F6F732F 
 766 0162 2F474343 		.ascii	"/GCC\000"
 766      00
 767              	.LASF57:
 768 0167 2F686F6D 		.ascii	"/home/kocur/wideband-2311-f0_addon/firmware/boards/"
 768      652F6B6F 
 768      6375722F 
 768      77696465 
 768      62616E64 
 769 019a 66305F61 		.ascii	"f0_addon/bootloader\000"
 769      64646F6E 
 769      2F626F6F 
 769      746C6F61 
 769      64657200 
 770              		.text
 771              		.section	.gnu.lto_.profile.632f2d7208d00a25,"e",%progbits
 772 0000 789C6362 		.ascii	"x\234cb\000\001\000\000\022\000\003"
 772      00010000 
 772      120003
 773              		.text
 774              		.section	.gnu.lto_.icf.632f2d7208d00a25,"e",%progbits
 775 0000 789C7367 		.ascii	"x\234sg@\0006\206\377+\037,\341e`\204PL\020\212y\341"
 775      40003686 
 775      FF2B1F2C 
 775      E1656084 
 775      504C108A 
 776 0016 865D3D8C 		.ascii	"\206]=\214\014,\317\337\037\270\314\317\307\304\300"
 776      0C2CCFDF 
 776      1FB8CCCF 
 776      C7C4C0
 777 0025 C408C630 		.ascii	"\304\010\3060\000c\003i\326\373wv\376fc\000\000{\332"
 777      00630369 
 777      D6FB7776 
ARM GAS  /tmp/ccnF60eL.s 			page 19


 777      FE666300 
 777      007BDA
 778 0038 13C7     		.ascii	"\023\307"
 779              		.text
 780              		.section	.gnu.lto_.ipa_sra.632f2d7208d00a25,"e",%progbits
 781 0000 789C1364 		.ascii	"x\234\023d@\000V\006\006FF\006F&\006Ff\006F\026\006"
 781      40005606 
 781      06464606 
 781      46260646 
 781      66064616 
 782 0015 46060002 		.ascii	"F\006\000\002\315\000&"
 782      CD0026
 783              		.text
 784              		.section	.gnu.lto_.inline.632f2d7208d00a25,"e",%progbits
 785 0000 789CDBC8 		.ascii	"x\234\333\310\200\000\254\014\014\314\015@\300\224\302"
 785      8000AC0C 
 785      0CCC0D40 
 785      C094C2
 786 000f C8C0C4C0 		.ascii	"\310\300\304\300\320\010d\32610\260A\204\230@B\014\014"
 786      D00864D6 
 786      3130B041 
 786      84984042 
 786      0C0C
 787 0021 8C849530 		.ascii	"\214\204\2250\021V\302\014\244\300\022\310JX \014\250"
 787      1156C20C 
 787      A4C012C8 
 787      4A58200C 
 787      A8
 788 0032 12160691 		.ascii	"\022\026\006\221wG\327md\316\001*Q\002\26260\347\240"
 788      7747D76D 
 788      64CE012A 
 788      5102B236 
 788      30E7A0
 789 0045 9BC20000 		.ascii	"\233\302\000\000\340\263(\006"
 789      E0B32806 
 790              		.text
 791              		.section	.gnu.lto_.jmpfuncs.632f2d7208d00a25,"e",%progbits
 792 0000 789C1364 		.ascii	"x\234\023d@\000V fd``b``f``\001r\000\002\245\000!"
 792      40005620 
 792      66646060 
 792      62606066 
 792      60600172 
 793              		.text
 794              		.section	.gnu.lto_.pureconst.632f2d7208d00a25,"e",%progbits
 795 0000 789C1360 		.ascii	"x\234\023````e\230\301\3028\203\205i\006\013\363\026"
 795      60606065 
 795      98C1C238 
 795      83856906 
 795      0BF316
 796 0013 1696592C 		.ascii	"\026\226Y,\000\032\274\003J"
 796      001ABC03 
 796      4A
 797              		.text
 798              		.section	.gnu.lto_.ipa_modref.632f2d7208d00a25,"e",%progbits
 799 0000 789C8B66 		.ascii	"x\234\213f@\000V\006\006\005\001\001(\301\300\210\314"
 799      40005606 
 799      06050101 
ARM GAS  /tmp/ccnF60eL.s 			page 20


 799      28C1C088 
 799      CC
 800 0011 6142E630 		.ascii	"aB\3460#sX\3004\023\0233\003#\023\013#\003\023+\220"
 800      237358C0 
 800      34131333 
 800      0323130B 
 800      2303132B 
 801 0026 6685E865 		.ascii	"f\205\350e\204q\030\030\000\273\021\003\033"
 801      84711818 
 801      00BB1103 
 801      1B
 802              		.text
 803              		.section	.gnu.lto_.lto.632f2d7208d00a25,"e",%progbits
 804 0000 0B000300 		.ascii	"\013\000\003\000\001\000\000\000"
 804      01000000 
 805              		.text
 806              		.section	.gnu.lto_ram_areas.40.632f2d7208d00a25,"e",%progbits
 807 0000 789C4DCE 		.ascii	"x\234M\316MO\023Q\024\006\340y\213\245KX\340\316\237"
 807      4D4F1351 
 807      1406E079 
 807      8BA54B58 
 807      E0CE9F
 808 0013 20BDD6B2 		.ascii	" \275\326\262'db\032c\032\242\304\020cL\231\316\014"
 808      2764621A 
 808      631AA2C4 
 808      10634C99 
 808      CE0C
 809 0025 32A1B787 		.ascii	"2\241\267\207\231iS\2111\267\351J\375\021$\260r\337"
 809      99695389 
 809      31B7E94A 
 809      FD1124B0 
 809      72DF
 810 0037 18280805 		.ascii	"\030(\010\005E\361[T\024\277\000?0\2720\270u\301\302"
 810      45F15B54 
 810      14BF003F 
 810      30BA30B8 
 810      75C1C2
 811 004a D1619873 		.ascii	"\321a\230ss\027'\3579y\3626\022\232vC\013_\0227\321"
 811      731727EF 
 811      3979F236 
 811      129A7643 
 811      0B5F1237 
 812 005f A8D7F767 		.ascii	"\250\327\367g\232\353S=)u-\012~\036WW\017\347cj2\232"
 812      9AEB533D 
 812      29752D0A 
 812      7E1E5757 
 812      0FE7636A 
 813 0075 6F25542D 		.ascii	"o%T-\230\373\033\327\353\335U\177\036n\0134\0079\213"
 813      98FB1BD7 
 813      EBDD557F 
 813      1E6E0B34 
 813      07398B
 814 0088 243A8F22 		.ascii	"$:\217\"up\365\347\367t\227\032g\226\303\254\313\314"
 814      7570F5E7 
 814      F774971A 
 814      6796C3AC 
 814      CBCC
ARM GAS  /tmp/ccnF60eL.s 			page 21


 815 009a B2636B19 		.ascii	"\262ck\031n\033\264\004\271\030Z\235\007Ws{\201e2\313"
 815      6E1BB404 
 815      B9185A9D 
 815      0757737B 
 815      816532CB 
 816 00ae 60568159 		.ascii	"`V\201Y\227b\353\001\334\373\240U\310{\241\225\214z"
 816      9762EB01 
 816      DCFBA055 
 816      C87BA195 
 816      8C7A
 817 00c0 FD0AAC8B 		.ascii	"\375\012\254\213\314\272\300\254af\235\217\255\247p"
 817      CCBAC0AC 
 817      61669D8F 
 817      ADA770
 818 00cf 9F801E43 		.ascii	"\237\200\036C>\012\255#Q\257\037\2015\304\254\263\314"
 818      3E0AAD23 
 818      51AF1F81 
 818      35C4ACB3 
 818      CC
 819 00e0 1A64563E 		.ascii	"\032dV>\266^\301}\011Z\207|\021Z\035Q\257\357\201u\206"
 819      B65EC17D 
 819      095A877C 
 819      115A1D51 
 819      AFEF8175 
 820 00f5 59A79995 		.ascii	"Y\247\231\225c\326\251\330z\007w\023\364\026\362Mh%"
 820      63D6A9D8 
 820      7A077713 
 820      F416F24D 
 820      6825
 821 0107 A25EBB81 		.ascii	"\242^\273\201\2453k\200Ym\305\260E\025k\333p\267@\237"
 821      A5336B80 
 821      596DC5B0 
 821      45156BDB 
 821      70B7409F 
 822 011b 203F2272 		.ascii	" ?\"rv\002gA1\250\245\2304\313\245\333L\372\006\367"
 822      76026741 
 822      31A8A598 
 822      34CBA5DB 
 822      4CFA06F7 
 823 012f 2BE80BE4 		.ascii	"+\350\013\344\347\377\311HSew\321\267\203\017x\217\015"
 823      E7FFC948 
 823      536577D1 
 823      B7830F78 
 823      8F0D
 824 0141 BCC6733C 		.ascii	"\274\306s<\303C\254\341.Vp\007\013\320rb\214\244-\306"
 824      C343ACE1 
 824      2E567007 
 824      0BD07262 
 824      8CA42DC6 
 825 0155 C9AC7AA2 		.ascii	"\311\254z\242\346Xv\321([\275'\263\231L\357\350\211"
 825      E65876D1 
 825      285BBD27 
 825      B3994CEF 
 825      E889
 826 0167 82615954 		.ascii	"\202aYT\026\243\216'k\206g\213\"\031\236\345\213\303"
 826      16A38E27 
 826      6B86678B 
ARM GAS  /tmp/ccnF60eL.s 			page 22


 826      22199EE5 
 826      8BC3
 827 0179 4591A852 		.ascii	"E\221\250R\"\303\262=\255?\235\026\341\327\307\234\242"
 827      22C3B23D 
 827      AD3F9D16 
 827      E1D7C79C 
 827      A2
 828 018a 333824C8 		.ascii	"38$\310\027&I\031\234\371\025\303\253T'\304\300\271"
 828      17264919 
 828      9CF915C3 
 828      AB5427C4 
 828      C0B9
 829 019c BC9EBFF2 		.ascii	"\274\236\277\362/\235pJ\266\347\213\234\256\013\323"
 829      2F9D704A 
 829      B6E78B9C 
 829      AE0BD3
 830 01ab AB64D2A6 		.ascii	"\253d\322\246\366\027\226\230\007\250"
 830      F6179698 
 830      07A8
 831              		.text
 832              		.section	.gnu.lto___cpu_init.41.632f2d7208d00a25,"e",%progbits
 833 0000 789CCB67 		.ascii	"x\234\313g``\350\004be fdf`\2344\261\213\211\241\241"
 833      6060E804 
 833      62652066 
 833      6466609C 
 833      34B18B89 
 834 0016 A1C1819D 		.ascii	"\241\301\201\235\211\261qb\027'\343vF0\217\221\241\236"
 834      89B17162 
 834      1727E376 
 834      46308F91 
 834      A19E
 835 0028 89B19E71 		.ascii	"\211\261\236q!\263>\220\373\343\350\263\011\227%\032"
 835      21B33E90 
 835      FBE3E8B3 
 835      0997251A 
 836 0038 561C607C 		.ascii	"V\034`|\305\300P\317\000\005\334\0206#\020\257\277\304"
 836      C5C050CF 
 836      0005DC10 
 836      362310AF 
 836      BFC4
 837 004a 7AA0E1CF 		.ascii	"z\240\341\317\377\376\206\206\277\217\030\347\25321"
 837      FFFE8686 
 837      BF8F18E7 
 837      AB3231
 838 0059 30CC6306 		.ascii	"0\314c\006\231\332\300\302\330p\200\201a>3\023\204\323"
 838      99DAC0C2 
 838      D8708081 
 838      613E3313 
 838      84D3
 839 006b 08E47C67 		.ascii	"\010\344|gjPb\370\317\324\244\0006d\0363#B\035\003\203"
 839      6A5062F8 
 839      CFD4A400 
 839      36641E33 
 839      23421D03 
 840 0080 BB7E467E 		.ascii	"\273~F~n\252~v~ri\221~yfJjRb^\212\256\221\261\241\241"
 840      6EAA7E76 
 840      7E726991 
ARM GAS  /tmp/ccnF60eL.s 			page 23


 840      7E79664A 
 840      6A52625E 
 841 009a 6E9A417C 		.ascii	"n\232A|bJJ~\236~ZfQnybQ\252~R~bQJ\261>\\\")?\277$'?"
 841      624A4A7E 
 841      9E7E5A66 
 841      516E7962 
 841      51AA7E52 
 842 00bc 3125B588 		.ascii	"1%\265\210\301^OO\037\202\23432\2232\375\203\365\363"
 842      C15E4F4F 
 842      1F829C33 
 842      329332FD 
 842      83F5F3
 843 00cf 8BF593F3 		.ascii	"\213\365\223\363ss\201\312\212K\022\213JJ\013\364\035"
 843      737381CA 
 843      8A4B128B 
 843      4A4A0BF4 
 843      1D
 844 00e0 837C9D7D 		.ascii	"\203|\235}+@\242\005\2319\251E\305\372\356\316\316\372"
 844      2B40A205 
 844      9939A945 
 844      C5FAEECE 
 844      CEFA
 845 00f2 C9452586 		.ascii	"\311E%\206z\311\014\000?'Zf"
 845      7AC90C00 
 845      3F275A66 
 846              		.text
 847              		.section	.gnu.lto___early_init.42.632f2d7208d00a25,"e",%progbits
 848 0000 789CCB63 		.ascii	"x\234\313c``\350\004be fdf`\2344\261\213\211\241\241"
 848      6060E804 
 848      62652066 
 848      6466609C 
 848      34B18B89 
 849 0016 A1C1819D 		.ascii	"\241\301\201\235\211\261qb\027'\343vF0\217\221\241\236"
 849      89B17162 
 849      1727E376 
 849      46308F91 
 849      A19E
 850 0028 89B19E71 		.ascii	"\211\261\236q!\263>\220\373\343\350\263\003\327%\032"
 850      21B33E90 
 850      FBE3E8B3 
 850      03D7251A 
 851 0038 561C607C 		.ascii	"V\034`|\305\300P\317\000\005\334\0206#\020\257\277\304"
 851      C5C050CF 
 851      0005DC10 
 851      362310AF 
 851      BFC4
 852 004a 7AA0E1CF 		.ascii	"z\240\341\317\377\376\206\206\263\213\031\255\230\030"
 852      FFFE8686 
 852      B38B19AD 
 852      9818
 853 0058 18E63183 		.ascii	"\030\3461\203\014m`al8\300\3000\237\231\011\302i\004"
 853      0C6D6061 
 853      6C38C0C0 
 853      309F9909 
 853      C26904
 854 006b 72BE3335 		.ascii	"r\27635(1\374gjR\000\2331\217\231\021\241\216\201\301"
 854      2831FC67 
ARM GAS  /tmp/ccnF60eL.s 			page 24


 854      6A52009B 
 854      318F9911 
 854      A18E81C1 
 855 007f 5D3F233F 		.ascii	"]?#?7U?;?\271\264H\277<3%5)1/E\327\310\330\320P7\315"
 855      37553F3B 
 855      3FB9B448 
 855      BF3C3325 
 855      3529312F 
 856 009b 203E3125 		.ascii	" >1%%?O?-\263(\267<\261(U?)?\261(\245X\037.\221\224"
 856      253F4F3F 
 856      2DB328B7 
 856      3CB12855 
 856      3F293FB1 
 857 00b6 9F5F9293 		.ascii	"\237_\222\223\237\230\222Z\304`\257\247\247\017A\316"
 857      9F98925A 
 857      C460AFA7 
 857      A70F41CE 
 858 00c6 19994999 		.ascii	"\031\231I\231\376\301\372\371\305\372\311\371\271\271"
 858      FEC1FAF9 
 858      C5FAC9F9 
 858      B9B9
 859 00d4 4065C525 		.ascii	"@e\305%\211E%\245\005\372\216A\276\316\276\025 \321"
 859      894525A5 
 859      05FA8E41 
 859      BECEBE15 
 859      20D1
 860 00e6 82CC9CD4 		.ascii	"\202\314\234\324\242b}wgg\375\344\242\022C\275d\006"
 860      A2627D77 
 860      6767FDE4 
 860      A21243BD 
 860      6406
 861 00f8 0092AE59 		.ascii	"\000\222\256Y\240"
 861      A0
 862              		.text
 863              		.section	.gnu.lto___late_init.43.632f2d7208d00a25,"e",%progbits
 864 0000 789CCB63 		.ascii	"x\234\313c``\350\004be fdf`\2344\261\213\211\241\241"
 864      6060E804 
 864      62652066 
 864      6466609C 
 864      34B18B89 
 865 0016 A1C1819D 		.ascii	"\241\301\201\235\211\261qb\027'\343vF0\217\221\241\236"
 865      89B17162 
 865      1727E376 
 865      46308F91 
 865      A19E
 866 0028 89B19E71 		.ascii	"\211\261\236q!\263>\220\373\343\350\263\005\267%\032"
 866      21B33E90 
 866      FBE3E8B3 
 866      05B7251A 
 867 0038 561C607C 		.ascii	"V\034`|\305\300P\317\000\005\334\0206#\020\257\277\304"
 867      C5C050CF 
 867      0005DC10 
 867      362310AF 
 867      BFC4
 868 004a 7AA0E1CF 		.ascii	"z\240\341\317\377\376\206\206\243\213\031-\231\030\030"
 868      FFFE8686 
 868      A38B192D 
ARM GAS  /tmp/ccnF60eL.s 			page 25


 868      991818
 869 0059 E631830C 		.ascii	"\3461\203\014m`al8\300\3000\237\231\011\302i\004r\276"
 869      6D60616C 
 869      38C0C030 
 869      9F9909C2 
 869      690472BE 
 870 006d 33352831 		.ascii	"35(1\374gjR\000\2331\217\231\021\241\216\201\301]?#"
 870      FC676A52 
 870      009B318F 
 870      9911A18E 
 870      81C15D3F 
 871 0082 3F37553F 		.ascii	"?7U?;?\271\264H\277<3%5)1/E\327\310\330\320P7\315 >"
 871      3B3FB9B4 
 871      48BF3C33 
 871      25352931 
 871      2F45D7C8 
 872 009d 3125253F 		.ascii	"1%%?O?-\263(\267<\261(U?)?\261(\245X\037.\221\224\237"
 872      4F3F2DB3 
 872      28B73CB1 
 872      28553F29 
 872      3FB128A5 
 873 00b7 5F92939F 		.ascii	"_\222\223\237\230\222Z\304`\257\247\247\017A\316\031"
 873      98925AC4 
 873      60AFA7A7 
 873      0F41CE19 
 874 00c7 994999FE 		.ascii	"\231I\231\376\301\372\371\305\372\311\371\271\271@e"
 874      C1FAF9C5 
 874      FAC9F9B9 
 874      B94065
 875 00d6 C5258945 		.ascii	"\305%\211E%\245\005\372\216A\276\316\276\025 \321\202"
 875      25A505FA 
 875      8E41BECE 
 875      BE1520D1 
 875      82
 876 00e7 CC9CD4A2 		.ascii	"\314\234\324\242b}wgg\375\344\242\022C\275d\006\000"
 876      627D7767 
 876      67FDE4A2 
 876      1243BD64 
 876      0600
 877 00f9 71AF597B 		.ascii	"q\257Y{"
 878              		.text
 879              		.section	.gnu.lto___default_exit.44.632f2d7208d00a25,"e",%progbits
 880 0000 789CEB65 		.ascii	"x\234\353e``\350\004b\007 fde`\2344\261\213\211\241"
 880      6060E804 
 880      62072066 
 880      6465609C 
 880      34B18B89 
 881 0015 A1A1C181 		.ascii	"\241\241\301\201\235\211q\362D.0\213\231q\012\224\305"
 881      9D8971F2 
 881      442E308B 
 881      99710A94 
 881      C5
 882 0026 C238D910 		.ascii	"\3028\331\020\314`d\250gbfa\004\022\014\010\260\220"
 882      CC6064A8 
 882      67626661 
 882      04120C08 
 882      B090
ARM GAS  /tmp/ccnF60eL.s 			page 26


 883 0038 591F28F9 		.ascii	"Y\037(\371\343\350\263\017w%\032V\034`|\305\300P\017"
 883      E3E8B30F 
 883      77251A56 
 883      1C607CC5 
 883      C0500F
 884 004b 93E386B0 		.ascii	"\223\343\206\260\031\201x\375%\326\003\015\177\376\367"
 884      198178FD 
 884      25D6030D 
 884      7FFEF7
 885 005a 3734DC7D 		.ascii	"74\334}\314\370G\025(4\217\231\341\310\373\016V\306"
 885      CCF84715 
 885      28348F99 
 885      E1C8FB0E 
 885      56C6
 886 006c 86032036 		.ascii	"\206\003 6\023\230\335\010d\317gf\006\032\330\300\002"
 886      1398DD08 
 886      64CF6766 
 886      061AD8C0 
 886      02
 887 007d E2307E67 		.ascii	"\3420~gjx\364\3654'\343vF\006\020\363\0337\003D\204"
 887      6A78F4F5 
 887      3427E376 
 887      460610F3 
 887      1B370344 
 888 0092 8701A489 		.ascii	"\207\001\244\211\005\242\220\021\310dd`\007\331\350"
 888      05A29011 
 888      C8646460 
 888      07D9E8
 889 00a1 AE9F919F 		.ascii	"\256\237\221\237\233\252\237\235\237\\Z\244_\236\231"
 889      9BAA9F9D 
 889      9F5C5AA4 
 889      5F9E99
 890 00b0 929A9498 		.ascii	"\222\232\224\230\227\242kdlh\250\233f\020\237\230\222"
 890      97A26B64 
 890      6C68A89B 
 890      66109F98 
 890      92
 891 00c1 929FA79F 		.ascii	"\222\237\247\237\226Y\224[\236X\224\252\237\224\237"
 891      9659945B 
 891      9E5894AA 
 891      9F949F
 892 00d0 589452AC 		.ascii	"X\224R\254\017\227H\312\317/\311\311OLI-b\260\327\323"
 892      0F9748CA 
 892      CF2FC9C9 
 892      4F4C492D 
 892      62B0D7D3 
 893 00e4 D38720E7 		.ascii	"\323\207 \347\214\314\244L\377`\375\374b\375\344\374"
 893      8CCCA44C 
 893      FF60FDFC 
 893      62FDE4FC 
 894 00f4 DC5CA0B2 		.ascii	"\334\\\240\262\342\222\304\242\222\322\002}\307 _g\337"
 894      E292C4A2 
 894      92D2027D 
 894      C7205F67 
 894      DF
 895 0105 0A906841 		.ascii	"\012\220hAfNjQ\261\276\273\263\263~rQ\211\241^2\003"
 895      664E6A51 
ARM GAS  /tmp/ccnF60eL.s 			page 27


 895      B1BEBBB3 
 895      B37E7251 
 895      89A15E32 
 896 011a 0035586C 		.ascii	"\0005Xl\241"
 896      A1
 897              		.text
 898              		.section	.gnu.lto___init_ram_areas.45.632f2d7208d00a25,"e",%progbits
 899 0000 789C6D54 		.ascii	"x\234mT\377k[U\024\277\347\236\373\362^\276\032\232"
 899      FF6B5B55 
 899      14BFE79E 
 899      FBF25EBE 
 899      1A9A
 900 0012 0DFD45A8 		.ascii	"\015\375E\250\"\370\203\254\257U\331\362\333*\371a?"
 900      22F883AC 
 900      AF55D9F2 
 900      DB2AF961 
 900      3F
 901 0023 4D41FF00 		.ascii	"MA\377\000M\232\324\205-{Y\222Z\261\226\276f\335\002"
 901      4D9AD485 
 901      2D7B5992 
 901      5AB196BE 
 901      66DD02
 902 0036 29B4CDC6 		.ascii	")\264\315\306pn\272l\014$\210\250\023u_\272va[-\202"
 902      706EBA6C 
 902      0C2488A8 
 902      13755FBA 
 902      76615B2D 
 903 004b A6B0D155 		.ascii	"\246\260\321Uq\324Z\360katv\3231\305y\356}I\232\302"
 903      71D45AF0 
 903      6B617476 
 903      D331C579 
 903      EE7D499A 
 904 0060 1E79F79E 		.ascii	"\036y\367\236w\317\347|\356\371\234{n\206\005c\247\031"
 904      77CFE77C 
 904      EEF99C7B 
 904      6E860563 
 904      A719
 905 0072 632BF482 		.ascii	"c+\364\202\237\301\241R\2213\333\266\273u\016\207K\036"
 905      9FC1A152 
 905      9133DBB6 
 905      BB750E87 
 905      4B1E
 906 0084 65211C29 		.ascii	"e!\034)\025\027\316\177)\240\012jA\300\2213\015\230"
 906      1517CE7F 
 906      29A00A6A 
 906      41C09133 
 906      0D98
 907 0096 C6474AA3 		.ascii	"\306GJ\243\234<\327V\357\207\305\361\211e\370x\374\200"
 907      9C3CD756 
 907      EF87C5F1 
 907      8965F878 
 907      FC80
 908 00a8 2EBC7034 		.ascii	".\274p4\017\016B\207\243\207>p\002\015^h\001\277\333"
 908      0F0E4287 
 908      A3873E70 
 908      020D5E68 
 908      01BFDB
ARM GAS  /tmp/ccnF60eL.s 			page 28


 909 00bb 00BBF97B 		.ascii	"\000\273\371{\023\237=\001\223\022\024\026\307h\231"
 909      139F3D01 
 909      93121416 
 909      C76899
 910 00ca 0C43F8E0 		.ascii	"\014C\370\340\360\231\240\303\341\201\341Rqn\362I\007"
 910      F099A0C3 
 910      E181E152 
 910      716EF249 
 910      07
 911 00db D3AD031B 		.ascii	"\323\255\003\033\342(4\257n\270}\036\030\022\310\240"
 911      E22834AF 
 911      6EB87D1E 
 911      1812C8A0 
 912 00eb 2A405F1F 		.ascii	"*@_\037\230\363hl\3751Z\354Sh\022\317\275\231_&n?fW"
 912      98F3686C 
 912      FD315AEC 
 912      536812CF 
 912      BD995F26 
 913 0103 AAF00763 		.ascii	"\252\360\007cC\015\237\006\256\020\010\0327C\273\006"
 913      430D9F06 
 913      AE10081A 
 913      3743BB06 
 914 0113 461168E5 		.ascii	"F\021h\345\231\252m\257\216\316\216\005&\206\215\301"
 914      99AA6DAF 
 914      8ECE8E05 
 914      26868DC1 
 915 0123 0B30741E 		.ascii	"\0130t\036\316\201\304\216\301\274\360\262I\220\321"
 915      CE81C48E 
 915      C1BCF0B2 
 915      4990D1
 916 0132 40E07213 		.ascii	"@\340r\023<\376kA\202\007\246Z\301+Dk\234j`>\035+\024"
 916      3CFE6B41 
 916      8207A65A 
 916      C12B446B 
 916      9C6A603E 
 917 0149 ECE048FB 		.ascii	"\354\340H\373\300\245V\314ODX\205i`\027\201\276\226"
 917      C0A556CC 
 917      4F445885 
 917      69601781 
 917      BE96
 918 015b 042D235C 		.ascii	"\004-#\\\000\270\0040\005\237\\\323\252\366\277\017"
 918      00B80430 
 918      059F5CD3 
 918      AAF6BF0F 
 919 016b C66D7B2E 		.ascii	"\306m{.<u\361\226{\0230\216\234q\216\364\012F8\215\021"
 919      3C75F196 
 919      7B13308E 
 919      9C718EF4 
 919      0A46388D 
 920 0180 D2C508AB 		.ascii	"\322\305\010\253\313\301'?\375\322\012HoPZmr\010I\007"
 920      CBC1273F 
 920      FDD20A48 
 920      6F505A6D 
 920      72084907 
 921 0194 632790C9 		.ascii	"c'\220\311#\000\273\312X\031\271\262\207\311\376\233"
 921      2300BBCA 
 921      5819B9B2 
ARM GAS  /tmp/ccnF60eL.s 			page 29


 921      87C9FE9B 
 922 01a4 DBCBEFD4 		.ascii	"\333\313\357\324\200\346\374\311>I\013\256~\231w\221"
 922      80E6FCC9 
 922      3E490BAE 
 922      7E997791 
 923 01b4 E63E9A3F 		.ascii	"\346>\232?\002\221\275\002\227\201\025\341\240mW\236"
 923      0291BD02 
 923      978115E1 
 923      A06D579E 
 924 01c4 EABFAAD2 		.ascii	"\352\277\252\322/#\256\336\257\204\353\024\371n\271"
 924      2F23AEDE 
 924      AF84EB14 
 924      F96EB9
 925 01d3 270AC576 		.ascii	"'\012\305v\274\346\246\323S\346\3735\017\365\000\373"
 925      BCE6A6D3 
 925      53E6FB35 
 925      0FF500FB 
 926 01e3 87E7A77F 		.ascii	"\207\347\247\177\177\004}\304=\010\212\223\316\344\267"
 926      7F047DC4 
 926      3D088A93 
 926      CEE4B7
 927 01f2 47F7BDF1 		.ascii	"G\367\275\361\025\260\255#\324\001\326,\244\230\":\271"
 927      15B0AD23 
 927      D401D62C 
 927      A498223A 
 927      B9
 928 0203 9DB2459F 		.ascii	"\235\262E\237\212.\327x#\324_\017\252\264\006}\015\273"
 928      8A2ED778 
 928      23D45F0F 
 928      AAB4067D 
 928      0DBB
 929 0215 9B415380 		.ascii	"\233AS\200~\025\364\005\005\261\002\012\225\356\275"
 929      7E15F405 
 929      05B1020A 
 929      95EEBD
 930 0224 99FD6E52 		.ascii	"\231\375nR\301?|\2322\302\200o\361\356\222!\023*\243"
 930      C13F7C9A 
 930      32C2806F 
 930      F1EE9221 
 930      132AA3
 931 0237 281D5898 		.ascii	"(\035X\230\305f\005\316\326Pnul\364g@Y\202\001`j?#\231"
 931      C56605CE 
 931      D6506E75 
 931      6CF46740 
 931      59820160 
 932 024f FB86F492 		.ascii	"\373\206\364\222\353\317\342|=oLfh\015\035\205\347\002"
 932      EBCFE27C 
 932      3D6F4C66 
 932      680D1D85 
 932      E702
 933 0261 E4DCFFF9 		.ascii	"\344\334\377\371\301\031\3006t\301YU\310v\231N\233\362"
 933      C119C036 
 933      74C15955 
 933      C876994E 
 933      9BF2
 934 0273 4F2A6202 		.ascii	"O*b\002|\013\030B\255\011 \221!UF\215(m\321RG\012u\221"
 934      7C0B1842 
ARM GAS  /tmp/ccnF60eL.s 			page 30


 934      AD092091 
 934      2155468D 
 934      286DD152 
 935 028b C9254473 		.ascii	"\311%Ds$\215\215C\263\214\233\221\327ka\264\224b\016"
 935      248D8D43 
 935      B38C9B91 
 935      D76B61B4 
 935      94620E
 936 029e 5E27B6BF 		.ascii	"^'\266\277\370\310\342\225\267\220\023\001\223E\320"
 936      F8C8E295 
 936      B7901301 
 936      9345D0
 937 02ad D087B76E 		.ascii	"\320\207\267n\277\215!\261\270\026/\240\013\375\370"
 937      BF8D21B1 
 937      B8162FA0 
 937      0BFDF8
 938 02bc 1F7DB689 		.ascii	"\037}\266\211\332\332k\324\020^u\202\262\032\372\306"
 938      DADA6BD4 
 938      105E7582 
 938      B21AFAC6 
 939 02cc 6ACC3BD5 		.ascii	"j\314;\325\270S\3617\024\247I\261+\011\216\373\306\272"
 939      B853F137 
 939      14A749B1 
 939      2B098EFB 
 939      C6BA
 940 02de E620EAAD 		.ascii	"\346 \352\255\232\203J\222\361\020I\272\212\274\276"
 940      9A834A92 
 940      F11049BA 
 940      8ABCBE
 941 02ed 51093E44 		.ascii	"Q\011>D\311uH\254+A\324\035%:\272\274\202aP\237n\236"
 941      C97548AC 
 941      2B41D41D 
 941      253ABABC 
 941      8261509F 
 942 0303 A0BBA5FF 		.ascii	"\240\273\245\377\354\345\037T\2578I\005P\320\305\016"
 942      ECE51F54 
 942      AF384905 
 942      50D0C50E 
 943 0313 3A59515B 		.ascii	":YQ[\006\024\342G\2717\365%Q\337\214`\200\016\371&\003"
 943      0614E247 
 943      B937F525 
 943      51DF8C60 
 943      800EF926 
 944 0328 6363A32F 		.ascii	"cc\243/\310F\327 L\231T\036\337\367\035\334\220\275"
 944      C846D720 
 944      4C99541E 
 944      DFF71DDC 
 944      90BD
 945 033a EE34FEA6 		.ascii	"\3564\376\246\301\357\301\371\3338\201\276\313+\247"
 945      C1EFC1F9 
 945      DB3881BE 
 945      CB2BA7
 946 0349 BB54E13C 		.ascii	"\273T\341<\315{\364\200\347\227\326^\254\003\240y\325"
 946      CD7BF480 
 946      E797D65E 
 946      AC03A079 
 946      D5
ARM GAS  /tmp/ccnF60eL.s 			page 31


 947 035a 18DB61EE 		.ascii	"\030\333a\356\262R\011s\267\325\323\2271\373\223\361"
 947      B2520973 
 947      B7D5D397 
 947      31FB93F1 
 948 036a 442CBA37 		.ascii	"D,\2727\276\345\331\347\272\272\266\364v\276\032\215"
 948      BEE5D9E7 
 948      BABAB6F4 
 948      76BE1A8D 
 949 037a C7ADBD66 		.ascii	"\307\255\275fo2\223\352\217f\022f\314\212f\342Y\263"
 949      6F3293EA 
 949      8F661266 
 949      CC8A66E2 
 949      59B3
 950 038c E9885956 		.ascii	"\351\210YVn\217\025\215'2l{G\207\351\374\"\273\222\261"
 950      6E8F158D 
 950      27326C7B 
 950      4787E9FC 
 950      22BB92B1 
 951 03a0 E44BAF98 		.ascii	"\344K\257\230V\326\354\261R)\202es\321L\256/m\276\360"
 951      56D6ECB1 
 951      52298265 
 951      73D14CAE 
 951      2F6DBEF0 
 952 03b4 F2CEC8CE 		.ascii	"\362\316\310\3167\345j:\271'\221\311\232;\"\021\263"
 952      37E56A3A 
 952      B92791C9 
 952      9A3B2211 
 952      B3
 953 03c5 2793EBEA 		.ascii	"'\223\353\352\350a\230\211\246\203\216\335\021\333\326"
 953      E8619889 
 953      A6838EDD 
 953      11DBD6
 954 03d4 D9B9B577 		.ascii	"\331\271\265w\333\363\014\322<\227\376\037c\352\325"
 954      DBF30CD2 
 954      3C97FE1F 
 954      63EAD5
 955 03e3 3A       		.ascii	":"
 956              		.text
 957              		.section	.gnu.lto_.symbol_nodes.632f2d7208d00a25,"e",%progbits
 958 0000 789C6DCA 		.ascii	"x\234m\312GNBa\030\205\341C\2714\351U\220r\351]@i\012"
 958      474E4261 
 958      1885E143 
 958      B934E955 
 958      9072E95D 
 959 0017 4A603FAC 		.ascii	"J`?\254\341\277\014H\230\301J\\\000#\232H\323\255\270"
 959      E1BF0C48 
 959      98C14A5C 
 959      00239A48 
 959      D3ADB8
 960 002a 05B86742 		.ascii	"\005\270gBB\370&O\2767g\250\001\240\315\013\203r9\275"
 960      42F8264F 
 960      BE3767A8 
 960      01A0CD0B 
 960      837239BD 
 961 003e 66F60708 		.ascii	"f\366\007\010`\256\214\330\013\302x\267\027\205\351"
 961      60AE8CD8 
 961      0BC278B7 
ARM GAS  /tmp/ccnF60eL.s 			page 32


 961      1785E9
 962 004d 6E2F09F3 		.ascii	"n/\011\363\346\177\"]s_\255ea\371\232\216\2157c)\367"
 962      E67F225D 
 962      735FAD65 
 962      61F99A8E 
 962      8D376329 
 963 0062 A00C009D 		.ascii	"\240\014\000\235\364l\225\325\267b#U;\2519\310\213\223"
 963      F46C95D5 
 963      B7622355 
 963      3BA939C8 
 963      8B93
 964 0074 BCBA48DD 		.ascii	"\274\272H\335M\032\036\322\364\222\226\217\264\375\344"
 964      4D1A1ED2 
 964      F492968F 
 964      B4FDE4
 965 0083 2D40DE1F 		.ascii	"-@\336\037I'H\272!\362\361D>\303\244\027!\013D\351\022"
 965      492748BA 
 965      21F2F144 
 965      3EC3A417 
 965      210B44E9 
 966 0098 31BA824C 		.ascii	"1\272\202L\327\210\323\015\022\364\033I\272E\212\376"
 966      D788D30D 
 966      12F41B49 
 966      BA458AFE 
 967 00a8 204D77C8 		.ascii	" Mw\310\320=\262\364\200\034=\"OO(\320_\024Uq\006\351"
 967      D03DB2F4 
 967      801C3D22 
 967      4F4F28D0 
 967      5F145571 
 968 00be D33786   		.ascii	"\3237\206"
 969              		.text
 970              		.section	.gnu.lto_.refs.632f2d7208d00a25,"e",%progbits
 971 0000 789C05C1 		.ascii	"x\234\005\301i\032B`\030\000\300\367\231|h\221\222h"
 971      691A4260 
 971      1800C0F7 
 971      997C6891 
 971      9268
 972 0012 A7C52F67 		.ascii	"\247\305/gq\377\3534\263D\204LZ\2054\307\230\344\012"
 972      71FFEB34 
 972      B344844C 
 972      5A8534C7 
 972      98E40A
 973 0025 A5B58DAD 		.ascii	"\245\265\215\255\235\312^\355\340\250q\322:\353\364"
 973      9DCA5EED 
 973      E0A871D2 
 973      3AEBF4
 974 0034 2EAE6EEE 		.ascii	".\256n\356\036\236^\006\243\267\217\257\237)\376\200"
 974      1E9E5E06 
 974      A3B78FAF 
 974      9F29FE80 
 975 0044 6803A5   		.ascii	"h\003\245"
 976              		.text
 977              		.section	.gnu.lto_.decls.632f2d7208d00a25,"e",%progbits
 978 0000 789CA596 		.ascii	"x\234\245\226oPS\331\031\306\317\271\271\204\023\310"
 978      6F5053D9 
 978      19C6CFB9 
 978      B98413C8 
ARM GAS  /tmp/ccnF60eL.s 			page 33


 979 0010 42DC755B 		.ascii	"B\334u[\272\265\035fg\247e\334\225\020\376~k\267\303"
 979      BAB51D66 
 979      67A765DC 
 979      9510FE7E 
 979      6BB7C3
 980 0023 0767986E 		.ascii	"\007g\230nw\272\235~\352\207L\20082\002\261!T\367\333"
 980      77BA9D7E 
 980      EA874C80 
 980      383202B1 
 980      2154F7DB 
 981 0037 498210FE 		.ascii	"I\202\020\376\224\015\254ub*N\214\014\342j\021t\251"
 981      940DAC75 
 981      622A4E8C 
 981      0CE26A11 
 981      74A9
 982 0049 42052201 		.ascii	"B\005\"\001DWY\202\026YQ6\013u\027\\A@a)R\350{n\256"
 982      44575982 
 982      16595136 
 982      0B75175C 
 982      41406129 
 983 0062 67B9D06F 		.ascii	"g\271\320o\315\360\300\275\347\375=\347<\347=\367f\320"
 983      CDF0C0BD 
 983      E7FD3DE7 
 983      3CE73DF7 
 983      66D0
 984 0074 C520744A 		.ascii	"\305 tJ\205\3200Fh\003>\321\010\241;\240w@=\240!P7\350"
 984      85D03046 
 984      68033ED1 
 984      08A13BA0 
 984      77403DA0 
 985 008c 36E87350 		.ascii	"6\350sP\027h\0144\016\232\000M\201\036\201\346@\363"
 985      17680C34 
 985      0E9A004D 
 985      811E81E6 
 985      40F3
 986 009e A045D073 		.ascii	"\240E\320s\3202h\005\264\012Z\003\255\203\020\254!\200"
 986      D0326805 
 986      B40A5A03 
 986      AD8310AC 
 986      2180
 987 00b0 44901A44 		.ascii	"D\220\032D@1 -(\016\244\003\275\012\332\011\372\001"
 987      4031202D 
 987      280EA403 
 987      BD0ADA09 
 987      FA01
 988 00c2 2801F406 		.ascii	"(\001\364\006h\027\350\247\240D\320\233\240\267@?\003"
 988      6817E8A7 
 988      A044D09B 
 988      A0B7403F 
 988      03
 989 00d3 25817683 		.ascii	"%\201v\203\336\001%\203\036\202~.\347M\226\307w\313"
 989      DE012583 
 989      1E827E2E 
 989      E74D96C7 
 989      77CB
 990 00e5 1CCB7F13 		.ascii	"\034\313\177\023t\035t\0034\210\"s\274%\317\231(\257"
 990      741D7403 
ARM GAS  /tmp/ccnF60eL.s 			page 34


 990      34882273 
 990      BC25CF99 
 990      28AF
 991 00f7 B14B5E33 		.ascii	"\261K^3A\316\260S\316\244\2233j\345\314D\336\203(\357"
 991      41CEB053 
 991      CEA49333 
 991      6AE5CC44 
 991      DE8328EF 
 992 010b 89ED6D5D 		.ascii	"\211\355m]\336\353\252\274\367e\271\027\213rofAmXB\245"
 992      DEEBAABC 
 992      F765B917 
 992      8B726F66 
 992      416D5842 
 993 0120 1E5E96AF 		.ascii	"\036^\226\257Y/\273\344k\326\323\353\3625\353\355gl"
 993      592FBBE4 
 993      6BD6D3EB 
 993      F235EBED 
 993      676C
 994 0132 5DB9C72F 		.ascii	"]\271\307/\317\202\355Q\217#=\237\335t6/\367\327\265"
 994      CF82ED51 
 994      8F233D9F 
 994      DD74362F 
 994      F7D7B5
 995 0145 698FEAD7 		.ascii	"i\217\352\327\260\250~\035'\252\2230;\336x\370\213\210"
 995      B0A87E1D 
 995      27AA9330 
 995      3BDE78F8 
 995      8B88
 996 0157 8032A8F4 		.ascii	"\2002\250\364\361\347\242\177\260\225\020\312\321\222"
 996      F1E7A27F 
 996      B09510CA 
 996      D192
 997 0165 3F205168 		.ascii	"? Qh\371v2\034\023\037\240t\236\006\3124\350\012\206"
 997      F976321C 
 997      131FA074 
 997      9E06CA34 
 997      E80A86
 998 0178 8C5D38E9 		.ascii	"\214]8\351*\356\304\035X\024\232\026\206\316\306\354"
 998      2AEEC41D 
 998      58149A16 
 998      86CEC6EC 
 999 0188 90CABE5E 		.ascii	"\220\312\276^\261\033Ku\324\303\372 \314v;\036\010\274"
 999      B11B4B75 
 999      D4C3FA20 
 999      CC763B1E 
 999      08BC
 1000 019a D623D702 		.ascii	"\326#\327\002X\312@H>\"\026D>d7:\010D1qa$\306\274\270"
 1000      58CA4048 
 1000      3E221644 
 1000      3E64373A 
 1000      08443171 
 1001 01b3 7C6A367E 		.ascii	"|j6~7|\022\300\2712~sb\352\307\235W(\255L\350\301A|"
 1001      377C12C0 
 1001      B9327E73 
 1001      62EAC79D 
 1001      5728AD4C 
 1002 01cb 4B9EC480 		.ascii	"K\236\304\200 \011\002\240\365\337P\323h{\360u^\273"
ARM GAS  /tmp/ccnF60eL.s 			page 35


 1002      200902A0 
 1002      F5DF50D3 
 1002      687BF075 
 1002      5EBB
 1003 01dd 86797145 		.ascii	"\206yqE.\366*\212iRmN\256\365m\2364\015A\017\312(\015"
 1003      2EF62A8A 
 1003      69526D4E 
 1003      AEF56D9E 
 1003      340D410F 
 1004 01f4 886800F7 		.ascii	"\210h\000\367\303\330-|\025\177\206\007\361M|\203\265"
 1004      C3D82D7C 
 1004      157F8607 
 1004      F14D7C83 
 1004      B5
 1005 0205 853408B0 		.ascii	"\2054\010\260\261\351\201\332yu\002#\003\234\274\215"
 1005      B1E981DA 
 1005      79750223 
 1005      039CBC8D 
 1006 0215 B7A0A2D0 		.ascii	"\267\240\242\3209X\325\206\371\376\207\344U>\227z\323"
 1006      3958D586 
 1006      F9FE87E4 
 1006      553E977A 
 1006      D3
 1007 0226 DFB3FAE5 		.ascii	"\337\263\372\345+R-\260\255o\315\027+:\243\0270\314"
 1007      2B522DB0 
 1007      AD6FCD17 
 1007      2B3AA317 
 1007      30CC
 1008 0238 3F4803F6 		.ascii	"?H\003\366>\342\366O\323VJ\017\322\201i\217\267|\332"
 1008      3EE2F64F 
 1008      D3564A0F 
 1008      D281698F 
 1008      B77CDA
 1009 024b B5A3CE01 		.ascii	"\265\243\316\001\265V\027}\303\003\303^o\330-\370T,"
 1009      B556177D 
 1009      C303C35E 
 1009      6FD82DF8 
 1009      542C
 1010 025d 35A54E2D 		.ascii	"5\245N-\375\024\3768\366Sg9\273\257I\3609#\007;\214"
 1010      FD14FE38 
 1010      F6536739 
 1010      BBAF49F0 
 1010      3923073B 
 1011 0272 69A09CB6 		.ascii	"i\240\234\266\006\324\376 -\367\320_{{\007\2640\354"
 1011      06D4FE20 
 1011      2DF7D05F 
 1011      7B7B07B4 
 1011      30EC
 1012 0284 B67FDD71 		.ascii	"\266\177\335q\330\033\356\247\336\262A\354\207\215\333"
 1012      D81BEEA7 
 1012      DEB241EC 
 1012      878DDB
 1013 0293 7DB4E647 		.ascii	"}\264\346GP\3703-s\331\265\366\311\231y\237/0'B\205"
 1013      50F8332D 
 1013      73D9B5F6 
 1013      C999799F 
 1013      2F302742 
ARM GAS  /tmp/ccnF60eL.s 			page 36


 1014 02a8 BA7D7D74 		.ascii	"\272}}tG\035\374r;\002\325;\354@\237r\224QL\375}.7H"
 1014      471DFC72 
 1014      3B02D53B 
 1014      EC409F72 
 1014      94514CFD 
 1015 02c0 57E70FD0 		.ascii	"W\347\017\320:\177\031a\010K\250\203\271\\n\010\246"
 1015      3A7F1961 
 1015      084BA883 
 1015      B95C6E08 
 1015      A6
 1016 02d1 B3B7C02D 		.ascii	"\263\267\300-\334`\230\302\005\010\325Q\037\344\365"
 1016      DC6098C2 
 1016      0508D551 
 1016      1FE4F5
 1017 02e0 055C3A98 		.ascii	"\005\\:\230\213\326\321A\027\256\353e\356>\330\235?"
 1017      8BD6D141 
 1017      17AEEB65 
 1017      EE3ED89D 
 1017      3F
 1018 02f1 505D07AB 		.ascii	"P]\007\253\3036\001\026\334\016\232\"=\2200\205@\023"
 1018      C3360116 
 1018      DC0E9A22 
 1018      3D903085 
 1018      4013
 1019 0303 297D5714 		.ascii	")}W\024&\027\237u\222E\326\241\3063/4\350u\367\273\010"
 1019      26179F75 
 1019      9245D6A1 
 1019      C6332F34 
 1019      E875F7BB 
 1020 0318 A5E8C880 		.ascii	"\245\350\310\200\200H\210\035P\353\211\265\020\321 "
 1020      8048881D 
 1020      50EB89B5 
 1020      10D120
 1021 0327 7437F2AC 		.ascii	"t7\362\254\011\360x\351D\341\354\312\203\240j\027\230"
 1021      09F078E9 
 1021      44E1ECCA 
 1021      83A06A17 
 1021      98
 1022 0338 9E50BAF3 		.ascii	"\236P\272\3631\272\207G\241<\206\321\202tZC\275\215"
 1022      31BA8747 
 1022      A13C86D1 
 1022      82745A43 
 1022      BD8D
 1023 034a 23DA248F 		.ascii	"#\332$\217\233\316\037\357\377c\263\033\326\031\303"
 1023      9BCE1FEF 
 1023      FF63B31B 
 1023      D619C3
 1024 0359 77E04811 		.ascii	"w\340H\021\372'Fw0\032\301!\234\363Q\024\031\335\272"
 1024      FA274677 
 1024      301AC121 
 1024      9CF35114 
 1024      19DDBA
 1025 036c 80280CF4 		.ascii	"\200(\014\364\326\365\251\230\265\365\352\221\012\252"
 1025      D6F5A998 
 1025      B5F5EA91 
 1025      0AAA
 1026 037a 73D82915 		.ascii	"s\330)\025\307\360}\311<\216\321}\331\\\031E\246\266"
ARM GAS  /tmp/ccnF60eL.s 			page 37


 1026      C7F07DC9 
 1026      3C8ED17D 
 1026      D95C1945 
 1026      A6B6
 1027 038c 9B577CD3 		.ascii	"\233W|\32375\222\371\376&\363C\311<\201\331W\230dvF"
 1027      373592F9 
 1027      FE26F343 
 1027      C93C81D9 
 1027      57986476 
 1028 03a1 91A7B0BD 		.ascii	"\221\247\260\275u6\301\314\364\335\361x\230\340+i\202"
 1028      7536C1CC 
 1028      F4DDF178 
 1028      98E02B69 
 1028      82
 1029 03b2 A9CAD055 		.ascii	"\251\312\320UMd\272Ix#\277\0309\336\246I\272\002\363"
 1029      4D64BA49 
 1029      7823BF18 
 1029      39DEA649 
 1029      BA02F3
 1030 03c5 3DDD345F 		.ascii	"=\3354_X\232o\012\243\260<\337\013\221T\250\300m\277"
 1030      589A6F0A 
 1030      A3B03CDF 
 1030      0B9154A8 
 1030      C06DBF
 1031 03d8 70CDA34E 		.ascii	"p\315\243N\362xhke\005\303\251\204?\222p\370\222\221"
 1031      F278686B 
 1031      6505C3A9 
 1031      843F9270 
 1031      F89291
 1032 03eb E91B22F1 		.ascii	"\351\033\"\361\250X+)f\257*\201\253hQ\360~I\353b\343"
 1032      A8582B29 
 1032      66AF2A81 
 1032      AB6851F0 
 1032      7E49EB62 
 1033 0400 A9FCDDF0 		.ascii	"\251\374\335\360Z\344\031\376\026#\303c\310\341\376"
 1033      5AE419FE 
 1033      1623C363 
 1033      C8E1FE
 1034 040f CFE08C90 		.ascii	"\317\340\214\220\240|\235\376\307K\022\014-\035\370"
 1034      A07C9DFE 
 1034      C74B120C 
 1034      2D1DF8
 1035 041e 6184F209 		.ascii	"a\204\362\011O\360\014\236\206\361Y\314\246\201\352"
 1035      4FF00C9E 
 1035      86F159CC 
 1035      A681EA
 1036 042d E2637B3A 		.ascii	"\342c{:\257\016)\253o\037\205\263\352\012\276\357\306"
 1036      AF0E29AB 
 1036      6F1F85B3 
 1036      EA0ABEEF 
 1036      C6
 1037 043e 73F81B98 		.ascii	"s\370\033\2306R\374\006\343v\234\323%\022?\333\335\305"
 1037      3652FC06 
 1037      E3769CD3 
 1037      25123FDB 
 1037      DDC5
 1038 0450 9AE025D5 		.ascii	"\232\340%\325\333c\220\260\362tU-\305n\334\215\347\201"
ARM GAS  /tmp/ccnF60eL.s 			page 38


 1038      DB6390B0 
 1038      F274552D 
 1038      C56EDC8D 
 1038      E781
 1039 0462 8D449DC7 		.ascii	"\215D\235\307(g\020\223vF\036\251>\262\246e\344\360"
 1039      28671093 
 1039      76461EA9 
 1039      3EB2A665 
 1039      E4F0
 1040 0474 ED2B14BE 		.ascii	"\355+\024\276\350\272\361\"\347\026\201\273\203I\220"
 1040      E8BAF122 
 1040      E71681BB 
 1040      834990
 1041 0483 71E7BE3A 		.ascii	"q\347\276:?\032-qOd\3569\347\236\0037\201\311\010\343"
 1041      3F1A2D71 
 1041      4F64EE39 
 1041      E79E0337 
 1041      81C908E3 
 1042 0497 1ED7364F 		.ascii	"\036\3276OE\270\032gE@\007\257\3702\347\226\201\233"
 1042      45B81A67 
 1042      454007AF 
 1042      F832E796 
 1042      819B
 1043 04a9 C1649271 		.ascii	"\301d\222q\033\313\037W\304J\011kx\302\025N\256\000"
 1043      1BCB1F57 
 1043      C44A096B 
 1043      78C2154E 
 1043      AE00
 1044 04bb F91C9325 		.ascii	"\371\034\223%F6-\266\015\253\025\011W9\267\012\334\006"
 1044      46362DB6 
 1044      0DAB1509 
 1044      5739B70A 
 1044      DC06
 1045 04cd 264E11B8 		.ascii	"&N\021\270K\213!\242\010\270\306\2615\300\252\004R\317"
 1045      4B8B21A2 
 1045      08B8C6B1 
 1045      35C0AA04 
 1045      52CF
 1046 04df B0BEF335 		.ascii	"\260\276\3635\003\312\200\353\234[\007\356/\002\361"
 1046      03CA80EB 
 1046      9C5B07EE 
 1046      2F02F1
 1047 04ee 33EE51C3 		.ascii	"3\356Q\303\330\3038)\340G< \025^\222T@9>\201\2643\362"
 1047      D8C33829 
 1047      E0473C20 
 1047      155E9254 
 1047      40393E81 
 1048 0505 C2B1F161 		.ascii	"\302\261\361a\242\010\350\340\234\003\270s\002\0112"
 1048      A208E8E0 
 1048      9C03B873 
 1048      020932
 1049 0514 6EBCC739 		.ascii	"n\274\3079\256LX\306\2712\340\376.\220\021\306u\234"
 1049      AE4C58C6 
 1049      B932E0FE 
 1049      2E9011C6 
 1049      759C
 1050 0526 3ED3A151 		.ascii	">\323\241Q$,\347\\9p\327\0042\311\270\266\360\305\177"
ARM GAS  /tmp/ccnF60eL.s 			page 39


 1050      242CE75C 
 1050      3970D704 
 1050      32C9B8B6 
 1050      F0C57F
 1051 0539 C54B09BD 		.ascii	"\305K\011\275<\241\213\223. o\011d\211\221\033\341\027"
 1051      3CA18B93 
 1051      2E206F09 
 1051      6489911B 
 1051      E117
 1052 054b 774545C2 		.ascii	"wEE\302*\316U\001wO \316(\340\216U/\377D\021\260\206"
 1052      2ACE5501 
 1052      774F20CE 
 1052      28E08E55 
 1052      2FFF4411 
 1053 0561 6335804D 		.ascii	"c5\200MB\013\031\366qE\373h\234\"`-\347j\201\233\205"
 1053      420B19F6 
 1053      7145FB68 
 1053      9C22602D 
 1053      E76A819B 
 1054 0576 16322EF4 		.ascii	"\0262.\364\305\265\247\322\262\363\015<\240\233\223"
 1054      C5B5A7D2 
 1054      B2F30D3C 
 1054      A09B93
 1055 0585 6E2057A0 		.ascii	"n W\240\205\214t\234\355\251\217U\004\254\347\\=pN\025"
 1055      858C749C 
 1055      EDA98F55 
 1055      04ACE75C 
 1055      3D704E15 
 1056 0599 0932EE59 		.ascii	"\0112\356Y\250{AP$<\312\271\243\300\325\252\310\010"
 1056      A87B4150 
 1056      243CCAB9 
 1056      A3C0D5AA 
 1056      C808
 1057 05ab E34E3A3A 		.ascii	"\343N::\216\022E\302c\234;\006\334q\025\231d\334\231"
 1057      8E1245C2 
 1057      639C3B06 
 1057      DC711599 
 1057      64DC99
 1058 05be 864B9D51 		.ascii	"\206K\235QR\302f\236\320\303I\017\220\215*\262\304\310"
 1058      52C2669E 
 1058      D0C3490F 
 1058      908D2AB2 
 1058      C4C8
 1059 05d0 8E75E788 		.ascii	"\216u\347\210J\221\320\3139/p\027T\304\251\006n\271"
 1059      4A91D0CB 
 1059      392F7017 
 1059      54C4A906 
 1059      6EB9
 1060 05e2 27F45B45 		.ascii	"'\364[E\300\023\034;\001X\247\212\3243,\274z\372Y\214"
 1060      C0131C3B 
 1060      0158A78A 
 1060      D4332CBC 
 1060      7AFA598C 
 1061 05f6 22E049CE 		.ascii	"\"\340I\316\235\004\256_E\374\214\013-5]\216<\205\347"
 1061      9D04AE5F 
 1061      45FC8C0B 
 1061      2D355D8E 
ARM GAS  /tmp/ccnF60eL.s 			page 40


 1061      3C85E7
 1062 0609 78401F27 		.ascii	"x@\037'}@\016\253H;#='\003\337\011\212\200~\316\371"
 1062      7D400EAB 
 1062      483B233D 
 1062      2703DF09 
 1062      8A807ECE 
 1063 061e 811B8716 		.ascii	"\201\033\207\0262\356\273\360\351)\345S\330\310\271"
 1063      32EEBBF0 
 1063      E929E553 
 1063      D8C8B9
 1064 062d 46E0BE86 		.ascii	"F\340\276\206\0262\356\201\257\373\272Z\221\260\211"
 1064      1632EE81 
 1064      AFFBBA5A 
 1064      91B089
 1065 063c 734DC02D 		.ascii	"sM\300-@\013\0317\347\372[u\344\220[x\302fN6\003\271"
 1065      400B1937 
 1065      E7FA5B75 
 1065      E4905B78 
 1065      C2664E36 
 1066 0652 062D64A4 		.ascii	"\006-d\244s\364l\213\362\220?\341\334'\300U\210\304"
 1066      73F46C8B 
 1066      F2903FE1 
 1066      DC27C055 
 1066      88C4
 1067 0664 190DDCE0 		.ascii	"\031\015\334\340H0\034\245Hx\236s\347\201\253\027I="
 1067      48301CA5 
 1067      48789E73 
 1067      E781AB17 
 1067      493D
 1068 0676 E3C6FEDA 		.ascii	"\343\306\376\332\262\021\253H\330\302\271\026\340\032"
 1068      B211AB48 
 1068      D8C2B916 
 1068      E01A
 1069 0684 4451B8B7 		.ascii	"DQ\270\267\2642\241\342\377\213\314\311\325V\001\276"
 1069      B432A1E2 
 1069      FF8BCCC9 
 1069      D55601BE 
 1070 0694 837F919C 		.ascii	"\203\177\221\234\254\217\374d\357/\310-x\377wzK\211"
 1070      AC8FFC64 
 1070      EF2FC82D 
 1070      78FF777A 
 1070      4B89
 1071 06a6 3ECF5254 		.ascii	">\317RTd)\326\227\330LV[\351A\375\257>x/\373\275\303"
 1071      6429D697 
 1071      D84C565B 
 1071      E941FDAF 
 1071      3E782FFB 
 1072 06bc 6CF46041 		.ascii	"l\364`A\241\331Z\242\337\233\235\255\317\263\332\014"
 1072      A1D95AA2 
 1072      DF9B9DAD 
 1072      CFB3DA0C 
 1073 06cc C97964EF 		.ascii	"\311yd\357o~\237\230m\310B\272\310}rnVJJ\346\276\254"
 1073      6F7E9F98 
 1073      6DC842BA 
 1073      C87D726E 
 1073      564A4AE6 
 1074 06e2 74444A0B 		.ascii	"tDJ\013\212mi\251F[L^\241\331d5\232\254f\223\246\240"
ARM GAS  /tmp/ccnF60eL.s 			page 41


 1074      8A6D69A9 
 1074      465B4C5E 
 1074      A1D96435 
 1074      9AAC6693 
 1075 06f8 B8C0265D 		.ascii	"\270\300&]\305IW6\363\341\310\255\266\330b\344\265\275"
 1075      C5495736 
 1075      F3E1C8AD 
 1075      B6D862E4 
 1075      B5BD
 1076 070a FAFD9622 		.ascii	"\372\375\226\"\263\376\200%\257\324\252?T\220o\3165"
 1076      B3FE8025 
 1076      AFD4AA3F 
 1076      54906FCE 
 1076      35
 1077 071b 15E7EF49 		.ascii	"\025\347\357IM3\030\366\354K1\232\362\363!\332\276\002"
 1077      4D3318F6 
 1077      EC4B319A 
 1077      F2F321DA 
 1077      BE02
 1078 072d 6BD12180 		.ascii	"k\321!\200\365\271\026\2235\277D\317\013\271\026\213"
 1078      F5B91693 
 1078      35BF44CF 
 1078      0BB9168B 
 1079 073d ADD062CA 		.ascii	"\255\320b\3127[\321/\377\277\255\241x\253\251\350\373"
 1079      375BD12F 
 1079      FFBFADA1 
 1079      78ABA9E8 
 1079      FB
 1080 074e 54469BCA 		.ascii	"TF\233\312\220\2114&k\321\2372K\366\024\241\230<\213"
 1080      90893426 
 1080      6BD19F32 
 1080      4BF614A1 
 1080      983C8B
 1081 0761 15F2EF29 		.ascii	"\025\362\357)JA1Fc\336\301R\011\025\017\231M\007\264"
 1081      4A413146 
 1081      63DEC152 
 1081      09150F99 
 1081      4D07B4
 1082 0774 4623ECB8 		.ascii	"F#\354\270\360Ci$\326h,4\331\314\322u\234\321\230o\336"
 1082      F0436924 
 1082      D6682C34 
 1082      D9CCD275 
 1082      9CD1986F 
 1083 0789 672A2DB4 		.ascii	"g*-\264\031\315\207\013l\244\330b5\333J\255\305:cd\035"
 1083      19CD870B 
 1083      6CA4D862 
 1083      35DB4AAD 
 1083      C53A6364 
 1084 079e B6205BAB 		.ascii	"\266 [\253D\303\257^5\262\321\024\343\367\3752\276\262"
 1084      44C3AF5E 
 1084      35B2D114 
 1084      E3F7FD32 
 1084      BEB2
 1085 07b0 79C81827 		.ascii	"y\310\030'\337E\272l\214\227o\213-\221r\304o\330\356"
 1085      DF45BA6C 
 1085      8C976F8B 
 1085      2D9172C4 
ARM GAS  /tmp/ccnF60eL.s 			page 42


 1085      6FD8EE
 1086 07c3 3728FC06 		.ascii	"7(\374\006\245\337\260\305\237\272\335\237\252"
 1086      A5DFB0C5 
 1086      9FBADD9F 
 1086      AA
 1087 07d0 F0A72AFD 		.ascii	"\360\247*\375\251[\374i\333\375i\012\177\232\322\237"
 1087      A95BFC69 
 1087      DBFD690A 
 1087      7F9AD29F 
 1088 07e0 B6C59FBE 		.ascii	"\266\305\237\276\335\237\256\360\247+\375\351[\374\031"
 1088      DD9FAEF0 
 1088      A72BFDE9 
 1088      5BFC19
 1089 07ef DBFD190A 		.ascii	"\333\375\031\012\177\206\322\237\261\305\237\271\335"
 1089      7F86D29F 
 1089      B1C59FB9 
 1089      DD
 1090 07fc 9FA9F067 		.ascii	"\237\251\360g*\375\231[\374Y\333\375Y\012\177\226\322"
 1090      2AFD995B 
 1090      FC59DBFD 
 1090      590A7F96 
 1090      D2
 1091 080d 9FC5FDFF 		.ascii	"\237\305\375\377\005\302\007MA"
 1091      05C2074D 
 1091      41
 1092              		.text
 1093              		.section	.gnu.lto_.symtab.632f2d7208d00a25,"e",%progbits
 1094 0000 5F5F6370 		.ascii	"__cpu_init\000"
 1094      755F696E 
 1094      697400
 1095 000b 00       		.ascii	"\000"
 1096 000c 01       		.ascii	"\001"
 1097 000d 00       		.ascii	"\000"
 1098 000e 00000000 		.ascii	"\000\000\000\000\000\000\000\000"
 1098      00000000 
 1099 0016 D8000000 		.ascii	"\330\000\000\000"
 1100 001a 5F5F6561 		.ascii	"__early_init\000"
 1100      726C795F 
 1100      696E6974 
 1100      00
 1101 0027 00       		.ascii	"\000"
 1102 0028 01       		.ascii	"\001"
 1103 0029 00       		.ascii	"\000"
 1104 002a 00000000 		.ascii	"\000\000\000\000\000\000\000\000"
 1104      00000000 
 1105 0032 DB000000 		.ascii	"\333\000\000\000"
 1106 0036 5F5F6C61 		.ascii	"__late_init\000"
 1106      74655F69 
 1106      6E697400 
 1107 0042 00       		.ascii	"\000"
 1108 0043 01       		.ascii	"\001"
 1109 0044 00       		.ascii	"\000"
 1110 0045 00000000 		.ascii	"\000\000\000\000\000\000\000\000"
 1110      00000000 
 1111 004d DE000000 		.ascii	"\336\000\000\000"
 1112 0051 5F5F6465 		.ascii	"__default_exit\000"
 1112      6661756C 
ARM GAS  /tmp/ccnF60eL.s 			page 43


 1112      745F6578 
 1112      697400
 1113 0060 00       		.ascii	"\000"
 1114 0061 01       		.ascii	"\001"
 1115 0062 00       		.ascii	"\000"
 1116 0063 00000000 		.ascii	"\000\000\000\000\000\000\000\000"
 1116      00000000 
 1117 006b E3000000 		.ascii	"\343\000\000\000"
 1118 006f 5F5F696E 		.ascii	"__init_ram_areas\000"
 1118      69745F72 
 1118      616D5F61 
 1118      72656173 
 1118      00
 1119 0080 00       		.ascii	"\000"
 1120 0081 00       		.ascii	"\000"
 1121 0082 00       		.ascii	"\000"
 1122 0083 00000000 		.ascii	"\000\000\000\000\000\000\000\000"
 1122      00000000 
 1123 008b E5000000 		.ascii	"\345\000\000\000"
 1124 008f 5F5F7261 		.ascii	"__ram0_init_text__\000"
 1124      6D305F69 
 1124      6E69745F 
 1124      74657874 
 1124      5F5F00
 1125 00a2 00       		.ascii	"\000"
 1126 00a3 02       		.ascii	"\002"
 1127 00a4 00       		.ascii	"\000"
 1128 00a5 00000000 		.ascii	"\000\000\000\000\000\000\000\000"
 1128      00000000 
 1129 00ad F0000000 		.ascii	"\360\000\000\000"
 1130 00b1 5F5F7261 		.ascii	"__ram0_init__\000"
 1130      6D305F69 
 1130      6E69745F 
 1130      5F00
 1131 00bf 00       		.ascii	"\000"
 1132 00c0 02       		.ascii	"\002"
 1133 00c1 00       		.ascii	"\000"
 1134 00c2 00000000 		.ascii	"\000\000\000\000\000\000\000\000"
 1134      00000000 
 1135 00ca F2000000 		.ascii	"\362\000\000\000"
 1136 00ce 5F5F7261 		.ascii	"__ram0_clear__\000"
 1136      6D305F63 
 1136      6C656172 
 1136      5F5F00
 1137 00dd 00       		.ascii	"\000"
 1138 00de 02       		.ascii	"\002"
 1139 00df 00       		.ascii	"\000"
 1140 00e0 00000000 		.ascii	"\000\000\000\000\000\000\000\000"
 1140      00000000 
 1141 00e8 F4000000 		.ascii	"\364\000\000\000"
 1142 00ec 5F5F7261 		.ascii	"__ram0_noinit__\000"
 1142      6D305F6E 
 1142      6F696E69 
 1142      745F5F00 
 1143 00fc 00       		.ascii	"\000"
 1144 00fd 02       		.ascii	"\002"
 1145 00fe 00       		.ascii	"\000"
ARM GAS  /tmp/ccnF60eL.s 			page 44


 1146 00ff 00000000 		.ascii	"\000\000\000\000\000\000\000\000"
 1146      00000000 
 1147 0107 F6000000 		.ascii	"\366\000\000\000"
 1148 010b 5F5F7261 		.ascii	"__ram1_init_text__\000"
 1148      6D315F69 
 1148      6E69745F 
 1148      74657874 
 1148      5F5F00
 1149 011e 00       		.ascii	"\000"
 1150 011f 02       		.ascii	"\002"
 1151 0120 00       		.ascii	"\000"
 1152 0121 00000000 		.ascii	"\000\000\000\000\000\000\000\000"
 1152      00000000 
 1153 0129 F8000000 		.ascii	"\370\000\000\000"
 1154 012d 5F5F7261 		.ascii	"__ram1_init__\000"
 1154      6D315F69 
 1154      6E69745F 
 1154      5F00
 1155 013b 00       		.ascii	"\000"
 1156 013c 02       		.ascii	"\002"
 1157 013d 00       		.ascii	"\000"
 1158 013e 00000000 		.ascii	"\000\000\000\000\000\000\000\000"
 1158      00000000 
 1159 0146 FA000000 		.ascii	"\372\000\000\000"
 1160 014a 5F5F7261 		.ascii	"__ram1_clear__\000"
 1160      6D315F63 
 1160      6C656172 
 1160      5F5F00
 1161 0159 00       		.ascii	"\000"
 1162 015a 02       		.ascii	"\002"
 1163 015b 00       		.ascii	"\000"
 1164 015c 00000000 		.ascii	"\000\000\000\000\000\000\000\000"
 1164      00000000 
 1165 0164 FC000000 		.ascii	"\374\000\000\000"
 1166 0168 5F5F7261 		.ascii	"__ram1_noinit__\000"
 1166      6D315F6E 
 1166      6F696E69 
 1166      745F5F00 
 1167 0178 00       		.ascii	"\000"
 1168 0179 02       		.ascii	"\002"
 1169 017a 00       		.ascii	"\000"
 1170 017b 00000000 		.ascii	"\000\000\000\000\000\000\000\000"
 1170      00000000 
 1171 0183 FE000000 		.ascii	"\376\000\000\000"
 1172 0187 5F5F7261 		.ascii	"__ram2_init_text__\000"
 1172      6D325F69 
 1172      6E69745F 
 1172      74657874 
 1172      5F5F00
 1173 019a 00       		.ascii	"\000"
 1174 019b 02       		.ascii	"\002"
 1175 019c 00       		.ascii	"\000"
 1176 019d 00000000 		.ascii	"\000\000\000\000\000\000\000\000"
 1176      00000000 
 1177 01a5 00010000 		.ascii	"\000\001\000\000"
 1178 01a9 5F5F7261 		.ascii	"__ram2_init__\000"
 1178      6D325F69 
ARM GAS  /tmp/ccnF60eL.s 			page 45


 1178      6E69745F 
 1178      5F00
 1179 01b7 00       		.ascii	"\000"
 1180 01b8 02       		.ascii	"\002"
 1181 01b9 00       		.ascii	"\000"
 1182 01ba 00000000 		.ascii	"\000\000\000\000\000\000\000\000"
 1182      00000000 
 1183 01c2 02010000 		.ascii	"\002\001\000\000"
 1184 01c6 5F5F7261 		.ascii	"__ram2_clear__\000"
 1184      6D325F63 
 1184      6C656172 
 1184      5F5F00
 1185 01d5 00       		.ascii	"\000"
 1186 01d6 02       		.ascii	"\002"
 1187 01d7 00       		.ascii	"\000"
 1188 01d8 00000000 		.ascii	"\000\000\000\000\000\000\000\000"
 1188      00000000 
 1189 01e0 04010000 		.ascii	"\004\001\000\000"
 1190 01e4 5F5F7261 		.ascii	"__ram2_noinit__\000"
 1190      6D325F6E 
 1190      6F696E69 
 1190      745F5F00 
 1191 01f4 00       		.ascii	"\000"
 1192 01f5 02       		.ascii	"\002"
 1193 01f6 00       		.ascii	"\000"
 1194 01f7 00000000 		.ascii	"\000\000\000\000\000\000\000\000"
 1194      00000000 
 1195 01ff 06010000 		.ascii	"\006\001\000\000"
 1196 0203 5F5F7261 		.ascii	"__ram3_init_text__\000"
 1196      6D335F69 
 1196      6E69745F 
 1196      74657874 
 1196      5F5F00
 1197 0216 00       		.ascii	"\000"
 1198 0217 02       		.ascii	"\002"
 1199 0218 00       		.ascii	"\000"
 1200 0219 00000000 		.ascii	"\000\000\000\000\000\000\000\000"
 1200      00000000 
 1201 0221 08010000 		.ascii	"\010\001\000\000"
 1202 0225 5F5F7261 		.ascii	"__ram3_init__\000"
 1202      6D335F69 
 1202      6E69745F 
 1202      5F00
 1203 0233 00       		.ascii	"\000"
 1204 0234 02       		.ascii	"\002"
 1205 0235 00       		.ascii	"\000"
 1206 0236 00000000 		.ascii	"\000\000\000\000\000\000\000\000"
 1206      00000000 
 1207 023e 0A010000 		.ascii	"\012\001\000\000"
 1208 0242 5F5F7261 		.ascii	"__ram3_clear__\000"
 1208      6D335F63 
 1208      6C656172 
 1208      5F5F00
 1209 0251 00       		.ascii	"\000"
 1210 0252 02       		.ascii	"\002"
 1211 0253 00       		.ascii	"\000"
 1212 0254 00000000 		.ascii	"\000\000\000\000\000\000\000\000"
ARM GAS  /tmp/ccnF60eL.s 			page 46


 1212      00000000 
 1213 025c 0C010000 		.ascii	"\014\001\000\000"
 1214 0260 5F5F7261 		.ascii	"__ram3_noinit__\000"
 1214      6D335F6E 
 1214      6F696E69 
 1214      745F5F00 
 1215 0270 00       		.ascii	"\000"
 1216 0271 02       		.ascii	"\002"
 1217 0272 00       		.ascii	"\000"
 1218 0273 00000000 		.ascii	"\000\000\000\000\000\000\000\000"
 1218      00000000 
 1219 027b 0E010000 		.ascii	"\016\001\000\000"
 1220 027f 5F5F7261 		.ascii	"__ram4_init_text__\000"
 1220      6D345F69 
 1220      6E69745F 
 1220      74657874 
 1220      5F5F00
 1221 0292 00       		.ascii	"\000"
 1222 0293 02       		.ascii	"\002"
 1223 0294 00       		.ascii	"\000"
 1224 0295 00000000 		.ascii	"\000\000\000\000\000\000\000\000"
 1224      00000000 
 1225 029d 10010000 		.ascii	"\020\001\000\000"
 1226 02a1 5F5F7261 		.ascii	"__ram4_init__\000"
 1226      6D345F69 
 1226      6E69745F 
 1226      5F00
 1227 02af 00       		.ascii	"\000"
 1228 02b0 02       		.ascii	"\002"
 1229 02b1 00       		.ascii	"\000"
 1230 02b2 00000000 		.ascii	"\000\000\000\000\000\000\000\000"
 1230      00000000 
 1231 02ba 12010000 		.ascii	"\022\001\000\000"
 1232 02be 5F5F7261 		.ascii	"__ram4_clear__\000"
 1232      6D345F63 
 1232      6C656172 
 1232      5F5F00
 1233 02cd 00       		.ascii	"\000"
 1234 02ce 02       		.ascii	"\002"
 1235 02cf 00       		.ascii	"\000"
 1236 02d0 00000000 		.ascii	"\000\000\000\000\000\000\000\000"
 1236      00000000 
 1237 02d8 14010000 		.ascii	"\024\001\000\000"
 1238 02dc 5F5F7261 		.ascii	"__ram4_noinit__\000"
 1238      6D345F6E 
 1238      6F696E69 
 1238      745F5F00 
 1239 02ec 00       		.ascii	"\000"
 1240 02ed 02       		.ascii	"\002"
 1241 02ee 00       		.ascii	"\000"
 1242 02ef 00000000 		.ascii	"\000\000\000\000\000\000\000\000"
 1242      00000000 
 1243 02f7 16010000 		.ascii	"\026\001\000\000"
 1244 02fb 5F5F7261 		.ascii	"__ram5_init_text__\000"
 1244      6D355F69 
 1244      6E69745F 
 1244      74657874 
ARM GAS  /tmp/ccnF60eL.s 			page 47


 1244      5F5F00
 1245 030e 00       		.ascii	"\000"
 1246 030f 02       		.ascii	"\002"
 1247 0310 00       		.ascii	"\000"
 1248 0311 00000000 		.ascii	"\000\000\000\000\000\000\000\000"
 1248      00000000 
 1249 0319 18010000 		.ascii	"\030\001\000\000"
 1250 031d 5F5F7261 		.ascii	"__ram5_init__\000"
 1250      6D355F69 
 1250      6E69745F 
 1250      5F00
 1251 032b 00       		.ascii	"\000"
 1252 032c 02       		.ascii	"\002"
 1253 032d 00       		.ascii	"\000"
 1254 032e 00000000 		.ascii	"\000\000\000\000\000\000\000\000"
 1254      00000000 
 1255 0336 1A010000 		.ascii	"\032\001\000\000"
 1256 033a 5F5F7261 		.ascii	"__ram5_clear__\000"
 1256      6D355F63 
 1256      6C656172 
 1256      5F5F00
 1257 0349 00       		.ascii	"\000"
 1258 034a 02       		.ascii	"\002"
 1259 034b 00       		.ascii	"\000"
 1260 034c 00000000 		.ascii	"\000\000\000\000\000\000\000\000"
 1260      00000000 
 1261 0354 1C010000 		.ascii	"\034\001\000\000"
 1262 0358 5F5F7261 		.ascii	"__ram5_noinit__\000"
 1262      6D355F6E 
 1262      6F696E69 
 1262      745F5F00 
 1263 0368 00       		.ascii	"\000"
 1264 0369 02       		.ascii	"\002"
 1265 036a 00       		.ascii	"\000"
 1266 036b 00000000 		.ascii	"\000\000\000\000\000\000\000\000"
 1266      00000000 
 1267 0373 1E010000 		.ascii	"\036\001\000\000"
 1268 0377 5F5F7261 		.ascii	"__ram6_init_text__\000"
 1268      6D365F69 
 1268      6E69745F 
 1268      74657874 
 1268      5F5F00
 1269 038a 00       		.ascii	"\000"
 1270 038b 02       		.ascii	"\002"
 1271 038c 00       		.ascii	"\000"
 1272 038d 00000000 		.ascii	"\000\000\000\000\000\000\000\000"
 1272      00000000 
 1273 0395 20010000 		.ascii	" \001\000\000"
 1274 0399 5F5F7261 		.ascii	"__ram6_init__\000"
 1274      6D365F69 
 1274      6E69745F 
 1274      5F00
 1275 03a7 00       		.ascii	"\000"
 1276 03a8 02       		.ascii	"\002"
 1277 03a9 00       		.ascii	"\000"
 1278 03aa 00000000 		.ascii	"\000\000\000\000\000\000\000\000"
 1278      00000000 
ARM GAS  /tmp/ccnF60eL.s 			page 48


 1279 03b2 22010000 		.ascii	"\"\001\000\000"
 1280 03b6 5F5F7261 		.ascii	"__ram6_clear__\000"
 1280      6D365F63 
 1280      6C656172 
 1280      5F5F00
 1281 03c5 00       		.ascii	"\000"
 1282 03c6 02       		.ascii	"\002"
 1283 03c7 00       		.ascii	"\000"
 1284 03c8 00000000 		.ascii	"\000\000\000\000\000\000\000\000"
 1284      00000000 
 1285 03d0 24010000 		.ascii	"$\001\000\000"
 1286 03d4 5F5F7261 		.ascii	"__ram6_noinit__\000"
 1286      6D365F6E 
 1286      6F696E69 
 1286      745F5F00 
 1287 03e4 00       		.ascii	"\000"
 1288 03e5 02       		.ascii	"\002"
 1289 03e6 00       		.ascii	"\000"
 1290 03e7 00000000 		.ascii	"\000\000\000\000\000\000\000\000"
 1290      00000000 
 1291 03ef 26010000 		.ascii	"&\001\000\000"
 1292 03f3 5F5F7261 		.ascii	"__ram7_init_text__\000"
 1292      6D375F69 
 1292      6E69745F 
 1292      74657874 
 1292      5F5F00
 1293 0406 00       		.ascii	"\000"
 1294 0407 02       		.ascii	"\002"
 1295 0408 00       		.ascii	"\000"
 1296 0409 00000000 		.ascii	"\000\000\000\000\000\000\000\000"
 1296      00000000 
 1297 0411 28010000 		.ascii	"(\001\000\000"
 1298 0415 5F5F7261 		.ascii	"__ram7_init__\000"
 1298      6D375F69 
 1298      6E69745F 
 1298      5F00
 1299 0423 00       		.ascii	"\000"
 1300 0424 02       		.ascii	"\002"
 1301 0425 00       		.ascii	"\000"
 1302 0426 00000000 		.ascii	"\000\000\000\000\000\000\000\000"
 1302      00000000 
 1303 042e 2A010000 		.ascii	"*\001\000\000"
 1304 0432 5F5F7261 		.ascii	"__ram7_clear__\000"
 1304      6D375F63 
 1304      6C656172 
 1304      5F5F00
 1305 0441 00       		.ascii	"\000"
 1306 0442 02       		.ascii	"\002"
 1307 0443 00       		.ascii	"\000"
 1308 0444 00000000 		.ascii	"\000\000\000\000\000\000\000\000"
 1308      00000000 
 1309 044c 2C010000 		.ascii	",\001\000\000"
 1310 0450 5F5F7261 		.ascii	"__ram7_noinit__\000"
 1310      6D375F6E 
 1310      6F696E69 
 1310      745F5F00 
 1311 0460 00       		.ascii	"\000"
ARM GAS  /tmp/ccnF60eL.s 			page 49


 1312 0461 02       		.ascii	"\002"
 1313 0462 00       		.ascii	"\000"
 1314 0463 00000000 		.ascii	"\000\000\000\000\000\000\000\000"
 1314      00000000 
 1315 046b 2E010000 		.ascii	".\001\000\000"
 1316              		.text
 1317              		.section	.gnu.lto_.ext_symtab.632f2d7208d00a25,"e",%progbits
 1318 0000 01       		.ascii	"\001"
 1319 0001 01       		.ascii	"\001"
 1320 0002 00       		.ascii	"\000"
 1321 0003 01       		.ascii	"\001"
 1322 0004 00       		.ascii	"\000"
 1323 0005 01       		.ascii	"\001"
 1324 0006 00       		.ascii	"\000"
 1325 0007 01       		.ascii	"\001"
 1326 0008 00       		.ascii	"\000"
 1327 0009 01       		.ascii	"\001"
 1328 000a 00       		.ascii	"\000"
 1329 000b 02       		.ascii	"\002"
 1330 000c 01       		.ascii	"\001"
 1331 000d 02       		.ascii	"\002"
 1332 000e 01       		.ascii	"\001"
 1333 000f 02       		.ascii	"\002"
 1334 0010 01       		.ascii	"\001"
 1335 0011 02       		.ascii	"\002"
 1336 0012 01       		.ascii	"\001"
 1337 0013 02       		.ascii	"\002"
 1338 0014 01       		.ascii	"\001"
 1339 0015 02       		.ascii	"\002"
 1340 0016 01       		.ascii	"\001"
 1341 0017 02       		.ascii	"\002"
 1342 0018 01       		.ascii	"\001"
 1343 0019 02       		.ascii	"\002"
 1344 001a 01       		.ascii	"\001"
 1345 001b 02       		.ascii	"\002"
 1346 001c 01       		.ascii	"\001"
 1347 001d 02       		.ascii	"\002"
 1348 001e 01       		.ascii	"\001"
 1349 001f 02       		.ascii	"\002"
 1350 0020 01       		.ascii	"\001"
 1351 0021 02       		.ascii	"\002"
 1352 0022 01       		.ascii	"\001"
 1353 0023 02       		.ascii	"\002"
 1354 0024 01       		.ascii	"\001"
 1355 0025 02       		.ascii	"\002"
 1356 0026 01       		.ascii	"\001"
 1357 0027 02       		.ascii	"\002"
 1358 0028 01       		.ascii	"\001"
 1359 0029 02       		.ascii	"\002"
 1360 002a 01       		.ascii	"\001"
 1361 002b 02       		.ascii	"\002"
 1362 002c 01       		.ascii	"\001"
 1363 002d 02       		.ascii	"\002"
 1364 002e 01       		.ascii	"\001"
 1365 002f 02       		.ascii	"\002"
 1366 0030 01       		.ascii	"\001"
 1367 0031 02       		.ascii	"\002"
ARM GAS  /tmp/ccnF60eL.s 			page 50


 1368 0032 01       		.ascii	"\001"
 1369 0033 02       		.ascii	"\002"
 1370 0034 01       		.ascii	"\001"
 1371 0035 02       		.ascii	"\002"
 1372 0036 01       		.ascii	"\001"
 1373 0037 02       		.ascii	"\002"
 1374 0038 01       		.ascii	"\001"
 1375 0039 02       		.ascii	"\002"
 1376 003a 01       		.ascii	"\001"
 1377 003b 02       		.ascii	"\002"
 1378 003c 01       		.ascii	"\001"
 1379 003d 02       		.ascii	"\002"
 1380 003e 01       		.ascii	"\001"
 1381 003f 02       		.ascii	"\002"
 1382 0040 01       		.ascii	"\001"
 1383 0041 02       		.ascii	"\002"
 1384 0042 01       		.ascii	"\001"
 1385 0043 02       		.ascii	"\002"
 1386 0044 01       		.ascii	"\001"
 1387 0045 02       		.ascii	"\002"
 1388 0046 01       		.ascii	"\001"
 1389 0047 02       		.ascii	"\002"
 1390 0048 01       		.ascii	"\001"
 1391 0049 02       		.ascii	"\002"
 1392 004a 01       		.ascii	"\001"
 1393              		.text
 1394              		.section	.gnu.lto_.opts,"e",%progbits
 1395 0000 272D666E 		.ascii	"'-fno-openmp' '-fno-openacc' '-fno-pie' '-fcf-prote"
 1395      6F2D6F70 
 1395      656E6D70 
 1395      2720272D 
 1395      666E6F2D 
 1396 0033 6374696F 		.ascii	"ction=none' '-g' '-mcpu=cortex-m0' '-mthumb' '-mflo"
 1396      6E3D6E6F 
 1396      6E652720 
 1396      272D6727 
 1396      20272D6D 
 1397 0066 61742D61 		.ascii	"at-abi=soft' '-mlibarch=armv6s-m' '-march=armv6s-m'"
 1397      62693D73 
 1397      6F667427 
 1397      20272D6D 
 1397      6C696261 
 1398 0099 20272D4F 		.ascii	" '-Os' '-fomit-frame-pointer' '-falign-functions=16"
 1398      73272027 
 1398      2D666F6D 
 1398      69742D66 
 1398      72616D65 
 1399 00cc 2720272D 		.ascii	"' '-fsingle-precision-constant' '-ffunction-section"
 1399      6673696E 
 1399      676C652D 
 1399      70726563 
 1399      6973696F 
 1400 00ff 73272027 		.ascii	"s' '-fdata-sections' '-fno-common' '-flto' '-Xassem"
 1400      2D666461 
 1400      74612D73 
 1400      65637469 
 1400      6F6E7327 
ARM GAS  /tmp/ccnF60eL.s 			page 51


 1401 0132 626C6572 		.ascii	"bler' '-alms=./build/lst/crt1.lst'\000"
 1401      2720272D 
 1401      616C6D73 
 1401      3D2E2F62 
 1401      75696C64 
 1402              		.text
 1403              		.comm	__gnu_lto_slim,1,1
 1404              		.ident	"GCC: (Arm GNU Toolchain 11.3.Rel1) 11.3.1 20220712"
ARM GAS  /tmp/ccnF60eL.s 			page 52


DEFINED SYMBOLS
                            *ABS*:0000000000000000 crt1.c
     /tmp/ccnF60eL.s:21     .gnu.debuglto_.debug_info:0000000000000000 crt1.c.b7006f74
                            *COM*:0000000000000001 __gnu_lto_slim

NO UNDEFINED SYMBOLS
