ARM GAS  /tmp/ccysNPOS.s 			page 1


   1              		.cpu cortex-m0
   2              		.arch armv6s-m
   3              		.fpu softvfp
   4              		.eabi_attribute 20, 1
   5              		.eabi_attribute 21, 1
   6              		.eabi_attribute 23, 3
   7              		.eabi_attribute 24, 1
   8              		.eabi_attribute 25, 1
   9              		.eabi_attribute 26, 1
  10              		.eabi_attribute 30, 4
  11              		.eabi_attribute 34, 0
  12              		.eabi_attribute 18, 4
  13              		.file	"hal.c"
  14              		.file 1 "../../../ChibiOS/os/hal/include/hal_st.h"
  15              		.file 2 "./cfg/board.h"
  16              		.file 3 "../../../ChibiOS/os/hal/include/hal_can.h"
  17              		.file 4 "../../../ChibiOS/os/hal/ports/STM32/LLD/GPIOv2/hal_pal_lld.h"
  18              		.file 5 "../../../ChibiOS/os/hal/ports/STM32/STM32F0xx/hal_lld.h"
  19              		.file 6 "../../../ChibiOS/os/hal/src/hal.c"
  20              		.file 7 "../../../ChibiOS/os/hal/osal/rt-nil/osal.h"
  21              		.section	.gnu.debuglto_.debug_info,"e",%progbits
  22              	.Ldebug_info0:
  23              		.hidden	hal.c.d261c899
  24              		.weak	hal.c.d261c899
  25              	hal.c.d261c899:
  26 0000 AD000000 		.4byte	0xad
  27 0004 0500     		.2byte	0x5
  28 0006 01       		.byte	0x1
  29 0007 04       		.byte	0x4
  30 0008 00000000 		.4byte	.Ldebug_abbrev0
  31 000c 04       		.uleb128 0x4
  32 000d 49010000 		.4byte	.LASF17
  33 0011 1D       		.byte	0x1d
  34 0012 57000000 		.4byte	.LASF18
  35 0016 79000000 		.4byte	.LASF19
  36 001a 00000000 		.4byte	.Ldebug_line0
  37 001e 05       		.uleb128 0x5
  38 001f 04       		.byte	0x4
  39 0020 05       		.byte	0x5
  40 0021 696E7400 		.ascii	"int\000"
  41 0025 01       		.uleb128 0x1
  42 0026 04       		.byte	0x4
  43 0027 07       		.byte	0x7
  44 0028 21000000 		.4byte	.LASF0
  45 002c 01       		.uleb128 0x1
  46 002d 08       		.byte	0x8
  47 002e 05       		.byte	0x5
  48 002f 00000000 		.4byte	.LASF1
  49 0033 01       		.uleb128 0x1
  50 0034 08       		.byte	0x8
  51 0035 04       		.byte	0x4
  52 0036 2B010000 		.4byte	.LASF2
  53 003a 01       		.uleb128 0x1
  54 003b 01       		.byte	0x1
  55 003c 06       		.byte	0x6
  56 003d 16010000 		.4byte	.LASF3
  57 0041 01       		.uleb128 0x1
ARM GAS  /tmp/ccysNPOS.s 			page 2


  58 0042 01       		.byte	0x1
  59 0043 08       		.byte	0x8
  60 0044 C0000000 		.4byte	.LASF4
  61 0048 01       		.uleb128 0x1
  62 0049 02       		.byte	0x2
  63 004a 05       		.byte	0x5
  64 004b 37010000 		.4byte	.LASF5
  65 004f 01       		.uleb128 0x1
  66 0050 02       		.byte	0x2
  67 0051 07       		.byte	0x7
  68 0052 0E000000 		.4byte	.LASF6
  69 0056 01       		.uleb128 0x1
  70 0057 04       		.byte	0x4
  71 0058 05       		.byte	0x5
  72 0059 F6000000 		.4byte	.LASF7
  73 005d 01       		.uleb128 0x1
  74 005e 04       		.byte	0x4
  75 005f 07       		.byte	0x7
  76 0060 2E000000 		.4byte	.LASF8
  77 0064 01       		.uleb128 0x1
  78 0065 08       		.byte	0x8
  79 0066 07       		.byte	0x7
  80 0067 40000000 		.4byte	.LASF9
  81 006b 01       		.uleb128 0x1
  82 006c 01       		.byte	0x1
  83 006d 08       		.byte	0x8
  84 006e DC000000 		.4byte	.LASF10
  85 0072 01       		.uleb128 0x1
  86 0073 01       		.byte	0x1
  87 0074 02       		.byte	0x2
  88 0075 F0000000 		.4byte	.LASF11
  89 0079 03       		.uleb128 0x3
  90 007a E1000000 		.4byte	.LASF12
  91 007e 01       		.byte	0x1
  92 007f 46       		.byte	0x46
  93 0080 02       		.uleb128 0x2
  94 0081 0C010000 		.4byte	.LASF13
  95 0085 02       		.byte	0x2
  96 0086 6002     		.2byte	0x260
  97 0088 03       		.uleb128 0x3
  98 0089 41010000 		.4byte	.LASF14
  99 008d 03       		.byte	0x3
 100 008e E1       		.byte	0xe1
 101 008f 02       		.uleb128 0x2
 102 0090 CE000000 		.4byte	.LASF15
 103 0094 04       		.byte	0x4
 104 0095 F201     		.2byte	0x1f2
 105 0097 02       		.uleb128 0x2
 106 0098 FF000000 		.4byte	.LASF16
 107 009c 05       		.byte	0x5
 108 009d E603     		.2byte	0x3e6
 109 009f 06       		.uleb128 0x6
 110 00a0 E8000000 		.4byte	.LASF20
 111 00a4 06       		.byte	0x6
 112 00a5 38       		.byte	0x38
 113 00a6 06       		.byte	0x6
 114 00a7 07       		.uleb128 0x7
ARM GAS  /tmp/ccysNPOS.s 			page 3


 115 00a8 22010000 		.4byte	.LASF21
 116 00ac 07       		.byte	0x7
 117 00ad 1202     		.2byte	0x212
 118 00af 14       		.byte	0x14
 119 00b0 00       		.byte	0
 120              		.section	.gnu.debuglto_.debug_abbrev,"e",%progbits
 121              	.Ldebug_abbrev0:
 122 0000 01       		.uleb128 0x1
 123 0001 24       		.uleb128 0x24
 124 0002 00       		.byte	0
 125 0003 0B       		.uleb128 0xb
 126 0004 0B       		.uleb128 0xb
 127 0005 3E       		.uleb128 0x3e
 128 0006 0B       		.uleb128 0xb
 129 0007 03       		.uleb128 0x3
 130 0008 0E       		.uleb128 0xe
 131 0009 00       		.byte	0
 132 000a 00       		.byte	0
 133 000b 02       		.uleb128 0x2
 134 000c 2E       		.uleb128 0x2e
 135 000d 00       		.byte	0
 136 000e 3F       		.uleb128 0x3f
 137 000f 19       		.uleb128 0x19
 138 0010 03       		.uleb128 0x3
 139 0011 0E       		.uleb128 0xe
 140 0012 3A       		.uleb128 0x3a
 141 0013 0B       		.uleb128 0xb
 142 0014 3B       		.uleb128 0x3b
 143 0015 05       		.uleb128 0x5
 144 0016 39       		.uleb128 0x39
 145 0017 21       		.uleb128 0x21
 146 0018 08       		.sleb128 8
 147 0019 27       		.uleb128 0x27
 148 001a 19       		.uleb128 0x19
 149 001b 3C       		.uleb128 0x3c
 150 001c 19       		.uleb128 0x19
 151 001d 00       		.byte	0
 152 001e 00       		.byte	0
 153 001f 03       		.uleb128 0x3
 154 0020 2E       		.uleb128 0x2e
 155 0021 00       		.byte	0
 156 0022 3F       		.uleb128 0x3f
 157 0023 19       		.uleb128 0x19
 158 0024 03       		.uleb128 0x3
 159 0025 0E       		.uleb128 0xe
 160 0026 3A       		.uleb128 0x3a
 161 0027 0B       		.uleb128 0xb
 162 0028 3B       		.uleb128 0x3b
 163 0029 0B       		.uleb128 0xb
 164 002a 39       		.uleb128 0x39
 165 002b 21       		.uleb128 0x21
 166 002c 08       		.sleb128 8
 167 002d 27       		.uleb128 0x27
 168 002e 19       		.uleb128 0x19
 169 002f 3C       		.uleb128 0x3c
 170 0030 19       		.uleb128 0x19
 171 0031 00       		.byte	0
ARM GAS  /tmp/ccysNPOS.s 			page 4


 172 0032 00       		.byte	0
 173 0033 04       		.uleb128 0x4
 174 0034 11       		.uleb128 0x11
 175 0035 01       		.byte	0x1
 176 0036 25       		.uleb128 0x25
 177 0037 0E       		.uleb128 0xe
 178 0038 13       		.uleb128 0x13
 179 0039 0B       		.uleb128 0xb
 180 003a 03       		.uleb128 0x3
 181 003b 0E       		.uleb128 0xe
 182 003c 1B       		.uleb128 0x1b
 183 003d 0E       		.uleb128 0xe
 184 003e 10       		.uleb128 0x10
 185 003f 17       		.uleb128 0x17
 186 0040 00       		.byte	0
 187 0041 00       		.byte	0
 188 0042 05       		.uleb128 0x5
 189 0043 24       		.uleb128 0x24
 190 0044 00       		.byte	0
 191 0045 0B       		.uleb128 0xb
 192 0046 0B       		.uleb128 0xb
 193 0047 3E       		.uleb128 0x3e
 194 0048 0B       		.uleb128 0xb
 195 0049 03       		.uleb128 0x3
 196 004a 08       		.uleb128 0x8
 197 004b 00       		.byte	0
 198 004c 00       		.byte	0
 199 004d 06       		.uleb128 0x6
 200 004e 2E       		.uleb128 0x2e
 201 004f 00       		.byte	0
 202 0050 3F       		.uleb128 0x3f
 203 0051 19       		.uleb128 0x19
 204 0052 03       		.uleb128 0x3
 205 0053 0E       		.uleb128 0xe
 206 0054 3A       		.uleb128 0x3a
 207 0055 0B       		.uleb128 0xb
 208 0056 3B       		.uleb128 0x3b
 209 0057 0B       		.uleb128 0xb
 210 0058 39       		.uleb128 0x39
 211 0059 0B       		.uleb128 0xb
 212 005a 27       		.uleb128 0x27
 213 005b 19       		.uleb128 0x19
 214 005c 00       		.byte	0
 215 005d 00       		.byte	0
 216 005e 07       		.uleb128 0x7
 217 005f 2E       		.uleb128 0x2e
 218 0060 00       		.byte	0
 219 0061 03       		.uleb128 0x3
 220 0062 0E       		.uleb128 0xe
 221 0063 3A       		.uleb128 0x3a
 222 0064 0B       		.uleb128 0xb
 223 0065 3B       		.uleb128 0x3b
 224 0066 05       		.uleb128 0x5
 225 0067 39       		.uleb128 0x39
 226 0068 0B       		.uleb128 0xb
 227 0069 27       		.uleb128 0x27
 228 006a 19       		.uleb128 0x19
ARM GAS  /tmp/ccysNPOS.s 			page 5


 229 006b 00       		.byte	0
 230 006c 00       		.byte	0
 231 006d 00       		.byte	0
 232              		.section	.gnu.debuglto_.debug_line,"e",%progbits
 233              	.Ldebug_line0:
 234 0000 68000000 		.4byte	.LELT0-.LSLT0
 235              	.LSLT0:
 236 0004 0500     		.2byte	0x5
 237 0006 04       		.byte	0x4
 238 0007 00       		.byte	0
 239 0008 60000000 		.4byte	.LELTP0-.LASLTP0
 240              	.LASLTP0:
 241 000c 01       		.byte	0x1
 242 000d 01       		.byte	0x1
 243 000e 01       		.byte	0x1
 244 000f F6       		.byte	0xf6
 245 0010 F2       		.byte	0xf2
 246 0011 0D       		.byte	0xd
 247 0012 00       		.byte	0
 248 0013 01       		.byte	0x1
 249 0014 01       		.byte	0x1
 250 0015 01       		.byte	0x1
 251 0016 01       		.byte	0x1
 252 0017 00       		.byte	0
 253 0018 00       		.byte	0
 254 0019 00       		.byte	0
 255 001a 01       		.byte	0x1
 256 001b 00       		.byte	0
 257 001c 00       		.byte	0
 258 001d 01       		.byte	0x1
 259 001e 01       		.byte	0x1
 260 001f 01       		.uleb128 0x1
 261 0020 1F       		.uleb128 0x1f
 262 0021 07       		.uleb128 0x7
 263 0022 39000000 		.4byte	.LASF22
 264 0026 1D010000 		.4byte	.LASF23
 265 002a 3D010000 		.4byte	.LASF24
 266 002e 0A000000 		.4byte	.LASF25
 267 0032 E9000000 		.4byte	.LASF26
 268 0036 C5000000 		.4byte	.LASF27
 269 003a 9F000000 		.4byte	.LASF28
 270 003e 02       		.byte	0x2
 271 003f 01       		.uleb128 0x1
 272 0040 1F       		.uleb128 0x1f
 273 0041 02       		.uleb128 0x2
 274 0042 0B       		.uleb128 0xb
 275 0043 08       		.uleb128 0x8
 276 0044 A3000000 		.4byte	.LASF29
 277 0048 00       		.byte	0
 278 0049 61010000 		.4byte	.LASF30
 279 004d 01       		.byte	0x1
 280 004e E1000000 		.4byte	.LASF31
 281 0052 06       		.byte	0x6
 282 0053 00000000 		.4byte	.LASF32
 283 0057 01       		.byte	0x1
 284 0058 91000000 		.4byte	.LASF33
 285 005c 03       		.byte	0x3
ARM GAS  /tmp/ccysNPOS.s 			page 6


 286 005d 80000000 		.4byte	.LASF34
 287 0061 04       		.byte	0x4
 288 0062 17010000 		.4byte	.LASF35
 289 0066 05       		.byte	0x5
 290 0067 8A000000 		.4byte	.LASF36
 291 006b 02       		.byte	0x2
 292              	.LELTP0:
 293              	.LELT0:
 294              		.section	.gnu.debuglto_.debug_str,"eMS",%progbits,1
 295              	.LASF1:
 296 0000 6C6F6E67 		.ascii	"long long int\000"
 296      206C6F6E 
 296      6720696E 
 296      7400
 297              	.LASF6:
 298 000e 73686F72 		.ascii	"short unsigned int\000"
 298      7420756E 
 298      7369676E 
 298      65642069 
 298      6E7400
 299              	.LASF0:
 300 0021 756E7369 		.ascii	"unsigned int\000"
 300      676E6564 
 300      20696E74 
 300      00
 301              	.LASF8:
 302 002e 6C6F6E67 		.ascii	"long unsigned int\000"
 302      20756E73 
 302      69676E65 
 302      6420696E 
 302      7400
 303              	.LASF9:
 304 0040 6C6F6E67 		.ascii	"long long unsigned int\000"
 304      206C6F6E 
 304      6720756E 
 304      7369676E 
 304      65642069 
 305              	.LASF18:
 306 0057 2E2E2F2E 		.ascii	"../../../ChibiOS/os/hal/src/hal.c\000"
 306      2E2F2E2E 
 306      2F436869 
 306      62694F53 
 306      2F6F732F 
 307              	.LASF19:
 308 0079 2F686F6D 		.ascii	"/home/kocur/wideband-2311-f0_addon/firmware/boards/"
 308      652F6B6F 
 308      6375722F 
 308      77696465 
 308      62616E64 
 309 00ac 66305F61 		.ascii	"f0_addon/bootloader\000"
 309      64646F6E 
 309      2F626F6F 
 309      746C6F61 
 309      64657200 
 310              	.LASF4:
 311 00c0 756E7369 		.ascii	"unsigned char\000"
 311      676E6564 
ARM GAS  /tmp/ccysNPOS.s 			page 7


 311      20636861 
 311      7200
 312              	.LASF15:
 313 00ce 5F70616C 		.ascii	"_pal_lld_init\000"
 313      5F6C6C64 
 313      5F696E69 
 313      7400
 314              	.LASF10:
 315 00dc 63686172 		.ascii	"char\000"
 315      00
 316              	.LASF12:
 317 00e1 7374496E 		.ascii	"stInit\000"
 317      697400
 318              	.LASF20:
 319 00e8 68616C49 		.ascii	"halInit\000"
 319      6E697400 
 320              	.LASF11:
 321 00f0 5F426F6F 		.ascii	"_Bool\000"
 321      6C00
 322              	.LASF7:
 323 00f6 6C6F6E67 		.ascii	"long int\000"
 323      20696E74 
 323      00
 324              	.LASF16:
 325 00ff 68616C5F 		.ascii	"hal_lld_init\000"
 325      6C6C645F 
 325      696E6974 
 325      00
 326              	.LASF13:
 327 010c 626F6172 		.ascii	"boardInit\000"
 327      64496E69 
 327      7400
 328              	.LASF3:
 329 0116 7369676E 		.ascii	"signed char\000"
 329      65642063 
 329      68617200 
 330              	.LASF21:
 331 0122 6F73616C 		.ascii	"osalInit\000"
 331      496E6974 
 331      00
 332              	.LASF2:
 333 012b 6C6F6E67 		.ascii	"long double\000"
 333      20646F75 
 333      626C6500 
 334              	.LASF5:
 335 0137 73686F72 		.ascii	"short int\000"
 335      7420696E 
 335      7400
 336              	.LASF14:
 337 0141 63616E49 		.ascii	"canInit\000"
 337      6E697400 
 338              	.LASF17:
 339 0149 474E5520 		.ascii	"GNU C17 11.3.1 20220712 -mcpu=cortex-m0 -mthumb -mf"
 339      43313720 
 339      31312E33 
 339      2E312032 
 339      30323230 
ARM GAS  /tmp/ccysNPOS.s 			page 8


 340 017c 6C6F6174 		.ascii	"loat-abi=soft -march=armv6s-m -ggdb -Os -fomit-fram"
 340      2D616269 
 340      3D736F66 
 340      74202D6D 
 340      61726368 
 341 01af 652D706F 		.ascii	"e-pointer -falign-functions=16 -fsingle-precision-c"
 341      696E7465 
 341      72202D66 
 341      616C6967 
 341      6E2D6675 
 342 01e2 6F6E7374 		.ascii	"onstant -ffunction-sections -fdata-sections -fno-co"
 342      616E7420 
 342      2D666675 
 342      6E637469 
 342      6F6E2D73 
 343 0215 6D6D6F6E 		.ascii	"mmon -flto\000"
 343      202D666C 
 343      746F00
 344              		.section	.gnu.debuglto_.debug_line_str,"eMS",%progbits,1
 345              	.LASF32:
 346 0000 68616C5F 		.ascii	"hal_can.h\000"
 346      63616E2E 
 346      6800
 347              	.LASF25:
 348 000a 2E2E2F2E 		.ascii	"../../../ChibiOS/os/hal/ports/STM32/LLD/GPIOv2\000"
 348      2E2F2E2E 
 348      2F436869 
 348      62694F53 
 348      2F6F732F 
 349              	.LASF22:
 350 0039 2F686F6D 		.ascii	"/home/kocur/wideband-2311-f0_addon/firmware/boards/"
 350      652F6B6F 
 350      6375722F 
 350      77696465 
 350      62616E64 
 351 006c 66305F61 		.ascii	"f0_addon/bootloader\000"
 351      64646F6E 
 351      2F626F6F 
 351      746C6F61 
 351      64657200 
 352              	.LASF34:
 353 0080 68616C5F 		.ascii	"hal_lld.h\000"
 353      6C6C642E 
 353      6800
 354              	.LASF36:
 355 008a 6F73616C 		.ascii	"osal.h\000"
 355      2E6800
 356              	.LASF33:
 357 0091 68616C5F 		.ascii	"hal_pal_lld.h\000"
 357      70616C5F 
 357      6C6C642E 
 357      6800
 358              	.LASF28:
 359 009f 63666700 		.ascii	"cfg\000"
 360              	.LASF29:
 361 00a3 2E2E2F2E 		.ascii	"../../../ChibiOS/os/hal/src/hal.c\000"
 361      2E2F2E2E 
ARM GAS  /tmp/ccysNPOS.s 			page 9


 361      2F436869 
 361      62694F53 
 361      2F6F732F 
 362              	.LASF27:
 363 00c5 2E2E2F2E 		.ascii	"../../../ChibiOS/os/hal/src\000"
 363      2E2F2E2E 
 363      2F436869 
 363      62694F53 
 363      2F6F732F 
 364              	.LASF31:
 365 00e1 626F6172 		.ascii	"board.h\000"
 365      642E6800 
 366              	.LASF26:
 367 00e9 2E2E2F2E 		.ascii	"../../../ChibiOS/os/hal/ports/STM32/STM32F0xx\000"
 367      2E2F2E2E 
 367      2F436869 
 367      62694F53 
 367      2F6F732F 
 368              	.LASF35:
 369 0117 68616C2E 		.ascii	"hal.c\000"
 369      6300
 370              	.LASF23:
 371 011d 2E2E2F2E 		.ascii	"../../../ChibiOS/os/hal/include\000"
 371      2E2F2E2E 
 371      2F436869 
 371      62694F53 
 371      2F6F732F 
 372              	.LASF24:
 373 013d 2E2E2F2E 		.ascii	"../../../ChibiOS/os/hal/osal/rt-nil\000"
 373      2E2F2E2E 
 373      2F436869 
 373      62694F53 
 373      2F6F732F 
 374              	.LASF30:
 375 0161 68616C5F 		.ascii	"hal_st.h\000"
 375      73742E68 
 375      00
 376              		.text
 377              		.section	.gnu.lto_.profile.3a9e885e84ebf68a,"e",%progbits
 378 0000 789C6362 		.ascii	"x\234cb\000\001\000\000\022\000\003"
 378      00010000 
 378      120003
 379              		.text
 380              		.section	.gnu.lto_.icf.3a9e885e84ebf68a,"e",%progbits
 381 0000 789CE364 		.ascii	"x\234\343d@\000F\206\377\267\037.eb`\000\000\023\365"
 381      40004686 
 381      FFB71F2E 
 381      65626000 
 381      0013F5
 382 0013 036D     		.ascii	"\003m"
 383              		.text
 384              		.section	.gnu.lto_.ipa_sra.3a9e885e84ebf68a,"e",%progbits
 385 0000 789CE367 		.ascii	"x\234\343g@\000F\020B@\000\001\351\000\027"
 385      40004610 
 385      42400001 
 385      E90017
 386              		.text
ARM GAS  /tmp/ccysNPOS.s 			page 10


 387              		.section	.gnu.lto_.inline.3a9e885e84ebf68a,"e",%progbits
 388 0000 789C7366 		.ascii	"x\234sf@\000F\006\006\216\206\206\206\005\314\031\214"
 388      40004606 
 388      068E8686 
 388      8605CC19 
 388      8C
 389 0011 0C4C0C0C 		.ascii	"\014L\014\014\215@v\035\003\003\033\220j`Ja\002\011"
 389      8D40761D 
 389      03031B90 
 389      6A604A61 
 389      0209
 390 0023 01D570E1 		.ascii	"\001\325p\341#\031\000\231\233\010\001"
 390      23190099 
 390      9B0801
 391              		.text
 392              		.section	.gnu.lto_.jmpfuncs.3a9e885e84ebf68a,"e",%progbits
 393 0000 789CE362 		.ascii	"x\234\343b@\000F8\013\000\000\374\000\014"
 393      40004638 
 393      0B0000FC 
 393      000C
 394              		.text
 395              		.section	.gnu.lto_.pureconst.3a9e885e84ebf68a,"e",%progbits
 396 0000 789C6361 		.ascii	"x\234ca```d\230\301\002\000\001`\000\242"
 396      60606064 
 396      98C10200 
 396      016000A2 
 397              		.text
 398              		.section	.gnu.lto_.ipa_modref.3a9e885e84ebf68a,"e",%progbits
 399 0000 789CE367 		.ascii	"x\234\343g@\000F\006\006\005\001\001(\301\300\000\000"
 399      40004606 
 399      06050101 
 399      28C1C000 
 399      00
 400 0011 061F0091 		.ascii	"\006\037\000\221"
 401              		.text
 402              		.section	.gnu.lto_.lto.3a9e885e84ebf68a,"e",%progbits
 403 0000 0B000300 		.ascii	"\013\000\003\000\001\000\000\000"
 403      01000000 
 404              		.text
 405              		.section	.gnu.lto_halInit.186.3a9e885e84ebf68a,"e",%progbits
 406 0000 789C7BC8 		.ascii	"x\234{\310\300\300\220\003\304\312@\314\310\314\300"
 406      C0C09003 
 406      C4CA40CC 
 406      C8CCC0
 407 000f 38696217 		.ascii	"8ib\027\023CCC\203\003;\023c\343\304.N\306\355\214`"
 407      13434343 
 407      83033B13 
 407      63E3C42E 
 407      4EC6ED8C 
 408 0024 1E23433D 		.ascii	"\036#C=\023c=\343Bf} \367\307\321g\015\347\031\033V"
 408      13633DE3 
 408      42667D20 
 408      F7C7D167 
 408      0DE7191B 
 409 0039 1C607CC5 		.ascii	"\034`|\305\300P\317\000\005\334\0206#\020\257\277\304"
 409      C050CF00 
 409      05DC1036 
ARM GAS  /tmp/ccysNPOS.s 			page 11


 409      2310AFBF 
 409      C4
 410 004a 7AA0E1CF 		.ascii	"z\240\341\317\377\376\206\206\247\217\030\367\251\262"
 410      FFFE8686 
 410      A78F18F7 
 410      A9B2
 411 0058 3330CC63 		.ascii	"30\314c\006\231\332\300\302\330p\200\201a>3\023\204"
 411      0699DAC0 
 411      C2D87080 
 411      81613E33 
 411      1384
 412 006a D30CE47C 		.ascii	"\323\014\344|gjx\364\235\027L\375ad\370\313\324\254"
 412      676A78F4 
 412      9D174CFD 
 412      6164F8CB 
 412      D4AC
 413 007c C0D0C5C8 		.ascii	"\300\320\305\310T[\315\300\300\304\014\026\235\302\206"
 413      545BCDC0 
 413      C0C40C16 
 413      9DC286
 414 008b 102D878B 		.ascii	"\020-\207\213nC\022-\205\213\336\342B\210\026\303E\177"
 414      6E43122D 
 414      858BDEE2 
 414      428816C3 
 414      457F
 415 009d 20891682 		.ascii	" \211\026\202E\37735=\370\353\005v\366<fF\210c\232\016"
 415      45FF3335 
 415      3DF8EB05 
 415      76F63C66 
 415      4688639A 
 416 00b2 80B8EEFA 		.ascii	"\200\270\356\372\031\371\271\251\372\331\371\311\245"
 416      19F9B9A9 
 416      FAD9F9C9 
 416      A5
 417 00bf 45FAE599 		.ascii	"E\372\345\231)\251I\211y)\272F\306\206\206\272i\006"
 417      29A94989 
 417      7929BA46 
 417      C68686BA 
 417      6906
 418 00d1 F1892929 		.ascii	"\361\211))\371y\372i\231E\271\345\211E\251\372I\371"
 418      F979FA69 
 418      9945B9E5 
 418      8945A9FA 
 418      49F9
 419 00e3 894529C5 		.ascii	"\211E)\305\372p\211\244\374\374\222\234\374\304\224"
 419      FA7089A4 
 419      FCFC929C 
 419      FCC494
 420 00f2 D4220625 		.ascii	"\324\"\006%==}\010r\316\310L\312\364\017\326\317/\326"
 420      3D3D7D08 
 420      72CEC84C 
 420      CAF40FD6 
 420      CF2FD6
 421 0105 CF48CCD1 		.ascii	"\317H\314\321/.J\006\321z\311\014\000\204\303s\232"
 421      2F2E4A06 
 421      D17AC90C 
 421      0084C373 
ARM GAS  /tmp/ccysNPOS.s 			page 12


 421      9A
 422              		.text
 423              		.section	.gnu.lto_.symbol_nodes.3a9e885e84ebf68a,"e",%progbits
 424 0000 789C75CE 		.ascii	"x\234u\316\315\031\200 \014\003\320\204\002k\270\234"
 424      CD198020 
 424      0C03D084 
 424      026BB89C 
 425 0010 7B143770 		.ascii	"{\0247p\010\247\300\277\015\334\300\233{(\002\327\346"
 425      08A7C0BF 
 425      0DDCC09B 
 425      7B2802D7 
 425      E6
 426 0021 942FAF87 		.ascii	"\224/\257\207\336(q\231\212T\3429_\200\0029M,\300\223"
 426      DE287199 
 426      8A54E239 
 426      5F800239 
 426      4D2CC093 
 427 0035 CAB767A8 		.ascii	"\312\267g\250\210\377\260\332Au\226\355T\261l\243z\313"
 427      88FFB0DA 
 427      417596ED 
 427      54B16CA3 
 427      7ACB
 428 0047 566A304C 		.ascii	"Vj0L\020\332\213\243\300\267\266P \255>\245\272\276"
 428      10DA8BA3 
 428      C0B7B650 
 428      20AD3EA5 
 428      BABE
 429 0059 4601FB1A 		.ascii	"F\001\373\032\361\001\216lR\211"
 429      F1018E6C 
 429      5289
 430              		.text
 431              		.section	.gnu.lto_.refs.3a9e885e84ebf68a,"e",%progbits
 432 0000 789C6364 		.ascii	"x\234cd\000\002\000\000\012\000\002"
 432      00020000 
 432      0A0002
 433              		.text
 434              		.section	.gnu.lto_.decls.3a9e885e84ebf68a,"e",%progbits
 435 0000 789C8D90 		.ascii	"x\234\215\220]h\023Y\024\307\357\235\244\311\324\215"
 435      5D681359 
 435      14C7EF9D 
 435      A4C9D48D 
 436 0010 9AA082EB 		.ascii	"\232\240\202\353\212t\327\227\256\320L\323\262\325>"
 436      8A74D797 
 436      AED04CD3 
 436      B2D53E
 437 001f 2C165CB6 		.ascii	",\026\\\266\024\272uA}.\351Lj\202I\246$Q\353\203p&\011"
 437      14BA7541 
 437      7D2EE94C 
 437      6A8249A6 
 437      2451EB83 
 438 0036 E9885F93 		.ascii	"\351\210_\223.\330!(\316\016>\250 \024]\320\3265\014"
 438      2ED82128 
 438      CE0E3EA8 
 438      20145DD0 
 438      D6350C
 439 0049 691AE207 		.ascii	"i\032\342\007R\020\334}\020,\012Z\273}P\227]\312.\335"
 439      5210DC7D 
ARM GAS  /tmp/ccysNPOS.s 			page 13


 439      102C0A5A 
 439      BB7D5097 
 439      5DCA2EDD 
 440 005d F5DCC920 		.ascii	"\365\334\311 \276\210\275\314\231\271\367\234\337\377"
 440      BE88BDCC 
 440      99B9F79C 
 440      DFFF
 441 006b 7FEE9C09 		.ascii	"\177\356\234\011\216\220\337(!\375\204\220\377q\341"
 441      8E90DF28 
 441      21FD8490 
 441      FF71E1
 442 007a 913CC2F0 		.ascii	"\221<\302\360`\2241,\214\012F\025\243\206Q\3078\216"
 442      6094312C 
 442      8C0A4615 
 442      A38651C7 
 442      388E
 443 008c 3CEFD4EF 		.ascii	"<\357\324\357;\271;N\275\352\360L\347\346._\037\233"
 443      3BB93B4E 
 443      BDEAF04C 
 443      E7E62E5F 
 443      1F9B
 444 009e F6BEA100 		.ascii	"\366\276\241\000P\007K\251\362\232\271\000\223\000#"
 444      50074BA9 
 444      F29AB900 
 444      930023
 445 00ad 505BD04B 		.ascii	"P[\320K\205\0055P\314bmR\205-:\246K\245y\2153\\\220"
 445      85053550 
 445      CC626D52 
 445      852D3AA6 
 445      4BA5798D 
 446 00c4 C71CE47C 		.ascii	"\307\034\344|\360\013~\262Q\310\025\330\371\324f#\007"
 446      F00B7EB2 
 446      51C815D8 
 446      F9D46623 
 446      07
 447 00d5 F69AA360 		.ascii	"\366\232\243`\025`\322\362\2303P\320\241\277T\251\371"
 447      1560D2F2 
 447      983350D0 
 447      A1BF54A9 
 447      F9
 448 00e6 30AD292F 		.ascii	"0\255)/\246FK\363\263P\312\327\251\011\330\317\200S"
 448      A6464BF3 
 448      B350CAD7 
 448      A909D8CF 
 448      8053
 449 00f8 9F63E134 		.ascii	"\237c\3414\344U\305\247<{\365\3320\200\202\001\252f"
 449      E455C5A7 
 449      3C7BF5DA 
 449      30808201 
 449      AA66
 450 010a 5A6A4033 		.ascii	"Zj@3AU\346gUZ\004KS\262=E3\257\262\010\024\015K-f\363"
 450      4155E667 
 450      555A044B 
 450      53B23D45 
 450      33AFB208 
 451 0124 C00805F5 		.ascii	"\300\010\005\365*\325\320\001\262\270\231`}\240\012"
 451      2AD5D001 
ARM GAS  /tmp/ccysNPOS.s 			page 14


 451      B2B89960 
 451      7DA00A
 452 0133 7ECDAC22 		.ascii	"~\315\254\"\003\274\206\367\327\214\274\352WP\004\227"
 452      03BC86F7 
 452      D78CBCEA 
 452      57500497 
 453 0143 AA10F899 		.ascii	"\252\020\370\231\251\261\032(\2427dq\243\340\211\371"
 453      A9B11A28 
 453      A2376471 
 453      A3E089F9 
 454 0153 F815D84C 		.ascii	"\370\025\330L\330\302=\007-\000=n\356\331\333?\247\371"
 454      D8C23D07 
 454      2D003D6E 
 454      EED9DB3F 
 454      A7F9
 455 0165 B76C40FA 		.ascii	"\267l@\372F\262I\353!\244\335\317\177A\370\355\344\233"
 455      46B249EB 
 455      21A4DDCF 
 455      7F41F8ED 
 455      E49B
 456 0177 C6CF9A22 		.ascii	"\306\317\232\"\231\246\266j\300\347\331@9\317&\352w"
 456      99A6B66A 
 456      C0E7D940 
 456      39CF26EA 
 456      77
 457 0188 7357969F 		.ascii	"sW\226\237\314\270\266by\011`\343\"\271C\177E\246L\311"
 457      CCB8B662 
 457      790960E3 
 457      22B9437F 
 457      45A64CC9 
 458 019c 1B7BEA4B 		.ascii	"\033{\352K\177\375{\242\251U\327ay\245\3602\273\255"
 458      7FFD7BA2 
 458      A955D761 
 458      79A5F032 
 458      BBAD
 459 01ae 9683CB88 		.ascii	"\226\203\313\210\366\224\351\024\275m{MQr\213\336\244"
 459      F694E914 
 459      BD6D7B4D 
 459      51728BDE 
 459      A4
 460 01bf 0317297F 		.ascii	"\003\027)\177\227\242 {\301|@[u\200\345\2713gr\236\363"
 460      97A2207B 
 460      C17C405B 
 460      7580E5B9 
 460      3367729E 
 461 01d4 50E1CAD4 		.ascii	"P\341\312\324r`\213\275\007\216\361\3770\362\332\342"
 461      72608BBD 
 461      078EF1FF 
 461      30F2DAE2 
 462 01e4 F31B9F31 		.ascii	"\363\033\2371\362\226>^\357l\200\025\007\254\330 P\376"
 462      F2963E5E 
 462      EF6C8015 
 462      07ACD820 
 462      50FE
 463 01f6 270EC985 		.ascii	"'\016\311\2059}\256\331&\377\036\277;\3465Z\313\264"
 463      397DAED9 
 463      26FF1EBF 
ARM GAS  /tmp/ccysNPOS.s 			page 15


 463      3BE6355A 
 463      CBB4
 464 0208 EA80551B 		.ascii	"\352\200U\033T)_c\340\322\225\223W]6\370\373\271\305"
 464      54295F63 
 464      E0D29593 
 464      575D36F8 
 464      FBB9C5
 465 021b B3365873 		.ascii	"\2636Xs\300\232\015\236\245\374\270\013\301\247\245"
 465      C09A0D9E 
 465      A5FCB80B 
 465      C1A7A5
 466 022a 3F569A6C 		.ascii	"?V\232l\360\277\322\303\335\215\336u\207\254\333\344"
 466      F0BFD2C3 
 466      DD8DDE75 
 466      87ACDBE4 
 467 023a 04C511B9 		.ascii	"\004\305\021\271qD-nn\372\306\343\347\336\200\005\360"
 467      71442D6E 
 467      6EFAC6E3 
 467      E7DE8005 
 467      F0
 468 024b 1A8C8ABB 		.ascii	"\032\214\212\273L\357\323{\310<`\234+\324E\232\303\251"
 468      4CEFD37B 
 468      C83C609C 
 468      2BD4459A 
 468      C3A9
 469 025d C491AE74 		.ascii	"\304\221\256t[\202\254\021\345T&2\332\226h'\336h8\336"
 469      5B82AC11 
 469      E5542632 
 469      DA966827 
 469      DE6838DE 
 470 0271 978C65BE 		.ascii	"\227\214e\276\014\006\205\306\263'\032\033\212\355\335"
 470      0C0685C6 
 470      B3271A1B 
 470      8AEDDD
 471 0280 27C86901 		.ascii	"'\310i\001kB:%\262oP\344{\007\016\264\354\011\355$\353"
 471      6B423A25 
 471      B26F50E4 
 471      7B070EB4 
 471      EC09ED24 
 472 0295 ED6350EA 		.ascii	"\355cP\352\350\012\211\273\272\273I\257\020\225\023"
 472      E80A89BB 
 472      BABB49AF 
 472      109513
 473 02a4 11E1902C 		.ascii	"\021\341\220,\036N\011GcRd(\234\224\332::C\241\266\341"
 473      1E4E0947 
 473      63526428 
 473      9C94DA3A 
 473      3A43A1B6 
 474 02b9 F6C1B024 		.ascii	"\366\301\260$\311Ia8\226J\034\015\247\"\302\220\034"
 474      C9496138 
 474      964A1C0D 
 474      A722C290 
 474      1C
 475 02ca 4E4969E1 		.ascii	"NIi\341}aH\2263q9,ER\344\253O^\201x\322\031v\331\257"
 475      7D614896 
 475      3371392C 
 475      4552E4AB 
ARM GAS  /tmp/ccysNPOS.s 			page 16


 475      4F5E8178 
 476 02e3 3F46C692 		.ascii	"?F\306\222b\374\260\024a\373\301t&\030%\315v?\246Y\027"
 476      62FCB014 
 476      61FBC174 
 476      261825CD 
 476      763FA659 
 477 02f8 14C4E183 		.ascii	"\024\304\341\203\215\376X\360\212\341$K\357X\215\025"
 477      8DFE58F0 
 477      8AE1244B 
 477      EF588D15 
 478 0308 B228593B 		.ascii	"\262(Y;8\202\373x\\\032\214\241\360\333\217\011Gp\266"
 478      3882FB78 
 478      5C1A8CA1 
 478      F0DB8F09 
 478      4770B6
 479 031b 6961DFFE 		.ascii	"ia\337\376\037:;\204\376\376\357\204\336\037\373\366"
 479      1F3A3B84 
 479      FEFEEF84 
 479      DE1FFBF6 
 480 032b 1EE9B07D 		.ascii	"\036\351\260}\034=z\371\242\037X\355Z\215\225\375\376"
 480      1C3D7AF9 
 480      A21F58ED 
 480      5A8D95FD 
 480      FE
 481 033c BE7D7454 		.ascii	"\276}tT\210\276wy\007\337\234\265-"
 481      88BE7779 
 481      07DF9CB5 
 481      2D
 482              		.text
 483              		.section	.gnu.lto_.symtab.3a9e885e84ebf68a,"e",%progbits
 484 0000 68616C49 		.ascii	"halInit\000"
 484      6E697400 
 485 0008 00       		.ascii	"\000"
 486 0009 00       		.ascii	"\000"
 487 000a 00       		.ascii	"\000"
 488 000b 00000000 		.ascii	"\000\000\000\000\000\000\000\000"
 488      00000000 
 489 0013 BE000000 		.ascii	"\276\000\000\000"
 490 0017 7374496E 		.ascii	"stInit\000"
 490      697400
 491 001e 00       		.ascii	"\000"
 492 001f 02       		.ascii	"\002"
 493 0020 00       		.ascii	"\000"
 494 0021 00000000 		.ascii	"\000\000\000\000\000\000\000\000"
 494      00000000 
 495 0029 C0000000 		.ascii	"\300\000\000\000"
 496 002d 626F6172 		.ascii	"boardInit\000"
 496      64496E69 
 496      7400
 497 0037 00       		.ascii	"\000"
 498 0038 02       		.ascii	"\002"
 499 0039 00       		.ascii	"\000"
 500 003a 00000000 		.ascii	"\000\000\000\000\000\000\000\000"
 500      00000000 
 501 0042 C2000000 		.ascii	"\302\000\000\000"
 502 0046 63616E49 		.ascii	"canInit\000"
 502      6E697400 
ARM GAS  /tmp/ccysNPOS.s 			page 17


 503 004e 00       		.ascii	"\000"
 504 004f 02       		.ascii	"\002"
 505 0050 00       		.ascii	"\000"
 506 0051 00000000 		.ascii	"\000\000\000\000\000\000\000\000"
 506      00000000 
 507 0059 C4000000 		.ascii	"\304\000\000\000"
 508 005d 5F70616C 		.ascii	"_pal_lld_init\000"
 508      5F6C6C64 
 508      5F696E69 
 508      7400
 509 006b 00       		.ascii	"\000"
 510 006c 02       		.ascii	"\002"
 511 006d 00       		.ascii	"\000"
 512 006e 00000000 		.ascii	"\000\000\000\000\000\000\000\000"
 512      00000000 
 513 0076 C6000000 		.ascii	"\306\000\000\000"
 514 007a 68616C5F 		.ascii	"hal_lld_init\000"
 514      6C6C645F 
 514      696E6974 
 514      00
 515 0087 00       		.ascii	"\000"
 516 0088 02       		.ascii	"\002"
 517 0089 00       		.ascii	"\000"
 518 008a 00000000 		.ascii	"\000\000\000\000\000\000\000\000"
 518      00000000 
 519 0092 C8000000 		.ascii	"\310\000\000\000"
 520              		.text
 521              		.section	.gnu.lto_.ext_symtab.3a9e885e84ebf68a,"e",%progbits
 522 0000 01       		.ascii	"\001"
 523 0001 01       		.ascii	"\001"
 524 0002 00       		.ascii	"\000"
 525 0003 01       		.ascii	"\001"
 526 0004 00       		.ascii	"\000"
 527 0005 01       		.ascii	"\001"
 528 0006 00       		.ascii	"\000"
 529 0007 01       		.ascii	"\001"
 530 0008 00       		.ascii	"\000"
 531 0009 01       		.ascii	"\001"
 532 000a 00       		.ascii	"\000"
 533 000b 01       		.ascii	"\001"
 534 000c 00       		.ascii	"\000"
 535              		.text
 536              		.section	.gnu.lto_.opts,"e",%progbits
 537 0000 272D666E 		.ascii	"'-fno-openmp' '-fno-openacc' '-fno-pie' '-fcf-prote"
 537      6F2D6F70 
 537      656E6D70 
 537      2720272D 
 537      666E6F2D 
 538 0033 6374696F 		.ascii	"ction=none' '-g' '-mcpu=cortex-m0' '-mthumb' '-mflo"
 538      6E3D6E6F 
 538      6E652720 
 538      272D6727 
 538      20272D6D 
 539 0066 61742D61 		.ascii	"at-abi=soft' '-mlibarch=armv6s-m' '-march=armv6s-m'"
 539      62693D73 
 539      6F667427 
 539      20272D6D 
ARM GAS  /tmp/ccysNPOS.s 			page 18


 539      6C696261 
 540 0099 20272D4F 		.ascii	" '-Os' '-fomit-frame-pointer' '-falign-functions=16"
 540      73272027 
 540      2D666F6D 
 540      69742D66 
 540      72616D65 
 541 00cc 2720272D 		.ascii	"' '-fsingle-precision-constant' '-ffunction-section"
 541      6673696E 
 541      676C652D 
 541      70726563 
 541      6973696F 
 542 00ff 73272027 		.ascii	"s' '-fdata-sections' '-fno-common' '-flto' '-Xassem"
 542      2D666461 
 542      74612D73 
 542      65637469 
 542      6F6E7327 
 543 0132 626C6572 		.ascii	"bler' '-alms=./build/lst/hal.lst'\000"
 543      2720272D 
 543      616C6D73 
 543      3D2E2F62 
 543      75696C64 
 544              		.text
 545              		.comm	__gnu_lto_slim,1,1
 546              		.ident	"GCC: (Arm GNU Toolchain 11.3.Rel1) 11.3.1 20220712"
ARM GAS  /tmp/ccysNPOS.s 			page 19


DEFINED SYMBOLS
                            *ABS*:0000000000000000 hal.c
     /tmp/ccysNPOS.s:25     .gnu.debuglto_.debug_info:0000000000000000 hal.c.d261c899
                            *COM*:0000000000000001 __gnu_lto_slim

NO UNDEFINED SYMBOLS
