ARM GAS  /tmp/ccUMOM3W.s 			page 1


   1              		.cpu cortex-m0
   2              		.arch armv6s-m
   3              		.fpu softvfp
   4              		.eabi_attribute 20, 1
   5              		.eabi_attribute 21, 1
   6              		.eabi_attribute 23, 3
   7              		.eabi_attribute 24, 1
   8              		.eabi_attribute 25, 1
   9              		.eabi_attribute 26, 1
  10              		.eabi_attribute 30, 4
  11              		.eabi_attribute 34, 0
  12              		.eabi_attribute 18, 4
  13              		.file	"hal_lld.c"
  14              		.file 1 "/home/kocur/.rusefi-tools/arm-gnu-toolchain-11.3.rel1-x86_64-arm-none-eabi/arm-none-eabi/
  15              		.file 2 "/home/kocur/.rusefi-tools/arm-gnu-toolchain-11.3.rel1-x86_64-arm-none-eabi/arm-none-eabi/
  16              		.file 3 "../../../ChibiOS/os/common/ext/ST/STM32F0xx/stm32f042x6.h"
  17              		.file 4 "../../../ChibiOS/os/hal/ports/STM32/STM32F0xx/hal_lld.c"
  18              		.file 5 "../../../ChibiOS/os/common/ext/ST/STM32F0xx/system_stm32f0xx.h"
  19              		.file 6 "../../../ChibiOS/os/hal/ports/STM32/STM32F0xx/stm32_isr.h"
  20              		.section	.gnu.debuglto_.debug_info,"e",%progbits
  21              	.Ldebug_info0:
  22              		.hidden	hal_lld.c.d42f7d0e
  23              		.weak	hal_lld.c.d42f7d0e
  24              	hal_lld.c.d42f7d0e:
  25 0000 2B020000 		.4byte	0x22b
  26 0004 0500     		.2byte	0x5
  27 0006 01       		.byte	0x1
  28 0007 04       		.byte	0x4
  29 0008 00000000 		.4byte	.Ldebug_abbrev0
  30 000c 07       		.uleb128 0x7
  31 000d 8A010000 		.4byte	.LASF33
  32 0011 1D       		.byte	0x1d
  33 0012 12000000 		.4byte	.LASF34
  34 0016 97020000 		.4byte	.LASF35
  35 001a 00000000 		.4byte	.Ldebug_line0
  36 001e 08       		.uleb128 0x8
  37 001f 04       		.byte	0x4
  38 0020 05       		.byte	0x5
  39 0021 696E7400 		.ascii	"int\000"
  40 0025 02       		.uleb128 0x2
  41 0026 04       		.byte	0x4
  42 0027 07       		.byte	0x7
  43 0028 1C010000 		.4byte	.LASF0
  44 002c 02       		.uleb128 0x2
  45 002d 08       		.byte	0x8
  46 002e 05       		.byte	0x5
  47 002f 4C010000 		.4byte	.LASF1
  48 0033 02       		.uleb128 0x2
  49 0034 08       		.byte	0x8
  50 0035 04       		.byte	0x4
  51 0036 40010000 		.4byte	.LASF2
  52 003a 02       		.uleb128 0x2
  53 003b 01       		.byte	0x1
  54 003c 06       		.byte	0x6
  55 003d 78020000 		.4byte	.LASF3
  56 0041 02       		.uleb128 0x2
  57 0042 01       		.byte	0x1
ARM GAS  /tmp/ccUMOM3W.s 			page 2


  58 0043 08       		.byte	0x8
  59 0044 0E010000 		.4byte	.LASF4
  60 0048 02       		.uleb128 0x2
  61 0049 02       		.byte	0x2
  62 004a 05       		.byte	0x5
  63 004b 6F010000 		.4byte	.LASF5
  64 004f 02       		.uleb128 0x2
  65 0050 02       		.byte	0x2
  66 0051 07       		.byte	0x7
  67 0052 8D000000 		.4byte	.LASF6
  68 0056 02       		.uleb128 0x2
  69 0057 04       		.byte	0x4
  70 0058 05       		.byte	0x5
  71 0059 6A020000 		.4byte	.LASF7
  72 005d 06       		.uleb128 0x6
  73 005e D7000000 		.4byte	.LASF10
  74 0062 01       		.byte	0x1
  75 0063 4F       		.byte	0x4f
  76 0064 19       		.byte	0x19
  77 0065 69000000 		.4byte	0x69
  78 0069 02       		.uleb128 0x2
  79 006a 04       		.byte	0x4
  80 006b 07       		.byte	0x7
  81 006c B4000000 		.4byte	.LASF8
  82 0070 02       		.uleb128 0x2
  83 0071 08       		.byte	0x8
  84 0072 07       		.byte	0x7
  85 0073 29010000 		.4byte	.LASF9
  86 0077 06       		.uleb128 0x6
  87 0078 61020000 		.4byte	.LASF11
  88 007c 02       		.byte	0x2
  89 007d 30       		.byte	0x30
  90 007e 14       		.byte	0x14
  91 007f 5D000000 		.4byte	0x5d
  92 0083 09       		.uleb128 0x9
  93 0084 77000000 		.4byte	0x77
  94 0088 02       		.uleb128 0x2
  95 0089 01       		.byte	0x1
  96 008a 08       		.byte	0x8
  97 008b 5A010000 		.4byte	.LASF12
  98 008f 0A       		.uleb128 0xa
  99 0090 5F010000 		.4byte	.LASF36
 100 0094 05       		.byte	0x5
 101 0095 4A       		.byte	0x4a
 102 0096 11       		.byte	0x11
 103 0097 77000000 		.4byte	0x77
 104 009b 04       		.uleb128 0x4
 105 009c 24       		.byte	0x24
 106 009d 3501     		.2byte	0x135
 107 009f 0D010000 		.4byte	0x10d
 108 00a3 03       		.uleb128 0x3
 109 00a4 41435200 		.ascii	"ACR\000"
 110 00a8 3701     		.2byte	0x137
 111 00aa 83000000 		.4byte	0x83
 112 00ae 00       		.byte	0
 113 00af 01       		.uleb128 0x1
 114 00b0 73020000 		.4byte	.LASF13
ARM GAS  /tmp/ccUMOM3W.s 			page 3


 115 00b4 3801     		.2byte	0x138
 116 00b6 83000000 		.4byte	0x83
 117 00ba 04       		.byte	0x4
 118 00bb 01       		.uleb128 0x1
 119 00bc A0000000 		.4byte	.LASF14
 120 00c0 3901     		.2byte	0x139
 121 00c2 83000000 		.4byte	0x83
 122 00c6 08       		.byte	0x8
 123 00c7 03       		.uleb128 0x3
 124 00c8 535200   		.ascii	"SR\000"
 125 00cb 3A01     		.2byte	0x13a
 126 00cd 83000000 		.4byte	0x83
 127 00d1 0C       		.byte	0xc
 128 00d2 03       		.uleb128 0x3
 129 00d3 435200   		.ascii	"CR\000"
 130 00d6 3B01     		.2byte	0x13b
 131 00d8 83000000 		.4byte	0x83
 132 00dc 10       		.byte	0x10
 133 00dd 03       		.uleb128 0x3
 134 00de 415200   		.ascii	"AR\000"
 135 00e1 3C01     		.2byte	0x13c
 136 00e3 83000000 		.4byte	0x83
 137 00e7 14       		.byte	0x14
 138 00e8 01       		.uleb128 0x1
 139 00e9 C6000000 		.4byte	.LASF15
 140 00ed 3D01     		.2byte	0x13d
 141 00ef 83000000 		.4byte	0x83
 142 00f3 18       		.byte	0x18
 143 00f4 03       		.uleb128 0x3
 144 00f5 4F425200 		.ascii	"OBR\000"
 145 00f9 3E01     		.2byte	0x13e
 146 00fb 83000000 		.4byte	0x83
 147 00ff 1C       		.byte	0x1c
 148 0100 01       		.uleb128 0x1
 149 0101 67000000 		.4byte	.LASF16
 150 0105 3F01     		.2byte	0x13f
 151 0107 83000000 		.4byte	0x83
 152 010b 20       		.byte	0x20
 153 010c 00       		.byte	0
 154 010d 05       		.uleb128 0x5
 155 010e 52000000 		.4byte	.LASF17
 156 0112 4001     		.2byte	0x140
 157 0114 9B000000 		.4byte	0x9b
 158 0118 04       		.uleb128 0x4
 159 0119 08       		.byte	0x8
 160 011a 9001     		.2byte	0x190
 161 011c 38010000 		.4byte	0x138
 162 0120 03       		.uleb128 0x3
 163 0121 435200   		.ascii	"CR\000"
 164 0124 9201     		.2byte	0x192
 165 0126 83000000 		.4byte	0x83
 166 012a 00       		.byte	0
 167 012b 03       		.uleb128 0x3
 168 012c 43535200 		.ascii	"CSR\000"
 169 0130 9301     		.2byte	0x193
 170 0132 83000000 		.4byte	0x83
 171 0136 04       		.byte	0x4
ARM GAS  /tmp/ccUMOM3W.s 			page 4


 172 0137 00       		.byte	0
 173 0138 05       		.uleb128 0x5
 174 0139 A8000000 		.4byte	.LASF18
 175 013d 9401     		.2byte	0x194
 176 013f 18010000 		.4byte	0x118
 177 0143 04       		.uleb128 0x4
 178 0144 38       		.byte	0x38
 179 0145 9A01     		.2byte	0x19a
 180 0147 F3010000 		.4byte	0x1f3
 181 014b 03       		.uleb128 0x3
 182 014c 435200   		.ascii	"CR\000"
 183 014f 9C01     		.2byte	0x19c
 184 0151 83000000 		.4byte	0x83
 185 0155 00       		.byte	0
 186 0156 01       		.uleb128 0x1
 187 0157 05000000 		.4byte	.LASF19
 188 015b 9D01     		.2byte	0x19d
 189 015d 83000000 		.4byte	0x83
 190 0161 04       		.byte	0x4
 191 0162 03       		.uleb128 0x3
 192 0163 43495200 		.ascii	"CIR\000"
 193 0167 9E01     		.2byte	0x19e
 194 0169 83000000 		.4byte	0x83
 195 016d 08       		.byte	0x8
 196 016e 01       		.uleb128 0x1
 197 016f 05010000 		.4byte	.LASF20
 198 0173 9F01     		.2byte	0x19f
 199 0175 83000000 		.4byte	0x83
 200 0179 0C       		.byte	0xc
 201 017a 01       		.uleb128 0x1
 202 017b 78000000 		.4byte	.LASF21
 203 017f A001     		.2byte	0x1a0
 204 0181 83000000 		.4byte	0x83
 205 0185 10       		.byte	0x10
 206 0186 01       		.uleb128 0x1
 207 0187 60000000 		.4byte	.LASF22
 208 018b A101     		.2byte	0x1a1
 209 018d 83000000 		.4byte	0x83
 210 0191 14       		.byte	0x14
 211 0192 01       		.uleb128 0x1
 212 0193 CF000000 		.4byte	.LASF23
 213 0197 A201     		.2byte	0x1a2
 214 0199 83000000 		.4byte	0x83
 215 019d 18       		.byte	0x18
 216 019e 01       		.uleb128 0x1
 217 019f FD000000 		.4byte	.LASF24
 218 01a3 A301     		.2byte	0x1a3
 219 01a5 83000000 		.4byte	0x83
 220 01a9 1C       		.byte	0x1c
 221 01aa 01       		.uleb128 0x1
 222 01ab 00000000 		.4byte	.LASF25
 223 01af A401     		.2byte	0x1a4
 224 01b1 83000000 		.4byte	0x83
 225 01b5 20       		.byte	0x20
 226 01b6 03       		.uleb128 0x3
 227 01b7 43535200 		.ascii	"CSR\000"
 228 01bb A501     		.2byte	0x1a5
ARM GAS  /tmp/ccUMOM3W.s 			page 5


 229 01bd 83000000 		.4byte	0x83
 230 01c1 24       		.byte	0x24
 231 01c2 01       		.uleb128 0x1
 232 01c3 4A000000 		.4byte	.LASF26
 233 01c7 A601     		.2byte	0x1a6
 234 01c9 83000000 		.4byte	0x83
 235 01cd 28       		.byte	0x28
 236 01ce 01       		.uleb128 0x1
 237 01cf 81000000 		.4byte	.LASF27
 238 01d3 A701     		.2byte	0x1a7
 239 01d5 83000000 		.4byte	0x83
 240 01d9 2C       		.byte	0x2c
 241 01da 01       		.uleb128 0x1
 242 01db 87000000 		.4byte	.LASF28
 243 01df A801     		.2byte	0x1a8
 244 01e1 83000000 		.4byte	0x83
 245 01e5 30       		.byte	0x30
 246 01e6 03       		.uleb128 0x3
 247 01e7 43523200 		.ascii	"CR2\000"
 248 01eb A901     		.2byte	0x1a9
 249 01ed 83000000 		.4byte	0x83
 250 01f1 34       		.byte	0x34
 251 01f2 00       		.byte	0
 252 01f3 05       		.uleb128 0x5
 253 01f4 6C000000 		.4byte	.LASF29
 254 01f8 AA01     		.2byte	0x1aa
 255 01fa 43010000 		.4byte	0x143
 256 01fe 02       		.uleb128 0x2
 257 01ff 01       		.byte	0x1
 258 0200 02       		.byte	0x2
 259 0201 91020000 		.4byte	.LASF30
 260 0205 0B       		.uleb128 0xb
 261 0206 8F000000 		.4byte	0x8f
 262 020a 04       		.byte	0x4
 263 020b 2A       		.byte	0x2a
 264 020c 0A       		.byte	0xa
 265 020d 0C       		.uleb128 0xc
 266 020e 0A000000 		.4byte	.LASF37
 267 0212 06       		.byte	0x6
 268 0213 EE       		.byte	0xee
 269 0214 08       		.byte	0x8
 270 0215 0D       		.uleb128 0xd
 271 0216 79010000 		.4byte	.LASF31
 272 021a 04       		.byte	0x4
 273 021b 0701     		.2byte	0x107
 274 021d 06       		.byte	0x6
 275 021e 0E       		.uleb128 0xe
 276 021f 84020000 		.4byte	.LASF32
 277 0223 04       		.byte	0x4
 278 0224 E3       		.byte	0xe3
 279 0225 06       		.byte	0x6
 280 0226 0F       		.uleb128 0xf
 281 0227 E2000000 		.4byte	.LASF38
 282 022b 04       		.byte	0x4
 283 022c 39       		.byte	0x39
 284 022d 0D       		.byte	0xd
 285 022e 00       		.byte	0
ARM GAS  /tmp/ccUMOM3W.s 			page 6


 286              		.section	.gnu.debuglto_.debug_abbrev,"e",%progbits
 287              	.Ldebug_abbrev0:
 288 0000 01       		.uleb128 0x1
 289 0001 0D       		.uleb128 0xd
 290 0002 00       		.byte	0
 291 0003 03       		.uleb128 0x3
 292 0004 0E       		.uleb128 0xe
 293 0005 3A       		.uleb128 0x3a
 294 0006 21       		.uleb128 0x21
 295 0007 03       		.sleb128 3
 296 0008 3B       		.uleb128 0x3b
 297 0009 05       		.uleb128 0x5
 298 000a 39       		.uleb128 0x39
 299 000b 21       		.uleb128 0x21
 300 000c 11       		.sleb128 17
 301 000d 49       		.uleb128 0x49
 302 000e 13       		.uleb128 0x13
 303 000f 38       		.uleb128 0x38
 304 0010 0B       		.uleb128 0xb
 305 0011 00       		.byte	0
 306 0012 00       		.byte	0
 307 0013 02       		.uleb128 0x2
 308 0014 24       		.uleb128 0x24
 309 0015 00       		.byte	0
 310 0016 0B       		.uleb128 0xb
 311 0017 0B       		.uleb128 0xb
 312 0018 3E       		.uleb128 0x3e
 313 0019 0B       		.uleb128 0xb
 314 001a 03       		.uleb128 0x3
 315 001b 0E       		.uleb128 0xe
 316 001c 00       		.byte	0
 317 001d 00       		.byte	0
 318 001e 03       		.uleb128 0x3
 319 001f 0D       		.uleb128 0xd
 320 0020 00       		.byte	0
 321 0021 03       		.uleb128 0x3
 322 0022 08       		.uleb128 0x8
 323 0023 3A       		.uleb128 0x3a
 324 0024 21       		.uleb128 0x21
 325 0025 03       		.sleb128 3
 326 0026 3B       		.uleb128 0x3b
 327 0027 05       		.uleb128 0x5
 328 0028 39       		.uleb128 0x39
 329 0029 21       		.uleb128 0x21
 330 002a 11       		.sleb128 17
 331 002b 49       		.uleb128 0x49
 332 002c 13       		.uleb128 0x13
 333 002d 38       		.uleb128 0x38
 334 002e 0B       		.uleb128 0xb
 335 002f 00       		.byte	0
 336 0030 00       		.byte	0
 337 0031 04       		.uleb128 0x4
 338 0032 13       		.uleb128 0x13
 339 0033 01       		.byte	0x1
 340 0034 0B       		.uleb128 0xb
 341 0035 0B       		.uleb128 0xb
 342 0036 3A       		.uleb128 0x3a
ARM GAS  /tmp/ccUMOM3W.s 			page 7


 343 0037 21       		.uleb128 0x21
 344 0038 03       		.sleb128 3
 345 0039 3B       		.uleb128 0x3b
 346 003a 05       		.uleb128 0x5
 347 003b 39       		.uleb128 0x39
 348 003c 21       		.uleb128 0x21
 349 003d 09       		.sleb128 9
 350 003e 01       		.uleb128 0x1
 351 003f 13       		.uleb128 0x13
 352 0040 00       		.byte	0
 353 0041 00       		.byte	0
 354 0042 05       		.uleb128 0x5
 355 0043 16       		.uleb128 0x16
 356 0044 00       		.byte	0
 357 0045 03       		.uleb128 0x3
 358 0046 0E       		.uleb128 0xe
 359 0047 3A       		.uleb128 0x3a
 360 0048 21       		.uleb128 0x21
 361 0049 03       		.sleb128 3
 362 004a 3B       		.uleb128 0x3b
 363 004b 05       		.uleb128 0x5
 364 004c 39       		.uleb128 0x39
 365 004d 21       		.uleb128 0x21
 366 004e 03       		.sleb128 3
 367 004f 49       		.uleb128 0x49
 368 0050 13       		.uleb128 0x13
 369 0051 00       		.byte	0
 370 0052 00       		.byte	0
 371 0053 06       		.uleb128 0x6
 372 0054 16       		.uleb128 0x16
 373 0055 00       		.byte	0
 374 0056 03       		.uleb128 0x3
 375 0057 0E       		.uleb128 0xe
 376 0058 3A       		.uleb128 0x3a
 377 0059 0B       		.uleb128 0xb
 378 005a 3B       		.uleb128 0x3b
 379 005b 0B       		.uleb128 0xb
 380 005c 39       		.uleb128 0x39
 381 005d 0B       		.uleb128 0xb
 382 005e 49       		.uleb128 0x49
 383 005f 13       		.uleb128 0x13
 384 0060 00       		.byte	0
 385 0061 00       		.byte	0
 386 0062 07       		.uleb128 0x7
 387 0063 11       		.uleb128 0x11
 388 0064 01       		.byte	0x1
 389 0065 25       		.uleb128 0x25
 390 0066 0E       		.uleb128 0xe
 391 0067 13       		.uleb128 0x13
 392 0068 0B       		.uleb128 0xb
 393 0069 03       		.uleb128 0x3
 394 006a 0E       		.uleb128 0xe
 395 006b 1B       		.uleb128 0x1b
 396 006c 0E       		.uleb128 0xe
 397 006d 10       		.uleb128 0x10
 398 006e 17       		.uleb128 0x17
 399 006f 00       		.byte	0
ARM GAS  /tmp/ccUMOM3W.s 			page 8


 400 0070 00       		.byte	0
 401 0071 08       		.uleb128 0x8
 402 0072 24       		.uleb128 0x24
 403 0073 00       		.byte	0
 404 0074 0B       		.uleb128 0xb
 405 0075 0B       		.uleb128 0xb
 406 0076 3E       		.uleb128 0x3e
 407 0077 0B       		.uleb128 0xb
 408 0078 03       		.uleb128 0x3
 409 0079 08       		.uleb128 0x8
 410 007a 00       		.byte	0
 411 007b 00       		.byte	0
 412 007c 09       		.uleb128 0x9
 413 007d 35       		.uleb128 0x35
 414 007e 00       		.byte	0
 415 007f 49       		.uleb128 0x49
 416 0080 13       		.uleb128 0x13
 417 0081 00       		.byte	0
 418 0082 00       		.byte	0
 419 0083 0A       		.uleb128 0xa
 420 0084 34       		.uleb128 0x34
 421 0085 00       		.byte	0
 422 0086 03       		.uleb128 0x3
 423 0087 0E       		.uleb128 0xe
 424 0088 3A       		.uleb128 0x3a
 425 0089 0B       		.uleb128 0xb
 426 008a 3B       		.uleb128 0x3b
 427 008b 0B       		.uleb128 0xb
 428 008c 39       		.uleb128 0x39
 429 008d 0B       		.uleb128 0xb
 430 008e 49       		.uleb128 0x49
 431 008f 13       		.uleb128 0x13
 432 0090 3F       		.uleb128 0x3f
 433 0091 19       		.uleb128 0x19
 434 0092 3C       		.uleb128 0x3c
 435 0093 19       		.uleb128 0x19
 436 0094 00       		.byte	0
 437 0095 00       		.byte	0
 438 0096 0B       		.uleb128 0xb
 439 0097 34       		.uleb128 0x34
 440 0098 00       		.byte	0
 441 0099 47       		.uleb128 0x47
 442 009a 13       		.uleb128 0x13
 443 009b 3A       		.uleb128 0x3a
 444 009c 0B       		.uleb128 0xb
 445 009d 3B       		.uleb128 0x3b
 446 009e 0B       		.uleb128 0xb
 447 009f 39       		.uleb128 0x39
 448 00a0 0B       		.uleb128 0xb
 449 00a1 00       		.byte	0
 450 00a2 00       		.byte	0
 451 00a3 0C       		.uleb128 0xc
 452 00a4 2E       		.uleb128 0x2e
 453 00a5 00       		.byte	0
 454 00a6 3F       		.uleb128 0x3f
 455 00a7 19       		.uleb128 0x19
 456 00a8 03       		.uleb128 0x3
ARM GAS  /tmp/ccUMOM3W.s 			page 9


 457 00a9 0E       		.uleb128 0xe
 458 00aa 3A       		.uleb128 0x3a
 459 00ab 0B       		.uleb128 0xb
 460 00ac 3B       		.uleb128 0x3b
 461 00ad 0B       		.uleb128 0xb
 462 00ae 39       		.uleb128 0x39
 463 00af 0B       		.uleb128 0xb
 464 00b0 27       		.uleb128 0x27
 465 00b1 19       		.uleb128 0x19
 466 00b2 3C       		.uleb128 0x3c
 467 00b3 19       		.uleb128 0x19
 468 00b4 00       		.byte	0
 469 00b5 00       		.byte	0
 470 00b6 0D       		.uleb128 0xd
 471 00b7 2E       		.uleb128 0x2e
 472 00b8 00       		.byte	0
 473 00b9 3F       		.uleb128 0x3f
 474 00ba 19       		.uleb128 0x19
 475 00bb 03       		.uleb128 0x3
 476 00bc 0E       		.uleb128 0xe
 477 00bd 3A       		.uleb128 0x3a
 478 00be 0B       		.uleb128 0xb
 479 00bf 3B       		.uleb128 0x3b
 480 00c0 05       		.uleb128 0x5
 481 00c1 39       		.uleb128 0x39
 482 00c2 0B       		.uleb128 0xb
 483 00c3 27       		.uleb128 0x27
 484 00c4 19       		.uleb128 0x19
 485 00c5 00       		.byte	0
 486 00c6 00       		.byte	0
 487 00c7 0E       		.uleb128 0xe
 488 00c8 2E       		.uleb128 0x2e
 489 00c9 00       		.byte	0
 490 00ca 3F       		.uleb128 0x3f
 491 00cb 19       		.uleb128 0x19
 492 00cc 03       		.uleb128 0x3
 493 00cd 0E       		.uleb128 0xe
 494 00ce 3A       		.uleb128 0x3a
 495 00cf 0B       		.uleb128 0xb
 496 00d0 3B       		.uleb128 0x3b
 497 00d1 0B       		.uleb128 0xb
 498 00d2 39       		.uleb128 0x39
 499 00d3 0B       		.uleb128 0xb
 500 00d4 27       		.uleb128 0x27
 501 00d5 19       		.uleb128 0x19
 502 00d6 00       		.byte	0
 503 00d7 00       		.byte	0
 504 00d8 0F       		.uleb128 0xf
 505 00d9 2E       		.uleb128 0x2e
 506 00da 00       		.byte	0
 507 00db 03       		.uleb128 0x3
 508 00dc 0E       		.uleb128 0xe
 509 00dd 3A       		.uleb128 0x3a
 510 00de 0B       		.uleb128 0xb
 511 00df 3B       		.uleb128 0x3b
 512 00e0 0B       		.uleb128 0xb
 513 00e1 39       		.uleb128 0x39
ARM GAS  /tmp/ccUMOM3W.s 			page 10


 514 00e2 0B       		.uleb128 0xb
 515 00e3 27       		.uleb128 0x27
 516 00e4 19       		.uleb128 0x19
 517 00e5 00       		.byte	0
 518 00e6 00       		.byte	0
 519 00e7 00       		.byte	0
 520              		.section	.gnu.debuglto_.debug_line,"e",%progbits
 521              	.Ldebug_line0:
 522 0000 5B000000 		.4byte	.LELT0-.LSLT0
 523              	.LSLT0:
 524 0004 0500     		.2byte	0x5
 525 0006 04       		.byte	0x4
 526 0007 00       		.byte	0
 527 0008 53000000 		.4byte	.LELTP0-.LASLTP0
 528              	.LASLTP0:
 529 000c 01       		.byte	0x1
 530 000d 01       		.byte	0x1
 531 000e 01       		.byte	0x1
 532 000f F6       		.byte	0xf6
 533 0010 F2       		.byte	0xf2
 534 0011 0D       		.byte	0xd
 535 0012 00       		.byte	0
 536 0013 01       		.byte	0x1
 537 0014 01       		.byte	0x1
 538 0015 01       		.byte	0x1
 539 0016 01       		.byte	0x1
 540 0017 00       		.byte	0
 541 0018 00       		.byte	0
 542 0019 00       		.byte	0
 543 001a 01       		.byte	0x1
 544 001b 00       		.byte	0
 545 001c 00       		.byte	0
 546 001d 01       		.byte	0x1
 547 001e 01       		.byte	0x1
 548 001f 01       		.uleb128 0x1
 549 0020 1F       		.uleb128 0x1f
 550 0021 05       		.uleb128 0x5
 551 0022 0A000000 		.4byte	.LASF39
 552 0026 51000000 		.4byte	.LASF40
 553 002a 49010000 		.4byte	.LASF41
 554 002e 7D000000 		.4byte	.LASF42
 555 0032 77010000 		.4byte	.LASF43
 556 0036 02       		.byte	0x2
 557 0037 01       		.uleb128 0x1
 558 0038 1F       		.uleb128 0x1f
 559 0039 02       		.uleb128 0x2
 560 003a 0B       		.uleb128 0xb
 561 003b 07       		.uleb128 0x7
 562 003c FE000000 		.4byte	.LASF44
 563 0040 00       		.byte	0
 564 0041 DC010000 		.4byte	.LASF45
 565 0045 03       		.byte	0x3
 566 0046 00000000 		.4byte	.LASF46
 567 004a 04       		.byte	0x4
 568 004b E6000000 		.4byte	.LASF47
 569 004f 01       		.byte	0x1
 570 0050 F4000000 		.4byte	.LASF48
ARM GAS  /tmp/ccUMOM3W.s 			page 11


 571 0054 02       		.byte	0x2
 572 0055 36010000 		.4byte	.LASF49
 573 0059 01       		.byte	0x1
 574 005a ED010000 		.4byte	.LASF50
 575 005e 02       		.byte	0x2
 576              	.LELTP0:
 577              	.LELT0:
 578              		.section	.gnu.debuglto_.debug_str,"eMS",%progbits,1
 579              	.LASF25:
 580 0000 42444352 		.ascii	"BDCR\000"
 580      00
 581              	.LASF19:
 582 0005 43464752 		.ascii	"CFGR\000"
 582      00
 583              	.LASF37:
 584 000a 69727149 		.ascii	"irqInit\000"
 584      6E697400 
 585              	.LASF34:
 586 0012 2E2E2F2E 		.ascii	"../../../ChibiOS/os/hal/ports/STM32/STM32F0xx/hal_l"
 586      2E2F2E2E 
 586      2F436869 
 586      62694F53 
 586      2F6F732F 
 587 0045 6C642E63 		.ascii	"ld.c\000"
 587      00
 588              	.LASF26:
 589 004a 41484252 		.ascii	"AHBRSTR\000"
 589      53545200 
 590              	.LASF17:
 591 0052 464C4153 		.ascii	"FLASH_TypeDef\000"
 591      485F5479 
 591      70654465 
 591      6600
 592              	.LASF22:
 593 0060 41484245 		.ascii	"AHBENR\000"
 593      4E5200
 594              	.LASF16:
 595 0067 57525052 		.ascii	"WRPR\000"
 595      00
 596              	.LASF29:
 597 006c 5243435F 		.ascii	"RCC_TypeDef\000"
 597      54797065 
 597      44656600 
 598              	.LASF21:
 599 0078 41504231 		.ascii	"APB1RSTR\000"
 599      52535452 
 599      00
 600              	.LASF27:
 601 0081 43464752 		.ascii	"CFGR2\000"
 601      3200
 602              	.LASF28:
 603 0087 43464752 		.ascii	"CFGR3\000"
 603      3300
 604              	.LASF6:
 605 008d 73686F72 		.ascii	"short unsigned int\000"
 605      7420756E 
 605      7369676E 
ARM GAS  /tmp/ccUMOM3W.s 			page 12


 605      65642069 
 605      6E7400
 606              	.LASF14:
 607 00a0 4F50544B 		.ascii	"OPTKEYR\000"
 607      45595200 
 608              	.LASF18:
 609 00a8 5057525F 		.ascii	"PWR_TypeDef\000"
 609      54797065 
 609      44656600 
 610              	.LASF8:
 611 00b4 6C6F6E67 		.ascii	"long unsigned int\000"
 611      20756E73 
 611      69676E65 
 611      6420696E 
 611      7400
 612              	.LASF15:
 613 00c6 52455345 		.ascii	"RESERVED\000"
 613      52564544 
 613      00
 614              	.LASF23:
 615 00cf 41504232 		.ascii	"APB2ENR\000"
 615      454E5200 
 616              	.LASF10:
 617 00d7 5F5F7569 		.ascii	"__uint32_t\000"
 617      6E743332 
 617      5F7400
 618              	.LASF38:
 619 00e2 68616C5F 		.ascii	"hal_lld_backup_domain_init\000"
 619      6C6C645F 
 619      6261636B 
 619      75705F64 
 619      6F6D6169 
 620              	.LASF24:
 621 00fd 41504231 		.ascii	"APB1ENR\000"
 621      454E5200 
 622              	.LASF20:
 623 0105 41504232 		.ascii	"APB2RSTR\000"
 623      52535452 
 623      00
 624              	.LASF4:
 625 010e 756E7369 		.ascii	"unsigned char\000"
 625      676E6564 
 625      20636861 
 625      7200
 626              	.LASF0:
 627 011c 756E7369 		.ascii	"unsigned int\000"
 627      676E6564 
 627      20696E74 
 627      00
 628              	.LASF9:
 629 0129 6C6F6E67 		.ascii	"long long unsigned int\000"
 629      206C6F6E 
 629      6720756E 
 629      7369676E 
 629      65642069 
 630              	.LASF2:
 631 0140 6C6F6E67 		.ascii	"long double\000"
ARM GAS  /tmp/ccUMOM3W.s 			page 13


 631      20646F75 
 631      626C6500 
 632              	.LASF1:
 633 014c 6C6F6E67 		.ascii	"long long int\000"
 633      206C6F6E 
 633      6720696E 
 633      7400
 634              	.LASF12:
 635 015a 63686172 		.ascii	"char\000"
 635      00
 636              	.LASF36:
 637 015f 53797374 		.ascii	"SystemCoreClock\000"
 637      656D436F 
 637      7265436C 
 637      6F636B00 
 638              	.LASF5:
 639 016f 73686F72 		.ascii	"short int\000"
 639      7420696E 
 639      7400
 640              	.LASF31:
 641 0179 73746D33 		.ascii	"stm32_clock_init\000"
 641      325F636C 
 641      6F636B5F 
 641      696E6974 
 641      00
 642              	.LASF33:
 643 018a 474E5520 		.ascii	"GNU C17 11.3.1 20220712 -mcpu=cortex-m0 -mthumb -mf"
 643      43313720 
 643      31312E33 
 643      2E312032 
 643      30323230 
 644 01bd 6C6F6174 		.ascii	"loat-abi=soft -march=armv6s-m -ggdb -Os -fomit-fram"
 644      2D616269 
 644      3D736F66 
 644      74202D6D 
 644      61726368 
 645 01f0 652D706F 		.ascii	"e-pointer -falign-functions=16 -fsingle-precision-c"
 645      696E7465 
 645      72202D66 
 645      616C6967 
 645      6E2D6675 
 646 0223 6F6E7374 		.ascii	"onstant -ffunction-sections -fdata-sections -fno-co"
 646      616E7420 
 646      2D666675 
 646      6E637469 
 646      6F6E2D73 
 647 0256 6D6D6F6E 		.ascii	"mmon -flto\000"
 647      202D666C 
 647      746F00
 648              	.LASF11:
 649 0261 75696E74 		.ascii	"uint32_t\000"
 649      33325F74 
 649      00
 650              	.LASF7:
 651 026a 6C6F6E67 		.ascii	"long int\000"
 651      20696E74 
 651      00
ARM GAS  /tmp/ccUMOM3W.s 			page 14


 652              	.LASF13:
 653 0273 4B455952 		.ascii	"KEYR\000"
 653      00
 654              	.LASF3:
 655 0278 7369676E 		.ascii	"signed char\000"
 655      65642063 
 655      68617200 
 656              	.LASF32:
 657 0284 68616C5F 		.ascii	"hal_lld_init\000"
 657      6C6C645F 
 657      696E6974 
 657      00
 658              	.LASF30:
 659 0291 5F426F6F 		.ascii	"_Bool\000"
 659      6C00
 660              	.LASF35:
 661 0297 2F686F6D 		.ascii	"/home/kocur/wideband-2311-f0_addon/firmware/boards/"
 661      652F6B6F 
 661      6375722F 
 661      77696465 
 661      62616E64 
 662 02ca 66305F61 		.ascii	"f0_addon/bootloader\000"
 662      64646F6E 
 662      2F626F6F 
 662      746C6F61 
 662      64657200 
 663              		.section	.gnu.debuglto_.debug_line_str,"eMS",%progbits,1
 664              	.LASF46:
 665 0000 5F737464 		.ascii	"_stdint.h\000"
 665      696E742E 
 665      6800
 666              	.LASF39:
 667 000a 2F686F6D 		.ascii	"/home/kocur/wideband-2311-f0_addon/firmware/boards/"
 667      652F6B6F 
 667      6375722F 
 667      77696465 
 667      62616E64 
 668 003d 66305F61 		.ascii	"f0_addon/bootloader\000"
 668      64646F6E 
 668      2F626F6F 
 668      746C6F61 
 668      64657200 
 669              	.LASF40:
 670 0051 2E2E2F2E 		.ascii	"../../../ChibiOS/os/common/ext/ST/STM32F0xx\000"
 670      2E2F2E2E 
 670      2F436869 
 670      62694F53 
 670      2F6F732F 
 671              	.LASF42:
 672 007d 2F686F6D 		.ascii	"/home/kocur/.rusefi-tools/arm-gnu-toolchain-11.3.re"
 672      652F6B6F 
 672      6375722F 
 672      2E727573 
 672      6566692D 
 673 00b0 6C312D78 		.ascii	"l1-x86_64-arm-none-eabi/arm-none-eabi/include/machi"
 673      38365F36 
 673      342D6172 
ARM GAS  /tmp/ccUMOM3W.s 			page 15


 673      6D2D6E6F 
 673      6E652D65 
 674 00e3 6E6500   		.ascii	"ne\000"
 675              	.LASF47:
 676 00e6 73746D33 		.ascii	"stm32f042x6.h\000"
 676      32663034 
 676      3278362E 
 676      6800
 677              	.LASF48:
 678 00f4 68616C5F 		.ascii	"hal_lld.c\000"
 678      6C6C642E 
 678      6300
 679              	.LASF44:
 680 00fe 2E2E2F2E 		.ascii	"../../../ChibiOS/os/hal/ports/STM32/STM32F0xx/hal_l"
 680      2E2F2E2E 
 680      2F436869 
 680      62694F53 
 680      2F6F732F 
 681 0131 6C642E63 		.ascii	"ld.c\000"
 681      00
 682              	.LASF49:
 683 0136 73797374 		.ascii	"system_stm32f0xx.h\000"
 683      656D5F73 
 683      746D3332 
 683      66307878 
 683      2E6800
 684              	.LASF41:
 685 0149 2E2E2F2E 		.ascii	"../../../ChibiOS/os/hal/ports/STM32/STM32F0xx\000"
 685      2E2F2E2E 
 685      2F436869 
 685      62694F53 
 685      2F6F732F 
 686              	.LASF43:
 687 0177 2F686F6D 		.ascii	"/home/kocur/.rusefi-tools/arm-gnu-toolchain-11.3.re"
 687      652F6B6F 
 687      6375722F 
 687      2E727573 
 687      6566692D 
 688 01aa 6C312D78 		.ascii	"l1-x86_64-arm-none-eabi/arm-none-eabi/include/sys\000"
 688      38365F36 
 688      342D6172 
 688      6D2D6E6F 
 688      6E652D65 
 689              	.LASF45:
 690 01dc 5F646566 		.ascii	"_default_types.h\000"
 690      61756C74 
 690      5F747970 
 690      65732E68 
 690      00
 691              	.LASF50:
 692 01ed 73746D33 		.ascii	"stm32_isr.h\000"
 692      325F6973 
 692      722E6800 
 693              		.text
 694              		.section	.gnu.lto_.profile.65d2618e6671a890,"e",%progbits
 695 0000 789C6362 		.ascii	"x\234cb\000\001\000\000\022\000\003"
 695      00010000 
ARM GAS  /tmp/ccUMOM3W.s 			page 16


 695      120003
 696              		.text
 697              		.section	.gnu.lto_.icf.65d2618e6671a890,"e",%progbits
 698 0000 789C7BC8 		.ascii	"x\234{\310\200\000,\014G\226\037^\301\315\305\304\300"
 698      80002C0C 
 698      47961F5E 
 698      C1CDC5C4 
 698      C0
 699 0011 C408C54C 		.ascii	"\304\010\305L0\314\270\262s\355~6\025d!\212po\377\373"
 699      30CCB8B2 
 699      73ED7E36 
 699      1564218A 
 699      706FFFFB 
 700 0025 0FAC2654 		.ascii	"\017\254&T3\216\201\211\031\212\261\3123\267l\236\376"
 700      338E8189 
 700      198AB1CA 
 700      33B76C9E 
 700      FE
 701 0036 90990100 		.ascii	"\220\231\001\000q\212\015\253"
 701      718A0DAB 
 702              		.text
 703              		.section	.gnu.lto_.ipa_sra.65d2618e6671a890,"e",%progbits
 704 0000 789CE367 		.ascii	"x\234\343g@\000f\006\006FF\0060d\002\022\000\002\023"
 704      40006606 
 704      06464606 
 704      30640212 
 704      000213
 705 0013 001B     		.ascii	"\000\033"
 706              		.text
 707              		.section	.gnu.lto_.inline.65d2618e6671a890,"e",%progbits
 708 0000 789C2B67 		.ascii	"x\234+g@\000f\006\006\236\206\206\206\003Li\214\014"
 708      40006606 
 708      069E8686 
 708      86034C69 
 708      8C0C
 709 0012 4C424056 		.ascii	"LB@V\003S\032\003\003\033\230\221\302\304\300\004R\303"
 709      03531A03 
 709      031B9891 
 709      C2C4C004 
 709      52C3
 710 0024 C82003E4 		.ascii	"\310 \003\344\276`\312\000*\321\003\262>0\245c(\341"
 710      BE60CA00 
 710      2AD103B2 
 710      3E30A563 
 710      28E1
 711 0036 42904C0C 		.ascii	"B\220L\014f\037\216\256{\307\234\005T\236\006d\275b"
 711      661F8EAE 
 711      7BC79C05 
 711      549E0664 
 711      BD62
 712 0048 CE4257CE 		.ascii	"\316BW\316\000\000\215\243\033$"
 712      00008DA3 
 712      1B24
 713              		.text
 714              		.section	.gnu.lto_.jmpfuncs.65d2618e6671a890,"e",%progbits
 715 0000 789CE365 		.ascii	"x\234\343e@\000f f\0041\230\200\030\000\001\226\000"
 715      40006620 
ARM GAS  /tmp/ccUMOM3W.s 			page 17


 715      66043198 
 715      80180001 
 715      9600
 716 0012 14       		.ascii	"\024"
 717              		.text
 718              		.section	.gnu.lto_.pureconst.65d2618e6671a890,"e",%progbits
 719 0000 789CE362 		.ascii	"x\234\343b```f\230\305\3028\213\205i\026\013\000\011"
 719      60606066 
 719      98C5C238 
 719      8B856916 
 719      0B0009
 720 0013 FA01EB   		.ascii	"\372\001\353"
 721              		.text
 722              		.section	.gnu.lto_.ipa_modref.65d2618e6671a890,"e",%progbits
 723 0000 789CAB64 		.ascii	"x\234\253d@\000f\006\006\005\001\001\006&&\026\006F"
 723      40006606 
 723      06050101 
 723      06262616 
 723      0646
 724 0012 26564606 		.ascii	"&VF\006&6\010\215U\220\001\"\316\210\254\010\316a`\202"
 724      2636088D 
 724      55900122 
 724      CE88AC08 
 724      CE616082 
 725 0026 6A82F299 		.ascii	"j\202\362\231\330\221MB\023d`\000\000\320-\002\262"
 725      D8914D42 
 725      13646000 
 725      00D02D02 
 725      B2
 726              		.text
 727              		.section	.gnu.lto_.lto.65d2618e6671a890,"e",%progbits
 728 0000 0B000300 		.ascii	"\013\000\003\000\001\000\000\000"
 728      01000000 
 729              		.text
 730              		.section	.gnu.lto_hal_lld_backup_domain_init.187.65d2618e6671a890,"e",%progbits
 731 0000 789C7D91 		.ascii	"x\234}\221MH\033Q\020\307\347\343%\351\227\365\356\311"
 731      4D481B51 
 731      10C7E7E3 
 731      25E997F5 
 731      EEC9
 732 0012 D24B2FE6 		.ascii	"\322K/\346\371\001\322\243P\320\223x\320\273l\334HB"
 732      F901D2A3 
 732      50D09378 
 732      D0BB6CDC 
 732      4842
 733 0024 139FEE2A 		.ascii	"\023\237\356*\261\364\220\027\025\224x\320\370\001="
 733      B1F49017 
 733      159478D0 
 733      F8013D
 734 0033 69BD7928 		.ascii	"i\275y(x\021\244-\225\324R\241\327B\357RhQ\217\245\237"
 734      7811A42D 
 734      95D452A1 
 734      D742EF52 
 734      68518FA5 
 735 0048 44486777 		.ascii	"DHgwC\"\024\272\274y\357\315\316\177\3467;{\210\000"
 735      432214BA 
 735      BC79EFCD 
ARM GAS  /tmp/ccUMOM3W.s 			page 18


 735      CE7FE637 
 735      3B7B8800 
 736 005c 0B003024 		.ascii	"\013\0000$\2061\300\215J\231\300Z;\220 Z\254\254\022"
 736      8631C08D 
 736      4A99C05A 
 736      3B90205A 
 736      ACAC12
 737 006f 1EA1789D 		.ascii	"\036\241x\235j\251r7<\031\267\232\012\205\245J\371f"
 737      6AA97237 
 737      3C19B79A 
 737      0A85A54A 
 737      F966
 738 0081 A4184820 		.ascii	"\244\030H \024\211\025\026q\217\265\274\370\375\376"
 738      14891516 
 738      718FB5BC 
 738      F8FDFE
 739 0090 EBFA41C2 		.ascii	"\353\372A\302\356W\361\022\240\010\215\347vt\027(\034"
 739      EE57F112 
 739      A0088DE7 
 739      76741728 
 739      1C
 740 00a1 7C8C55ED 		.ascii	"|\214U\355U}\315\332\037_\360\315\375[\010\204$\306"
 740      557DCDDA 
 740      1F5FF0CD 
 740      FD5B0884 
 740      24C6
 741 00b3 624A0C60 		.ascii	"bJ\014`\207\003\216Uh\253\000\273L\221S\022\347\027"
 741      87038E55 
 741      68AB00BB 
 741      4C915312 
 741      E717
 742 00c5 D9CF7FDA 		.ascii	"\331\317\177\332\240F'\307\027m\2141\214?E\010w{V\262"
 742      A04627C7 
 742      176D8C31 
 742      8C3F4508 
 742      777B56B2 
 743 00d9 2A862F82 		.ascii	"*\206/\202\236n<y\205/\021\372\357\025^\343\234\020"
 743      9E6E3C79 
 743      852F11FA 
 743      EF155EE3 
 743      9C10
 744 00eb 6BB4B8B5 		.ascii	"k\264\270\265\214L\214\361\007h)H\377V\306\177\304\307"
 744      8C4C8CF1 
 744      07682948 
 744      FF56C67F 
 744      C4C7
 745 00fd 81982984 		.ascii	"\201\230)\204\324\233\020\226\362~\010\361\321>_iAf"
 745      D49B1096 
 745      F27E08F1 
 745      D13E5F69 
 745      4166
 746 010f DE6255F2 		.ascii	"\336bU\362\366\344Z8A\023q\236-\177\222a0\007\2408\374"
 746      F6E45A38 
 746      4113719E 
 746      2D7F9261 
 746      3007A038 
 747 0124 A4A5CB77 		.ascii	"\244\245\313w\035\254\304\213\306\260\313\\\222\\j~"
ARM GAS  /tmp/ccUMOM3W.s 			page 19


 747      1DACC48B 
 747      C6B0CB5C 
 747      925C6A7E 
 748 0134 CCE669D8 		.ascii	"\314\346i\330\316\367\363\366F\331\375;\327\353\236"
 748      CEF7F3F6 
 748      46D9FD3B 
 748      D7EB9E
 749 0143 0675E379 		.ascii	"\006u\343y\011\250P\276\375\177\371\207\206<B\251\326"
 749      09A850BE 
 749      FD7FF987 
 749      863C42A9 
 749      D6
 750 0154 DCEAB470 		.ascii	"\334\352\264pV\033\014[\330al\015W\376\277\316\230|"
 750      561B0C5B 
 750      D8616C0D 
 750      57FEBFCE 
 750      987C
 751 0166 5A3F3613 		.ascii	"Z?6\023s\236.d\335t\312\231r\273z\373zz\272&\273\307"
 751      739E2E64 
 751      DD74CA99 
 751      72BB7AFB 
 751      7A7ABA26 
 752 017c 1DD73553 		.ascii	"\035\3275Sz2\353\345\013\216\227\326)\343x\256\257\233"
 752      7A32EBE5 
 752      0B8E97D6 
 752      29E378AE 
 752      AF9B
 753 018e 819431B3 		.ascii	"\201\2241\2639\343\270i\017\036&\223:Z\2172\331TvdT"
 753      39E3B869 
 753      0F1E2693 
 753      3A5A8F32 
 753      D9547664 
 754 01a3 1B5F679C 		.ascii	"\033_g\234\234\2366\336\254\257G\307\206\373z\243}\260"
 754      9C9E36DE 
 754      ACAF47C7 
 754      86FB7AA3 
 754      7DB0
 755 01b5 7B7E3E88 		.ascii	"{~>\210\214\347rnr\002\376\002e\346\302\005"
 755      8CE7726E 
 755      7202FE02 
 755      65E6C205 
 756              		.text
 757              		.section	.gnu.lto_hal_lld_init.188.65d2618e6671a890,"e",%progbits
 758 0000 789C7D93 		.ascii	"x\234}\223Kh\023A\030\307\277o&\233W\241\241\024J\300"
 758      4B681341 
 758      18C7BF6F 
 758      269B57A1 
 758      A1144AC0 
 759 0014 8B8F835E 		.ascii	"\213\217\203^\232\351\003\304\243 \350Iz\250\367\262"
 759      9AE903C4 
 759      A320E849 
 759      7AA8F7B2 
 760 0024 E9A62634 		.ascii	"\351\246&4\351\352\246%\025\221L\333\203\222\213T\004"
 760      E9EAA625 
 760      15914CDB 
 760      83928B54 
 760      04
ARM GAS  /tmp/ccUMOM3W.s 			page 20


 761 0035 3D55EBC9 		.ascii	"=U\353\311\203\240E\304G\241\204J)\202\017\252 \005"
 761      83A045C4 
 761      47A1844A 
 761      29820FAA 
 761      2005
 762 0047 11A58A07 		.ascii	"\021\245\212\007O\"\202\225\032\327of\323dq\023\227"
 762      4F228295 
 762      1AD76F66 
 762      D3647113 
 762      97
 763 0058 FD0FF3F8 		.ascii	"\375\017\363\370\363\233\377\307\307lr\200Y\0008@B\016"
 763      F39BFFC7 
 763      C76C7280 
 763      59003840 
 763      420E
 764 006a 7865BEC2 		.ascii	"xe\276\302@Jy4\302pf\276\022\303\207\250W\010e\206e"
 764      404A7934 
 764      C27066BE 
 764      12C387A8 
 764      57086586 
 765 007f 5CE48296 		.ascii	"\\\344\202\226\333k_\356\375J\312\333U\374\012P\206"
 765      DB6B5FEE 
 765      FD4ACADB 
 765      55FC0A50 
 765      86
 766 0090 FAD7E1CD 		.ascii	"\372\327\341\315\221t\367\265Q\225\277\335\313R\276"
 766      9174F7B5 
 766      5195BFDD 
 766      CB52BE
 767 009f F8847F0E 		.ascii	"\370\204\177\016\356A`\310H\234\024\"\031\2440)B\212"
 767      EE4160C8 
 767      489C1422 
 767      19A43029 
 767      428A
 768 00b1 9262A438 		.ascii	"\222b\2448\251\223\224 u\221\272I=\244$\011`\201\253"
 768      A9939420 
 768      7591BA49 
 768      3DA42409 
 768      6081AB
 769 00c4 543284B2 		.ascii	"T2\204\262\012p\2033o1C\213\237Ln-\275B\330a\253+1\216"
 769      0A708333 
 769      6F31438B 
 769      9F4C6E2D 
 769      BD42D861 
 770 00dc 0686CF23 		.ascii	"\006\206\317#\350Q\336\274$C\006\336Q\025D\317=\301"
 770      E851DEBC 
 770      244306DE 
 770      511544CF 
 770      3DC1
 771 00ee C70887F7 		.ascii	"\307\010\207\367\225\226q\212\022\356\260\271\253\027"
 771      9596718A 
 771      12EEB0B9 
 771      AB17
 772 00fc 91338EE1 		.ascii	"\2213\216\341C\350\272\353\265\204\002|\257`\300\277"
 772      43E8BAEB 
 772      B584027C 
 772      AF60C0BF 
ARM GAS  /tmp/ccUMOM3W.s 			page 21


 773 010c A2FC9CA9 		.ascii	"\242\374\234\251{\366\327/\341\001Su\027z\235\240!\316"
 773      7BF6D72F 
 773      E1015375 
 773      177A9DA0 
 773      21CE
 774 011e 092AE523 		.ascii	"\011*\345#\326\216\371T3C~f\347?\246E\232\226\3264\226"
 774      D68EF954 
 774      33437E66 
 774      E73FA645 
 774      9A96D634 
 775 0133 5CB7AEA1 		.ascii	"\\\267\256\241.\364~\243\320D\000\272\216E\235a\365"
 775      2EF47EA3 
 775      D04400BA 
 775      8E459D61 
 775      F5
 776 0144 473470F6 		.ascii	"G4p\366L\235\351J]7\341\277\266+`}\376\037\314\313:"
 776      4C9DE94A 
 776      5D37E1BF 
 776      B62B607D 
 776      FE1FCCCB 
 777 0159 06FC88EE 		.ascii	"\006\374\210\356V\31174E%/\351\340\017\032\301\215\000"
 777      56C93734 
 777      45252FE9 
 777      E00F1AC1 
 777      8D00
 778 016b F50D9E6D 		.ascii	"\365\015\236mv$\314\015/g\373\216\274U~\036\366g\210"
 778      7624CC0D 
 778      2F67FB8E 
 778      BC557E1E 
 778      F66788
 779 017e 044C9BBB 		.ascii	"\004L\233\273P\325\221(\217\350\216\310\266\035y\247"
 779      50D59128 
 779      8FE88EC8 
 779      B61D79A7 
 780 018e 99513FB3 		.ascii	"\231Q?\263\247U]\3575V\325\265\344ud\271QX,\000\375"
 780      A7555DEF 
 780      3556D5B5 
 780      E47564B9 
 780      51582C00 
 781 01a3 8076B3B0 		.ascii	"\200v\263\2608\217y\031$\266\013\261\245\374<\356\017"
 781      388F7919 
 781      24B60BB1 
 781      A5FC3CEE 
 781      0F
 782 01b4 916C15E2 		.ascii	"\221l\025\342\263\346\252\020\027t\206\015\312Pcs{\241"
 782      B3E6AA10 
 782      1774860D 
 782      CA506373 
 782      7BA1
 783 01c6 82AC300E 		.ascii	"\202\2540\016\300:\364\366\267Ds\367\264\336u\331\354"
 783      C03AF4F6 
 783      B74473F7 
 783      B4DE75D9 
 783      EC
 784 01d7 C7DA907E 		.ascii	"\307\332\220~\255\013\034\233\017\012\340\204\310\332"
 784      AD0B1C9B 
 784      0F0AE084 
ARM GAS  /tmp/ccUMOM3W.s 			page 22


 784      C8DA
 785 01e5 858C18B7 		.ascii	"\205\214\030\267G\247\034Q\312Y\231\2649a\365\016\014"
 785      47A71C51 
 785      CA5999B4 
 785      3961F50E 
 785      0C
 786 01f6 F6F7F78E 		.ascii	"\366\367\367\216\365\215\230\226eO\210\261\234S(\231"
 786      F58D9896 
 786      654F88B1 
 786      9C532899 
 787 0206 4E46A46D 		.ascii	"NF\244m\323\261\212\242q\220\266\355\311\274mZ\031\007"
 787      D3B18AA2 
 787      7190B6ED 
 787      C9BC6D5A 
 787      1907
 788 0218 8EA452C2 		.ascii	"\216\244R\302\373\217es\351\334\320\260\260\213\"k\346"
 788      FB8F6573 
 788      E9DCD0B0 
 788      B08B226B 
 788      E6
 789 0229 C519DB99 		.ascii	"\305\031\333\231,\212\341S'\007\007\274\361x\337\364"
 789      2C8AE153 
 789      270707BC 
 789      F178DFF4 
 790 0239 B43A19C9 		.ascii	"\264:\031\311\347\255\324(\374\005.)W\227"
 790      E7ADD428 
 790      FC052E29 
 790      5797
 791              		.text
 792              		.section	.gnu.lto_stm32_clock_init.189.65d2618e6671a890,"e",%progbits
 793 0000 789C7D55 		.ascii	"x\234}U]l\024U\024\276\347\236\231\235\375\237\375\353"
 793      5D6C1455 
 793      14BEE79E 
 793      999DFD9F 
 793      FDEB
 794 0012 EF9B3CD5 		.ascii	"\357\233<\325\020:\374D\323G\023\023}2>`\342#\331v\027"
 794      103AFC44 
 794      D3471313 
 794      7D323E60 
 794      E223D976 
 795 0027 BBD232BA 		.ascii	"\273\3222\272\205\024\343C\007\344\307\354\013,\330"
 795      8514E343 
 795      07E4C7EC 
 795      0B2CD8
 796 0036 80165AE1 		.ascii	"\200\026Z\341iA\242\201D\033\300\220Z0\204Fcl\265E%"
 796      6941A281 
 796      441BC090 
 796      5A308446 
 796      636CB545 
 797 004b 518B125B 		.ascii	"Q\213\022[\203V(\"\224\270\236\371\271;;\356n7\373m"
 797      83562822 
 797      94B89EF9 
 797      B93B3BEE 
 797      6E37FB6D 
 798 005f CECC7C73 		.ascii	"\316\314|s\316\371\276s\357]Mal\017cl\004\030\203&\006"
 798      CEF9BE73 
 798      EF5D4D61 
ARM GAS  /tmp/ccUMOM3W.s 			page 23


 798      6C0F636C 
 798      04188326 
 799 0074 878B05CE 		.ascii	"\207\213\005\316\014\303xF\341p\244X\370\363\372y\011"
 799      0CC37846 
 799      E170A458 
 799      F8F3FA79 
 799      09
 800 0085 C6C1BA81 		.ascii	"\306\301\272\201\374\354\241\3630\275\364\250K\332["
 800      FCECA1F3 
 800      30BDF4A8 
 800      4BDA5B
 801 0094 8C7E7870 		.ascii	"\214~xp\237\"\245\340\310\271\230M\227`\270X\2705\305"
 801      9F22A5E0 
 801      C8B9984D 
 801      9760B858 
 801      B835C5
 802 00a7 055BE61F 		.ascii	"\005[\346\037\010\366~\207\235\204a\301\366\301\321"
 802      08F67E87 
 802      9D8461C1 
 802      F6C1D1
 803 00b6 62E1872F 		.ascii	"b\341\207/+l\205\237\021\354c\207\346\301\242'\340\250"
 803      2B6C859F 
 803      11EC6387 
 803      E6C1A227 
 803      E0A8
 804 00c8 A0FBE1DD 		.ascii	"\240\373\341\335\303\247\316\035_+\350\001~Z\320\337"
 804      C3A7CE1D 
 804      5F2BE801 
 804      7E5AD0DF 
 805 00d8 13F43871 		.ascii	"\023\3648q\366;\275\007a\204\370g*\374\020/\011\376"
 805      F63BBD07 
 805      6184F867 
 805      2AFC102F 
 805      09FE
 806 00ea 71C18F11 		.ascii	"q\301\217\021G\360\303p\202\370\027+\374\010\037\023"
 806      47F0C370 
 806      82F8172B 
 806      FC081F13 
 807 00fa FC51C157 		.ascii	"\374Q\301W\211#\370Q\330],\314\335\\#\370\300\2068\246"
 807      8923F851 
 807      D85D2CCC 
 807      DD5C23F8 
 807      C08638A6 
 808 010e 2439E953 		.ascii	"$9\351S\022\376@<\030\212\205#j\024\206\024d\356G\256"
 808      12FE403C 
 808      188A8523 
 808      6A148614 
 808      64EE47AE 
 809 0122 8A95AA38 		.ascii	"\212\225\2528P\025\207\252\342HU|\0225*\364\317\347"
 809      501587AA 
 809      E248557C 
 809      12352AF4 
 809      CFE7
 810 0134 B7978A6D 		.ascii	"\267\227\212mFi\002\026\031\033\252z\307\214i\200\354"
 810      46690216 
 810      191BAA7A 
 810      C78C6980 
ARM GAS  /tmp/ccUMOM3W.s 			page 24


 810      EC
 811 0145 A36979C2 		.ascii	"\243iy\302x\\>h\030wn\301\324\332'\201q\340\004$H\004"
 811      785C3E68 
 811      18776EC1 
 811      D4DA2781 
 811      71E00424 
 812 015b 99E02328 		.ascii	"\231\340#(\004?!@\010\022B\2040!B\210\022TB\214\020"
 812      043F2140 
 812      08124284 
 812      30214288 
 812      1254428C 
 813 0170 27240849 		.ascii	"'$\010IB\212\320Dh&\264\020Z\011m\204vB\007\201\261"
 813      428AD044 
 813      6826B410 
 813      5A096D84 
 813      76420781 
 814 0185 51644B8F 		.ascii	"QdK\217J]`L06\206\334\212wS\374\200\033\363\027\246"
 814      4A5D604C 
 814      303686DC 
 814      8A7753FC 
 814      801BF317 
 815 019a 81ADF0C9 		.ascii	"\201\255\360\311\313\013\021\004\031|o\002\263~\215"
 815      CB0B1104 
 815      197C6F02 
 815      B37E8D
 816 01a9 F7DF3624 		.ascii	"\367\3376$\031\316\2326\372\337\270\010\027\200=\375"
 816      19CE9A36 
 816      FADFB808 
 816      17803DFD 
 817 01b9 C4E025D8 		.ascii	"\304\340%\330IbV\370[\357\034\000\344\010\276\016\260"
 817      496256F8 
 817      5BEF1C00 
 817      E408BE0E 
 817      B0
 818 01ca DEBE5B80 		.ascii	"\336\276[\200\032\356e\223\213\334*ri\3324a\014\221"
 818      1AEE6593 
 818      8BDC2A72 
 818      69DA3461 
 818      0C91
 819 01dc 188664D6 		.ascii	"\030\206d\326\006\272}\352)\273\262\212\370\277\267"
 819      06BA7DEA 
 819      29BBB28A 
 819      F8BFB7
 820 01eb 4F523838 		.ascii	"OR88!\212\035;\360+G\011\221\252q\3667\337\273p\345"
 820      218A1D3B 
 820      F02B4709 
 820      91AA71F6 
 820      37DFBB70 
 821 0200 5594E8C2 		.ascii	"U\224\350\302vy\024S\305}s\327\220:\031C\311\243mNh"
 821      76791453 
 821      C57D73D7 
 821      903A1943 
 821      C9A36D4E 
 822 0215 8BA25CD3 		.ascii	"\213\242\\\323\337U\030\020\351\001}(S\302\307\345r"
 822      DF551810 
 822      E9017D28 
 822      53C2C7E5 
ARM GAS  /tmp/ccUMOM3W.s 			page 25


 822      72
 823 0226 596DA4E7 		.ascii	"Ym\244\347\232\311G\237\225\370;G\217\354\3253b\227"
 823      9AC9479F 
 823      95F83B47 
 823      8FECD533 
 823      6297
 824 0238 3BADA252 		.ascii	";\255\242RO\320u\267\342\035\216~T\250d\330\024\264"
 824      4FD075B7 
 824      E21D8E7E 
 824      54A864D8 
 824      14B4
 825 024a 78E513BA 		.ascii	"x\345\023\272\206Ip\004%]A>\217\240\277\334a\005j\032"
 825      86497004 
 825      255D413E 
 825      8FA0BFDC 
 825      61056A1A 
 826 025e FCC2F50B 		.ascii	"\374\302\365\0130\210\001\312\376\260\341t\276\262\246"
 826      308801CA 
 826      FEB0E174 
 826      BEB2A6
 827 026d 13B4B2DE 		.ascii	"\023\264\262\336\263\263.\377\026uh%\254n\373k\263m"
 827      B3B32EFF 
 827      16756825 
 827      AC6EFB6B 
 827      B36D
 828 027f DFEB60B7 		.ascii	"\337\353`\267\360\361\214#2\212\241\232\254\337\200"
 828      F0F18C23 
 828      328AA19A 
 828      ACDF80
 829 028e EEAE8F30 		.ascii	"\356\256\2170\206\340\323\206\015\314\232T\014[9\307"
 829      86E0D386 
 829      0DCC9A54 
 829      0C5B39C7 
 830 029e 676C3B95 		.ascii	"gl;\225\006\313#R\317\315\033\242\226\345f\024#\360"
 830      06CB2352 
 830      CFCD1BA2 
 830      96E56614 
 830      23F0
 831 02b0 1988D511 		.ascii	"\031\210\325\021u\275L\270^\372=^\226m!\313%\265\256"
 831      75BD4CB8 
 831      5EFA3D5E 
 831      966D21CB 
 831      25B5AE
 832 02c3 EAEFA19F 		.ascii	"\352\357\241\237\266.9cr\213\263\253ro:\016\031\306"
 832      B62E3963 
 832      728BB3AB 
 832      726F3A0E 
 832      19C6
 833 02d5 A49DFBC4 		.ascii	"\244\235\373\304\352\374\037a\233\233{|\266\262H\325"
 833      EAFC1F61 
 833      9B9B7B7C 
 833      B6B248D5 
 834 02e5 1A977EAE 		.ascii	"\032\227~\256\336p1Ti\246\346\363F\246\376bM5fo\354"
 834      DE703154 
 834      69A6E6F3 
 834      46A6FE62 
 834      4D35666F 
ARM GAS  /tmp/ccUMOM3W.s 			page 26


 835 02fa 59DBD440 		.ascii	"Y\333\324@\003S\343\365L\275\355\331s\011\214\333\005"
 835      0353E3F5 
 835      4CBDEDD9 
 835      73098CDB 
 835      05
 836 030b 63C2D884 		.ascii	"c\302\330\204kl\33456\3501v\246J\274/g\235'9:z\334\363"
 836      6B6CDC35 
 836      36E83176 
 836      A64ABC2F 
 836      679D2739 
 837 0323 A4147E65 		.ascii	"\244\024~e\021\026D\311\337!k\231\027\267^\376\326\351"
 837      111644C9 
 837      DF216B99 
 837      17B75EFE 
 837      D6E9
 838 0335 3AE4E97A 		.ascii	":\344\351z\376F\263\363T\263\027_\012\223\242\375\352"
 838      FE46B3F3 
 838      54B3175F 
 838      0A93A2FD 
 838      EA
 839 0346 5C7F98B9 		.ascii	"\\\177\230\271\354\366\357\323\271\217Is\001Z\255\377"
 839      ECF6EFD3 
 839      B98F4973 
 839      015AADFF 
 840 0356 4B976EEF 		.ascii	"K\227n\3571\267\367\260\247\367{\3560\232j\334]\022"
 840      31B7F7B0 
 840      A7F77BEE 
 840      309A6ADC 
 840      5D12
 841 0368 FBD71C46 		.ascii	"\373\327\034F36\231\013\256\301 \356Z\207\205\335\364"
 841      3336990B 
 841      AEC120EE 
 841      5A8785DD 
 841      F4
 842 0379 7D4752A4 		.ascii	"}GR\244\321a\321Ro\022\313\236\303\242\025[`\012*gE"
 842      D161D152 
 842      6F12CB9E 
 842      C3A2155B 
 842      600A2A67 
 843 038e 2B8DC5EF 		.ascii	"+\215\305\357hQ]-Q\217\226\342\234]!\200m5\375=\200"
 843      68515D2D 
 843      518F96E2 
 843      9C5D2180 
 843      6D35FD3D 
 844 03a3 1E574A3B 		.ascii	"\036WJ;\266\255\262Q\037\232Tl7S\256q\362u\324kx\305"
 844      B6ADB251 
 844      1F9A546C 
 844      3753AE71 
 844      F275D46B 
 845 03b9 4A692AA3 		.ascii	"Ji*\243[e\276\347\247\341\227\235\016\241\362\347\303"
 845      5B65BEE7 
 845      A7E1979D 
 845      0EA1F2E7 
 845      C3
 846 03ca D8F35AAF 		.ascii	"\330\363Z\257\336\237\325\266\351=;\363\332`.\223\355"
 846      DE9FD5B6 
 846      E93D3BF3 
ARM GAS  /tmp/ccUMOM3W.s 			page 27


 846      DA602E93 
 846      ED
 847 03db 4E6FCFAC 		.ascii	"No\317\254\333\270i\303\206u[\327oIg2\372vmk.\337?\230"
 847      DBB869C3 
 847      86755BD7 
 847      6F496732 
 847      FA766D6B 
 848 03f3 CE67B56E 		.ascii	"\316g\265n=\235\317\014h\225\007\335\272\276\243OOg"
 848      3D9DCF0C 
 848      689507DD 
 848      BABEA34F 
 848      4F67
 849 0405 B279D6D5 		.ascii	"\262y\326\325\331\251\331\337g{s\335\271\0277k\372\200"
 849      D9A9D9DF 
 849      677B73DD 
 849      B917376B 
 849      FA80
 850 0417 D69BEED3 		.ascii	"\326\233\356\323^\323\363;\006\264\315/\275\260i\243"
 850      5ED3F33B 
 850      06B4CD2F 
 850      BDB069A3 
 851 0427 FDFBDCFA 		.ascii	"\375\373\334\372]\273\314'[\372\3722\235=\354?\007*"
 851      5DBBCC27 
 851      5BFAFA32 
 851      9D3DEC3F 
 851      072A
 852 0439 DF5E     		.ascii	"\337^"
 853              		.text
 854              		.section	.gnu.lto_.symbol_nodes.65d2618e6671a890,"e",%progbits
 855 0000 789CEB64 		.ascii	"x\234\353d\000\002\246\335\214\365\034\015@\300\302"
 855      0002A6DD 
 855      8CF51C0D 
 855      40C0C2
 856 000f 38E11C03 		.ascii	"8\341\034\003C=\003\303\316\206\306\306\006f\220\324"
 856      433D03C3 
 856      CE86C6C6 
 856      066690D4 
 857 001f 1EC67A4E 		.ascii	"\036\306zN\024\251]\015\215\214 \211\275\214\365\\\037"
 857      14A95D0D 
 857      8D8C2089 
 857      BD8CF55C 
 857      1F
 858 0030 7EADB040 		.ascii	"~\255\260@\023g\335\305\310\335\350\004d0\356c\254\347"
 858      1367DDC5 
 858      C8DDE804 
 858      6430EE63 
 858      ACE7
 859 0042 F90F05F2 		.ascii	"\371\017\005\362`U\014\014@\203@\212\230\031\031 f6"
 859      60550C0C 
 859      4083408A 
 859      98191920 
 859      6636
 860 0054 893133B2 		.ascii	"\21113\262@\230G\304\030\000\221\336*Y"
 860      409847C4 
 860      180091DE 
 860      2A59
 861              		.text
ARM GAS  /tmp/ccUMOM3W.s 			page 28


 862              		.section	.gnu.lto_.refs.65d2618e6671a890,"e",%progbits
 863 0000 789C6364 		.ascii	"x\234cd\000\002\000\000\012\000\002"
 863      00020000 
 863      0A0002
 864              		.text
 865              		.section	.gnu.lto_.decls.65d2618e6671a890,"e",%progbits
 866 0000 789C9D55 		.ascii	"x\234\235UkP\023W\024\276\367f%+\217\022\306G\251\355"
 866      6B501357 
 866      14BEF766 
 866      252B8F12 
 866      C647A9ED 
 867 0014 547E74A6 		.ascii	"T~t\246\014\035\010\004\253\216\277\304\010\352\324"
 867      0C1D0804 
 867      AB8EBFC4 
 867      08EAD4
 868 0023 2AB3A175 		.ascii	"*\263\241u\332?L a\310H\010\006\254\370\357\006\002"
 868      DA3F4C20 
 868      61C84808 
 868      06ACF8EF 
 868      0602
 869 0035 46812119 		.ascii	"F\201!\031\253\246\324\251\221\316\370j\307RuZ\245\012"
 869      ABA6D4A9 
 869      91CEF86A 
 869      C752755A 
 869      A50A
 870 0047 8BA0A0E0 		.ascii	"\213\240\240\340\253\242\005\353\203\207\265\342\243"
 870      ABA205EB 
 870      8387B5E2 
 870      A3
 871 0054 82D68A88 		.ascii	"\202\326\212\210\322s\223\335%iu\246\323\035\276\275"
 871      D27393DD 
 871      256975A6 
 871      D31DBEBD 
 872 0064 BBF73BE7 		.ascii	"\273\367;\347;\347\334s\226\364\250\0212\023\204\206"
 872      3BE7DC73 
 872      96F4A811 
 872      32138486 
 873 0074 11421370 		.ascii	"\021B\023pq\260^\004D\001\016\003:\000\367\001\034F"
 873      71B05E04 
 873      44010E03 
 873      3A00F701 
 873      1C46
 874 0086 A81DD666 		.ascii	"\250\035\326f\300=\200\012\336#\000Q\200h\3004\300\014"
 874      C03D800A 
 874      DE230051 
 874      8068C034 
 874      C00C
 875 0098 C0EBA015 		.ascii	"\300\353\240\025\216\002\334\273\222\277\354\327&i1"
 875      8E02DCBB 
 875      92BFECD7 
 875      266931
 876 00a7 FF018006 		.ascii	"\377\001\200\006l\336$\201XQ\222\275\3143\373>\300-"
 876      6CDE2481 
 876      585192BD 
 876      CC33FB3E 
 876      C02D
 877 00b9 C01DC055 		.ascii	"\300\035\300U\300L)f\270\024k6\370F\243@\374\177\372"
ARM GAS  /tmp/ccUMOM3W.s 			page 29


 877      C04C2966 
 877      B8146B36 
 877      F846A340 
 877      FC7FFA
 878 00cc 0E026E4A 		.ascii	"\016\002nJ1\256\301z\003\320/\325\301r\037\203\347!"
 878      31AEC17A 
 878      03D02FD5 
 878      C1721F83 
 878      E721
 879 00de 40D834CC 		.ascii	"@\3304\314\205\315\300q\034\331\372\304\223\024#R:L"
 879      85CDC071 
 879      1CD9FAC4 
 879      93142352 
 879      3A4C
 880 00f0 7DC7B9F8 		.ascii	"}\307\271\370\303\370G\260:\002\340\011\012\213\307"
 880      C3F847B0 
 880      3A02E009 
 880      0A8BC7
 881 00ff EC6CA261 		.ascii	"\354l\242aE\374\024\364>\365_\365\263\3211\340\341\312"
 881      45FC14F4 
 881      3EF55FF5 
 881      B3D131E0 
 881      E1CA
 882 0111 88E43F45 		.ascii	"\210\344?E\034q\327\365\036TE\3671\011\3219\025\371"
 882      1C71D7F5 
 882      1E5445F7 
 882      3109D139 
 882      15F9
 883 0123 259A717C 		.ascii	"%\232q|\023>\212\177\302\020\210\207@\"\342s\021\027"
 883      133E8A7F 
 883      C2108887 
 883      4022E273 
 883      1117
 884 0135 B67BDB58 		.ascii	"\266{\333XkxBBl?\245\243;\332\037\014$l\255\330@\335"
 884      6B784242 
 884      6C3FA5A3 
 884      3BDA1F0C 
 884      246CADD8 
 885 014b 0E95885B 		.ascii	"\016\225\210[\361I\034\010\236\002\035\300\010,\032"
 885      F1491C08 
 885      9E021DC0 
 885      082C1A
 886 015a F6D56CA0 		.ascii	"\366\325l\240\032g\244\210\033\203\311T\004I8)\0259"
 886      1A67A488 
 886      1B83C954 
 886      04493829 
 886      1539
 887 016c 741CB7C0 		.ascii	"t\034\267\300\336I\334\204O\3406\226\023\177\007CBC"
 887      DE49DC84 
 887      4FE03696 
 887      137F0743 
 887      4243
 888 017e 5DDBBEE7 		.ascii	"]\333\276\347cC\255\332q\220\031G\304\027\337>\300J"
 888      6343ADDA 
 888      71901947 
 888      C417DF3E 
 888      C04A
ARM GAS  /tmp/ccUMOM3W.s 			page 30


 889 0190 D91D92FA 		.ascii	"\331\035\222\372)\354?\231d\376/\314\326x~\034\012/"
 889      29EC3F99 
 889      64FE2FCC 
 889      D6787E1C 
 889      0A2F
 890 01a2 23EC398E 		.ascii	"#\3549\216\337\344_c\371Z\202\370m\376g\015\277\003"
 890      DFE45F63 
 890      F95A82F8 
 890      6DFE670D 
 890      BF03
 891 01b4 9E7701BE 		.ascii	"\236w\001\276\003\034\006\034\365\357\317g\005\253\370"
 891      031C061C 
 891      F5EFCF67 
 891      05ABF8
 892 01c3 1682B8B7 		.ascii	"\026\202\270\267{\017\210W\"\240\342\204\240\213\325"
 892      7B0F8857 
 892      22A0E284 
 892      A08BD5
 893 01d2 D629D7F6 		.ascii	"\326)\327\3663\276!E\277\200\225\312{e\366\252\302\236"
 893      33BE2145 
 893      BF8095CA 
 893      7B65F6AA 
 893      C29E
 894 01e4 0EB04A55 		.ascii	"\016\260JU\277\342+\260s\003\212\272\211\177\303\267"
 894      BFE22BB0 
 894      73038ABA 
 894      897FC3B7 
 895 01f4 F15DFC3B 		.ascii	"\361]\374;\036\302w\3605<\210o\341~\334\207\007\360"
 895      1EC277F0 
 895      353C886F 
 895      E17EDC87 
 895      07F0
 896 0206 75562CD3 		.ascii	"uV,\323;'\353\235Q\364\272&\243\235\225\331\263!l\252"
 896      3B27EB9D 
 896      51F4BA26 
 896      A39D95D9 
 896      B3216CAA 
 897 021a 9FEC91C9 		.ascii	"\237\354\221\311\316\220T\002d\227L\236W\310s\012yt"
 897      CE905402 
 897      64974C9E 
 897      57C8730A 
 897      7974
 898 022c B27D3782 		.ascii	"\262}7\202\333\307\270c2\327\033\314I\371\234\221\311"
 898      DBC7B863 
 898      32D71BCC 
 898      49F99C91 
 898      C9
 899 023d D6105589 		.ascii	"\326\020U\211\355\220\331\313\012\333\255\304l\222\311"
 899      ED90D9CB 
 899      0ADBADC4 
 899      6C92C9
 900 024c 1E856C51 		.ascii	"\036\205lQ\310S2y)\304S\322=-\263\027C:\022pm\226\311"
 900      C8533279 
 900      29C453D2 
 900      3D2DB317 
 900      433A1270 
 901 0263 5F4274C1 		.ascii	"_Bt\301\225?\001m&\003\275w\275\\lhs\356\341\377\320"
ARM GAS  /tmp/ccUMOM3W.s 			page 31


 901      953F016D 
 901      2603BD77 
 901      BD5C6C68 
 901      73EEE1FF 
 902 0278 1D8E8C55 		.ascii	"\035\216\214Uv\177\021\251\214\342}I\375\017\366\011"
 902      767F11A9 
 902      8CE27D49 
 902      FD0FF609 
 903 0288 5E8091BA 		.ascii	"^\200\221\272\004\270\016\350\007\334\004\334\003\214"
 903      04B80EE8 
 903      07DC04DC 
 903      038C
 904 0296 F8C7EC1D 		.ascii	"\370\307\354\035\0303\037\341\037C\374\351\023U\235"
 904      18331FE1 
 904      1F43FCE9 
 904      13559D
 905 02a5 E553A5F1 		.ascii	"\345S\245\361\212\015L\330\213\215R\312\0170%\377\232"
 905      8A0D4CD8 
 905      8B8D52CA 
 905      0F3025FF 
 905      9A
 906 02b6 B0A732FB 		.ascii	"\260\2472\373Ha'\017\352\201L>VH\245s\3176*]\225\271"
 906      4861270F 
 906      EA814C3E 
 906      5648A573 
 906      CF362A5D 
 907 02cc C9E31F93 		.ascii	"\311\343\037\223\311\207!\252R\314q\231\035\011q\225"
 907      C98721AA 
 907      52CC7199 
 907      1D097195 
 908 02dc D85199FD 		.ascii	"\330Q\231\37538h\360\310?\301\360]\"J\232\3603<\201"
 908      333868F0 
 908      C83FC1F0 
 908      5D224A9A 
 908      F0333C81 
 909 02f0 C7F0733C 		.ascii	"\307\360s<\216_\3402\362\024;\2104\350\023\262\310\250"
 909      8E5FE032 
 909      F2143B88 
 909      34E813B2 
 909      C8A8
 910 0302 22323990 		.ascii	"\"29\220\317er8\344DR\021?\306z8\346\354\336\367Zlh"
 910      CF657238 
 910      E4445211 
 910      3FC67A38 
 910      E6ECDEF7 
 911 0319 B472F2CA 		.ascii	"\264r\362\312p\034\331\327\376ys\204\3229\247$YA\030"
 911      701CD9D7 
 911      FE797384 
 911      D239A724 
 911      594118
 912 032c B7E7C086 		.ascii	"\267\347\300\206F5\324Ii\007\025\035m\274\273\3766m"
 912      4635D449 
 912      6907151D 
 912      6DBCBBFE 
 912      366D
 913 033e A0B4889E 		.ascii	"\240\264\210\236\274\355\255\253\274\355\212\361\224"
 913      BCEDADAB 
ARM GAS  /tmp/ccUMOM3W.s 			page 32


 913      BCED8AF1 
 913      94
 914 034b 01D7E0A2 		.ascii	"\001\327\340\242\263\274\260]W\327\347&>\025\213Liy"
 914      B3BCB05D 
 914      57D7E726 
 914      3E158B4C 
 914      6979
 915 035d 243D044B 		.ascii	"$=\004KY>-\257d\357\325\261\276\362\300\277\336\363"
 915      593E2DAF 
 915      64EFD5B1 
 915      BEF2C0BF 
 915      DEF3
 916 036f 988A95B4 		.ascii	"\230\212\225\264A\014\253o\245\225^\272\274\356\370"
 916      410CAB6F 
 916      A5955EBA 
 916      BCEEF8
 917 037e C948D876 		.ascii	"\311H\330v;n\035)\255\353;A\353\234\035\270\036\222"
 917      3B6E1D29 
 917      ADEB3B41 
 917      EB9C1DB8 
 917      1E92
 918 0390 77F868F5 		.ascii	"w\370h\365\033@\324P\247\313\021\351\030\030\032\366"
 918      1B40D450 
 918      A7CB11E9 
 918      18181AF6 
 919 03a0 F9685718 		.ascii	"\371hW\0300\324\355k\2431\036\270\271\313\304\252\030"
 919      30D4ED6B 
 919      A3311EB8 
 919      B9CBC4AA 
 919      18
 920 03b1 0758EF2C 		.ascii	"\007X\357,sRL\353\333\\n\200\306S/RO\275\223g&,C\015"
 920      73524CEB 
 920      DB5C6E80 
 920      C6532F52 
 920      4FBD9367 
 921 03c9 68B9DC90 		.ascii	"h\271\334\220\230\306\261\037^\341\005\203\204\013L"
 921      98C6B11F 
 921      5EE10583 
 921      840B4C
 922 03d8 A886FA20 		.ascii	"\250\206\372 _\237\350\322\200\026\365\320\016\027\366"
 922      5F9FE8D2 
 922      8016F5D0 
 922      0E17F6
 923 03e7 1C67DE6D 		.ascii	"\034g\336mP]\275X\345\201\350P&\030\023w\031M\366\377"
 923      505DBD58 
 923      E581E850 
 923      26181377 
 923      194DF6FF 
 924 03fb 648004A1 		.ascii	"d\200\004\241q\224.\204O\346\341\243F\376!;\241\341"
 924      71942E84 
 924      4FE6E1A3 
 924      46FE213B 
 924      A1E1
 925 040d 43FBA3D0 		.ascii	"C\373\243\320\014\367B\204\2225\374N\025\233m\002\263"
 925      0CF74284 
 925      9235FC4E 
 925      159B6D02 
ARM GAS  /tmp/ccUMOM3W.s 			page 33


 925      B3
 926 041e ADE1C8DE 		.ascii	"\255\341\310\336\321\253\255\252\267\300\344\036\245"
 926      D1ABADAA 
 926      B7C0E41E 
 926      A5
 927 042b D3EFA04D 		.ascii	"\323\357\240Md#\034n\025A# \025\357\366\322\321\321"
 927      64231C6E 
 927      15412320 
 927      15EFF6D2 
 927      D1D1
 928 043d 2F9F2ED8 		.ascii	"/\237.\330NE\226)WE\\\320+\026\305E\320\006RI2vq\374"
 928      4E459629 
 928      57455CD0 
 928      2B16C545 
 928      D0065249 
 929 0455 63153463 		.ascii	"c\0254c{O\305\350\324x\257\227\016w\266\257\331\003"
 929      7B4FC5E8 
 929      D478AF97 
 929      0E77B6AF 
 929      D903
 930 0467 B60BAB48 		.ascii	"\266\013\253H\215d[#\331~\305\361e\034\330Vww\217\207"
 930      8D645B23 
 930      D97EC5F1 
 930      651CD856 
 930      77778F87 
 931 047b 31DB865A 		.ascii	"1\333\206Z6.\222r\255d]+Yo\3418\262\377\356@_x\264\370"
 931      362E9272 
 931      AD645D2B 
 931      596FE138 
 931      B2FFEE40 
 932 0493 8ADF3D0F 		.ascii	"\212\337=\017\301\264gd&\277\231\211\326T{\274\352\367"
 932      C1B46764 
 932      26BF9989 
 932      D6547BBC 
 932      EAF7
 933 04a5 7ADC74F8 		.ascii	"z\334t\370\312\241\242\245\036\262\031\344\002\323\262"
 933      CAA1A2A5 
 933      1EB219E4 
 933      02D3B2
 934 04b4 99600FC9 		.ascii	"\231`\017\311\250\340\370\257\231\335\336\335\337l\205"
 934      A8E0F8AF 
 934      99DDDEDD 
 934      DF6C85
 935 04c3 44E1D7F1 		.ascii	"D\341\327\361\207\301\276gq-\345\276\370*\262E\212\275"
 935      87C1BE67 
 935      712DE5BE 
 935      F82AB245 
 935      8ABD
 936 04d5 854D5D46 		.ascii	"\205M]F\015Dn<xyP\255\014^\2254x\333\030O\364\302\274"
 936      0D446E3C 
 936      787950AD 
 936      0C5E9534 
 936      78DB184F 
 937 04ec A4246DE0 		.ascii	"\244$m\340O\237o\311\261\2544hm\305\332|c\201\266\310"
 937      4F9F6FC9 
 937      B1AC3468 
 937      6DC5DA7C 
ARM GAS  /tmp/ccUMOM3W.s 			page 34


 937      6381B6C8 
 938 0500 662F29D6 		.ascii	"f/)\326\032\262>L\325\005\356\031\311\245\245\214\311"
 938      1AB23E4C 
 938      D505EE19 
 938      C9A5A58C 
 938      C9
 939 0511 2E283025 		.ascii	".(0%\345\362KV|\024\247O\231\207\246)[I\2469\272\274"
 939      E5F24B56 
 939      7C14A74F 
 939      9987A629 
 939      5B49A639 
 940 0527 79A66433 		.ascii	"y\246d3\342\327Z\012KRu\331%*\275AX\242\315\267Y\315"
 940      E2D75A0A 
 940      4B5275D9 
 940      252ABD41 
 940      58A2CDB7 
 941 053d DAD5B6DC 		.ascii	"\332\325\266\334\265v\355:\213\311\234c,4%\352RSR\022"
 941      B576ED3A 
 941      8BC99C63 
 941      2C3425EA 
 941      52535212 
 942 0551 F392B38D 		.ascii	"\363\222\263\215&\223\255P\233g\261[\327\031\355fm\216"
 942      2693AD50 
 942      9B67B15B 
 942      D719ED66 
 942      6D8E
 943 0563 CD683715 		.ascii	"\315h7\025k\025\"\307f+)\260\031Mf;Z\360\262LsmV+\230"
 943      6B1522C7 
 943      662B29B0 
 943      194D663B 
 943      5AF0B24C 
 944 057c 994B4B20 		.ascii	"\231KK \311\240<\213K\254\251\272\274\3449\272\322\271"
 944      C9A03C8B 
 944      4BACA9BA 
 944      BCE439BA 
 944      D2B9
 945 058e 49F92822 		.ascii	"I\371(\"s\225\220\235\265\276\310\274\330\2347E\237"
 945      7395909D 
 945      B5BEC8BC 
 945      D89C3745 
 945      9F
 946 059f B14448F5 		.ascii	"\261DH\365\337u\352\264\245\213\004C\226\300-Z\254\027"
 946      DF75EAB4 
 946      A58B0443 
 946      96C02D5A 
 946      AC17
 947 05b1 D469998B 		.ascii	"\324i\231\213R\322W\370W\035\254a@\302\302\263mf\304"
 947      52D257F8 
 947      571DAC61 
 947      40C2C2B3 
 947      6D66C4
 948 05c4 1E74EC41 		.ascii	"\036t\354A\245_&p\314_\245\027t\021\202^/K\253V.\022"
 948      A55F2670 
 948      CC5FA517 
 948      7411825E 
 948      2F4BAB56 
 949 05da 7821DD90 		.ascii	"x!\335\220.|\234\276\230\244\011\304 \250Wff}\220\376"
ARM GAS  /tmp/ccUMOM3W.s 			page 35


 949      2E7C9CBE 
 949      98A409C4 
 949      20A85766 
 949      667D90FE 
 950 05ee 89C0B19B 		.ascii	"\211\300\261\233*M/p\253\204L!*cy\232a\251\342\2262"
 950      2A4D2F70 
 950      AB844C21 
 950      2A63799A 
 950      61A9E296 
 951 0603 174D35DA 		.ascii	"\027M5\332\255\237\315-N\264\242\360\\8xsi\2425\031"
 951      AD9FCD2D 
 951      4EB4A2F0 
 951      5C387873 
 951      69A23519 
 952 0617 CD928E36 		.ascii	"\315\222\2166;\307\230\273zmQ\266\311f5Z\012\263-\205"
 952      3BC798BB 
 952      7A6D51B6 
 952      C966355A 
 952      0AB32D85 
 953 062b 9692F9FF 		.ascii	"\226\222\371\377\263m(R\326d*\032\3771e\347\026\330"
 953      B36D2852 
 953      D6642A1A 
 953      FF3165E7 
 953      16D8
 954 063d 7257FB37 		.ascii	"rW\3737\242\015\353\213K\314V\275\315n\326\263M\265"
 954      A20DEB8B 
 954      4BCC56BD 
 954      CD6ED6B3 
 954      4DB5
 955 064f C5BE6619 		.ascii	"\305\276f\031\354\277\364\354_\035. k)\266\303\331\377"
 955      ECBFF4EC 
 955      5F1D2E20 
 955      6B29B6C3 
 955      D9FF
 956 0661 0DCCA1B9 		.ascii	"\015\314\241\271\231"
 956      99
 957              		.text
 958              		.section	.gnu.lto_.symtab.65d2618e6671a890,"e",%progbits
 959 0000 68616C5F 		.ascii	"hal_lld_init\000"
 959      6C6C645F 
 959      696E6974 
 959      00
 960 000d 00       		.ascii	"\000"
 961 000e 00       		.ascii	"\000"
 962 000f 00       		.ascii	"\000"
 963 0010 00000000 		.ascii	"\000\000\000\000\000\000\000\000"
 963      00000000 
 964 0018 0D010000 		.ascii	"\015\001\000\000"
 965 001c 73746D33 		.ascii	"stm32_clock_init\000"
 965      325F636C 
 965      6F636B5F 
 965      696E6974 
 965      00
 966 002d 00       		.ascii	"\000"
 967 002e 00       		.ascii	"\000"
 968 002f 00       		.ascii	"\000"
 969 0030 00000000 		.ascii	"\000\000\000\000\000\000\000\000"
ARM GAS  /tmp/ccUMOM3W.s 			page 36


 969      00000000 
 970 0038 0F010000 		.ascii	"\017\001\000\000"
 971 003c 53797374 		.ascii	"SystemCoreClock\000"
 971      656D436F 
 971      7265436C 
 971      6F636B00 
 972 004c 00       		.ascii	"\000"
 973 004d 00       		.ascii	"\000"
 974 004e 00       		.ascii	"\000"
 975 004f 00000000 		.ascii	"\000\000\000\000\000\000\000\000"
 975      00000000 
 976 0057 13010000 		.ascii	"\023\001\000\000"
 977 005b 69727149 		.ascii	"irqInit\000"
 977      6E697400 
 978 0063 00       		.ascii	"\000"
 979 0064 02       		.ascii	"\002"
 980 0065 00       		.ascii	"\000"
 981 0066 00000000 		.ascii	"\000\000\000\000\000\000\000\000"
 981      00000000 
 982 006e 15010000 		.ascii	"\025\001\000\000"
 983              		.text
 984              		.section	.gnu.lto_.ext_symtab.65d2618e6671a890,"e",%progbits
 985 0000 01       		.ascii	"\001"
 986 0001 01       		.ascii	"\001"
 987 0002 00       		.ascii	"\000"
 988 0003 01       		.ascii	"\001"
 989 0004 00       		.ascii	"\000"
 990 0005 02       		.ascii	"\002"
 991 0006 00       		.ascii	"\000"
 992 0007 01       		.ascii	"\001"
 993 0008 00       		.ascii	"\000"
 994              		.text
 995              		.section	.gnu.lto_.opts,"e",%progbits
 996 0000 272D666E 		.ascii	"'-fno-openmp' '-fno-openacc' '-fno-pie' '-fcf-prote"
 996      6F2D6F70 
 996      656E6D70 
 996      2720272D 
 996      666E6F2D 
 997 0033 6374696F 		.ascii	"ction=none' '-g' '-mcpu=cortex-m0' '-mthumb' '-mflo"
 997      6E3D6E6F 
 997      6E652720 
 997      272D6727 
 997      20272D6D 
 998 0066 61742D61 		.ascii	"at-abi=soft' '-mlibarch=armv6s-m' '-march=armv6s-m'"
 998      62693D73 
 998      6F667427 
 998      20272D6D 
 998      6C696261 
 999 0099 20272D4F 		.ascii	" '-Os' '-fomit-frame-pointer' '-falign-functions=16"
 999      73272027 
 999      2D666F6D 
 999      69742D66 
 999      72616D65 
 1000 00cc 2720272D 		.ascii	"' '-fsingle-precision-constant' '-ffunction-section"
 1000      6673696E 
 1000      676C652D 
 1000      70726563 
ARM GAS  /tmp/ccUMOM3W.s 			page 37


 1000      6973696F 
 1001 00ff 73272027 		.ascii	"s' '-fdata-sections' '-fno-common' '-flto' '-Xassem"
 1001      2D666461 
 1001      74612D73 
 1001      65637469 
 1001      6F6E7327 
 1002 0132 626C6572 		.ascii	"bler' '-alms=./build/lst/hal_lld.lst'\000"
 1002      2720272D 
 1002      616C6D73 
 1002      3D2E2F62 
 1002      75696C64 
 1003              		.text
 1004              		.comm	__gnu_lto_slim,1,1
 1005              		.ident	"GCC: (Arm GNU Toolchain 11.3.Rel1) 11.3.1 20220712"
ARM GAS  /tmp/ccUMOM3W.s 			page 38


DEFINED SYMBOLS
                            *ABS*:0000000000000000 hal_lld.c
     /tmp/ccUMOM3W.s:24     .gnu.debuglto_.debug_info:0000000000000000 hal_lld.c.d42f7d0e
                            *COM*:0000000000000001 __gnu_lto_slim

NO UNDEFINED SYMBOLS
