ARM GAS  /tmp/ccGLKTqP.s 			page 1


   1              		.cpu cortex-m0
   2              		.arch armv6s-m
   3              		.fpu softvfp
   4              		.eabi_attribute 20, 1
   5              		.eabi_attribute 21, 1
   6              		.eabi_attribute 23, 3
   7              		.eabi_attribute 24, 1
   8              		.eabi_attribute 25, 1
   9              		.eabi_attribute 26, 1
  10              		.eabi_attribute 30, 4
  11              		.eabi_attribute 34, 0
  12              		.eabi_attribute 18, 4
  13              		.file	"hal_pal_lld.c"
  14              		.file 1 "/home/kocur/.rusefi-tools/arm-gnu-toolchain-11.3.rel1-x86_64-arm-none-eabi/arm-none-eabi/
  15              		.file 2 "/home/kocur/.rusefi-tools/arm-gnu-toolchain-11.3.rel1-x86_64-arm-none-eabi/arm-none-eabi/
  16              		.file 3 "../../../ChibiOS/os/hal/ports/STM32/LLD/GPIOv2/stm32_gpio.h"
  17              		.file 4 "../../../ChibiOS/os/hal/ports/STM32/LLD/GPIOv2/hal_pal_lld.h"
  18              		.file 5 "../../../ChibiOS/os/hal/ports/STM32/LLD/GPIOv2/hal_pal_lld.c"
  19              		.section	.gnu.debuglto_.debug_info,"e",%progbits
  20              	.Ldebug_info0:
  21              		.hidden	hal_pal_lld.c.663e3133
  22              		.weak	hal_pal_lld.c.663e3133
  23              	hal_pal_lld.c.663e3133:
  24 0000 44020000 		.4byte	0x244
  25 0004 0500     		.2byte	0x5
  26 0006 01       		.byte	0x1
  27 0007 04       		.byte	0x4
  28 0008 00000000 		.4byte	.Ldebug_abbrev0
  29 000c 0B       		.uleb128 0xb
  30 000d 59010000 		.4byte	.LASF38
  31 0011 1D       		.byte	0x1d
  32 0012 A1020000 		.4byte	.LASF39
  33 0016 5A020000 		.4byte	.LASF40
  34 001a 00000000 		.4byte	.Ldebug_line0
  35 001e 0C       		.uleb128 0xc
  36 001f 04       		.byte	0x4
  37 0020 05       		.byte	0x5
  38 0021 696E7400 		.ascii	"int\000"
  39 0025 01       		.uleb128 0x1
  40 0026 04       		.byte	0x4
  41 0027 07       		.byte	0x7
  42 0028 D2000000 		.4byte	.LASF0
  43 002c 01       		.uleb128 0x1
  44 002d 08       		.byte	0x8
  45 002e 05       		.byte	0x5
  46 002f 25010000 		.4byte	.LASF1
  47 0033 01       		.uleb128 0x1
  48 0034 08       		.byte	0x8
  49 0035 04       		.byte	0x4
  50 0036 13010000 		.4byte	.LASF2
  51 003a 01       		.uleb128 0x1
  52 003b 01       		.byte	0x1
  53 003c 06       		.byte	0x6
  54 003d 48020000 		.4byte	.LASF3
  55 0041 01       		.uleb128 0x1
  56 0042 01       		.byte	0x1
  57 0043 08       		.byte	0x8
ARM GAS  /tmp/ccGLKTqP.s 			page 2


  58 0044 50000000 		.4byte	.LASF4
  59 0048 01       		.uleb128 0x1
  60 0049 02       		.byte	0x2
  61 004a 05       		.byte	0x5
  62 004b AC000000 		.4byte	.LASF5
  63 004f 03       		.uleb128 0x3
  64 0050 98000000 		.4byte	.LASF8
  65 0054 01       		.byte	0x1
  66 0055 39       		.byte	0x39
  67 0056 19       		.byte	0x19
  68 0057 5B000000 		.4byte	0x5b
  69 005b 01       		.uleb128 0x1
  70 005c 02       		.byte	0x2
  71 005d 07       		.byte	0x7
  72 005e 75000000 		.4byte	.LASF6
  73 0062 01       		.uleb128 0x1
  74 0063 04       		.byte	0x4
  75 0064 05       		.byte	0x5
  76 0065 39020000 		.4byte	.LASF7
  77 0069 03       		.uleb128 0x3
  78 006a 8D000000 		.4byte	.LASF9
  79 006e 01       		.byte	0x1
  80 006f 4F       		.byte	0x4f
  81 0070 19       		.byte	0x19
  82 0071 75000000 		.4byte	0x75
  83 0075 01       		.uleb128 0x1
  84 0076 04       		.byte	0x4
  85 0077 07       		.byte	0x7
  86 0078 63000000 		.4byte	.LASF10
  87 007c 01       		.uleb128 0x1
  88 007d 08       		.byte	0x8
  89 007e 07       		.byte	0x7
  90 007f E4000000 		.4byte	.LASF11
  91 0083 03       		.uleb128 0x3
  92 0084 50010000 		.4byte	.LASF12
  93 0088 02       		.byte	0x2
  94 0089 24       		.byte	0x24
  95 008a 14       		.byte	0x14
  96 008b 4F000000 		.4byte	0x4f
  97 008f 03       		.uleb128 0x3
  98 0090 30020000 		.4byte	.LASF13
  99 0094 02       		.byte	0x2
 100 0095 30       		.byte	0x30
 101 0096 14       		.byte	0x14
 102 0097 69000000 		.4byte	0x69
 103 009b 08       		.uleb128 0x8
 104 009c 8F000000 		.4byte	0x8f
 105 00a0 01       		.uleb128 0x1
 106 00a1 01       		.byte	0x1
 107 00a2 08       		.byte	0x8
 108 00a3 33010000 		.4byte	.LASF14
 109 00a7 01       		.uleb128 0x1
 110 00a8 01       		.byte	0x1
 111 00a9 02       		.byte	0x2
 112 00aa 54020000 		.4byte	.LASF15
 113 00ae 09       		.uleb128 0x9
 114 00af 04       		.byte	0x4
ARM GAS  /tmp/ccGLKTqP.s 			page 3


 115 00b0 5B       		.byte	0x5b
 116 00b1 05       		.byte	0x5
 117 00b2 CE000000 		.4byte	0xce
 118 00b6 06       		.uleb128 0x6
 119 00b7 73657400 		.ascii	"set\000"
 120 00bb 5C       		.byte	0x5c
 121 00bc 83000000 		.4byte	0x83
 122 00c0 00       		.byte	0
 123 00c1 02       		.uleb128 0x2
 124 00c2 08000000 		.4byte	.LASF16
 125 00c6 5D       		.byte	0x5d
 126 00c7 19       		.byte	0x19
 127 00c8 83000000 		.4byte	0x83
 128 00cc 02       		.byte	0x2
 129 00cd 00       		.byte	0
 130 00ce 0D       		.uleb128 0xd
 131 00cf 04       		.byte	0x4
 132 00d0 03       		.byte	0x3
 133 00d1 59       		.byte	0x59
 134 00d2 0C       		.byte	0xc
 135 00d3 EA000000 		.4byte	0xea
 136 00d7 0A       		.uleb128 0xa
 137 00d8 5700     		.ascii	"W\000"
 138 00da 5A       		.byte	0x5a
 139 00db 19       		.byte	0x19
 140 00dc 8F000000 		.4byte	0x8f
 141 00e0 0A       		.uleb128 0xa
 142 00e1 4800     		.ascii	"H\000"
 143 00e3 5E       		.byte	0x5e
 144 00e4 07       		.byte	0x7
 145 00e5 AE000000 		.4byte	0xae
 146 00e9 00       		.byte	0
 147 00ea 08       		.uleb128 0x8
 148 00eb CE000000 		.4byte	0xce
 149 00ef 09       		.uleb128 0x9
 150 00f0 28       		.byte	0x28
 151 00f1 51       		.byte	0x51
 152 00f2 09       		.byte	0x9
 153 00f3 6E010000 		.4byte	0x16e
 154 00f7 02       		.uleb128 0x2
 155 00f8 0E000000 		.4byte	.LASF17
 156 00fc 53       		.byte	0x53
 157 00fd 19       		.byte	0x19
 158 00fe 9B000000 		.4byte	0x9b
 159 0102 00       		.byte	0
 160 0103 02       		.uleb128 0x2
 161 0104 40000000 		.4byte	.LASF18
 162 0108 54       		.byte	0x54
 163 0109 19       		.byte	0x19
 164 010a 9B000000 		.4byte	0x9b
 165 010e 04       		.byte	0x4
 166 010f 02       		.uleb128 0x2
 167 0110 00000000 		.4byte	.LASF19
 168 0114 55       		.byte	0x55
 169 0115 19       		.byte	0x19
 170 0116 9B000000 		.4byte	0x9b
 171 011a 08       		.byte	0x8
ARM GAS  /tmp/ccGLKTqP.s 			page 4


 172 011b 02       		.uleb128 0x2
 173 011c 1F010000 		.4byte	.LASF20
 174 0120 56       		.byte	0x56
 175 0121 19       		.byte	0x19
 176 0122 9B000000 		.4byte	0x9b
 177 0126 0C       		.byte	0xc
 178 0127 06       		.uleb128 0x6
 179 0128 49445200 		.ascii	"IDR\000"
 180 012c 57       		.byte	0x57
 181 012d 9B000000 		.4byte	0x9b
 182 0131 10       		.byte	0x10
 183 0132 06       		.uleb128 0x6
 184 0133 4F445200 		.ascii	"ODR\000"
 185 0137 58       		.byte	0x58
 186 0138 9B000000 		.4byte	0x9b
 187 013c 14       		.byte	0x14
 188 013d 02       		.uleb128 0x2
 189 013e 27000000 		.4byte	.LASF21
 190 0142 5F       		.byte	0x5f
 191 0143 05       		.byte	0x5
 192 0144 EA000000 		.4byte	0xea
 193 0148 18       		.byte	0x18
 194 0149 02       		.uleb128 0x2
 195 014a 00010000 		.4byte	.LASF22
 196 014e 60       		.byte	0x60
 197 014f 19       		.byte	0x19
 198 0150 9B000000 		.4byte	0x9b
 199 0154 1C       		.byte	0x1c
 200 0155 02       		.uleb128 0x2
 201 0156 88000000 		.4byte	.LASF23
 202 015a 61       		.byte	0x61
 203 015b 19       		.byte	0x19
 204 015c 9B000000 		.4byte	0x9b
 205 0160 20       		.byte	0x20
 206 0161 02       		.uleb128 0x2
 207 0162 5E000000 		.4byte	.LASF24
 208 0166 62       		.byte	0x62
 209 0167 19       		.byte	0x19
 210 0168 9B000000 		.4byte	0x9b
 211 016c 24       		.byte	0x24
 212 016d 00       		.byte	0
 213 016e 03       		.uleb128 0x3
 214 016f 06010000 		.4byte	.LASF25
 215 0173 03       		.byte	0x3
 216 0174 63       		.byte	0x63
 217 0175 03       		.byte	0x3
 218 0176 EF000000 		.4byte	0xef
 219 017a 03       		.uleb128 0x3
 220 017b 33000000 		.4byte	.LASF26
 221 017f 04       		.byte	0x4
 222 0180 C2       		.byte	0xc2
 223 0181 12       		.byte	0x12
 224 0182 8F000000 		.4byte	0x8f
 225 0186 03       		.uleb128 0x3
 226 0187 47000000 		.4byte	.LASF27
 227 018b 04       		.byte	0x4
 228 018c C7       		.byte	0xc7
ARM GAS  /tmp/ccGLKTqP.s 			page 5


 229 018d 12       		.byte	0x12
 230 018e 8F000000 		.4byte	0x8f
 231 0192 03       		.uleb128 0x3
 232 0193 45010000 		.4byte	.LASF28
 233 0197 04       		.byte	0x4
 234 0198 D9       		.byte	0xd9
 235 0199 18       		.byte	0x18
 236 019a 9E010000 		.4byte	0x19e
 237 019e 0E       		.uleb128 0xe
 238 019f 04       		.byte	0x4
 239 01a0 6E010000 		.4byte	0x16e
 240 01a4 0F       		.uleb128 0xf
 241 01a5 BC000000 		.4byte	.LASF41
 242 01a9 05       		.byte	0x5
 243 01aa 59       		.byte	0x59
 244 01ab 06       		.byte	0x6
 245 01ac 3F020000 		.4byte	0x23f
 246 01b0 07       		.uleb128 0x7
 247 01b1 40010000 		.4byte	.LASF29
 248 01b5 59       		.byte	0x59
 249 01b6 27       		.byte	0x27
 250 01b7 92010000 		.4byte	0x192
 251 01bb 07       		.uleb128 0x7
 252 01bc 22000000 		.4byte	.LASF30
 253 01c0 5A       		.byte	0x5a
 254 01c1 29       		.byte	0x29
 255 01c2 7A010000 		.4byte	0x17a
 256 01c6 07       		.uleb128 0x7
 257 01c7 FB000000 		.4byte	.LASF31
 258 01cb 5B       		.byte	0x5b
 259 01cc 25       		.byte	0x25
 260 01cd 86010000 		.4byte	0x186
 261 01d1 04       		.uleb128 0x4
 262 01d2 42020000 		.4byte	.LASF32
 263 01d6 5D       		.byte	0x5d
 264 01d7 0C       		.byte	0xc
 265 01d8 8F000000 		.4byte	0x8f
 266 01dc 04       		.uleb128 0x4
 267 01dd 2C000000 		.4byte	.LASF33
 268 01e1 5E       		.byte	0x5e
 269 01e2 0C       		.byte	0xc
 270 01e3 8F000000 		.4byte	0x8f
 271 01e7 04       		.uleb128 0x4
 272 01e8 38010000 		.4byte	.LASF34
 273 01ec 5F       		.byte	0x5f
 274 01ed 0C       		.byte	0xc
 275 01ee 8F000000 		.4byte	0x8f
 276 01f2 04       		.uleb128 0x4
 277 01f3 B6000000 		.4byte	.LASF35
 278 01f7 60       		.byte	0x60
 279 01f8 0C       		.byte	0xc
 280 01f9 8F000000 		.4byte	0x8f
 281 01fd 04       		.uleb128 0x4
 282 01fe DF000000 		.4byte	.LASF36
 283 0202 61       		.byte	0x61
 284 0203 0C       		.byte	0xc
 285 0204 8F000000 		.4byte	0x8f
ARM GAS  /tmp/ccGLKTqP.s 			page 6


 286 0208 05       		.uleb128 0x5
 287 0209 62697400 		.ascii	"bit\000"
 288 020d 62       		.byte	0x62
 289 020e 0C       		.byte	0xc
 290 020f 8F000000 		.4byte	0x8f
 291 0213 10       		.uleb128 0x10
 292 0214 04       		.uleb128 0x4
 293 0215 A3000000 		.4byte	.LASF37
 294 0219 65       		.byte	0x65
 295 021a 10       		.byte	0x10
 296 021b 8F000000 		.4byte	0x8f
 297 021f 05       		.uleb128 0x5
 298 0220 6D3100   		.ascii	"m1\000"
 299 0223 65       		.byte	0x65
 300 0224 1A       		.byte	0x1a
 301 0225 8F000000 		.4byte	0x8f
 302 0229 05       		.uleb128 0x5
 303 022a 6D3200   		.ascii	"m2\000"
 304 022d 65       		.byte	0x65
 305 022e 1E       		.byte	0x1e
 306 022f 8F000000 		.4byte	0x8f
 307 0233 05       		.uleb128 0x5
 308 0234 6D3400   		.ascii	"m4\000"
 309 0237 65       		.byte	0x65
 310 0238 22       		.byte	0x22
 311 0239 8F000000 		.4byte	0x8f
 312 023d 00       		.byte	0
 313 023e 00       		.byte	0
 314 023f 11       		.uleb128 0x11
 315 0240 14000000 		.4byte	.LASF42
 316 0244 05       		.byte	0x5
 317 0245 41       		.byte	0x41
 318 0246 06       		.byte	0x6
 319 0247 00       		.byte	0
 320              		.section	.gnu.debuglto_.debug_abbrev,"e",%progbits
 321              	.Ldebug_abbrev0:
 322 0000 01       		.uleb128 0x1
 323 0001 24       		.uleb128 0x24
 324 0002 00       		.byte	0
 325 0003 0B       		.uleb128 0xb
 326 0004 0B       		.uleb128 0xb
 327 0005 3E       		.uleb128 0x3e
 328 0006 0B       		.uleb128 0xb
 329 0007 03       		.uleb128 0x3
 330 0008 0E       		.uleb128 0xe
 331 0009 00       		.byte	0
 332 000a 00       		.byte	0
 333 000b 02       		.uleb128 0x2
 334 000c 0D       		.uleb128 0xd
 335 000d 00       		.byte	0
 336 000e 03       		.uleb128 0x3
 337 000f 0E       		.uleb128 0xe
 338 0010 3A       		.uleb128 0x3a
 339 0011 21       		.uleb128 0x21
 340 0012 03       		.sleb128 3
 341 0013 3B       		.uleb128 0x3b
 342 0014 0B       		.uleb128 0xb
ARM GAS  /tmp/ccGLKTqP.s 			page 7


 343 0015 39       		.uleb128 0x39
 344 0016 0B       		.uleb128 0xb
 345 0017 49       		.uleb128 0x49
 346 0018 13       		.uleb128 0x13
 347 0019 38       		.uleb128 0x38
 348 001a 0B       		.uleb128 0xb
 349 001b 00       		.byte	0
 350 001c 00       		.byte	0
 351 001d 03       		.uleb128 0x3
 352 001e 16       		.uleb128 0x16
 353 001f 00       		.byte	0
 354 0020 03       		.uleb128 0x3
 355 0021 0E       		.uleb128 0xe
 356 0022 3A       		.uleb128 0x3a
 357 0023 0B       		.uleb128 0xb
 358 0024 3B       		.uleb128 0x3b
 359 0025 0B       		.uleb128 0xb
 360 0026 39       		.uleb128 0x39
 361 0027 0B       		.uleb128 0xb
 362 0028 49       		.uleb128 0x49
 363 0029 13       		.uleb128 0x13
 364 002a 00       		.byte	0
 365 002b 00       		.byte	0
 366 002c 04       		.uleb128 0x4
 367 002d 34       		.uleb128 0x34
 368 002e 00       		.byte	0
 369 002f 03       		.uleb128 0x3
 370 0030 0E       		.uleb128 0xe
 371 0031 3A       		.uleb128 0x3a
 372 0032 21       		.uleb128 0x21
 373 0033 05       		.sleb128 5
 374 0034 3B       		.uleb128 0x3b
 375 0035 0B       		.uleb128 0xb
 376 0036 39       		.uleb128 0x39
 377 0037 0B       		.uleb128 0xb
 378 0038 49       		.uleb128 0x49
 379 0039 13       		.uleb128 0x13
 380 003a 00       		.byte	0
 381 003b 00       		.byte	0
 382 003c 05       		.uleb128 0x5
 383 003d 34       		.uleb128 0x34
 384 003e 00       		.byte	0
 385 003f 03       		.uleb128 0x3
 386 0040 08       		.uleb128 0x8
 387 0041 3A       		.uleb128 0x3a
 388 0042 21       		.uleb128 0x21
 389 0043 05       		.sleb128 5
 390 0044 3B       		.uleb128 0x3b
 391 0045 0B       		.uleb128 0xb
 392 0046 39       		.uleb128 0x39
 393 0047 0B       		.uleb128 0xb
 394 0048 49       		.uleb128 0x49
 395 0049 13       		.uleb128 0x13
 396 004a 00       		.byte	0
 397 004b 00       		.byte	0
 398 004c 06       		.uleb128 0x6
 399 004d 0D       		.uleb128 0xd
ARM GAS  /tmp/ccGLKTqP.s 			page 8


 400 004e 00       		.byte	0
 401 004f 03       		.uleb128 0x3
 402 0050 08       		.uleb128 0x8
 403 0051 3A       		.uleb128 0x3a
 404 0052 21       		.uleb128 0x21
 405 0053 03       		.sleb128 3
 406 0054 3B       		.uleb128 0x3b
 407 0055 0B       		.uleb128 0xb
 408 0056 39       		.uleb128 0x39
 409 0057 21       		.uleb128 0x21
 410 0058 19       		.sleb128 25
 411 0059 49       		.uleb128 0x49
 412 005a 13       		.uleb128 0x13
 413 005b 38       		.uleb128 0x38
 414 005c 0B       		.uleb128 0xb
 415 005d 00       		.byte	0
 416 005e 00       		.byte	0
 417 005f 07       		.uleb128 0x7
 418 0060 05       		.uleb128 0x5
 419 0061 00       		.byte	0
 420 0062 03       		.uleb128 0x3
 421 0063 0E       		.uleb128 0xe
 422 0064 3A       		.uleb128 0x3a
 423 0065 21       		.uleb128 0x21
 424 0066 05       		.sleb128 5
 425 0067 3B       		.uleb128 0x3b
 426 0068 0B       		.uleb128 0xb
 427 0069 39       		.uleb128 0x39
 428 006a 0B       		.uleb128 0xb
 429 006b 49       		.uleb128 0x49
 430 006c 13       		.uleb128 0x13
 431 006d 00       		.byte	0
 432 006e 00       		.byte	0
 433 006f 08       		.uleb128 0x8
 434 0070 35       		.uleb128 0x35
 435 0071 00       		.byte	0
 436 0072 49       		.uleb128 0x49
 437 0073 13       		.uleb128 0x13
 438 0074 00       		.byte	0
 439 0075 00       		.byte	0
 440 0076 09       		.uleb128 0x9
 441 0077 13       		.uleb128 0x13
 442 0078 01       		.byte	0x1
 443 0079 0B       		.uleb128 0xb
 444 007a 0B       		.uleb128 0xb
 445 007b 3A       		.uleb128 0x3a
 446 007c 21       		.uleb128 0x21
 447 007d 03       		.sleb128 3
 448 007e 3B       		.uleb128 0x3b
 449 007f 0B       		.uleb128 0xb
 450 0080 39       		.uleb128 0x39
 451 0081 0B       		.uleb128 0xb
 452 0082 01       		.uleb128 0x1
 453 0083 13       		.uleb128 0x13
 454 0084 00       		.byte	0
 455 0085 00       		.byte	0
 456 0086 0A       		.uleb128 0xa
ARM GAS  /tmp/ccGLKTqP.s 			page 9


 457 0087 0D       		.uleb128 0xd
 458 0088 00       		.byte	0
 459 0089 03       		.uleb128 0x3
 460 008a 08       		.uleb128 0x8
 461 008b 3A       		.uleb128 0x3a
 462 008c 21       		.uleb128 0x21
 463 008d 03       		.sleb128 3
 464 008e 3B       		.uleb128 0x3b
 465 008f 0B       		.uleb128 0xb
 466 0090 39       		.uleb128 0x39
 467 0091 0B       		.uleb128 0xb
 468 0092 49       		.uleb128 0x49
 469 0093 13       		.uleb128 0x13
 470 0094 00       		.byte	0
 471 0095 00       		.byte	0
 472 0096 0B       		.uleb128 0xb
 473 0097 11       		.uleb128 0x11
 474 0098 01       		.byte	0x1
 475 0099 25       		.uleb128 0x25
 476 009a 0E       		.uleb128 0xe
 477 009b 13       		.uleb128 0x13
 478 009c 0B       		.uleb128 0xb
 479 009d 03       		.uleb128 0x3
 480 009e 0E       		.uleb128 0xe
 481 009f 1B       		.uleb128 0x1b
 482 00a0 0E       		.uleb128 0xe
 483 00a1 10       		.uleb128 0x10
 484 00a2 17       		.uleb128 0x17
 485 00a3 00       		.byte	0
 486 00a4 00       		.byte	0
 487 00a5 0C       		.uleb128 0xc
 488 00a6 24       		.uleb128 0x24
 489 00a7 00       		.byte	0
 490 00a8 0B       		.uleb128 0xb
 491 00a9 0B       		.uleb128 0xb
 492 00aa 3E       		.uleb128 0x3e
 493 00ab 0B       		.uleb128 0xb
 494 00ac 03       		.uleb128 0x3
 495 00ad 08       		.uleb128 0x8
 496 00ae 00       		.byte	0
 497 00af 00       		.byte	0
 498 00b0 0D       		.uleb128 0xd
 499 00b1 17       		.uleb128 0x17
 500 00b2 01       		.byte	0x1
 501 00b3 0B       		.uleb128 0xb
 502 00b4 0B       		.uleb128 0xb
 503 00b5 3A       		.uleb128 0x3a
 504 00b6 0B       		.uleb128 0xb
 505 00b7 3B       		.uleb128 0x3b
 506 00b8 0B       		.uleb128 0xb
 507 00b9 39       		.uleb128 0x39
 508 00ba 0B       		.uleb128 0xb
 509 00bb 01       		.uleb128 0x1
 510 00bc 13       		.uleb128 0x13
 511 00bd 00       		.byte	0
 512 00be 00       		.byte	0
 513 00bf 0E       		.uleb128 0xe
ARM GAS  /tmp/ccGLKTqP.s 			page 10


 514 00c0 0F       		.uleb128 0xf
 515 00c1 00       		.byte	0
 516 00c2 0B       		.uleb128 0xb
 517 00c3 0B       		.uleb128 0xb
 518 00c4 49       		.uleb128 0x49
 519 00c5 13       		.uleb128 0x13
 520 00c6 00       		.byte	0
 521 00c7 00       		.byte	0
 522 00c8 0F       		.uleb128 0xf
 523 00c9 2E       		.uleb128 0x2e
 524 00ca 01       		.byte	0x1
 525 00cb 3F       		.uleb128 0x3f
 526 00cc 19       		.uleb128 0x19
 527 00cd 03       		.uleb128 0x3
 528 00ce 0E       		.uleb128 0xe
 529 00cf 3A       		.uleb128 0x3a
 530 00d0 0B       		.uleb128 0xb
 531 00d1 3B       		.uleb128 0x3b
 532 00d2 0B       		.uleb128 0xb
 533 00d3 39       		.uleb128 0x39
 534 00d4 0B       		.uleb128 0xb
 535 00d5 27       		.uleb128 0x27
 536 00d6 19       		.uleb128 0x19
 537 00d7 01       		.uleb128 0x1
 538 00d8 13       		.uleb128 0x13
 539 00d9 00       		.byte	0
 540 00da 00       		.byte	0
 541 00db 10       		.uleb128 0x10
 542 00dc 0B       		.uleb128 0xb
 543 00dd 01       		.byte	0x1
 544 00de 00       		.byte	0
 545 00df 00       		.byte	0
 546 00e0 11       		.uleb128 0x11
 547 00e1 2E       		.uleb128 0x2e
 548 00e2 00       		.byte	0
 549 00e3 3F       		.uleb128 0x3f
 550 00e4 19       		.uleb128 0x19
 551 00e5 03       		.uleb128 0x3
 552 00e6 0E       		.uleb128 0xe
 553 00e7 3A       		.uleb128 0x3a
 554 00e8 0B       		.uleb128 0xb
 555 00e9 3B       		.uleb128 0x3b
 556 00ea 0B       		.uleb128 0xb
 557 00eb 39       		.uleb128 0x39
 558 00ec 0B       		.uleb128 0xb
 559 00ed 27       		.uleb128 0x27
 560 00ee 19       		.uleb128 0x19
 561 00ef 00       		.byte	0
 562 00f0 00       		.byte	0
 563 00f1 00       		.byte	0
 564              		.section	.gnu.debuglto_.debug_line,"e",%progbits
 565              	.Ldebug_line0:
 566 0000 52000000 		.4byte	.LELT0-.LSLT0
 567              	.LSLT0:
 568 0004 0500     		.2byte	0x5
 569 0006 04       		.byte	0x4
 570 0007 00       		.byte	0
ARM GAS  /tmp/ccGLKTqP.s 			page 11


 571 0008 4A000000 		.4byte	.LELTP0-.LASLTP0
 572              	.LASLTP0:
 573 000c 01       		.byte	0x1
 574 000d 01       		.byte	0x1
 575 000e 01       		.byte	0x1
 576 000f F6       		.byte	0xf6
 577 0010 F2       		.byte	0xf2
 578 0011 0D       		.byte	0xd
 579 0012 00       		.byte	0
 580 0013 01       		.byte	0x1
 581 0014 01       		.byte	0x1
 582 0015 01       		.byte	0x1
 583 0016 01       		.byte	0x1
 584 0017 00       		.byte	0
 585 0018 00       		.byte	0
 586 0019 00       		.byte	0
 587 001a 01       		.byte	0x1
 588 001b 00       		.byte	0
 589 001c 00       		.byte	0
 590 001d 01       		.byte	0x1
 591 001e 01       		.byte	0x1
 592 001f 01       		.uleb128 0x1
 593 0020 1F       		.uleb128 0x1f
 594 0021 04       		.uleb128 0x4
 595 0022 7E010000 		.4byte	.LASF43
 596 0026 0D000000 		.4byte	.LASF44
 597 002a 0B010000 		.4byte	.LASF45
 598 002e 3C000000 		.4byte	.LASF46
 599 0032 02       		.byte	0x2
 600 0033 01       		.uleb128 0x1
 601 0034 1F       		.uleb128 0x1f
 602 0035 02       		.uleb128 0x2
 603 0036 0B       		.uleb128 0xb
 604 0037 06       		.uleb128 0x6
 605 0038 BD000000 		.4byte	.LASF47
 606 003c 00       		.byte	0
 607 003d FA000000 		.4byte	.LASF48
 608 0041 02       		.byte	0x2
 609 0042 74010000 		.4byte	.LASF49
 610 0046 03       		.byte	0x3
 611 0047 00000000 		.4byte	.LASF50
 612 004b 01       		.byte	0x1
 613 004c A1000000 		.4byte	.LASF51
 614 0050 01       		.byte	0x1
 615 0051 AF000000 		.4byte	.LASF52
 616 0055 01       		.byte	0x1
 617              	.LELTP0:
 618              	.LELT0:
 619              		.section	.gnu.debuglto_.debug_str,"eMS",%progbits,1
 620              	.LASF19:
 621 0000 4F535045 		.ascii	"OSPEEDR\000"
 621      45445200 
 622              	.LASF16:
 623 0008 636C6561 		.ascii	"clear\000"
 623      7200
 624              	.LASF17:
 625 000e 4D4F4445 		.ascii	"MODER\000"
ARM GAS  /tmp/ccGLKTqP.s 			page 12


 625      5200
 626              	.LASF42:
 627 0014 5F70616C 		.ascii	"_pal_lld_init\000"
 627      5F6C6C64 
 627      5F696E69 
 627      7400
 628              	.LASF30:
 629 0022 6D61736B 		.ascii	"mask\000"
 629      00
 630              	.LASF21:
 631 0027 42535252 		.ascii	"BSRR\000"
 631      00
 632              	.LASF33:
 633 002c 6F747970 		.ascii	"otyper\000"
 633      657200
 634              	.LASF26:
 635 0033 696F706F 		.ascii	"ioportmask_t\000"
 635      72746D61 
 635      736B5F74 
 635      00
 636              	.LASF18:
 637 0040 4F545950 		.ascii	"OTYPER\000"
 637      455200
 638              	.LASF27:
 639 0047 696F6D6F 		.ascii	"iomode_t\000"
 639      64655F74 
 639      00
 640              	.LASF4:
 641 0050 756E7369 		.ascii	"unsigned char\000"
 641      676E6564 
 641      20636861 
 641      7200
 642              	.LASF24:
 643 005e 41465248 		.ascii	"AFRH\000"
 643      00
 644              	.LASF10:
 645 0063 6C6F6E67 		.ascii	"long unsigned int\000"
 645      20756E73 
 645      69676E65 
 645      6420696E 
 645      7400
 646              	.LASF6:
 647 0075 73686F72 		.ascii	"short unsigned int\000"
 647      7420756E 
 647      7369676E 
 647      65642069 
 647      6E7400
 648              	.LASF23:
 649 0088 4146524C 		.ascii	"AFRL\000"
 649      00
 650              	.LASF9:
 651 008d 5F5F7569 		.ascii	"__uint32_t\000"
 651      6E743332 
 651      5F7400
 652              	.LASF8:
 653 0098 5F5F7569 		.ascii	"__uint16_t\000"
 653      6E743136 
ARM GAS  /tmp/ccGLKTqP.s 			page 13


 653      5F7400
 654              	.LASF37:
 655 00a3 616C7472 		.ascii	"altrmask\000"
 655      6D61736B 
 655      00
 656              	.LASF5:
 657 00ac 73686F72 		.ascii	"short int\000"
 657      7420696E 
 657      7400
 658              	.LASF35:
 659 00b6 70757064 		.ascii	"pupdr\000"
 659      7200
 660              	.LASF41:
 661 00bc 5F70616C 		.ascii	"_pal_lld_setgroupmode\000"
 661      5F6C6C64 
 661      5F736574 
 661      67726F75 
 661      706D6F64 
 662              	.LASF0:
 663 00d2 756E7369 		.ascii	"unsigned int\000"
 663      676E6564 
 663      20696E74 
 663      00
 664              	.LASF36:
 665 00df 616C7472 		.ascii	"altr\000"
 665      00
 666              	.LASF11:
 667 00e4 6C6F6E67 		.ascii	"long long unsigned int\000"
 667      206C6F6E 
 667      6720756E 
 667      7369676E 
 667      65642069 
 668              	.LASF31:
 669 00fb 6D6F6465 		.ascii	"mode\000"
 669      00
 670              	.LASF22:
 671 0100 4C4F434B 		.ascii	"LOCKR\000"
 671      5200
 672              	.LASF25:
 673 0106 73746D33 		.ascii	"stm32_gpio_t\000"
 673      325F6770 
 673      696F5F74 
 673      00
 674              	.LASF2:
 675 0113 6C6F6E67 		.ascii	"long double\000"
 675      20646F75 
 675      626C6500 
 676              	.LASF20:
 677 011f 50555044 		.ascii	"PUPDR\000"
 677      5200
 678              	.LASF1:
 679 0125 6C6F6E67 		.ascii	"long long int\000"
 679      206C6F6E 
 679      6720696E 
 679      7400
 680              	.LASF14:
 681 0133 63686172 		.ascii	"char\000"
ARM GAS  /tmp/ccGLKTqP.s 			page 14


 681      00
 682              	.LASF34:
 683 0138 6F737065 		.ascii	"ospeedr\000"
 683      65647200 
 684              	.LASF29:
 685 0140 706F7274 		.ascii	"port\000"
 685      00
 686              	.LASF28:
 687 0145 696F706F 		.ascii	"ioportid_t\000"
 687      72746964 
 687      5F7400
 688              	.LASF12:
 689 0150 75696E74 		.ascii	"uint16_t\000"
 689      31365F74 
 689      00
 690              	.LASF38:
 691 0159 474E5520 		.ascii	"GNU C17 11.3.1 20220712 -mcpu=cortex-m0 -mthumb -mf"
 691      43313720 
 691      31312E33 
 691      2E312032 
 691      30323230 
 692 018c 6C6F6174 		.ascii	"loat-abi=soft -march=armv6s-m -ggdb -Os -fomit-fram"
 692      2D616269 
 692      3D736F66 
 692      74202D6D 
 692      61726368 
 693 01bf 652D706F 		.ascii	"e-pointer -falign-functions=16 -fsingle-precision-c"
 693      696E7465 
 693      72202D66 
 693      616C6967 
 693      6E2D6675 
 694 01f2 6F6E7374 		.ascii	"onstant -ffunction-sections -fdata-sections -fno-co"
 694      616E7420 
 694      2D666675 
 694      6E637469 
 694      6F6E2D73 
 695 0225 6D6D6F6E 		.ascii	"mmon -flto\000"
 695      202D666C 
 695      746F00
 696              	.LASF13:
 697 0230 75696E74 		.ascii	"uint32_t\000"
 697      33325F74 
 697      00
 698              	.LASF7:
 699 0239 6C6F6E67 		.ascii	"long int\000"
 699      20696E74 
 699      00
 700              	.LASF32:
 701 0242 6D6F6465 		.ascii	"moder\000"
 701      7200
 702              	.LASF3:
 703 0248 7369676E 		.ascii	"signed char\000"
 703      65642063 
 703      68617200 
 704              	.LASF15:
 705 0254 5F426F6F 		.ascii	"_Bool\000"
 705      6C00
ARM GAS  /tmp/ccGLKTqP.s 			page 15


 706              	.LASF40:
 707 025a 2F686F6D 		.ascii	"/home/kocur/wideband-2311-f0_addon/firmware/boards/"
 707      652F6B6F 
 707      6375722F 
 707      77696465 
 707      62616E64 
 708 028d 66305F61 		.ascii	"f0_addon/bootloader\000"
 708      64646F6E 
 708      2F626F6F 
 708      746C6F61 
 708      64657200 
 709              	.LASF39:
 710 02a1 2E2E2F2E 		.ascii	"../../../ChibiOS/os/hal/ports/STM32/LLD/GPIOv2/hal_"
 710      2E2F2E2E 
 710      2F436869 
 710      62694F53 
 710      2F6F732F 
 711 02d4 70616C5F 		.ascii	"pal_lld.c\000"
 711      6C6C642E 
 711      6300
 712              		.section	.gnu.debuglto_.debug_line_str,"eMS",%progbits,1
 713              	.LASF50:
 714 0000 73746D33 		.ascii	"stm32_gpio.h\000"
 714      325F6770 
 714      696F2E68 
 714      00
 715              	.LASF44:
 716 000d 2E2E2F2E 		.ascii	"../../../ChibiOS/os/hal/ports/STM32/LLD/GPIOv2\000"
 716      2E2F2E2E 
 716      2F436869 
 716      62694F53 
 716      2F6F732F 
 717              	.LASF46:
 718 003c 2F686F6D 		.ascii	"/home/kocur/.rusefi-tools/arm-gnu-toolchain-11.3.re"
 718      652F6B6F 
 718      6375722F 
 718      2E727573 
 718      6566692D 
 719 006f 6C312D78 		.ascii	"l1-x86_64-arm-none-eabi/arm-none-eabi/include/sys\000"
 719      38365F36 
 719      342D6172 
 719      6D2D6E6F 
 719      6E652D65 
 720              	.LASF51:
 721 00a1 68616C5F 		.ascii	"hal_pal_lld.h\000"
 721      70616C5F 
 721      6C6C642E 
 721      6800
 722              	.LASF52:
 723 00af 68616C5F 		.ascii	"hal_pal_lld.c\000"
 723      70616C5F 
 723      6C6C642E 
 723      6300
 724              	.LASF47:
 725 00bd 2E2E2F2E 		.ascii	"../../../ChibiOS/os/hal/ports/STM32/LLD/GPIOv2/hal_"
 725      2E2F2E2E 
 725      2F436869 
ARM GAS  /tmp/ccGLKTqP.s 			page 16


 725      62694F53 
 725      2F6F732F 
 726 00f0 70616C5F 		.ascii	"pal_lld.c\000"
 726      6C6C642E 
 726      6300
 727              	.LASF48:
 728 00fa 5F646566 		.ascii	"_default_types.h\000"
 728      61756C74 
 728      5F747970 
 728      65732E68 
 728      00
 729              	.LASF45:
 730 010b 2F686F6D 		.ascii	"/home/kocur/.rusefi-tools/arm-gnu-toolchain-11.3.re"
 730      652F6B6F 
 730      6375722F 
 730      2E727573 
 730      6566692D 
 731 013e 6C312D78 		.ascii	"l1-x86_64-arm-none-eabi/arm-none-eabi/include/machi"
 731      38365F36 
 731      342D6172 
 731      6D2D6E6F 
 731      6E652D65 
 732 0171 6E6500   		.ascii	"ne\000"
 733              	.LASF49:
 734 0174 5F737464 		.ascii	"_stdint.h\000"
 734      696E742E 
 734      6800
 735              	.LASF43:
 736 017e 2F686F6D 		.ascii	"/home/kocur/wideband-2311-f0_addon/firmware/boards/"
 736      652F6B6F 
 736      6375722F 
 736      77696465 
 736      62616E64 
 737 01b1 66305F61 		.ascii	"f0_addon/bootloader\000"
 737      64646F6E 
 737      2F626F6F 
 737      746C6F61 
 737      64657200 
 738              		.text
 739              		.section	.gnu.lto_.profile.edc8adb59e2288ca,"e",%progbits
 740 0000 789C6362 		.ascii	"x\234cb\000\001\000\000\022\000\003"
 740      00010000 
 740      120003
 741              		.text
 742              		.section	.gnu.lto_.icf.edc8adb59e2288ca,"e",%progbits
 743 0000 789C8B60 		.ascii	"x\234\213`@\000&\206\377+\037,\341e`\374\362\363\320"
 743      40002686 
 743      FF2B1F2C 
 743      E16560FC 
 743      F2F3D0
 744 0013 254E1526 		.ascii	"%N\025&\006&Fj`\006\000^\236\007\235"
 744      0626466A 
 744      6006005E 
 744      9E079D
 745              		.text
 746              		.section	.gnu.lto_.ipa_sra.edc8adb59e2288ca,"e",%progbits
 747 0000 789C1361 		.ascii	"x\234\023a@\000&\006\006FFf$\001\006F\006\000\003\030"
ARM GAS  /tmp/ccGLKTqP.s 			page 17


 747      40002606 
 747      06464666 
 747      24010646 
 747      06000318 
 748 0014 001D     		.ascii	"\000\035"
 749              		.text
 750              		.section	.gnu.lto_.inline.edc8adb59e2288ca,"e",%progbits
 751 0000 789C458E 		.ascii	"x\234E\2161\012\0021\020E\377\374\0111\205\205\225\305"
 751      310A0231 
 751      1045FFFC 
 751      09318585 
 751      95C5
 752 0012 9EC03378 		.ascii	"\236\3003x\236u\027\264\322\003\210\202\335\036\300"
 752      9E7517B4 
 752      D2038882 
 752      DD1EC0
 753 0021 5204ED44 		.ascii	"R\004\355D\254\024\002\226\333X\0109\202V\226\026\036"
 753      AC140296 
 753      DB580839 
 753      82569616 
 753      1E
 754 0032 C0C4147E 		.ascii	"\300\304\024~\246x<\230\231\177\300?\004t\021\303R\022"
 754      A6783C98 
 754      997FC03F 
 754      047411C3 
 754      5212
 755 0044 2F23CE01 		.ascii	"/#\316\001\233\025\223\002\004w<_\355\212\023QNI;\020"
 755      9B159302 
 755      04773C5F 
 755      ED8A1351 
 755      4E493B10 
 756 0058 424A2A22 		.ascii	"BJ*\")g\244\234%\013\271\010\205i\2533\334\370\360\340"
 756      2967A49C 
 756      250BB908 
 756      8569AB33 
 756      DCF8F0E0 
 757 006c 18E8BEDB 		.ascii	"\030\350\276\333\343G\253t\254\277_\373-k\364\362\007"
 757      E347AB74 
 757      ACBF5FFB 
 757      2D6BF4F2 
 757      07
 758 007d 1D39224E 		.ascii	"\0359\"N\021\371\244\265\203Cq\013\315U+\003\003\273"
 758      11F9A4B5 
 758      8343710B 
 758      CD552B03 
 758      03BB
 759 008f F3A1D1D2 		.ascii	"\363\241\321\322\020\346W\003_\366\331&\220"
 759      10E65703 
 759      5FF6D926 
 759      90
 760              		.text
 761              		.section	.gnu.lto_.jmpfuncs.edc8adb59e2288ca,"e",%progbits
 762 0000 789C1361 		.ascii	"x\234\023a@\000& fdfddd\257gb\254gb\251gbb\000\000\016"
 762      40002620 
 762      66646664 
 762      6464AF67 
 762      62AC6762 
ARM GAS  /tmp/ccGLKTqP.s 			page 18


 763 001b 2801AF   		.ascii	"(\001\257"
 764              		.text
 765              		.section	.gnu.lto_.pureconst.edc8adb59e2288ca,"e",%progbits
 766 0000 789C6367 		.ascii	"x\234cg```bh`a\234\305\002\000\0041\001-"
 766      60606062 
 766      6860619C 
 766      C5020004 
 766      31012D
 767              		.text
 768              		.section	.gnu.lto_.ipa_modref.edc8adb59e2288ca,"e",%progbits
 769 0000 789C2B62 		.ascii	"x\234+b@\000FFf\001\006\006\005\001\001\006F&V fc`c"
 769      40004646 
 769      66010606 
 769      05010106 
 769      46265620 
 770 0018 60645050 		.ascii	"`dPPP\000\222\007\030\300\324\003\010\325\300\004\246"
 770      50009207 
 770      18C0D403 
 770      08D5C004 
 770      A6
 771 0029 16402890 		.ascii	"\026@(\220\022r410\000\000*\026\012\012"
 771      12723431 
 771      3000002A 
 771      160A0A
 772              		.text
 773              		.section	.gnu.lto_.lto.edc8adb59e2288ca,"e",%progbits
 774 0000 0B000300 		.ascii	"\013\000\003\000\001\000\000\000"
 774      01000000 
 775              		.text
 776              		.section	.gnu.lto__pal_lld_init.186.edc8adb59e2288ca,"e",%progbits
 777 0000 789CCB67 		.ascii	"x\234\313g``h\007be fdf`\2344\261\213\211\241\241\241"
 777      60606807 
 777      62652066 
 777      6466609C 
 777      34B18B89 
 778 0017 C1819D89 		.ascii	"\301\201\235\211\261qb\027'\343vF0\217\221\241\236\211"
 778      B1716217 
 778      27E37646 
 778      308F91A1 
 778      9E89
 779 0029 B19E7121 		.ascii	"\261\236q!\263>\220\373\343\350\263\011\033%\032V\034"
 779      B33E90FB 
 779      E3E8B309 
 779      1B251A56 
 779      1C
 780 003a 607CC5C0 		.ascii	"`|\305\300P\317\000\005\334\0206#\020\257\277\304z\240"
 780      50CF0005 
 780      DC103623 
 780      10AFBFC4 
 780      7AA0
 781 004c E1CFFFFE 		.ascii	"\341\317\377\376\206\206\253\217\031g)310\314c\006\231"
 781      8686AB8F 
 781      19672933 
 781      3130CC63 
 781      0699
 782 005e DAC0C2D8 		.ascii	"\332\300\302\330p\200\201a>3\023\204\323\010\344|gj"
 782      70808161 
ARM GAS  /tmp/ccGLKTqP.s 			page 19


 782      3E331384 
 782      D308E47C 
 782      676A
 783 0070 5062F8CF 		.ascii	"Pb\370\317\324\244\0006d\0363#B\035\003\203\273~F~n"
 783      D4A40036 
 783      641E3323 
 783      421D0383 
 783      BB7E467E 
 784 0085 AA7E767E 		.ascii	"\252~v~ri\221~yfJjRb^\212\256\221\261\241\241n\232A"
 784      7269917E 
 784      79664A6A 
 784      52625E8A 
 784      AE91B1A1 
 785 009d 7C624A4A 		.ascii	"|bJJ~\236~ZfQnybQ\252~R~bQJ\261>\\\")?\277$'?1%\265"
 785      7E9E7E5A 
 785      66516E79 
 785      6251AA7E 
 785      527E6251 
 786 00bf 88C1564F 		.ascii	"\210\301VOO\037\202\23432\2232\375\203\365\363\213\365"
 786      4F1F829C 
 786      33329332 
 786      FD83F5F3 
 786      8BF5
 787 00d1 331273F4 		.ascii	"3\022s\364\013\362\213J\212\365\203C|\215\215\364}|"
 787      0BF28B4A 
 787      8AF58343 
 787      7C8D8DF4 
 787      7D7C
 788 00e3 5CF4DD03 		.ascii	"\\\364\335\003<\375\313\214@R\361\005@\234\223\223\242"
 788      3CFDCB8C 
 788      4052F105 
 788      409C9393 
 788      A2
 789 00f4 97CC0000 		.ascii	"\227\314\000\000\036cX^"
 789      1E63585E 
 790              		.text
 791              		.section	.gnu.lto__pal_lld_setgroupmode.187.edc8adb59e2288ca,"e",%progbits
 792 0000 789C7D57 		.ascii	"x\234}W{P\224\327\025\277\347\236o\037\260\260h|F\015"
 792      7B5094D7 
 792      15BFE79E 
 792      6F1FB0B0 
 792      687C460D 
 793 0014 8251E303 		.ascii	"\202Q\343\003\370xt\000MjH\333\231Lf@\240\351\377)\310"
 793      F8787400 
 793      4D6A48DB 
 793      994C6640 
 793      A0E9FF29 
 794 0029 A652214B 		.ascii	"\246R!K\027R&\223I]_l\306\216\021\324611\320\304i\207"
 794      17522693 
 794      495D5F6C 
 794      C68E11D4 
 794      363131D0 
 795 0040 743A89D1 		.ascii	"t:\211\321\351\370\246\024\2045\244T\021\215\315\210"
 795      E9F8A614 
 795      8435A454 
 795      118DCD88 
 796 0050 716A6B8D 		.ascii	"qjk\215iq\034\247h\252\242\375\335\373\355~\3731\303"
ARM GAS  /tmp/ccGLKTqP.s 			page 20


 796      69711CA7 
 796      68AAA2FD 
 796      DDFBED7E 
 796      FB31C3
 797 0063 E0F88373 		.ascii	"\340\370\203s\366\376\316\371\235{\356\345\0360S\204"
 797      F6FECEF9 
 797      9D7BEEE5 
 797      1E305384 
 798 0073 F8A710E2 		.ascii	"\370\247\020\342.@i\202v\265m\227\"\034\016\227x$\355"
 798      2E406982 
 798      76B56D97 
 798      221C0E97 
 798      7824ED
 799 0086 6E4BD616 		.ascii	"nK\326\026\313\255m\277\224\3649\301\3130\366\265^\315"
 799      CBAD6DBF 
 799      94F439C1 
 799      CB30F6B5 
 799      5ECD
 800 0098 A4F3966D 		.ascii	"\244\363\226m\310mm\276\377\354\377\373,co\353U\332"
 800      C86D6DBE 
 800      FFECFFFB 
 800      2C636FEB 
 800      55DA
 801 00aa 33D2BEC2 		.ascii	"3\322\276\302p\311\2266\237^\214\264\371\365w7\275\263"
 801      70C99636 
 801      9F5E8CB4 
 801      F9F57737 
 801      BDB3
 802 00bc EB43D299 		.ascii	"\353C\322\231<\312\314\264\362{i\037l+S\211'I\276\333"
 802      3CCACCB4 
 802      F27B691F 
 802      6C2B5389 
 802      2749BEDB 
 803 00d0 7AD04AFA 		.ascii	"z\320J\372\036Ri#Y1\254e\237&[\201)\362\375\326\203"
 803      1E526923 
 803      5931AC65 
 803      9F265B81 
 803      29F2FDD6 
 804 00e5 9928E7E3 		.ascii	"\231(\347\343\235\333<F;\330\347n\335+6RiS\333\366+"
 804      9DDB3C46 
 804      3BD8E76E 
 804      DD2B3652 
 804      6953DBF6 
 805 00fa 9D7ECDF1 		.ascii	"\235~\315\361\323\356O\267_\337\227\253\035\022\033"
 805      D3EE4FB7 
 805      5FDF97AB 
 805      1D121B
 806 0109 251B2EB7 		.ascii	"%\033.\267\307\233\224\354KI\365\023\\\221\370\367\001"
 806      C79B94EC 
 806      4B49F513 
 806      5C91F8F7 
 806      01
 807 011a 9BA07DDB 		.ascii	"\233\240}\333\367\257\326\303s\303\235\335\364\215\020"
 807      F7AFD6C3 
 807      73C39DDD 
 807      F48D10
 808 0129 1BAD1517 		.ascii	"\033\255\025\027\271g\220\201\257\263(\303E\3367Idw"
ARM GAS  /tmp/ccGLKTqP.s 			page 21


 808      B9679081 
 808      AFB328C3 
 808      45DE3749 
 808      6477
 809 013b 87C367CF 		.ascii	"\207\303g\317\034\011\207\223\304\033\307h\343Q:BBH"
 809      1C098793 
 809      C41BC768 
 809      E3513A42 
 809      4248
 810 014d DA410718 		.ascii	"\332A\007\030\204\337Z\204[\307\366\377\332\337J\257"
 810      84DF5A84 
 810      5BC7F6FF 
 810      DADF4AAF 
 811 015d 9FB00972 		.ascii	"\237\260\011r\007\035W\204\337\307\010\307\367\357\006"
 811      071D5784 
 811      DFC708C7 
 811      F7EF06
 812 016c E1B52E9B 		.ascii	"\341\265.\233\300;\250\237\225\240\367\023\302\327\225"
 812      C03BA89F 
 812      95A0F713 
 812      C2D795
 813 017b 8A34B025 		.ascii	"\2124\260%\342o\335\344m\356\216\263\204\330Ao\242\034"
 813      E26FDDE4 
 813      6DEE8EB3 
 813      84D8416F 
 813      A21C
 814 018d EFA138E7 		.ascii	"\357\2418\347\300g[\"\341i[3\232{\234\234q%u\304\346"
 814      C0675B22 
 814      E1695B33 
 814      9A7B9C9C 
 814      712575C4 
 815 01a2 9C8E714E 		.ascii	"\234\216qN99\267\025\247\313\346\374)\306\351wr\256"
 815      3939B715 
 815      A7CBE6FC 
 815      29C6E977 
 815      72AE
 816 01b4 2B4EBFCD 		.ascii	"+N\277\315\351\212qN;9#\2123hsN\3068\003N\316\020\373"
 816      E98A714E 
 816      3B39238A 
 816      3368734E 
 816      C638034E 
 817 01cb C4E7F419 		.ascii	"\304\347\364\031E\251\217z\351\317\244\332K\010\033"
 817      45A98F7A 
 817      E9CFA4DA 
 817      4B081B
 818 01da B6B73AD8 		.ascii	"\266\267:\330\273Kou\320\031vHm\365\2138\347l\227\352"
 818      BB4B6F75 
 818      D0197648 
 818      6DF58B38 
 818      E76C97EA 
 819 01ee 7A46F319 		.ascii	"zF\363\031'\345#E\371\322\246\034\263(CNJ\207\242\214"
 819      27E52345 
 819      F9D2A61C 
 819      B328434E 
 819      4A87A28C 
 820 0202 D8944E8B 		.ascii	"\330\224N\2132\354\244\3541|\342<\235\243\263\364W\022"
 820      32ECA4EC 
ARM GAS  /tmp/ccGLKTqP.s 			page 22


 820      317CE23C 
 820      9DA3B3F4 
 820      5712
 821 0214 7F217CB2 		.ascii	"\177!|\262\333\300R2\015\020\235&\352':E\324C\324M4"
 821      DBC05232 
 821      0D109D26 
 821      EA273A45 
 821      D443D44D 
 822 0229 4C344474 		.ascii	"L4Dt\206h\220>9\347\352\016?x\2643\034\2762\377\322"
 822      8668903E 
 822      39E7EA0E 
 822      3F78B433 
 822      1CBE32FF 
 823 023e C8EF927E 		.ascii	"\310\357\222~HB\272$\300\200\001\270\0007\340\001\274"
 823      4842BA24 
 823      C08001B8 
 823      0037E001 
 823      BC
 824 024f 42BA93F0 		.ascii	"B\272\223\360=\031\337}@\012\354T\300\017\244\001\323"
 824      3D19DF7D 
 824      400AEC54 
 824      C00FA401 
 824      D3
 825 0260 80E9C063 		.ascii	"\200\351\300c\300\014`&0\013\230\015\314\001\346\002"
 825      C00C6026 
 825      300B980D 
 825      CC01E602 
 826 0270 8F03F380 		.ascii	"\217\003\363\200\371\300\002\340\011 \035X\010d\000"
 826      F9C002E0 
 826      09201D58 
 826      086400
 827 027f 99C022E0 		.ascii	"\231\300\"\340I`1\260\004X\012<\005,\003\226\003+\200"
 827      496031B0 
 827      04580A3C 
 827      052C0396 
 827      032B80
 828 0292 95401690 		.ascii	"\225@\026\220-\350\004\345\010\354\322\024\330g\256"
 828      2DE804E5 
 828      08ECD214 
 828      D867AE
 829 02a1 C04EF304 		.ascii	"\300N\363\004\366\232/\260\325B\242.*R\253\305ju\225"
 829      F69A2FB0 
 829      D542A22E 
 829      2A52ABC5 
 829      6A7595
 830 02b4 5A5DAD56 		.ascii	"Z]\255V\237\026\350\3053\204\3305\002\375xV\240#%\002"
 830      9F16E8C5 
 830      3384D835 
 830      02FD7856 
 830      A0232502 
 831 02c8 3D794EA0 		.ascii	"=yN\240+\337#:F\245*s\231\012[\253\302\312UX\205JU\251"
 831      2BDF233A 
 831      46A52A73 
 831      990A5BAB 
 831      C2CA5558 
 832 02e0 320BD1CE 		.ascii	"2\013\321\316\342\326\275\316b\012w\013\321\301R\333"
 832      E2D6BDCE 
ARM GAS  /tmp/ccGLKTqP.s 			page 23


 832      620A770B 
 832      D1C152DB 
 833 02f0 9B60DF95 		.ascii	"\233`\337\225\341\253\367q\341\356\313-\357D\256\021"
 833      E1ABF771 
 833      E1EECB2D 
 833      EF44AE11 
 834 0300 1771A17B 		.ascii	"\027q\241{\0311>\337\234\201h.\322\214q\213\361\260"
 834      19313EDF 
 834      9C81682E 
 834      D28C718B 
 834      F1B0
 835 0312 E59A9B09 		.ascii	"\345\232\233\011\214\021A\322\016)fB\010Y!\247\341\353"
 835      8C1141D2 
 835      0E296642 
 835      085921A7 
 835      E1EB
 836 0324 9047F190 		.ascii	"\220G\361\220Q7K.\244l\233\277\212%]\210\321\373\341"
 836      51374B2E 
 836      A46C9BBF 
 836      8A255D88 
 836      D1FBE1
 837 0337 6A7A5B34 		.ascii	"jz[4\241\300\226\202\313\216X\315lG\234\202\253#v\307"
 837      A1C09682 
 837      CB8E58CD 
 837      6C479C82 
 837      AB2376C7 
 838 034b 23FA3C6C 		.ascii	"#\372<lX\021\036;\342i6PS\232\025\322\003_\207\374*"
 838      58111E3B 
 838      E2693650 
 838      539A15D2 
 838      035F87FC 
 839 0360 AA93FC66 		.ascii	"\252\223\374f\025Z\342n\326W\261\203\031/Q\330\2105"
 839      155AE26E 
 839      D657B183 
 839      192F51D8 
 839      8835
 840 0372 6373896A 		.ascii	"cs\211j\027\347\303\224J*O\033\2502W\033\330\235\251"
 840      17E7C394 
 840      4A2A4F1B 
 840      A832571B 
 840      D89DA9
 841 0385 0D742647 		.ascii	"\015t&G\033'\210\263u\356\267\243Ix\037\265\2717\032"
 841      1B2788B3 
 841      75EEB7A3 
 841      49781FB5 
 841      B9371A
 842 0398 6BCE38B1 		.ascii	"k\3168\261\213\263\351\"\211;r\3537\275\325\354BQ\372"
 842      8BB3E922 
 842      893B72EB 
 842      37BDD5EC 
 842      4251FA
 843 03ab 998B7036 		.ascii	"\231\213p6?#\015\301\245\376\366\241\257\275\210\214"
 843      3F230DC1 
 843      A5FEF6A1 
 843      AFBD888C 
 844 03bb 700E17C9 		.ascii	"p\016\027\311\257\0167p\205\377\341P]\204M.\2267\341"
 844      AF0E3770 
ARM GAS  /tmp/ccGLKTqP.s 			page 24


 844      85FFE150 
 844      5D844D2E 
 844      9637E1
 845 03ce 96F9FB2B 		.ascii	"\226\371\373+#\234\313\253\344\235\"^\353\377j\250)"
 845      239CCBAB 
 845      E49D225E 
 845      EBFF6AA8 
 845      29
 846 03df C279BC5A 		.ascii	"\302y\274Z\276u\264\201\313\3757\0255\237.\221\374\030"
 846      BE75B481 
 846      CBFD3715 
 846      359F2E91 
 846      FC18
 847 03f1 7EA5FFAD 		.ascii	"~\245\377\255\341\037cO\306&\354I\332\007\374^\324\207"
 847      E11F634F 
 847      C626EC49 
 847      DA07FC5E 
 847      D487
 848 0403 475F9BED 		.ascii	"G_\233\355\261\036\365\031\354\346|\224\243\375\203"
 848      B11EF519 
 848      ECE67C94 
 848      A3FD83
 849 0412 2DA3067B 		.ascii	"-\243\006{\330\015\337P\376\203\226>\311k\320E\217\325"
 849      D80DDF50 
 849      FE83963E 
 849      C96BD045 
 849      8FD5
 850 0424 C161E235 		.ascii	"\301a\3425:\374\323([\353c\304^\312B\243\356\313\315"
 850      3AFCD328 
 850      5BEB63C4 
 850      5ECA42A3 
 850      EECBCD
 851 0437 0F231788 		.ascii	"\017#\027\210\237e\257\305\035\202\255\271\207,\356"
 851      9F65AFC5 
 851      1D82ADB9 
 851      872CEE
 852 0446 C19631C9 		.ascii	"\301\2261\311IZK\332\261\311\224\315Ivl\011'[\261g`"
 852      495A4BDA 
 852      B1C994CD 
 852      49766C09 
 852      275BB167 
 853 045b EBD83FC6 		.ascii	"\353\330?\306u\320B\237:\3324\366\330\364\347\360\270"
 853      75D0429F 
 853      3ADA34F6 
 853      D8F4E7F0 
 853      B8
 854 046c 69FA206C 		.ascii	"i\372 lM?\254\351=]\037\245s\012f\307\033\352\355\371"
 854      4D3FACE9 
 854      3D5D1FA5 
 854      730A66C7 
 854      1BEAEDF9 
 855 0480 831A63DE 		.ascii	"\203\032c\336\237\335\373\305U\022\205\037\300\014\376"
 855      9FDDFBC5 
 855      5512851F 
 855      C00CFE
 856 048f 83EAD17A 		.ascii	"\203\352\321zdy72np*\312\324\255\300\326\375\234\302"
 856      64793732 
ARM GAS  /tmp/ccGLKTqP.s 			page 25


 856      6E702ACA 
 856      D4ADC0D6 
 856      FD9CC2
 857 04a2 A9CADB13 		.ascii	"\251\312\333\023\271\346\3424\370\246\312w{\373\250"
 857      B9E6E234 
 857      F8A6CA77 
 857      7BFBA8
 858 04b1 8C25FA3A 		.ascii	"\214%\372:\325\231\351\232\312\304iZ\373hB{\332d\252"
 858      D599E99A 
 858      CAC4695A 
 858      FB68427B 
 858      DA64AA
 859 04c4 D769435C 		.ascii	"\327iC\\\265\317\305\323\261A\255:f\360c<\215\247[\252"
 859      B5CFC5D3 
 859      B141AD3A 
 859      66F0633C 
 859      8DA75BAA 
 860 04d8 A32E9E01 		.ascii	"\243.\236\001?wJ\325\033*\023\317\320\252\307\023\252"
 860      3F774AD5 
 860      1B2A13CF 
 860      D0AAC713 
 860      AA
 861 04e9 332753FD 		.ascii	"3'S\3757\325jU\365\343`\360,\350\316\264\224.\273x6"
 861      37D56A55 
 861      F5E360F0 
 861      2CE8CEB4 
 861      942EBB78 
 862 04fe FCBC2995 		.ascii	"\374\274)\225FU4\317\326J'\241\204\353{\243\367\247"
 862      465534CF 
 862      D64A27A1 
 862      84EB7BA3 
 862      F7A7
 863 0510 5C4457AC 		.ascii	"\\DW\254\353\333\301\256\003;\267]\024\366\015\033\216"
 863      EBDBC1AE 
 863      033BB75D 
 863      14F60D1B 
 863      8E
 864 0521 A628D2E5 		.ascii	"\246(\322\345\336\020\016\272\031\227\312b\271\377\026"
 864      DE100EBA 
 864      1997CA62 
 864      B9FF16
 865 0530 ED596993 		.ascii	"\355Yi\223.DSu\3157\322y\316d5\337\242\237\304;\205"
 865      2E445375 
 865      CD37D279 
 865      CE6435DF 
 865      A29FC43B 
 866 0545 EECCC5D9 		.ascii	"\356\314\305\331\306\353\177\234\347\360\\\273\376y"
 866      C6EB7F9C 
 866      E7F05CBB 
 866      FE79
 867 0553 F0D758F5 		.ascii	"\360\327X\365\217\331\365\24793\335V\231x\236\256\301"
 867      8FD9F5A7 
 867      3933DD56 
 867      99789EAE 
 867      C1
 868 0564 33A1862F 		.ascii	"3\241\206/\0235\314\237\254\206\377R\300Q\303\002G\015"
 868      1335CC9F 
ARM GAS  /tmp/ccGLKTqP.s 			page 26


 868      AC86FF52 
 868      C051C302 
 868      470D
 869 0576 4FF07C5E 		.ascii	"O\360|^`\327\220\016\177\352\032\356\250L\234\256k\360"
 869      60D7900E 
 869      7FEA1AEE 
 869      A84C9CAE 
 869      6BF0
 870 0588 4EECD625 		.ascii	"N\354\326%tK\037\336B^8Y\021\337\322\272\370\341\241"
 870      744B1FDE 
 870      425E3859 
 870      11DFD2BA 
 870      F8E1A1
 871 059b 880C1CDE 		.ascii	"\210\014\034\336B\373\232d\302\317\261\204\307ma\277"
 871      42FB9A64 
 871      C2CFB184 
 871      C76D61BF 
 872 05ab 33FA9E8A 		.ascii	"3\372\236\212\346L-\234t\026/=\331\302c\011\341E\223"
 872      E64C2D9C 
 872      74162F3D 
 872      D9C26309 
 872      E14593
 873 05be 093F9820 		.ascii	"\011?\230 \374$\204\027\331\302\213\341O-\374P\013/"
 873      FC248417 
 873      D9C28BE1 
 873      4F2DFC50 
 873      0B2F
 874 05d0 D64A771D 		.ascii	"\326Jw\035\027\202n\306oMr\347\221\223\347\023}\370"
 874      17826EC6 
 874      6F4D72E7 
 874      9193E713 
 874      7DF8
 875 05e2 5FE23096 		.ascii	"_\3420\226LVNX:/\304R\307a<\305Kx\251}\030\313\340O"
 875      4C564E58 
 875      3A2FC452 
 875      C7613CC5 
 875      4B78A97D 
 876 05fa 7D189B55 		.ascii	"}\030\233U&^\246\213\360M,b<Q\304\362\311\212\330*\235"
 876      265EA68B 
 876      F04D2C62 
 876      3C51C4F2 
 876      C98AD82A 
 877 060f 376285A3 		.ascii	"7b\205\243\210\225\274\234W\330Ed\301\237\272\210\026"
 877      8895BC9C 
 877      57D84564 
 877      C19FBA88 
 877      16
 878 0620 9589B374 		.ascii	"\225\211\263t\021)\316\251\203a6\220\254\246\207\236"
 878      1129CEA9 
 878      83613690 
 878      ACA6879E 
 879 0630 6778E14A 		.ascii	"gx\341J15\262\2547\016\003\246\324\032^\003\322\372"
 879      3135B2AC 
 879      370E03A6 
 879      D41A5E03 
 879      D2FA
 880 0642 39ACE652 		.ascii	"9\254\346R\367\353VG\221(u\302(\177{\200\305#\204\305"
ARM GAS  /tmp/ccGLKTqP.s 			page 27


 880      F7EB5647 
 880      912875C2 
 880      287F7B80 
 880      C52384C5 
 881 0656 16FD6DDB 		.ascii	"\026\375m\333.F\331^\335;\020{\2011!\313\330\214K`\252"
 881      2E46D95E 
 881      DD3B107B 
 881      813121CB 
 881      D88C4B60 
 882 066b 95597322 		.ascii	"\225Ys\"\276>J\274\226s\351\213\304\224^\253\011\357"
 882      BE3E4ABC 
 882      9673E98B 
 882      C4945EAB 
 882      09EF
 883 067d C7099789 		.ascii	"\307\011\227\211\3139\317&`R\226kB\207\203P\30196\001"
 883      CB39CF26 
 883      6052966B 
 883      42878350 
 883      C1393601 
 884 0691 F3B2C21A 		.ascii	"\363\262\302\032 \026\241\275\245\217\270R\277\0251"
 884      2016A1BD 
 884      A58FB852 
 884      BF1531
 885 06a0 06A66E65 		.ascii	"\006\246nel\220\342\357#\374\276B\366\357+B<o\256\017"
 885      6C90E2EF 
 885      23FCBE42 
 885      F6EF2B42 
 885      3C6FAE0F 
 886 06b4 D607CC0D 		.ascii	"\326\007\314\015\301u\257\206\314\346\332\232@u\325"
 886      C175AF86 
 886      CCE6DA9A 
 886      4075D5
 887 06c3 2B35D9F9 		.ascii	"+5\331\371\005yy\331/\347\276TUS\023|\305|\2716T\337"
 887      057979D9 
 887      2FE7BE54 
 887      5553137C 
 887      C57CB936 
 888 06d9 5C150A98 		.ascii	"\\\025\012\230\325\301\252PM\243i/T\007\203Mu\301\252"
 888      D5C1AA50 
 888      4DA3692F 
 888      5407834D 
 888      75C1AA
 889 06ec 9A40487C 		.ascii	"\232@H|7'\307\264\376\177\177}mum\371\213f\260\321\\"
 889      3727C7B4 
 889      FE7F7F7D 
 889      6D756DF9 
 889      8B66B0D1 
 890 0701 5F556736 		.ascii	"_Ug6\004CM\215\346\213?*+\3107KK\177`>_\361B\371\317"
 890      04434D8D 
 890      E68B3F2A 
 890      2BC8374B 
 890      4B7F603E 
 891 071a F3D5D24B 		.ascii	"\363\325\322K\015@]]M\316:a(\326\234\011\237\345\024"
 891      0D405D5D 
 891      4DCE3A61 
 891      28D69C09 
 891      9FE514
ARM GAS  /tmp/ccGLKTqP.s 			page 28


 892 072d 1616040A 		.ascii	"\026\026\004\012\362\012\012\204Q_\325\270\301\250\017"
 892      F20A0A84 
 892      515FD5B8 
 892      C1A80F
 893 073c D604B8BA 		.ascii	"\326\004\270\272\266\311\250\252k\012\271\032^m\250"
 893      B6C9A8AA 
 893      6B0AB91A 
 893      5E6DA8
 894 074b 0979828D 		.ascii	"\011y\202\215\015\201@M\310\035lz\255!\020r)JH\326\177"
 894      0D81404D 
 894      C81D6C7A 
 894      AD211072 
 894      294A48D6 
 895 0760 47D6E7CB 		.ascii	"G\326\347\313\372<\257\"\252\320\377\003\215\252a%"
 895      FA3CAF22 
 895      AAD0FF03 
 895      8DAA6125 
 896              		.text
 897              		.section	.gnu.lto_.symbol_nodes.edc8adb59e2288ca,"e",%progbits
 898 0000 789C3366 		.ascii	"x\2343f\000\002\246]\214\365\354\015@\300\3028\341\034"
 898      0002A65D 
 898      8CF5EC0D 
 898      40C0C238 
 898      E11C
 899 0012 03433D03 		.ascii	"\003C=\003\303\256\206FF\220\304n\306z\216\017\277V"
 899      C3AE8646 
 899      4690C46E 
 899      C67A8E0F 
 899      BF56
 900 0024 58A08933 		.ascii	"X\240\2113\000\000\223q\016\276"
 900      00009371 
 900      0EBE
 901              		.text
 902              		.section	.gnu.lto_.refs.edc8adb59e2288ca,"e",%progbits
 903 0000 789C6364 		.ascii	"x\234cd\000\002\000\000\012\000\002"
 903      00020000 
 903      0A0002
 904              		.text
 905              		.section	.gnu.lto_.decls.edc8adb59e2288ca,"e",%progbits
 906 0000 789CA555 		.ascii	"x\234\245U{lSU\030?\337\275\267\335\335(\256\213\242"
 906      7B6C5355 
 906      183FDFBD 
 906      B7DDDD28 
 906      AE8BA2
 907 0013 C398B8FF 		.ascii	"\303\230\270\377X\226l]\3278\377\321\004e\223\021\207"
 907      58966C5D 
 907      D738FFD1 
 907      04659311 
 907      87
 908 0024 5D3A8831 		.ascii	"]:\2101\376Q\273\265\260\206u\235]y\030cr\372pT\231"
 908      FE51BBB5 
 908      B086759D 
 908      5D791863 
 908      72FA7054 
 909 0039 B38D818C 		.ascii	"\263\215\201\214\002\261\024\243\023dL4al\016.\333\030"
 909      02B114A3 
 909      13644C34 
ARM GAS  /tmp/ccGLKTqP.s 			page 29


 909      616C0E2E 
 909      DB18
 910 004b 650A0E18 		.ascii	"e\012\016\030\302\344\265\007\217\0156-\033\312\026"
 910      C2E4B507 
 910      8F0D362D 
 910      1BCA16
 911 005a 50FC4E5F 		.ascii	"P\374N_\320EM\2147\375\365\366\234\337\343\236\357\273"
 911      D0454D8C 
 911      37FDF5F6 
 911      9CDFE39E 
 911      EFBB
 912 006c F79EDAE5 		.ascii	"\367\236\332\345\204\\\003B(!\344\001\036<\236\317 "
 912      845C0342 
 912      2821E401 
 912      1E3C9ECF 
 912      20
 913 007d 52116D88 		.ascii	"R\021m\2100b\012q\024q\0071\211\220\020\263\010\036"
 913      30620A71 
 913      14710731 
 913      899010B3 
 913      081E
 914 008f 7DD30888 		.ascii	"}\323\010\210\215S8B\322c\363\341\230>\356]\204x\363"
 914      8D533842 
 914      D263F3E1 
 914      983EEE5D 
 914      8478F3
 915 00a2 11FF1862 		.ascii	"\021\377\030b\0241\202\270\205\030F\214#\344\217\203"
 915      143182B8 
 915      8518468C 
 915      23E48F83 
 916 00b2 205F0059 		.ascii	" _\000Y\002\267\345\256//C\2424L\003]Bv\033\034\300"
 916      02B7E5AE 
 916      2F2F43A2 
 916      344C035D 
 916      42761B1C 
 917 00c7 D4830891 		.ascii	"\324\203\010\221#\317\321\3101\362,ig\327&\244D\201"
 917      23CFD1C8 
 917      31F22C69 
 917      67D726A4 
 917      4481
 918 00d9 BE2CF12D 		.ascii	"\276,\361-\"\317\006VE:\236\211h\"\002\347\365\017~"
 918      22CF0656 
 918      453A9E89 
 918      682202E7 
 918      F50F7E
 919 00ec C3A70FB1 		.ascii	"\303\247\017\261\030\311\235J\"1\022dw\300a8\004h\312"
 919      18C99D4A 
 919      22311264 
 919      77C06138 
 919      0468CA
 920 00ff 146B8868 		.ascii	"\024k\210h'\342;\250m\27152\224\226.\375\275V|\227\340"
 920      27E23BA8 
 920      6DB93532 
 920      94962EFD 
 920      BD567C97 
 921 0114 BA9468E1 		.ascii	"\272\224h\341\304\367\210|\021^\207\307o\"\272\000\255"
 921      C4F7887C 
ARM GAS  /tmp/ccGLKTqP.s 			page 30


 921      115E87C7 
 921      6F22BA00 
 921      AD
 922 0125 939B67B7 		.ascii	"\223\233g\267\361\314:A%\247\214\204\3408\220\023\260"
 922      F1CC3A41 
 922      25A78C84 
 922      E0389013 
 922      B0
 923 0136 A8037E80 		.ascii	"\250\003~\200\357Al@\211|04\261/-''\023E3\247>\274\350"
 923      EF416C40 
 923      897C3034 
 923      B12F2D27 
 923      27134533 
 924 014e 52F96ED4 		.ascii	"R\371n\324\323~\312\237\204\037\3414D\034DM\210\206"
 924      D37ECA9F 
 924      841FE134 
 924      441C444D 
 924      8886
 925 0160 A0A0B573 		.ascii	"\240\240\265s\264\236*\235\212\223\320\367(\027\002"
 925      B49E2A9D 
 925      8A93D0F7 
 925      281702
 926 016f 8265BB29 		.ascii	"\202e\273)\225\270\350\352\310i\350\200~8\305\272 \310"
 926      95B8E8EA 
 926      C869E880 
 926      7E38C5BA 
 926      20C8
 927 0181 3FEE6EB9 		.ascii	"?\356n\2713/ga\016j\302\207Fe\315\022z\217\301\000D"
 927      332F6761 
 927      0E6AC287 
 927      4665CD12 
 927      7A8FC100 
 928 0196 A5916C46 		.ascii	"\245\221lF\241]\210\331\007\320~\026\3160;+\273}W\343"
 928      A15D88D9 
 928      07D07E16 
 928      CE303B2B 
 928      BB7D57E3 
 929 01aa 635E07DF 		.ascii	"c^\007\337\013G\223]\002\347o?\321\234\2720\360\217"
 929      0B47935D 
 929      02E76F3F 
 929      D19CBA30 
 929      F08F
 930 01bc 6E6C8B52 		.ascii	"nl\213R\334\314\021q+\307~\213\342\016\374\275\013\261"
 930      DCCC1171 
 930      2BC77E8B 
 930      E20EFCBD 
 930      0BB1
 931 01ce 07B13F32 		.ascii	"\007\261?2\227\215\355\2238\261\215#\302\223\023\256"
 931      978DED93 
 931      38B18D23 
 931      C29313AE 
 932 01de 8613F373 		.ascii	"\206\023\363s\260\0319\321c\030K\356sm\244J\267\342"
 932      B01939D1 
 932      63184BEE 
 932      736DA44A 
 932      B7E2
 933 01f0 080CC3B5 		.ascii	"\010\014\303\265\330\305\277C\264\001alK\234\275\220"
ARM GAS  /tmp/ccGLKTqP.s 			page 31


 933      D8C5BF43 
 933      B401616C 
 933      4B9CBD90 
 934 0200 607F7EC8 		.ascii	"`\177~\310\356\215\263\027\223XM\274]\002\031\202+\300"
 934      EE8DB317 
 934      93584DBC 
 934      5D021982 
 934      2BC0
 935 0212 9EF40EB8 		.ascii	"\236\364\016\270\011\343p\025F\341\006\\\2071\270\005"
 935      09E37015 
 935      46E1065C 
 935      8731B805 
 936 0222 1330C22A 		.ascii	"\0230\302*`1m\361\230\363\211\230s\017/\262/\316\016"
 936      60316DF1 
 936      98F38998 
 936      730F2FB2 
 936      2FCE0E
 937 0235 26B11AB2 		.ascii	"&\261\032\262\023\333rx\327\333!\011~\202\236\004\327"
 937      13DB7278 
 937      D7DB2109 
 937      7E829E04 
 937      D7
 938 0246 15E1D018 		.ascii	"\025\341\320\030\376*\332\326#p)A\252\023\251{\342\251"
 938      FE2ADAD6 
 938      23702941 
 938      AA13A97B 
 938      E2A9
 939 0258 971F2523 		.ascii	"\227\037%#\306\326P\234\353NJ\2159\217\307\331\316\244"
 939      C6D6509C 
 939      EB4E4A8D 
 939      398FC7D9 
 939      CEA4
 940 026a 866988D8 		.ascii	"\206i\210\330\211=\346\306\256\366\016\244f&7`\022\376"
 940      893DE6C6 
 940      AEF60EA4 
 940      66263760 
 940      12FE
 941 027c A5030277 		.ascii	"\245\003\002w3p\351FZ\342\235\373%\026\372+Z\210\330"
 941      3370E946 
 941      5AE29DFB 
 941      2516FA2B 
 941      5A88D8
 942 028f C7323B8E 		.ascii	"\3072;\216\037\330-\233+\010CTq\226)>\335\335\366E\312"
 942      1FD82D9B 
 942      2B084354 
 942      7196293E 
 942      DDDDF645 
 943 02a4 9C77682A 		.ascii	"\234wh*\361\016]f\222\266\246\363!a\216\344N\\\"p\315"
 943      F10E5D66 
 943      92B6A6F3 
 943      21618EE4 
 943      4E5C2270 
 944 02b9 FB37B6A7 		.ascii	"\3737\266\247\334\006\\x\210J\216\036\321\033\034\243"
 944      DC065C78 
 944      884A8E1E 
 944      D11B1CA3 
 945 02c9 AD94D6D2 		.ascii	"\255\224\326\322\336\261&\177\375\230'\303\347D\256"
ARM GAS  /tmp/ccGLKTqP.s 			page 32


 945      DEB1267F 
 945      FD9827C3 
 945      E744AE
 946 02d8 D5439F6E 		.ascii	"\325C\237n\302i\277\177\310\313\005xV$\245.\005\375"
 946      C269BF7F 
 946      C8CB0578 
 946      5624A52E 
 946      05FD
 947 02ea 164FCE2A 		.ascii	"\026O\316*\352\252g\343\206\314\200+\272U\364\003\225"
 947      EAAA67E3 
 947      86CC802B 
 947      BA55F403 
 947      95
 948 02fb EA69AB24 		.ascii	"\352i\253$\017v\323\372&Z\352\357\352U\340\264\327q"
 948      0F76D3FA 
 948      265AEAEF 
 948      EA55E0B4 
 948      D771
 949 030d FDE006FF 		.ascii	"\375\340\006\377\320Q\352w\207 \210}r\004h\303B$>\242"
 949      D051EA77 
 949      8720887D 
 949      720468C3 
 949      42243EA2 
 950 0321 6E8F43E1 		.ascii	"n\217C\341\030\031\017\007\002\322\244\014\031\352\015"
 950      18190F07 
 950      02D2A40C 
 950      19EA0D
 951 0330 F4D00C1F 		.ascii	"\364\320\014\037~y\235\322\246\014\007\252w:\335\024"
 951      7E799DD2 
 951      A60C07AA 
 951      773ADD14 
 952 0340 68B0C7E3 		.ascii	"h\260\307\343E(}A\211\372\202n\221I\330\012\225\230"
 952      45287D41 
 952      89FA826E 
 952      9149D80A 
 952      9598
 953 0352 E5F1E2C2 		.ascii	"\345\361\342\302\224\216\026\034\342\0000\302\203\022"
 953      948E161C 
 953      E20030C2 
 953      8312
 954 0360 AAA4015C 		.ascii	"\252\244\001\\o@\362(1\213\372h\310\003\276.\346\356"
 954      6F40F228 
 954      318BFA68 
 954      C803BE2E 
 954      E6EE
 955 0372 C1EA82D2 		.ascii	"\301\352\202\322&\037^\035\313D1\347u\322\374\310\026"
 955      261F5E1D 
 955      CB4431E7 
 955      75D2FCC8 
 955      16
 956 0383 87111CCD 		.ascii	"\207\021\034\315\242t\261\300\215LM\267\213S\254C\367"
 956      A274B1C0 
 956      8D4C4DB7 
 956      8B53AC43 
 956      F7
 957 0394 5B66E791 		.ascii	"[f\347\221\005\336\305\204\344+E7\217\315\375r\346b"
 957      05DEC584 
ARM GAS  /tmp/ccGLKTqP.s 			page 33


 957      E42B4537 
 957      8FCDFD72 
 957      E662
 958 03a6 37FF0C65 		.ascii	"7\377\014e\033\021}\342ft#\"\263@nGn\360\026\317'C\\"
 958      1B117DE2 
 958      66742322 
 958      B3406E47 
 958      6EF016CF 
 959 03bd F6F6263A 		.ascii	"\366\366&:3\340\377\240\033\266\343f\205Ra\026f\330"
 959      33E0FFA0 
 959      1BB6E366 
 959      85526116 
 959      66D8
 960 03cf 1DC46306 		.ascii	"\035\304c\006\310]\370\035J\016\013b?\213\333\353\353"
 960      C85DF81D 
 960      4A0E0B62 
 960      3F8BDBEB 
 960      EB
 961 03e0 9B11D87F 		.ascii	"\233\021\330\177\3014\334\306\341\310\271\316\201yl"
 961      C134DCC6 
 961      E1C8B9CE 
 961      81796C
 962 03ef F81BDCC7 		.ascii	"\370\033\334\307[u\341\375\257\033!3\332a)\272\023\377"
 962      5B75E1FD 
 962      AF1B2133 
 962      DA6129BA 
 962      13FF
 963 0401 190D12B8 		.ascii	"\031\015\022\270\263\347C\215\351I\334$$\310\361+\333"
 963      B3E7438D 
 963      E949DC24 
 963      24C8F12B 
 963      DB
 964 0412 B6A5249E 		.ascii	"\266\245$\236\243\007\261\007\215r\214\0338\266\325"
 964      A307B107 
 964      8D728C1B 
 964      38B6D5
 965 0421 0F73B930 		.ascii	"\017s\2710D\311\306\013\323\237\247\261\0058\270?p\001"
 965      44C9C60B 
 965      D39FA7B1 
 965      0538B83F 
 965      7001
 966 0433 83C357BB 		.ascii	"\203\303W\273\205\271\325\2728\342\214\210\247\333{"
 966      85B9D5BA 
 966      38E28C88 
 966      A7DB7B
 967 0442 77C8B39B 		.ascii	"w\310\263\233\232h\353A\366\252DJuq\367b\245\336\213"
 967      9A68EB41 
 967      F6AA444A 
 967      7571F762 
 967      A5DE8B
 968 0455 95FA194F 		.ascii	"\225\372\031O^\310\313SE?K\252\314\025fm\271\312Z\247"
 968      5EC8CB53 
 968      453F4BAA 
 968      CC15666D 
 968      B9CA5AA7 
 969 0469 AA3254AB 		.ascii	"\2522T\253j\2556{\235\252|\305rM\201\252\264\264H\265"
 969      6AAD367B 
ARM GAS  /tmp/ccGLKTqP.s 			page 34


 969      9DAA7CC5 
 969      724D81AA 
 969      B4B448B5 
 970 047d B46C9976 		.ascii	"\264l\231v]\001\243\364\265\210\352jc^\245\270\364\265"
 970      5D01A3F4 
 970      B588EA6A 
 970      635EA5B8 
 970      F4B5
 971 048f 95594BD4 		.ascii	"\225YK\324\317\223\247\222\246\363\012\0135&\215Z\203"
 971      CF93A792 
 971      A6F30A0B 
 971      35268D5A 
 971      83
 972 04a0 BBE74BAF 		.ascii	"\273\347K\257\350J\305\265\346\032\273\246@o\227\225"
 972      E84AC5B5 
 972      E61ABBA6 
 972      406F9795 
 973 04b0 6A97BCAA 		.ascii	"j\227\274\252\023^.\327\351\340u(\221UV\233\014\266"
 973      135E2ED7 
 973      E9E07528 
 973      9155569B 
 973      0CB6
 974 04c2 08AB2ED4 		.ascii	"\010\253.\324\333\371:\223}\251\252\312j1\251\326X+"
 974      DBF93A93 
 974      7DA9AACA 
 974      6A31A9D6 
 974      582B
 975 04d4 D7DA54EB 		.ascii	"\327\332T\353\315FS\205\241\306\230[\240Q\253sW\345"
 975      CD465385 
 975      A1C6985B 
 975      A051AB73 
 975      57E5
 976 04e6 EB0D46A3 		.ascii	"\353\015F\243\265F\265\312l\263\2547\330L\252\012\253"
 976      B546B5CA 
 976      6CB3AC37 
 976      D84CAA0A 
 976      AB
 977 04f7 C166AC53 		.ascii	"\301f\254S%\210\012\253\325^m5\030M\266\377\\U\235\335"
 977      25880AAB 
 977      D55E6D35 
 977      184DB6FF 
 977      5C559DDD 
 978 050b 820B5C5D 		.ascii	"\202\013\\]k\266\346U\021^[\244\343\227\025\351de+\313"
 978      6BB6E655 
 978      115E5BA4 
 978      E39715E9 
 978      64652BCB 
 979 051f 8A7429DA 		.ascii	"\212t)\332\362\262\342\342\"\235\\\273\342\215\262b"
 979      F2B2E2E2 
 979      229D5CBB 
 979      E28DB262 
 980 052f 9D6CB9B6 		.ascii	"\235l\271\266\250X\307\352*Q<t\351\355if+\3136\033\365"
 980      A858C7EA 
 980      2A513C74 
 980      E9ED6966 
 980      2BCB361B 
 981 0544 76D16CB5 		.ascii	"v\321l\265X\215&\275]\021\235\263\030\352\326`y\352"
ARM GAS  /tmp/ccGLKTqP.s 			page 35


 981      588D26BD 
 981      5D119DB3 
 981      18EAD660 
 981      79EA
 982 0556 42926AB0 		.ascii	"B\222j\260Y\326\025\326\345ZHZ%\022\246\015\271\226"
 982      59D615D6 
 982      E55A485A 
 982      2512A60D 
 982      B996
 983 0568 7C323FDE 		.ascii	"|2?\3368\275\271\306l\177\361\377\334\017\262 \221\205"
 983      38BDB9C6 
 983      6C7FF1FF 
 983      DC0FB220 
 983      9185
 984 057a CD5C6DB3 		.ascii	"\315\\m\263\256\255e+\371\013mH \350"
 984      AEAD652B 
 984      F90B6D48 
 984      20E8
 985              		.text
 986              		.section	.gnu.lto_.symtab.edc8adb59e2288ca,"e",%progbits
 987 0000 5F70616C 		.ascii	"_pal_lld_init\000"
 987      5F6C6C64 
 987      5F696E69 
 987      7400
 988 000e 00       		.ascii	"\000"
 989 000f 00       		.ascii	"\000"
 990 0010 00       		.ascii	"\000"
 991 0011 00000000 		.ascii	"\000\000\000\000\000\000\000\000"
 991      00000000 
 992 0019 F9000000 		.ascii	"\371\000\000\000"
 993 001d 5F70616C 		.ascii	"_pal_lld_setgroupmode\000"
 993      5F6C6C64 
 993      5F736574 
 993      67726F75 
 993      706D6F64 
 994 0033 00       		.ascii	"\000"
 995 0034 00       		.ascii	"\000"
 996 0035 00       		.ascii	"\000"
 997 0036 00000000 		.ascii	"\000\000\000\000\000\000\000\000"
 997      00000000 
 998 003e 03010000 		.ascii	"\003\001\000\000"
 999              		.text
 1000              		.section	.gnu.lto_.ext_symtab.edc8adb59e2288ca,"e",%progbits
 1001 0000 01       		.ascii	"\001"
 1002 0001 01       		.ascii	"\001"
 1003 0002 00       		.ascii	"\000"
 1004 0003 01       		.ascii	"\001"
 1005 0004 00       		.ascii	"\000"
 1006              		.text
 1007              		.section	.gnu.lto_.opts,"e",%progbits
 1008 0000 272D666E 		.ascii	"'-fno-openmp' '-fno-openacc' '-fno-pie' '-fcf-prote"
 1008      6F2D6F70 
 1008      656E6D70 
 1008      2720272D 
 1008      666E6F2D 
 1009 0033 6374696F 		.ascii	"ction=none' '-g' '-mcpu=cortex-m0' '-mthumb' '-mflo"
 1009      6E3D6E6F 
ARM GAS  /tmp/ccGLKTqP.s 			page 36


 1009      6E652720 
 1009      272D6727 
 1009      20272D6D 
 1010 0066 61742D61 		.ascii	"at-abi=soft' '-mlibarch=armv6s-m' '-march=armv6s-m'"
 1010      62693D73 
 1010      6F667427 
 1010      20272D6D 
 1010      6C696261 
 1011 0099 20272D4F 		.ascii	" '-Os' '-fomit-frame-pointer' '-falign-functions=16"
 1011      73272027 
 1011      2D666F6D 
 1011      69742D66 
 1011      72616D65 
 1012 00cc 2720272D 		.ascii	"' '-fsingle-precision-constant' '-ffunction-section"
 1012      6673696E 
 1012      676C652D 
 1012      70726563 
 1012      6973696F 
 1013 00ff 73272027 		.ascii	"s' '-fdata-sections' '-fno-common' '-flto' '-Xassem"
 1013      2D666461 
 1013      74612D73 
 1013      65637469 
 1013      6F6E7327 
 1014 0132 626C6572 		.ascii	"bler' '-alms=./build/lst/hal_pal_lld.lst'\000"
 1014      2720272D 
 1014      616C6D73 
 1014      3D2E2F62 
 1014      75696C64 
 1015              		.text
 1016              		.comm	__gnu_lto_slim,1,1
 1017              		.ident	"GCC: (Arm GNU Toolchain 11.3.Rel1) 11.3.1 20220712"
ARM GAS  /tmp/ccGLKTqP.s 			page 37


DEFINED SYMBOLS
                            *ABS*:0000000000000000 hal_pal_lld.c
     /tmp/ccGLKTqP.s:23     .gnu.debuglto_.debug_info:0000000000000000 hal_pal_lld.c.663e3133
                            *COM*:0000000000000001 __gnu_lto_slim

NO UNDEFINED SYMBOLS
