ARM GAS  /tmp/ccQoEkYf.s 			page 1


   1              		.cpu cortex-m0
   2              		.arch armv6s-m
   3              		.fpu softvfp
   4              		.eabi_attribute 20, 1
   5              		.eabi_attribute 21, 1
   6              		.eabi_attribute 23, 3
   7              		.eabi_attribute 24, 1
   8              		.eabi_attribute 25, 1
   9              		.eabi_attribute 26, 1
  10              		.eabi_attribute 30, 4
  11              		.eabi_attribute 34, 0
  12              		.eabi_attribute 18, 4
  13              		.file	"hal_st.c"
  14              		.file 1 "/home/kocur/.rusefi-tools/arm-gnu-toolchain-11.3.rel1-x86_64-arm-none-eabi/arm-none-eabi/
  15              		.file 2 "/home/kocur/.rusefi-tools/arm-gnu-toolchain-11.3.rel1-x86_64-arm-none-eabi/arm-none-eabi/
  16              		.file 3 "../../../ChibiOS/os/rt/include/chtime.h"
  17              		.file 4 "../../../ChibiOS/os/hal/ports/STM32/LLD/TIMv1/stm32_tim.h"
  18              		.file 5 "../../../ChibiOS/os/hal/ports/STM32/LLD/TIMv1/hal_st_lld.h"
  19              		.file 6 "../../../ChibiOS/os/hal/src/hal_st.c"
  20              		.section	.gnu.debuglto_.debug_info,"e",%progbits
  21              	.Ldebug_info0:
  22              		.hidden	hal_st.c.f01d3018
  23              		.weak	hal_st.c.f01d3018
  24              	hal_st.c.f01d3018:
  25 0000 DE020000 		.4byte	0x2de
  26 0004 0500     		.2byte	0x5
  27 0006 01       		.byte	0x1
  28 0007 04       		.byte	0x4
  29 0008 00000000 		.4byte	.Ldebug_abbrev0
  30 000c 11       		.uleb128 0x11
  31 000d B6010000 		.4byte	.LASF39
  32 0011 1D       		.byte	0x1d
  33 0012 2C000000 		.4byte	.LASF40
  34 0016 C2020000 		.4byte	.LASF41
  35 001a 00000000 		.4byte	.Ldebug_line0
  36 001e 12       		.uleb128 0x12
  37 001f 04       		.byte	0x4
  38 0020 05       		.byte	0x5
  39 0021 696E7400 		.ascii	"int\000"
  40 0025 01       		.uleb128 0x1
  41 0026 04       		.byte	0x4
  42 0027 07       		.byte	0x7
  43 0028 38010000 		.4byte	.LASF0
  44 002c 01       		.uleb128 0x1
  45 002d 08       		.byte	0x8
  46 002e 05       		.byte	0x5
  47 002f 87010000 		.4byte	.LASF1
  48 0033 01       		.uleb128 0x1
  49 0034 08       		.byte	0x8
  50 0035 04       		.byte	0x4
  51 0036 74010000 		.4byte	.LASF2
  52 003a 01       		.uleb128 0x1
  53 003b 01       		.byte	0x1
  54 003c 06       		.byte	0x6
  55 003d B0020000 		.4byte	.LASF3
  56 0041 01       		.uleb128 0x1
  57 0042 01       		.byte	0x1
ARM GAS  /tmp/ccQoEkYf.s 			page 2


  58 0043 08       		.byte	0x8
  59 0044 CE000000 		.4byte	.LASF4
  60 0048 01       		.uleb128 0x1
  61 0049 02       		.byte	0x2
  62 004a 05       		.byte	0x5
  63 004b 0A010000 		.4byte	.LASF5
  64 004f 01       		.uleb128 0x1
  65 0050 02       		.byte	0x2
  66 0051 07       		.byte	0x7
  67 0052 51000000 		.4byte	.LASF6
  68 0056 01       		.uleb128 0x1
  69 0057 04       		.byte	0x4
  70 0058 05       		.byte	0x5
  71 0059 96020000 		.4byte	.LASF7
  72 005d 06       		.uleb128 0x6
  73 005e FF000000 		.4byte	.LASF10
  74 0062 01       		.byte	0x1
  75 0063 4F       		.byte	0x4f
  76 0064 19       		.byte	0x19
  77 0065 69000000 		.4byte	0x69
  78 0069 01       		.uleb128 0x1
  79 006a 04       		.byte	0x4
  80 006b 07       		.byte	0x7
  81 006c DC000000 		.4byte	.LASF8
  82 0070 01       		.uleb128 0x1
  83 0071 08       		.byte	0x8
  84 0072 07       		.byte	0x7
  85 0073 45010000 		.4byte	.LASF9
  86 0077 06       		.uleb128 0x6
  87 0078 8D020000 		.4byte	.LASF11
  88 007c 02       		.byte	0x2
  89 007d 30       		.byte	0x30
  90 007e 14       		.byte	0x14
  91 007f 5D000000 		.4byte	0x5d
  92 0083 07       		.uleb128 0x7
  93 0084 77000000 		.4byte	0x77
  94 0088 01       		.uleb128 0x1
  95 0089 01       		.byte	0x1
  96 008a 08       		.byte	0x8
  97 008b 95010000 		.4byte	.LASF12
  98 008f 08       		.uleb128 0x8
  99 0090 88000000 		.4byte	0x88
 100 0094 06       		.uleb128 0x6
 101 0095 22000000 		.4byte	.LASF13
 102 0099 03       		.byte	0x3
 103 009a 6D       		.byte	0x6d
 104 009b 12       		.byte	0x12
 105 009c 77000000 		.4byte	0x77
 106 00a0 04       		.uleb128 0x4
 107 00a1 83000000 		.4byte	0x83
 108 00a5 B0000000 		.4byte	0xb0
 109 00a9 05       		.uleb128 0x5
 110 00aa 25000000 		.4byte	0x25
 111 00ae 01       		.byte	0x1
 112 00af 00       		.byte	0
 113 00b0 07       		.uleb128 0x7
 114 00b1 A0000000 		.4byte	0xa0
ARM GAS  /tmp/ccQoEkYf.s 			page 3


 115 00b5 04       		.uleb128 0x4
 116 00b6 83000000 		.4byte	0x83
 117 00ba C5000000 		.4byte	0xc5
 118 00be 05       		.uleb128 0x5
 119 00bf 25000000 		.4byte	0x25
 120 00c3 03       		.byte	0x3
 121 00c4 00       		.byte	0
 122 00c5 07       		.uleb128 0x7
 123 00c6 B5000000 		.4byte	0xb5
 124 00ca 13       		.uleb128 0x13
 125 00cb 60       		.byte	0x60
 126 00cc 04       		.byte	0x4
 127 00cd F601     		.2byte	0x1f6
 128 00cf 09       		.byte	0x9
 129 00d0 C3010000 		.4byte	0x1c3
 130 00d4 02       		.uleb128 0x2
 131 00d5 43523100 		.ascii	"CR1\000"
 132 00d9 F701     		.2byte	0x1f7
 133 00db 83000000 		.4byte	0x83
 134 00df 00       		.byte	0
 135 00e0 02       		.uleb128 0x2
 136 00e1 43523200 		.ascii	"CR2\000"
 137 00e5 F801     		.2byte	0x1f8
 138 00e7 83000000 		.4byte	0x83
 139 00eb 04       		.byte	0x4
 140 00ec 03       		.uleb128 0x3
 141 00ed 9F010000 		.4byte	.LASF14
 142 00f1 F901     		.2byte	0x1f9
 143 00f3 83000000 		.4byte	0x83
 144 00f7 08       		.byte	0x8
 145 00f8 03       		.uleb128 0x3
 146 00f9 A5000000 		.4byte	.LASF15
 147 00fd FA01     		.2byte	0x1fa
 148 00ff 83000000 		.4byte	0x83
 149 0103 0C       		.byte	0xc
 150 0104 02       		.uleb128 0x2
 151 0105 535200   		.ascii	"SR\000"
 152 0108 FB01     		.2byte	0x1fb
 153 010a 83000000 		.4byte	0x83
 154 010e 10       		.byte	0x10
 155 010f 02       		.uleb128 0x2
 156 0110 45475200 		.ascii	"EGR\000"
 157 0114 FC01     		.2byte	0x1fc
 158 0116 83000000 		.4byte	0x83
 159 011a 14       		.byte	0x14
 160 011b 03       		.uleb128 0x3
 161 011c A4010000 		.4byte	.LASF16
 162 0120 FD01     		.2byte	0x1fd
 163 0122 83000000 		.4byte	0x83
 164 0126 18       		.byte	0x18
 165 0127 03       		.uleb128 0x3
 166 0128 AA010000 		.4byte	.LASF17
 167 012c FE01     		.2byte	0x1fe
 168 012e 83000000 		.4byte	0x83
 169 0132 1C       		.byte	0x1c
 170 0133 03       		.uleb128 0x3
 171 0134 9A010000 		.4byte	.LASF18
ARM GAS  /tmp/ccQoEkYf.s 			page 4


 172 0138 FF01     		.2byte	0x1ff
 173 013a 83000000 		.4byte	0x83
 174 013e 20       		.byte	0x20
 175 013f 02       		.uleb128 0x2
 176 0140 434E5400 		.ascii	"CNT\000"
 177 0144 0002     		.2byte	0x200
 178 0146 83000000 		.4byte	0x83
 179 014a 24       		.byte	0x24
 180 014b 02       		.uleb128 0x2
 181 014c 50534300 		.ascii	"PSC\000"
 182 0150 0102     		.2byte	0x201
 183 0152 83000000 		.4byte	0x83
 184 0156 28       		.byte	0x28
 185 0157 02       		.uleb128 0x2
 186 0158 41525200 		.ascii	"ARR\000"
 187 015c 0202     		.2byte	0x202
 188 015e 83000000 		.4byte	0x83
 189 0162 2C       		.byte	0x2c
 190 0163 02       		.uleb128 0x2
 191 0164 52435200 		.ascii	"RCR\000"
 192 0168 0302     		.2byte	0x203
 193 016a 83000000 		.4byte	0x83
 194 016e 30       		.byte	0x30
 195 016f 02       		.uleb128 0x2
 196 0170 43435200 		.ascii	"CCR\000"
 197 0174 0402     		.2byte	0x204
 198 0176 C5000000 		.4byte	0xc5
 199 017a 34       		.byte	0x34
 200 017b 03       		.uleb128 0x3
 201 017c 00000000 		.4byte	.LASF19
 202 0180 0502     		.2byte	0x205
 203 0182 83000000 		.4byte	0x83
 204 0186 44       		.byte	0x44
 205 0187 02       		.uleb128 0x2
 206 0188 44435200 		.ascii	"DCR\000"
 207 018c 0602     		.2byte	0x206
 208 018e 83000000 		.4byte	0x83
 209 0192 48       		.byte	0x48
 210 0193 03       		.uleb128 0x3
 211 0194 14010000 		.4byte	.LASF20
 212 0198 0702     		.2byte	0x207
 213 019a 83000000 		.4byte	0x83
 214 019e 4C       		.byte	0x4c
 215 019f 02       		.uleb128 0x2
 216 01a0 4F5200   		.ascii	"OR\000"
 217 01a3 0802     		.2byte	0x208
 218 01a5 83000000 		.4byte	0x83
 219 01a9 50       		.byte	0x50
 220 01aa 03       		.uleb128 0x3
 221 01ab B0010000 		.4byte	.LASF21
 222 01af 0902     		.2byte	0x209
 223 01b1 83000000 		.4byte	0x83
 224 01b5 54       		.byte	0x54
 225 01b6 03       		.uleb128 0x3
 226 01b7 09030000 		.4byte	.LASF22
 227 01bb 0A02     		.2byte	0x20a
 228 01bd B0000000 		.4byte	0xb0
ARM GAS  /tmp/ccQoEkYf.s 			page 5


 229 01c1 58       		.byte	0x58
 230 01c2 00       		.byte	0
 231 01c3 14       		.uleb128 0x14
 232 01c4 99000000 		.4byte	.LASF23
 233 01c8 04       		.byte	0x4
 234 01c9 0B02     		.2byte	0x20b
 235 01cb 03       		.byte	0x3
 236 01cc CA000000 		.4byte	0xca
 237 01d0 01       		.uleb128 0x1
 238 01d1 01       		.byte	0x1
 239 01d2 02       		.byte	0x2
 240 01d3 BC020000 		.4byte	.LASF24
 241 01d7 15       		.uleb128 0x15
 242 01d8 64000000 		.4byte	.LASF25
 243 01dc 05       		.byte	0x5
 244 01dd 1202     		.2byte	0x212
 245 01df 08       		.byte	0x8
 246 01e0 0B       		.uleb128 0xb
 247 01e1 05000000 		.4byte	.LASF26
 248 01e5 A1       		.byte	0xa1
 249 01e6 06       		.byte	0x6
 250 01e7 D0010000 		.4byte	0x1d0
 251 01eb 0B       		.uleb128 0xb
 252 01ec 15000000 		.4byte	.LASF27
 253 01f0 93       		.byte	0x93
 254 01f1 0B       		.byte	0xb
 255 01f2 94000000 		.4byte	0x94
 256 01f6 16       		.uleb128 0x16
 257 01f7 0E030000 		.4byte	.LASF42
 258 01fb 06       		.byte	0x6
 259 01fc 83       		.byte	0x83
 260 01fd 0B       		.byte	0xb
 261 01fe 94000000 		.4byte	0x94
 262 0202 10020000 		.4byte	0x210
 263 0206 09       		.uleb128 0x9
 264 0207 AA000000 		.4byte	.LASF28
 265 020b 20020000 		.4byte	0x220
 266 020f 00       		.byte	0
 267 0210 04       		.uleb128 0x4
 268 0211 8F000000 		.4byte	0x8f
 269 0215 20020000 		.4byte	0x220
 270 0219 05       		.uleb128 0x5
 271 021a 25000000 		.4byte	0x25
 272 021e 0A       		.byte	0xa
 273 021f 00       		.byte	0
 274 0220 08       		.uleb128 0x8
 275 0221 10020000 		.4byte	0x210
 276 0225 0C       		.uleb128 0xc
 277 0226 69010000 		.4byte	.LASF29
 278 022a 73       		.byte	0x73
 279 022b 44020000 		.4byte	0x244
 280 022f 0D       		.uleb128 0xd
 281 0230 C6000000 		.4byte	.LASF31
 282 0234 73       		.byte	0x73
 283 0235 1B       		.byte	0x1b
 284 0236 94000000 		.4byte	0x94
 285 023a 09       		.uleb128 0x9
ARM GAS  /tmp/ccQoEkYf.s 			page 6


 286 023b AA000000 		.4byte	.LASF28
 287 023f 20020000 		.4byte	0x220
 288 0243 00       		.byte	0
 289 0244 0E       		.uleb128 0xe
 290 0245 19010000 		.4byte	.LASF32
 291 0249 65       		.byte	0x65
 292 024a 0C       		.uleb128 0xc
 293 024b 5C010000 		.4byte	.LASF30
 294 024f 57       		.byte	0x57
 295 0250 69020000 		.4byte	0x269
 296 0254 0D       		.uleb128 0xd
 297 0255 C6000000 		.4byte	.LASF31
 298 0259 57       		.byte	0x57
 299 025a 1D       		.byte	0x1d
 300 025b 94000000 		.4byte	0x94
 301 025f 09       		.uleb128 0x9
 302 0260 AA000000 		.4byte	.LASF28
 303 0264 79020000 		.4byte	0x279
 304 0268 00       		.byte	0
 305 0269 04       		.uleb128 0x4
 306 026a 8F000000 		.4byte	0x8f
 307 026e 79020000 		.4byte	0x279
 308 0272 05       		.uleb128 0x5
 309 0273 25000000 		.4byte	0x25
 310 0277 0C       		.byte	0xc
 311 0278 00       		.byte	0
 312 0279 08       		.uleb128 0x8
 313 027a 69020000 		.4byte	0x269
 314 027e 0E       		.uleb128 0xe
 315 027f 80010000 		.4byte	.LASF33
 316 0283 40       		.byte	0x40
 317 0284 0A       		.uleb128 0xa
 318 0285 82000000 		.4byte	.LASF34
 319 0289 6E02     		.2byte	0x26e
 320 028b 14       		.byte	0x14
 321 028c D0010000 		.4byte	0x1d0
 322 0290 0A       		.uleb128 0xa
 323 0291 9F020000 		.4byte	.LASF35
 324 0295 6002     		.2byte	0x260
 325 0297 19       		.byte	0x19
 326 0298 94000000 		.4byte	0x94
 327 029c 0F       		.uleb128 0xf
 328 029d EE000000 		.4byte	.LASF36
 329 02a1 5402     		.2byte	0x254
 330 02a3 B4020000 		.4byte	0x2b4
 331 02a7 10       		.uleb128 0x10
 332 02a8 C6000000 		.4byte	.LASF31
 333 02ac 5402     		.2byte	0x254
 334 02ae 2F       		.byte	0x2f
 335 02af 94000000 		.4byte	0x94
 336 02b3 00       		.byte	0
 337 02b4 17       		.uleb128 0x17
 338 02b5 70000000 		.4byte	.LASF43
 339 02b9 05       		.byte	0x5
 340 02ba 4402     		.2byte	0x244
 341 02bc 14       		.byte	0x14
 342 02bd 0F       		.uleb128 0xf
ARM GAS  /tmp/ccQoEkYf.s 			page 7


 343 02be B3000000 		.4byte	.LASF37
 344 02c2 3402     		.2byte	0x234
 345 02c4 D5020000 		.4byte	0x2d5
 346 02c8 10       		.uleb128 0x10
 347 02c9 C6000000 		.4byte	.LASF31
 348 02cd 3402     		.2byte	0x234
 349 02cf 31       		.byte	0x31
 350 02d0 94000000 		.4byte	0x94
 351 02d4 00       		.byte	0
 352 02d5 0A       		.uleb128 0xa
 353 02d6 25010000 		.4byte	.LASF38
 354 02da 2602     		.2byte	0x226
 355 02dc 19       		.byte	0x19
 356 02dd 94000000 		.4byte	0x94
 357 02e1 00       		.byte	0
 358              		.section	.gnu.debuglto_.debug_abbrev,"e",%progbits
 359              	.Ldebug_abbrev0:
 360 0000 01       		.uleb128 0x1
 361 0001 24       		.uleb128 0x24
 362 0002 00       		.byte	0
 363 0003 0B       		.uleb128 0xb
 364 0004 0B       		.uleb128 0xb
 365 0005 3E       		.uleb128 0x3e
 366 0006 0B       		.uleb128 0xb
 367 0007 03       		.uleb128 0x3
 368 0008 0E       		.uleb128 0xe
 369 0009 00       		.byte	0
 370 000a 00       		.byte	0
 371 000b 02       		.uleb128 0x2
 372 000c 0D       		.uleb128 0xd
 373 000d 00       		.byte	0
 374 000e 03       		.uleb128 0x3
 375 000f 08       		.uleb128 0x8
 376 0010 3A       		.uleb128 0x3a
 377 0011 21       		.uleb128 0x21
 378 0012 04       		.sleb128 4
 379 0013 3B       		.uleb128 0x3b
 380 0014 05       		.uleb128 0x5
 381 0015 39       		.uleb128 0x39
 382 0016 21       		.uleb128 0x21
 383 0017 19       		.sleb128 25
 384 0018 49       		.uleb128 0x49
 385 0019 13       		.uleb128 0x13
 386 001a 38       		.uleb128 0x38
 387 001b 0B       		.uleb128 0xb
 388 001c 00       		.byte	0
 389 001d 00       		.byte	0
 390 001e 03       		.uleb128 0x3
 391 001f 0D       		.uleb128 0xd
 392 0020 00       		.byte	0
 393 0021 03       		.uleb128 0x3
 394 0022 0E       		.uleb128 0xe
 395 0023 3A       		.uleb128 0x3a
 396 0024 21       		.uleb128 0x21
 397 0025 04       		.sleb128 4
 398 0026 3B       		.uleb128 0x3b
 399 0027 05       		.uleb128 0x5
ARM GAS  /tmp/ccQoEkYf.s 			page 8


 400 0028 39       		.uleb128 0x39
 401 0029 21       		.uleb128 0x21
 402 002a 19       		.sleb128 25
 403 002b 49       		.uleb128 0x49
 404 002c 13       		.uleb128 0x13
 405 002d 38       		.uleb128 0x38
 406 002e 0B       		.uleb128 0xb
 407 002f 00       		.byte	0
 408 0030 00       		.byte	0
 409 0031 04       		.uleb128 0x4
 410 0032 01       		.uleb128 0x1
 411 0033 01       		.byte	0x1
 412 0034 49       		.uleb128 0x49
 413 0035 13       		.uleb128 0x13
 414 0036 01       		.uleb128 0x1
 415 0037 13       		.uleb128 0x13
 416 0038 00       		.byte	0
 417 0039 00       		.byte	0
 418 003a 05       		.uleb128 0x5
 419 003b 21       		.uleb128 0x21
 420 003c 00       		.byte	0
 421 003d 49       		.uleb128 0x49
 422 003e 13       		.uleb128 0x13
 423 003f 2F       		.uleb128 0x2f
 424 0040 0B       		.uleb128 0xb
 425 0041 00       		.byte	0
 426 0042 00       		.byte	0
 427 0043 06       		.uleb128 0x6
 428 0044 16       		.uleb128 0x16
 429 0045 00       		.byte	0
 430 0046 03       		.uleb128 0x3
 431 0047 0E       		.uleb128 0xe
 432 0048 3A       		.uleb128 0x3a
 433 0049 0B       		.uleb128 0xb
 434 004a 3B       		.uleb128 0x3b
 435 004b 0B       		.uleb128 0xb
 436 004c 39       		.uleb128 0x39
 437 004d 0B       		.uleb128 0xb
 438 004e 49       		.uleb128 0x49
 439 004f 13       		.uleb128 0x13
 440 0050 00       		.byte	0
 441 0051 00       		.byte	0
 442 0052 07       		.uleb128 0x7
 443 0053 35       		.uleb128 0x35
 444 0054 00       		.byte	0
 445 0055 49       		.uleb128 0x49
 446 0056 13       		.uleb128 0x13
 447 0057 00       		.byte	0
 448 0058 00       		.byte	0
 449 0059 08       		.uleb128 0x8
 450 005a 26       		.uleb128 0x26
 451 005b 00       		.byte	0
 452 005c 49       		.uleb128 0x49
 453 005d 13       		.uleb128 0x13
 454 005e 00       		.byte	0
 455 005f 00       		.byte	0
 456 0060 09       		.uleb128 0x9
ARM GAS  /tmp/ccQoEkYf.s 			page 9


 457 0061 34       		.uleb128 0x34
 458 0062 00       		.byte	0
 459 0063 03       		.uleb128 0x3
 460 0064 0E       		.uleb128 0xe
 461 0065 49       		.uleb128 0x49
 462 0066 13       		.uleb128 0x13
 463 0067 34       		.uleb128 0x34
 464 0068 19       		.uleb128 0x19
 465 0069 00       		.byte	0
 466 006a 00       		.byte	0
 467 006b 0A       		.uleb128 0xa
 468 006c 2E       		.uleb128 0x2e
 469 006d 00       		.byte	0
 470 006e 03       		.uleb128 0x3
 471 006f 0E       		.uleb128 0xe
 472 0070 3A       		.uleb128 0x3a
 473 0071 21       		.uleb128 0x21
 474 0072 05       		.sleb128 5
 475 0073 3B       		.uleb128 0x3b
 476 0074 05       		.uleb128 0x5
 477 0075 39       		.uleb128 0x39
 478 0076 0B       		.uleb128 0xb
 479 0077 27       		.uleb128 0x27
 480 0078 19       		.uleb128 0x19
 481 0079 49       		.uleb128 0x49
 482 007a 13       		.uleb128 0x13
 483 007b 00       		.byte	0
 484 007c 00       		.byte	0
 485 007d 0B       		.uleb128 0xb
 486 007e 2E       		.uleb128 0x2e
 487 007f 00       		.byte	0
 488 0080 3F       		.uleb128 0x3f
 489 0081 19       		.uleb128 0x19
 490 0082 03       		.uleb128 0x3
 491 0083 0E       		.uleb128 0xe
 492 0084 3A       		.uleb128 0x3a
 493 0085 21       		.uleb128 0x21
 494 0086 06       		.sleb128 6
 495 0087 3B       		.uleb128 0x3b
 496 0088 0B       		.uleb128 0xb
 497 0089 39       		.uleb128 0x39
 498 008a 0B       		.uleb128 0xb
 499 008b 27       		.uleb128 0x27
 500 008c 19       		.uleb128 0x19
 501 008d 49       		.uleb128 0x49
 502 008e 13       		.uleb128 0x13
 503 008f 00       		.byte	0
 504 0090 00       		.byte	0
 505 0091 0C       		.uleb128 0xc
 506 0092 2E       		.uleb128 0x2e
 507 0093 01       		.byte	0x1
 508 0094 3F       		.uleb128 0x3f
 509 0095 19       		.uleb128 0x19
 510 0096 03       		.uleb128 0x3
 511 0097 0E       		.uleb128 0xe
 512 0098 3A       		.uleb128 0x3a
 513 0099 21       		.uleb128 0x21
ARM GAS  /tmp/ccQoEkYf.s 			page 10


 514 009a 06       		.sleb128 6
 515 009b 3B       		.uleb128 0x3b
 516 009c 0B       		.uleb128 0xb
 517 009d 39       		.uleb128 0x39
 518 009e 21       		.uleb128 0x21
 519 009f 06       		.sleb128 6
 520 00a0 27       		.uleb128 0x27
 521 00a1 19       		.uleb128 0x19
 522 00a2 01       		.uleb128 0x1
 523 00a3 13       		.uleb128 0x13
 524 00a4 00       		.byte	0
 525 00a5 00       		.byte	0
 526 00a6 0D       		.uleb128 0xd
 527 00a7 05       		.uleb128 0x5
 528 00a8 00       		.byte	0
 529 00a9 03       		.uleb128 0x3
 530 00aa 0E       		.uleb128 0xe
 531 00ab 3A       		.uleb128 0x3a
 532 00ac 21       		.uleb128 0x21
 533 00ad 06       		.sleb128 6
 534 00ae 3B       		.uleb128 0x3b
 535 00af 0B       		.uleb128 0xb
 536 00b0 39       		.uleb128 0x39
 537 00b1 0B       		.uleb128 0xb
 538 00b2 49       		.uleb128 0x49
 539 00b3 13       		.uleb128 0x13
 540 00b4 00       		.byte	0
 541 00b5 00       		.byte	0
 542 00b6 0E       		.uleb128 0xe
 543 00b7 2E       		.uleb128 0x2e
 544 00b8 00       		.byte	0
 545 00b9 3F       		.uleb128 0x3f
 546 00ba 19       		.uleb128 0x19
 547 00bb 03       		.uleb128 0x3
 548 00bc 0E       		.uleb128 0xe
 549 00bd 3A       		.uleb128 0x3a
 550 00be 21       		.uleb128 0x21
 551 00bf 06       		.sleb128 6
 552 00c0 3B       		.uleb128 0x3b
 553 00c1 0B       		.uleb128 0xb
 554 00c2 39       		.uleb128 0x39
 555 00c3 21       		.uleb128 0x21
 556 00c4 06       		.sleb128 6
 557 00c5 27       		.uleb128 0x27
 558 00c6 19       		.uleb128 0x19
 559 00c7 00       		.byte	0
 560 00c8 00       		.byte	0
 561 00c9 0F       		.uleb128 0xf
 562 00ca 2E       		.uleb128 0x2e
 563 00cb 01       		.byte	0x1
 564 00cc 03       		.uleb128 0x3
 565 00cd 0E       		.uleb128 0xe
 566 00ce 3A       		.uleb128 0x3a
 567 00cf 21       		.uleb128 0x21
 568 00d0 05       		.sleb128 5
 569 00d1 3B       		.uleb128 0x3b
 570 00d2 05       		.uleb128 0x5
ARM GAS  /tmp/ccQoEkYf.s 			page 11


 571 00d3 39       		.uleb128 0x39
 572 00d4 21       		.uleb128 0x21
 573 00d5 14       		.sleb128 20
 574 00d6 27       		.uleb128 0x27
 575 00d7 19       		.uleb128 0x19
 576 00d8 01       		.uleb128 0x1
 577 00d9 13       		.uleb128 0x13
 578 00da 00       		.byte	0
 579 00db 00       		.byte	0
 580 00dc 10       		.uleb128 0x10
 581 00dd 05       		.uleb128 0x5
 582 00de 00       		.byte	0
 583 00df 03       		.uleb128 0x3
 584 00e0 0E       		.uleb128 0xe
 585 00e1 3A       		.uleb128 0x3a
 586 00e2 21       		.uleb128 0x21
 587 00e3 05       		.sleb128 5
 588 00e4 3B       		.uleb128 0x3b
 589 00e5 05       		.uleb128 0x5
 590 00e6 39       		.uleb128 0x39
 591 00e7 0B       		.uleb128 0xb
 592 00e8 49       		.uleb128 0x49
 593 00e9 13       		.uleb128 0x13
 594 00ea 00       		.byte	0
 595 00eb 00       		.byte	0
 596 00ec 11       		.uleb128 0x11
 597 00ed 11       		.uleb128 0x11
 598 00ee 01       		.byte	0x1
 599 00ef 25       		.uleb128 0x25
 600 00f0 0E       		.uleb128 0xe
 601 00f1 13       		.uleb128 0x13
 602 00f2 0B       		.uleb128 0xb
 603 00f3 03       		.uleb128 0x3
 604 00f4 0E       		.uleb128 0xe
 605 00f5 1B       		.uleb128 0x1b
 606 00f6 0E       		.uleb128 0xe
 607 00f7 10       		.uleb128 0x10
 608 00f8 17       		.uleb128 0x17
 609 00f9 00       		.byte	0
 610 00fa 00       		.byte	0
 611 00fb 12       		.uleb128 0x12
 612 00fc 24       		.uleb128 0x24
 613 00fd 00       		.byte	0
 614 00fe 0B       		.uleb128 0xb
 615 00ff 0B       		.uleb128 0xb
 616 0100 3E       		.uleb128 0x3e
 617 0101 0B       		.uleb128 0xb
 618 0102 03       		.uleb128 0x3
 619 0103 08       		.uleb128 0x8
 620 0104 00       		.byte	0
 621 0105 00       		.byte	0
 622 0106 13       		.uleb128 0x13
 623 0107 13       		.uleb128 0x13
 624 0108 01       		.byte	0x1
 625 0109 0B       		.uleb128 0xb
 626 010a 0B       		.uleb128 0xb
 627 010b 3A       		.uleb128 0x3a
ARM GAS  /tmp/ccQoEkYf.s 			page 12


 628 010c 0B       		.uleb128 0xb
 629 010d 3B       		.uleb128 0x3b
 630 010e 05       		.uleb128 0x5
 631 010f 39       		.uleb128 0x39
 632 0110 0B       		.uleb128 0xb
 633 0111 01       		.uleb128 0x1
 634 0112 13       		.uleb128 0x13
 635 0113 00       		.byte	0
 636 0114 00       		.byte	0
 637 0115 14       		.uleb128 0x14
 638 0116 16       		.uleb128 0x16
 639 0117 00       		.byte	0
 640 0118 03       		.uleb128 0x3
 641 0119 0E       		.uleb128 0xe
 642 011a 3A       		.uleb128 0x3a
 643 011b 0B       		.uleb128 0xb
 644 011c 3B       		.uleb128 0x3b
 645 011d 05       		.uleb128 0x5
 646 011e 39       		.uleb128 0x39
 647 011f 0B       		.uleb128 0xb
 648 0120 49       		.uleb128 0x49
 649 0121 13       		.uleb128 0x13
 650 0122 00       		.byte	0
 651 0123 00       		.byte	0
 652 0124 15       		.uleb128 0x15
 653 0125 2E       		.uleb128 0x2e
 654 0126 00       		.byte	0
 655 0127 3F       		.uleb128 0x3f
 656 0128 19       		.uleb128 0x19
 657 0129 03       		.uleb128 0x3
 658 012a 0E       		.uleb128 0xe
 659 012b 3A       		.uleb128 0x3a
 660 012c 0B       		.uleb128 0xb
 661 012d 3B       		.uleb128 0x3b
 662 012e 05       		.uleb128 0x5
 663 012f 39       		.uleb128 0x39
 664 0130 0B       		.uleb128 0xb
 665 0131 27       		.uleb128 0x27
 666 0132 19       		.uleb128 0x19
 667 0133 3C       		.uleb128 0x3c
 668 0134 19       		.uleb128 0x19
 669 0135 00       		.byte	0
 670 0136 00       		.byte	0
 671 0137 16       		.uleb128 0x16
 672 0138 2E       		.uleb128 0x2e
 673 0139 01       		.byte	0x1
 674 013a 3F       		.uleb128 0x3f
 675 013b 19       		.uleb128 0x19
 676 013c 03       		.uleb128 0x3
 677 013d 0E       		.uleb128 0xe
 678 013e 3A       		.uleb128 0x3a
 679 013f 0B       		.uleb128 0xb
 680 0140 3B       		.uleb128 0x3b
 681 0141 0B       		.uleb128 0xb
 682 0142 39       		.uleb128 0x39
 683 0143 0B       		.uleb128 0xb
 684 0144 27       		.uleb128 0x27
ARM GAS  /tmp/ccQoEkYf.s 			page 13


 685 0145 19       		.uleb128 0x19
 686 0146 49       		.uleb128 0x49
 687 0147 13       		.uleb128 0x13
 688 0148 01       		.uleb128 0x1
 689 0149 13       		.uleb128 0x13
 690 014a 00       		.byte	0
 691 014b 00       		.byte	0
 692 014c 17       		.uleb128 0x17
 693 014d 2E       		.uleb128 0x2e
 694 014e 00       		.byte	0
 695 014f 03       		.uleb128 0x3
 696 0150 0E       		.uleb128 0xe
 697 0151 3A       		.uleb128 0x3a
 698 0152 0B       		.uleb128 0xb
 699 0153 3B       		.uleb128 0x3b
 700 0154 05       		.uleb128 0x5
 701 0155 39       		.uleb128 0x39
 702 0156 0B       		.uleb128 0xb
 703 0157 27       		.uleb128 0x27
 704 0158 19       		.uleb128 0x19
 705 0159 00       		.byte	0
 706 015a 00       		.byte	0
 707 015b 00       		.byte	0
 708              		.section	.gnu.debuglto_.debug_line,"e",%progbits
 709              	.Ldebug_line0:
 710 0000 5F000000 		.4byte	.LELT0-.LSLT0
 711              	.LSLT0:
 712 0004 0500     		.2byte	0x5
 713 0006 04       		.byte	0x4
 714 0007 00       		.byte	0
 715 0008 57000000 		.4byte	.LELTP0-.LASLTP0
 716              	.LASLTP0:
 717 000c 01       		.byte	0x1
 718 000d 01       		.byte	0x1
 719 000e 01       		.byte	0x1
 720 000f F6       		.byte	0xf6
 721 0010 F2       		.byte	0xf2
 722 0011 0D       		.byte	0xd
 723 0012 00       		.byte	0
 724 0013 01       		.byte	0x1
 725 0014 01       		.byte	0x1
 726 0015 01       		.byte	0x1
 727 0016 01       		.byte	0x1
 728 0017 00       		.byte	0
 729 0018 00       		.byte	0
 730 0019 00       		.byte	0
 731 001a 01       		.byte	0x1
 732 001b 00       		.byte	0
 733 001c 00       		.byte	0
 734 001d 01       		.byte	0x1
 735 001e 01       		.byte	0x1
 736 001f 01       		.uleb128 0x1
 737 0020 1F       		.uleb128 0x1f
 738 0021 06       		.uleb128 0x6
 739 0022 0A000000 		.4byte	.LASF44
 740 0026 98000000 		.4byte	.LASF45
 741 002a C6000000 		.4byte	.LASF46
ARM GAS  /tmp/ccQoEkYf.s 			page 14


 742 002e F3000000 		.4byte	.LASF47
 743 0032 77010000 		.4byte	.LASF48
 744 0036 12010000 		.4byte	.LASF49
 745 003a 02       		.byte	0x2
 746 003b 01       		.uleb128 0x1
 747 003c 1F       		.uleb128 0x1f
 748 003d 02       		.uleb128 0x2
 749 003e 0B       		.uleb128 0xb
 750 003f 07       		.uleb128 0x7
 751 0040 73000000 		.4byte	.LASF50
 752 0044 00       		.byte	0
 753 0045 E2000000 		.4byte	.LASF51
 754 0049 04       		.byte	0x4
 755 004a 00000000 		.4byte	.LASF52
 756 004e 05       		.byte	0x5
 757 004f 5E000000 		.4byte	.LASF53
 758 0053 03       		.byte	0x3
 759 0054 67000000 		.4byte	.LASF54
 760 0058 01       		.byte	0x1
 761 0059 51000000 		.4byte	.LASF55
 762 005d 01       		.byte	0x1
 763 005e E0010000 		.4byte	.LASF56
 764 0062 02       		.byte	0x2
 765              	.LELTP0:
 766              	.LELT0:
 767              		.section	.gnu.debuglto_.debug_str,"eMS",%progbits,1
 768              	.LASF19:
 769 0000 42445452 		.ascii	"BDTR\000"
 769      00
 770              	.LASF26:
 771 0005 73744973 		.ascii	"stIsAlarmActive\000"
 771      416C6172 
 771      6D416374 
 771      69766500 
 772              	.LASF27:
 773 0015 73744765 		.ascii	"stGetCounter\000"
 773      74436F75 
 773      6E746572 
 773      00
 774              	.LASF13:
 775 0022 73797374 		.ascii	"systime_t\000"
 775      696D655F 
 775      7400
 776              	.LASF40:
 777 002c 2E2E2F2E 		.ascii	"../../../ChibiOS/os/hal/src/hal_st.c\000"
 777      2E2F2E2E 
 777      2F436869 
 777      62694F53 
 777      2F6F732F 
 778              	.LASF6:
 779 0051 73686F72 		.ascii	"short unsigned int\000"
 779      7420756E 
 779      7369676E 
 779      65642069 
 779      6E7400
 780              	.LASF25:
 781 0064 73745F6C 		.ascii	"st_lld_init\000"
ARM GAS  /tmp/ccQoEkYf.s 			page 15


 781      6C645F69 
 781      6E697400 
 782              	.LASF43:
 783 0070 73745F6C 		.ascii	"st_lld_stop_alarm\000"
 783      6C645F73 
 783      746F705F 
 783      616C6172 
 783      6D00
 784              	.LASF34:
 785 0082 73745F6C 		.ascii	"st_lld_is_alarm_active\000"
 785      6C645F69 
 785      735F616C 
 785      61726D5F 
 785      61637469 
 786              	.LASF23:
 787 0099 73746D33 		.ascii	"stm32_tim_t\000"
 787      325F7469 
 787      6D5F7400 
 788              	.LASF15:
 789 00a5 44494552 		.ascii	"DIER\000"
 789      00
 790              	.LASF28:
 791 00aa 5F5F6675 		.ascii	"__func__\000"
 791      6E635F5F 
 791      00
 792              	.LASF37:
 793 00b3 73745F6C 		.ascii	"st_lld_start_alarm\000"
 793      6C645F73 
 793      74617274 
 793      5F616C61 
 793      726D00
 794              	.LASF31:
 795 00c6 61627374 		.ascii	"abstime\000"
 795      696D6500 
 796              	.LASF4:
 797 00ce 756E7369 		.ascii	"unsigned char\000"
 797      676E6564 
 797      20636861 
 797      7200
 798              	.LASF8:
 799 00dc 6C6F6E67 		.ascii	"long unsigned int\000"
 799      20756E73 
 799      69676E65 
 799      6420696E 
 799      7400
 800              	.LASF36:
 801 00ee 73745F6C 		.ascii	"st_lld_set_alarm\000"
 801      6C645F73 
 801      65745F61 
 801      6C61726D 
 801      00
 802              	.LASF10:
 803 00ff 5F5F7569 		.ascii	"__uint32_t\000"
 803      6E743332 
 803      5F7400
 804              	.LASF5:
 805 010a 73686F72 		.ascii	"short int\000"
ARM GAS  /tmp/ccQoEkYf.s 			page 16


 805      7420696E 
 805      7400
 806              	.LASF20:
 807 0114 444D4152 		.ascii	"DMAR\000"
 807      00
 808              	.LASF32:
 809 0119 73745374 		.ascii	"stStopAlarm\000"
 809      6F70416C 
 809      61726D00 
 810              	.LASF38:
 811 0125 73745F6C 		.ascii	"st_lld_get_counter\000"
 811      6C645F67 
 811      65745F63 
 811      6F756E74 
 811      657200
 812              	.LASF0:
 813 0138 756E7369 		.ascii	"unsigned int\000"
 813      676E6564 
 813      20696E74 
 813      00
 814              	.LASF9:
 815 0145 6C6F6E67 		.ascii	"long long unsigned int\000"
 815      206C6F6E 
 815      6720756E 
 815      7369676E 
 815      65642069 
 816              	.LASF30:
 817 015c 73745374 		.ascii	"stStartAlarm\000"
 817      61727441 
 817      6C61726D 
 817      00
 818              	.LASF29:
 819 0169 73745365 		.ascii	"stSetAlarm\000"
 819      74416C61 
 819      726D00
 820              	.LASF2:
 821 0174 6C6F6E67 		.ascii	"long double\000"
 821      20646F75 
 821      626C6500 
 822              	.LASF33:
 823 0180 7374496E 		.ascii	"stInit\000"
 823      697400
 824              	.LASF1:
 825 0187 6C6F6E67 		.ascii	"long long int\000"
 825      206C6F6E 
 825      6720696E 
 825      7400
 826              	.LASF12:
 827 0195 63686172 		.ascii	"char\000"
 827      00
 828              	.LASF18:
 829 019a 43434552 		.ascii	"CCER\000"
 829      00
 830              	.LASF14:
 831 019f 534D4352 		.ascii	"SMCR\000"
 831      00
 832              	.LASF16:
ARM GAS  /tmp/ccQoEkYf.s 			page 17


 833 01a4 43434D52 		.ascii	"CCMR1\000"
 833      3100
 834              	.LASF17:
 835 01aa 43434D52 		.ascii	"CCMR2\000"
 835      3200
 836              	.LASF21:
 837 01b0 43434D52 		.ascii	"CCMR3\000"
 837      3300
 838              	.LASF39:
 839 01b6 474E5520 		.ascii	"GNU C17 11.3.1 20220712 -mcpu=cortex-m0 -mthumb -mf"
 839      43313720 
 839      31312E33 
 839      2E312032 
 839      30323230 
 840 01e9 6C6F6174 		.ascii	"loat-abi=soft -march=armv6s-m -ggdb -Os -fomit-fram"
 840      2D616269 
 840      3D736F66 
 840      74202D6D 
 840      61726368 
 841 021c 652D706F 		.ascii	"e-pointer -falign-functions=16 -fsingle-precision-c"
 841      696E7465 
 841      72202D66 
 841      616C6967 
 841      6E2D6675 
 842 024f 6F6E7374 		.ascii	"onstant -ffunction-sections -fdata-sections -fno-co"
 842      616E7420 
 842      2D666675 
 842      6E637469 
 842      6F6E2D73 
 843 0282 6D6D6F6E 		.ascii	"mmon -flto\000"
 843      202D666C 
 843      746F00
 844              	.LASF11:
 845 028d 75696E74 		.ascii	"uint32_t\000"
 845      33325F74 
 845      00
 846              	.LASF7:
 847 0296 6C6F6E67 		.ascii	"long int\000"
 847      20696E74 
 847      00
 848              	.LASF35:
 849 029f 73745F6C 		.ascii	"st_lld_get_alarm\000"
 849      6C645F67 
 849      65745F61 
 849      6C61726D 
 849      00
 850              	.LASF3:
 851 02b0 7369676E 		.ascii	"signed char\000"
 851      65642063 
 851      68617200 
 852              	.LASF24:
 853 02bc 5F426F6F 		.ascii	"_Bool\000"
 853      6C00
 854              	.LASF41:
 855 02c2 2F686F6D 		.ascii	"/home/kocur/wideband-2311-f0_addon/firmware/boards/"
 855      652F6B6F 
 855      6375722F 
ARM GAS  /tmp/ccQoEkYf.s 			page 18


 855      77696465 
 855      62616E64 
 856 02f5 66305F61 		.ascii	"f0_addon/bootloader\000"
 856      64646F6E 
 856      2F626F6F 
 856      746C6F61 
 856      64657200 
 857              	.LASF22:
 858 0309 43435852 		.ascii	"CCXR\000"
 858      00
 859              	.LASF42:
 860 030e 73744765 		.ascii	"stGetAlarm\000"
 860      74416C61 
 860      726D00
 861              		.section	.gnu.debuglto_.debug_line_str,"eMS",%progbits,1
 862              	.LASF52:
 863 0000 5F737464 		.ascii	"_stdint.h\000"
 863      696E742E 
 863      6800
 864              	.LASF44:
 865 000a 2F686F6D 		.ascii	"/home/kocur/wideband-2311-f0_addon/firmware/boards/"
 865      652F6B6F 
 865      6375722F 
 865      77696465 
 865      62616E64 
 866 003d 66305F61 		.ascii	"f0_addon/bootloader\000"
 866      64646F6E 
 866      2F626F6F 
 866      746C6F61 
 866      64657200 
 867              	.LASF55:
 868 0051 68616C5F 		.ascii	"hal_st_lld.h\000"
 868      73745F6C 
 868      6C642E68 
 868      00
 869              	.LASF53:
 870 005e 63687469 		.ascii	"chtime.h\000"
 870      6D652E68 
 870      00
 871              	.LASF54:
 872 0067 73746D33 		.ascii	"stm32_tim.h\000"
 872      325F7469 
 872      6D2E6800 
 873              	.LASF50:
 874 0073 2E2E2F2E 		.ascii	"../../../ChibiOS/os/hal/src/hal_st.c\000"
 874      2E2F2E2E 
 874      2F436869 
 874      62694F53 
 874      2F6F732F 
 875              	.LASF45:
 876 0098 2E2E2F2E 		.ascii	"../../../ChibiOS/os/hal/ports/STM32/LLD/TIMv1\000"
 876      2E2F2E2E 
 876      2F436869 
 876      62694F53 
 876      2F6F732F 
 877              	.LASF46:
 878 00c6 2E2E2F2E 		.ascii	"../../../ChibiOS/os/hal/src\000"
ARM GAS  /tmp/ccQoEkYf.s 			page 19


 878      2E2F2E2E 
 878      2F436869 
 878      62694F53 
 878      2F6F732F 
 879              	.LASF51:
 880 00e2 5F646566 		.ascii	"_default_types.h\000"
 880      61756C74 
 880      5F747970 
 880      65732E68 
 880      00
 881              	.LASF47:
 882 00f3 2E2E2F2E 		.ascii	"../../../ChibiOS/os/rt/include\000"
 882      2E2F2E2E 
 882      2F436869 
 882      62694F53 
 882      2F6F732F 
 883              	.LASF49:
 884 0112 2F686F6D 		.ascii	"/home/kocur/.rusefi-tools/arm-gnu-toolchain-11.3.re"
 884      652F6B6F 
 884      6375722F 
 884      2E727573 
 884      6566692D 
 885 0145 6C312D78 		.ascii	"l1-x86_64-arm-none-eabi/arm-none-eabi/include/sys\000"
 885      38365F36 
 885      342D6172 
 885      6D2D6E6F 
 885      6E652D65 
 886              	.LASF48:
 887 0177 2F686F6D 		.ascii	"/home/kocur/.rusefi-tools/arm-gnu-toolchain-11.3.re"
 887      652F6B6F 
 887      6375722F 
 887      2E727573 
 887      6566692D 
 888 01aa 6C312D78 		.ascii	"l1-x86_64-arm-none-eabi/arm-none-eabi/include/machi"
 888      38365F36 
 888      342D6172 
 888      6D2D6E6F 
 888      6E652D65 
 889 01dd 6E6500   		.ascii	"ne\000"
 890              	.LASF56:
 891 01e0 68616C5F 		.ascii	"hal_st.c\000"
 891      73742E63 
 891      00
 892              		.text
 893              		.section	.gnu.lto_.profile.e33fa58991065303,"e",%progbits
 894 0000 789C6362 		.ascii	"x\234cb\000\001\000\000\022\000\003"
 894      00010000 
 894      120003
 895              		.text
 896              		.section	.gnu.lto_.icf.e33fa58991065303,"e",%progbits
 897 0000 789C4B60 		.ascii	"x\234K`@\000N\206\356\276\243\253\371\331\230\030\230"
 897      40004E86 
 897      EEBEA3AB 
 897      F9D99818 
 897      98
 898 0011 18619871 		.ascii	"\030a\230q\363\204G\233\371\231\300\334\275\347\227"
 898      F384479B 
ARM GAS  /tmp/ccQoEkYf.s 			page 20


 898      F999C0DC 
 898      BDE797
 899 0020 9D626560 		.ascii	"\235be`\236\377\370g\014\003\313\331\233WW\263\201\305"
 899      9EFFF867 
 899      0C03CBD9 
 899      9B5757B3 
 899      81C5
 900 0032 59576E5E 		.ascii	"YWn^|\201\005\314d[uh\367e\0360\223\275\357s\307k>0"
 900      7C8105CC 
 900      645B7568 
 900      F7651E30 
 900      93BDEF73 
 901 004a 93A3EFFD 		.ascii	"\223\243\357\375\215\027l\014\014\000\372\031\033g"
 901      8D176C0C 
 901      0C00FA19 
 901      1B67
 902              		.text
 903              		.section	.gnu.lto_.ipa_sra.e33fa58991065303,"e",%progbits
 904 0000 789C4589 		.ascii	"x\234E\211\271\021\000 \014\303\344\230w\036\366\337"
 904      B9110020 
 904      0CC3E498 
 904      771EF6DF 
 905 0010 0D08056A 		.ascii	"\015\010\005j$\237\027\237\211\256$\034'e\345R\252\240"
 905      249F179F 
 905      89AE241C 
 905      2765E552 
 905      AAA0
 906 0022 FAEE863B 		.ascii	"\372\356\206;\036\230`\003\023,\000|"
 906      1E986003 
 906      132C007C 
 907              		.text
 908              		.section	.gnu.lto_.inline.e33fa58991065303,"e",%progbits
 909 0000 789C0B62 		.ascii	"x\234\013bd\200\003N\006\006\266\206\206\206\003L\251"
 909      6480034E 
 909      0606B686 
 909      8686034C 
 909      A9
 910 0011 8C0C4C20 		.ascii	"\214\014L V\003s\012D\250\201)\205\211\201\011\244\206"
 910      5603730A 
 910      44A88129 
 910      85898109 
 910      A486
 911 0023 91B01226 		.ascii	"\221\260\022&\006\026\260D\032#\210\337\010d\326a\230"
 911      0616B044 
 911      1A2388DF 
 911      0864D661 
 911      98
 912 0034 C2052299 		.ascii	"\302\005\"\231\031X\201\202\013\360)d\342\006\251\236"
 912      19588182 
 912      0BF02964 
 912      E206A99E 
 913 0044 E0C7C002 		.ascii	"\340\307\300\00254\005\250\226\011\254$\031]-+a%l\204"
 913      353405A8 
 913      9609AC24 
 913      195D2D2B 
 913      61256C84 
 914 0058 95B01356 		.ascii	"\225\260\023V\302A\244\273\031\030\000\212\275D\022"
ARM GAS  /tmp/ccQoEkYf.s 			page 21


 914      C241A4BB 
 914      1918008A 
 914      BD4412
 915              		.text
 916              		.section	.gnu.lto_.jmpfuncs.e33fa58991065303,"e",%progbits
 917 0000 789C458B 		.ascii	"x\234E\213\301\015\2000\020\303\234p\024xu\244\216\326"
 917      C10D8030 
 917      10C39C70 
 917      147875A4 
 917      8ED6
 918 0012 D5D8AC04 		.ascii	"\325\330\254\004\361\300R\036\226\234\301\317\205\244"
 918      F1C0521E 
 918      969CC1CF 
 918      85A4
 919 0020 690B1CDD 		.ascii	"i\013\034\335b\262]3\242\273D\266B\247`\377\332\006"
 919      62B25D33 
 919      A2BB44B6 
 919      42A760FF 
 919      DA06
 920 0032 079CEFFD 		.ascii	"\007\234\357\375\001\353\033\007\234"
 920      01EB1B07 
 920      9C
 921              		.text
 922              		.section	.gnu.lto_.pureconst.e33fa58991065303,"e",%progbits
 923 0000 789C05C1 		.ascii	"x\234\005\301\011\021\000 \020\304\260\005\312\347\001"
 923      09110020 
 923      10C4B005 
 923      CAE701
 924 000f E137554B 		.ascii	"\3417UK\362\222\334H\223^\214\002\231\262d\313)>SV\005"
 924      F292DC48 
 924      935E8C02 
 924      99B264CB 
 924      293E5356 
 925 0024 D2       		.ascii	"\322"
 926              		.text
 927              		.section	.gnu.lto_.ipa_modref.e33fa58991065303,"e",%progbits
 928 0000 789C5BC5 		.ascii	"x\234[\305\200\000\234\014\014\012\002\002\020\202\221"
 928      80009C0C 
 928      0C0A0202 
 928      108291
 929 000f 89198859 		.ascii	"\211\031\210Y\030\031\030\030Q\371`\025\014L\010\225"
 929      18191818 
 929      51F96015 
 929      0C4C0895 
 930 001f 0C0CCC8C 		.ascii	"\014\014\314\214\362\010^K\203\000\0136cX\261\011\262"
 930      F2085E4B 
 930      83000B36 
 930      6358B109 
 930      B2
 931 0030 61339B1D 		.ascii	"a3\233\035\233 \007\262\205\014\000\243O\006\340"
 931      9B2007B2 
 931      850C00A3 
 931      4F06E0
 932              		.text
 933              		.section	.gnu.lto_.lto.e33fa58991065303,"e",%progbits
 934 0000 0B000300 		.ascii	"\013\000\003\000\001\000\000\000"
 934      01000000 
ARM GAS  /tmp/ccQoEkYf.s 			page 22


 935              		.text
 936              		.section	.gnu.lto_st_lld_start_alarm.181.e33fa58991065303,"e",%progbits
 937 0000 789C7D50 		.ascii	"x\234}P=H#A\024~o6\033#\026\202\342q\205\205p\255\331"
 937      3D482341 
 937      147E6F36 
 937      1B231682 
 937      E2718585 
 938 0017 C91A10C1 		.ascii	"\311\032\020\301F\270;DP,b\037v\335\015Y.qt7\032D\216"
 938      46B83B44 
 938      502C621F 
 938      76DD0D59 
 938      2E717437 
 939 002e BC5C7185 		.ascii	"\274\\q\205\205\242\265\306\263S\020\304\316\037\324"
 939      85A2B5C6 
 939      B35310C4 
 939      CE1FD4
 940 003d 2510B852 		.ascii	"%\020\270R\016,\305C\301;m\025\024Tt\262\013\012\026"
 940      0E2CC543 
 940      C13B6D15 
 940      145474B2 
 940      0B0A16
 941 0050 0E338FF7 		.ascii	"\0163\217\367\275\357{\357\233\231\257\010\360\013\000"
 941      BDEF7BEF 
 941      9B99AF08 
 941      F00B00
 942 005f 3EC9830A 		.ascii	">\311\203\012\340\342\302,\003\"\352k`X^\230m\304=\014"
 942      E0E2C22C 
 942      0322EA6B 
 942      60585E98 
 942      6DC43D0C 
 943 0073 10428961 		.ascii	"\020B\211a\011W\025.\341]\355\302_\216n\320\021)W\000"
 943      0957152E 
 943      E15DEDC2 
 943      5F8E6ED0 
 943      11295700 
 944 0087 2508968A 		.ascii	"%\010\226\212\321V\214\310\330\206\035*\306~\"\304}"
 944      D1568CC8 
 944      D8861D2A 
 944      C67E22C4 
 944      7D
 945 0098 A2A3CB6D 		.ascii	"\242\243\313m\242F\370\276\213\245\035\334\226f\014"
 945      A246F8BE 
 945      8BA51DDC 
 945      96660C
 946 00a7 E7F0B70A 		.ascii	"\347\360\267\012\320\0246\312\012l\376Q}zx\232':\376"
 946      D01436CA 
 946      0A6CFE51 
 946      7D7A789A 
 946      273AFE
 947 00ba 878F5B91 		.ascii	"\207\217[\221(C\334\225DE\251\337\204\"H>\300\212\302"
 947      2843DC95 
 947      4445A9DF 
 947      8422483E 
 947      C08AC2
 948 00cd 425096E0 		.ascii	"BP\226\340\226\321\331\311\371G\270g\325\245\365v\351"
 948      96D1D9C9 
 948      F947B867 
ARM GAS  /tmp/ccQoEkYf.s 			page 23


 948      D5A5F576 
 948      E9
 949 00de 398310C4 		.ascii	"9\203\020\304@\242\342F=\371\337<}\200\373u\242{\225"
 949      40A2E246 
 949      3DF9DF3C 
 949      7D80FB75 
 949      A27B95
 950 00f1 28563CC4 		.ascii	"(V<\304I\200\036\231\256}\360|\354\224\306\012\013&"
 950      49801E99 
 950      AE7DF07C 
 950      EC94C60A 
 950      0B26
 951 0103 9D86936E 		.ascii	"\235\206\223n\326\332\337t\006}^\025'\000\242\002C\333"
 951      D6DADF74 
 951      067D5E15 
 951      2700A202 
 951      43DB
 952 0115 EBF7C535 		.ascii	"\353\367\3055\314\007b\006O\354\307\337\373\363X\360"
 952      CC076206 
 952      4FECC7DF 
 952      FBF358F0 
 953 0125 3715055F 		.ascii	"7\025\005__\002\320\317\263\"o\363obt\322\345E\307\262"
 953      5F02D0CF 
 953      B3226FF3 
 953      6F6274D2 
 953      E545C7B2 
 954 0139 4D63CC8A 		.ascii	"Mc\314\212w%u=\236I\244\015\313\022c<\343\270\371\242"
 954      7725753D 
 954      9E49A40D 
 954      CB12633C 
 954      E3B8F9A2 
 955 014d E1DADC14 		.ascii	"\341\332\334\024\206ky\374\2050\205(\344\204a\331.\364"
 955      866B79FC 
 955      85308528 
 955      E48461D9 
 955      2EF4
 956 015f 6A1A0FF7 		.ascii	"j\032\017\367\347\254c:\303).<\2365r|\\\270\005\217"
 956      E7AC633A 
 956      C3292E3C 
 956      9E35727C 
 956      5CB8058F 
 957 0173 A7468692 		.ascii	"\247F\206\222]|p\360\013\037\031\030\232\322\353L\332"
 957      5D7C70F0 
 957      0B1F1918 
 957      9AD2EB4C 
 957      DA
 958 0184 2BA47339 		.ascii	"+\244s9K\313B\203az\005'o\267\204UmT\313$t+\231\320"
 958      4BCB4283 
 958      617A0527 
 958      6FB78455 
 958      6D54CB24 
 959 019c 7BE019F4 		.ascii	"{\340\031\364\214\246\363"
 959      8CA6F3
 960              		.text
 961              		.section	.gnu.lto_st_lld_is_alarm_active.185.e33fa58991065303,"e",%progbits
 962 0000 789C454D 		.ascii	"x\234EMAK\002Q\020\236yoW\203~D\235\242\213\276T\352"
 962      414B0251 
ARM GAS  /tmp/ccQoEkYf.s 			page 24


 962      109E796F 
 962      57837E44 
 962      9DA28BBE 
 963 0016 D225288A 		.ascii	"\322%(\212@\351\240w\331mWvi\365\305\256&\035\304g!"
 963      40E9A077 
 963      D96D5776 
 963      69F5C5AE 
 963      261DC467 
 964 002b 8297B053 		.ascii	"\202\227\260S'\303n\201\320\241 J\010)\242S Q\367NB"
 964      27C36E81 
 964      D0A1204A 
 964      0829A253 
 964      2051F74E 
 965 0040 87CE0506 		.ascii	"\207\316\005\006\366v\205\032\346\033\276o\276a\276"
 965      F676851A 
 965      E61BBE6F 
 965      BE61BE
 966 004f 0100D425 		.ascii	"\001\000\324%\346$\220\002\036\267\232\004\204\020+"
 966      E6249002 
 966      1EB79A04 
 966      84102B
 967 005e 6182B556 		.ascii	"a\202\265V\363\251\375\260\216\327\030,\020\252\004"
 967      F3A9FDB0 
 967      8ED7182C 
 967      10AA04
 968 006d ABD8A1AC 		.ascii	"\253\330\241\254/\304\367\343\360\275\027\352^\015\004"
 968      2FC4F7E3 
 968      F0BD17EA 
 968      5E0D04
 969 007c AD426531 		.ascii	"\255Be1\016AM\003T\374G\022\027/j_\374\214\217\204x"
 969      0E414D03 
 969      54FC4712 
 969      172F6A5F 
 969      FC8C8F84 
 970 0091 1EE2C7A5 		.ascii	"\036\342\307\245\242\"\020B$\024 \322nS?E((\372\000"
 970      A2221042 
 970      241420D2 
 970      6E533F45 
 970      2828FA00 
 971 00a5 A7944C44 		.ascii	"\247\224LDM\212/\"\316\3020\"\367w\3473\024U\014\355"
 971      4D8A2F22 
 971      CEC23022 
 971      F777E733 
 971      14550CED 
 972 00b9 23043338 		.ascii	"#\00438Q\261\353\223\251\362-\336 ,u$-\365\320\223\037"
 972      51B1EB93 
 972      A9F22DDE 
 972      202C7524 
 972      2DF5D093 
 973 00ce 47E4F0A4 		.ascii	"G\344\360\244\361\251PB14\217\304\327\257\2157\244r"
 973      F1A95042 
 973      31348FC4 
 973      D7AF8D37 
 973      A472
 974 00e0 2335C098 		.ascii	"#5\300\230\034\314R\005\202l\374\317\006\330`\026\317"
 974      1CCC5205 
 974      826CFCCF 
ARM GAS  /tmp/ccQoEkYf.s 			page 25


 974      06D86016 
 974      CF
 975 00f1 9B6C876F 		.ascii	"\233l\207o\227\\V\266\015S\327\012F$\236\210\305\"\271"
 975      975C56B6 
 975      0D53D70A 
 975      46249E88 
 975      C522B9
 976 0104 85AC6618 		.ascii	"\205\254f\030\274\300r\266\233/k\256\311t\256\271\206"
 976      BCC072B6 
 976      9B2F6BAE 
 976      C974AEB9 
 976      86
 977 0115 C7FE0C9D 		.ascii	"\307\376\014\235\363\242\3035\303ta9\032e\223^\265l"
 977      F3A2C335 
 977      C3746139 
 977      1A65935E 
 977      B56C
 978 0127 DDDE4A33 		.ascii	"\335\336J3\3561Ks\330.w\213\036KgR\2118K&\327Xf3\265"
 978      EE314B73 
 978      D82E778B 
 978      1E4B6752 
 978      89384B26 
 979 0140 17F39DAC 		.ascii	"\027\363\235\254W\314:\216\021\265\340\027\306?s\017"
 979      57CC3A8E 
 979      11B5E017 
 979      C63F730F 
 980              		.text
 981              		.section	.gnu.lto_stInit.186.e33fa58991065303,"e",%progbits
 982 0000 789C6B66 		.ascii	"x\234kf``\310\007be fdf`\2344\261\213\211\241\241\241"
 982      6060C807 
 982      62652066 
 982      6466609C 
 982      34B18B89 
 983 0017 C1819D89 		.ascii	"\301\201\235\211\261qb\027'\343vF0\217\221\241\236\211"
 983      B1716217 
 983      27E37646 
 983      308F91A1 
 983      9E89
 984 0029 B19E7121 		.ascii	"\261\236q!\263>\220\373\343\350\263\206\215\022\015"
 984      B33E90FB 
 984      E3E8B386 
 984      8D120D
 985 0038 2B0E30BE 		.ascii	"+\0160\276b`\250g\200\002n\010\233\021\210\327_b=\320"
 985      6260A867 
 985      80026E08 
 985      9B1188D7 
 985      5F623DD0 
 986 004c F0E77F7F 		.ascii	"\360\347\177\177C\303\335G\2143\225\231\031\030\346"
 986      43C3DD47 
 986      8C339599 
 986      1918E6
 987 005b 31834C6D 		.ascii	"1\203Lm`al8\300\3000\237\231\011\302i\004r\27635<\332"
 987      60616C38 
 987      C0C0309F 
 987      9909C269 
 987      0472BE33 
 988 0072 788C91E1 		.ascii	"x\214\221\341/S\263\002C\027#Sm5\003\003\0233\303\177"
ARM GAS  /tmp/ccQoEkYf.s 			page 26


 988      2F53B302 
 988      43172353 
 988      6D350303 
 988      1333C37F 
 989 0086 A6A6079B 		.ascii	"\246\246\007\233\335\300\006\317cfD\350e`p\327\317\310"
 989      DDC006CF 
 989      636644E8 
 989      656070D7 
 989      CFC8
 990 0098 CF4DD5CF 		.ascii	"\317M\325\317\316O.-\322/\317LIMJ\314K\3215264\324M"
 990      CE4F2E2D 
 990      D22FCF4C 
 990      494D4ACC 
 990      4BD13532 
 991 00b0 33884F4C 		.ascii	"3\210OLI\311\317\323O\313,\312-O,J\325O\312O,J)\326"
 991      49C9CFD3 
 991      4FCB2CCA 
 991      2D4F2C4A 
 991      D54FCA4F 
 992 00c8 874B24E5 		.ascii	"\207K$\345\347\227\344\344'\246\244\0261\250\352\351"
 992      E797E4E4 
 992      27A6A416 
 992      31A8EAE9 
 993 00d8 E9439073 		.ascii	"\351C\220sFfR\246\177\260~~\261~Fb\216~qQ2\210\216/"
 993      466652A6 
 993      7FB07E7E 
 993      B17E4662 
 993      8E7E7151 
 994 00f0 2ED14B66 		.ascii	".\321Kf\000\000,EW\334"
 994      00002C45 
 994      57DC
 995              		.text
 996              		.section	.gnu.lto_stStartAlarm.187.e33fa58991065303,"e",%progbits
 997 0000 789C454E 		.ascii	"x\234EN=K\003A\020\235\331\273$\006;E\260\014\006\313"
 997      3D4B0341 
 997      109DD9BB 
 997      24063B45 
 997      B00C06CB 
 998 0014 DCE64C63 		.ascii	"\334\346Lc)\010ZZ\370\003\302^\366B\016\223\254\334"
 998      29085A5A 
 998      F803C25E 
 998      F6420E93 
 998      ACDC
 999 0026 45A288DC 		.ascii	"E\242\210\334D\254\256\221\370\003\"vvVB\214\012\327"
 999      44ACAE91 
 999      F8032276 
 999      7656428C 
 999      0AD7
 1000 0038 985AC41F 		.ascii	"\230Z\304\037 A,\254\004\361\013\224xI0\016\363\346"
 1000      20412CAC 
 1000      04F10B94 
 1000      7849300E 
 1000      F3E6
 1001 004a F1DE30C3 		.ascii	"\361\3360\303\353\002@\020!\035\0015\300\243f\300\200"
 1001      EB024010 
 1001      211D0135 
 1001      C0A366C0 
ARM GAS  /tmp/ccQoEkYf.s 			page 27


 1001      80
 1002 005b 8896120C 		.ascii	"\210\226\022\014\033\315 \211\2278T\010>C\037O4\036"
 1002      1BCD2089 
 1002      97385408 
 1002      3E431F4F 
 1002      341E
 1003 006d C9CF9BA7 		.ascii	"\311\317\233\247\227\363Y:\015\361\031\300\207a\305"
 1003      97F3593A 
 1003      0DF119C0 
 1003      8761C5
 1004 007c 303E8D7A 		.ascii	"0>\215z4g0\025\303\211M\310\204D\267\327m\242$\354u"
 1004      34673015 
 1004      C3894DC8 
 1004      8444B7D7 
 1004      6DA224EC 
 1005 0091 D0BFC036 		.ascii	"\320\277\3006\0020\334\276\327\001&Gg\221\001gw\261"
 1005      0230DCBE 
 1005      D7012647 
 1005      67910167 
 1005      77B1
 1006 00a3 90BEFB87 		.ascii	"\220\276\373\207Do\217x\225\326\031b'\362[\332 \005"
 1006      446F8F78 
 1006      95D61962 
 1006      27F25BDA 
 1006      2005
 1007 00b5 E94821C0 		.ascii	"\351H!\300\261\306F\242\021\211\017F\275\327.\016xn"
 1007      B1C646A2 
 1007      11890F46 
 1007      BDD72E0E 
 1007      786E
 1008 00c7 3C7AEF71 		.ascii	"<z\357q\370a\007)\010\220\355\356\000h\214\351\320g"
 1008      F8610729 
 1008      0890EDEE 
 1008      00688CE9 
 1008      D067
 1009 00d9 FB0F5F2B 		.ascii	"\373\017_+\303t-\015\377\337\001\254\362\222\252\330"
 1009      C3742D0D 
 1009      FFDF01AC 
 1009      F292AAD8 
 1010 00e9 7C4315B6 		.ascii	"|C\025\266\\^w\244m\211\252\314,\344L3S\314\346\205"
 1010      5C5E77A4 
 1010      6D89AACC 
 1010      2CE44C33 
 1010      53CCE685 
 1011 00fd 94AACA8B 		.ascii	"\224\252\312\213\216[\251\013\327\346\226\022\256\364"
 1011      8E5BA90B 
 1011      D7E69612 
 1011      AEF4
 1012 010b F8786129 		.ascii	"\370xa)U++!m\027\346\015\203\217z\271\344X\316\332:"
 1012      552B2B21 
 1012      6D17E60D 
 1012      838F7AB9 
 1012      E458CEDA 
 1013 0120 571E2F89 		.ascii	"W\036/\2112\367\334\302\200\363^\315(@BX^\315\251\330"
 1013      32F7DCC2 
 1013      80F35ECD 
 1013      28404258 
ARM GAS  /tmp/ccQoEkYf.s 			page 28


 1013      5ECDA9D8 
 1014 0134 537F8E51 		.ascii	"S\177\216Q\314\2322\2275\027\341\027\321rs\222"
 1014      CC9A3297 
 1014      3517E117 
 1014      D1727392 
 1015              		.text
 1016              		.section	.gnu.lto_stStopAlarm.188.e33fa58991065303,"e",%progbits
 1017 0000 789C7BCE 		.ascii	"x\234{\316\300\300\260\032\210\225\201\230\221\231\201"
 1017      C0C0B01A 
 1017      88958198 
 1017      919981
 1018 000f 71D2C42E 		.ascii	"q\322\304.&\206\206\206\006\007v&\306\306\211]\234\214"
 1018      26868686 
 1018      06077626 
 1018      C6C6895D 
 1018      9C8C
 1019 0021 DB19C13C 		.ascii	"\333\031\301<F\206z&\306z\306\205\314\372@\356\217\243"
 1019      46867A26 
 1019      C67AC685 
 1019      CCFA40EE 
 1019      8FA3
 1020 0033 CF2EEC94 		.ascii	"\317.\354\224hXq\200\361\025\003C=\003\024p\203\331"
 1020      68587180 
 1020      F1150343 
 1020      3D031470 
 1020      83D9
 1021 0045 8CAC8C40 		.ascii	"\214\254\214@F\355NF\006 \003\244\366\271!\303\016\306"
 1021      46ED4E46 
 1021      062003A4 
 1021      F6B921C3 
 1021      0EC6
 1022 0057 5A90EC2E 		.ascii	"Z\220\354.F\240(#P\345\372K\254\007\032\376\374\357"
 1022      46A02823 
 1022      50E5FA4B 
 1022      AC071AFE 
 1022      FCEF
 1023 0069 6F68782F 		.ascii	"ohx/\263c\3167\016f\006\206y\314 [\033X\030\033\016"
 1023      B363CE37 
 1023      0E660686 
 1023      79CC205B 
 1023      1B58181B 
 1024 007e 3030CC67 		.ascii	"00\314gf\202p\232\201\234\357L\015\217\346\037g\004"
 1024      6682709A 
 1024      819CEF4C 
 1024      0D8FE61F 
 1024      6704
 1025 0090 D19F17F6 		.ascii	"\321\237\027\366\317x\366@\010d\014X\364\331\014F\306"
 1025      CF78F640 
 1025      08640C58 
 1025      F4D90C46 
 1025      C6
 1026 00a1 5D8C0CBF 		.ascii	"]\214\014\277\231\016}Y!\316\312\310V\015\262\024H\202"
 1026      990E7D59 
 1026      21CECAC8 
 1026      560DB214 
 1026      4882
 1027 00b3 35B332AE 		.ascii	"5\2632\256ad\250\334\313\270\207\221\301laC\303\013"
ARM GAS  /tmp/ccQoEkYf.s 			page 29


 1027      6164A8DC 
 1027      CBB88791 
 1027      C16C6143 
 1027      C30B
 1028 00c5 FEF27D8C 		.ascii	"\376\362}\214\245@7\260\025\003\235\360\237\251\351"
 1028      A54037B0 
 1028      15039DF0 
 1028      9FA9E9
 1029 00d4 C3CB9E0D 		.ascii	"\303\313\236\015\3079\200\376\003;~\0363D\027c\323\001"
 1029      C73980FE 
 1029      033B7E1E 
 1029      33441763 
 1029      D301
 1030 00e6 10D75D3F 		.ascii	"\020\327]?#?7U?;?\271\264H\277<3%5)1/E\327\310\330\320"
 1030      233F3755 
 1030      3F3B3FB9 
 1030      B448BF3C 
 1030      33253529 
 1031 0101 5037CD20 		.ascii	"P7\315 >1%%?O?-\263(\267<\261(U?)?\261(\245X\037.\221"
 1031      3E312525 
 1031      3F4F3F2D 
 1031      B328B73C 
 1031      B128553F 
 1032 011e 949F5F92 		.ascii	"\224\237_\222\223\237\230\222Z\304\240\252\247\247\017"
 1032      939F9892 
 1032      5AC4A0AA 
 1032      A7A70F
 1033 012d 41CE1999 		.ascii	"A\316\031\231I\231\376\301\372\371\305\372\031\2119"
 1033      4999FEC1 
 1033      FAF9C5FA 
 1033      198939
 1034 013c FAC545C9 		.ascii	"\372\305E\311 :\276\270D/\231\301\032\227\252\202\374"
 1034      203ABEB8 
 1034      442F99C1 
 1034      1A97AA82 
 1034      FC
 1035 014d A29262FD 		.ascii	"\242\222b\375\340\020_c#}\037\037\027\375\020O\3372"
 1035      E0105F63 
 1035      237D1F1F 
 1035      17FD104F 
 1035      DF32
 1036 015f 43A8BEF8 		.ascii	"C\250\276\370\234\234\024\275\014\006\000\253<\216\036"
 1036      9C9C14BD 
 1036      0C0600AB 
 1036      3C8E1E
 1037              		.text
 1038              		.section	.gnu.lto_stSetAlarm.189.e33fa58991065303,"e",%progbits
 1039 0000 789C7550 		.ascii	"x\234uPMh\023A\024~\337n\326\264\364 T,\036D\202\342"
 1039      4D681341 
 1039      147EDF6E 
 1039      D6B4F420 
 1039      542C1E44 
 1040 0016 49B3936D 		.ascii	"I\263\223m@\012z\020\024\252\320\342\241\275\207M6!"
 1040      400A7A10 
 1040      14AAD0E2 
 1040      A1BD874D 
 1040      3621
ARM GAS  /tmp/ccQoEkYf.s 			page 30


 1041 0028 8B49B7EE 		.ascii	"\213I\267\356\246\215\022$c*\036BA*\036<\204JOV(TP\244"
 1041      A68D1224 
 1041      632A1E42 
 1041      412A1E3C 
 1041      844A4F56 
 1042 0040 B6365D5A 		.ascii	"\2666]Zc/\036\304\223 \326\222C\360\007A\361\320\202"
 1042      632F1EC4 
 1042      9320D692 
 1042      43F00741 
 1042      F1D082
 1043 0053 629DD968 		.ascii	"b\235\331hn\0163\357\315\367\336|\337\274\367\246A\364"
 1043      6E0E33EF 
 1043      CDF7DE7C 
 1043      DFBCF7A6 
 1043      41F4
 1044 0065 92888E89 		.ascii	"\222\210\216\211\003\225pg\246\252\020\347\374lX\301"
 1044      03957067 
 1044      A6AA10E7 
 1044      FC6C58C1 
 1045 0075 8D996A37 		.ascii	"\215\231j7V\020 PYA\031s*\023p\267\321z\264z\210\317"
 1045      56102050 
 1045      59411973 
 1045      2A1370B7 
 1045      D17AB47A 
 1046 008b FBF84C54 		.ascii	"\373\370LT\246`i\330w\000!a\017\"\242\241k\234\242>"
 1046      A66069D8 
 1046      77002161 
 1046      0F22A2A1 
 1046      6B9CA23E 
 1047 009f E7AF5796 		.ascii	"\347\257W\2268\357\246\353\313(?\303\222\370J\301\325"
 1047      38EFA6EB 
 1047      CB283FC3 
 1047      92F84AC1 
 1047      D5
 1048 00b0 C510514F 		.ascii	"\305\020QO@\203\006q)\255B\220\345\353\335\247\325\205"
 1048      40830671 
 1048      29AD4290 
 1048      E5EBDDA7 
 1048      D585
 1049 00c2 C7671A53 		.ascii	"\307g\032S\374\202 \224\002B\035\202\361@\323pB\346"
 1049      FC822094 
 1049      02421D82 
 1049      F140D370 
 1049      42E6
 1050 00d4 9FDCFAB2 		.ascii	"\237\334\372\262\201\032\367oF:\212u\004\177\367\310"
 1050      811AF76F 
 1050      463A8A75 
 1050      047FF7C8 
 1051 00e4 AA768C35 		.ascii	"\252v\2145\320s\224\244\274\017!+s\213o4\237\377\332"
 1051      D07394A4 
 1051      BC0F212B 
 1051      738B6F34 
 1051      9FFFDA
 1052 00f7 BBCDF987 		.ascii	"\273\315\371\207#\257j\277\273B\012\260,\022\263\252"
 1052      23AF6ABF 
 1052      BB420AB0 
 1052      2C12B3AA 
ARM GAS  /tmp/ccQoEkYf.s 			page 31


 1053 0107 6C9387C0 		.ascii	"l\223\207\300}\242\373\252\322\006S\002\354(\274\371"
 1053      7DA2FBAA 
 1053      D2065302 
 1053      EC28BCF9 
 1054 0117 6E13D21F 		.ascii	"n\023\322\037\355\230\346VX\270J\004u\250\212\014\374"
 1054      ED98E656 
 1054      58B84A04 
 1054      75A88A0C 
 1054      FC
 1055 0128 F87AF76D 		.ascii	"\370z\367mk\273\027k\301\303\346\373\326=\300\007\375"
 1055      6BBB176B 
 1055      C1C3E6FB 
 1055      D63DC007 
 1055      FD
 1056 0139 54D66B0F 		.ascii	"T\326k\017\017\2131\\\223]\011\033\350jX\000\0257\260"
 1056      0F8B315C 
 1056      935D091B 
 1056      E86A5800 
 1056      1537B0
 1057 014c 2E83A7E6 		.ascii	".\203\247\3468\377\270\177\342\005<Q\345\200\000\363"
 1057      38FFB87F 
 1057      E2053C51 
 1057      E58000F3 
 1058 015c 7D571A38 		.ascii	"}W\0328)k\016\244+\337>Mom\312\311Cv\267\247T\266\277"
 1058      296B0EA4 
 1058      2BDF3E4D 
 1058      6F6DCAC9 
 1058      4376B7A7 
 1059 0173 0F06339E 		.ascii	"\017\0063\236U\333r\250\370\022\016\262\254\223O\263"
 1059      55DB72A8 
 1059      F8120EB2 
 1059      AC934FB3 
 1060 0183 CB4E6AC2 		.ascii	"\313Nj\302eE\333J'\3151+\332\0377\214h&\2260-\313\031"
 1060      6545DB4A 
 1060      27CD312B 
 1060      DA1F378C 
 1060      68269630 
 1061 019a 6319DBCD 		.ascii	"c\031\333\315\027M7\315\222\216\351Z\036\353$\222\216"
 1061      174D37CD 
 1061      928EE95A 
 1061      1EEB2492 
 1061      8E
 1062 01ab 53C839A6 		.ascii	"S\3109\246\225v\351\270\256\263\366>\227\265\223\366"
 1062      9576E9B8 
 1062      AEB3F63E 
 1062      97B593F6 
 1063 01bb A511E678 		.ascii	"\245\021\346x,k\346\230\347\246\244Ox\005=Ea3\351\025"
 1063      2C6BE698 
 1063      E7A6A44F 
 1063      78053D45 
 1063      6133E915 
 1064 01cf EC7CBAF7 		.ascii	"\354|\272\367_D\317\304\014+\0363\006\350\364\377\004"
 1064      5F44CFC4 
 1064      0C2B1E33 
 1064      06E8F4FF 
 1064      04
 1065 01e0 C61DB7E0 		.ascii	"\306\035\267\340\261\221\321\341x?\033\032:\317F/\016"
ARM GAS  /tmp/ccQoEkYf.s 			page 32


 1065      B191D1E1 
 1065      783F1B1A 
 1065      3ACF462F 
 1065      0E
 1066 01f1 4F1A7F25 		.ascii	"O\032\177%\023\271\234\245g\351\017\014)\315\257"
 1066      13B99CA5 
 1066      67E90F0C 
 1066      29CDAF
 1067              		.text
 1068              		.section	.gnu.lto_stGetAlarm.190.e33fa58991065303,"e",%progbits
 1069 0000 789C7550 		.ascii	"x\234uPMKBA\024\275w\236\026\025\255\242M\253\210\276"
 1069      4D4B4241 
 1069      14BD779E 
 1069      1615ADA2 
 1069      4DAB88BE 
 1070 0014 16EA6441 		.ascii	"\026\352dA\004m\202\202\012\224\026\266\227\247\317"
 1070      046D8282 
 1070      0A9416B6 
 1070      97A7CF
 1071 0023 50B2A6DE 		.ascii	"P\262\246\336\323\\\2108\025m\2440\203 (\014[DQP\213"
 1071      D35C8838 
 1071      156DA430 
 1071      8320280C 
 1071      5B445150 
 1072 0038 A02FA957 		.ascii	"\240/\251W\020E\273\372\003\201\213>vA\213\202\002\233"
 1072      1045BBFA 
 1072      03818B3E 
 1072      76418B82 
 1072      029B
 1073 004a C968D730 		.ascii	"\311h\3270s\357=\347\336{8L\035\002\354\000@\263x\250"
 1073      73EF3DE7 
 1073      DE7B384C 
 1073      1D02EC00 
 1073      40B378A8 
 1074 005e 002E6552 		.ascii	"\000.eR\0048\347=\345\004\2473\251\342\326\201\005\217"
 1074      0438E73D 
 1074      E504A733 
 1074      A9E2D681 
 1074      058F
 1075 0070 F1874048 		.ascii	"\361\207@H\022LbN\261bY\015ZD\254\305zjr\376q\365\270"
 1075      124C624E 
 1075      B162590D 
 1075      5A44ACC5 
 1075      7A6A72FE 
 1076 0087 7F67BB98 		.ascii	"\177g\273\230\235\033HB\342\010\017\205\244<U\000\011"
 1076      9D1B4842 
 1076      E2080F85 
 1076      A43C5500 
 1076      09
 1077 0098 216A4551 		.ascii	"!jEQ\304O\021D!t>\2567\0248\301\270l\347Q\320rz\357"
 1077      C44F1144 
 1077      21743EAE 
 1077      371438C1 
 1077      B86CE751 
 1078 00b0 DE6AF2AF 		.ascii	"\336j\362\257b\232\363\207\326\374\332f\205B\200(\000"
 1078      629AF387 
 1078      D6FCDA66 
ARM GAS  /tmp/ccQoEkYf.s 			page 33


 1078      85428028 
 1078      00
 1079 00c1 59455AE1 		.ascii	"YEZ\341\026\344&\300\272BJ`V\200w\302\013\253\267(s"
 1079      16E426C0 
 1079      BA424A60 
 1079      568077C2 
 1079      0BABB728 
 1080 00d6 C35F2864 		.ascii	"\303_(d+ez\313\245\027\237nj\244\266$\227\237V\020\363"
 1080      2B657ACB 
 1080      A5179F6E 
 1080      6AA4B624 
 1080      979F5610 
 1081 00eb 089FE4F2 		.ascii	"\010\237\344\362~\273Z!\302wL\232\021\361G\317\212\273"
 1081      7EBB5A21 
 1081      C2774C9A 
 1081      11F147CF 
 1081      8ABB
 1082 00fd 08D1733C 		.ascii	"\010\321s<\223dg\216\363\347F\303\304Ia\256K\200\255"
 1082      9364678E 
 1082      F3E746C3 
 1082      C44961AE 
 1082      4B80AD
 1083 0110 16768136 		.ascii	"\026v\2016i\025\212d\346\365e>\233Z@\361#\302!H\203"
 1083      69158A64 
 1083      E6F5653E 
 1083      9B5A40F1 
 1083      23C22148 
 1084 0125 250D9C31 		.ascii	"%\015\2341%\354\247A6\026\240\243\314\037\325i,\244"
 1084      25ECA741 
 1084      3616A0A3 
 1084      CC1FD569 
 1084      2CA4
 1085 0137 057CEAB8 		.ascii	"\005|\352\270fo\357p:\355#m^U\323\3308\035\011\351c"
 1085      666FEF70 
 1085      3AED236D 
 1085      5E55D3D8 
 1085      381D09E9 
 1086 014c 31550F50 		.ascii	"1U\017P\037Su\315\240\177\015\037c\2210S\265\200\016"
 1086      1F5375CD 
 1086      A07F0D1F 
 1086      63913053 
 1086      B5800E
 1087 015f 4D0E072D 		.ascii	"M\016\007-\335\336`\310\027\032\362Pf\320\240\032\246"
 1087      DDDE60C8 
 1087      171AF250 
 1087      66D0A01A 
 1087      A6
 1088 0170 86EE97D9 		.ascii	"\206\356\227\331kD\034~\350\376oj\202\351\021\203z\206"
 1088      6B441C7E 
 1088      E8FE6F6A 
 1088      82E91183 
 1088      7A86
 1089 0182 DD1DEDD4 		.ascii	"\335\035\355\324\345\352\243\303\203\356)\347\357\236"
 1089      E5EAA3C3 
 1089      83EE29E7 
 1089      EF9E
 1090 0190 371CD61C 		.ascii	"7\034\326\034A\370\006\360R\234\035"
ARM GAS  /tmp/ccQoEkYf.s 			page 34


 1090      41F806F0 
 1090      529C1D
 1091              		.text
 1092              		.section	.gnu.lto_stGetCounter.191.e33fa58991065303,"e",%progbits
 1093 0000 789C754F 		.ascii	"x\234uOM(DQ\024>\347\336\031\222\254&{\013,d\346\032"
 1093      4D284451 
 1093      143EE7DE 
 1093      1992AC26 
 1093      7B0B2C64 
 1094 0016 CAC64651 		.ascii	"\312\306FQ(\223\305\330Oo\346\215\346\345\231\313{3"
 1094      2893C5D8 
 1094      4F6FE68D 
 1094      E6E599CB 
 1094      7B33
 1095 0028 6621CD45 		.ascii	"f!\315E6\023Mce!\032;F\241\224\337\306\243\224\265b"
 1095      36134D63 
 1095      65211A3B 
 1095      46A194DF 
 1095      C6A394B5 
 1096 003d 21A528B1 		.ascii	"!\245(\261\242,(j\334;#;\267{\316=\3379\347\373\316"
 1096      A22C286A 
 1096      DC3B233B 
 1096      B77BCE3D 
 1096      DF39E7FB 
 1097 0052 B91F0050 		.ascii	"\271\037\000P\220\326,\015)\340R.C@\010\321]Mp&\227"
 1097      90D62C0D 
 1097      29E0522E 
 1097      434008D1 
 1097      5D4D7026 
 1098 0067 79DDDC73 		.ascii	"y\335\334s\341!\226\023\010i\202i\314S7Vy\320%}=60G"
 1098      E1219613 
 1098      08698269 
 1098      CC533756 
 1098      79D0257D 
 1099 007f 88CF8BA7 		.ascii	"\210\317\213\247\235\353\326\263\271\371\3764L\037\340"
 1099      9DEBD6B3 
 1099      B9F9FE34 
 1099      4C1FE0
 1100 008e 3E42F9D4 		.ascii	">B\371\324\002LKQ7\312`\352\030A\006R\347\363f\235\302"
 1100      024C4B51 
 1100      37CA60EA 
 1100      18410652 
 1100      E7F3669D 
 1101 00a3 114EA9F2 		.ascii	"\021N\251\362\011\312\264\352\336\276r;\342\273\224"
 1101      09CAB4EA 
 1101      DEBE723B 
 1101      E2BB94
 1102 00b2 15E2BEA5 		.ascii	"\025\342\276\245xW\250\241\004\010\005X\245j\025\341"
 1102      7857A8A1 
 1102      04080558 
 1102      A56A15E1 
 1103 00c2 42E100AC 		.ascii	"B\341\000\254QR\001s\022|\020\261^\255\374{>\273\362"
 1103      51520173 
 1103      127C10B1 
 1103      5EADFC7B 
 1103      3EBBF2
 1104 00d5 78E95142 		.ascii	"x\351QB\022=\354>.#\236 |\221\363\342F\035%r\311\224"
ARM GAS  /tmp/ccQoEkYf.s 			page 35


 1104      123DEC3E 
 1104      2E239E20 
 1104      7C91F3E2 
 1104      461D2572 
 1105 00eb 9A2C7D99 		.ascii	"\232,}\231\354\306-\204\344)\026\021:\363B<7\332\016"
 1105      ECC62D84 
 1105      E4291611 
 1105      3AF3423C 
 1105      37DA0E
 1106 00fe 4EC83DA0 		.ascii	"N\310=\240Df\337^\026n3\213(\277+\307\203\232^\341\340"
 1106      4466DF5E 
 1106      166E338B 
 1106      28BF2BC7 
 1106      839A5EE1 
 1107 0113 ACA3601F 		.ascii	"\254\243`\037\213\361\261(\033\345\221\244\305R\206"
 1107      8BF1B128 
 1107      1BE591A4 
 1107      C55286
 1108 0122 1E0D6B71 		.ascii	"\036\015kq\335\333\336\341\367{G\332B\232\256\3638\033"
 1108      DDDBDEE1 
 1108      F77B47DA 
 1108      429AAEF3 
 1108      381B
 1109 0134 31ACB194 		.ascii	"1\254\261\224fEY\230k\226n\263\277B\230\363\204\311"
 1109      66455998 
 1109      6B966EB3 
 1109      BF4298F3 
 1109      84C9
 1110 0146 353D6A41 		.ascii	"5=jA\223\317\307*\267'f\204\215\241 \3436\213i&\263"
 1110      93CFC72A 
 1110      B7276684 
 1110      8DA120E3 
 1110      368B6926 
 1111 015b AD887A43 		.ascii	"\255\210zCv\302\027\201\256\377\272\306\271\225\260"
 1111      76C21781 
 1111      AEFFBAC6 
 1111      B995B0
 1112 016a 597038D0 		.ascii	"Yp8\320\321\316\006\007{\331\360@`\322\377\313\013\231"
 1112      D1CE0607 
 1112      7BD9F040 
 1112      60D2FFCB 
 1112      0B99
 1113 017c A6EE8BC1 		.ascii	"\246\356\213\301\017\023\207\220\357"
 1113      0F138790 
 1113      EF
 1114              		.text
 1115              		.section	.gnu.lto_stIsAlarmActive.192.e33fa58991065303,"e",%progbits
 1116 0000 789C6B65 		.ascii	"x\234ke``\310\007b5 fdf`\2344\261\213\211\241\241\241"
 1116      6060C807 
 1116      62352066 
 1116      6466609C 
 1116      34B18B89 
 1117 0017 C1819D89 		.ascii	"\301\201\235\211\261qb\327\3755[X\030\2673\202\005\030"
 1117      B17162D7 
 1117      FD355B58 
 1117      18B73382 
 1117      0518
ARM GAS  /tmp/ccQoEkYf.s 			page 36


 1118 0029 19EA9918 		.ascii	"\031\352\231\030\353\031\0272\353\037hh\370q\364\331"
 1118      EB191732 
 1118      EB1F6868 
 1118      F871F4D9 
 1119 0039 849B12B3 		.ascii	"\204\233\022\263V\034`\254g\25055b\000\003n\006\206"
 1119      561C60AC 
 1119      67A83535 
 1119      6200036E 
 1119      0686
 1120 004b 5A903940 		.ascii	"Z\2209@\274\376\022\353\201\206?\377\373\033\032\236"
 1120      BCFE12EB 
 1120      81863FFF 
 1120      FB1B1A9E 
 1121 005b 3E663CA3 		.ascii	">f<\243\312\302\314\300\004\024\235\307\0142\273\201"
 1121      CAC2CCC0 
 1121      04149DC7 
 1121      0C32BB81 
 1122 006b 85B1E100 		.ascii	"\205\261\341\000\003\303|f&\010\247\021\310\371\316"
 1122      03C37C66 
 1122      2608A711 
 1122      C8F9CE
 1123 007a D4B0889D 		.ascii	"\324\260\210\235\341/S\363\002Sf\346.F\246\352J\006"
 1123      E12F53F3 
 1123      025366E6 
 1123      2E46A6EA 
 1123      4A06
 1124 008c 06261686 		.ascii	"\006&\026\206\377LM\012\314\314\014`\255\214\010\255"
 1124      FF4C4D0A 
 1124      CCCC0C60 
 1124      AD8C08AD 
 1125 009c 0C0CEEFA 		.ascii	"\014\014\356\372\031\371\271\251\372\331\371\311\245"
 1125      19F9B9A9 
 1125      FAD9F9C9 
 1125      A5
 1126 00a9 45FAE599 		.ascii	"E\372\345\231)\251I\211y)\272F\306\206\206\272i\006"
 1126      29A94989 
 1126      7929BA46 
 1126      C68686BA 
 1126      6906
 1127 00bb F1892929 		.ascii	"\361\211))\371y\372i\231E\271\345\211E\251\372I\371"
 1127      F979FA69 
 1127      9945B9E5 
 1127      8945A9FA 
 1127      49F9
 1128 00cd 894529C5 		.ascii	"\211E)\305\372p\211\244\374\374\222\234\374\304\224"
 1128      FA7089A4 
 1128      FCFC929C 
 1128      FCC494
 1129 00dc D4220655 		.ascii	"\324\"\006U==}\010r\316\310L\312\364\017\326\317/\326"
 1129      3D3D7D08 
 1129      72CEC84C 
 1129      CAF40FD6 
 1129      CF2FD6
 1130 00ef CF48CCD1 		.ascii	"\317H\314\321/.J\006\321\361\305%z\311\014\000\372)"
 1130      2F2E4A06 
 1130      D1F1C525 
 1130      7AC90C00 
ARM GAS  /tmp/ccQoEkYf.s 			page 37


 1130      FA29
 1131 0101 583D     		.ascii	"X="
 1132              		.text
 1133              		.section	.gnu.lto_.symbol_nodes.e33fa58991065303,"e",%progbits
 1134 0000 789C75CE 		.ascii	"x\234u\316\311\015\302P\020\003P;\023 d\241\005$JA\364"
 1134      C90DC250 
 1134      1003503B 
 1134      132064A1 
 1134      05244A41 
 1135 0015 E5FF3BA0 		.ascii	"\345\377;\240\206\364\220CB \320\000-A\266\013\322\340"
 1135      86F49043 
 1135      4220D000 
 1135      2D41B60B 
 1135      D2E0
 1136 0027 93A5678D 		.ascii	"\223\245g\215\346D\000ICm\302\230\224\3277 \240\015"
 1136      E6440049 
 1136      436DC298 
 1136      94D73720 
 1136      A00D
 1137 0039 31069BA8 		.ascii	"1\006\233\250\245\266\177\250\243v?\324\2058\237\273"
 1137      A5B67FA8 
 1137      A3763FD4 
 1137      85389FBB 
 1138 0049 51990B3D 		.ascii	"Q\231\013=\265w\341N\345.<\250\302\205\201*]xR\225\007"
 1138      B577E14E 
 1138      E52E3CA8 
 1138      C285812A 
 1138      5D785295 
 1139 005e 7C5187CF 		.ascii	"|Q\207\317\232\343\214\300\270\233\314\222\365\255\213"
 1139      9AE38CC0 
 1139      B89BCC92 
 1139      F5AD8B
 1140 006d 199656D3 		.ascii	"\031\226V\3232.\365\214/u!S\321"
 1140      322EF58C 
 1140      2F752153 
 1140      D1
 1141              		.text
 1142              		.section	.gnu.lto_.refs.e33fa58991065303,"e",%progbits
 1143 0000 789C6364 		.ascii	"x\234cd\000\002\000\000\012\000\002"
 1143      00020000 
 1143      0A0002
 1144              		.text
 1145              		.section	.gnu.lto_.decls.e33fa58991065303,"e",%progbits
 1146 0000 789C9556 		.ascii	"x\234\225VmPSW\032>\347\344\006O B\320\332\262\235\356"
 1146      6D505357 
 1146      1A3EE7E4 
 1146      064F2042 
 1146      D0DAB29D 
 1147 0015 2C5DDB29 		.ascii	",]\333)\355\016$\201\321\335\331\376\2506:\2563\322"
 1147      ED0E2481 
 1147      D1DDD9FE 
 1147      A8363AAE 
 1147      33D2
 1148 0027 EE043BB3 		.ascii	"\356\004;\263\263?6\023!\226L\201\260I\324\356\314\376"
 1148      B33F3613 
 1148      21964C81 
 1148      B049D4EE 
ARM GAS  /tmp/ccQoEkYf.s 			page 38


 1148      CCFE
 1149 0039 38408414 		.ascii	"8@\204\024\260$\225\2651#\032p\353'\265\260\264\335"
 1149      B02495B5 
 1149      31231A70 
 1149      EB27B5B0 
 1149      B4DD
 1150 004b 825F5788 		.ascii	"\202_W\210.Z\353\262v\375\350\266uAj\227*\025\260\256"
 1150      2E5AEBB2 
 1150      76FDE8B6 
 1150      75416A97 
 1150      2A15B0AE 
 1151 005f 52ADD2F7 		.ascii	"R\255\322\367\334{r!l;\263exr\317=\317\363>\357\373"
 1151      DC7B7221 
 1151      6C3BB365 
 1151      7872CF3D 
 1151      CFF33EEF 
 1152 0074 9E7BEE49 		.ascii	"\236{\356I6\033\020j\"\0105b\204\246\340/\025!\364!"
 1152      361B106A 
 1152      22083562 
 1152      84A6E02F 
 1152      1521F421 
 1153 0088 2003F01E 		.ascii	" \003\360\036\000\301<\341\034\014\373\000\2510\316"
 1153      00C13CE1 
 1153      1C0CFB00 
 1153      A930CE
 1154 0097 043C0078 		.ascii	"\004<\000x\020\220\005x\030\360c\300O\000\217\002\026"
 1154      10900578 
 1154      18F063C0 
 1154      4F008F02 
 1154      16
 1155 00a8 02168067 		.ascii	"\002\026\200g\252\320\363x$<\316\002\356\011\257[\200"
 1155      AAD0F378 
 1155      243CCE02 
 1155      EE09AF5B 
 1155      80
 1156 00b9 01C00460 		.ascii	"\001\300\004`!\350\347\3005]\370?\201\246c\372\204\346"
 1156      21E8E7C0 
 1156      355DF83F 
 1156      81A663FA 
 1156      84E6
 1157 00cb 49D04848 		.ascii	"I\320HH\315\375\230\3103\037\220\013\363z\244\326\303"
 1157      CDFD98C8 
 1157      331F900B 
 1157      F37AA4D6 
 1157      C3
 1158 00dc 733D8ED5 		.ascii	"s=\216\325\274\006\200U\370\362:\237\300\377\353\311"
 1158      BC068055 
 1158      F8F23A9F 
 1158      C0FFEBC9 
 1159 00ec F32F020D 		.ascii	"\363/\002\015Ej\037<\376\311\357\251\367i\320\301r)"
 1159      456A1F3C 
 1159      FEC9EFA9 
 1159      F769D0C1 
 1159      7229
 1160 00fe 1ADEEFCF 		.ascii	"\032\336\357\317f\3259S\373\214\360$b]r\277\243\247"
 1160      66D53953 
 1160      FB8CF024 
ARM GAS  /tmp/ccQoEkYf.s 			page 39


 1160      625D72BF 
 1160      A3A7
 1161 0110 51804DD4 		.ascii	"Q\200M\324\236.\326.O\364o\002\244\314\307R\312\002"
 1161      9E2ED62E 
 1161      4FF46F02 
 1161      A4CCC752 
 1161      CA02
 1162 0122 9C2D912D 		.ascii	"\234-\221-\267\303y\2312c\343,\326+\345\274\207\377"
 1162      B7C37999 
 1162      3263E32C 
 1162      D62BE5BC 
 1162      87FF
 1163 0134 0A6CB7AA 		.ascii	"\012l\267\252\270\310?(\310d>\030@\224\240\224\034\314"
 1163      B8C83F28 
 1163      C8643E18 
 1163      4094A094 
 1163      1CCC
 1164 0146 1F65065C 		.ascii	"\037e\006\\\021\245h\021S\376\332\036B\307xc\010-6\322"
 1164      11A56811 
 1164      53FEDA1E 
 1164      42C77863 
 1164      082D36D2 
 1165 015a 954822A1 		.ascii	"\225H\"\241\350G]\272\214A\356*\007\014Hq\355\3039\275"
 1165      E8475DBA 
 1165      8C41EE2A 
 1165      070C4871 
 1165      EDC339BD 
 1166 016e 58C64731 		.ascii	"X\306G1\265s\273~D_@\364\267|(#\372;~\265\000L\220\216"
 1166      B573BB7E 
 1166      445F40F4 
 1166      B77C2823 
 1166      FA3B7EB5 
 1167 0186 615ACCEF 		.ascii	"aZ\314\357u\0229rd\354:\316`\302h\276Z\336\000F\326"
 1167      75123972 
 1167      64EC3ACE 
 1167      60C268BE 
 1167      5ADE0046 
 1168 019b BF63891C 		.ascii	"\277c\211\034\270vy05C\376\356,\022\011\337\274\363"
 1168      B8767930 
 1168      3543FEEE 
 1168      2C1209DF 
 1168      BCF3
 1169 01ad 3A7E0862 		.ascii	":~\010b\003\214\305\310?\360\007\3704\004\237\305<\036"
 1169      038CC5C8 
 1169      3FF007F8 
 1169      34049FC5 
 1169      3C1E
 1170 01bf 6A3CD63D 		.ascii	"j<\326=\274#M\243\343\3114}\221\027\220C_B\324\303G"
 1170      BC234DA3 
 1170      E3C9347D 
 1170      91179043 
 1170      5F42D4C3 
 1171 01d4 D9D487E8 		.ascii	"\331\324\207\350\006>\312\242\177D\264\032\272\017\002"
 1171      063ECAA2 
 1171      7F44B41A 
 1171      BA0F02
 1172 01e3 606BD326 		.ascii	"`k\323&@3`+\240\005s\311 \342M\244\320V\014i\256\\\037"
ARM GAS  /tmp/ccQoEkYf.s 			page 40


 1172      4033602B 
 1172      A00573C9 
 1172      20E24DA4 
 1172      D0560C69 
 1173 01fa 8ACE9DDD 		.ascii	"\212\316\235\335\301\177\240\203|\211\034\375\362\265"
 1173      C17FA083 
 1173      7C891CFD 
 1173      F2B5
 1174 0208 E199151E 		.ascii	"\341\231\025\036\302\007\201\034\301\234\207\320X\274"
 1174      C207811C 
 1174      C19C87D0 
 1174      58BC
 1175 0216 FB927146 		.ascii	"\373\222qF\205\311\364S\177>\031\335\223\366\324\354"
 1175      85C9F453 
 1175      7F3E19DD 
 1175      93F6D4EC 
 1176 0226 BF2CC010 		.ascii	"\277,\300\020c\223-\015c;\177\032\2711\316\330k\226"
 1176      63932D0D 
 1176      633B7F1A 
 1176      B931CED8 
 1176      6B96
 1177 0238 38BE80EF 		.ascii	"8\276\200\357b5\3659@\001\002E\307dS\0353\005\214q|"
 1177      6235F539 
 1177      40010245 
 1177      C764531D 
 1177      33058C71 
 1178 024d 5923ADF0 		.ascii	"Y#\255\360fb\205\274\227 ?\325\310\217\265\310`ge\277"
 1178      666285BC 
 1178      97203FD5 
 1178      C88FB5C8 
 1178      606765BF 
 1179 0261 8CE3F823 		.ascii	"\214\343\370#\215\273\210\225\310V \243\235\022\220"
 1179      8DBB8895 
 1179      C85620A3 
 1179      9D1290
 1180 0270 5FE0CF81 		.ascii	"_\340\317\201T+\356\321\002\247\022\256\377J\212T\311"
 1180      542BEED1 
 1180      02A712AE 
 1180      FF4A8A54 
 1180      C9
 1181 0281 26E1FA37 		.ascii	"&\341\3727\215;\201\265z\352\005y>\251\021A\336I\330"
 1181      8D3B81B5 
 1181      7AEA0579 
 1181      3EA91141 
 1181      DE49D8
 1182 0294 0E6AECC1 		.ascii	"\016j\354\301iv\223\010=\245\221'\247\311\257\023\241"
 1182      69769308 
 1182      3DA59127 
 1182      A7C9AF13 
 1182      A1
 1183 02a5 4349A16A 		.ascii	"CI\241jE\337$\310K\032yz:t\253\360=\242\221\207\247"
 1183      45DF24C8 
 1183      4B1A797A 
 1183      3A74ABF0 
 1183      3DA29187 
 1184 02ba C9BB89D0 		.ascii	"\311\273\211\320\177'\205\252\276c\011rx\346\312\253"
 1184      7F2785AA 
ARM GAS  /tmp/ccQoEkYf.s 			page 41


 1184      BE630972 
 1184      78E6CAAB 
 1185 02ca 5C8370FD 		.ascii	"\\\203p\375\247F\275\257\305\275*\270\376\244\025*@"
 1185      A746BDAF 
 1185      C5BD2AB8 
 1185      FEA4152A 
 1185      40
 1186 02db EA169125 		.ascii	"\352\026\221%t\005\177\006\023wq/\236\304\327\360M|"
 1186      74057F06 
 1186      1377712F 
 1186      9EC4D7F0 
 1186      4D7C
 1187 02ed 03DFC6FF 		.ascii	"\003\337\306\377\305\243\370\033<\206\277\304W\361\004"
 1187      C5A3F81B 
 1187      3C86BFC4 
 1187      57F104
 1188 02fc FE1ADFC7 		.ascii	"\376\032\337\307_\341;x\034\337\303\267\360u\376\326"
 1188      5FE13B78 
 1188      1CDFC3B7 
 1188      F075FED6 
 1189 030c 72E7FB89 		.ascii	"r\347\373\211\212>Iz\334\242\231\210\310{<\251\323\002"
 1189      8A3E497A 
 1189      DCA29988 
 1189      C87B3CA9 
 1189      D302
 1190 031e E571372A 		.ascii	"\345q7*\217\373C|\0068\365\025z_\015\244{\011\354\341"
 1190      8FFB437C 
 1190      0638F515 
 1190      7A5F0DA4 
 1190      7B09ECE1 
 1191 0332 CED8A643 		.ascii	"\316\330\246C\206\254\344\002\247\360\017\254P\"[\267"
 1191      86ACE402 
 1191      A7F00FAC 
 1191      50225BB7 
 1192 0342 DCDE65D0 		.ascii	"\334\336e\320\216)F\324*\252\370I\370\016O\323|\354"
 1192      8E2946D4 
 1192      2AAAF849 
 1192      F80E4FD3 
 1192      7CEC
 1193 0354 EEB061D6 		.ascii	"\356\260a\326QPM\264\243`\317_\352z\346L`(\243\237\311"
 1193      51504DB4 
 1193      A360CF5F 
 1193      EA7AE64C 
 1193      6028A39F 
 1194 0369 55711A6A 		.ascii	"Uq\032j\033a\035\214U\262\023#\221h\355H03\\\315\370"
 1194      1B611D8C 
 1194      55B21323 
 1194      9168ED48 
 1194      30335CCD 
 1195 037e BE660F47 		.ascii	"\276f\017G`:\032\035\014\221\230\216\227\314X\215\221"
 1195      603A1A1D 
 1195      0C91988E 
 1195      97CC588D 
 1195      91
 1196 038f BD0D97EA 		.ascii	"\275\015\227\352RVS\313\357\033\263b5\352\2517\200\231"
 1196      525653CB 
 1196      EF1BB362 
ARM GAS  /tmp/ccQoEkYf.s 			page 42


 1196      35EAA937 
 1196      8099
 1197 03a1 5CCB3AE4 		.ascii	"\\\313:\344\224\266>V\033a\253\242\275'\2140\035\252"
 1197      94B63E56 
 1197      1B61ABA2 
 1197      BD278C30 
 1197      1DAA
 1198 03b3 FABCFBE5 		.ascii	"\372\274\373\345\350\340q\026\015\364\3436\350\272*"
 1198      E8E07116 
 1198      0DF4E336 
 1198      E8BA2A
 1199 03c2 C61A7F04 		.ascii	"\306\032\177\004\304&\026\010V\031\253.\1771\036\213"
 1199      C4261608 
 1199      5619AB2E 
 1199      7F311E8B 
 1200 03d2 C9531230 		.ascii	"\311S\0220,\024\213\263\3140|\204\252\345\206\314*P"
 1200      2C148BB3 
 1200      CC307C84 
 1200      AAE586CC 
 1200      2A50
 1201 03e4 B7560718 		.ascii	"\267V\007\030fm\361`\010`\012\267\311,\334\026\240\\"
 1201      666DF160 
 1201      08600AB7 
 1201      C92CDC16 
 1201      A05C
 1202 03f6 C22B3481 		.ascii	"\302+4\201W0\004\205\231\252\016\300-\334`\260\010\202"
 1202      57300485 
 1202      99AA0EC0 
 1202      2DDC60B0 
 1202      0882
 1203 0408 8499588C 		.ascii	"\204\231X\214\037\023r\320\004^,\314\372\2038\334\313"
 1203      1F1372D0 
 1203      045E2CCC 
 1203      FA8338DC 
 1203      CB
 1204 0419 A3E3D05D 		.ascii	"\243\343\320]\233\334\020\206\354\320&\210I\250\232"
 1204      9BDC1086 
 1204      ECD02688 
 1204      49A89A
 1205 0428 5994D31A 		.ascii	"Y\224\323\032,\010\313fl\211D.\337\370\252\207\336\340"
 1205      2C08CB66 
 1205      6C89442E 
 1205      DFF8AA87 
 1205      DEE0
 1206 043a 2BD4DEDE 		.ascii	"+\324\336\336\222\206\026\204\226 d1\321\213|qG\016"
 1206      92861684 
 1206      96206431 
 1206      D18B7C71 
 1206      470E
 1207 044c 0E7567F0 		.ascii	"\016ug\360o\247\0322\301\3177\002\307\233I\"\027NO5"
 1207      6FA71A32 
 1207      C1CF3702 
 1207      C79B4922 
 1207      174E4F35 
 1208 0460 CE7D0422 		.ascii	"\316}\004\"F\031{\340*z\205\004\341q\324\023T\007\227"
 1208      46197BE0 
 1208      2A7A8504 
ARM GAS  /tmp/ccQoEkYf.s 			page 43


 1208      E171D413 
 1208      540797
 1209 0473 9C50844D 		.ascii	"\234P\204M\276\373\372h\247\245\267\206\355\001\315"
 1209      BEFBFA68 
 1209      A7A5B786 
 1209      ED01CD
 1210 0482 AFEA492D 		.ascii	"\257\352I-\351U\276$j\011\332H\002d\361a=\335\255C\364"
 1210      E955BE24 
 1210      6A09DA48 
 1210      0264F161 
 1210      3DDDAD43 
 1211 0497 880E4929 		.ascii	"\210\016I)\247\216\356\333\205\037\3058\035\000\215"
 1211      A78EEEDB 
 1211      851FC538 
 1211      1D008D
 1212 04a6 4A4D049E 		.ascii	"JM\004\236\345\010\013\030\321\242|\264\211\300\317"
 1212      E5080B18 
 1212      D1A27CB4 
 1212      89C0CF
 1213 04b5 88107995 		.ascii	"\210\020y\225\300U\"\347w\234\036\220\022i\233\210\232"
 1213      C05522E7 
 1213      779C1E90 
 1213      12699B88 
 1213      9A
 1214 04c6 364C94AF 		.ascii	"6L\224\257\\\236\266\343RW\245\2221L\032E\306F\2211"
 1214      5C9EB6E3 
 1214      5257A592 
 1214      314C1A45 
 1214      C6469131 
 1215 04da A0A771C8 		.ascii	"\240\247q\310F\366N~\322\247\233]y\263j!\221\276w\367"
 1215      46F64E7E 
 1215      D2A79B5D 
 1215      79B36A21 
 1215      91BE77F7 
 1216 04ee 9FD5E744 		.ascii	"\237\325\347Dx\003\333\203}x\033\223\371\322K\315d\263"
 1216      7803DB83 
 1216      7D781B93 
 1216      F9D24BCD 
 1216      64B3
 1217 0500 B0DB2CEC 		.ascii	"\260\333,\354\356Kt\202\333\275\323\263\371\024\341"
 1217      EE4B7482 
 1217      DBBDD3B3 
 1217      F914E1
 1218 050f 011D6FD5 		.ascii	"\001\035o\325\300k\244\250\353\311\026\241\336\"\324"
 1218      C06BA4A8 
 1218      EBC916A1 
 1218      DE22D4
 1219 051e A7247A9F 		.ascii	"\247$z\237\253\207\352\316\235\231\243\250?\320\324"
 1219      AB87EACE 
 1219      9D99A3A8 
 1219      3FD0D4
 1220 052d CD2422D4 		.ascii	"\315$\"\324\021\241\216K\264^\002u]p\354h\272\242\276"
 1220      11A18E4B 
 1220      B45E0275 
 1220      5D70EC68 
 1220      BAA2BE
 1221 0540 36C33B2A 		.ascii	"6\303;*\324Q\241~C\242\177\342\352O\257\036Z\230\350"
ARM GAS  /tmp/ccQoEkYf.s 			page 44


 1221      D451A17E 
 1221      43A27FE2 
 1221      EA4FAF1E 
 1221      5A98E8
 1222 0553 AB462C4D 		.ascii	"\253F,MK\242\257\333\243w\256\033\270\325x\303\225\332"
 1222      4BA2AFDB 
 1222      A377AE1B 
 1222      B8D578C3 
 1222      95DA
 1223 0565 F401BE85 		.ascii	"\364\001\276\205q\013\331&\254\266\011\253[:\032\343"
 1223      710BD926 
 1223      ACB609AB 
 1223      5B3A1AE3 
 1224 0575 56DDF2F6 		.ascii	"V\335\362\366)\243\222x\377\306D\342\026\262C\250w\010"
 1224      29A39278 
 1224      FFC644E2 
 1224      16B243A8 
 1224      7708
 1225 0587 F5351D7D 		.ascii	"\3655\035}\223\253\331\326\253\035\251\212\367\311\343"
 1225      93ABD9D6 
 1225      AB1DA98A 
 1225      F7C9E3
 1226 0596 BFE7ABBF 		.ascii	"\277\347\253\277$LZ\205\266Uh\007u\3640\327\336<\267"
 1226      244C5A85 
 1226      B6556807 
 1226      75F430D7 
 1226      DE3CB7
 1227 05a9 5BD6E544 		.ascii	"[\326\345D\030\337 \373:\263\217\325\304r\232\311N!"
 1227      18DF20FB 
 1227      3AB38FD5 
 1227      C4729AC9 
 1227      4E21
 1228 05bb DE49F8AF 		.ascii	"\336I\370\257\210\013\360\325\337\323u~x\216\366\312"
 1228      880BF0D5 
 1228      DFD3757E 
 1228      788EF6CA 
 1229 05cb 378B57FE 		.ascii	"7\213W\376\015\376C\215l\337\330^\2135\256^p\273\370"
 1229      0DFE438D 
 1229      6CDFD85E 
 1229      8B35AE5E 
 1229      70BBF8
 1230 05de 71705252 		.ascii	"qpRRv\301xcW\307\020f\365p\360\314k&\273U\367=0Pky["
 1230      76C17863 
 1230      57C71066 
 1230      F570F0CC 
 1230      6B26BB55 
 1231 05f9 4F3F5685 		.ascii	"O?V\205\035\355\312v\011\301\006\335\253\252\366\301"
 1231      1DEDCA76 
 1231      09C106DD 
 1231      ABAAF6C1 
 1232 0609 40556DD3 		.ascii	"@Um\323\323Qa\327\337\365Y\302\256\205\354W\205\355"
 1232      D35161D7 
 1232      DFF559C2 
 1232      AE85EC57 
 1232      85ED
 1233 061b 30508521 		.ascii	"0P\205!=\275'\354\316t\252v-\344MUu\000\006\252\352"
 1233      3DBD27EC 
ARM GAS  /tmp/ccQoEkYf.s 			page 45


 1233      CE74AA76 
 1233      2DE44D55 
 1233      750006AA 
 1234 0630 9C5E22FB 		.ascii	"\234^\"\373\202C\027\346j\225\207E\345o\361\256\365"
 1234      824317E6 
 1234      6A958745 
 1234      E56FF1AE 
 1234      F5
 1235 0641 365BA1BD 		.ascii	"6[\241\275\340\261\274<\263\372o+u\257q?_d\366\370\314"
 1235      E0B1BC3C 
 1235      B3FA6F2B 
 1235      75AF713F 
 1235      5F64F6F8 
 1236 0656 A5CE32B3 		.ascii	"\245\3162\263\317[\314\257\016\237?\257\230\256x\356"
 1236      CF5BCCAF 
 1236      0E9F3FAF 
 1236      98AE78EE 
 1237 0666 856C9BF5 		.ascii	"\205l\233\365\347h^b&o\255\305ZR`\261\376\002\321u\356"
 1237      E7685E62 
 1237      266FADC5 
 1237      5A5260B1 
 1237      FE02D175 
 1238 067b 0A7F41BE 		.ascii	"\012\177A\276\303O\236\267K\313\012\227\332u\313lv\351"
 1238      C34F9EB7 
 1238      4BCB0A97 
 1238      DA75CB6C 
 1238      76E9
 1239 068d D965ABED 		.ascii	"\331e\253\355:\233\315\256\263\003\226\332\355\272_"
 1239      3A9BCDAE 
 1239      B30396DA 
 1239      EDBA5F
 1240 069c 17D974B6 		.ascii	"\027\331t\266\347VK6\333r\273\2229_\371\264\352\226"
 1240      E7564B36 
 1240      DB72BB92 
 1240      395FF9B4 
 1240      EA96
 1241 06ae AFB09322 		.ascii	"\257\260\223\"\210\\\271\334.\025\025\202\332f\317\007"
 1241      885CB9DC 
 1241      2E151582 
 1241      DA66CF07 
 1242 06be 5841F91B 		.ascii	"XA\371\033\373\012s\251\247\334e~\311S\274\316k\336"
 1242      FB0A73A9 
 1242      A7DC657E 
 1242      C953BCCE 
 1242      6BDE
 1243 06d0 E02E71AD 		.ascii	"\340.q\255qV\224\344\346\027X\255\271k-\016gI\211\247"
 1243      715694E4 
 1243      E61758AD 
 1243      B96B2D0E 
 1243      674989A7 
 1244 06e4 C2BCD6ED 		.ascii	"\302\274\326\355-\337\340\364\272\314k<No\211\317\254"
 1244      2DDFE0F4 
 1244      BACC6B3C 
 1244      4E6F89CF 
 1244      AC
 1245 06f5 116B3C1E 		.ascii	"\021k<\036\177\231\307Y\342\362\242_~_\227\225\036\257"
 1245      7F99C759 
ARM GAS  /tmp/ccQoEkYf.s 			page 46


 1245      E2F2A25F 
 1245      7E5F9795 
 1245      1EAF
 1246 0707 DF672E5A 		.ascii	"\337g.Z]X\220o^\265j\231y\365\312\302\365V\263\317_"
 1246      5D58906F 
 1246      5EB56A99 
 1246      79F5CAC2 
 1246      F556B3CF 
 1247 071c CE3B7297 		.ascii	"\316;r\227\347\225\2424\355\306\3417\370\376\340\203"
 1247      E795A234 
 1247      EDC6E137 
 1247      F8FEE083 
 1248 072c 81CBE1D7 		.ascii	"\201\313\341\327Y\027#\203\323[\276~\261/\267\034\245"
 1248      59172383 
 1248      D35BBE7E 
 1248      B12FB71C 
 1248      A5
 1249 073d 16838DEB 		.ascii	"\026\203\215\353\345\334r\013\232\347\363;\312\312J"
 1249      E5DC720B 
 1249      9AE7F33B 
 1249      CACA4A
 1250 074c 60919C5E 		.ascii	"`\221\234^\277\303Y\006\232\247\177Xru\211\271\011d"
 1250      BFC35906 
 1250      9AA77F58 
 1250      727589B9 
 1250      0964
 1251 075e 7F50D8B9 		.ascii	"\177P\330\271}\252\227\303Y\354w\257w\351\035\317z<"
 1251      7DAA97C3 
 1251      59EC77AF 
 1251      77E91DCF 
 1251      7A3C
 1252 0770 65293EFF 		.ascii	"e)>\377\312\012\267\377\361\377\347\021\"\243\317_\304"
 1252      CA0AB7FF 
 1252      F1FFE711 
 1252      22A3CF5F 
 1252      C4
 1253 0781 6B5ACA6D 		.ascii	"kZ\312m\322\370\215\247R\031\247\302\330\345O\014W\210"
 1253      D2F88DA7 
 1253      5219A7C2 
 1253      D8E54F0C 
 1253      5788
 1254 0793 A15119DA 		.ascii	"\241Q\031\332<\353*\374.o\006$\362)\323K\225\364i\211"
 1254      3CEB2AFC 
 1254      2E6F0624 
 1254      F229D34B 
 1254      95F46989 
 1255 07a7 AA207BA6 		.ascii	"\252 {\246\326\260\247R\255\321\224\230q\371\223'^L"
 1255      D6B0A752 
 1255      ADD19498 
 1255      71F99327 
 1255      5E4C
 1256 07b9 4CCC9B31 		.ascii	"L\314\2331Q\254\246\370\026\225Mt\331"
 1256      51ACA6F8 
 1256      16954D74 
 1256      D9
 1257              		.text
 1258              		.section	.gnu.lto_.symtab.e33fa58991065303,"e",%progbits
ARM GAS  /tmp/ccQoEkYf.s 			page 47


 1259 0000 7374496E 		.ascii	"stInit\000"
 1259      697400
 1260 0007 00       		.ascii	"\000"
 1261 0008 00       		.ascii	"\000"
 1262 0009 00       		.ascii	"\000"
 1263 000a 00000000 		.ascii	"\000\000\000\000\000\000\000\000"
 1263      00000000 
 1264 0012 14010000 		.ascii	"\024\001\000\000"
 1265 0016 73745374 		.ascii	"stStartAlarm\000"
 1265      61727441 
 1265      6C61726D 
 1265      00
 1266 0023 00       		.ascii	"\000"
 1267 0024 00       		.ascii	"\000"
 1268 0025 00       		.ascii	"\000"
 1269 0026 00000000 		.ascii	"\000\000\000\000\000\000\000\000"
 1269      00000000 
 1270 002e 16010000 		.ascii	"\026\001\000\000"
 1271 0032 73745374 		.ascii	"stStopAlarm\000"
 1271      6F70416C 
 1271      61726D00 
 1272 003e 00       		.ascii	"\000"
 1273 003f 00       		.ascii	"\000"
 1274 0040 00       		.ascii	"\000"
 1275 0041 00000000 		.ascii	"\000\000\000\000\000\000\000\000"
 1275      00000000 
 1276 0049 18010000 		.ascii	"\030\001\000\000"
 1277 004d 73745365 		.ascii	"stSetAlarm\000"
 1277      74416C61 
 1277      726D00
 1278 0058 00       		.ascii	"\000"
 1279 0059 00       		.ascii	"\000"
 1280 005a 00       		.ascii	"\000"
 1281 005b 00000000 		.ascii	"\000\000\000\000\000\000\000\000"
 1281      00000000 
 1282 0063 1A010000 		.ascii	"\032\001\000\000"
 1283 0067 73744765 		.ascii	"stGetAlarm\000"
 1283      74416C61 
 1283      726D00
 1284 0072 00       		.ascii	"\000"
 1285 0073 00       		.ascii	"\000"
 1286 0074 00       		.ascii	"\000"
 1287 0075 00000000 		.ascii	"\000\000\000\000\000\000\000\000"
 1287      00000000 
 1288 007d 1D010000 		.ascii	"\035\001\000\000"
 1289 0081 73744765 		.ascii	"stGetCounter\000"
 1289      74436F75 
 1289      6E746572 
 1289      00
 1290 008e 00       		.ascii	"\000"
 1291 008f 00       		.ascii	"\000"
 1292 0090 00       		.ascii	"\000"
 1293 0091 00000000 		.ascii	"\000\000\000\000\000\000\000\000"
 1293      00000000 
 1294 0099 1F010000 		.ascii	"\037\001\000\000"
 1295 009d 73744973 		.ascii	"stIsAlarmActive\000"
 1295      416C6172 
ARM GAS  /tmp/ccQoEkYf.s 			page 48


 1295      6D416374 
 1295      69766500 
 1296 00ad 00       		.ascii	"\000"
 1297 00ae 00       		.ascii	"\000"
 1298 00af 00       		.ascii	"\000"
 1299 00b0 00000000 		.ascii	"\000\000\000\000\000\000\000\000"
 1299      00000000 
 1300 00b8 21010000 		.ascii	"!\001\000\000"
 1301 00bc 73745F6C 		.ascii	"st_lld_init\000"
 1301      6C645F69 
 1301      6E697400 
 1302 00c8 00       		.ascii	"\000"
 1303 00c9 02       		.ascii	"\002"
 1304 00ca 00       		.ascii	"\000"
 1305 00cb 00000000 		.ascii	"\000\000\000\000\000\000\000\000"
 1305      00000000 
 1306 00d3 23010000 		.ascii	"#\001\000\000"
 1307              		.text
 1308              		.section	.gnu.lto_.ext_symtab.e33fa58991065303,"e",%progbits
 1309 0000 01       		.ascii	"\001"
 1310 0001 01       		.ascii	"\001"
 1311 0002 00       		.ascii	"\000"
 1312 0003 01       		.ascii	"\001"
 1313 0004 00       		.ascii	"\000"
 1314 0005 01       		.ascii	"\001"
 1315 0006 00       		.ascii	"\000"
 1316 0007 01       		.ascii	"\001"
 1317 0008 00       		.ascii	"\000"
 1318 0009 01       		.ascii	"\001"
 1319 000a 00       		.ascii	"\000"
 1320 000b 01       		.ascii	"\001"
 1321 000c 00       		.ascii	"\000"
 1322 000d 01       		.ascii	"\001"
 1323 000e 00       		.ascii	"\000"
 1324 000f 01       		.ascii	"\001"
 1325 0010 00       		.ascii	"\000"
 1326              		.text
 1327              		.section	.gnu.lto_.opts,"e",%progbits
 1328 0000 272D666E 		.ascii	"'-fno-openmp' '-fno-openacc' '-fno-pie' '-fcf-prote"
 1328      6F2D6F70 
 1328      656E6D70 
 1328      2720272D 
 1328      666E6F2D 
 1329 0033 6374696F 		.ascii	"ction=none' '-g' '-mcpu=cortex-m0' '-mthumb' '-mflo"
 1329      6E3D6E6F 
 1329      6E652720 
 1329      272D6727 
 1329      20272D6D 
 1330 0066 61742D61 		.ascii	"at-abi=soft' '-mlibarch=armv6s-m' '-march=armv6s-m'"
 1330      62693D73 
 1330      6F667427 
 1330      20272D6D 
 1330      6C696261 
 1331 0099 20272D4F 		.ascii	" '-Os' '-fomit-frame-pointer' '-falign-functions=16"
 1331      73272027 
 1331      2D666F6D 
 1331      69742D66 
ARM GAS  /tmp/ccQoEkYf.s 			page 49


 1331      72616D65 
 1332 00cc 2720272D 		.ascii	"' '-fsingle-precision-constant' '-ffunction-section"
 1332      6673696E 
 1332      676C652D 
 1332      70726563 
 1332      6973696F 
 1333 00ff 73272027 		.ascii	"s' '-fdata-sections' '-fno-common' '-flto' '-Xassem"
 1333      2D666461 
 1333      74612D73 
 1333      65637469 
 1333      6F6E7327 
 1334 0132 626C6572 		.ascii	"bler' '-alms=./build/lst/hal_st.lst'\000"
 1334      2720272D 
 1334      616C6D73 
 1334      3D2E2F62 
 1334      75696C64 
 1335              		.text
 1336              		.comm	__gnu_lto_slim,1,1
 1337              		.ident	"GCC: (Arm GNU Toolchain 11.3.Rel1) 11.3.1 20220712"
ARM GAS  /tmp/ccQoEkYf.s 			page 50


DEFINED SYMBOLS
                            *ABS*:0000000000000000 hal_st.c
     /tmp/ccQoEkYf.s:24     .gnu.debuglto_.debug_info:0000000000000000 hal_st.c.f01d3018
                            *COM*:0000000000000001 __gnu_lto_slim

NO UNDEFINED SYMBOLS
