ARM GAS  /tmp/ccNGynZK.s 			page 1


   1              		.cpu cortex-m0
   2              		.arch armv6s-m
   3              		.fpu softvfp
   4              		.eabi_attribute 20, 1
   5              		.eabi_attribute 21, 1
   6              		.eabi_attribute 23, 3
   7              		.eabi_attribute 24, 1
   8              		.eabi_attribute 25, 1
   9              		.eabi_attribute 26, 1
  10              		.eabi_attribute 30, 4
  11              		.eabi_attribute 34, 0
  12              		.eabi_attribute 18, 4
  13              		.file	"nvic.c"
  14              		.file 1 "/home/kocur/.rusefi-tools/arm-gnu-toolchain-11.3.rel1-x86_64-arm-none-eabi/arm-none-eabi/
  15              		.file 2 "/home/kocur/.rusefi-tools/arm-gnu-toolchain-11.3.rel1-x86_64-arm-none-eabi/arm-none-eabi/
  16              		.file 3 "../../../ChibiOS/os/common/ext/ARM/CMSIS/Core/Include/core_cm0.h"
  17              		.file 4 "../../../ChibiOS/os/hal/ports/common/ARMCMx/nvic.c"
  18              		.section	.gnu.debuglto_.debug_info,"e",%progbits
  19              	.Ldebug_info0:
  20              		.hidden	nvic.c.4fc0d4c4
  21              		.weak	nvic.c.4fc0d4c4
  22              	nvic.c.4fc0d4c4:
  23 0000 E5020000 		.4byte	0x2e5
  24 0004 0500     		.2byte	0x5
  25 0006 01       		.byte	0x1
  26 0007 04       		.byte	0x4
  27 0008 00000000 		.4byte	.Ldebug_abbrev0
  28 000c 0F       		.uleb128 0xf
  29 000d 88010000 		.4byte	.LASF39
  30 0011 1D       		.byte	0x1d
  31 0012 55010000 		.4byte	.LASF40
  32 0016 B2020000 		.4byte	.LASF41
  33 001a 00000000 		.4byte	.Ldebug_line0
  34 001e 10       		.uleb128 0x10
  35 001f 04       		.byte	0x4
  36 0020 05       		.byte	0x5
  37 0021 696E7400 		.ascii	"int\000"
  38 0025 01       		.uleb128 0x1
  39 0026 04       		.byte	0x4
  40 0027 07       		.byte	0x7
  41 0028 E0000000 		.4byte	.LASF0
  42 002c 01       		.uleb128 0x1
  43 002d 08       		.byte	0x8
  44 002e 05       		.byte	0x5
  45 002f 25010000 		.4byte	.LASF1
  46 0033 01       		.uleb128 0x1
  47 0034 08       		.byte	0x8
  48 0035 04       		.byte	0x4
  49 0036 71020000 		.4byte	.LASF2
  50 003a 01       		.uleb128 0x1
  51 003b 01       		.byte	0x1
  52 003c 06       		.byte	0x6
  53 003d 5A000000 		.4byte	.LASF3
  54 0041 01       		.uleb128 0x1
  55 0042 01       		.byte	0x1
  56 0043 08       		.byte	0x8
  57 0044 66000000 		.4byte	.LASF4
ARM GAS  /tmp/ccNGynZK.s 			page 2


  58 0048 01       		.uleb128 0x1
  59 0049 02       		.byte	0x2
  60 004a 05       		.byte	0x5
  61 004b 4B010000 		.4byte	.LASF5
  62 004f 01       		.uleb128 0x1
  63 0050 02       		.byte	0x2
  64 0051 07       		.byte	0x7
  65 0052 90000000 		.4byte	.LASF6
  66 0056 07       		.uleb128 0x7
  67 0057 1F000000 		.4byte	.LASF8
  68 005b 01       		.byte	0x1
  69 005c 4D       		.byte	0x4d
  70 005d 18       		.byte	0x18
  71 005e 62000000 		.4byte	0x62
  72 0062 01       		.uleb128 0x1
  73 0063 04       		.byte	0x4
  74 0064 05       		.byte	0x5
  75 0065 68020000 		.4byte	.LASF7
  76 0069 07       		.uleb128 0x7
  77 006a C7000000 		.4byte	.LASF9
  78 006e 01       		.byte	0x1
  79 006f 4F       		.byte	0x4f
  80 0070 19       		.byte	0x19
  81 0071 75000000 		.4byte	0x75
  82 0075 01       		.uleb128 0x1
  83 0076 04       		.byte	0x4
  84 0077 07       		.byte	0x7
  85 0078 7E000000 		.4byte	.LASF10
  86 007c 01       		.uleb128 0x1
  87 007d 08       		.byte	0x8
  88 007e 07       		.byte	0x7
  89 007f F2000000 		.4byte	.LASF11
  90 0083 07       		.uleb128 0x7
  91 0084 43010000 		.4byte	.LASF12
  92 0088 02       		.byte	0x2
  93 0089 2C       		.byte	0x2c
  94 008a 13       		.byte	0x13
  95 008b 56000000 		.4byte	0x56
  96 008f 07       		.uleb128 0x7
  97 0090 5F020000 		.4byte	.LASF13
  98 0094 02       		.byte	0x2
  99 0095 30       		.byte	0x30
 100 0096 14       		.byte	0x14
 101 0097 69000000 		.4byte	0x69
 102 009b 08       		.uleb128 0x8
 103 009c 8F000000 		.4byte	0x8f
 104 00a0 0A       		.uleb128 0xa
 105 00a1 9B000000 		.4byte	0x9b
 106 00a5 01       		.uleb128 0x1
 107 00a6 01       		.byte	0x1
 108 00a7 08       		.byte	0x8
 109 00a8 39010000 		.4byte	.LASF14
 110 00ac 0A       		.uleb128 0xa
 111 00ad A5000000 		.4byte	0xa5
 112 00b1 11       		.uleb128 0x11
 113 00b2 2003     		.2byte	0x320
 114 00b4 03       		.byte	0x3
ARM GAS  /tmp/ccNGynZK.s 			page 3


 115 00b5 3A01     		.2byte	0x13a
 116 00b7 09       		.byte	0x9
 117 00b8 3C010000 		.4byte	0x13c
 118 00bc 02       		.uleb128 0x2
 119 00bd 3E010000 		.4byte	.LASF15
 120 00c1 3C01     		.2byte	0x13c
 121 00c3 4C010000 		.4byte	0x14c
 122 00c7 00       		.byte	0
 123 00c8 02       		.uleb128 0x2
 124 00c9 29000000 		.4byte	.LASF16
 125 00cd 3D01     		.2byte	0x13d
 126 00cf 51010000 		.4byte	0x151
 127 00d3 04       		.byte	0x4
 128 00d4 02       		.uleb128 0x2
 129 00d5 D2000000 		.4byte	.LASF17
 130 00d9 3E01     		.2byte	0x13e
 131 00db 4C010000 		.4byte	0x14c
 132 00df 80       		.byte	0x80
 133 00e0 02       		.uleb128 0x2
 134 00e1 14010000 		.4byte	.LASF18
 135 00e5 3F01     		.2byte	0x13f
 136 00e7 51010000 		.4byte	0x151
 137 00eb 84       		.byte	0x84
 138 00ec 05       		.uleb128 0x5
 139 00ed ED000000 		.4byte	.LASF19
 140 00f1 4001     		.2byte	0x140
 141 00f3 4C010000 		.4byte	0x14c
 142 00f7 0001     		.2byte	0x100
 143 00f9 05       		.uleb128 0x5
 144 00fa BD000000 		.4byte	.LASF20
 145 00fe 4101     		.2byte	0x141
 146 0100 51010000 		.4byte	0x151
 147 0104 0401     		.2byte	0x104
 148 0106 05       		.uleb128 0x5
 149 0107 05000000 		.4byte	.LASF21
 150 010b 4201     		.2byte	0x142
 151 010d 4C010000 		.4byte	0x14c
 152 0111 8001     		.2byte	0x180
 153 0113 05       		.uleb128 0x5
 154 0114 3D000000 		.4byte	.LASF22
 155 0118 4301     		.2byte	0x143
 156 011a 51010000 		.4byte	0x151
 157 011e 8401     		.2byte	0x184
 158 0120 05       		.uleb128 0x5
 159 0121 47000000 		.4byte	.LASF23
 160 0125 4401     		.2byte	0x144
 161 0127 61010000 		.4byte	0x161
 162 012b 0002     		.2byte	0x200
 163 012d 12       		.uleb128 0x12
 164 012e 495000   		.ascii	"IP\000"
 165 0131 03       		.byte	0x3
 166 0132 4501     		.2byte	0x145
 167 0134 12       		.byte	0x12
 168 0135 81010000 		.4byte	0x181
 169 0139 0003     		.2byte	0x300
 170 013b 00       		.byte	0
 171 013c 03       		.uleb128 0x3
ARM GAS  /tmp/ccNGynZK.s 			page 4


 172 013d 9B000000 		.4byte	0x9b
 173 0141 4C010000 		.4byte	0x14c
 174 0145 04       		.uleb128 0x4
 175 0146 25000000 		.4byte	0x25
 176 014a 00       		.byte	0
 177 014b 00       		.byte	0
 178 014c 08       		.uleb128 0x8
 179 014d 3C010000 		.4byte	0x13c
 180 0151 03       		.uleb128 0x3
 181 0152 8F000000 		.4byte	0x8f
 182 0156 61010000 		.4byte	0x161
 183 015a 04       		.uleb128 0x4
 184 015b 25000000 		.4byte	0x25
 185 015f 1E       		.byte	0x1e
 186 0160 00       		.byte	0
 187 0161 03       		.uleb128 0x3
 188 0162 8F000000 		.4byte	0x8f
 189 0166 71010000 		.4byte	0x171
 190 016a 04       		.uleb128 0x4
 191 016b 25000000 		.4byte	0x25
 192 016f 3F       		.byte	0x3f
 193 0170 00       		.byte	0
 194 0171 03       		.uleb128 0x3
 195 0172 9B000000 		.4byte	0x9b
 196 0176 81010000 		.4byte	0x181
 197 017a 04       		.uleb128 0x4
 198 017b 25000000 		.4byte	0x25
 199 017f 07       		.byte	0x7
 200 0180 00       		.byte	0
 201 0181 08       		.uleb128 0x8
 202 0182 71010000 		.4byte	0x171
 203 0186 0D       		.uleb128 0xd
 204 0187 74000000 		.4byte	.LASF24
 205 018b 4601     		.2byte	0x146
 206 018d 04       		.byte	0x4
 207 018e B1000000 		.4byte	0xb1
 208 0192 13       		.uleb128 0x13
 209 0193 28       		.byte	0x28
 210 0194 03       		.byte	0x3
 211 0195 5501     		.2byte	0x155
 212 0197 09       		.byte	0x9
 213 0198 09020000 		.4byte	0x209
 214 019c 02       		.uleb128 0x2
 215 019d 33010000 		.4byte	.LASF25
 216 01a1 5701     		.2byte	0x157
 217 01a3 A0000000 		.4byte	0xa0
 218 01a7 00       		.byte	0
 219 01a8 02       		.uleb128 0x2
 220 01a9 09010000 		.4byte	.LASF26
 221 01ad 5801     		.2byte	0x158
 222 01af 9B000000 		.4byte	0x9b
 223 01b3 04       		.byte	0x4
 224 01b4 02       		.uleb128 0x2
 225 01b5 29000000 		.4byte	.LASF16
 226 01b9 5901     		.2byte	0x159
 227 01bb 8F000000 		.4byte	0x8f
 228 01bf 08       		.byte	0x8
ARM GAS  /tmp/ccNGynZK.s 			page 5


 229 01c0 02       		.uleb128 0x2
 230 01c1 0E010000 		.4byte	.LASF27
 231 01c5 5A01     		.2byte	0x15a
 232 01c7 9B000000 		.4byte	0x9b
 233 01cb 0C       		.byte	0xc
 234 01cc 0B       		.uleb128 0xb
 235 01cd 53435200 		.ascii	"SCR\000"
 236 01d1 5B01     		.2byte	0x15b
 237 01d3 9B000000 		.4byte	0x9b
 238 01d7 10       		.byte	0x10
 239 01d8 0B       		.uleb128 0xb
 240 01d9 43435200 		.ascii	"CCR\000"
 241 01dd 5C01     		.2byte	0x15c
 242 01df 9B000000 		.4byte	0x9b
 243 01e3 14       		.byte	0x14
 244 01e4 02       		.uleb128 0x2
 245 01e5 33000000 		.4byte	.LASF28
 246 01e9 5D01     		.2byte	0x15d
 247 01eb 8F000000 		.4byte	0x8f
 248 01ef 18       		.byte	0x18
 249 01f0 0B       		.uleb128 0xb
 250 01f1 53485000 		.ascii	"SHP\000"
 251 01f5 5E01     		.2byte	0x15e
 252 01f7 19020000 		.4byte	0x219
 253 01fb 1C       		.byte	0x1c
 254 01fc 02       		.uleb128 0x2
 255 01fd 19000000 		.4byte	.LASF29
 256 0201 5F01     		.2byte	0x15f
 257 0203 9B000000 		.4byte	0x9b
 258 0207 24       		.byte	0x24
 259 0208 00       		.byte	0
 260 0209 03       		.uleb128 0x3
 261 020a 9B000000 		.4byte	0x9b
 262 020e 19020000 		.4byte	0x219
 263 0212 04       		.uleb128 0x4
 264 0213 25000000 		.4byte	0x25
 265 0217 01       		.byte	0x1
 266 0218 00       		.byte	0
 267 0219 08       		.uleb128 0x8
 268 021a 09020000 		.4byte	0x209
 269 021e 0D       		.uleb128 0xd
 270 021f D7000000 		.4byte	.LASF30
 271 0223 6001     		.2byte	0x160
 272 0225 03       		.byte	0x3
 273 0226 92010000 		.4byte	0x192
 274 022a 01       		.uleb128 0x1
 275 022b 01       		.byte	0x1
 276 022c 02       		.byte	0x2
 277 022d AC020000 		.4byte	.LASF31
 278 0231 06       		.uleb128 0x6
 279 0232 0A000000 		.4byte	.LASF32
 280 0236 AD       		.byte	0xad
 281 0237 45020000 		.4byte	0x245
 282 023b 09       		.uleb128 0x9
 283 023c 6E00     		.ascii	"n\000"
 284 023e AD       		.byte	0xad
 285 023f 1E       		.byte	0x1e
ARM GAS  /tmp/ccNGynZK.s 			page 6


 286 0240 8F000000 		.4byte	0x8f
 287 0244 00       		.byte	0
 288 0245 06       		.uleb128 0x6
 289 0246 AC000000 		.4byte	.LASF33
 290 024a A3       		.byte	0xa3
 291 024b 59020000 		.4byte	0x259
 292 024f 09       		.uleb128 0x9
 293 0250 6E00     		.ascii	"n\000"
 294 0252 A3       		.byte	0xa3
 295 0253 20       		.byte	0x20
 296 0254 8F000000 		.4byte	0x8f
 297 0258 00       		.byte	0
 298 0259 06       		.uleb128 0x6
 299 025a 8F020000 		.4byte	.LASF34
 300 025e 92       		.byte	0x92
 301 025f 83020000 		.4byte	0x283
 302 0263 0C       		.uleb128 0xc
 303 0264 1D010000 		.4byte	.LASF35
 304 0268 92       		.byte	0x92
 305 0269 2C       		.byte	0x2c
 306 026a 8F000000 		.4byte	0x8f
 307 026e 0C       		.uleb128 0xc
 308 026f 00000000 		.4byte	.LASF36
 309 0273 92       		.byte	0x92
 310 0274 3E       		.byte	0x3e
 311 0275 8F000000 		.4byte	0x8f
 312 0279 14       		.uleb128 0x14
 313 027a 51000000 		.4byte	.LASF42
 314 027e 93020000 		.4byte	0x293
 315 0282 00       		.byte	0
 316 0283 03       		.uleb128 0x3
 317 0284 AC000000 		.4byte	0xac
 318 0288 93020000 		.4byte	0x293
 319 028c 04       		.uleb128 0x4
 320 028d 25000000 		.4byte	0x25
 321 0291 1C       		.byte	0x1c
 322 0292 00       		.byte	0
 323 0293 0A       		.uleb128 0xa
 324 0294 83020000 		.4byte	0x283
 325 0298 06       		.uleb128 0x6
 326 0299 7D020000 		.4byte	.LASF37
 327 029d 7D       		.byte	0x7d
 328 029e AC020000 		.4byte	0x2ac
 329 02a2 09       		.uleb128 0x9
 330 02a3 6E00     		.ascii	"n\000"
 331 02a5 7D       		.byte	0x7d
 332 02a6 21       		.byte	0x21
 333 02a7 8F000000 		.4byte	0x8f
 334 02ab 00       		.byte	0
 335 02ac 06       		.uleb128 0x6
 336 02ad F9020000 		.4byte	.LASF38
 337 02b1 66       		.byte	0x66
 338 02b2 CB020000 		.4byte	0x2cb
 339 02b6 09       		.uleb128 0x9
 340 02b7 6E00     		.ascii	"n\000"
 341 02b9 66       		.byte	0x66
 342 02ba 20       		.byte	0x20
ARM GAS  /tmp/ccNGynZK.s 			page 7


 343 02bb 8F000000 		.4byte	0x8f
 344 02bf 0C       		.uleb128 0xc
 345 02c0 00000000 		.4byte	.LASF36
 346 02c4 66       		.byte	0x66
 347 02c5 2C       		.byte	0x2c
 348 02c6 8F000000 		.4byte	0x8f
 349 02ca 00       		.byte	0
 350 02cb 15       		.uleb128 0x15
 351 02cc A3000000 		.4byte	.LASF43
 352 02d0 04       		.byte	0x4
 353 02d1 4F       		.byte	0x4f
 354 02d2 06       		.byte	0x6
 355 02d3 0E       		.uleb128 0xe
 356 02d4 6E00     		.ascii	"n\000"
 357 02d6 52       		.byte	0x52
 358 02d7 0C       		.byte	0xc
 359 02d8 8F000000 		.4byte	0x8f
 360 02dc 16       		.uleb128 0x16
 361 02dd 0E       		.uleb128 0xe
 362 02de 6900     		.ascii	"i\000"
 363 02e0 57       		.byte	0x57
 364 02e1 11       		.byte	0x11
 365 02e2 8F000000 		.4byte	0x8f
 366 02e6 00       		.byte	0
 367 02e7 00       		.byte	0
 368 02e8 00       		.byte	0
 369              		.section	.gnu.debuglto_.debug_abbrev,"e",%progbits
 370              	.Ldebug_abbrev0:
 371 0000 01       		.uleb128 0x1
 372 0001 24       		.uleb128 0x24
 373 0002 00       		.byte	0
 374 0003 0B       		.uleb128 0xb
 375 0004 0B       		.uleb128 0xb
 376 0005 3E       		.uleb128 0x3e
 377 0006 0B       		.uleb128 0xb
 378 0007 03       		.uleb128 0x3
 379 0008 0E       		.uleb128 0xe
 380 0009 00       		.byte	0
 381 000a 00       		.byte	0
 382 000b 02       		.uleb128 0x2
 383 000c 0D       		.uleb128 0xd
 384 000d 00       		.byte	0
 385 000e 03       		.uleb128 0x3
 386 000f 0E       		.uleb128 0xe
 387 0010 3A       		.uleb128 0x3a
 388 0011 21       		.uleb128 0x21
 389 0012 03       		.sleb128 3
 390 0013 3B       		.uleb128 0x3b
 391 0014 05       		.uleb128 0x5
 392 0015 39       		.uleb128 0x39
 393 0016 21       		.uleb128 0x21
 394 0017 12       		.sleb128 18
 395 0018 49       		.uleb128 0x49
 396 0019 13       		.uleb128 0x13
 397 001a 38       		.uleb128 0x38
 398 001b 0B       		.uleb128 0xb
 399 001c 00       		.byte	0
ARM GAS  /tmp/ccNGynZK.s 			page 8


 400 001d 00       		.byte	0
 401 001e 03       		.uleb128 0x3
 402 001f 01       		.uleb128 0x1
 403 0020 01       		.byte	0x1
 404 0021 49       		.uleb128 0x49
 405 0022 13       		.uleb128 0x13
 406 0023 01       		.uleb128 0x1
 407 0024 13       		.uleb128 0x13
 408 0025 00       		.byte	0
 409 0026 00       		.byte	0
 410 0027 04       		.uleb128 0x4
 411 0028 21       		.uleb128 0x21
 412 0029 00       		.byte	0
 413 002a 49       		.uleb128 0x49
 414 002b 13       		.uleb128 0x13
 415 002c 2F       		.uleb128 0x2f
 416 002d 0B       		.uleb128 0xb
 417 002e 00       		.byte	0
 418 002f 00       		.byte	0
 419 0030 05       		.uleb128 0x5
 420 0031 0D       		.uleb128 0xd
 421 0032 00       		.byte	0
 422 0033 03       		.uleb128 0x3
 423 0034 0E       		.uleb128 0xe
 424 0035 3A       		.uleb128 0x3a
 425 0036 21       		.uleb128 0x21
 426 0037 03       		.sleb128 3
 427 0038 3B       		.uleb128 0x3b
 428 0039 05       		.uleb128 0x5
 429 003a 39       		.uleb128 0x39
 430 003b 21       		.uleb128 0x21
 431 003c 12       		.sleb128 18
 432 003d 49       		.uleb128 0x49
 433 003e 13       		.uleb128 0x13
 434 003f 38       		.uleb128 0x38
 435 0040 05       		.uleb128 0x5
 436 0041 00       		.byte	0
 437 0042 00       		.byte	0
 438 0043 06       		.uleb128 0x6
 439 0044 2E       		.uleb128 0x2e
 440 0045 01       		.byte	0x1
 441 0046 3F       		.uleb128 0x3f
 442 0047 19       		.uleb128 0x19
 443 0048 03       		.uleb128 0x3
 444 0049 0E       		.uleb128 0xe
 445 004a 3A       		.uleb128 0x3a
 446 004b 21       		.uleb128 0x21
 447 004c 04       		.sleb128 4
 448 004d 3B       		.uleb128 0x3b
 449 004e 0B       		.uleb128 0xb
 450 004f 39       		.uleb128 0x39
 451 0050 21       		.uleb128 0x21
 452 0051 06       		.sleb128 6
 453 0052 27       		.uleb128 0x27
 454 0053 19       		.uleb128 0x19
 455 0054 01       		.uleb128 0x1
 456 0055 13       		.uleb128 0x13
ARM GAS  /tmp/ccNGynZK.s 			page 9


 457 0056 00       		.byte	0
 458 0057 00       		.byte	0
 459 0058 07       		.uleb128 0x7
 460 0059 16       		.uleb128 0x16
 461 005a 00       		.byte	0
 462 005b 03       		.uleb128 0x3
 463 005c 0E       		.uleb128 0xe
 464 005d 3A       		.uleb128 0x3a
 465 005e 0B       		.uleb128 0xb
 466 005f 3B       		.uleb128 0x3b
 467 0060 0B       		.uleb128 0xb
 468 0061 39       		.uleb128 0x39
 469 0062 0B       		.uleb128 0xb
 470 0063 49       		.uleb128 0x49
 471 0064 13       		.uleb128 0x13
 472 0065 00       		.byte	0
 473 0066 00       		.byte	0
 474 0067 08       		.uleb128 0x8
 475 0068 35       		.uleb128 0x35
 476 0069 00       		.byte	0
 477 006a 49       		.uleb128 0x49
 478 006b 13       		.uleb128 0x13
 479 006c 00       		.byte	0
 480 006d 00       		.byte	0
 481 006e 09       		.uleb128 0x9
 482 006f 05       		.uleb128 0x5
 483 0070 00       		.byte	0
 484 0071 03       		.uleb128 0x3
 485 0072 08       		.uleb128 0x8
 486 0073 3A       		.uleb128 0x3a
 487 0074 21       		.uleb128 0x21
 488 0075 04       		.sleb128 4
 489 0076 3B       		.uleb128 0x3b
 490 0077 0B       		.uleb128 0xb
 491 0078 39       		.uleb128 0x39
 492 0079 0B       		.uleb128 0xb
 493 007a 49       		.uleb128 0x49
 494 007b 13       		.uleb128 0x13
 495 007c 00       		.byte	0
 496 007d 00       		.byte	0
 497 007e 0A       		.uleb128 0xa
 498 007f 26       		.uleb128 0x26
 499 0080 00       		.byte	0
 500 0081 49       		.uleb128 0x49
 501 0082 13       		.uleb128 0x13
 502 0083 00       		.byte	0
 503 0084 00       		.byte	0
 504 0085 0B       		.uleb128 0xb
 505 0086 0D       		.uleb128 0xd
 506 0087 00       		.byte	0
 507 0088 03       		.uleb128 0x3
 508 0089 08       		.uleb128 0x8
 509 008a 3A       		.uleb128 0x3a
 510 008b 21       		.uleb128 0x21
 511 008c 03       		.sleb128 3
 512 008d 3B       		.uleb128 0x3b
 513 008e 05       		.uleb128 0x5
ARM GAS  /tmp/ccNGynZK.s 			page 10


 514 008f 39       		.uleb128 0x39
 515 0090 21       		.uleb128 0x21
 516 0091 12       		.sleb128 18
 517 0092 49       		.uleb128 0x49
 518 0093 13       		.uleb128 0x13
 519 0094 38       		.uleb128 0x38
 520 0095 0B       		.uleb128 0xb
 521 0096 00       		.byte	0
 522 0097 00       		.byte	0
 523 0098 0C       		.uleb128 0xc
 524 0099 05       		.uleb128 0x5
 525 009a 00       		.byte	0
 526 009b 03       		.uleb128 0x3
 527 009c 0E       		.uleb128 0xe
 528 009d 3A       		.uleb128 0x3a
 529 009e 21       		.uleb128 0x21
 530 009f 04       		.sleb128 4
 531 00a0 3B       		.uleb128 0x3b
 532 00a1 0B       		.uleb128 0xb
 533 00a2 39       		.uleb128 0x39
 534 00a3 0B       		.uleb128 0xb
 535 00a4 49       		.uleb128 0x49
 536 00a5 13       		.uleb128 0x13
 537 00a6 00       		.byte	0
 538 00a7 00       		.byte	0
 539 00a8 0D       		.uleb128 0xd
 540 00a9 16       		.uleb128 0x16
 541 00aa 00       		.byte	0
 542 00ab 03       		.uleb128 0x3
 543 00ac 0E       		.uleb128 0xe
 544 00ad 3A       		.uleb128 0x3a
 545 00ae 21       		.uleb128 0x21
 546 00af 03       		.sleb128 3
 547 00b0 3B       		.uleb128 0x3b
 548 00b1 05       		.uleb128 0x5
 549 00b2 39       		.uleb128 0x39
 550 00b3 0B       		.uleb128 0xb
 551 00b4 49       		.uleb128 0x49
 552 00b5 13       		.uleb128 0x13
 553 00b6 00       		.byte	0
 554 00b7 00       		.byte	0
 555 00b8 0E       		.uleb128 0xe
 556 00b9 34       		.uleb128 0x34
 557 00ba 00       		.byte	0
 558 00bb 03       		.uleb128 0x3
 559 00bc 08       		.uleb128 0x8
 560 00bd 3A       		.uleb128 0x3a
 561 00be 21       		.uleb128 0x21
 562 00bf 04       		.sleb128 4
 563 00c0 3B       		.uleb128 0x3b
 564 00c1 0B       		.uleb128 0xb
 565 00c2 39       		.uleb128 0x39
 566 00c3 0B       		.uleb128 0xb
 567 00c4 49       		.uleb128 0x49
 568 00c5 13       		.uleb128 0x13
 569 00c6 00       		.byte	0
 570 00c7 00       		.byte	0
ARM GAS  /tmp/ccNGynZK.s 			page 11


 571 00c8 0F       		.uleb128 0xf
 572 00c9 11       		.uleb128 0x11
 573 00ca 01       		.byte	0x1
 574 00cb 25       		.uleb128 0x25
 575 00cc 0E       		.uleb128 0xe
 576 00cd 13       		.uleb128 0x13
 577 00ce 0B       		.uleb128 0xb
 578 00cf 03       		.uleb128 0x3
 579 00d0 0E       		.uleb128 0xe
 580 00d1 1B       		.uleb128 0x1b
 581 00d2 0E       		.uleb128 0xe
 582 00d3 10       		.uleb128 0x10
 583 00d4 17       		.uleb128 0x17
 584 00d5 00       		.byte	0
 585 00d6 00       		.byte	0
 586 00d7 10       		.uleb128 0x10
 587 00d8 24       		.uleb128 0x24
 588 00d9 00       		.byte	0
 589 00da 0B       		.uleb128 0xb
 590 00db 0B       		.uleb128 0xb
 591 00dc 3E       		.uleb128 0x3e
 592 00dd 0B       		.uleb128 0xb
 593 00de 03       		.uleb128 0x3
 594 00df 08       		.uleb128 0x8
 595 00e0 00       		.byte	0
 596 00e1 00       		.byte	0
 597 00e2 11       		.uleb128 0x11
 598 00e3 13       		.uleb128 0x13
 599 00e4 01       		.byte	0x1
 600 00e5 0B       		.uleb128 0xb
 601 00e6 05       		.uleb128 0x5
 602 00e7 3A       		.uleb128 0x3a
 603 00e8 0B       		.uleb128 0xb
 604 00e9 3B       		.uleb128 0x3b
 605 00ea 05       		.uleb128 0x5
 606 00eb 39       		.uleb128 0x39
 607 00ec 0B       		.uleb128 0xb
 608 00ed 01       		.uleb128 0x1
 609 00ee 13       		.uleb128 0x13
 610 00ef 00       		.byte	0
 611 00f0 00       		.byte	0
 612 00f1 12       		.uleb128 0x12
 613 00f2 0D       		.uleb128 0xd
 614 00f3 00       		.byte	0
 615 00f4 03       		.uleb128 0x3
 616 00f5 08       		.uleb128 0x8
 617 00f6 3A       		.uleb128 0x3a
 618 00f7 0B       		.uleb128 0xb
 619 00f8 3B       		.uleb128 0x3b
 620 00f9 05       		.uleb128 0x5
 621 00fa 39       		.uleb128 0x39
 622 00fb 0B       		.uleb128 0xb
 623 00fc 49       		.uleb128 0x49
 624 00fd 13       		.uleb128 0x13
 625 00fe 38       		.uleb128 0x38
 626 00ff 05       		.uleb128 0x5
 627 0100 00       		.byte	0
ARM GAS  /tmp/ccNGynZK.s 			page 12


 628 0101 00       		.byte	0
 629 0102 13       		.uleb128 0x13
 630 0103 13       		.uleb128 0x13
 631 0104 01       		.byte	0x1
 632 0105 0B       		.uleb128 0xb
 633 0106 0B       		.uleb128 0xb
 634 0107 3A       		.uleb128 0x3a
 635 0108 0B       		.uleb128 0xb
 636 0109 3B       		.uleb128 0x3b
 637 010a 05       		.uleb128 0x5
 638 010b 39       		.uleb128 0x39
 639 010c 0B       		.uleb128 0xb
 640 010d 01       		.uleb128 0x1
 641 010e 13       		.uleb128 0x13
 642 010f 00       		.byte	0
 643 0110 00       		.byte	0
 644 0111 14       		.uleb128 0x14
 645 0112 34       		.uleb128 0x34
 646 0113 00       		.byte	0
 647 0114 03       		.uleb128 0x3
 648 0115 0E       		.uleb128 0xe
 649 0116 49       		.uleb128 0x49
 650 0117 13       		.uleb128 0x13
 651 0118 34       		.uleb128 0x34
 652 0119 19       		.uleb128 0x19
 653 011a 00       		.byte	0
 654 011b 00       		.byte	0
 655 011c 15       		.uleb128 0x15
 656 011d 2E       		.uleb128 0x2e
 657 011e 01       		.byte	0x1
 658 011f 3F       		.uleb128 0x3f
 659 0120 19       		.uleb128 0x19
 660 0121 03       		.uleb128 0x3
 661 0122 0E       		.uleb128 0xe
 662 0123 3A       		.uleb128 0x3a
 663 0124 0B       		.uleb128 0xb
 664 0125 3B       		.uleb128 0x3b
 665 0126 0B       		.uleb128 0xb
 666 0127 39       		.uleb128 0x39
 667 0128 0B       		.uleb128 0xb
 668 0129 27       		.uleb128 0x27
 669 012a 19       		.uleb128 0x19
 670 012b 00       		.byte	0
 671 012c 00       		.byte	0
 672 012d 16       		.uleb128 0x16
 673 012e 0B       		.uleb128 0xb
 674 012f 01       		.byte	0x1
 675 0130 00       		.byte	0
 676 0131 00       		.byte	0
 677 0132 00       		.byte	0
 678              		.section	.gnu.debuglto_.debug_line,"e",%progbits
 679              	.Ldebug_line0:
 680 0000 51000000 		.4byte	.LELT0-.LSLT0
 681              	.LSLT0:
 682 0004 0500     		.2byte	0x5
 683 0006 04       		.byte	0x4
 684 0007 00       		.byte	0
ARM GAS  /tmp/ccNGynZK.s 			page 13


 685 0008 49000000 		.4byte	.LELTP0-.LASLTP0
 686              	.LASLTP0:
 687 000c 01       		.byte	0x1
 688 000d 01       		.byte	0x1
 689 000e 01       		.byte	0x1
 690 000f F6       		.byte	0xf6
 691 0010 F2       		.byte	0xf2
 692 0011 0D       		.byte	0xd
 693 0012 00       		.byte	0
 694 0013 01       		.byte	0x1
 695 0014 01       		.byte	0x1
 696 0015 01       		.byte	0x1
 697 0016 01       		.byte	0x1
 698 0017 00       		.byte	0
 699 0018 00       		.byte	0
 700 0019 00       		.byte	0
 701 001a 01       		.byte	0x1
 702 001b 00       		.byte	0
 703 001c 00       		.byte	0
 704 001d 01       		.byte	0x1
 705 001e 01       		.byte	0x1
 706 001f 01       		.uleb128 0x1
 707 0020 1F       		.uleb128 0x1f
 708 0021 05       		.uleb128 0x5
 709 0022 90010000 		.4byte	.LASF44
 710 0026 AA000000 		.4byte	.LASF45
 711 002a 64010000 		.4byte	.LASF46
 712 002e FB000000 		.4byte	.LASF47
 713 0032 3E000000 		.4byte	.LASF48
 714 0036 02       		.byte	0x2
 715 0037 01       		.uleb128 0x1
 716 0038 1F       		.uleb128 0x1f
 717 0039 02       		.uleb128 0x2
 718 003a 0B       		.uleb128 0xb
 719 003b 05       		.uleb128 0x5
 720 003c 00000000 		.4byte	.LASF49
 721 0040 00       		.byte	0
 722 0041 EA000000 		.4byte	.LASF50
 723 0045 03       		.byte	0x3
 724 0046 E0000000 		.4byte	.LASF51
 725 004a 04       		.byte	0x4
 726 004b 33000000 		.4byte	.LASF52
 727 004f 01       		.byte	0x1
 728 0050 A3000000 		.4byte	.LASF53
 729 0054 02       		.byte	0x2
 730              	.LELTP0:
 731              	.LELT0:
 732              		.section	.gnu.debuglto_.debug_str,"eMS",%progbits,1
 733              	.LASF36:
 734 0000 7072696F 		.ascii	"prio\000"
 734      00
 735              	.LASF21:
 736 0005 49435052 		.ascii	"ICPR\000"
 736      00
 737              	.LASF32:
 738 000a 6E766963 		.ascii	"nvicSetPending\000"
 738      53657450 
ARM GAS  /tmp/ccNGynZK.s 			page 14


 738      656E6469 
 738      6E6700
 739              	.LASF29:
 740 0019 53484353 		.ascii	"SHCSR\000"
 740      5200
 741              	.LASF8:
 742 001f 5F5F696E 		.ascii	"__int32_t\000"
 742      7433325F 
 742      7400
 743              	.LASF16:
 744 0029 52455345 		.ascii	"RESERVED0\000"
 744      52564544 
 744      3000
 745              	.LASF28:
 746 0033 52455345 		.ascii	"RESERVED1\000"
 746      52564544 
 746      3100
 747              	.LASF22:
 748 003d 52455345 		.ascii	"RESERVED3\000"
 748      52564544 
 748      3300
 749              	.LASF23:
 750 0047 52455345 		.ascii	"RESERVED4\000"
 750      52564544 
 750      3400
 751              	.LASF42:
 752 0051 5F5F6675 		.ascii	"__func__\000"
 752      6E635F5F 
 752      00
 753              	.LASF3:
 754 005a 7369676E 		.ascii	"signed char\000"
 754      65642063 
 754      68617200 
 755              	.LASF4:
 756 0066 756E7369 		.ascii	"unsigned char\000"
 756      676E6564 
 756      20636861 
 756      7200
 757              	.LASF24:
 758 0074 4E564943 		.ascii	"NVIC_Type\000"
 758      5F547970 
 758      6500
 759              	.LASF10:
 760 007e 6C6F6E67 		.ascii	"long unsigned int\000"
 760      20756E73 
 760      69676E65 
 760      6420696E 
 760      7400
 761              	.LASF6:
 762 0090 73686F72 		.ascii	"short unsigned int\000"
 762      7420756E 
 762      7369676E 
 762      65642069 
 762      6E7400
 763              	.LASF43:
 764 00a3 6E766963 		.ascii	"nvicInit\000"
 764      496E6974 
ARM GAS  /tmp/ccNGynZK.s 			page 15


 764      00
 765              	.LASF33:
 766 00ac 6E766963 		.ascii	"nvicClearPending\000"
 766      436C6561 
 766      7250656E 
 766      64696E67 
 766      00
 767              	.LASF20:
 768 00bd 52455345 		.ascii	"RESERVED2\000"
 768      52564544 
 768      3200
 769              	.LASF9:
 770 00c7 5F5F7569 		.ascii	"__uint32_t\000"
 770      6E743332 
 770      5F7400
 771              	.LASF17:
 772 00d2 49434552 		.ascii	"ICER\000"
 772      00
 773              	.LASF30:
 774 00d7 5343425F 		.ascii	"SCB_Type\000"
 774      54797065 
 774      00
 775              	.LASF0:
 776 00e0 756E7369 		.ascii	"unsigned int\000"
 776      676E6564 
 776      20696E74 
 776      00
 777              	.LASF19:
 778 00ed 49535052 		.ascii	"ISPR\000"
 778      00
 779              	.LASF11:
 780 00f2 6C6F6E67 		.ascii	"long long unsigned int\000"
 780      206C6F6E 
 780      6720756E 
 780      7369676E 
 780      65642069 
 781              	.LASF26:
 782 0109 49435352 		.ascii	"ICSR\000"
 782      00
 783              	.LASF27:
 784 010e 41495243 		.ascii	"AIRCR\000"
 784      5200
 785              	.LASF18:
 786 0114 52534552 		.ascii	"RSERVED1\000"
 786      56454431 
 786      00
 787              	.LASF35:
 788 011d 68616E64 		.ascii	"handler\000"
 788      6C657200 
 789              	.LASF1:
 790 0125 6C6F6E67 		.ascii	"long long int\000"
 790      206C6F6E 
 790      6720696E 
 790      7400
 791              	.LASF25:
 792 0133 43505549 		.ascii	"CPUID\000"
 792      4400
ARM GAS  /tmp/ccNGynZK.s 			page 16


 793              	.LASF14:
 794 0139 63686172 		.ascii	"char\000"
 794      00
 795              	.LASF15:
 796 013e 49534552 		.ascii	"ISER\000"
 796      00
 797              	.LASF12:
 798 0143 696E7433 		.ascii	"int32_t\000"
 798      325F7400 
 799              	.LASF5:
 800 014b 73686F72 		.ascii	"short int\000"
 800      7420696E 
 800      7400
 801              	.LASF40:
 802 0155 2E2E2F2E 		.ascii	"../../../ChibiOS/os/hal/ports/common/ARMCMx/nvic.c\000"
 802      2E2F2E2E 
 802      2F436869 
 802      62694F53 
 802      2F6F732F 
 803              	.LASF39:
 804 0188 474E5520 		.ascii	"GNU C17 11.3.1 20220712 -mcpu=cortex-m0 -mthumb -mf"
 804      43313720 
 804      31312E33 
 804      2E312032 
 804      30323230 
 805 01bb 6C6F6174 		.ascii	"loat-abi=soft -march=armv6s-m -ggdb -Os -fomit-fram"
 805      2D616269 
 805      3D736F66 
 805      74202D6D 
 805      61726368 
 806 01ee 652D706F 		.ascii	"e-pointer -falign-functions=16 -fsingle-precision-c"
 806      696E7465 
 806      72202D66 
 806      616C6967 
 806      6E2D6675 
 807 0221 6F6E7374 		.ascii	"onstant -ffunction-sections -fdata-sections -fno-co"
 807      616E7420 
 807      2D666675 
 807      6E637469 
 807      6F6E2D73 
 808 0254 6D6D6F6E 		.ascii	"mmon -flto\000"
 808      202D666C 
 808      746F00
 809              	.LASF13:
 810 025f 75696E74 		.ascii	"uint32_t\000"
 810      33325F74 
 810      00
 811              	.LASF7:
 812 0268 6C6F6E67 		.ascii	"long int\000"
 812      20696E74 
 812      00
 813              	.LASF2:
 814 0271 6C6F6E67 		.ascii	"long double\000"
 814      20646F75 
 814      626C6500 
 815              	.LASF37:
 816 027d 6E766963 		.ascii	"nvicDisableVector\000"
ARM GAS  /tmp/ccNGynZK.s 			page 17


 816      44697361 
 816      626C6556 
 816      6563746F 
 816      7200
 817              	.LASF34:
 818 028f 6E766963 		.ascii	"nvicSetSystemHandlerPriority\000"
 818      53657453 
 818      79737465 
 818      6D48616E 
 818      646C6572 
 819              	.LASF31:
 820 02ac 5F426F6F 		.ascii	"_Bool\000"
 820      6C00
 821              	.LASF41:
 822 02b2 2F686F6D 		.ascii	"/home/kocur/wideband-2311-f0_addon/firmware/boards/"
 822      652F6B6F 
 822      6375722F 
 822      77696465 
 822      62616E64 
 823 02e5 66305F61 		.ascii	"f0_addon/bootloader\000"
 823      64646F6E 
 823      2F626F6F 
 823      746C6F61 
 823      64657200 
 824              	.LASF38:
 825 02f9 6E766963 		.ascii	"nvicEnableVector\000"
 825      456E6162 
 825      6C655665 
 825      63746F72 
 825      00
 826              		.section	.gnu.debuglto_.debug_line_str,"eMS",%progbits,1
 827              	.LASF49:
 828 0000 2E2E2F2E 		.ascii	"../../../ChibiOS/os/hal/ports/common/ARMCMx/nvic.c\000"
 828      2E2F2E2E 
 828      2F436869 
 828      62694F53 
 828      2F6F732F 
 829              	.LASF52:
 830 0033 636F7265 		.ascii	"core_cm0.h\000"
 830      5F636D30 
 830      2E6800
 831              	.LASF48:
 832 003e 2F686F6D 		.ascii	"/home/kocur/.rusefi-tools/arm-gnu-toolchain-11.3.re"
 832      652F6B6F 
 832      6375722F 
 832      2E727573 
 832      6566692D 
 833 0071 6C312D78 		.ascii	"l1-x86_64-arm-none-eabi/arm-none-eabi/include/sys\000"
 833      38365F36 
 833      342D6172 
 833      6D2D6E6F 
 833      6E652D65 
 834              	.LASF53:
 835 00a3 6E766963 		.ascii	"nvic.c\000"
 835      2E6300
 836              	.LASF45:
 837 00aa 2E2E2F2E 		.ascii	"../../../ChibiOS/os/common/ext/ARM/CMSIS/Core/Inclu"
ARM GAS  /tmp/ccNGynZK.s 			page 18


 837      2E2F2E2E 
 837      2F436869 
 837      62694F53 
 837      2F6F732F 
 838 00dd 646500   		.ascii	"de\000"
 839              	.LASF51:
 840 00e0 5F737464 		.ascii	"_stdint.h\000"
 840      696E742E 
 840      6800
 841              	.LASF50:
 842 00ea 5F646566 		.ascii	"_default_types.h\000"
 842      61756C74 
 842      5F747970 
 842      65732E68 
 842      00
 843              	.LASF47:
 844 00fb 2F686F6D 		.ascii	"/home/kocur/.rusefi-tools/arm-gnu-toolchain-11.3.re"
 844      652F6B6F 
 844      6375722F 
 844      2E727573 
 844      6566692D 
 845 012e 6C312D78 		.ascii	"l1-x86_64-arm-none-eabi/arm-none-eabi/include/machi"
 845      38365F36 
 845      342D6172 
 845      6D2D6E6F 
 845      6E652D65 
 846 0161 6E6500   		.ascii	"ne\000"
 847              	.LASF46:
 848 0164 2E2E2F2E 		.ascii	"../../../ChibiOS/os/hal/ports/common/ARMCMx\000"
 848      2E2F2E2E 
 848      2F436869 
 848      62694F53 
 848      2F6F732F 
 849              	.LASF44:
 850 0190 2F686F6D 		.ascii	"/home/kocur/wideband-2311-f0_addon/firmware/boards/"
 850      652F6B6F 
 850      6375722F 
 850      77696465 
 850      62616E64 
 851 01c3 66305F61 		.ascii	"f0_addon/bootloader\000"
 851      64646F6E 
 851      2F626F6F 
 851      746C6F61 
 851      64657200 
 852              		.text
 853              		.section	.gnu.lto_.profile.1c8163c577bcd17b,"e",%progbits
 854 0000 789C6362 		.ascii	"x\234cb\000\001\000\000\022\000\003"
 854      00010000 
 854      120003
 855              		.text
 856              		.section	.gnu.lto_.icf.1c8163c577bcd17b,"e",%progbits
 857 0000 789C4B61 		.ascii	"x\234Ka@\0006\206\3717\366}edab`b\004a\306\236M\347"
 857      40003686 
 857      F937F67D 
 857      65646162 
 857      60620461 
 858 0018 0E3271C0 		.ascii	"\0162q\300\270p\274\345f\3734~\014a\346\275o\236\357"
ARM GAS  /tmp/ccNGynZK.s 			page 19


 858      B870BCE5 
 858      66FB347E 
 858      0C61E6BD 
 858      6F9EEF
 859 002b 62076966 		.ascii	"b\007if\002a\226\271{go\346\0051\031Y\337\375|\336\004"
 859      026196B9 
 859      7B676FE6 
 859      05311959 
 859      DFFD7CDE 
 860 0040 16656400 		.ascii	"\026ed\000\000\307n\022\351"
 860      00C76E12 
 860      E9
 861              		.text
 862              		.section	.gnu.lto_.ipa_sra.1c8163c577bcd17b,"e",%progbits
 863 0000 789C3360 		.ascii	"x\2343`@\0006\006\006FF&\030\217\221\211\021L1#DX \""
 863      40003606 
 863      06464626 
 863      188F9189 
 863      114C3123 
 864 0018 AC108A01 		.ascii	"\254\020\212\001\000\016\376\000S"
 864      000EFE00 
 864      53
 865              		.text
 866              		.section	.gnu.lto_.inline.1c8163c577bcd17b,"e",%progbits
 867 0000 789C9D4F 		.ascii	"x\234\235OA\016\202@\020\353tA7\206\223!\221\337q@\364"
 867      410E8240 
 867      10EB7441 
 867      37869321 
 867      91DF7140 
 868 0015 1B3EC127 		.ascii	"\033>\301'\370\004\237\300S\370\011tV\331H\242\034\234"
 868      F8049FC0 
 868      53F80974 
 868      56D948A2 
 868      1C9C
 869 0027 CB4EBB6D 		.ascii	"\313N\273m\323i\015yv\300~\322\204\336\300\350\033{"
 869      D3690D79 
 869      76C07ED2 
 869      84DEC0E8 
 869      1B7B
 870 0039 B1370DCF 		.ascii	"\2617\015\317\004]c8\011\216\274\032a\014\316\274\236"
 870      045D6338 
 870      098EBC1A 
 870      610CCEBC 
 870      9E
 871 004a B2725D58 		.ascii	"\262r]X\033\232\304]P\200\211\354\020\363Vy\034Q\013"
 871      1B9AC45D 
 871      508089EC 
 871      10F35679 
 871      1C510B
 872 005d 3D1567EF 		.ascii	"=\025g\357\270p\0201\360W\216+p\024\272\177\251\020"
 872      B8701031 
 872      F0578E2B 
 872      7014BA7F 
 872      A910
 873 006f 93636D75 		.ascii	"\223cmu\355\203\033\025\012\270m\320\321\271\302\362"
 873      ED831B15 
 873      0AB86DD0 
ARM GAS  /tmp/ccNGynZK.s 			page 20


 873      D1B9C2F2 
 874 007f FF99B364 		.ascii	"\377\231\263d\247\012\345\037\036\314\001\321Hf"
 874      A70AE51F 
 874      1ECC01D1 
 874      4866
 875              		.text
 876              		.section	.gnu.lto_.jmpfuncs.1c8163c577bcd17b,"e",%progbits
 877 0000 789C3360 		.ascii	"x\2343`@\0006 fdbdd\256g\002! \213\021H1#DX \"\254\020"
 877      40003620 
 877      66646264 
 877      64AE6702 
 877      21208B11 
 878 001d 8A010061 		.ascii	"\212\001\000aV\003\371"
 878      5603F9
 879              		.text
 880              		.section	.gnu.lto_.pureconst.1c8163c577bcd17b,"e",%progbits
 881 0000 789C1366 		.ascii	"x\234\023f```c\230\305\3028\213\205i\026\013\363,\026"
 881      60606063 
 881      98C5C238 
 881      8B856916 
 881      0BF32C16 
 882 0014 96592CAC 		.ascii	"\226Y,\254\263X\000%\275\003\335"
 882      B3580025 
 882      BD03DD
 883              		.text
 884              		.section	.gnu.lto_.ipa_modref.1c8163c577bcd17b,"e",%progbits
 885 0000 789C9BC1 		.ascii	"x\234\233\301\200\000l\014\014\012\002\002\020\202\221"
 885      80006C0C 
 885      0C0A0202 
 885      108291
 886 000f 89058859 		.ascii	"\211\005\210Y\031\031\030\030Q\371\250\222L\370$\231"
 886      19191818 
 886      51F9A892 
 886      4CF82499 
 887 001f A17C3664 		.ascii	"\241|6dI(\207\201\005\233]\254\330\004\031\000\202\002"
 887      49288781 
 887      059B5DAC 
 887      D8041900 
 887      8202
 888 0031 0442     		.ascii	"\004B"
 889              		.text
 890              		.section	.gnu.lto_.lto.1c8163c577bcd17b,"e",%progbits
 891 0000 0B000300 		.ascii	"\013\000\003\000\001\000\000\000"
 891      01000000 
 892              		.text
 893              		.section	.gnu.lto_nvicInit.186.1c8163c577bcd17b,"e",%progbits
 894 0000 789C6D52 		.ascii	"x\234mR\317k\023A\024~of7F,Q\360\007z\013\202^\244\231"
 894      CF6B1341 
 894      147E6F66 
 894      37462C51 
 894      F0077A0B 
 895 0018 D606D15B 		.ascii	"\326\006\321[%\007OE\260\177\200lv\023\262\330du\323"
 895      25074F45 
 895      B07F806C 
 895      7613B2D8 
 895      6475D3
 896 002b 1A456A26 		.ascii	"\032Ej&\215Z\210\007\335\322S\205\326\352E\212R\212"
ARM GAS  /tmp/ccNGynZK.s 			page 21


 896      8D5A8807 
 896      DDD25385 
 896      D6EA458A 
 896      528A
 897 003d 176D6D5D 		.ascii	"\027mm]\243\215zU\274U\224\036$z\261\242\030A%\276\335"
 897      A38D7A55 
 897      BC55941E 
 897      247AB1A2 
 897      184125BE 
 898 0052 6DD21E1C 		.ascii	"m\322\036\034vg\336\274\357{\337\373\261\333\301\000"
 898      7667DEBC 
 898      EF7BDFFB 
 898      B1DBC100 
 899 0062 C6002047 		.ascii	"\306\000 G/\206\000\307\234\012\003)e\357\026\206\343"
 899      2F8600C7 
 899      9C0A0329 
 899      65EF1686 
 899      E3
 900 0073 4EA53971 		.ascii	"N\2459q\020\227\320\277s\034\237ka\012+;\327Y\200D\225"
 900      1097D0BF 
 900      731C9F6B 
 900      610A2B3B 
 900      D7598044 
 901 0088 AB4EC43F 		.ascii	"\253N\304?U,9\225\306\255\375\270\020D \024\031'o\221"
 901      552C3995 
 901      C6ADFDB8 
 901      10442014 
 901      19276F91 
 902 009c 2980AE82 		.ascii	")\200\256\202\350o\260\276\246\271 \326\257\345Ok\017"
 902      E86FB0BE 
 902      A6B920D6 
 902      AFE54F6B 
 902      0F
 903 00ad F7CA7B2E 		.ascii	"\367\312{.~\001(\2660\025C;\221\"C\2731\252b\37029\016"
 903      7E0128B6 
 903      3015433B 
 903      912243BB 
 903      31AA62F8 
 904 00c4 B952AECD 		.ascii	"\271R\256\315\224G#7K\341\341y,>\306G\276\224\304\267"
 904      94472337 
 904      4BE1E179 
 904      2C3EC647 
 904      BE94C4B7 
 905 00d8 EA365840 		.ascii	"\3526X@/\030\211\353`\213<{\267\342\223\0277\223\337"
 905      2F1889EB 
 905      608B3C7B 
 905      B7E29317 
 905      3793DF
 906 00eb 137909E1 		.ascii	"\023y\011\341\011\222\275\242\222\023q\021g\337\250"
 906      0992BDA2 
 906      92137111 
 906      67DFA8
 907 00fa AEFCD3BC 		.ascii	"\256\374\323\274!es\337\203\225\257\341\020\002y\001"
 907      216573DF 
 907      8395AFE1 
 907      10027901 
 908 010a 263994A8 		.ascii	"&9\224\250F\206\322\005\230\342,\270\224\350\322`r\365"
ARM GAS  /tmp/ccNGynZK.s 			page 22


 908      4686D205 
 908      98E22CB8 
 908      94E8D260 
 908      72F5
 909 011c 5D0DE91C 		.ascii	"]\015\351\034\271}\014\34714\214\201\363\203\357\224"
 909      B97D0CE7 
 909      31348C81 
 909      F383EF94 
 910 012c 77E6149A 		.ascii	"w\346\024\232\216\017\367\223\024>\365\322Oq\336V\340"
 910      8E0FF793 
 910      143EF5D2 
 910      4F71DE56 
 910      E0
 911 013d 1EF95B8D 		.ascii	"\036\371[\215\301oV\375Q\337C\255^\362\012\247]V\313"
 911      C16F56FD 
 911      51DF43AD 
 911      5EF20AA7 
 911      5D56CB
 912 0150 32A2E27D 		.ascii	"2\242\342}o\206\365\216\213U|\346\001G\246\245\014\027"
 912      6F86F58E 
 912      8B557CE6 
 912      0147A6A5 
 912      0C17
 913 0162 9EE310C0 		.ascii	"\236\343\020\300Q2\353\273\362/\320\365D)s\223\326v"
 913      5132EBBB 
 913      F22FD0F5 
 913      44297393 
 913      D676
 914 0174 3FFBF74D 		.ascii	"?\373\367M\202\377\025x\211\347\332\002\257\002\001"
 914      82FF1578 
 914      89E7DA02 
 914      AF0201
 915 0183 5CC6A0F2 		.ascii	"\\\306\240\362k\007\274z\243T.i\006\365*$!\025\257^"
 915      6B07BC7A 
 915      A3542E69 
 915      06F52A24 
 915      2115AF5E 
 916 0197 24A8D79B 		.ascii	"$\250\327\233\012\017\372k\370\375\375dW>'\370z{0\352"
 916      0A0FFA6B 
 916      F8FDFD64 
 916      573E27F8 
 916      7A7B30EA 
 917 01ab 5B6C42C5 		.ascii	"[lB\305\327\310g\266R\274\2721\261&\033\371\370\267"
 917      D7C867B6 
 917      52BCBA31 
 917      B1261BF9 
 917      F8B7
 918 01bd 16A67FC3 		.ascii	"\026\246\177\303\377\302\223\0347F\013pBd\254lJ\234"
 918      FFC2931C 
 918      37460B70 
 918      4264AC6C 
 918      4A9C
 919 01cf B1F4215B 		.ascii	"\261\364![\024L#\225\324rF\347\341\236\356\356\316t"
 919      144C2395 
 919      D47246E7 
 919      E19EEEEE 
 919      CE74
ARM GAS  /tmp/ccNGynZK.s 			page 23


 920 01e1 D769CD30 		.ascii	"\327i\3150\254\234H\233v\266\240\331)\221\2644\333\310"
 920      AC9C489B 
 920      76B6A0D9 
 920      2991B434 
 920      DBC8
 921 01f3 8B3690B4 		.ascii	"\2136\220\264\254\301\001K3R6\364\304b\"x\022\0313i"
 921      ACC1014B 
 921      335236F4 
 921      C4622278 
 921      12193369 
 922 0207 9EEC1756 		.ascii	"\236\354\027V^d\264\001q\326\262\007\363B\267\262Y\012"
 922      5E64B401 
 922      71D6B207 
 922      F342B7B2 
 922      590A
 923 0219 387EAA2F 		.ascii	"8~\252/\321wA\344\316\233zL\007\314\355\010\254X<\255"
 923      D17741E4 
 923      CE9B7A4C 
 923      07CCED08 
 923      AC583CAD 
 924 022d 7719713D 		.ascii	"w\031q=\016h\376\003h\003\363\353"
 924      0E68FE03 
 924      6803F3EB 
 925              		.text
 926              		.section	.gnu.lto_nvicEnableVector.187.1c8163c577bcd17b,"e",%progbits
 927 0000 789C7D52 		.ascii	"x\234}R\315KTQ\024?\347\236\367\336\3148~A\005\356\012"
 927      CD4B5451 
 927      143FE79E 
 927      F7DECC38 
 927      7E4105EE 
 928 0015 2468A173 		.ascii	"$h\241s5%Z\026.\\IP\177@\314\314\233\301\207\316\\{"
 928      35255A16 
 928      2E5C4950 
 928      7F40CCCC 
 928      9BC187CE 
 929 002b A3D9C29A 		.ascii	"\243\331\302\232\253\0033\340&\214\002\0114\\\345\""
 929      AB0333E0 
 929      268C0209 
 929      345CE522 
 930 003b 088242C5 		.ascii	"\010\202B\305p2\244\017\210\314\260\026%I\220X\213\026"
 930      7032A40F 
 930      88CCB016 
 930      25499058 
 930      8B16
 931 004d 811464D9 		.ascii	"\201\024d\331y\357\215V\213z\274\337\345\374\316\327"
 931      79EF8D56 
 931      8B7ABCDF 
 931      E5FCCED7 
 932 005d EFDCF3DE 		.ascii	"\357\334\363\336M\001p\015\000\032\031H\200W\306F\005"
 932      4D01700D 
 932      001A1948 
 932      8057C646 
 932      05
 933 006e 68AD4F84 		.ascii	"h\255O\204\004\016\217\215F\360>\372\014!/0\217S$\231"
 933      040E8F8D 
 933      46F03EFA 
 933      0C212F30 
ARM GAS  /tmp/ccNGynZK.s 			page 24


 933      8F532499 
 934 0082 7E5BDA58 		.ascii	"~[\332X\237m\320\323e\374\004\220\007\3771\321\332\207"
 934      9F6DD0D3 
 934      65FC0490 
 934      07FF31D1 
 934      DA87
 935 0094 069F07F0 		.ascii	"\006\237\007\360\220\211\341K\320\\\326z\371\361\214"
 935      9089E14B 
 935      D05CD67A 
 935      F9F18C
 936 00a3 D611B838 		.ascii	"\326\021\2708\207\371Y\234A\000\201\032\357\231\034"
 936      87F9599C 
 936      4100811A 
 936      EF991C
 937 00b2 1FC320E1 		.ascii	"\037\303 \341m\2200\377g\302\202\011\020\015\032\263"
 937      6D9030FF 
 937      67C28209 
 937      100D1AB3 
 938 00c2 076EAF98 		.ascii	"\007n\257\230e\275\275sY\353\325\015\374\334\270\037"
 938      65BDBD73 
 938      59EBD50D 
 938      FCDCB81F 
 939 00d2 4108C120 		.ascii	"A\010\301 \206\3010A\220\305\010\261\035fD\030U\214"
 939      86C13041 
 939      90C508B1 
 939      1D664418 
 939      558C
 940 00e4 28A39A51 		.ascii	"(\243\232Q\303\261Z\3049\254G\234\347\206\223\344]P"
 940      C3B15AC4 
 940      39AC479C 
 940      E78693E4 
 940      5D50
 941 00f6 1BA8CB00 		.ascii	"\033\250\313\0007H\004d\230\311W\241\337\337}\204\360"
 941      37480464 
 941      98C957A1 
 941      DFDF7D84 
 941      F0
 942 0107 5D147E16 		.ascii	"]\024~\026WMB\252\265\216\240`\276\270\362\261\211\004"
 942      574D42AA 
 942      B58EA060 
 942      BEB8F2B1 
 942      8904
 943 0119 DF6E10C1 		.ascii	"\337n\020\301?\365bA\327\232x\313\333\316\364\341\201"
 943      3FF56241 
 943      D79A78CB 
 943      DBCEF4E1 
 943      81
 944 012a 0758F602 		.ascii	"\007X\366\002\307\246\264\016\347\026\361\034\300q6"
 944      C7A6B40E 
 944      E716F11C 
 944      C07136
 945 0139 379BD443 		.ascii	"7\233\324C\034\362\266\303\035\307Kk\015D~G\362\370"
 945      1CF2B6C3 
 945      1DC74B6B 
 945      0D447E47 
 945      F2F8
 946 014b 9D229241 		.ascii	"\235\"\222A\3044\354\321\355\342R\003\231\326\033\300"
ARM GAS  /tmp/ccNGynZK.s 			page 25


 946      C434ECD1 
 946      EDE25203 
 946      99D61BC0 
 947 015b 1DF6B367 		.ascii	"\035\366\263g\344zi)D\026\231A\361\226E!\362.\352\347"
 947      E47A6929 
 947      44169941 
 947      F1964521 
 947      F22EEAE7 
 948 016f BE9B18A2 		.ascii	"\276\233\030\2420\325{\351\025\317\017\213\"\354\362"
 948      30D57BE9 
 948      15CF0F8B 
 948      22ECF2
 949 017e 2A0B574B 		.ascii	"*\013WK\257'^YT\305\025\021o\370/\243kT\231u\223\376"
 949      AF275E59 
 949      54C51511 
 949      6FF82FA3 
 949      6B549975 
 950 0194 9EF5C9EE 		.ascii	"\236\365\311\356\254\323u\352\251?+U\371{X\010\3660"
 950      ACD375EA 
 950      A93F2B55 
 950      F97B5808 
 950      F630
 951 01a6 5EFA6050 		.ascii	"^\372`P\324\237\372`e/\202\252\231\263\262\031(o\021"
 951      D49FFA60 
 951      652F82AA 
 951      99B3B219 
 951      286F11
 952 01b9 D5781429 		.ascii	"\325x\024)\032\210=\373\207X\3469\366T\026S\247\226"
 952      1A883DFB 
 952      8758E639 
 952      F6541653 
 952      A796
 953 01cb 31ED89D5 		.ascii	"1\355\211\325\370b/|\261\377\225\256\240\263W\372r\267"
 953      F8622F7C 
 953      B1FF95AE 
 953      A0B357FA 
 953      72B7
 954 01dd 74478CAC 		.ascii	"tG\214\254\257u\372\277\337$\341\357\217\012\320)\273"
 954      AF75FABF 
 954      DF24E1EF 
 954      8F0AD029 
 954      BB
 955 01ee 5526257B 		.ascii	"U&%{Tr\300\225\203\216\235J\304\263v\363\321\266\326"
 955      5472C095 
 955      838E9D4A 
 955      C4B376F3 
 955      D1B6D6
 956 0201 D6E674CB 		.ascii	"\326\346t\313\331\270m\253\254L;nf0\356\246dB\305];"
 956      D9B86DAB 
 956      AC4C3B6E 
 956      6630EEA6 
 956      6442C55D 
 957 0216 27F70209 		.ascii	"'\367\002\011\245\372{U\334N\271\320\026\213\311\340"
 957      A5FA7B55 
 957      DC4EB9D0 
 957      168BC9E0 
 958 0226 EDE87612 		.ascii	"\355\350v\022\316\2513R\345dw\274W\366)\267?'\223*\223"
ARM GAS  /tmp/ccNGynZK.s 			page 26


 958      CEA93352 
 958      E56477BC 
 958      57F629B7 
 958      3F27932A 
 959 023b E18293A7 		.ascii	"\341\202\223\247\273:\272.\310\354y'\031K\002f\353\003"
 959      BB3ABA2E 
 959      C8EC7927 
 959      194B0266 
 959      EB03
 960 024d 2BD69E4E 		.ascii	"+\326\236N\266\330\355\311v0\372\\G\375\002\260D\375"
 960      B6D8EDC9 
 960      7630FA5C 
 960      47FD02B0 
 960      44FD
 961 025f C0       		.ascii	"\300"
 962              		.text
 963              		.section	.gnu.lto_nvicDisableVector.188.1c8163c577bcd17b,"e",%progbits
 964 0000 789C7552 		.ascii	"x\234uRAk\023Q\020\236y\223\335l\032\260\005\021zSP"
 964      416B1351 
 964      109E7993 
 964      DD6C1AB0 
 964      05117A53 
 965 0015 C14393D7 		.ascii	"\301C\223\327\332 \036\225\"\202P\004\375\001\262\331"
 965      DA201E95 
 965      22825004 
 965      FD01B2D9 
 966 0025 4DC89226 		.ascii	"M\310\222&O\223\266\021A\363\332B\012\271h\004Az\250"
 966      4F93B611 
 966      41F3DA42 
 966      0AB96804 
 966      417AA8
 967 0038 D4530541 		.ascii	"\324S\005A\020\204Z\017\306H\225\026\212\245\320\223"
 967      10845A0F 
 967      C6489516 
 967      8AA5D093 
 968 0048 0822568A 		.ascii	"\010\"V\212\340E\020\013\266\306\331]\214\025t\331y"
 968      E045100B 
 968      B6C6D95D 
 968      8C1574D9 
 968      79
 969 0059 FBBE797C 		.ascii	"\373\276y|\337\314\367f\317\010\200[\000p\230\003\011"
 969      DFCCF766 
 969      CF08805B 
 969      00709803 
 969      09
 970 006a F076A32E 		.ascii	"\360v\243.@k}**p\242Q\217\3413\014\020BU`\025\347H2"
 970      406B7D2A 
 970      2A70A251 
 970      8FE1330C 
 970      10425560 
 971 0082 DC5EFAB4 		.ascii	"\334^\372\264\366\274W\3177\3613@\025\202\307@s?Fx="
 971      F6BC57CF 
 971      37F13340 
 971      1582C740 
 971      733F4678 
 972 0097 80870CB4 		.ascii	"\200\207\014\264n@\242\251\365\332\362\202\3261\270"
 972      6E40A2A9 
ARM GAS  /tmp/ccNGynZK.s 			page 27


 972      F5DAF282 
 972      D631B8
 973 00a6 BE88D5A7 		.ascii	"\276\210\325\247\270\200\000\0025\3367\000\342!\217"
 973      B8800002 
 973      35DE3700 
 973      E2218F
 974 00b5 33F068DD 		.ascii	"3\360h\335h\352\235\366M\2557?\342\314\321\036\004!"
 974      68EA9DF6 
 974      4DAD373F 
 974      E2CCD11E 
 974      0421
 975 00c7 040781A0 		.ascii	"\004\007\201\240\010\177\015\016\223#\312aq.\306\321"
 975      087F0D0E 
 975      9323CA61 
 975      712EC6D1 
 976 00d7 C5FB38E2 		.ascii	"\305\3738\342\"\363g\311oWGP7\001\356\221\010\301\004"
 976      22F367C9 
 976      6F574750 
 976      3701EE91 
 976      08C104
 977 00ea 83EF427F 		.ascii	"\203\357B\177h\277F\370!\246\356NoF\010)n\036\303\203"
 977      68BF46F8 
 977      21A6EE4E 
 977      6F460829 
 977      6E1EC383 
 978 00fe 3EFE59DB 		.ascii	">\376Y\333\020$\030\277\0054\374\304N\355\033\021\371"
 978      102418BF 
 978      0534FCC4 
 978      4EED1B11 
 978      F9
 979 010f 10C967B4 		.ascii	"\020\311g\264\276\326W\211\315T\020\202U\267\246\364"
 979      BED65789 
 979      CD541082 
 979      55B7A6F4 
 980 011f 3E031FFA 		.ascii	">\003\037\372\227\261Ec/\260\351\037\234\230\323\332"
 980      97B14563 
 980      2FB0E91F 
 980      9C98D3DA 
 981 012f 2AB7F00A 		.ascii	"*\267\360\012\300I\336nu\253\227x\215-\021\005\305\033"
 981      C049DE6E 
 981      75AB9778 
 981      8D2D1105 
 981      C51B
 982 0141 2B7BA4FE 		.ascii	"+{\244\376I]\302B\207\372j/\365N@\345>W\015\212\004"
 982      495DC242 
 982      87FA6A2F 
 982      F54E40E5 
 982      3E570D8A 
 983 0156 7D0B5F6A 		.ascii	"}\013_j\375A\037\031\277\265\216\374\245\225_F/\324"
 983      FD411F19 
 983      BFB58EFC 
 983      A5955F46 
 983      2FD4
 984 0168 9AEF532B 		.ascii	"\232\357S+8\356\317$p\276\321Kf\240@>~\\C\212\222\311"
 984      38EECF24 
 984      70BED14B 
 984      66A0403E 
ARM GAS  /tmp/ccNGynZK.s 			page 28


 984      7E5C438A 
 985 017e D00A7DEF 		.ascii	"\320\012}\357F\311\362}\2679\317\231\311\231\351]\223"
 985      46C9F27D 
 985      B739CF99 
 985      C999E95D 
 985      93
 986 018f 626485E4 		.ascii	"bd\205\344/&u\221\301w\036\370x\367\037\037\3717\235"
 986      2F267591 
 986      C1771EF8 
 986      78F71F1F 
 986      F9379D
 987 01a2 DADD6A2D 		.ascii	"\332\335j-\250\315#j\213\311\367O\316\005?\307,\341"
 987      A8CD236A 
 987      8BC9F74F 
 987      CE053FC7 
 987      2CE1
 988 01b4 9F21019C 		.ascii	"\237!\001\234\2259U\310\310\274r\306J\262\342\271\231"
 988      953955C8 
 988      C8BC72C6 
 988      4AB2E2B9 
 988      99
 989 01c5 B45D7413 		.ascii	"\264]t\023\307\007\007\006\022\331\376K\266\353\252"
 989      C7070706 
 989      12D9FE4B 
 989      B6EBAA
 990 01d4 A2CC7AA5 		.ascii	"\242\314z\245B\305.edZ\331%\267,;\007i\245FG\224\355"
 990      42C52E65 
 990      645AD925 
 990      B72C3B07 
 990      69A54647 
 991 01ea 664A3098 		.ascii	"fJ0\230L\312\360\035\312yi\357\374E\251\3122g\217\310"
 991      4CCAF01D 
 991      CA7969EF 
 991      FC45A9CA 
 991      32678FC8 
 992 01fe CBAA345A 		.ascii	"\313\2524Z\226\216*\024\230p\372\302\360\320\360UY\034"
 992      968E2A14 
 992      9870FAC2 
 992      F0D0F055 
 992      591C
 993 0210 F79CA403 		.ascii	"\367\234\244\003X\354\011w\311T\326\351wSN\012~\001"
 993      58EC0977 
 993      C954D6E9 
 993      77534E0A 
 993      7E01
 994 0222 4709E02D 		.ascii	"G\011\340-"
 995              		.text
 996              		.section	.gnu.lto_nvicSetSystemHandlerPriority.189.1c8163c577bcd17b,"e",%progbits
 997 0000 789C5552 		.ascii	"x\234URKk\023Q\024>\347\236y\344\321\032E\204\350Jt"
 997      4B6B1351 
 997      143EE79E 
 997      79E4D11A 
 997      4584E84A 
 998 0015 E3C2E4B6 		.ascii	"\343\302\344\2666\210K\245\013A(\202\376\000I2)\011"
 998      36884BA5 
 998      0B412882 
 998      FE004932 
ARM GAS  /tmp/ccNGynZK.s 			page 29


 998      2909
 999 0027 26B975D2 		.ascii	"&\271u\322\232n4\267-\264\320\215T\004\245B\264\273"
 999      9A6E34B7 
 999      2DB4D08D 
 999      5404A542 
 999      B4BB
 1000 0039 FA00C155 		.ascii	"\372\000\301U-\025B\265\010\276\220B\021\037\210T\332"
 1000      2D1542B5 
 1000      08BE9042 
 1000      111F8854 
 1000      DA
 1001 004a 850B1742 		.ascii	"\205\013\027B\261b\351xf\246V\035\346;s\277\357~\347"
 1001      B162E978 
 1001      66A6561D 
 1001      E63B73BF 
 1001      EF7EE7
 1002 005d 9E33872B 		.ascii	"\2363\207+\005\300M\0008\310@\002\274:1.@k}\334\026"
 1002      05C04D00 
 1002      38C84002 
 1002      BC3A312E 
 1002      406B7DDC 
 1003 0072 3834311E 		.ascii	"841\036\305\307\0300\204\206\300\006N\221d\272\276\260"
 1003      C5C71830 
 1003      8486C006 
 1003      4E9164BA 
 1003      BEB0
 1004 0084 7A7B29A9 		.ascii	"z{)\251\247[\370\025\240\001\301c\242\265\033\015\216"
 1004      A75BF815 
 1004      A001C163 
 1004      A2B51B0D 
 1004      8E
 1005 0095 7B70BF89 		.ascii	"{p\277\211\221\313\220ji\375\346\343\214\326Q\2704\213"
 1005      91CB906A 
 1005      69FDE6E3 
 1005      8CD651B8 
 1005      348B
 1006 00a7 8D473883 		.ascii	"\215G8\203\000\002G\361\013\273\"\32714l\206\206\271"
 1006      000247F1 
 1006      0BBB22D7 
 1006      31346C86 
 1006      86B9
 1007 00b9 7F0DDF0C 		.ascii	"\177\015\337\014\200xx0+\360`\321l\351\015\357\212\326"
 1007      80787830 
 1007      2BF060D1 
 1007      6CE90DEF 
 1007      8AD6
 1008 00cb 2BC9D76F 		.ascii	"+\311\327o\215]\010B\010\0061\014\206\311\260\0306\010"
 1008      8D5D0842 
 1008      0806310C 
 1008      86C9B018 
 1008      3608
 1009 00dd 8A30A2BC 		.ascii	"\2120\242\274\2161\342\2146F;\342,&\020\347\370\260"
 1009      8E31E28C 
 1009      36463BE2 
 1009      2C2610E7 
 1009      F8B0
 1010 00ef 26F93FA7 		.ascii	"&\371?\247\015\324-\200[$B2\304\344\207\320\313\357"
ARM GAS  /tmp/ccNGynZK.s 			page 30


 1010      0DD42D80 
 1010      5B244232 
 1010      C4E487D0 
 1010      CBEF
 1011 0101 9EA3FF3D 		.ascii	"\236\243\377=\260\035\226?\305\340\227\030\2711\366"
 1011      B01D963F 
 1011      C5E09718 
 1011      B931F6
 1012 0110 CA22A476 		.ascii	"\312\"\244v\353\020&|\336\034E\022\204L\327=\317\013"
 1012      EB10267C 
 1012      DE1C4512 
 1012      844CD73D 
 1012      CF0B
 1013 0122 A44D9688 		.ascii	"\244M\226\210\004K\202\351\374\342\235\014\371\303\250"
 1013      044B82E9 
 1013      FCE29D0C 
 1013      F9C3A8
 1014 0131 230451BF 		.ascii	"#\004Q\277\037\321;L\274\357\017s\372\360\300\023\234"
 1014      1FD13B4C 
 1014      BCEF0F73 
 1014      FAF0C013 
 1014      9C
 1015 0142 F7378E4E 		.ascii	"\3677\216Ni\035\251=\305\013\000\307x9\235Q\0138\350"
 1015      691DA93D 
 1015      C50B00C7 
 1015      78399D51 
 1015      0B38E8
 1016 0155 0F33ACB9 		.ascii	"\0173\254\271\217\314\240&\371\374!\027\260\310d\032"
 1016      8FCCA026 
 1016      F9FC2117 
 1016      B0C8641A 
 1017 0165 F1E9C6E8 		.ascii	"\361\351\306\350\332^\262\255\017\200\036\353\254\014"
 1017      DA5EB2AD 
 1017      0F801EEB 
 1017      AC0C
 1018 0173 4F8EAD25 		.ascii	"O\216\255%)Bv\230\274\222\244(\031\264\345}vo\022)F"
 1018      29427698 
 1018      BC92A428 
 1018      19B4E57D 
 1018      766F1229 
 1019 0188 09DF6F6D 		.ascii	"\011\337om\245\333\024g)`\327\306\274\273M\233\3328"
 1019      A5DB1467 
 1019      2960D7C6 
 1019      BCBB4D9B 
 1019      DA38
 1020 019a 25EE77FF 		.ascii	"%\356w\377}|\311\370\323,\375\337\354\213\355f\023\352"
 1020      7D7CC9F8 
 1020      D32CFDDF 
 1020      EC8BED66 
 1020      13EA
 1021 01ac 65D02CB5 		.ascii	"e\320,\265\201'\206?\377<\025\\\203&\341\337\001\003"
 1021      8127863F 
 1021      FF3C155C 
 1021      8326E1DF 
 1021      0103
 1022 01be 9C944555 		.ascii	"\234\224EU)\310\363*?\340\312z\311)\344\262U'u\244\253"
 1022      29C8F32A 
ARM GAS  /tmp/ccNGynZK.s 			page 31


 1022      3FE0CA7A 
 1022      C929E4B2 
 1022      552775A4 
 1023 01d3 B333D5DB 		.ascii	"\2633\325\333q.\3538\252*{Kn\245\236u\0132\247\262\256"
 1023      712EEB38 
 1023      AA2A7B4B 
 1023      6EA59E75 
 1023      0B32A7B2 
 1024 01e8 5393DB1B 		.ascii	"S\223\333\0339\245\372\313*\353\024\\\350J\247e\370"
 1024      39A5FACB 
 1024      2AEB145C 
 1024      E84AA765 
 1024      F8
 1025 01f9 76174BB9 		.ascii	"v\027K\271\322\351\263R\325d1[\226}\312\355\257\311"
 1025      D2E9B352 
 1025      D564315B 
 1025      967DCAED 
 1025      AFC9
 1026 020b BCAA5438 		.ascii	"\274\252T8\341\304\231\236\356\236AY\275X\312\247\363"
 1026      E1C4999E 
 1026      EE9E4159 
 1026      BD58CAA7 
 1026      F3
 1027 021c 6017B956 		.ascii	"`\027\271V\271\340\356\014y:\323\233\357p2\371\014\030"
 1027      B9E0EE0C 
 1027      793AD39B 
 1027      EF7032F9 
 1027      0C18
 1028 022e 7D6E49FD 		.ascii	"}nI\375\006\212E\330w"
 1028      068A45D8 
 1028      77
 1029              		.text
 1030              		.section	.gnu.lto_nvicClearPending.190.1c8163c577bcd17b,"e",%progbits
 1031 0000 789C4550 		.ascii	"x\234EPAKTQ\024>\337\275\357\331HPA\010\355\022Bh\341"
 1031      414B5451 
 1031      143EDFBD 
 1031      EFD94850 
 1031      4108ED12 
 1032 0017 CCD56608 		.ascii	"\314\325f\010\227\212\213\026!\201\375\200x\363\336"
 1032      978A8B16 
 1032      2181FD80 
 1032      78F3DE
 1033 0026 0CF3D099 		.ascii	"\014\363\320\231[o\264q\243sTP\230M\331J\010\015w-\002"
 1033      5B6FB471 
 1033      A3735450 
 1033      984DD94A 
 1033      080D772D 
 1034 003b 5DAA2D7C 		.ascii	"]\252-|\015\010A\240!\270\010\022$J\304e\233\202D;\363"
 1034      0D0841A0 
 1034      21B80812 
 1034      244AC465 
 1034      9B82443B 
 1035 0050 06EA72CF 		.ascii	"\006\352r\317\271\347;\337=\367~\347dA\364\222\210\356"
 1035      B9E73BDF 
 1035      3DF77EE7 
 1035      6441F492 
 1035      88EE
ARM GAS  /tmp/ccNGynZK.s 			page 32


 1036 0062 8841135E 		.ascii	"\210A\023^-5\0241\363\340\025\205\331\245F'\336#A\240"
 1036      2D351431 
 1036      F3E01585 
 1036      D9A54627 
 1036      DE2341A0 
 1037 0076 BA421D6B 		.ascii	"\272B\035k\332\010\374\275{\262\361\345\026\277\215"
 1037      DA08FCBD 
 1037      7BB2F1E5 
 1037      16BF8D
 1038 0085 714654A7 		.ascii	"qFT\247d\271\350\270\011G|\027\272]\244f(\0353\177\376"
 1038      64B9E8B8 
 1038      09477C17 
 1038      BA5DA466 
 1038      281D337F 
 1039 009a B8C9DC49 		.ascii	"\270\311\334I\323\333\250oaS\276R`\354;DW\333u\222\241"
 1039      D3DBA86F 
 1039      6153BE52 
 1039      60EC3B44 
 1039      57DB7592 
 1040 00af F50337E6 		.ascii	"\365\0037\346\363\313\027\314G\337\261\327\223\002)"
 1040      F3CB17CC 
 1040      47DFB1D7 
 1040      930229
 1041 00be A548692D 		.ascii	"\245Hi-\247#\346\002\333roU\267d\261\003\216\211\336"
 1041      A723E602 
 1041      DB726F55 
 1041      B764B103 
 1041      8E89DE
 1042 00d1 68D506B3 		.ascii	"h\325\006\263\002~)\376\366\372\023\350\217\232_^<t"
 1042      027E29FE 
 1042      F6FA13E8 
 1042      8F9A5F5E 
 1042      3C74
 1043 00e3 34B4DB71 		.ascii	"4\264\333q\027\267[\370|\341\207\326\012\275:a/\026"
 1043      17B75BF8 
 1043      7CE187D6 
 1043      0ABD3A61 
 1043      2F16
 1044 00f5 0EE55961 		.ascii	"\016\345Ya\277\022\\I\314],\012\355h%q\363gcW\213\372"
 1044      BF125C49 
 1044      CC5D2C0A 
 1044      ED682571 
 1044      F3676357 
 1045 010b 1A28F1DC 		.ascii	"\032(\361\334\234\347k.\336\265\272?\325\2231vZ\304"
 1045      9CE76B2E 
 1045      DEB5BA3F 
 1045      D5933176 
 1045      5AC4
 1046 011d FD35E654 		.ascii	"\3755\346T\365\003\236\021\015Hxz\33561%=h\207.\325"
 1046      F5039E11 
 1046      0D48787A 
 1046      DD363125 
 1046      3D68872E 
 1047 0132 DCF1CAC3 		.ascii	"\334\361\312\303d\024\253\032\377\245\022=0%[.\2301"
 1047      6414AB1A 
 1047      FFA5123D 
 1047      30255B2E 
ARM GAS  /tmp/ccNGynZK.s 			page 33


 1047      9831
 1048 0144 EB4F46A6 		.ascii	"\353OF\246\026\006\205\274W\011\322\367\262\375\375"
 1048      160685BC 
 1048      5709D2F7 
 1048      B2FDFD
 1049 0153 E962DF13 		.ascii	"\351b\337\023/\010l\305\024\303\250\\\363\242\202\311"
 1049      2F086CC5 
 1049      14C3A85C 
 1049      F3A282C9 
 1050 0163 5B2F0AAA 		.ascii	"[/\012\252\346\037\221\267vb\334zA!\242l&c\332{\270"
 1050      E61F91B7 
 1050      7662DC7A 
 1050      4121A26C 
 1050      2663DA7B 
 1051 0178 14E6C347 		.ascii	"\024\346\303G\217\215\255\232\2227n\236\332h\242j|["
 1051      8F8DAD9A 
 1051      92376E9E 
 1051      DA68A26A 
 1051      7C5B
 1052 018a 2E4BC1D0 		.ascii	".K\301\320\350\310\360\310\224\251<\017\375\214O\250"
 1052      E8C8F0C8 
 1052      94A93C0F 
 1052      FD8C4FA8 
 1053 019a DC684799 		.ascii	"\334hG\231\\\321\357\013r~\216\376\002yM\220\025"
 1053      5CD1EF0B 
 1053      727E8EFE 
 1053      02794D90 
 1053      15
 1054              		.text
 1055              		.section	.gnu.lto_nvicSetPending.191.1c8163c577bcd17b,"e",%progbits
 1056 0000 789C4550 		.ascii	"x\234EPAkSA\020\236o\367\275\232 \250P\012\336\024D"
 1056      416B5341 
 1056      109E6FF7 
 1056      BD9A20A8 
 1056      500ADE14 
 1057 0015 F060B2AD 		.ascii	"\360`\262\255\011\245\307\226\036<H\021\364\007\310"
 1057      09A5C796 
 1057      1E3C4811 
 1057      F407C8
 1058 0024 CB7B0979 		.ascii	"\313{\011y\330d\365\245mz\321L[h!\227\266\236<Er\363"
 1058      D864F5A5 
 1058      6D7AD14C 
 1058      5B682197 
 1058      B69E3C45 
 1059 003a 20788D2D 		.ascii	" x\215-\330g\240'\021\332BOz\020i%x\364\322\202\245"
 1059      D867A027 
 1059      11DA424F 
 1059      7A106925 
 1059      78F4D282 
 1060 004f 75F202BA 		.ascii	"u\362\002\272\354\314\3167\337\316\3567\223\003\321"
 1060      ECCCCE37 
 1060      DFCEEE37 
 1060      9303D1
 1061 005e 0611DD12 		.ascii	"\006\021\335\022\203&\274\332l*b\346\311K\012K\233\315"
 1061      8326BCDA 
 1061      6C2A62E6 
 1061      C94B0A4B 
ARM GAS  /tmp/ccNGynZK.s 			page 34


 1061      9BCD
 1062 0070 34B69120 		.ascii	"4\266\221 PC\241\201\2666\002Ow\177\356}\275\316oc\374"
 1062      5043A181 
 1062      B636024F 
 1062      777FEE7D 
 1062      BDCE6F63 
 1063 0085 226A50B2 		.ascii	"\"jP\262\\\014\015\303\021?\202\233.R/)\0233\357}\354"
 1063      5C0C0DC3 
 1063      113F829B 
 1063      2E522F29 
 1063      1333EF7D 
 1064 009a 30A7E9C5 		.ascii	"0\247\351\305\026\032\037\320\221\257\024\030\333\016"
 1064      161A1FD0 
 1064      91AF1418 
 1064      DB0E
 1065 00a8 D1E5419D 		.ascii	"\321\345A\235d\350\375\201\033\363\331\305:\363\227"
 1065      64E8FD81 
 1065      1BF3D9C5 
 1065      3AF397
 1066 00b7 23F46EA7 		.ascii	"#\364n\247@J)RZ\313\351\210\271\300\226\334k\351\276"
 1066      404A2952 
 1066      5ACBE988 
 1066      B9C096DC 
 1066      6BE9BE
 1067 00ca 2C76C031 		.ascii	",v\3001\321\033\255\006`I\300\211\342\037;\237A\177"
 1067      D11BAD06 
 1067      6049C089 
 1067      E21F3B9F 
 1067      417F
 1068 00dc D4CAEBB5 		.ascii	"\324\312\353\265CGC\273Cwp\243\217\317V\217\265V\270"
 1068      434743BB 
 1068      437770A3 
 1068      8FCF568F 
 1068      B556B8
 1069 00ef AB13F67C 		.ascii	"\253\023\366|\365P\236\025\366\033\301\225\304\362\371"
 1069      F5509E15 
 1069      F61BC195 
 1069      C4F2F9
 1070 00fe 9AD08E56 		.ascii	"\232\320\216V\022w\1777w\265\250\257\203\022\317\335"
 1070      12777F37 
 1070      77B5A8AF 
 1070      8312CFDD 
 1071 010e 15BEE2E2 		.ascii	"\025\276\342\342]\277\373\236\236\217\261\323'\306\333"
 1071      5DBFFB9E 
 1071      9E8FB1D3 
 1071      27C6DB
 1072 011d CCA9DA27 		.ascii	"\314\251\332'<'\232\220\260w\325v\261(=h\207.\324\362"
 1072      3C279A90 
 1072      B077D576 
 1072      B1283D68 
 1072      872ED4F2 
 1073 0131 F7FD07C9 		.ascii	"\367\375\007\311(Z\032\377\245\022\3357e[)\232\247\326"
 1073      285A1AFF 
 1073      A512DD37 
 1073      655B299A 
 1073      A7D6
 1074 0143 9F8F4C3D 		.ascii	"\237\217L=\014\212\005\257\032d\356\345\306\3062\245"
ARM GAS  /tmp/ccNGynZK.s 			page 35


 1074      0C8A05AF 
 1074      1A64EEE5 
 1074      C6C632A5 
 1075 0153 D1275E10 		.ascii	"\321'^\020\330\252)\205Q\245\356EES\260^\024\324\314"
 1075      D8AA2985 
 1075      51A5EE45 
 1075      4553B05E 
 1075      14D4CC
 1076 0166 3FA260ED 		.ascii	"?\242`\355\334\254\365\202bD\271l\326\014\366t9,\204"
 1076      DCACF582 
 1076      6244B96C 
 1076      D60CF674 
 1076      392C84
 1077 0179 0F1F1B5B 		.ascii	"\017\037\033[3eo\326<\263\321\\\315\370\266R\221\202"
 1077      33656FD6 
 1077      3CB3D15C 
 1077      CDF8B652 
 1077      9182
 1078 018b A94733D3 		.ascii	"\251G3\3233\213\246\272\020\372Y\237P\2756\210\262\371"
 1078      338BA6BA 
 1078      10FA599F 
 1078      50BD3688 
 1078      B2F9
 1079 019d 923F1AE4 		.ascii	"\222?\032\344\375<\375\005\337\223\220{"
 1079      FD3CFD05 
 1079      DF93907B 
 1080              		.text
 1081              		.section	.gnu.lto_.symbol_nodes.1c8163c577bcd17b,"e",%progbits
 1082 0000 789C6DC9 		.ascii	"x\234m\311\311\015\2000\024\003Q;Bb\355\331N\007\034"
 1082      C90D8030 
 1082      1403513B 
 1082      4262EDD9 
 1082      4E071C
 1083 0013 A92524D0 		.ascii	"\251%$\320\0015\021\256\350\317q\336\201^*\324\230m"
 1083      013511AE 
 1083      E8CF71DE 
 1083      815E2AD4 
 1083      986D
 1084 0025 27EE0F20 		.ascii	"'\356\017 \2408\363\203\223\232\372\367\360\207J\315"
 1084      A038F383 
 1084      939AFAF7 
 1084      F0874ACD 
 1085 0035 21346A09 		.ascii	"!4j\011\341\242\326\020nj\213\000/\373\214)\374"
 1085      E1A2D610 
 1085      6E6A8B00 
 1085      2FFB8C29 
 1085      FC
 1086              		.text
 1087              		.section	.gnu.lto_.refs.1c8163c577bcd17b,"e",%progbits
 1088 0000 789C6364 		.ascii	"x\234cd\000\002\000\000\012\000\002"
 1088      00020000 
 1088      0A0002
 1089              		.text
 1090              		.section	.gnu.lto_.decls.1c8163c577bcd17b,"e",%progbits
 1091 0000 789C9555 		.ascii	"x\234\225U{LSW\030?\347\364\002\007D)\331C\266\231\351"
 1091      7B4C5357 
 1091      183FE7F4 
ARM GAS  /tmp/ccNGynZK.s 			page 36


 1091      02074429 
 1091      D943B699 
 1092 0015 62CCC812 		.ascii	"b\314\310\022(\005\267\3759]%\322l:\322N\223=\022S\332"
 1092      2805B7FD 
 1092      395D25D2 
 1092      6C3AD24E 
 1092      933D1253 
 1093 002a 3A9AD1D6 		.ascii	":\232\321\326\225\3524\373\347\024\012VA\327:\347j}"
 1093      95EA34FB 
 1093      E7140A56 
 1093      41D73AE7 
 1093      6A7D
 1094 003c 503198A9 		.ascii	"P1\230\251\304\341f2\300W\007\210\250\233S\207:\347"
 1094      C4E16632 
 1094      C0570788 
 1094      A89B5387 
 1094      3AE7
 1095 004e 0BF03144 		.ascii	"\013\3601D|\240N\273\315\307\276s\357\355\245t\323d"
 1095      7CA04EBB 
 1095      CDC7BE73 
 1095      EFEDA574 
 1095      D364
 1096 0060 37FD6E7B 		.ascii	"7\375n{\316\357\367\373^\347\273\267\367(B\343\011B"
 1096      CEEFF7FB 
 1096      5EE7BBB7 
 1096      F72842E3 
 1096      0942
 1097 0072 1F62841E 		.ascii	"\037b\204\036\301\225\202\020\372\005l4X3\330M\260\014"
 1097      C1958210 
 1097      FA056C34 
 1097      5833D84D 
 1097      B00C
 1098 0084 C0F6C3F7 		.ascii	"\300\366\303\367\015\031\033\003\353g\301^\000\033\017"
 1098      0D191B03 
 1098      EB67C15E 
 1098      001B0F
 1099 0093 F612D844 		.ascii	"\366\022\330D\260I`9\340\013\\\212\370~Y\317u\335`\003"
 1099      B0496039 
 1099      E00B5C8A 
 1099      F87E59CF 
 1099      75DD6003 
 1100 00a7 B2BE1FEC 		.ascii	"\262\276\037\354u\340\245#\311\007\347\275\014\366~"
 1100      75E0A523 
 1100      C907E7BD 
 1100      0CF67E
 1101 00b6 1CBF0FEC 		.ascii	"\034\277\017\354\212\314\357\2265\227\301\336\220u\343"
 1101      8ACCEF96 
 1101      3597C1DE 
 1101      9075E3
 1102 00c5 1FA34B8C 		.ascii	"\037\243K\214\023\363\243\003]*\222r\215\327\361\332"
 1102      13F3A303 
 1102      5D2A9272 
 1102      8DD7F1DA 
 1103 00d5 783DF7E0 		.ascii	"x=\367\340w\012\226t\323e\356\3048\356\007\0111\372"
 1103      770A9674 
 1103      D365EEC4 
 1103      38EE0709 
ARM GAS  /tmp/ccNGynZK.s 			page 37


 1103      31FA
 1104 00e7 E5186FC9 		.ascii	"\345\030o\311\334IO\340\016\312\334\344\247\260\220"
 1104      DC494FE0 
 1104      0ECADCE4 
 1104      A7B090
 1105 00f6 FC0C9E20 		.ascii	"\374\014\236 \220U\367\002\271\231\021\306n\262p\233"
 1105      9055F702 
 1105      B99911C6 
 1105      6EB2709B 
 1106 0106 90DD8CBF 		.ascii	"\220\335\214\277\007u\013\026\031,\031n\023\200\306"
 1106      07750B16 
 1106      192C196E 
 1106      1380C6
 1107 0115 085F09FC 		.ascii	"\010_\011\374F\370RM\011\307\337\020\310\322\253\367"
 1107      46F8524D 
 1107      09C7DF10 
 1107      C8D2ABF7 
 1108 0125 07D23218 		.ascii	"\007\3222\030\227G\274\251OI\3626\214\264?\340\344l"
 1108      9747BCA9 
 1108      4F49F236 
 1108      8CB43FE0 
 1108      E46C
 1109 0137 CC4F3103 		.ascii	"\314O1\003\276\021MG\2572\361\352\033\217\366\001\005"
 1109      BE114D47 
 1109      AF32F1EA 
 1109      1B8FF601 
 1109      05
 1110 0148 AEA274FA 		.ascii	"\256\242t\372\036\022\310\266\253}=i\031\021\331\003"
 1110      1E12C8B6 
 1110      AB7D3D69 
 1110      1911D903 
 1111 0158 123DECC7 		.ascii	"\022=\354\307\331\235\270\003\267c\201l\332\035\365"
 1111      D99DB803 
 1111      B763816C 
 1111      DA1DF5
 1112 0167 A78E05A1 		.ascii	"\247\216\005\241\227\2610\351\302{\361\036\220\037\300"
 1112      97B130E9 
 1112      C27BF11E 
 1112      901FC0
 1113 0176 3C8898A3 		.ascii	"<\210\230\243\012n\367\021d\325\223BK\370\316\213\002"
 1113      0A6EF711 
 1113      64D59342 
 1113      4BF8CE8B 
 1113      02
 1114 0187 A9BAD770 		.ascii	"\251\272\327p #1\253\237!\253\303\340q{c\310\233\026"
 1114      202331AB 
 1114      9F21ABC3 
 1114      E0717B63 
 1114      C89B16
 1115 019a E7F1477C 		.ascii	"\347\361G|\010\320#\230\023\020-\203\224\226\235\270"
 1115      08D02398 
 1115      13102D83 
 1115      94969DB8 
 1116 01aa 184C4994 		.ascii	"\030LI\224\037\003\271V W\232\032we\214\0251Q-\201\277"
 1116      1F03B956 
 1116      20579A1A 
 1116      77658C15 
ARM GAS  /tmp/ccNGynZK.s 			page 38


 1116      31512D81 
 1117 01bf 608E83D4 		.ascii	"`\216\203\324\037:\365\235*\243\347q\325\354\330\332"
 1117      1F3AF59D 
 1117      2AA3E771 
 1117      D5ECD8DA 
 1118 01cf 716C8CA2 		.ascii	"ql\214\242\356\036\251\246\237 \372\231X\023\246\014"
 1118      EE1EA9A6 
 1118      9F20FA99 
 1118      5813A60C 
 1119 01df 7AB6046C 		.ascii	"z\266\004l9X\020\363\315p2\357|>]'\256R\004\022:\317"
 1119      395810F3 
 1119      CD7032EF 
 1119      7C3E5D27 
 1119      AE520412 
 1120 01f5 02A312B3 		.ascii	"\002\243\022\263\354\205,{ \320\303\265mw\342\333\266"
 1120      EC852C7B 
 1120      20D0C3B5 
 1120      6D77E2DB 
 1120      B6
 1121 0206 0BEF04B4 		.ascii	"\013\357\004\264\017s\002oz\324\263b\270\007\335\011"
 1121      0F73026F 
 1121      7AD4B362 
 1121      B807DD09 
 1122 0216 F0B3D56D 		.ascii	"\360\263\325m=\003B\326+\312%\021#\002:\207\317\002"
 1122      3D0342D6 
 1122      2BCA2511 
 1122      23023A87 
 1122      CF02
 1123 0228 E122EEC4 		.ascii	"\341\"\356\304\277\343\353\370*\036\304\327\360e|\005"
 1123      BFE3EBF8 
 1123      2A1EC4D7 
 1123      F0657C05 
 1124 0238 F7E34B78 		.ascii	"\367\343Kx\200\037+0\243\201\232\301\312\211\015\015"
 1124      801F2B30 
 1124      A3819AC1 
 1124      CA890D0D 
 1125 0248 8CF93DAA 		.ascii	"\214\371=\252\0038\202/\312\207\266\033\254\2003\232"
 1125      0338822F 
 1125      CA87B61B 
 1125      AC80339A 
 1126 0258 966C654C 		.ascii	"\226leL\355M?\202O\000(\365\237\023\2321\332\000\350"
 1126      ED4D3F82 
 1126      4F0028F5 
 1126      9F139A31 
 1126      DA00E8
 1127 026b FD258B39 		.ascii	"\375%\2139z\034\237\001T*K\033S\326\304\224?)\312\203"
 1127      7A1C9F01 
 1127      542A4B1B 
 1127      53D6C494 
 1127      3F29CA83 
 1128 027f C3CAA535 		.ascii	"\303\312\2455\262\362\250\242<(\006\345\3402Iz\001\237"
 1128      B2F2A8A2 
 1128      3C2806E5 
 1128      E032497A 
 1128      019F
 1129 0291 07502AB8 		.ascii	"\007P*\270U\001\037\306b\376\246(\177U\322}\264Y\016"
 1129      55011FC6 
ARM GAS  /tmp/ccNGynZK.s 			page 39


 1129      62FEA628 
 1129      7F55D27D 
 1129      B4590E
 1130 02a4 7A4A09FA 		.ascii	"zJ\011\372\353pP_,\350IE\272G\221>\210IO+R\255\250\244"
 1130      EB70505F 
 1130      2CE84945 
 1130      BA47913E 
 1130      88494F2B 
 1131 02bc 5B089C43 		.ascii	"[\010\234C\313\321c'Gg\215l\357\015\374\204\376\012"
 1131      CBD16327 
 1131      47678D6C 
 1131      EF0DFC84 
 1131      FE0A
 1132 02ce 247C6C57 		.ascii	"$|lW\235\240<\2607\345\210C\322\323\220\005FaN\"\210"
 1132      9DA03CB0 
 1132      37E58843 
 1132      D2D39005 
 1132      46614E22 
 1133 02e3 EEE0FE2F 		.ascii	"\356\340\376/]\357\015\215N\234\221\2730#\371\002\331"
 1133      5DEF0D8D 
 1133      4E9C91BB 
 1133      3023F902 
 1133      D9
 1134 02f4 7B6DC505 		.ascii	"{m\305\005\0347\"w\360m\376\362\301\034\347q:Z\316\245"
 1134      1C372277 
 1134      F06DFEF2 
 1134      C11CE771 
 1134      3A5ACEA5 
 1135 0308 C78DC808 		.ascii	"\307\215\310\010\2306\213/\0005m#\210v\202\035\004;"
 1135      98368B2F 
 1135      00356D23 
 1135      8876821D 
 1135      043B
 1136 031a 02769C47 		.ascii	"\002v\234G]\021n?\224&>\004\221\177?\004 \313\346\031"
 1136      5D116E3F 
 1136      94263E04 
 1136      917F3F04 
 1136      20CBE619 
 1137 032e 127A1AB8 		.ascii	"\022z\032\270O\357\013\357\034\032\005#&O[/\364l\257"
 1137      4FEF0BEF 
 1137      1C1A0523 
 1137      264F5B2F 
 1137      F46CAF
 1138 0341 D4D06E5C 		.ascii	"\324\320n\\I\026\023)\345\235R\2739\2723\206\336\307"
 1138      49161329 
 1138      E59D52BB 
 1138      39BA3386 
 1138      DEC7
 1139 0353 31F42FB1 		.ascii	"1\364/\261\335\320\222\246\335\022\330\205\377T\300"
 1139      DDD092A6 
 1139      DD12D885 
 1139      FF54C0
 1140 0362 5BB1B390 		.ascii	"[\261\263\220Z\\A<\360\232\\L:\361\022\262\224,#5\244"
 1140      5A5C413C 
 1140      F09A5C4C 
 1140      3AF112B2 
 1140      942C2335 
ARM GAS  /tmp/ccNGynZK.s 			page 40


 1141 0377 8AD4926A 		.ascii	"\212\324\222j\342#^\330\027\017t\2174(Q\374\0078\221"
 1141      E2235ED8 
 1141      170F748F 
 1141      342851FC 
 1141      073891
 1142 038a CABE25C5 		.ascii	"\312\276%\305\277\004\3507R\010F\036)!\304\351\344\271"
 1142      BF04E837 
 1142      5208461E 
 1142      2921C4E9 
 1142      E4B9
 1143 039c 35C7727B 		.ascii	"5\307r{\030\217\311\211\267\306\300\007\012x{\270\254"
 1143      188FC989 
 1143      B7C6C007 
 1143      0A787BB8 
 1143      AC
 1144 03ad 5D31F4EF 		.ascii	"]1\364\357\021e\001\312\353j\211\325uz\204\266\000\321"
 1144      116501CA 
 1144      EB6A89D5 
 1144      757A84B6 
 1144      00D1
 1145 03bf 5EDE70DF 		.ascii	"^\336p\337\352\256M\251Y#k\\N\036[$\314\305\331\333"
 1145      EAAE4DA9 
 1145      59236B5C 
 1145      4E1E5B24 
 1145      CCC5D9DB 
 1146 03d3 E7B03244 		.ascii	"\347\2602D\237\313.\375\204c_\177\273\2705e\010\203"
 1146      9FCB2EFD 
 1146      84635F7F 
 1146      BBB83565 
 1146      0883
 1147 03e5 B72E16F1 		.ascii	"\267.\026\361tP\177}?kbl\036\353\354\017\206\252\373"
 1147      74507F7D 
 1147      3F6B626C 
 1147      1EEBEC0F 
 1147      86AAFB
 1148 03f8 7D99810A 		.ascii	"}\231\201\012>\331>\366|\020\266C\241\036?\011\253x"
 1148      3ED93EF6 
 1148      7C10B643 
 1148      A11E3F09 
 1148      AB78
 1149 040a 64C62AD3 		.ascii	"d\306*\323\331\016\370\252(e\225\325|]\233\025\256\224"
 1149      D90EF8AA 
 1149      286595D5 
 1149      7C5D9B15 
 1149      AE94
 1150 041c 5EFB4730 		.ascii	"^\373G0\213T\263\246Hr};\253\016\262\267Cm\235\351\214"
 1150      8B54B3A6 
 1150      48727D3B 
 1150      AB0EB2B7 
 1150      436D9DE9 
 1151 0431 BF212EB7 		.ascii	"\277!.\267,\014\365\354c!o\027\256\207\344=aV\373\034"
 1151      2C0CF5EC 
 1151      63216F17 
 1151      AE87E43D 
 1151      6156FB1C 
 1152 0445 00CB98D7 		.ascii	"\000\313\230\327\347I\367\364]\271\031\016\263kI\200"
 1152      E749F7F4 
ARM GAS  /tmp/ccNGynZK.s 			page 41


 1152      5DB9190E 
 1152      B36B4980 
 1153 0455 307FB883 		.ascii	"0\177\270\203e\006\340\346\257\210\324dz\200\275\241"
 1153      6506E0E6 
 1153      AF88D464 
 1153      7A80BDA1 
 1154 0465 C2CB30AB 		.ascii	"\302\3130\253\357\360\371\301\324\201\372\010\013\324"
 1154      EFF0F9C1 
 1154      D481FA08 
 1154      0BD4
 1155 0473 7B29A7F0 		.ascii	"{)\247\360\014\325\340\313\347\207\304\324\236m\260"
 1155      0CD5E0CB 
 1155      E787C4D4 
 1155      9E6DB0
 1156 0482 84050617 		.ascii	"\204\005\006\027>\24005\013\363\251\216\370\324\340"
 1156      3EA03035 
 1156      0BF3A98E 
 1156      F8D4E0
 1157 0491 8B055897 		.ascii	"\213\005X\227\017\007\332\270\272\003\252\253\217\324"
 1157      0F07DAB8 
 1157      BA03AAAB 
 1157      8FD4
 1158 049f 04203A94 		.ascii	"\004 :\224\011d\342\257`y\342\337\025\270 l\002cS\004"
 1158      0964E2AF 
 1158      6079E2DF 
 1158      15B8206C 
 1158      02635304 
 1159 04b3 D277EB76 		.ascii	"\322w\353v+\275\305;\024\335\026\035\205\236\361OA("
 1159      2BBDC53B 
 1159      14DD161D 
 1159      859EF14F 
 1159      4128
 1160 04c5 4F4D2B55 		.ascii	"OM+U\374\231\340\177\220j\201l\216\236iW\215\003\312"
 1160      FC99E07F 
 1160      906A816C 
 1160      8E9E6957 
 1160      8D03CA
 1161 04d8 20634F0F 		.ascii	" cO\017\240/\311Jh\356*\202\206\304\376\327\355\036"
 1161      A02FC94A 
 1161      68EE2A82 
 1161      86C4FED7 
 1161      ED1E
 1162 04ea 68546507 		.ascii	"hTe\007\203,\332\034\252k\307kY\204g,\254\"_\300\231"
 1162      832CDA1C 
 1162      AA6BC76B 
 1162      5984672C 
 1162      AC225FC0 
 1163 04ff F1685F10 		.ascii	"\361h_\020\264\202\004H\321\241$\032Q\201\340\253\372"
 1163      B4820448 
 1163      D1A1241A 
 1163      5181E0AB 
 1163      FA
 1164 0510 ED53F97F 		.ascii	"\355S\371\177{\027\036\202Ut\365\341\336di\271\232\010"
 1164      7B171E82 
 1164      5574F5E1 
 1164      DE6469B9 
 1164      9A08
ARM GAS  /tmp/ccNGynZK.s 			page 42


 1165 0522 C43B70BA 		.ascii	"\304;p\272\212&\306ZCPH<\317\376\332\033\233\307\360"
 1165      8A26C65A 
 1165      4350483C 
 1165      CFFEDA1B 
 1165      9BC7F0
 1166 0535 584D872B 		.ascii	"XM\207+a\212\304@kHP\016\024\224\0035&\321\243\377\016"
 1166      618AC440 
 1166      6B48500E 
 1166      14940335 
 1166      26D1A3FF 
 1167 054a B43E5ABB 		.ascii	"\264>Z\27315\321s\035A\353E\317'V\357\035\304\242\347"
 1167      3135D173 
 1167      1D41EB45 
 1167      CF2756EF 
 1167      1DC4A2E7 
 1168 055e 078AE73A 		.ascii	"\007\212\347:\262N\366\274N\366\034L\242\027\270\347"
 1168      B24EF6BC 
 1168      4EF61C4C 
 1168      A217B8E7 
 1169 056e AB2B1B5B 		.ascii	"\253+\033[\223E\366\226\252\341<6\310\354\0152\373\224"
 1169      9345F696 
 1169      AAE13C36 
 1169      C8EC0D32 
 1169      FB94
 1170 0580 409900EC 		.ascii	"@\231\000\354\212\201\273\253\250\310>T5\354{\243\314"
 1170      8A81BBAB 
 1170      A8C83E54 
 1170      35EC7BA3 
 1170      CC
 1171 0591 DE28B3F7 		.ascii	"\336(\263\367\0114\300\331\247\03657'\211\354\263q\354"
 1171      0934C0D9 
 1171      A71E3537 
 1171      2789ECB3 
 1171      71EC
 1172 05a3 0699DD20 		.ascii	"\006\231\335 \263\267\013(\325Ph,4\314.\23469?7W#}t"
 1172      B3B70B28 
 1172      D550682C 
 1172      34CC2E9C 
 1172      36393F37 
 1173 05bb A5B612DB 		.ascii	"\245\266\022\333;F\215\263\\Sj*\323\314s\272\334\345"
 1173      3B468DB3 
 1173      5C536A2A 
 1173      D3CC73BA 
 1173      DCE5
 1174 05cd 1AB3D36E 		.ascii	"\032\263\323nw:4S\0153t3\026j\034\013l\346\\3\235>s"
 1174      773A3453 
 1174      0D337433 
 1174      166A1C0B 
 1174      6CE65C33 
 1175 05e4 D6049DF6 		.ascii	"\326\004\235\366u\244\226\326\271\223\347\232\363,\223"
 1175      75A496D6 
 1175      B993E79A 
 1175      F32C93
 1176 05f3 CD93119D 		.ascii	"\315\223\021\235os\270\013\362\347\270\025\377\005\202"
 1176      6F73B80B 
 1176      F2E7B815 
 1176      FF0582
ARM GAS  /tmp/ccNGynZK.s 			page 43


 1177 0602 5E576C50 		.ascii	"^WlP\226\371\202\336Xl\240\006i\245\005\260p\030\314"
 1177      96F982DE 
 1177      586CA006 
 1177      69A505B0 
 1177      7018CC
 1178 0615 03B0D040 		.ascii	"\003\260\320@\364\305\3235\245N\273U\363\261\323<\337"
 1178      F4C5D335 
 1178      A54EBB55 
 1178      F3B1D33C 
 1178      DF
 1179 0626 A5F9D466 		.ascii	"\245\371\324f\261\226\230\034\226\234\374\002\2556g"
 1179      B196981C 
 1179      969CFC02 
 1179      AD3667
 1180 0635 6EDE1C93 		.ascii	"n\336\034\223\305\002\031\315\265\271\354\237\232\\"
 1180      C50219CD 
 1180      B5B9EC9F 
 1180      9A5C
 1181 0643 564D89D3 		.ascii	"VM\211\323\344\262\224k\024\240\304\351t\2279M\026\253"
 1181      E4B2946B 
 1181      14A0C4E9 
 1181      7497394D 
 1181      16AB
 1182 0655 0B4DFDAF 		.ascii	"\013M\375\257\332\344\212\254\013\335\274*\215n\206"
 1182      DAE48AAC 
 1182      0BDDBC2A 
 1182      8D6E86
 1183 0664 516FD4E8 		.ascii	"Qo\324\350\234\340I\3570\227\315\267X\201\341\262\316"
 1183      9CE049EF 
 1183      3097CDB7 
 1183      5881E1B2 
 1183      CE
 1184 0675 31DBF372 		.ascii	"1\333\363rKQ\352\314\331z\335\234w\027\315\263\252\214"
 1184      4B51EACC 
 1184      D97ADD9C 
 1184      7717CDB3 
 1184      AA8C
 1185 0687 45C54AA6 		.ascii	"E\305J\246Z\225NgP\031u\206\244\251z\203\316\000e\030"
 1185      5A954E67 
 1185      50197586 
 1185      A4A97A83 
 1185      CE006518 
 1186 069b 0D49BAE2 		.ascii	"\015I\272\342Y\372iI\306\"\370M\215\2727%\225\3665\224"
 1186      59FA6949 
 1186      C622F84D 
 1186      8DBA3725 
 1186      95F63594 
 1187 06af 6A72D917 		.ascii	"jr\331\027\274V\236cGi\340\331m]\230c\317C\224\267N"
 1187      BC569E63 
 1187      4769E0D9 
 1187      6D5D9863 
 1187      CF4394B7 
 1188 06c4 EFB0B90B 		.ascii	"\357\260\271\013\376\177\377\245\276\027:L%e\326\331"
 1188      FE7FFFA5 
 1188      BE173A4C 
 1188      2565D6D9 
 1189 06d4 56B3DBE9 		.ascii	"V\263\333\351\312\344\033\323l\345\303;\343\370\216"
ARM GAS  /tmp/ccNGynZK.s 			page 44


 1189      CAE41BD3 
 1189      6CE5C33B 
 1189      E3F88E
 1190 06e3 D1EA362E 		.ascii	"\321\3526.*w[\355E\320\2772\253\253\330es\272l\356E"
 1190      2A775BED 
 1190      45D0BF32 
 1190      ABABD865 
 1190      73BA6CEE 
 1191 06f8 A25E5766 		.ascii	"\242^Wf5\271\212\255\016\213\315\361\321\030\231-/\377"
 1191      35B98AAD 
 1191      0E8BCDF1 
 1191      D118992D 
 1191      2FFF
 1192 070a 01A7740B 		.ascii	"\001\247t\013\226"
 1192      96
 1193              		.text
 1194              		.section	.gnu.lto_.symtab.1c8163c577bcd17b,"e",%progbits
 1195 0000 6E766963 		.ascii	"nvicInit\000"
 1195      496E6974 
 1195      00
 1196 0009 00       		.ascii	"\000"
 1197 000a 00       		.ascii	"\000"
 1198 000b 00       		.ascii	"\000"
 1199 000c 00000000 		.ascii	"\000\000\000\000\000\000\000\000"
 1199      00000000 
 1200 0014 16010000 		.ascii	"\026\001\000\000"
 1201 0018 6E766963 		.ascii	"nvicEnableVector\000"
 1201      456E6162 
 1201      6C655665 
 1201      63746F72 
 1201      00
 1202 0029 00       		.ascii	"\000"
 1203 002a 00       		.ascii	"\000"
 1204 002b 00       		.ascii	"\000"
 1205 002c 00000000 		.ascii	"\000\000\000\000\000\000\000\000"
 1205      00000000 
 1206 0034 1B010000 		.ascii	"\033\001\000\000"
 1207 0038 6E766963 		.ascii	"nvicDisableVector\000"
 1207      44697361 
 1207      626C6556 
 1207      6563746F 
 1207      7200
 1208 004a 00       		.ascii	"\000"
 1209 004b 00       		.ascii	"\000"
 1210 004c 00       		.ascii	"\000"
 1211 004d 00000000 		.ascii	"\000\000\000\000\000\000\000\000"
 1211      00000000 
 1212 0055 1F010000 		.ascii	"\037\001\000\000"
 1213 0059 6E766963 		.ascii	"nvicSetSystemHandlerPriority\000"
 1213      53657453 
 1213      79737465 
 1213      6D48616E 
 1213      646C6572 
 1214 0076 00       		.ascii	"\000"
 1215 0077 00       		.ascii	"\000"
 1216 0078 00       		.ascii	"\000"
 1217 0079 00000000 		.ascii	"\000\000\000\000\000\000\000\000"
ARM GAS  /tmp/ccNGynZK.s 			page 45


 1217      00000000 
 1218 0081 21010000 		.ascii	"!\001\000\000"
 1219 0085 6E766963 		.ascii	"nvicClearPending\000"
 1219      436C6561 
 1219      7250656E 
 1219      64696E67 
 1219      00
 1220 0096 00       		.ascii	"\000"
 1221 0097 00       		.ascii	"\000"
 1222 0098 00       		.ascii	"\000"
 1223 0099 00000000 		.ascii	"\000\000\000\000\000\000\000\000"
 1223      00000000 
 1224 00a1 23010000 		.ascii	"#\001\000\000"
 1225 00a5 6E766963 		.ascii	"nvicSetPending\000"
 1225      53657450 
 1225      656E6469 
 1225      6E6700
 1226 00b4 00       		.ascii	"\000"
 1227 00b5 00       		.ascii	"\000"
 1228 00b6 00       		.ascii	"\000"
 1229 00b7 00000000 		.ascii	"\000\000\000\000\000\000\000\000"
 1229      00000000 
 1230 00bf 25010000 		.ascii	"%\001\000\000"
 1231              		.text
 1232              		.section	.gnu.lto_.ext_symtab.1c8163c577bcd17b,"e",%progbits
 1233 0000 01       		.ascii	"\001"
 1234 0001 01       		.ascii	"\001"
 1235 0002 00       		.ascii	"\000"
 1236 0003 01       		.ascii	"\001"
 1237 0004 00       		.ascii	"\000"
 1238 0005 01       		.ascii	"\001"
 1239 0006 00       		.ascii	"\000"
 1240 0007 01       		.ascii	"\001"
 1241 0008 00       		.ascii	"\000"
 1242 0009 01       		.ascii	"\001"
 1243 000a 00       		.ascii	"\000"
 1244 000b 01       		.ascii	"\001"
 1245 000c 00       		.ascii	"\000"
 1246              		.text
 1247              		.section	.gnu.lto_.opts,"e",%progbits
 1248 0000 272D666E 		.ascii	"'-fno-openmp' '-fno-openacc' '-fno-pie' '-fcf-prote"
 1248      6F2D6F70 
 1248      656E6D70 
 1248      2720272D 
 1248      666E6F2D 
 1249 0033 6374696F 		.ascii	"ction=none' '-g' '-mcpu=cortex-m0' '-mthumb' '-mflo"
 1249      6E3D6E6F 
 1249      6E652720 
 1249      272D6727 
 1249      20272D6D 
 1250 0066 61742D61 		.ascii	"at-abi=soft' '-mlibarch=armv6s-m' '-march=armv6s-m'"
 1250      62693D73 
 1250      6F667427 
 1250      20272D6D 
 1250      6C696261 
 1251 0099 20272D4F 		.ascii	" '-Os' '-fomit-frame-pointer' '-falign-functions=16"
 1251      73272027 
ARM GAS  /tmp/ccNGynZK.s 			page 46


 1251      2D666F6D 
 1251      69742D66 
 1251      72616D65 
 1252 00cc 2720272D 		.ascii	"' '-fsingle-precision-constant' '-ffunction-section"
 1252      6673696E 
 1252      676C652D 
 1252      70726563 
 1252      6973696F 
 1253 00ff 73272027 		.ascii	"s' '-fdata-sections' '-fno-common' '-flto' '-Xassem"
 1253      2D666461 
 1253      74612D73 
 1253      65637469 
 1253      6F6E7327 
 1254 0132 626C6572 		.ascii	"bler' '-alms=./build/lst/nvic.lst'\000"
 1254      2720272D 
 1254      616C6D73 
 1254      3D2E2F62 
 1254      75696C64 
 1255              		.text
 1256              		.comm	__gnu_lto_slim,1,1
 1257              		.ident	"GCC: (Arm GNU Toolchain 11.3.Rel1) 11.3.1 20220712"
ARM GAS  /tmp/ccNGynZK.s 			page 47


DEFINED SYMBOLS
                            *ABS*:0000000000000000 nvic.c
     /tmp/ccNGynZK.s:22     .gnu.debuglto_.debug_info:0000000000000000 nvic.c.4fc0d4c4
                            *COM*:0000000000000001 __gnu_lto_slim

NO UNDEFINED SYMBOLS
