ARM GAS  /tmp/cc9CJzVl.s 			page 1


   1              		.cpu cortex-m0
   2              		.arch armv6s-m
   3              		.fpu softvfp
   4              		.eabi_attribute 23, 1
   5              		.eabi_attribute 24, 1
   6              		.eabi_attribute 25, 1
   7              		.eabi_attribute 26, 1
   8              		.eabi_attribute 30, 4
   9              		.eabi_attribute 34, 0
  10              		.eabi_attribute 18, 4
  11              		.file	"port_shared.cpp"
  12              		.file 1 "/home/kocur/.rusefi-tools/arm-gnu-toolchain-11.3.rel1-x86_64-arm-none-eabi/arm-none-eabi/
  13              		.file 2 "/home/kocur/.rusefi-tools/arm-gnu-toolchain-11.3.rel1-x86_64-arm-none-eabi/arm-none-eabi/
  14              		.file 3 "../../../ChibiOS/os/common/ext/ST/STM32F0xx/stm32f0xx.h"
  15              		.file 4 "../../../ChibiOS/os/hal/ports/STM32/LLD/CANv1/hal_can_lld.h"
  16              		.file 5 "../port_shared.cpp"
  17              		.section	.gnu.debuglto_.debug_info,"e",%progbits
  18              	.Ldebug_info0:
  19              		.hidden	port_shared.cpp.4c441d7a
  20              		.weak	port_shared.cpp.4c441d7a
  21              	port_shared.cpp.4c441d7a:
  22 0000 63010000 		.4byte	0x163
  23 0004 0500     		.2byte	0x5
  24 0006 01       		.byte	0x1
  25 0007 04       		.byte	0x4
  26 0008 00000000 		.4byte	.Ldebug_abbrev0
  27 000c 06       		.uleb128 0x6
  28 000d D8000000 		.4byte	.LASF26
  29 0011 21       		.byte	0x21
  30 0012 9F000000 		.4byte	.LASF27
  31 0016 CB020000 		.4byte	.LASF28
  32 001a 00000000 		.4byte	.Ldebug_line0
  33 001e 07       		.uleb128 0x7
  34 001f 04       		.byte	0x4
  35 0020 05       		.byte	0x5
  36 0021 696E7400 		.ascii	"int\000"
  37 0025 01       		.uleb128 0x1
  38 0026 04       		.byte	0x4
  39 0027 07       		.byte	0x7
  40 0028 CB000000 		.4byte	.LASF0
  41 002c 01       		.uleb128 0x1
  42 002d 08       		.byte	0x8
  43 002e 05       		.byte	0x5
  44 002f 3F020000 		.4byte	.LASF1
  45 0033 01       		.uleb128 0x1
  46 0034 08       		.byte	0x8
  47 0035 04       		.byte	0x4
  48 0036 86020000 		.4byte	.LASF2
  49 003a 08       		.uleb128 0x8
  50 003b 05000000 		.4byte	.LASF29
  51 003f 01       		.uleb128 0x1
  52 0040 01       		.byte	0x1
  53 0041 06       		.byte	0x6
  54 0042 9F020000 		.4byte	.LASF3
  55 0046 01       		.uleb128 0x1
  56 0047 01       		.byte	0x1
  57 0048 08       		.byte	0x8
ARM GAS  /tmp/cc9CJzVl.s 			page 2


  58 0049 35000000 		.4byte	.LASF4
  59 004d 01       		.uleb128 0x1
  60 004e 02       		.byte	0x2
  61 004f 05       		.byte	0x5
  62 0050 6A020000 		.4byte	.LASF5
  63 0054 01       		.uleb128 0x1
  64 0055 02       		.byte	0x2
  65 0056 07       		.byte	0x7
  66 0057 AB020000 		.4byte	.LASF6
  67 005b 01       		.uleb128 0x1
  68 005c 04       		.byte	0x4
  69 005d 05       		.byte	0x5
  70 005e 7D020000 		.4byte	.LASF7
  71 0062 02       		.uleb128 0x2
  72 0063 B2000000 		.4byte	.LASF10
  73 0067 01       		.byte	0x1
  74 0068 4F       		.byte	0x4f
  75 0069 19       		.byte	0x19
  76 006a 6E000000 		.4byte	0x6e
  77 006e 01       		.uleb128 0x1
  78 006f 04       		.byte	0x4
  79 0070 07       		.byte	0x7
  80 0071 62000000 		.4byte	.LASF8
  81 0075 01       		.uleb128 0x1
  82 0076 08       		.byte	0x8
  83 0077 07       		.byte	0x7
  84 0078 1E000000 		.4byte	.LASF9
  85 007c 02       		.uleb128 0x2
  86 007d 74020000 		.4byte	.LASF11
  87 0081 02       		.byte	0x2
  88 0082 30       		.byte	0x30
  89 0083 14       		.byte	0x14
  90 0084 62000000 		.4byte	0x62
  91 0088 01       		.uleb128 0x1
  92 0089 01       		.byte	0x1
  93 008a 08       		.byte	0x8
  94 008b 2A020000 		.4byte	.LASF12
  95 008f 04       		.uleb128 0x4
  96 0090 46000000 		.4byte	0x46
  97 0094 B0       		.byte	0xb0
  98 0095 92020000 		.4byte	.LASF15
  99 0099 AA000000 		.4byte	0xaa
 100 009d 03       		.uleb128 0x3
 101 009e 74000000 		.4byte	.LASF13
 102 00a2 00       		.byte	0
 103 00a3 09       		.uleb128 0x9
 104 00a4 53455400 		.ascii	"SET\000"
 105 00a8 01       		.byte	0x1
 106 00a9 00       		.byte	0
 107 00aa 02       		.uleb128 0x2
 108 00ab 4B000000 		.4byte	.LASF14
 109 00af 03       		.byte	0x3
 110 00b0 B3       		.byte	0xb3
 111 00b1 03       		.byte	0x3
 112 00b2 8F000000 		.4byte	0x8f
 113 00b6 04       		.uleb128 0x4
 114 00b7 46000000 		.4byte	0x46
ARM GAS  /tmp/cc9CJzVl.s 			page 3


 115 00bb B6       		.byte	0xb6
 116 00bc 58020000 		.4byte	.LASF16
 117 00c0 D1000000 		.4byte	0xd1
 118 00c4 03       		.uleb128 0x3
 119 00c5 87000000 		.4byte	.LASF17
 120 00c9 00       		.byte	0
 121 00ca 03       		.uleb128 0x3
 122 00cb 17000000 		.4byte	.LASF18
 123 00cf 01       		.byte	0x1
 124 00d0 00       		.byte	0
 125 00d1 02       		.uleb128 0x2
 126 00d2 8F000000 		.4byte	.LASF19
 127 00d6 03       		.byte	0x3
 128 00d7 B9       		.byte	0xb9
 129 00d8 03       		.byte	0x3
 130 00d9 B6000000 		.4byte	0xb6
 131 00dd 04       		.uleb128 0x4
 132 00de 46000000 		.4byte	0x46
 133 00e2 BD       		.byte	0xbd
 134 00e3 BD000000 		.4byte	.LASF20
 135 00e7 F8000000 		.4byte	0xf8
 136 00eb 03       		.uleb128 0x3
 137 00ec 39020000 		.4byte	.LASF21
 138 00f0 00       		.byte	0
 139 00f1 03       		.uleb128 0x3
 140 00f2 43000000 		.4byte	.LASF22
 141 00f6 01       		.byte	0x1
 142 00f7 00       		.byte	0
 143 00f8 02       		.uleb128 0x2
 144 00f9 56000000 		.4byte	.LASF23
 145 00fd 03       		.byte	0x3
 146 00fe C0       		.byte	0xc0
 147 00ff 03       		.byte	0x3
 148 0100 DD000000 		.4byte	0xdd
 149 0104 01       		.uleb128 0x1
 150 0105 01       		.byte	0x1
 151 0106 02       		.byte	0x2
 152 0107 00000000 		.4byte	.LASF24
 153 010b 0A       		.uleb128 0xa
 154 010c 08       		.byte	0x8
 155 010d 04       		.byte	0x4
 156 010e 3601     		.2byte	0x136
 157 0110 10       		.byte	0x10
 158 0111 4D020000 		.4byte	.LASF30
 159 0115 32010000 		.4byte	0x132
 160 0119 05       		.uleb128 0x5
 161 011a 6D637200 		.ascii	"mcr\000"
 162 011e 3C01     		.2byte	0x13c
 163 0120 7C000000 		.4byte	0x7c
 164 0124 00       		.byte	0
 165 0125 05       		.uleb128 0x5
 166 0126 62747200 		.ascii	"btr\000"
 167 012a 4201     		.2byte	0x142
 168 012c 7C000000 		.4byte	0x7c
 169 0130 04       		.byte	0x4
 170 0131 00       		.byte	0
 171 0132 0B       		.uleb128 0xb
ARM GAS  /tmp/cc9CJzVl.s 			page 4


 172 0133 2F020000 		.4byte	.LASF25
 173 0137 04       		.byte	0x4
 174 0138 4301     		.2byte	0x143
 175 013a 03       		.byte	0x3
 176 013b 0B010000 		.4byte	0x10b
 177 013f 0C       		.uleb128 0xc
 178 0140 32010000 		.4byte	0x132
 179 0144 0D       		.uleb128 0xd
 180 0145 7A000000 		.4byte	.LASF31
 181 0149 05       		.byte	0x5
 182 014a 05       		.byte	0x5
 183 014b 18       		.byte	0x18
 184 014c 3F010000 		.4byte	0x13f
 185 0150 0E       		.uleb128 0xe
 186 0151 BE020000 		.4byte	.LASF32
 187 0155 05       		.byte	0x5
 188 0156 0E       		.byte	0xe
 189 0157 12       		.byte	0x12
 190 0158 12030000 		.4byte	.LASF33
 191 015c 60010000 		.4byte	0x160
 192 0160 0F       		.uleb128 0xf
 193 0161 04       		.byte	0x4
 194 0162 3F010000 		.4byte	0x13f
 195 0166 00       		.byte	0
 196              		.section	.gnu.debuglto_.debug_abbrev,"e",%progbits
 197              	.Ldebug_abbrev0:
 198 0000 01       		.uleb128 0x1
 199 0001 24       		.uleb128 0x24
 200 0002 00       		.byte	0
 201 0003 0B       		.uleb128 0xb
 202 0004 0B       		.uleb128 0xb
 203 0005 3E       		.uleb128 0x3e
 204 0006 0B       		.uleb128 0xb
 205 0007 03       		.uleb128 0x3
 206 0008 0E       		.uleb128 0xe
 207 0009 00       		.byte	0
 208 000a 00       		.byte	0
 209 000b 02       		.uleb128 0x2
 210 000c 16       		.uleb128 0x16
 211 000d 00       		.byte	0
 212 000e 03       		.uleb128 0x3
 213 000f 0E       		.uleb128 0xe
 214 0010 3A       		.uleb128 0x3a
 215 0011 0B       		.uleb128 0xb
 216 0012 3B       		.uleb128 0x3b
 217 0013 0B       		.uleb128 0xb
 218 0014 39       		.uleb128 0x39
 219 0015 0B       		.uleb128 0xb
 220 0016 49       		.uleb128 0x49
 221 0017 13       		.uleb128 0x13
 222 0018 00       		.byte	0
 223 0019 00       		.byte	0
 224 001a 03       		.uleb128 0x3
 225 001b 28       		.uleb128 0x28
 226 001c 00       		.byte	0
 227 001d 03       		.uleb128 0x3
 228 001e 0E       		.uleb128 0xe
ARM GAS  /tmp/cc9CJzVl.s 			page 5


 229 001f 1C       		.uleb128 0x1c
 230 0020 0B       		.uleb128 0xb
 231 0021 00       		.byte	0
 232 0022 00       		.byte	0
 233 0023 04       		.uleb128 0x4
 234 0024 04       		.uleb128 0x4
 235 0025 01       		.byte	0x1
 236 0026 3E       		.uleb128 0x3e
 237 0027 21       		.uleb128 0x21
 238 0028 07       		.sleb128 7
 239 0029 0B       		.uleb128 0xb
 240 002a 21       		.uleb128 0x21
 241 002b 01       		.sleb128 1
 242 002c 49       		.uleb128 0x49
 243 002d 13       		.uleb128 0x13
 244 002e 3A       		.uleb128 0x3a
 245 002f 21       		.uleb128 0x21
 246 0030 03       		.sleb128 3
 247 0031 3B       		.uleb128 0x3b
 248 0032 0B       		.uleb128 0xb
 249 0033 39       		.uleb128 0x39
 250 0034 21       		.uleb128 0x21
 251 0035 01       		.sleb128 1
 252 0036 6E       		.uleb128 0x6e
 253 0037 0E       		.uleb128 0xe
 254 0038 01       		.uleb128 0x1
 255 0039 13       		.uleb128 0x13
 256 003a 00       		.byte	0
 257 003b 00       		.byte	0
 258 003c 05       		.uleb128 0x5
 259 003d 0D       		.uleb128 0xd
 260 003e 00       		.byte	0
 261 003f 03       		.uleb128 0x3
 262 0040 08       		.uleb128 0x8
 263 0041 3A       		.uleb128 0x3a
 264 0042 21       		.uleb128 0x21
 265 0043 04       		.sleb128 4
 266 0044 3B       		.uleb128 0x3b
 267 0045 05       		.uleb128 0x5
 268 0046 39       		.uleb128 0x39
 269 0047 21       		.uleb128 0x21
 270 0048 1D       		.sleb128 29
 271 0049 49       		.uleb128 0x49
 272 004a 13       		.uleb128 0x13
 273 004b 38       		.uleb128 0x38
 274 004c 0B       		.uleb128 0xb
 275 004d 00       		.byte	0
 276 004e 00       		.byte	0
 277 004f 06       		.uleb128 0x6
 278 0050 11       		.uleb128 0x11
 279 0051 01       		.byte	0x1
 280 0052 25       		.uleb128 0x25
 281 0053 0E       		.uleb128 0xe
 282 0054 13       		.uleb128 0x13
 283 0055 0B       		.uleb128 0xb
 284 0056 03       		.uleb128 0x3
 285 0057 0E       		.uleb128 0xe
ARM GAS  /tmp/cc9CJzVl.s 			page 6


 286 0058 1B       		.uleb128 0x1b
 287 0059 0E       		.uleb128 0xe
 288 005a 10       		.uleb128 0x10
 289 005b 17       		.uleb128 0x17
 290 005c 00       		.byte	0
 291 005d 00       		.byte	0
 292 005e 07       		.uleb128 0x7
 293 005f 24       		.uleb128 0x24
 294 0060 00       		.byte	0
 295 0061 0B       		.uleb128 0xb
 296 0062 0B       		.uleb128 0xb
 297 0063 3E       		.uleb128 0x3e
 298 0064 0B       		.uleb128 0xb
 299 0065 03       		.uleb128 0x3
 300 0066 08       		.uleb128 0x8
 301 0067 00       		.byte	0
 302 0068 00       		.byte	0
 303 0069 08       		.uleb128 0x8
 304 006a 3B       		.uleb128 0x3b
 305 006b 00       		.byte	0
 306 006c 03       		.uleb128 0x3
 307 006d 0E       		.uleb128 0xe
 308 006e 00       		.byte	0
 309 006f 00       		.byte	0
 310 0070 09       		.uleb128 0x9
 311 0071 28       		.uleb128 0x28
 312 0072 00       		.byte	0
 313 0073 03       		.uleb128 0x3
 314 0074 08       		.uleb128 0x8
 315 0075 1C       		.uleb128 0x1c
 316 0076 0B       		.uleb128 0xb
 317 0077 00       		.byte	0
 318 0078 00       		.byte	0
 319 0079 0A       		.uleb128 0xa
 320 007a 13       		.uleb128 0x13
 321 007b 01       		.byte	0x1
 322 007c 0B       		.uleb128 0xb
 323 007d 0B       		.uleb128 0xb
 324 007e 3A       		.uleb128 0x3a
 325 007f 0B       		.uleb128 0xb
 326 0080 3B       		.uleb128 0x3b
 327 0081 05       		.uleb128 0x5
 328 0082 39       		.uleb128 0x39
 329 0083 0B       		.uleb128 0xb
 330 0084 6E       		.uleb128 0x6e
 331 0085 0E       		.uleb128 0xe
 332 0086 01       		.uleb128 0x1
 333 0087 13       		.uleb128 0x13
 334 0088 00       		.byte	0
 335 0089 00       		.byte	0
 336 008a 0B       		.uleb128 0xb
 337 008b 16       		.uleb128 0x16
 338 008c 00       		.byte	0
 339 008d 03       		.uleb128 0x3
 340 008e 0E       		.uleb128 0xe
 341 008f 3A       		.uleb128 0x3a
 342 0090 0B       		.uleb128 0xb
ARM GAS  /tmp/cc9CJzVl.s 			page 7


 343 0091 3B       		.uleb128 0x3b
 344 0092 05       		.uleb128 0x5
 345 0093 39       		.uleb128 0x39
 346 0094 0B       		.uleb128 0xb
 347 0095 49       		.uleb128 0x49
 348 0096 13       		.uleb128 0x13
 349 0097 00       		.byte	0
 350 0098 00       		.byte	0
 351 0099 0C       		.uleb128 0xc
 352 009a 26       		.uleb128 0x26
 353 009b 00       		.byte	0
 354 009c 49       		.uleb128 0x49
 355 009d 13       		.uleb128 0x13
 356 009e 00       		.byte	0
 357 009f 00       		.byte	0
 358 00a0 0D       		.uleb128 0xd
 359 00a1 34       		.uleb128 0x34
 360 00a2 00       		.byte	0
 361 00a3 03       		.uleb128 0x3
 362 00a4 0E       		.uleb128 0xe
 363 00a5 3A       		.uleb128 0x3a
 364 00a6 0B       		.uleb128 0xb
 365 00a7 3B       		.uleb128 0x3b
 366 00a8 0B       		.uleb128 0xb
 367 00a9 39       		.uleb128 0x39
 368 00aa 0B       		.uleb128 0xb
 369 00ab 49       		.uleb128 0x49
 370 00ac 13       		.uleb128 0x13
 371 00ad 00       		.byte	0
 372 00ae 00       		.byte	0
 373 00af 0E       		.uleb128 0xe
 374 00b0 2E       		.uleb128 0x2e
 375 00b1 00       		.byte	0
 376 00b2 3F       		.uleb128 0x3f
 377 00b3 19       		.uleb128 0x19
 378 00b4 03       		.uleb128 0x3
 379 00b5 0E       		.uleb128 0xe
 380 00b6 3A       		.uleb128 0x3a
 381 00b7 0B       		.uleb128 0xb
 382 00b8 3B       		.uleb128 0x3b
 383 00b9 0B       		.uleb128 0xb
 384 00ba 39       		.uleb128 0x39
 385 00bb 0B       		.uleb128 0xb
 386 00bc 6E       		.uleb128 0x6e
 387 00bd 0E       		.uleb128 0xe
 388 00be 49       		.uleb128 0x49
 389 00bf 13       		.uleb128 0x13
 390 00c0 00       		.byte	0
 391 00c1 00       		.byte	0
 392 00c2 0F       		.uleb128 0xf
 393 00c3 10       		.uleb128 0x10
 394 00c4 00       		.byte	0
 395 00c5 0B       		.uleb128 0xb
 396 00c6 0B       		.uleb128 0xb
 397 00c7 49       		.uleb128 0x49
 398 00c8 13       		.uleb128 0x13
 399 00c9 00       		.byte	0
ARM GAS  /tmp/cc9CJzVl.s 			page 8


 400 00ca 00       		.byte	0
 401 00cb 00       		.byte	0
 402              		.section	.gnu.debuglto_.debug_line,"e",%progbits
 403              	.Ldebug_line0:
 404 0000 5A000000 		.4byte	.LELT0-.LSLT0
 405              	.LSLT0:
 406 0004 0500     		.2byte	0x5
 407 0006 04       		.byte	0x4
 408 0007 00       		.byte	0
 409 0008 52000000 		.4byte	.LELTP0-.LASLTP0
 410              	.LASLTP0:
 411 000c 01       		.byte	0x1
 412 000d 01       		.byte	0x1
 413 000e 01       		.byte	0x1
 414 000f F6       		.byte	0xf6
 415 0010 F2       		.byte	0xf2
 416 0011 0D       		.byte	0xd
 417 0012 00       		.byte	0
 418 0013 01       		.byte	0x1
 419 0014 01       		.byte	0x1
 420 0015 01       		.byte	0x1
 421 0016 01       		.byte	0x1
 422 0017 00       		.byte	0
 423 0018 00       		.byte	0
 424 0019 00       		.byte	0
 425 001a 01       		.byte	0x1
 426 001b 00       		.byte	0
 427 001c 00       		.byte	0
 428 001d 01       		.byte	0x1
 429 001e 01       		.byte	0x1
 430 001f 01       		.uleb128 0x1
 431 0020 1F       		.uleb128 0x1f
 432 0021 06       		.uleb128 0x6
 433 0022 1A000000 		.4byte	.LASF34
 434 0026 9E000000 		.4byte	.LASF35
 435 002a 70000000 		.4byte	.LASF36
 436 002e 6D000000 		.4byte	.LASF37
 437 0032 61010000 		.4byte	.LASF38
 438 0036 FC000000 		.4byte	.LASF39
 439 003a 02       		.byte	0x2
 440 003b 01       		.uleb128 0x1
 441 003c 1F       		.uleb128 0x1f
 442 003d 02       		.uleb128 0x2
 443 003e 0B       		.uleb128 0xb
 444 003f 06       		.uleb128 0x6
 445 0040 E9000000 		.4byte	.LASF40
 446 0044 00       		.byte	0
 447 0045 CA000000 		.4byte	.LASF41
 448 0049 04       		.byte	0x4
 449 004a 00000000 		.4byte	.LASF42
 450 004e 05       		.byte	0x5
 451 004f 61000000 		.4byte	.LASF43
 452 0053 01       		.byte	0x1
 453 0054 DB000000 		.4byte	.LASF44
 454 0058 02       		.byte	0x2
 455 0059 0A000000 		.4byte	.LASF45
 456 005d 03       		.byte	0x3
ARM GAS  /tmp/cc9CJzVl.s 			page 9


 457              	.LELTP0:
 458              	.LELT0:
 459              		.section	.gnu.debuglto_.debug_str,"eMS",%progbits,1
 460              	.LASF24:
 461 0000 626F6F6C 		.ascii	"bool\000"
 461      00
 462              	.LASF29:
 463 0005 6465636C 		.ascii	"decltype(nullptr)\000"
 463      74797065 
 463      286E756C 
 463      6C707472 
 463      2900
 464              	.LASF18:
 465 0017 454E4142 		.ascii	"ENABLE\000"
 465      4C4500
 466              	.LASF9:
 467 001e 6C6F6E67 		.ascii	"long long unsigned int\000"
 467      206C6F6E 
 467      6720756E 
 467      7369676E 
 467      65642069 
 468              	.LASF4:
 469 0035 756E7369 		.ascii	"unsigned char\000"
 469      676E6564 
 469      20636861 
 469      7200
 470              	.LASF22:
 471 0043 53554343 		.ascii	"SUCCESS\000"
 471      45535300 
 472              	.LASF14:
 473 004b 466C6167 		.ascii	"FlagStatus\000"
 473      53746174 
 473      757300
 474              	.LASF23:
 475 0056 4572726F 		.ascii	"ErrorStatus\000"
 475      72537461 
 475      74757300 
 476              	.LASF8:
 477 0062 6C6F6E67 		.ascii	"long unsigned int\000"
 477      20756E73 
 477      69676E65 
 477      6420696E 
 477      7400
 478              	.LASF13:
 479 0074 52455345 		.ascii	"RESET\000"
 479      5400
 480              	.LASF31:
 481 007a 63616E43 		.ascii	"canConfig500\000"
 481      6F6E6669 
 481      67353030 
 481      00
 482              	.LASF17:
 483 0087 44495341 		.ascii	"DISABLE\000"
 483      424C4500 
 484              	.LASF19:
 485 008f 46756E63 		.ascii	"FunctionalState\000"
 485      74696F6E 
ARM GAS  /tmp/cc9CJzVl.s 			page 10


 485      616C5374 
 485      61746500 
 486              	.LASF27:
 487 009f 2E2E2F70 		.ascii	"../port_shared.cpp\000"
 487      6F72745F 
 487      73686172 
 487      65642E63 
 487      707000
 488              	.LASF10:
 489 00b2 5F5F7569 		.ascii	"__uint32_t\000"
 489      6E743332 
 489      5F7400
 490              	.LASF20:
 491 00bd 31314572 		.ascii	"11ErrorStatus\000"
 491      726F7253 
 491      74617475 
 491      7300
 492              	.LASF0:
 493 00cb 756E7369 		.ascii	"unsigned int\000"
 493      676E6564 
 493      20696E74 
 493      00
 494              	.LASF26:
 495 00d8 474E5520 		.ascii	"GNU C++17 11.3.1 20220712 -mcpu=cortex-m0 -mthumb -"
 495      432B2B31 
 495      37203131 
 495      2E332E31 
 495      20323032 
 496 010b 6D666C6F 		.ascii	"mfloat-abi=soft -march=armv6s-m -ggdb -Os -std=c++1"
 496      61742D61 
 496      62693D73 
 496      6F667420 
 496      2D6D6172 
 497 013e 37202D66 		.ascii	"7 -fomit-frame-pointer -falign-functions=16 -fsingl"
 497      6F6D6974 
 497      2D667261 
 497      6D652D70 
 497      6F696E74 
 498 0171 652D7072 		.ascii	"e-precision-constant -ffunction-sections -fdata-sec"
 498      65636973 
 498      696F6E2D 
 498      636F6E73 
 498      74616E74 
 499 01a4 74696F6E 		.ascii	"tions -fno-common -flto -fno-rtti -fno-exceptions -"
 499      73202D66 
 499      6E6F2D63 
 499      6F6D6D6F 
 499      6E202D66 
 500 01d7 66666173 		.ascii	"ffast-math -funsafe-math-optimizations -fno-threads"
 500      742D6D61 
 500      7468202D 
 500      66756E73 
 500      6166652D 
 501 020a 6166652D 		.ascii	"afe-statics -fno-use-cxa-atexit\000"
 501      73746174 
 501      69637320 
 501      2D666E6F 
ARM GAS  /tmp/cc9CJzVl.s 			page 11


 501      2D757365 
 502              	.LASF12:
 503 022a 63686172 		.ascii	"char\000"
 503      00
 504              	.LASF25:
 505 022f 43414E43 		.ascii	"CANConfig\000"
 505      6F6E6669 
 505      6700
 506              	.LASF21:
 507 0239 4552524F 		.ascii	"ERROR\000"
 507      5200
 508              	.LASF1:
 509 023f 6C6F6E67 		.ascii	"long long int\000"
 509      206C6F6E 
 509      6720696E 
 509      7400
 510              	.LASF30:
 511 024d 3943414E 		.ascii	"9CANConfig\000"
 511      436F6E66 
 511      696700
 512              	.LASF16:
 513 0258 31354675 		.ascii	"15FunctionalState\000"
 513      6E637469 
 513      6F6E616C 
 513      53746174 
 513      6500
 514              	.LASF5:
 515 026a 73686F72 		.ascii	"short int\000"
 515      7420696E 
 515      7400
 516              	.LASF11:
 517 0274 75696E74 		.ascii	"uint32_t\000"
 517      33325F74 
 517      00
 518              	.LASF7:
 519 027d 6C6F6E67 		.ascii	"long int\000"
 519      20696E74 
 519      00
 520              	.LASF2:
 521 0286 6C6F6E67 		.ascii	"long double\000"
 521      20646F75 
 521      626C6500 
 522              	.LASF15:
 523 0292 3130466C 		.ascii	"10FlagStatus\000"
 523      61675374 
 523      61747573 
 523      00
 524              	.LASF3:
 525 029f 7369676E 		.ascii	"signed char\000"
 525      65642063 
 525      68617200 
 526              	.LASF6:
 527 02ab 73686F72 		.ascii	"short unsigned int\000"
 527      7420756E 
 527      7369676E 
 527      65642069 
 527      6E7400
ARM GAS  /tmp/cc9CJzVl.s 			page 12


 528              	.LASF32:
 529 02be 47657443 		.ascii	"GetCanConfig\000"
 529      616E436F 
 529      6E666967 
 529      00
 530              	.LASF28:
 531 02cb 2F686F6D 		.ascii	"/home/kocur/wideband-2311-f0_addon/firmware/boards/"
 531      652F6B6F 
 531      6375722F 
 531      77696465 
 531      62616E64 
 532 02fe 66305F61 		.ascii	"f0_addon/bootloader\000"
 532      64646F6E 
 532      2F626F6F 
 532      746C6F61 
 532      64657200 
 533              	.LASF33:
 534 0312 5F5A3132 		.ascii	"_Z12GetCanConfigv\000"
 534      47657443 
 534      616E436F 
 534      6E666967 
 534      7600
 535              		.section	.gnu.debuglto_.debug_line_str,"eMS",%progbits,1
 536              	.LASF42:
 537 0000 5F737464 		.ascii	"_stdint.h\000"
 537      696E742E 
 537      6800
 538              	.LASF45:
 539 000a 706F7274 		.ascii	"port_shared.cpp\000"
 539      5F736861 
 539      7265642E 
 539      63707000 
 540              	.LASF34:
 541 001a 2F686F6D 		.ascii	"/home/kocur/wideband-2311-f0_addon/firmware/boards/"
 541      652F6B6F 
 541      6375722F 
 541      77696465 
 541      62616E64 
 542 004d 66305F61 		.ascii	"f0_addon/bootloader\000"
 542      64646F6E 
 542      2F626F6F 
 542      746C6F61 
 542      64657200 
 543              	.LASF43:
 544 0061 73746D33 		.ascii	"stm32f0xx.h\000"
 544      32663078 
 544      782E6800 
 545              	.LASF37:
 546 006d 2E2E00   		.ascii	"..\000"
 547              	.LASF36:
 548 0070 2E2E2F2E 		.ascii	"../../../ChibiOS/os/hal/ports/STM32/LLD/CANv1\000"
 548      2E2F2E2E 
 548      2F436869 
 548      62694F53 
 548      2F6F732F 
 549              	.LASF35:
 550 009e 2E2E2F2E 		.ascii	"../../../ChibiOS/os/common/ext/ST/STM32F0xx\000"
ARM GAS  /tmp/cc9CJzVl.s 			page 13


 550      2E2F2E2E 
 550      2F436869 
 550      62694F53 
 550      2F6F732F 
 551              	.LASF41:
 552 00ca 5F646566 		.ascii	"_default_types.h\000"
 552      61756C74 
 552      5F747970 
 552      65732E68 
 552      00
 553              	.LASF44:
 554 00db 68616C5F 		.ascii	"hal_can_lld.h\000"
 554      63616E5F 
 554      6C6C642E 
 554      6800
 555              	.LASF40:
 556 00e9 2E2E2F70 		.ascii	"../port_shared.cpp\000"
 556      6F72745F 
 556      73686172 
 556      65642E63 
 556      707000
 557              	.LASF39:
 558 00fc 2F686F6D 		.ascii	"/home/kocur/.rusefi-tools/arm-gnu-toolchain-11.3.re"
 558      652F6B6F 
 558      6375722F 
 558      2E727573 
 558      6566692D 
 559 012f 6C312D78 		.ascii	"l1-x86_64-arm-none-eabi/arm-none-eabi/include/sys\000"
 559      38365F36 
 559      342D6172 
 559      6D2D6E6F 
 559      6E652D65 
 560              	.LASF38:
 561 0161 2F686F6D 		.ascii	"/home/kocur/.rusefi-tools/arm-gnu-toolchain-11.3.re"
 561      652F6B6F 
 561      6375722F 
 561      2E727573 
 561      6566692D 
 562 0194 6C312D78 		.ascii	"l1-x86_64-arm-none-eabi/arm-none-eabi/include/machi"
 562      38365F36 
 562      342D6172 
 562      6D2D6E6F 
 562      6E652D65 
 563 01c7 6E6500   		.ascii	"ne\000"
 564              		.text
 565              		.section	.gnu.lto_.profile.bb80125dc3876416,"e",%progbits
 566 0000 789C6362 		.ascii	"x\234cb\000\001\000\000\022\000\003"
 566      00010000 
 566      120003
 567              		.text
 568              		.section	.gnu.lto_.icf.bb80125dc3876416,"e",%progbits
 569 0000 789CE367 		.ascii	"x\234\343g@\000&\206\277\215\217.\36100\316?\363j.'"
 569      40002686 
 569      BF8D8F2E 
 569      F13030CE 
 569      3FF36A2E 
 570 0015 03003457 		.ascii	"\003\0004W\006L"
ARM GAS  /tmp/cc9CJzVl.s 			page 14


 570      064C
 571              		.text
 572              		.section	.gnu.lto_.ipa_sra.bb80125dc3876416,"e",%progbits
 573 0000 789C6365 		.ascii	"x\234ce@\000F\006\006f\006\000\000q\000\012"
 573      40004606 
 573      06660600 
 573      0071000A 
 574              		.text
 575              		.section	.gnu.lto_.inline.bb80125dc3876416,"e",%progbits
 576 0000 789C5365 		.ascii	"x\234Se@\000F\006\006\346\006 `Jad`b`h\0042\353\030"
 576      40004606 
 576      06E60620 
 576      604A6164 
 576      60626068 
 577 0018 18D82042 		.ascii	"\030\330 BL ! \000\000\241H\007\202"
 577      4C202120 
 577      0000A148 
 577      0782
 578              		.text
 579              		.section	.gnu.lto_.jmpfuncs.bb80125dc3876416,"e",%progbits
 580 0000 789C6365 		.ascii	"x\234ce@\000F\020\001\000\000k\000\007"
 580      40004610 
 580      0100006B 
 580      0007
 581              		.text
 582              		.section	.gnu.lto_.pureconst.bb80125dc3876416,"e",%progbits
 583 0000 789C6361 		.ascii	"x\234ca```dh`\001\000\0010\000\212"
 583      60606064 
 583      68600100 
 583      0130008A 
 584              		.text
 585              		.section	.gnu.lto_.ipa_modref.bb80125dc3876416,"e",%progbits
 586 0000 789C6362 		.ascii	"x\234cb@\006\000\000*\000\003"
 586      40060000 
 586      2A0003
 587              		.text
 588              		.section	.gnu.lto_.lto.bb80125dc3876416,"e",%progbits
 589 0000 0B000300 		.ascii	"\013\000\003\000\001\000\000\000"
 589      01000000 
 590              		.text
 591              		.section	.gnu.lto__ZL12canConfig500.186.bb80125dc3876416,"e",%progbits
 592 0000 789C9361 		.ascii	"x\234\223a```d\200\000VF\266z\306\326\206\017\020\306"
 592      60606064 
 592      80005646 
 592      B67AC6D6 
 592      860F10C6 
 593 0014 1306FBA6 		.ascii	"\023\006\373\246\216\006\216\332\352\035\214\225\333"
 593      8E068EDA 
 593      EA1D8C95 
 593      DB
 594 0021 1919007A 		.ascii	"\031\031\000z~\010\302"
 594      7E08C2
 595              		.text
 596              		.section	.gnu.lto__Z12GetCanConfigv.187.bb80125dc3876416,"e",%progbits
 597 0000 789C9BCB 		.ascii	"x\234\233\313\300\300\020\013\304\252@\314\310\314\300"
 597      C0C0100B 
 597      C4AA40CC 
ARM GAS  /tmp/cc9CJzVl.s 			page 15


 597      C8CCC0
 598 000f 38696217 		.ascii	"8ib\027\023CCC\203\003;\023c\343\304\256\377\007\225"
 598      13434343 
 598      83033B13 
 598      63E3C4AE 
 598      FF0795
 599 0022 19773282 		.ascii	"\031w2\202\371\214\014\365L\214\365\214\013\231Y\031"
 599      F98C0CF5 
 599      4C8CF58C 
 599      0B995919 
 600 0032 D9841959 		.ascii	"\331\204\031Y\200\244(\243\202\376\221\206\206\037G"
 600      80A428A3 
 600      82FE9186 
 600      861F47
 601 0041 9F3D78CC 		.ascii	"\237=x\314?g\305\001\226z\206\332\035\214\333\031\031"
 601      3F67C501 
 601      967A86DA 
 601      1D8CDB19 
 601      19
 602 0052 C0809B81 		.ascii	"\300\200\233\201\241\026d(\020\257\277\304z\240\341"
 602      A1166428 
 602      10AFBFC4 
 602      7AA0E1
 603 0061 CFFFFE86 		.ascii	"\317\377\376\206\206\263O\030W0110\314c\006Y\322\300"
 603      86B34F18 
 603      57303131 
 603      30CC6306 
 603      59D2C0
 604 0074 C2D87080 		.ascii	"\302\330p\200\201a>3\023\204\323\010\344|gjX\304\315"
 604      81613E33 
 604      1384D308 
 604      E47C676A 
 604      58C4CD
 605 0087 F09FA969 		.ascii	"\360\237\251i\201%\320\212jF\006V\306. ]\011\244\327"
 605      8125D08A 
 605      6A460656 
 605      C62E205D 
 605      09A4D7
 606 009a 30B294EF 		.ascii	"0\262\224\357a\334\315\310\000\022\330\013\261f\036"
 606      61DCCDC8 
 606      0012D80B 
 606      B1661E
 607 00a9 3323C220 		.ascii	"3#\302 \006\006w\375\214\374\334T\375\354\374\344\322"
 607      060677FD 
 607      8CFCDC54 
 607      FDECFCE4 
 607      D2
 608 00ba 22FDF2CC 		.ascii	"\"\375\362\314\224\324\244\304\274\024]#cCC\3354\203"
 608      94D4A4C4 
 608      BC145D23 
 608      634343DD 
 608      3483
 609 00cc F8C49494 		.ascii	"\370\304\224\224\374<\375\264\314\242\334\362\304\242"
 609      FC3CFDB4 
 609      CCA2DCF2 
 609      C4A2
 610 00da 54FDA4FC 		.ascii	"T\375\244\374\304\242\224b}\270DR~~IN~bJj\021\203\260"
ARM GAS  /tmp/cc9CJzVl.s 			page 16


 610      C4A29462 
 610      7DB84452 
 610      7E7E494E 
 610      7E624A6A 
 611 00f1 9E9E7E41 		.ascii	"\236\236~A~QI|q\006Pe\212^rA\001\003\000P\000W\334"
 611      7E51497C 
 611      71065065 
 611      8A5E7241 
 611      01030050 
 612              		.text
 613              		.section	.gnu.lto_.symbol_nodes.bb80125dc3876416,"e",%progbits
 614 0000 789C5361 		.ascii	"x\234Sa\000\002\246\335\214\365\014\015@\300\3028\341"
 614      0002A6DD 
 614      8CF50C0D 
 614      40C0C238 
 614      E1
 615 0011 1C03433D 		.ascii	"\034\003C=\003\303\256\206FF\240\004\353.F\306\006'"
 615      03C3AE86 
 615      4646A004 
 615      EB2E46C6 
 615      0627
 616 0023 06066606 		.ascii	"\006\006f\006\000\271f\010\206"
 616      00B96608 
 616      86
 617              		.text
 618              		.section	.gnu.lto_.refs.bb80125dc3876416,"e",%progbits
 619 0000 789C6367 		.ascii	"x\234cg```d`bdb`\000\000\000s\000\016"
 619      60606064 
 619      60626462 
 619      60000000 
 619      73000E
 620              		.text
 621              		.section	.gnu.lto_.decls.bb80125dc3876416,"e",%progbits
 622 0000 789C6552 		.ascii	"x\234eRMl\033U\020~\263^\322Mj\224\270?\222\013\034"
 622      4D6C1B55 
 622      107EB35E 
 622      D24D6A94 
 622      B83F920B 
 623 0015 222E448D 		.ascii	"\".D\215\354\265\235\244\025\022\207 WJ\245\204\366"
 623      ECB59DA4 
 623      15128720 
 623      574AA584 
 623      F6
 624 0026 D072E162 		.ascii	"\320r\341b\255\177\202\255\306\336h\355\246\275 \315"
 624      AD7F82AD 
 624      C6DE68ED 
 624      A6BD20CD 
 625 0036 3A5B63D1 		.ascii	":[c\321\222\256\021R-+\012+\213\036*$\210\020\210$\245"
 625      92AE1152 
 625      2D2B0A2B 
 625      8B1E2A24 
 625      88108824 
 626 004b CDD67192 		.ascii	"\315\326q\222\022B\233\266i\323\002\207( \024D\025\322"
 626      12429BB6 
 626      69D30287 
 626      28201444 
 626      15D2
ARM GAS  /tmp/cc9CJzVl.s 			page 17


 627 005d 22A11C4A 		.ascii	"\"\241\034Ja\326v#\253\254<\236\367\346\233\357{\363"
 627      61D67623 
 627      ABAC3C9E 
 627      F7E69BEF 
 627      7BF3
 628 006f BEDD808D 		.ascii	"\276\335\200\215\261\243\300\330a\306\330\277\364\320"
 628      B1A3C0D8 
 628      61C6D8BF 
 628      F4D0
 629 007d 96DDA1E0 		.ascii	"\226\335\241\340(\346)V(\276 \234\247\274T\303\356R"
 629      28E62956 
 629      28BE209C 
 629      A7BC54C3 
 629      EE52
 630 008f DCA6384F 		.ascii	"\334\2468O\365\027(\337\257\365>\250\365\337\243\340"
 630      F51728DF 
 630      AFF53EA8 
 630      F5DFA3E0 
 631 009f B9B14B57 		.ascii	"\271\261KW.\354|\004\210x\035M\265,\350\305u\034G\034"
 631      2EEC7C04 
 631      88781D4D 
 631      B52CE8C5 
 631      751C471C 
 632 00b3 C4B9F57C 		.ascii	"\304\271\365|!\263\236u\344\322\204\215g\361\245<\225"
 632      21B39E75 
 632      E4D2848D 
 632      67F1A53C 
 632      95
 633 00c4 0B85559D 		.ascii	"\013\205U\2353l\250Q\015\207\355\370\025\245t\024\207"
 633      336CA851 
 633      0D87EDF8 
 633      15A57414 
 633      87
 634 00d5 33D6FE9C 		.ascii	"3\326\376\234\323\030\306\312\263\004hfp\334l(\316`"
 634      D318C6CA 
 634      B3046866 
 634      70DC6C28 
 634      CE60
 635 00e7 268F7D85 		.ascii	"&\217}\205\322\234\235\312\272\372\333\344\351\302\352"
 635      D29C9DCA 
 635      BAFADBE4 
 635      E9C2EA
 636 00f6 2C16B4EB 		.ascii	",\026\264\353PD:\317\300s\373\010\370\020\265\254jW"
 636      50443ACF 
 636      C073FB08 
 636      F810B5AC 
 636      6A57
 637 0108 D77EDF34 		.ascii	"\327~\3374\014\0044\314\254^4\263\016\353O]\235\315"
 637      0C0434CC 
 637      AC5E34B3 
 637      0EEB4F5D 
 637      9DCD
 638 011a 42AE68EA 		.ascii	"B\256h\352j\272;W\324\262V8r\324\221KkH\035\250\022"
 638      6ABA3B57 
 638      D4B25638 
 638      72D4914B 
 638      6B481DA8 
ARM GAS  /tmp/cc9CJzVl.s 			page 18


 639 012f 5FD04900 		.ascii	"_\320I\000\323\230\205\0134\232\216\207\364b\231\032"
 639      D398850B 
 639      349A8E87 
 639      F462991A 
 640 013f A84EC3EB 		.ascii	"\250N\303\353\206\206-*1\360\3232:\014$*\241\216\034"
 640      86862D2A 
 640      31F0D332 
 640      3A0C242A 
 640      A18E1C
 641 0152 09639A16 		.ascii	"\011c\232\026*\355T4\251\007\235d\011#=\316\272\026"
 641      2AED5434 
 641      A9079D64 
 641      09233DCE 
 641      BA16
 642 0164 622B1A48 		.ascii	"b+\032H\343\250\335<\267\366\370\257)\341\261eS~\017"
 642      E3A8DD3C 
 642      B7F6F8AF 
 642      29E1B165 
 642      537E0F
 643 0177 DBAB7733 		.ascii	"\333\253w3\346i\021^f\202\213uU\257\234\016\262)\260"
 643      E669115E 
 643      66828B75 
 643      55AF9C0E 
 643      B229B0
 644 018a E8ACD72E 		.ascii	"\350\254\327.DX\303n\340\032\366B\013e\236r\253\240"
 644      4458C36E 
 644      E01AF642 
 644      0B659E72 
 644      ABA0
 645 019c 30E13DC6 		.ascii	"0\341=\306\363\313\213\177g\232\235\356\012%kV\010e"
 645      F3CB8B7F 
 645      679A9DEE 
 645      0A256B56 
 645      0865
 646 01ae 9881CB50 		.ascii	"\230\201\313P=x\353\223\205\233\277\274\3325\003\245"
 646      3D78EB93 
 646      859BBFBC 
 646      DA3503A5 
 647 01be 6A895D03 		.ascii	"j\211]\003zG\332\331\177n\354tZ\024\263\306)=\343\360"
 647      7A47DAD9 
 647      7F6EEC74 
 647      5A14B3C6 
 647      293DE3F0 
 648 01d2 DCC8D4FB 		.ascii	"\334\310\324\373\231\306]&\342&\032%~\026L\230&`\316"
 648      99C65D26 
 648      E2261A25 
 648      7E164C98 
 648      2660CE
 649 01e5 FA18B88D 		.ascii	"\372\030\270\215'?-\354x\205x\017\021\367\314\301U\270"
 649      273F2DEC 
 649      7885780F 
 649      11F7CCC1 
 649      55B8
 650 01f7 42E57960 		.ascii	"B\345y`\217*\314\334\2066\266\243m4\217[\023\037\215"
 650      8F2ACCDC 
 650      8636B6A3 
 650      6D348F5B 
ARM GAS  /tmp/cc9CJzVl.s 			page 19


 650      131F8D
 651 020a 1D1F45D3 		.ascii	"\035\037E\323z\323\374<|[;{\022\330\004|\003\275K\234"
 651      7AD3FC3C 
 651      7C5B3B7B 
 651      12D8047C 
 651      03BD4B9C 
 652 021e 6070D68D 		.ascii	"`p\326\215\004\272\211\311\204/9&LS\241\015\254O\261"
 652      04BA89C9 
 652      842F3926 
 652      4C53A10D 
 652      AC4FB1
 653 0231 99321366 		.ascii	"\2312\023f8\022\374\374\217\265\325\246\346\312(\246"
 653      3812FCFC 
 653      8FB5D5A6 
 653      E6CA28A6 
 654 0241 D6C82A93 		.ascii	"\326\310*\223,A\033\273\0117@X\244\016a\362\317\215"
 654      2C411BBB 
 654      09374058 
 654      A40E61F2 
 654      CF8D
 655 0253 87B0DFE9 		.ascii	"\207\260\337\351\336OM[WG>\370\254y4mj\366[p\033\226"
 655      DE4F4D5B 
 655      57473EF8 
 655      AC79346D 
 655      6AF65B70 
 656 0269 6B937B19 		.ascii	"k\223{\031\021-/42\210g\337\303\002\260\273\204^\206"
 656      112D2F34 
 656      328867DF 
 656      C302B0BB 
 656      845E86
 657 027c 7B70A766 		.ascii	"{p\247f\323\346\331\023l\271\336#\353\314'\227\316\217"
 657      D3E6D913 
 657      6CB9DE23 
 657      EBCC2797 
 657      CE8F
 658 028e 80AEDA6E 		.ascii	"\200\256\332n\301\017\365b\0354\330\231\213\263\323"
 658      C10FF562 
 658      1D34D899 
 658      8BB3D3
 659 029d 2F5A066A 		.ascii	"/Z\006j\346\266f\251^\263\375c\335r\341\314kxx\005\026"
 659      E6B666A9 
 659      5EB3FD63 
 659      DD72E1CC 
 659      6B787805 
 660 02b2 A95E6961 		.ascii	"\251^ia\337\001|\015\275e\216\347\236>\275\370\253m"
 660      DF017C0D 
 660      BD658EE7 
 660      9E3EBDF8 
 660      AB6D
 661 02c4 DBE5959A 		.ascii	"\333\345\225\232\374\203\212\313\023\033\367\177nv<"
 661      FC838ACB 
 661      131BF77F 
 661      6E763C
 662 02d3 8FFD68E9 		.ascii	"\217\375h\351\332\274\007X\243\244\304\207\016$]q\326"
 662      DABC0758 
 662      A3A4C487 
 662      0E245D71 
ARM GAS  /tmp/cc9CJzVl.s 			page 20


 662      D6
 663 02e4 14929554 		.ascii	"\024\222\225T\344\264+\356a\216\300;^_O$\345\227\022"
 663      E4B42BEE 
 663      618EC03B 
 663      5E5F4F24 
 663      E59712
 664 02f7 7E39D11F 		.ascii	"~9\321\037{wh\227\333-\016\022\036HF%%\022v\207\006"
 664      7B776897 
 664      DB2D0E12 
 664      1E484625 
 664      25127687 
 665 030c 079B7A8E 		.ascii	"\007\233z\216\274\335\352oo\367\036d\373\236\203\334"
 665      BCDDEA6F 
 665      6FF71E64 
 665      FB9E83DC 
 666 031c 9DA1CE4E 		.ascii	"\235\241\316No\370\240\304\354\365*M\257\373\337<R]"
 666      6FF8A0C4 
 666      ECF52A4D 
 666      AFFBDF3C 
 666      525D
 667 032e 366EAF7A 		.ascii	"6n\257z\304\250\034\217\210'\344\320IE<\025\013G\202"
 667      C4A81C8F 
 667      8827E4D0 
 667      49453C15 
 667      0B4782
 668 0341 5222ECF2 		.ascii	"R\"\354\362ux\275\256~O@\012\207\345\204\330\037S\342"
 668      7578BDAE 
 668      7E4F400A 
 668      87E584D8 
 668      1F53E2
 669 0354 A7485C0C 		.ascii	"\247H\\\014\312\222\022N\212\333@P\226S\003\262\024"
 669      CA92124E 
 669      8ADB4050 
 669      965303B2 
 669      14
 670 0365 8E28EC0D 		.ascii	"\216(\354\015\232\260\372\363Gc\301\330\321c\242\234"
 670      9AB0FAF3 
 670      4763C1D8 
 670      D163A29C 
 671 0375 14A3D240 		.ascii	"\024\243\322@e\354\244x\354\370[\035>\261\257\357\220"
 671      65ECA478 
 671      ECF85B1D 
 671      3EB1AFEF 
 671      90
 672 0386 48270F79 		.ascii	"H'\017y-$\020\222\022\201\201\201\260;\312v\377\377"
 672      2D241092 
 672      12818181 
 672      B03BCA76 
 672      FFFF
 673 0398 7A96097D 		.ascii	"z\226\011}^_\350\331\360]\036\217\275~c\213\207\024"
 673      5E5FE8D9 
 673      F05D1E8F 
 673      BD7E638B 
 673      8714
 674 03aa E1642C91 		.ascii	"\341d,\221\352\360\005R\266`J\371\017}\351\323\015"
 674      EAF00552 
 674      B6604AF9 
ARM GAS  /tmp/cc9CJzVl.s 			page 21


 674      0F7DE9D3 
 674      0D
 675              		.text
 676              		.section	.gnu.lto_.symtab.bb80125dc3876416,"e",%progbits
 677 0000 5F5A3132 		.ascii	"_Z12GetCanConfigv\000"
 677      47657443 
 677      616E436F 
 677      6E666967 
 677      7600
 678 0012 00       		.ascii	"\000"
 679 0013 00       		.ascii	"\000"
 680 0014 00       		.ascii	"\000"
 681 0015 00000000 		.ascii	"\000\000\000\000\000\000\000\000"
 681      00000000 
 682 001d C7000000 		.ascii	"\307\000\000\000"
 683              		.text
 684              		.section	.gnu.lto_.ext_symtab.bb80125dc3876416,"e",%progbits
 685 0000 01       		.ascii	"\001"
 686 0001 01       		.ascii	"\001"
 687 0002 00       		.ascii	"\000"
 688              		.text
 689              		.section	.gnu.lto_.opts,"e",%progbits
 690 0000 272D666E 		.ascii	"'-fno-openmp' '-fno-openacc' '-fno-pie' '-fcf-prote"
 690      6F2D6F70 
 690      656E6D70 
 690      2720272D 
 690      666E6F2D 
 691 0033 6374696F 		.ascii	"ction=none' '-g' '-mcpu=cortex-m0' '-mthumb' '-mflo"
 691      6E3D6E6F 
 691      6E652720 
 691      272D6727 
 691      20272D6D 
 692 0066 61742D61 		.ascii	"at-abi=soft' '-mlibarch=armv6s-m' '-march=armv6s-m'"
 692      62693D73 
 692      6F667427 
 692      20272D6D 
 692      6C696261 
 693 0099 20272D4F 		.ascii	" '-Os' '-fomit-frame-pointer' '-falign-functions=16"
 693      73272027 
 693      2D666F6D 
 693      69742D66 
 693      72616D65 
 694 00cc 2720272D 		.ascii	"' '-fsingle-precision-constant' '-ffunction-section"
 694      6673696E 
 694      676C652D 
 694      70726563 
 694      6973696F 
 695 00ff 73272027 		.ascii	"s' '-fdata-sections' '-fno-common' '-flto' '-fno-ex"
 695      2D666461 
 695      74612D73 
 695      65637469 
 695      6F6E7327 
 696 0132 63657074 		.ascii	"ceptions' '-ffast-math' '-funsafe-math-optimization"
 696      696F6E73 
 696      2720272D 
 696      66666173 
 696      742D6D61 
ARM GAS  /tmp/cc9CJzVl.s 			page 22


 697 0165 73272027 		.ascii	"s' '-Xassembler' '-alms=./build/lst/port_shared.lst"
 697      2D586173 
 697      73656D62 
 697      6C657227 
 697      20272D61 
 698 0198 2700     		.ascii	"'\000"
 699              		.text
 700              		.comm	__gnu_lto_slim,1,1
 701              		.ident	"GCC: (Arm GNU Toolchain 11.3.Rel1) 11.3.1 20220712"
ARM GAS  /tmp/cc9CJzVl.s 			page 23


DEFINED SYMBOLS
                            *ABS*:0000000000000000 port_shared.cpp
     /tmp/cc9CJzVl.s:21     .gnu.debuglto_.debug_info:0000000000000000 port_shared.cpp.4c441d7a
                            *COM*:0000000000000001 __gnu_lto_slim

NO UNDEFINED SYMBOLS
