ARM GAS  /tmp/cc4CRYQu.s 			page 1


   1              		.cpu cortex-m0
   2              		.arch armv6s-m
   3              		.fpu softvfp
   4              		.eabi_attribute 20, 1
   5              		.eabi_attribute 21, 1
   6              		.eabi_attribute 23, 3
   7              		.eabi_attribute 24, 1
   8              		.eabi_attribute 25, 1
   9              		.eabi_attribute 26, 1
  10              		.eabi_attribute 30, 4
  11              		.eabi_attribute 34, 0
  12              		.eabi_attribute 18, 4
  13              		.file	"stm32_dma.c"
  14              		.section	.gnu.debuglto_.debug_info,"e",%progbits
  15              	.Ldebug_info0:
  16              		.hidden	stm32_dma.c.80fd48ea
  17              		.weak	stm32_dma.c.80fd48ea
  18              	stm32_dma.c.80fd48ea:
  19 0000 76000000 		.4byte	0x76
  20 0004 0500     		.2byte	0x5
  21 0006 01       		.byte	0x1
  22 0007 04       		.byte	0x4
  23 0008 00000000 		.4byte	.Ldebug_abbrev0
  24 000c 02       		.uleb128 0x2
  25 000d 1C010000 		.4byte	.LASF12
  26 0011 1D       		.byte	0x1d
  27 0012 1B000000 		.4byte	.LASF13
  28 0016 7E000000 		.4byte	.LASF14
  29 001a 00000000 		.4byte	.Ldebug_line0
  30 001e 03       		.uleb128 0x3
  31 001f 04       		.byte	0x4
  32 0020 05       		.byte	0x5
  33 0021 696E7400 		.ascii	"int\000"
  34 0025 01       		.uleb128 0x1
  35 0026 04       		.byte	0x4
  36 0027 07       		.byte	0x7
  37 0028 0E000000 		.4byte	.LASF0
  38 002c 01       		.uleb128 0x1
  39 002d 08       		.byte	0x8
  40 002e 05       		.byte	0x5
  41 002f 00000000 		.4byte	.LASF1
  42 0033 01       		.uleb128 0x1
  43 0034 08       		.byte	0x8
  44 0035 04       		.byte	0x4
  45 0036 06010000 		.4byte	.LASF2
  46 003a 01       		.uleb128 0x1
  47 003b 01       		.byte	0x1
  48 003c 06       		.byte	0x6
  49 003d FA000000 		.4byte	.LASF3
  50 0041 01       		.uleb128 0x1
  51 0042 01       		.byte	0x1
  52 0043 08       		.byte	0x8
  53 0044 C5000000 		.4byte	.LASF4
  54 0048 01       		.uleb128 0x1
  55 0049 02       		.byte	0x2
  56 004a 05       		.byte	0x5
  57 004b 12010000 		.4byte	.LASF5
ARM GAS  /tmp/cc4CRYQu.s 			page 2


  58 004f 01       		.uleb128 0x1
  59 0050 02       		.byte	0x2
  60 0051 07       		.byte	0x7
  61 0052 E7000000 		.4byte	.LASF6
  62 0056 01       		.uleb128 0x1
  63 0057 04       		.byte	0x4
  64 0058 05       		.byte	0x5
  65 0059 D8000000 		.4byte	.LASF7
  66 005d 01       		.uleb128 0x1
  67 005e 04       		.byte	0x4
  68 005f 07       		.byte	0x7
  69 0060 55000000 		.4byte	.LASF8
  70 0064 01       		.uleb128 0x1
  71 0065 08       		.byte	0x8
  72 0066 07       		.byte	0x7
  73 0067 67000000 		.4byte	.LASF9
  74 006b 01       		.uleb128 0x1
  75 006c 01       		.byte	0x1
  76 006d 08       		.byte	0x8
  77 006e D3000000 		.4byte	.LASF10
  78 0072 01       		.uleb128 0x1
  79 0073 01       		.byte	0x1
  80 0074 02       		.byte	0x2
  81 0075 E1000000 		.4byte	.LASF11
  82 0079 00       		.byte	0
  83              		.section	.gnu.debuglto_.debug_abbrev,"e",%progbits
  84              	.Ldebug_abbrev0:
  85 0000 01       		.uleb128 0x1
  86 0001 24       		.uleb128 0x24
  87 0002 00       		.byte	0
  88 0003 0B       		.uleb128 0xb
  89 0004 0B       		.uleb128 0xb
  90 0005 3E       		.uleb128 0x3e
  91 0006 0B       		.uleb128 0xb
  92 0007 03       		.uleb128 0x3
  93 0008 0E       		.uleb128 0xe
  94 0009 00       		.byte	0
  95 000a 00       		.byte	0
  96 000b 02       		.uleb128 0x2
  97 000c 11       		.uleb128 0x11
  98 000d 01       		.byte	0x1
  99 000e 25       		.uleb128 0x25
 100 000f 0E       		.uleb128 0xe
 101 0010 13       		.uleb128 0x13
 102 0011 0B       		.uleb128 0xb
 103 0012 03       		.uleb128 0x3
 104 0013 0E       		.uleb128 0xe
 105 0014 1B       		.uleb128 0x1b
 106 0015 0E       		.uleb128 0xe
 107 0016 10       		.uleb128 0x10
 108 0017 17       		.uleb128 0x17
 109 0018 00       		.byte	0
 110 0019 00       		.byte	0
 111 001a 03       		.uleb128 0x3
 112 001b 24       		.uleb128 0x24
 113 001c 00       		.byte	0
 114 001d 0B       		.uleb128 0xb
ARM GAS  /tmp/cc4CRYQu.s 			page 3


 115 001e 0B       		.uleb128 0xb
 116 001f 3E       		.uleb128 0x3e
 117 0020 0B       		.uleb128 0xb
 118 0021 03       		.uleb128 0x3
 119 0022 08       		.uleb128 0x8
 120 0023 00       		.byte	0
 121 0024 00       		.byte	0
 122 0025 00       		.byte	0
 123              		.section	.gnu.debuglto_.debug_line,"e",%progbits
 124              	.Ldebug_line0:
 125 0000 2D000000 		.4byte	.LELT0-.LSLT0
 126              	.LSLT0:
 127 0004 0500     		.2byte	0x5
 128 0006 04       		.byte	0x4
 129 0007 00       		.byte	0
 130 0008 25000000 		.4byte	.LELTP0-.LASLTP0
 131              	.LASLTP0:
 132 000c 01       		.byte	0x1
 133 000d 01       		.byte	0x1
 134 000e 01       		.byte	0x1
 135 000f F6       		.byte	0xf6
 136 0010 F2       		.byte	0xf2
 137 0011 0D       		.byte	0xd
 138 0012 00       		.byte	0
 139 0013 01       		.byte	0x1
 140 0014 01       		.byte	0x1
 141 0015 01       		.byte	0x1
 142 0016 01       		.byte	0x1
 143 0017 00       		.byte	0
 144 0018 00       		.byte	0
 145 0019 00       		.byte	0
 146 001a 01       		.byte	0x1
 147 001b 00       		.byte	0
 148 001c 00       		.byte	0
 149 001d 01       		.byte	0x1
 150 001e 01       		.byte	0x1
 151 001f 01       		.uleb128 0x1
 152 0020 1F       		.uleb128 0x1f
 153 0021 01       		.uleb128 0x1
 154 0022 3A000000 		.4byte	.LASF15
 155 0026 02       		.byte	0x2
 156 0027 01       		.uleb128 0x1
 157 0028 1F       		.uleb128 0x1f
 158 0029 02       		.uleb128 0x2
 159 002a 0B       		.uleb128 0xb
 160 002b 01       		.uleb128 0x1
 161 002c 00000000 		.4byte	.LASF16
 162 0030 00       		.byte	0
 163              	.LELTP0:
 164              	.LELT0:
 165              		.section	.gnu.debuglto_.debug_str,"eMS",%progbits,1
 166              	.LASF1:
 167 0000 6C6F6E67 		.ascii	"long long int\000"
 167      206C6F6E 
 167      6720696E 
 167      7400
 168              	.LASF0:
ARM GAS  /tmp/cc4CRYQu.s 			page 4


 169 000e 756E7369 		.ascii	"unsigned int\000"
 169      676E6564 
 169      20696E74 
 169      00
 170              	.LASF13:
 171 001b 2E2E2F2E 		.ascii	"../../../ChibiOS/os/hal/ports/STM32/LLD/DMAv1/stm32"
 171      2E2F2E2E 
 171      2F436869 
 171      62694F53 
 171      2F6F732F 
 172 004e 5F646D61 		.ascii	"_dma.c\000"
 172      2E6300
 173              	.LASF8:
 174 0055 6C6F6E67 		.ascii	"long unsigned int\000"
 174      20756E73 
 174      69676E65 
 174      6420696E 
 174      7400
 175              	.LASF9:
 176 0067 6C6F6E67 		.ascii	"long long unsigned int\000"
 176      206C6F6E 
 176      6720756E 
 176      7369676E 
 176      65642069 
 177              	.LASF14:
 178 007e 2F686F6D 		.ascii	"/home/kocur/wideband-2311-f0_addon/firmware/boards/"
 178      652F6B6F 
 178      6375722F 
 178      77696465 
 178      62616E64 
 179 00b1 66305F61 		.ascii	"f0_addon/bootloader\000"
 179      64646F6E 
 179      2F626F6F 
 179      746C6F61 
 179      64657200 
 180              	.LASF4:
 181 00c5 756E7369 		.ascii	"unsigned char\000"
 181      676E6564 
 181      20636861 
 181      7200
 182              	.LASF10:
 183 00d3 63686172 		.ascii	"char\000"
 183      00
 184              	.LASF7:
 185 00d8 6C6F6E67 		.ascii	"long int\000"
 185      20696E74 
 185      00
 186              	.LASF11:
 187 00e1 5F426F6F 		.ascii	"_Bool\000"
 187      6C00
 188              	.LASF6:
 189 00e7 73686F72 		.ascii	"short unsigned int\000"
 189      7420756E 
 189      7369676E 
 189      65642069 
 189      6E7400
 190              	.LASF3:
ARM GAS  /tmp/cc4CRYQu.s 			page 5


 191 00fa 7369676E 		.ascii	"signed char\000"
 191      65642063 
 191      68617200 
 192              	.LASF2:
 193 0106 6C6F6E67 		.ascii	"long double\000"
 193      20646F75 
 193      626C6500 
 194              	.LASF5:
 195 0112 73686F72 		.ascii	"short int\000"
 195      7420696E 
 195      7400
 196              	.LASF12:
 197 011c 474E5520 		.ascii	"GNU C17 11.3.1 20220712 -mcpu=cortex-m0 -mthumb -mf"
 197      43313720 
 197      31312E33 
 197      2E312032 
 197      30323230 
 198 014f 6C6F6174 		.ascii	"loat-abi=soft -march=armv6s-m -ggdb -Os -fomit-fram"
 198      2D616269 
 198      3D736F66 
 198      74202D6D 
 198      61726368 
 199 0182 652D706F 		.ascii	"e-pointer -falign-functions=16 -fsingle-precision-c"
 199      696E7465 
 199      72202D66 
 199      616C6967 
 199      6E2D6675 
 200 01b5 6F6E7374 		.ascii	"onstant -ffunction-sections -fdata-sections -fno-co"
 200      616E7420 
 200      2D666675 
 200      6E637469 
 200      6F6E2D73 
 201 01e8 6D6D6F6E 		.ascii	"mmon -flto\000"
 201      202D666C 
 201      746F00
 202              		.section	.gnu.debuglto_.debug_line_str,"eMS",%progbits,1
 203              	.LASF16:
 204 0000 2E2E2F2E 		.ascii	"../../../ChibiOS/os/hal/ports/STM32/LLD/DMAv1/stm32"
 204      2E2F2E2E 
 204      2F436869 
 204      62694F53 
 204      2F6F732F 
 205 0033 5F646D61 		.ascii	"_dma.c\000"
 205      2E6300
 206              	.LASF15:
 207 003a 2F686F6D 		.ascii	"/home/kocur/wideband-2311-f0_addon/firmware/boards/"
 207      652F6B6F 
 207      6375722F 
 207      77696465 
 207      62616E64 
 208 006d 66305F61 		.ascii	"f0_addon/bootloader\000"
 208      64646F6E 
 208      2F626F6F 
 208      746C6F61 
 208      64657200 
 209              		.text
 210              		.section	.gnu.lto_.profile.efc51b86316e4d6f,"e",%progbits
ARM GAS  /tmp/cc4CRYQu.s 			page 6


 211 0000 789C6362 		.ascii	"x\234cb\000\001\000\000\022\000\003"
 211      00010000 
 211      120003
 212              		.text
 213              		.section	.gnu.lto_.icf.efc51b86316e4d6f,"e",%progbits
 214 0000 789C6362 		.ascii	"x\234cb@\006\000\000*\000\003"
 214      40060000 
 214      2A0003
 215              		.text
 216              		.section	.gnu.lto_.ipa_sra.efc51b86316e4d6f,"e",%progbits
 217 0000 789C6362 		.ascii	"x\234cb@\006\000\000*\000\003"
 217      40060000 
 217      2A0003
 218              		.text
 219              		.section	.gnu.lto_.inline.efc51b86316e4d6f,"e",%progbits
 220 0000 789C6362 		.ascii	"x\234cb@\006\000\000*\000\003"
 220      40060000 
 220      2A0003
 221              		.text
 222              		.section	.gnu.lto_.jmpfuncs.efc51b86316e4d6f,"e",%progbits
 223 0000 789C6362 		.ascii	"x\234cb@\006\000\000*\000\003"
 223      40060000 
 223      2A0003
 224              		.text
 225              		.section	.gnu.lto_.pureconst.efc51b86316e4d6f,"e",%progbits
 226 0000 789C6364 		.ascii	"x\234cd\000\002\000\000\012\000\002"
 226      00020000 
 226      0A0002
 227              		.text
 228              		.section	.gnu.lto_.ipa_modref.efc51b86316e4d6f,"e",%progbits
 229 0000 789C6362 		.ascii	"x\234cb@\006\000\000*\000\003"
 229      40060000 
 229      2A0003
 230              		.text
 231              		.section	.gnu.lto_.lto.efc51b86316e4d6f,"e",%progbits
 232 0000 0B000300 		.ascii	"\013\000\003\000\001\000\000\000"
 232      01000000 
 233              		.text
 234              		.section	.gnu.lto_.symbol_nodes.efc51b86316e4d6f,"e",%progbits
 235 0000 789C6362 		.ascii	"x\234cb\000\001\000\000\022\000\003"
 235      00010000 
 235      120003
 236              		.text
 237              		.section	.gnu.lto_.refs.efc51b86316e4d6f,"e",%progbits
 238 0000 789C6364 		.ascii	"x\234cd\000\002\000\000\012\000\002"
 238      00020000 
 238      0A0002
 239              		.text
 240              		.section	.gnu.lto_.decls.efc51b86316e4d6f,"e",%progbits
 241 0000 789C6360 		.ascii	"x\234c````\004b\036 \376\017\004 \366e\006(\000\000"
 241      60606004 
 241      621E20FE 
 241      0F0420F6 
 241      65062800 
 242 0015 466C04DE 		.ascii	"Fl\004\336"
 243              		.text
 244              		.section	.gnu.lto_.symtab.efc51b86316e4d6f,"e",%progbits
ARM GAS  /tmp/cc4CRYQu.s 			page 7


 245              		.text
 246              		.section	.gnu.lto_.ext_symtab.efc51b86316e4d6f,"e",%progbits
 247 0000 01       		.ascii	"\001"
 248              		.text
 249              		.section	.gnu.lto_.opts,"e",%progbits
 250 0000 272D666E 		.ascii	"'-fno-openmp' '-fno-openacc' '-fno-pie' '-fcf-prote"
 250      6F2D6F70 
 250      656E6D70 
 250      2720272D 
 250      666E6F2D 
 251 0033 6374696F 		.ascii	"ction=none' '-g' '-mcpu=cortex-m0' '-mthumb' '-mflo"
 251      6E3D6E6F 
 251      6E652720 
 251      272D6727 
 251      20272D6D 
 252 0066 61742D61 		.ascii	"at-abi=soft' '-mlibarch=armv6s-m' '-march=armv6s-m'"
 252      62693D73 
 252      6F667427 
 252      20272D6D 
 252      6C696261 
 253 0099 20272D4F 		.ascii	" '-Os' '-fomit-frame-pointer' '-falign-functions=16"
 253      73272027 
 253      2D666F6D 
 253      69742D66 
 253      72616D65 
 254 00cc 2720272D 		.ascii	"' '-fsingle-precision-constant' '-ffunction-section"
 254      6673696E 
 254      676C652D 
 254      70726563 
 254      6973696F 
 255 00ff 73272027 		.ascii	"s' '-fdata-sections' '-fno-common' '-flto' '-Xassem"
 255      2D666461 
 255      74612D73 
 255      65637469 
 255      6F6E7327 
 256 0132 626C6572 		.ascii	"bler' '-alms=./build/lst/stm32_dma.lst'\000"
 256      2720272D 
 256      616C6D73 
 256      3D2E2F62 
 256      75696C64 
 257              		.text
 258              		.comm	__gnu_lto_slim,1,1
 259              		.ident	"GCC: (Arm GNU Toolchain 11.3.Rel1) 11.3.1 20220712"
ARM GAS  /tmp/cc4CRYQu.s 			page 8


DEFINED SYMBOLS
                            *ABS*:0000000000000000 stm32_dma.c
     /tmp/cc4CRYQu.s:18     .gnu.debuglto_.debug_info:0000000000000000 stm32_dma.c.80fd48ea
                            *COM*:0000000000000001 __gnu_lto_slim

NO UNDEFINED SYMBOLS
