ARM GAS  /tmp/ccOM3wZX.s 			page 1


   1              		.cpu cortex-m0
   2              		.arch armv6s-m
   3              		.fpu softvfp
   4              		.eabi_attribute 20, 1
   5              		.eabi_attribute 21, 1
   6              		.eabi_attribute 23, 3
   7              		.eabi_attribute 24, 1
   8              		.eabi_attribute 25, 1
   9              		.eabi_attribute 26, 1
  10              		.eabi_attribute 30, 4
  11              		.eabi_attribute 34, 0
  12              		.eabi_attribute 18, 4
  13              		.file	"board.c"
  14              		.file 1 "/home/kocur/.rusefi-tools/arm-gnu-toolchain-11.3.rel1-x86_64-arm-none-eabi/arm-none-eabi/
  15              		.file 2 "/home/kocur/.rusefi-tools/arm-gnu-toolchain-11.3.rel1-x86_64-arm-none-eabi/arm-none-eabi/
  16              		.file 3 "../../../ChibiOS/os/common/ext/ST/STM32F0xx/stm32f042x6.h"
  17              		.file 4 "../../../ChibiOS/os/hal/ports/STM32/LLD/GPIOv2/stm32_gpio.h"
  18              		.file 5 "../board.c"
  19              		.file 6 "../../../ChibiOS/os/hal/ports/STM32/STM32F0xx/hal_lld.h"
  20              		.section	.gnu.debuglto_.debug_info,"e",%progbits
  21              	.Ldebug_info0:
  22              		.hidden	board.c.c15ec664
  23              		.weak	board.c.c15ec664
  24              	board.c.c15ec664:
  25 0000 5E030000 		.4byte	0x35e
  26 0004 0500     		.2byte	0x5
  27 0006 01       		.byte	0x1
  28 0007 04       		.byte	0x4
  29 0008 00000000 		.4byte	.Ldebug_abbrev0
  30 000c 0E       		.uleb128 0xe
  31 000d 10000000 		.4byte	.LASF53
  32 0011 1D       		.byte	0x1d
  33 0012 1E010000 		.4byte	.LASF54
  34 0016 1B020000 		.4byte	.LASF55
  35 001a 00000000 		.4byte	.Ldebug_line0
  36 001e 0F       		.uleb128 0xf
  37 001f 04       		.byte	0x4
  38 0020 05       		.byte	0x5
  39 0021 696E7400 		.ascii	"int\000"
  40 0025 02       		.uleb128 0x2
  41 0026 04       		.byte	0x4
  42 0027 07       		.byte	0x7
  43 0028 62020000 		.4byte	.LASF0
  44 002c 02       		.uleb128 0x2
  45 002d 08       		.byte	0x8
  46 002e 05       		.byte	0x5
  47 002f 7B010000 		.4byte	.LASF1
  48 0033 02       		.uleb128 0x2
  49 0034 08       		.byte	0x8
  50 0035 04       		.byte	0x4
  51 0036 CD010000 		.4byte	.LASF2
  52 003a 02       		.uleb128 0x2
  53 003b 01       		.byte	0x1
  54 003c 06       		.byte	0x6
  55 003d EF010000 		.4byte	.LASF3
  56 0041 02       		.uleb128 0x2
  57 0042 01       		.byte	0x1
ARM GAS  /tmp/ccOM3wZX.s 			page 2


  58 0043 08       		.byte	0x8
  59 0044 D9010000 		.4byte	.LASF4
  60 0048 02       		.uleb128 0x2
  61 0049 02       		.byte	0x2
  62 004a 05       		.byte	0x5
  63 004b EE000000 		.4byte	.LASF5
  64 004f 04       		.uleb128 0x4
  65 0050 33010000 		.4byte	.LASF8
  66 0054 01       		.byte	0x1
  67 0055 39       		.byte	0x39
  68 0056 19       		.byte	0x19
  69 0057 5B000000 		.4byte	0x5b
  70 005b 02       		.uleb128 0x2
  71 005c 02       		.byte	0x2
  72 005d 07       		.byte	0x7
  73 005e 95020000 		.4byte	.LASF6
  74 0062 02       		.uleb128 0x2
  75 0063 04       		.byte	0x4
  76 0064 05       		.byte	0x5
  77 0065 97010000 		.4byte	.LASF7
  78 0069 04       		.uleb128 0x4
  79 006a F0020000 		.4byte	.LASF9
  80 006e 01       		.byte	0x1
  81 006f 4F       		.byte	0x4f
  82 0070 19       		.byte	0x19
  83 0071 75000000 		.4byte	0x75
  84 0075 02       		.uleb128 0x2
  85 0076 04       		.byte	0x4
  86 0077 07       		.byte	0x7
  87 0078 D8020000 		.4byte	.LASF10
  88 007c 02       		.uleb128 0x2
  89 007d 08       		.byte	0x8
  90 007e 07       		.byte	0x7
  91 007f FB010000 		.4byte	.LASF11
  92 0083 04       		.uleb128 0x4
  93 0084 AD020000 		.4byte	.LASF12
  94 0088 02       		.byte	0x2
  95 0089 24       		.byte	0x24
  96 008a 14       		.byte	0x14
  97 008b 4F000000 		.4byte	0x4f
  98 008f 04       		.uleb128 0x4
  99 0090 12020000 		.4byte	.LASF13
 100 0094 02       		.byte	0x2
 101 0095 30       		.byte	0x30
 102 0096 14       		.byte	0x14
 103 0097 69000000 		.4byte	0x69
 104 009b 08       		.uleb128 0x8
 105 009c 8F000000 		.4byte	0x8f
 106 00a0 02       		.uleb128 0x2
 107 00a1 01       		.byte	0x1
 108 00a2 08       		.byte	0x8
 109 00a3 A8020000 		.4byte	.LASF14
 110 00a7 10       		.uleb128 0x10
 111 00a8 38       		.byte	0x38
 112 00a9 03       		.byte	0x3
 113 00aa 9A01     		.2byte	0x19a
 114 00ac 09       		.byte	0x9
ARM GAS  /tmp/ccOM3wZX.s 			page 3


 115 00ad 59010000 		.4byte	0x159
 116 00b1 05       		.uleb128 0x5
 117 00b2 435200   		.ascii	"CR\000"
 118 00b5 9C01     		.2byte	0x19c
 119 00b7 9B000000 		.4byte	0x9b
 120 00bb 00       		.byte	0
 121 00bc 03       		.uleb128 0x3
 122 00bd 59010000 		.4byte	.LASF15
 123 00c1 9D01     		.2byte	0x19d
 124 00c3 9B000000 		.4byte	0x9b
 125 00c7 04       		.byte	0x4
 126 00c8 05       		.uleb128 0x5
 127 00c9 43495200 		.ascii	"CIR\000"
 128 00cd 9E01     		.2byte	0x19e
 129 00cf 9B000000 		.4byte	0x9b
 130 00d3 08       		.byte	0x8
 131 00d4 03       		.uleb128 0x3
 132 00d5 BE010000 		.4byte	.LASF16
 133 00d9 9F01     		.2byte	0x19f
 134 00db 9B000000 		.4byte	0x9b
 135 00df 0C       		.byte	0xc
 136 00e0 03       		.uleb128 0x3
 137 00e1 07000000 		.4byte	.LASF17
 138 00e5 A001     		.2byte	0x1a0
 139 00e7 9B000000 		.4byte	0x9b
 140 00eb 10       		.byte	0x10
 141 00ec 03       		.uleb128 0x3
 142 00ed B1010000 		.4byte	.LASF18
 143 00f1 A101     		.2byte	0x1a1
 144 00f3 9B000000 		.4byte	0x9b
 145 00f7 14       		.byte	0x14
 146 00f8 03       		.uleb128 0x3
 147 00f9 E7010000 		.4byte	.LASF19
 148 00fd A201     		.2byte	0x1a2
 149 00ff 9B000000 		.4byte	0x9b
 150 0103 18       		.byte	0x18
 151 0104 03       		.uleb128 0x3
 152 0105 65010000 		.4byte	.LASF20
 153 0109 A301     		.2byte	0x1a3
 154 010b 9B000000 		.4byte	0x9b
 155 010f 1C       		.byte	0x1c
 156 0110 03       		.uleb128 0x3
 157 0111 0B010000 		.4byte	.LASF21
 158 0115 A401     		.2byte	0x1a4
 159 0117 9B000000 		.4byte	0x9b
 160 011b 20       		.byte	0x20
 161 011c 05       		.uleb128 0x5
 162 011d 43535200 		.ascii	"CSR\000"
 163 0121 A501     		.2byte	0x1a5
 164 0123 9B000000 		.4byte	0x9b
 165 0127 24       		.byte	0x24
 166 0128 03       		.uleb128 0x3
 167 0129 21030000 		.4byte	.LASF22
 168 012d A601     		.2byte	0x1a6
 169 012f 9B000000 		.4byte	0x9b
 170 0133 28       		.byte	0x28
 171 0134 03       		.uleb128 0x3
ARM GAS  /tmp/ccOM3wZX.s 			page 4


 172 0135 6F020000 		.4byte	.LASF23
 173 0139 A701     		.2byte	0x1a7
 174 013b 9B000000 		.4byte	0x9b
 175 013f 2C       		.byte	0x2c
 176 0140 03       		.uleb128 0x3
 177 0141 75020000 		.4byte	.LASF24
 178 0145 A801     		.2byte	0x1a8
 179 0147 9B000000 		.4byte	0x9b
 180 014b 30       		.byte	0x30
 181 014c 05       		.uleb128 0x5
 182 014d 43523200 		.ascii	"CR2\000"
 183 0151 A901     		.2byte	0x1a9
 184 0153 9B000000 		.4byte	0x9b
 185 0157 34       		.byte	0x34
 186 0158 00       		.byte	0
 187 0159 11       		.uleb128 0x11
 188 015a A0010000 		.4byte	.LASF25
 189 015e 03       		.byte	0x3
 190 015f AA01     		.2byte	0x1aa
 191 0161 03       		.byte	0x3
 192 0162 A7000000 		.4byte	0xa7
 193 0166 02       		.uleb128 0x2
 194 0167 01       		.byte	0x1
 195 0168 02       		.byte	0x2
 196 0169 CA020000 		.4byte	.LASF26
 197 016d 06       		.uleb128 0x6
 198 016e 04       		.byte	0x4
 199 016f 04       		.byte	0x4
 200 0170 5B       		.byte	0x5b
 201 0171 05       		.byte	0x5
 202 0172 90010000 		.4byte	0x190
 203 0176 07       		.uleb128 0x7
 204 0177 73657400 		.ascii	"set\000"
 205 017b 04       		.byte	0x4
 206 017c 5C       		.byte	0x5c
 207 017d 83000000 		.4byte	0x83
 208 0181 00       		.byte	0
 209 0182 01       		.uleb128 0x1
 210 0183 C7010000 		.4byte	.LASF27
 211 0187 04       		.byte	0x4
 212 0188 5D       		.byte	0x5d
 213 0189 19       		.byte	0x19
 214 018a 83000000 		.4byte	0x83
 215 018e 02       		.byte	0x2
 216 018f 00       		.byte	0
 217 0190 12       		.uleb128 0x12
 218 0191 04       		.byte	0x4
 219 0192 04       		.byte	0x4
 220 0193 59       		.byte	0x59
 221 0194 0C       		.byte	0xc
 222 0195 AC010000 		.4byte	0x1ac
 223 0199 09       		.uleb128 0x9
 224 019a 5700     		.ascii	"W\000"
 225 019c 5A       		.byte	0x5a
 226 019d 19       		.byte	0x19
 227 019e 8F000000 		.4byte	0x8f
 228 01a2 09       		.uleb128 0x9
ARM GAS  /tmp/ccOM3wZX.s 			page 5


 229 01a3 4800     		.ascii	"H\000"
 230 01a5 5E       		.byte	0x5e
 231 01a6 07       		.byte	0x7
 232 01a7 6D010000 		.4byte	0x16d
 233 01ab 00       		.byte	0
 234 01ac 08       		.uleb128 0x8
 235 01ad 90010000 		.4byte	0x190
 236 01b1 06       		.uleb128 0x6
 237 01b2 28       		.byte	0x28
 238 01b3 04       		.byte	0x4
 239 01b4 51       		.byte	0x51
 240 01b5 09       		.byte	0x9
 241 01b6 3B020000 		.4byte	0x23b
 242 01ba 01       		.uleb128 0x1
 243 01bb B8010000 		.4byte	.LASF28
 244 01bf 04       		.byte	0x4
 245 01c0 53       		.byte	0x53
 246 01c1 19       		.byte	0x19
 247 01c2 9B000000 		.4byte	0x9b
 248 01c6 00       		.byte	0
 249 01c7 01       		.uleb128 0x1
 250 01c8 6D010000 		.4byte	.LASF29
 251 01cc 04       		.byte	0x4
 252 01cd 54       		.byte	0x54
 253 01ce 19       		.byte	0x19
 254 01cf 9B000000 		.4byte	0x9b
 255 01d3 04       		.byte	0x4
 256 01d4 01       		.uleb128 0x1
 257 01d5 D0020000 		.4byte	.LASF30
 258 01d9 04       		.byte	0x4
 259 01da 55       		.byte	0x55
 260 01db 19       		.byte	0x19
 261 01dc 9B000000 		.4byte	0x9b
 262 01e0 08       		.byte	0x8
 263 01e1 01       		.uleb128 0x1
 264 01e2 89010000 		.4byte	.LASF31
 265 01e6 04       		.byte	0x4
 266 01e7 56       		.byte	0x56
 267 01e8 19       		.byte	0x19
 268 01e9 9B000000 		.4byte	0x9b
 269 01ed 0C       		.byte	0xc
 270 01ee 07       		.uleb128 0x7
 271 01ef 49445200 		.ascii	"IDR\000"
 272 01f3 04       		.byte	0x4
 273 01f4 57       		.byte	0x57
 274 01f5 9B000000 		.4byte	0x9b
 275 01f9 10       		.byte	0x10
 276 01fa 07       		.uleb128 0x7
 277 01fb 4F445200 		.ascii	"ODR\000"
 278 01ff 04       		.byte	0x4
 279 0200 58       		.byte	0x58
 280 0201 9B000000 		.4byte	0x9b
 281 0205 14       		.byte	0x14
 282 0206 01       		.uleb128 0x1
 283 0207 AC010000 		.4byte	.LASF32
 284 020b 04       		.byte	0x4
 285 020c 5F       		.byte	0x5f
ARM GAS  /tmp/ccOM3wZX.s 			page 6


 286 020d 05       		.byte	0x5
 287 020e AC010000 		.4byte	0x1ac
 288 0212 18       		.byte	0x18
 289 0213 01       		.uleb128 0x1
 290 0214 EA020000 		.4byte	.LASF33
 291 0218 04       		.byte	0x4
 292 0219 60       		.byte	0x60
 293 021a 19       		.byte	0x19
 294 021b 9B000000 		.4byte	0x9b
 295 021f 1C       		.byte	0x1c
 296 0220 01       		.uleb128 0x1
 297 0221 90020000 		.4byte	.LASF34
 298 0225 04       		.byte	0x4
 299 0226 61       		.byte	0x61
 300 0227 19       		.byte	0x19
 301 0228 9B000000 		.4byte	0x9b
 302 022c 20       		.byte	0x20
 303 022d 01       		.uleb128 0x1
 304 022e 8B020000 		.4byte	.LASF35
 305 0232 04       		.byte	0x4
 306 0233 62       		.byte	0x62
 307 0234 19       		.byte	0x19
 308 0235 9B000000 		.4byte	0x9b
 309 0239 24       		.byte	0x24
 310 023a 00       		.byte	0
 311 023b 04       		.uleb128 0x4
 312 023c F8000000 		.4byte	.LASF36
 313 0240 04       		.byte	0x4
 314 0241 63       		.byte	0x63
 315 0242 03       		.byte	0x3
 316 0243 B1010000 		.4byte	0x1b1
 317 0247 0A       		.uleb128 0xa
 318 0248 3B020000 		.4byte	0x23b
 319 024c 06       		.uleb128 0x6
 320 024d 1C       		.byte	0x1c
 321 024e 05       		.byte	0x5
 322 024f 28       		.byte	0x28
 323 0250 09       		.byte	0x9
 324 0251 B0020000 		.4byte	0x2b0
 325 0255 01       		.uleb128 0x1
 326 0256 2E030000 		.4byte	.LASF37
 327 025a 05       		.byte	0x5
 328 025b 29       		.byte	0x29
 329 025c 19       		.byte	0x19
 330 025d 8F000000 		.4byte	0x8f
 331 0261 00       		.byte	0
 332 0262 01       		.uleb128 0x1
 333 0263 5E010000 		.4byte	.LASF38
 334 0267 05       		.byte	0x5
 335 0268 2A       		.byte	0x2a
 336 0269 19       		.byte	0x19
 337 026a 8F000000 		.4byte	0x8f
 338 026e 04       		.byte	0x4
 339 026f 01       		.uleb128 0x1
 340 0270 8F010000 		.4byte	.LASF39
 341 0274 05       		.byte	0x5
 342 0275 2B       		.byte	0x2b
ARM GAS  /tmp/ccOM3wZX.s 			page 7


 343 0276 19       		.byte	0x19
 344 0277 8F000000 		.4byte	0x8f
 345 027b 08       		.byte	0x8
 346 027c 01       		.uleb128 0x1
 347 027d 16030000 		.4byte	.LASF40
 348 0281 05       		.byte	0x5
 349 0282 2C       		.byte	0x2c
 350 0283 19       		.byte	0x19
 351 0284 8F000000 		.4byte	0x8f
 352 0288 0C       		.byte	0xc
 353 0289 07       		.uleb128 0x7
 354 028a 6F647200 		.ascii	"odr\000"
 355 028e 05       		.byte	0x5
 356 028f 2D       		.byte	0x2d
 357 0290 8F000000 		.4byte	0x8f
 358 0294 10       		.byte	0x10
 359 0295 01       		.uleb128 0x1
 360 0296 29030000 		.4byte	.LASF41
 361 029a 05       		.byte	0x5
 362 029b 2E       		.byte	0x2e
 363 029c 19       		.byte	0x19
 364 029d 8F000000 		.4byte	0x8f
 365 02a1 14       		.byte	0x14
 366 02a2 01       		.uleb128 0x1
 367 02a3 1C030000 		.4byte	.LASF42
 368 02a7 05       		.byte	0x5
 369 02a8 2F       		.byte	0x2f
 370 02a9 19       		.byte	0x19
 371 02aa 8F000000 		.4byte	0x8f
 372 02ae 18       		.byte	0x18
 373 02af 00       		.byte	0
 374 02b0 04       		.uleb128 0x4
 375 02b1 34030000 		.4byte	.LASF43
 376 02b5 05       		.byte	0x5
 377 02b6 30       		.byte	0x30
 378 02b7 03       		.byte	0x3
 379 02b8 4C020000 		.4byte	0x24c
 380 02bc 0B       		.uleb128 0xb
 381 02bd B0020000 		.4byte	0x2b0
 382 02c1 06       		.uleb128 0x6
 383 02c2 70       		.byte	0x70
 384 02c3 05       		.byte	0x5
 385 02c4 35       		.byte	0x35
 386 02c5 09       		.byte	0x9
 387 02c6 FF020000 		.4byte	0x2ff
 388 02ca 01       		.uleb128 0x1
 389 02cb 74010000 		.4byte	.LASF44
 390 02cf 05       		.byte	0x5
 391 02d0 37       		.byte	0x37
 392 02d1 19       		.byte	0x19
 393 02d2 B0020000 		.4byte	0x2b0
 394 02d6 00       		.byte	0
 395 02d7 01       		.uleb128 0x1
 396 02d8 C3020000 		.4byte	.LASF45
 397 02dc 05       		.byte	0x5
 398 02dd 3A       		.byte	0x3a
 399 02de 19       		.byte	0x19
ARM GAS  /tmp/ccOM3wZX.s 			page 8


 400 02df B0020000 		.4byte	0x2b0
 401 02e3 1C       		.byte	0x1c
 402 02e4 01       		.uleb128 0x1
 403 02e5 00000000 		.4byte	.LASF46
 404 02e9 05       		.byte	0x5
 405 02ea 3D       		.byte	0x3d
 406 02eb 19       		.byte	0x19
 407 02ec B0020000 		.4byte	0x2b0
 408 02f0 38       		.byte	0x38
 409 02f1 01       		.uleb128 0x1
 410 02f2 E7000000 		.4byte	.LASF47
 411 02f6 05       		.byte	0x5
 412 02f7 40       		.byte	0x40
 413 02f8 19       		.byte	0x19
 414 02f9 B0020000 		.4byte	0x2b0
 415 02fd 54       		.byte	0x54
 416 02fe 00       		.byte	0
 417 02ff 04       		.uleb128 0x4
 418 0300 10010000 		.4byte	.LASF48
 419 0304 05       		.byte	0x5
 420 0305 42       		.byte	0x42
 421 0306 03       		.byte	0x3
 422 0307 C1020000 		.4byte	0x2c1
 423 030b 0B       		.uleb128 0xb
 424 030c FF020000 		.4byte	0x2ff
 425 0310 13       		.uleb128 0x13
 426 0311 3E010000 		.4byte	.LASF56
 427 0315 05       		.byte	0x5
 428 0316 47       		.byte	0x47
 429 0317 1C       		.byte	0x1c
 430 0318 0B030000 		.4byte	0x30b
 431 031c 14       		.uleb128 0x14
 432 031d 05030000 		.4byte	.LASF57
 433 0321 06       		.byte	0x6
 434 0322 E703     		.2byte	0x3e7
 435 0324 08       		.byte	0x8
 436 0325 0C       		.uleb128 0xc
 437 0326 29010000 		.4byte	.LASF49
 438 032a 94       		.byte	0x94
 439 032b 0C       		.uleb128 0xc
 440 032c B6020000 		.4byte	.LASF50
 441 0330 8B       		.byte	0x8b
 442 0331 15       		.uleb128 0x15
 443 0332 7B020000 		.4byte	.LASF58
 444 0336 05       		.byte	0x5
 445 0337 68       		.byte	0x68
 446 0338 0D       		.byte	0xd
 447 0339 16       		.uleb128 0x16
 448 033a FB020000 		.4byte	.LASF59
 449 033e 05       		.byte	0x5
 450 033f 5E       		.byte	0x5e
 451 0340 0D       		.byte	0xd
 452 0341 5C030000 		.4byte	0x35c
 453 0345 0D       		.uleb128 0xd
 454 0346 05010000 		.4byte	.LASF51
 455 034a 5E       		.byte	0x5e
 456 034b 25       		.byte	0x25
ARM GAS  /tmp/ccOM3wZX.s 			page 9


 457 034c 47020000 		.4byte	0x247
 458 0350 0D       		.uleb128 0xd
 459 0351 52010000 		.4byte	.LASF52
 460 0355 5E       		.byte	0x5e
 461 0356 40       		.byte	0x40
 462 0357 5C030000 		.4byte	0x35c
 463 035b 00       		.byte	0
 464 035c 0A       		.uleb128 0xa
 465 035d BC020000 		.4byte	0x2bc
 466 0361 00       		.byte	0
 467              		.section	.gnu.debuglto_.debug_abbrev,"e",%progbits
 468              	.Ldebug_abbrev0:
 469 0000 01       		.uleb128 0x1
 470 0001 0D       		.uleb128 0xd
 471 0002 00       		.byte	0
 472 0003 03       		.uleb128 0x3
 473 0004 0E       		.uleb128 0xe
 474 0005 3A       		.uleb128 0x3a
 475 0006 0B       		.uleb128 0xb
 476 0007 3B       		.uleb128 0x3b
 477 0008 0B       		.uleb128 0xb
 478 0009 39       		.uleb128 0x39
 479 000a 0B       		.uleb128 0xb
 480 000b 49       		.uleb128 0x49
 481 000c 13       		.uleb128 0x13
 482 000d 38       		.uleb128 0x38
 483 000e 0B       		.uleb128 0xb
 484 000f 00       		.byte	0
 485 0010 00       		.byte	0
 486 0011 02       		.uleb128 0x2
 487 0012 24       		.uleb128 0x24
 488 0013 00       		.byte	0
 489 0014 0B       		.uleb128 0xb
 490 0015 0B       		.uleb128 0xb
 491 0016 3E       		.uleb128 0x3e
 492 0017 0B       		.uleb128 0xb
 493 0018 03       		.uleb128 0x3
 494 0019 0E       		.uleb128 0xe
 495 001a 00       		.byte	0
 496 001b 00       		.byte	0
 497 001c 03       		.uleb128 0x3
 498 001d 0D       		.uleb128 0xd
 499 001e 00       		.byte	0
 500 001f 03       		.uleb128 0x3
 501 0020 0E       		.uleb128 0xe
 502 0021 3A       		.uleb128 0x3a
 503 0022 21       		.uleb128 0x21
 504 0023 03       		.sleb128 3
 505 0024 3B       		.uleb128 0x3b
 506 0025 05       		.uleb128 0x5
 507 0026 39       		.uleb128 0x39
 508 0027 21       		.uleb128 0x21
 509 0028 11       		.sleb128 17
 510 0029 49       		.uleb128 0x49
 511 002a 13       		.uleb128 0x13
 512 002b 38       		.uleb128 0x38
 513 002c 0B       		.uleb128 0xb
ARM GAS  /tmp/ccOM3wZX.s 			page 10


 514 002d 00       		.byte	0
 515 002e 00       		.byte	0
 516 002f 04       		.uleb128 0x4
 517 0030 16       		.uleb128 0x16
 518 0031 00       		.byte	0
 519 0032 03       		.uleb128 0x3
 520 0033 0E       		.uleb128 0xe
 521 0034 3A       		.uleb128 0x3a
 522 0035 0B       		.uleb128 0xb
 523 0036 3B       		.uleb128 0x3b
 524 0037 0B       		.uleb128 0xb
 525 0038 39       		.uleb128 0x39
 526 0039 0B       		.uleb128 0xb
 527 003a 49       		.uleb128 0x49
 528 003b 13       		.uleb128 0x13
 529 003c 00       		.byte	0
 530 003d 00       		.byte	0
 531 003e 05       		.uleb128 0x5
 532 003f 0D       		.uleb128 0xd
 533 0040 00       		.byte	0
 534 0041 03       		.uleb128 0x3
 535 0042 08       		.uleb128 0x8
 536 0043 3A       		.uleb128 0x3a
 537 0044 21       		.uleb128 0x21
 538 0045 03       		.sleb128 3
 539 0046 3B       		.uleb128 0x3b
 540 0047 05       		.uleb128 0x5
 541 0048 39       		.uleb128 0x39
 542 0049 21       		.uleb128 0x21
 543 004a 11       		.sleb128 17
 544 004b 49       		.uleb128 0x49
 545 004c 13       		.uleb128 0x13
 546 004d 38       		.uleb128 0x38
 547 004e 0B       		.uleb128 0xb
 548 004f 00       		.byte	0
 549 0050 00       		.byte	0
 550 0051 06       		.uleb128 0x6
 551 0052 13       		.uleb128 0x13
 552 0053 01       		.byte	0x1
 553 0054 0B       		.uleb128 0xb
 554 0055 0B       		.uleb128 0xb
 555 0056 3A       		.uleb128 0x3a
 556 0057 0B       		.uleb128 0xb
 557 0058 3B       		.uleb128 0x3b
 558 0059 0B       		.uleb128 0xb
 559 005a 39       		.uleb128 0x39
 560 005b 0B       		.uleb128 0xb
 561 005c 01       		.uleb128 0x1
 562 005d 13       		.uleb128 0x13
 563 005e 00       		.byte	0
 564 005f 00       		.byte	0
 565 0060 07       		.uleb128 0x7
 566 0061 0D       		.uleb128 0xd
 567 0062 00       		.byte	0
 568 0063 03       		.uleb128 0x3
 569 0064 08       		.uleb128 0x8
 570 0065 3A       		.uleb128 0x3a
ARM GAS  /tmp/ccOM3wZX.s 			page 11


 571 0066 0B       		.uleb128 0xb
 572 0067 3B       		.uleb128 0x3b
 573 0068 0B       		.uleb128 0xb
 574 0069 39       		.uleb128 0x39
 575 006a 21       		.uleb128 0x21
 576 006b 19       		.sleb128 25
 577 006c 49       		.uleb128 0x49
 578 006d 13       		.uleb128 0x13
 579 006e 38       		.uleb128 0x38
 580 006f 0B       		.uleb128 0xb
 581 0070 00       		.byte	0
 582 0071 00       		.byte	0
 583 0072 08       		.uleb128 0x8
 584 0073 35       		.uleb128 0x35
 585 0074 00       		.byte	0
 586 0075 49       		.uleb128 0x49
 587 0076 13       		.uleb128 0x13
 588 0077 00       		.byte	0
 589 0078 00       		.byte	0
 590 0079 09       		.uleb128 0x9
 591 007a 0D       		.uleb128 0xd
 592 007b 00       		.byte	0
 593 007c 03       		.uleb128 0x3
 594 007d 08       		.uleb128 0x8
 595 007e 3A       		.uleb128 0x3a
 596 007f 21       		.uleb128 0x21
 597 0080 04       		.sleb128 4
 598 0081 3B       		.uleb128 0x3b
 599 0082 0B       		.uleb128 0xb
 600 0083 39       		.uleb128 0x39
 601 0084 0B       		.uleb128 0xb
 602 0085 49       		.uleb128 0x49
 603 0086 13       		.uleb128 0x13
 604 0087 00       		.byte	0
 605 0088 00       		.byte	0
 606 0089 0A       		.uleb128 0xa
 607 008a 0F       		.uleb128 0xf
 608 008b 00       		.byte	0
 609 008c 0B       		.uleb128 0xb
 610 008d 21       		.uleb128 0x21
 611 008e 04       		.sleb128 4
 612 008f 49       		.uleb128 0x49
 613 0090 13       		.uleb128 0x13
 614 0091 00       		.byte	0
 615 0092 00       		.byte	0
 616 0093 0B       		.uleb128 0xb
 617 0094 26       		.uleb128 0x26
 618 0095 00       		.byte	0
 619 0096 49       		.uleb128 0x49
 620 0097 13       		.uleb128 0x13
 621 0098 00       		.byte	0
 622 0099 00       		.byte	0
 623 009a 0C       		.uleb128 0xc
 624 009b 2E       		.uleb128 0x2e
 625 009c 00       		.byte	0
 626 009d 3F       		.uleb128 0x3f
 627 009e 19       		.uleb128 0x19
ARM GAS  /tmp/ccOM3wZX.s 			page 12


 628 009f 03       		.uleb128 0x3
 629 00a0 0E       		.uleb128 0xe
 630 00a1 3A       		.uleb128 0x3a
 631 00a2 21       		.uleb128 0x21
 632 00a3 05       		.sleb128 5
 633 00a4 3B       		.uleb128 0x3b
 634 00a5 0B       		.uleb128 0xb
 635 00a6 39       		.uleb128 0x39
 636 00a7 21       		.uleb128 0x21
 637 00a8 06       		.sleb128 6
 638 00a9 27       		.uleb128 0x27
 639 00aa 19       		.uleb128 0x19
 640 00ab 00       		.byte	0
 641 00ac 00       		.byte	0
 642 00ad 0D       		.uleb128 0xd
 643 00ae 05       		.uleb128 0x5
 644 00af 00       		.byte	0
 645 00b0 03       		.uleb128 0x3
 646 00b1 0E       		.uleb128 0xe
 647 00b2 3A       		.uleb128 0x3a
 648 00b3 21       		.uleb128 0x21
 649 00b4 05       		.sleb128 5
 650 00b5 3B       		.uleb128 0x3b
 651 00b6 0B       		.uleb128 0xb
 652 00b7 39       		.uleb128 0x39
 653 00b8 0B       		.uleb128 0xb
 654 00b9 49       		.uleb128 0x49
 655 00ba 13       		.uleb128 0x13
 656 00bb 00       		.byte	0
 657 00bc 00       		.byte	0
 658 00bd 0E       		.uleb128 0xe
 659 00be 11       		.uleb128 0x11
 660 00bf 01       		.byte	0x1
 661 00c0 25       		.uleb128 0x25
 662 00c1 0E       		.uleb128 0xe
 663 00c2 13       		.uleb128 0x13
 664 00c3 0B       		.uleb128 0xb
 665 00c4 03       		.uleb128 0x3
 666 00c5 0E       		.uleb128 0xe
 667 00c6 1B       		.uleb128 0x1b
 668 00c7 0E       		.uleb128 0xe
 669 00c8 10       		.uleb128 0x10
 670 00c9 17       		.uleb128 0x17
 671 00ca 00       		.byte	0
 672 00cb 00       		.byte	0
 673 00cc 0F       		.uleb128 0xf
 674 00cd 24       		.uleb128 0x24
 675 00ce 00       		.byte	0
 676 00cf 0B       		.uleb128 0xb
 677 00d0 0B       		.uleb128 0xb
 678 00d1 3E       		.uleb128 0x3e
 679 00d2 0B       		.uleb128 0xb
 680 00d3 03       		.uleb128 0x3
 681 00d4 08       		.uleb128 0x8
 682 00d5 00       		.byte	0
 683 00d6 00       		.byte	0
 684 00d7 10       		.uleb128 0x10
ARM GAS  /tmp/ccOM3wZX.s 			page 13


 685 00d8 13       		.uleb128 0x13
 686 00d9 01       		.byte	0x1
 687 00da 0B       		.uleb128 0xb
 688 00db 0B       		.uleb128 0xb
 689 00dc 3A       		.uleb128 0x3a
 690 00dd 0B       		.uleb128 0xb
 691 00de 3B       		.uleb128 0x3b
 692 00df 05       		.uleb128 0x5
 693 00e0 39       		.uleb128 0x39
 694 00e1 0B       		.uleb128 0xb
 695 00e2 01       		.uleb128 0x1
 696 00e3 13       		.uleb128 0x13
 697 00e4 00       		.byte	0
 698 00e5 00       		.byte	0
 699 00e6 11       		.uleb128 0x11
 700 00e7 16       		.uleb128 0x16
 701 00e8 00       		.byte	0
 702 00e9 03       		.uleb128 0x3
 703 00ea 0E       		.uleb128 0xe
 704 00eb 3A       		.uleb128 0x3a
 705 00ec 0B       		.uleb128 0xb
 706 00ed 3B       		.uleb128 0x3b
 707 00ee 05       		.uleb128 0x5
 708 00ef 39       		.uleb128 0x39
 709 00f0 0B       		.uleb128 0xb
 710 00f1 49       		.uleb128 0x49
 711 00f2 13       		.uleb128 0x13
 712 00f3 00       		.byte	0
 713 00f4 00       		.byte	0
 714 00f5 12       		.uleb128 0x12
 715 00f6 17       		.uleb128 0x17
 716 00f7 01       		.byte	0x1
 717 00f8 0B       		.uleb128 0xb
 718 00f9 0B       		.uleb128 0xb
 719 00fa 3A       		.uleb128 0x3a
 720 00fb 0B       		.uleb128 0xb
 721 00fc 3B       		.uleb128 0x3b
 722 00fd 0B       		.uleb128 0xb
 723 00fe 39       		.uleb128 0x39
 724 00ff 0B       		.uleb128 0xb
 725 0100 01       		.uleb128 0x1
 726 0101 13       		.uleb128 0x13
 727 0102 00       		.byte	0
 728 0103 00       		.byte	0
 729 0104 13       		.uleb128 0x13
 730 0105 34       		.uleb128 0x34
 731 0106 00       		.byte	0
 732 0107 03       		.uleb128 0x3
 733 0108 0E       		.uleb128 0xe
 734 0109 3A       		.uleb128 0x3a
 735 010a 0B       		.uleb128 0xb
 736 010b 3B       		.uleb128 0x3b
 737 010c 0B       		.uleb128 0xb
 738 010d 39       		.uleb128 0x39
 739 010e 0B       		.uleb128 0xb
 740 010f 49       		.uleb128 0x49
 741 0110 13       		.uleb128 0x13
ARM GAS  /tmp/ccOM3wZX.s 			page 14


 742 0111 00       		.byte	0
 743 0112 00       		.byte	0
 744 0113 14       		.uleb128 0x14
 745 0114 2E       		.uleb128 0x2e
 746 0115 00       		.byte	0
 747 0116 3F       		.uleb128 0x3f
 748 0117 19       		.uleb128 0x19
 749 0118 03       		.uleb128 0x3
 750 0119 0E       		.uleb128 0xe
 751 011a 3A       		.uleb128 0x3a
 752 011b 0B       		.uleb128 0xb
 753 011c 3B       		.uleb128 0x3b
 754 011d 05       		.uleb128 0x5
 755 011e 39       		.uleb128 0x39
 756 011f 0B       		.uleb128 0xb
 757 0120 27       		.uleb128 0x27
 758 0121 19       		.uleb128 0x19
 759 0122 3C       		.uleb128 0x3c
 760 0123 19       		.uleb128 0x19
 761 0124 00       		.byte	0
 762 0125 00       		.byte	0
 763 0126 15       		.uleb128 0x15
 764 0127 2E       		.uleb128 0x2e
 765 0128 00       		.byte	0
 766 0129 03       		.uleb128 0x3
 767 012a 0E       		.uleb128 0xe
 768 012b 3A       		.uleb128 0x3a
 769 012c 0B       		.uleb128 0xb
 770 012d 3B       		.uleb128 0x3b
 771 012e 0B       		.uleb128 0xb
 772 012f 39       		.uleb128 0x39
 773 0130 0B       		.uleb128 0xb
 774 0131 27       		.uleb128 0x27
 775 0132 19       		.uleb128 0x19
 776 0133 00       		.byte	0
 777 0134 00       		.byte	0
 778 0135 16       		.uleb128 0x16
 779 0136 2E       		.uleb128 0x2e
 780 0137 01       		.byte	0x1
 781 0138 03       		.uleb128 0x3
 782 0139 0E       		.uleb128 0xe
 783 013a 3A       		.uleb128 0x3a
 784 013b 0B       		.uleb128 0xb
 785 013c 3B       		.uleb128 0x3b
 786 013d 0B       		.uleb128 0xb
 787 013e 39       		.uleb128 0x39
 788 013f 0B       		.uleb128 0xb
 789 0140 27       		.uleb128 0x27
 790 0141 19       		.uleb128 0x19
 791 0142 01       		.uleb128 0x1
 792 0143 13       		.uleb128 0x13
 793 0144 00       		.byte	0
 794 0145 00       		.byte	0
 795 0146 00       		.byte	0
 796              		.section	.gnu.debuglto_.debug_line,"e",%progbits
 797              	.Ldebug_line0:
 798 0000 63000000 		.4byte	.LELT0-.LSLT0
ARM GAS  /tmp/ccOM3wZX.s 			page 15


 799              	.LSLT0:
 800 0004 0500     		.2byte	0x5
 801 0006 04       		.byte	0x4
 802 0007 00       		.byte	0
 803 0008 5B000000 		.4byte	.LELTP0-.LASLTP0
 804              	.LASLTP0:
 805 000c 01       		.byte	0x1
 806 000d 01       		.byte	0x1
 807 000e 01       		.byte	0x1
 808 000f F6       		.byte	0xf6
 809 0010 F2       		.byte	0xf2
 810 0011 0D       		.byte	0xd
 811 0012 00       		.byte	0
 812 0013 01       		.byte	0x1
 813 0014 01       		.byte	0x1
 814 0015 01       		.byte	0x1
 815 0016 01       		.byte	0x1
 816 0017 00       		.byte	0
 817 0018 00       		.byte	0
 818 0019 00       		.byte	0
 819 001a 01       		.byte	0x1
 820 001b 00       		.byte	0
 821 001c 00       		.byte	0
 822 001d 01       		.byte	0x1
 823 001e 01       		.byte	0x1
 824 001f 01       		.uleb128 0x1
 825 0020 1F       		.uleb128 0x1f
 826 0021 07       		.uleb128 0x7
 827 0022 47000000 		.4byte	.LASF60
 828 0026 91000000 		.4byte	.LASF61
 829 002a 0A000000 		.4byte	.LASF62
 830 002e E3000000 		.4byte	.LASF63
 831 0032 8E000000 		.4byte	.LASF64
 832 0036 81010000 		.4byte	.LASF65
 833 003a 1C010000 		.4byte	.LASF66
 834 003e 02       		.byte	0x2
 835 003f 01       		.uleb128 0x1
 836 0040 1F       		.uleb128 0x1f
 837 0041 02       		.uleb128 0x2
 838 0042 0B       		.uleb128 0xb
 839 0043 07       		.uleb128 0x7
 840 0044 11010000 		.4byte	.LASF67
 841 0048 00       		.byte	0
 842 0049 C5000000 		.4byte	.LASF68
 843 004d 05       		.byte	0x5
 844 004e 00000000 		.4byte	.LASF69
 845 0052 06       		.byte	0x6
 846 0053 39000000 		.4byte	.LASF70
 847 0057 01       		.byte	0x1
 848 0058 D6000000 		.4byte	.LASF71
 849 005c 02       		.byte	0x2
 850 005d BD000000 		.4byte	.LASF72
 851 0061 04       		.byte	0x4
 852 0062 EA010000 		.4byte	.LASF73
 853 0066 03       		.byte	0x3
 854              	.LELTP0:
 855              	.LELT0:
ARM GAS  /tmp/ccOM3wZX.s 			page 16


 856              		.section	.gnu.debuglto_.debug_str,"eMS",%progbits,1
 857              	.LASF46:
 858 0000 50434461 		.ascii	"PCData\000"
 858      746100
 859              	.LASF17:
 860 0007 41504231 		.ascii	"APB1RSTR\000"
 860      52535452 
 860      00
 861              	.LASF53:
 862 0010 474E5520 		.ascii	"GNU C17 11.3.1 20220712 -mcpu=cortex-m0 -mthumb -mf"
 862      43313720 
 862      31312E33 
 862      2E312032 
 862      30323230 
 863 0043 6C6F6174 		.ascii	"loat-abi=soft -march=armv6s-m -ggdb -Os -fomit-fram"
 863      2D616269 
 863      3D736F66 
 863      74202D6D 
 863      61726368 
 864 0076 652D706F 		.ascii	"e-pointer -falign-functions=16 -fsingle-precision-c"
 864      696E7465 
 864      72202D66 
 864      616C6967 
 864      6E2D6675 
 865 00a9 6F6E7374 		.ascii	"onstant -ffunction-sections -fdata-sections -fno-co"
 865      616E7420 
 865      2D666675 
 865      6E637469 
 865      6F6E2D73 
 866 00dc 6D6D6F6E 		.ascii	"mmon -flto\000"
 866      202D666C 
 866      746F00
 867              	.LASF47:
 868 00e7 50464461 		.ascii	"PFData\000"
 868      746100
 869              	.LASF5:
 870 00ee 73686F72 		.ascii	"short int\000"
 870      7420696E 
 870      7400
 871              	.LASF36:
 872 00f8 73746D33 		.ascii	"stm32_gpio_t\000"
 872      325F6770 
 872      696F5F74 
 872      00
 873              	.LASF51:
 874 0105 6770696F 		.ascii	"gpiop\000"
 874      7000
 875              	.LASF21:
 876 010b 42444352 		.ascii	"BDCR\000"
 876      00
 877              	.LASF48:
 878 0110 6770696F 		.ascii	"gpio_config_t\000"
 878      5F636F6E 
 878      6669675F 
 878      7400
 879              	.LASF54:
 880 011e 2E2E2F62 		.ascii	"../board.c\000"
ARM GAS  /tmp/ccOM3wZX.s 			page 17


 880      6F617264 
 880      2E6300
 881              	.LASF49:
 882 0129 626F6172 		.ascii	"boardInit\000"
 882      64496E69 
 882      7400
 883              	.LASF8:
 884 0133 5F5F7569 		.ascii	"__uint16_t\000"
 884      6E743136 
 884      5F7400
 885              	.LASF56:
 886 013e 6770696F 		.ascii	"gpio_default_config\000"
 886      5F646566 
 886      61756C74 
 886      5F636F6E 
 886      66696700 
 887              	.LASF52:
 888 0152 636F6E66 		.ascii	"config\000"
 888      696700
 889              	.LASF15:
 890 0159 43464752 		.ascii	"CFGR\000"
 890      00
 891              	.LASF38:
 892 015e 6F747970 		.ascii	"otyper\000"
 892      657200
 893              	.LASF20:
 894 0165 41504231 		.ascii	"APB1ENR\000"
 894      454E5200 
 895              	.LASF29:
 896 016d 4F545950 		.ascii	"OTYPER\000"
 896      455200
 897              	.LASF44:
 898 0174 50414461 		.ascii	"PAData\000"
 898      746100
 899              	.LASF1:
 900 017b 6C6F6E67 		.ascii	"long long int\000"
 900      206C6F6E 
 900      6720696E 
 900      7400
 901              	.LASF31:
 902 0189 50555044 		.ascii	"PUPDR\000"
 902      5200
 903              	.LASF39:
 904 018f 6F737065 		.ascii	"ospeedr\000"
 904      65647200 
 905              	.LASF7:
 906 0197 6C6F6E67 		.ascii	"long int\000"
 906      20696E74 
 906      00
 907              	.LASF25:
 908 01a0 5243435F 		.ascii	"RCC_TypeDef\000"
 908      54797065 
 908      44656600 
 909              	.LASF32:
 910 01ac 42535252 		.ascii	"BSRR\000"
 910      00
 911              	.LASF18:
ARM GAS  /tmp/ccOM3wZX.s 			page 18


 912 01b1 41484245 		.ascii	"AHBENR\000"
 912      4E5200
 913              	.LASF28:
 914 01b8 4D4F4445 		.ascii	"MODER\000"
 914      5200
 915              	.LASF16:
 916 01be 41504232 		.ascii	"APB2RSTR\000"
 916      52535452 
 916      00
 917              	.LASF27:
 918 01c7 636C6561 		.ascii	"clear\000"
 918      7200
 919              	.LASF2:
 920 01cd 6C6F6E67 		.ascii	"long double\000"
 920      20646F75 
 920      626C6500 
 921              	.LASF4:
 922 01d9 756E7369 		.ascii	"unsigned char\000"
 922      676E6564 
 922      20636861 
 922      7200
 923              	.LASF19:
 924 01e7 41504232 		.ascii	"APB2ENR\000"
 924      454E5200 
 925              	.LASF3:
 926 01ef 7369676E 		.ascii	"signed char\000"
 926      65642063 
 926      68617200 
 927              	.LASF11:
 928 01fb 6C6F6E67 		.ascii	"long long unsigned int\000"
 928      206C6F6E 
 928      6720756E 
 928      7369676E 
 928      65642069 
 929              	.LASF13:
 930 0212 75696E74 		.ascii	"uint32_t\000"
 930      33325F74 
 930      00
 931              	.LASF55:
 932 021b 2F686F6D 		.ascii	"/home/kocur/wideband-2311-release/firmware/boards/f"
 932      652F6B6F 
 932      6375722F 
 932      77696465 
 932      62616E64 
 933 024e 305F6D6F 		.ascii	"0_module/bootloader\000"
 933      64756C65 
 933      2F626F6F 
 933      746C6F61 
 933      64657200 
 934              	.LASF0:
 935 0262 756E7369 		.ascii	"unsigned int\000"
 935      676E6564 
 935      20696E74 
 935      00
 936              	.LASF23:
 937 026f 43464752 		.ascii	"CFGR2\000"
 937      3200
ARM GAS  /tmp/ccOM3wZX.s 			page 19


 938              	.LASF24:
 939 0275 43464752 		.ascii	"CFGR3\000"
 939      3300
 940              	.LASF58:
 941 027b 73746D33 		.ascii	"stm32_gpio_init\000"
 941      325F6770 
 941      696F5F69 
 941      6E697400 
 942              	.LASF35:
 943 028b 41465248 		.ascii	"AFRH\000"
 943      00
 944              	.LASF34:
 945 0290 4146524C 		.ascii	"AFRL\000"
 945      00
 946              	.LASF6:
 947 0295 73686F72 		.ascii	"short unsigned int\000"
 947      7420756E 
 947      7369676E 
 947      65642069 
 947      6E7400
 948              	.LASF14:
 949 02a8 63686172 		.ascii	"char\000"
 949      00
 950              	.LASF12:
 951 02ad 75696E74 		.ascii	"uint16_t\000"
 951      31365F74 
 951      00
 952              	.LASF50:
 953 02b6 5F5F6561 		.ascii	"__early_init\000"
 953      726C795F 
 953      696E6974 
 953      00
 954              	.LASF45:
 955 02c3 50424461 		.ascii	"PBData\000"
 955      746100
 956              	.LASF26:
 957 02ca 5F426F6F 		.ascii	"_Bool\000"
 957      6C00
 958              	.LASF30:
 959 02d0 4F535045 		.ascii	"OSPEEDR\000"
 959      45445200 
 960              	.LASF10:
 961 02d8 6C6F6E67 		.ascii	"long unsigned int\000"
 961      20756E73 
 961      69676E65 
 961      6420696E 
 961      7400
 962              	.LASF33:
 963 02ea 4C4F434B 		.ascii	"LOCKR\000"
 963      5200
 964              	.LASF9:
 965 02f0 5F5F7569 		.ascii	"__uint32_t\000"
 965      6E743332 
 965      5F7400
 966              	.LASF59:
 967 02fb 6770696F 		.ascii	"gpio_init\000"
 967      5F696E69 
ARM GAS  /tmp/ccOM3wZX.s 			page 20


 967      7400
 968              	.LASF57:
 969 0305 73746D33 		.ascii	"stm32_clock_init\000"
 969      325F636C 
 969      6F636B5F 
 969      696E6974 
 969      00
 970              	.LASF40:
 971 0316 70757064 		.ascii	"pupdr\000"
 971      7200
 972              	.LASF42:
 973 031c 61667268 		.ascii	"afrh\000"
 973      00
 974              	.LASF22:
 975 0321 41484252 		.ascii	"AHBRSTR\000"
 975      53545200 
 976              	.LASF41:
 977 0329 6166726C 		.ascii	"afrl\000"
 977      00
 978              	.LASF37:
 979 032e 6D6F6465 		.ascii	"moder\000"
 979      7200
 980              	.LASF43:
 981 0334 6770696F 		.ascii	"gpio_setup_t\000"
 981      5F736574 
 981      75705F74 
 981      00
 982              		.section	.gnu.debuglto_.debug_line_str,"eMS",%progbits,1
 983              	.LASF69:
 984 0000 5F737464 		.ascii	"_stdint.h\000"
 984      696E742E 
 984      6800
 985              	.LASF62:
 986 000a 2E2E2F2E 		.ascii	"../../../ChibiOS/os/hal/ports/STM32/LLD/GPIOv2\000"
 986      2E2F2E2E 
 986      2F436869 
 986      62694F53 
 986      2F6F732F 
 987              	.LASF70:
 988 0039 73746D33 		.ascii	"stm32f042x6.h\000"
 988      32663034 
 988      3278362E 
 988      6800
 989              	.LASF60:
 990 0047 2F686F6D 		.ascii	"/home/kocur/wideband-2311-release/firmware/boards/f"
 990      652F6B6F 
 990      6375722F 
 990      77696465 
 990      62616E64 
 991 007a 305F6D6F 		.ascii	"0_module/bootloader\000"
 991      64756C65 
 991      2F626F6F 
 991      746C6F61 
 991      64657200 
 992              	.LASF64:
 993 008e 2E2E00   		.ascii	"..\000"
 994              	.LASF61:
ARM GAS  /tmp/ccOM3wZX.s 			page 21


 995 0091 2E2E2F2E 		.ascii	"../../../ChibiOS/os/common/ext/ST/STM32F0xx\000"
 995      2E2F2E2E 
 995      2F436869 
 995      62694F53 
 995      2F6F732F 
 996              	.LASF72:
 997 00bd 626F6172 		.ascii	"board.c\000"
 997      642E6300 
 998              	.LASF68:
 999 00c5 5F646566 		.ascii	"_default_types.h\000"
 999      61756C74 
 999      5F747970 
 999      65732E68 
 999      00
 1000              	.LASF71:
 1001 00d6 73746D33 		.ascii	"stm32_gpio.h\000"
 1001      325F6770 
 1001      696F2E68 
 1001      00
 1002              	.LASF63:
 1003 00e3 2E2E2F2E 		.ascii	"../../../ChibiOS/os/hal/ports/STM32/STM32F0xx\000"
 1003      2E2F2E2E 
 1003      2F436869 
 1003      62694F53 
 1003      2F6F732F 
 1004              	.LASF67:
 1005 0111 2E2E2F62 		.ascii	"../board.c\000"
 1005      6F617264 
 1005      2E6300
 1006              	.LASF66:
 1007 011c 2F686F6D 		.ascii	"/home/kocur/.rusefi-tools/arm-gnu-toolchain-11.3.re"
 1007      652F6B6F 
 1007      6375722F 
 1007      2E727573 
 1007      6566692D 
 1008 014f 6C312D78 		.ascii	"l1-x86_64-arm-none-eabi/arm-none-eabi/include/sys\000"
 1008      38365F36 
 1008      342D6172 
 1008      6D2D6E6F 
 1008      6E652D65 
 1009              	.LASF65:
 1010 0181 2F686F6D 		.ascii	"/home/kocur/.rusefi-tools/arm-gnu-toolchain-11.3.re"
 1010      652F6B6F 
 1010      6375722F 
 1010      2E727573 
 1010      6566692D 
 1011 01b4 6C312D78 		.ascii	"l1-x86_64-arm-none-eabi/arm-none-eabi/include/machi"
 1011      38365F36 
 1011      342D6172 
 1011      6D2D6E6F 
 1011      6E652D65 
 1012 01e7 6E6500   		.ascii	"ne\000"
 1013              	.LASF73:
 1014 01ea 68616C5F 		.ascii	"hal_lld.h\000"
 1014      6C6C642E 
 1014      6800
 1015              		.text
ARM GAS  /tmp/ccOM3wZX.s 			page 22


 1016              		.section	.gnu.lto_.profile.1da251ed266d32de,"e",%progbits
 1017 0000 789C6362 		.ascii	"x\234cb\000\001\000\000\022\000\003"
 1017      00010000 
 1017      120003
 1018              		.text
 1019              		.section	.gnu.lto_.icf.1da251ed266d32de,"e",%progbits
 1020 0000 789CAB61 		.ascii	"x\234\253a@\000V\206\271\017o\\\347\227ab`b\004b&Ri"
 1020      40005686 
 1020      B90F6F5C 
 1020      E7976162 
 1020      60620462 
 1021 0017 C66B1BAF 		.ascii	"\306k\033\257\237a\022\0002\231\361\342\343\217N\267"
 1021      9F611200 
 1021      3299F1E2 
 1021      E38F4EB7 
 1022 0027 33316FBA 		.ascii	"31o\272v\340\0353\003\313\377\225\017\226\36020\000"
 1022      76E01D33 
 1022      03CBFF95 
 1022      0F96F032 
 1022      3000
 1023 0039 0025D311 		.ascii	"\000%\323\021\024"
 1023      14
 1024              		.text
 1025              		.section	.gnu.lto_.ipa_sra.1da251ed266d32de,"e",%progbits
 1026 0000 789C0B66 		.ascii	"x\234\013f@\000\026\006&\020\305\316\304\002\244Y\030"
 1026      40001606 
 1026      2610C5CE 
 1026      C402A459 
 1026      18
 1027 0011 41140B84 		.ascii	"A\024\013\204\342\200P<\020J\000B\211@(\011\026F\220"
 1027      E280503C 
 1027      104A0042 
 1027      89402809 
 1027      164690
 1028 0024 6A460638 		.ascii	"jF\0068d\206P,@\002\000C\357\001&"
 1028      6486502C 
 1028      40020043 
 1028      EF0126
 1029              		.text
 1030              		.section	.gnu.lto_.inline.1da251ed266d32de,"e",%progbits
 1031 0000 789C8590 		.ascii	"x\234\205\220\301\015\3020\014E\277\235@+\004R\270p"
 1031      C10DC230 
 1031      0C45BF9D 
 1031      402B0452 
 1031      B870
 1032 0012 E0945132 		.ascii	"\340\224Q2\012B\2052\005*spa\224\216\322#c`\2074FH\010"
 1032      0A428532 
 1032      052A7370 
 1032      61948ED2 
 1032      23636087 
 1033 002a 1FECEF17 		.ascii	"\037\354\357\027\353\307\311\235P\303\003\333A\202{"
 1033      EBC7C99D 
 1033      50C303DB 
 1033      41827B
 1034 0039 6A88D8C3 		.ascii	"j\210\330\303E\274k*\365P\352@E<f1\316\002\010\215x"
 1034      45BC6B2A 
 1034      F550EA40 
ARM GAS  /tmp/ccOM3wZX.s 			page 23


 1034      453C6631 
 1034      CE02088D 
 1035 004e 8CAE0336 		.ascii	"\214\256\0036\"&>1\030\224\215\217\014_\265\334Wik\264"
 1035      22263E31 
 1035      18948D8F 
 1035      0C5FB5DC 
 1035      57696BB4 
 1036 0062 351A8C06 		.ascii	"5\032\214\006\243\321h4\232\214&\243\003\031\326\245"
 1036      A3D16834 
 1036      9A8C26A3 
 1036      0319D6A5 
 1037 0072 2BE70FCE 		.ascii	"+\347\017\316\372x\302^\332\247\273\020x\227\367>\003"
 1037      FA78C25E 
 1037      DAA7BB10 
 1037      7897F73E 
 1037      03
 1038 0083 CB3CD2E9 		.ascii	"\313<\322\351\003$\334Z\222*\372\243\260\310\006=i\177"
 1038      0324DC5A 
 1038      922AFAA3 
 1038      B0C8063D 
 1038      697F
 1039 0095 137DFDB6 		.ascii	"\023}\375\266\242\225e\375\317|\366{\034/59H\010"
 1039      A29565FD 
 1039      CF7CF67B 
 1039      1C2F3539 
 1039      4808
 1040              		.text
 1041              		.section	.gnu.lto_.jmpfuncs.1da251ed266d32de,"e",%progbits
 1042 0000 789C1363 		.ascii	"x\234\023cd\200\003\026\006&FF\346z&\246z \015\3442"
 1042      64800316 
 1042      06264646 
 1042      E67A26A6 
 1042      7A200DE4 
 1043 0015 B1553336 		.ascii	"\261U36\254h8\300\302\300x\200\205\221\001\210\177\374"
 1043      AC6838C0 
 1043      C2C07880 
 1043      85910188 
 1043      7FFC
 1044 0027 FFFF9F9F 		.ascii	"\377\377\237\237\021$\316\010\304\377A<f3\226\322\342"
 1044      1124CE08 
 1044      C4FF413C 
 1044      663396D2 
 1044      E2
 1045 0038 42A06E98 		.ascii	"B\240n\230\232?\0205\214\333\031\031w0B\314\230\200"
 1045      9A3F1035 
 1045      8CDB1919 
 1045      773042CC 
 1045      9880
 1046 004a C50C883C 		.ascii	"\305\014\210<Xw>~\335\035\370u\347\342\327\335\200_"
 1046      58773E7E 
 1046      DD1DF875 
 1046      E7E2D7DD 
 1046      805F
 1047 005c 77362EDD 		.ascii	"w6.\335\314\220\020a`\000\000#\325N\301"
 1047      CC901061 
 1047      60000023 
 1047      D54EC1
ARM GAS  /tmp/ccOM3wZX.s 			page 24


 1048              		.text
 1049              		.section	.gnu.lto_.pureconst.1da251ed266d32de,"e",%progbits
 1050 0000 789CE365 		.ascii	"x\234\343e```a\230\305\3028\213\205y\006\013K\003\013"
 1050      60606061 
 1050      98C5C238 
 1050      8B857906 
 1050      0B4B030B 
 1051 0014 00110702 		.ascii	"\000\021\007\002v"
 1051      76
 1052              		.text
 1053              		.section	.gnu.lto_.ipa_modref.1da251ed266d32de,"e",%progbits
 1054 0000 789C5D8E 		.ascii	"x\234]\216\313\011\200@\014\005'\253\260\007?\354\305"
 1054      CB098040 
 1054      0C0527AB 
 1054      B0073FEC 
 1054      C5
 1055 0011 7B4AB514 		.ascii	"{J\265\024\257v\261\245X\212\331\274\203` \031\036\311"
 1055      AF76B1A5 
 1055      588AD9BC 
 1055      83602019 
 1055      1EC9
 1056 0023 406EBE9A 		.ascii	"@n\276\232(G\363\326\260\262D\317T3\334=f'\361\010\247"
 1056      2847F3D6 
 1056      B0B244CF 
 1056      5433DC3D 
 1056      6627F108 
 1057 0038 252EA10B 		.ascii	"%.\241\013\3432\3355z\243\222.r\221\213\244\300Y\224"
 1057      E332DD35 
 1057      7AA3922E 
 1057      72918BA4 
 1057      C05994
 1058 004b 04ADA4EF 		.ascii	"\004\255\244\357C\377\205xmd\015x\0015\254\015\233"
 1058      43FF8578 
 1058      6D640D78 
 1058      0135AC0D 
 1058      9B
 1059              		.text
 1060              		.section	.gnu.lto_.lto.1da251ed266d32de,"e",%progbits
 1061 0000 0B000300 		.ascii	"\013\000\003\000\001\000\000\000"
 1061      01000000 
 1062              		.text
 1063              		.section	.gnu.lto_gpio_default_config.186.1da251ed266d32de,"e",%progbits
 1064 0000 789CBBC6 		.ascii	"x\234\273\306\300\300\300\310\000\001\254\214l\032\214"
 1064      C0C0C0C8 
 1064      0001AC8C 
 1064      6C1A8C
 1065 000f 10F2FF7F 		.ascii	"\020\362\377\177f0}u\325\325U\254P\221\377\377\371Y"
 1065      66307D75 
 1065      D5D555AC 
 1065      5091FFFF 
 1065      F959
 1066 0021 19ED9B3A 		.ascii	"\031\355\233:\032d\352k\2673Vog\254\334\305X\276\223"
 1066      1A64EA6B 
 1066      B733566F 
 1066      67ACDCC5 
 1066      58BE93
 1067 0034 B1740763 		.ascii	"\261t\007c\361v\306\302\355\214\004$\201f4\254@(\332"
ARM GAS  /tmp/ccOM3wZX.s 			page 25


 1067      F176C6C2 
 1067      ED8C0424 
 1067      816634AC 
 1067      4028DA
 1068 0047 8BA4683B 		.ascii	"\213\244h;\262\242\211\015\202\020\305\015\015\035L"
 1068      B2A2890D 
 1068      8210C50D 
 1068      0D1D4C
 1069 0056 70474058 		.ascii	"pG@X\373\017,\272\312\0057\342\020\314\210\203`#\016"
 1069      FB0F2CBA 
 1069      CA0537E2 
 1069      10CC8883 
 1069      60230E
 1070 0069 3016EE07 		.ascii	"0\026\356\007K\011\344\347\036f\314\336\307\230\271"
 1070      4B09E4E7 
 1070      1E66CCDE 
 1070      C798B9
 1071 0078 87317D37 		.ascii	"\2071}7#\003\000\363\317H\021"
 1071      230300F3 
 1071      CF4811
 1072              		.text
 1073              		.section	.gnu.lto_gpio_init.187.1da251ed266d32de,"e",%progbits
 1074 0000 789C7DD2 		.ascii	"x\234}\322\317k\323`\030\007\360\347\373\276I\272:\017"
 1074      CF6BD360 
 1074      1807F0E7 
 1074      FBBE49BA 
 1074      3A0F
 1075 0012 FE40D083 		.ascii	"\376@\320\203 xncu\366\354m\177\201\2128\031Y\222\326"
 1075      20786E63 
 1075      75F6EC6D 
 1075      7F818A38 
 1075      195992D6 
 1076 0026 B8B699E9 		.ascii	"\270\266\231\351J\017c\364\355T\224^\244\212\210\210"
 1076      4A0F63F4 
 1076      ED54945E 
 1076      A48A8888 
 1077 0036 93DD1404 		.ascii	"\223\335\024\004\217ncj\231\324!2\234\312\020\3612<"
 1077      8F6E636A 
 1077      99D42132 
 1077      9CCA10F1 
 1077      323C
 1078 0048 78F0E0C1 		.ascii	"x\360\340\301\213\302\006\365i*\215`h\340\033\362\274"
 1078      8BC206F5 
 1078      692A8D60 
 1078      68E01BF2 
 1078      BC
 1079 0059 CF930FEF 		.ascii	"\317\223\017\357\013\357\216 \232&\242\243\034H\302"
 1079      0BEF8E20 
 1079      9A26A2A3 
 1079      1C48C2
 1080 0068 AD664390 		.ascii	"\255fC\220R\352TB\240\336l$\361\034a\005\252\011\324"
 1080      52EA5442 
 1080      A0DE6C24 
 1080      F11C6105 
 1080      AA09D4
 1081 007b B0204D2E 		.ascii	"\260 M.\177\267\277m=\033\251\253k\007\277\023\325("
 1081      7FB7BF6D 
ARM GAS  /tmp/ccOM3wZX.s 			page 26


 1081      3D1BA9AB 
 1081      6B07BF13 
 1081      D528
 1082 008d 7C7418FB 		.ascii	"|t\030\373\241\361\373\000\216\350\030:C\251\226R\033"
 1082      A1F1FB00 
 1082      8EE8183A 
 1082      43A99652 
 1082      1B
 1083 009e EB8B4A25 		.ascii	"\353\213J%iv\031\265%,\202H`\254mp\273\324k\337\270"
 1083      697619B5 
 1083      252C8248 
 1083      60AC6D70 
 1083      BBD46BDF 
 1084 00b3 725DEDD1 		.ascii	"r]\355\321fV\372m1\266a\020\015\367T^\240\247\037\364"
 1084      6656FA6D 
 1084      31B66110 
 1084      0DF7545E 
 1084      A0A71FF4 
 1085 00c7 96DAE9DC 		.ascii	"\226\332\351\334T\252}\350\307\222\266\017$\244\340"
 1085      54AA7DE8 
 1085      C792B60F 
 1085      24A4E0
 1086 00d6 488EC6D1 		.ascii	"H\216\306\3219\006'\301I\002+\330\005,\363\217\363\262"
 1086      390627C1 
 1086      49022BD8 
 1086      052CF38F 
 1086      F3B2
 1087 00e8 7B0AA541 		.ascii	"{\012\245A\265\210\036J\321+\352\\\374\022\352k\347"
 1087      B5881E4A 
 1087      D12BEA5C 
 1087      FC12EA6B 
 1087      E7
 1088 00f9 35685BCC 		.ascii	"5h[\314\275x|X\202\267<\003\336\376\223\356A\207\252"
 1088      BD787C58 
 1088      82B73C03 
 1088      DEFE93EE 
 1088      4187AA
 1089 010c 8597A0EC 		.ascii	"\205\227\240\354U\376\252\264P\346\015l\213\325\237"
 1089      55FEAAB4 
 1089      50E60D6C 
 1089      8BD59F
 1090 011b 8D4DC153 		.ascii	"\215M\301S\263\375\251G\273/_Z\345\261\005\036\363_"
 1090      B3FDA947 
 1090      BB2F5F5A 
 1090      E5B1051E 
 1090      F35F
 1091 012d A1482411 		.ascii	"\241H$\021\272\315\265\276+b\3046&\377\025\377\267\326"
 1091      BACDB5BE 
 1091      2B62C436 
 1091      26FF15FF 
 1091      B7D6
 1092 013f E0B12542 		.ascii	"\340\261%B\353vd\311\030\353\015\362\203\255\267p\331"
 1092      EB7664C9 
 1092      18EB0DF2 
 1092      83ADB770 
 1092      D9
 1093 0150 92A17527 		.ascii	"\222\241u'\262\264\030k\035\366`\353\035,\266\264\320"
ARM GAS  /tmp/ccOM3wZX.s 			page 27


 1093      B2B4186B 
 1093      1DF660EB 
 1093      1D2CB6B4 
 1093      D0
 1094 0161 BA1B597A 		.ascii	"\272\033Yz\214\365\036\343\203\255\217\270\300\226\036"
 1094      8CF51EE3 
 1094      83AD8FB8 
 1094      C0961E
 1095 0170 5AF722CB 		.ascii	"Z\367\"\313\210\2616q~\260\365\011\347\3302B\353~d%"
 1095      88B13671 
 1095      7EB0F509 
 1095      E7D83242 
 1095      EB7E6425 
 1096 0184 62ACCF38 		.ascii	"b\254\3178;\330\372\202\323l%\250#\346\266\036\214\206"
 1096      3BD8FA82 
 1096      D36C25A8 
 1096      23E6B61E 
 1096      8C86
 1097 0196 777A5E22 		.ascii	"wz^\"\272DD\243\346E\277\350\232\223\276]\011\314\252"
 1097      BA4444A3 
 1097      E645BFE8 
 1097      9A93BE5D 
 1097      09CCAA
 1098 01a9 E7B81356 		.ascii	"\347\270\023V\311I\035?\221\311\244\002\267\340Ze\327"
 1098      C9491D3F 
 1098      91C9A402 
 1098      B7E05A65 
 1098      D7
 1099 01ba CC7941B1 		.ascii	"\314yA\261j\005\2569\341[\201S6s\307\306\213\276S)t"
 1099      6A05AE39 
 1099      E15B8153 
 1099      3673C7C6 
 1099      8BBE5329 
 1100 01cf 17FCE982 		.ascii	"\027\374\351\202o9n@\303\351t\257\237\266I\317Oy\376"
 1100      6F396E40 
 1100      C3E974AF 
 1100      9FB649CF 
 1100      4F79FE
 1101 01e2 D4DEBF65 		.ascii	"\324\336\277e\332\316\234t\355lv\204\014\333/\345\274"
 1101      DACE9C74 
 1101      ED6C7684 
 1101      0CDB2FE5 
 1101      BC
 1102 01f3 FC1FE0F7 		.ascii	"\374\037\340\367!\375"
 1102      21FD
 1103              		.text
 1104              		.section	.gnu.lto_stm32_gpio_init.188.1da251ed266d32de,"e",%progbits
 1105 0000 789C7592 		.ascii	"x\234u\222\277k\024A\024\307\337wfwc~\200\332Y\252i"
 1105      BF6B1441 
 1105      14C7DF77 
 1105      6677637E 
 1105      80DA59AA 
 1106 0015 52985BA3 		.ascii	"R\230[\243\222\332.\177\201\205\210\310\346v\243G\356"
 1106      92DA2E7F 
 1106      818588C8 
 1106      E676A347 
 1106      EE
ARM GAS  /tmp/ccOM3wZX.s 			page 28


 1107 0026 5CDCF338 		.ascii	"\\\334\3638\304\342\346\324\304\260\215F\024\254\242"
 1107      C4E2E6D4 
 1107      C4B08D46 
 1107      14ACA2
 1108 0035 B14A2158 		.ascii	"\261J!XX\230x\022\016%\034b\241F\320\024&H\014\"\226"
 1108      58987812 
 1108      0E251C62 
 1108      A146D014 
 1108      26480C22 
 1109 004a 22A824E1 		.ascii	"\"\250$\341|\263\033\263w\256Y\370\356\314\233y\357"
 1109      7CB31BB3 
 1109      77AE59F8 
 1109      EECC9B79 
 1109      EF
 1110 005b F37D334C 		.ascii	"\363}3L\237$:AD\275,H\302\255\311P\220R\352x\207@u2"
 1110      9F243A41 
 1110      44BD2C48 
 1110      C2ADC950 
 1110      9052EA78 
 1111 0073 ECC41344 		.ascii	"\354\304\023D\021\250\"P\301\264\2649\374\265\360E\325"
 1111      11A82250 
 1111      C1B4B439 
 1111      FCB5F045 
 1111      D5
 1112 0084 8E55D5D8 		.ascii	"\216U\325\330\276oD\025\332\372\272\3439X\217\026\315"
 1112      BE6F4415 
 1112      DAFABAE3 
 1112      39588F16 
 1112      CD
 1113 0095 BADA68DE 		.ascii	"\272\332h\336Pjy\015\033\275{A\002\202%Y\006\313dY\254"
 1113      506A790D 
 1113      1BBD7B41 
 1113      02822559 
 1113      06CB6459 
 1114 00aa 2E560F8B 		.ascii	".V\017\213hJjWe@\325\211\356I\021\007U\016~\012\265"
 1114      684A6A57 
 1114      6540D589 
 1114      EE491107 
 1114      550E7E0A 
 1115 00bf 3AD700AD 		.ascii	":\327\000\255\213\347\363\235\022&\254\313\240\350\257"
 1115      8BE7F39D 
 1115      1226ACCB 
 1115      A0E8AF
 1116 00ce EE4F28C3 		.ascii	"\356O(\303\304C\335\341\256KO1\007\032<P\256\241\304"
 1116      C443DDE1 
 1116      AE4B4F31 
 1116      071A3C50 
 1116      AEA1C4
 1117 00e1 1DAC8BAB 		.ascii	"\035\254\213\253\267\257C\012\011\253\217\367g\205\256"
 1117      B7AF430A 
 1117      09AB8FF7 
 1117      6785AE
 1118 00f0 FF1E2295 		.ascii	"\377\036\"\225>\257\323\245\3206\007\267<d*\251\376"
 1118      3EAFD3A5 
 1118      D03607B7 
 1118      3C642AA9 
 1118      FE
ARM GAS  /tmp/ccOM3wZX.s 			page 29


 1119 0101 97799799 		.ascii	"\227y\227\231\206\224\314l6\033\233\273w\202\276\210"
 1119      8694CC6C 
 1119      361B9BBB 
 1119      7782BE88 
 1120 0111 A0462BB4 		.ascii	"\240F+\264\353\237\244i\236\226\027\".g=\270\203\350"
 1120      EB9FA469 
 1120      9E961722 
 1120      2E673DB8 
 1120      83E8
 1121 0123 A0B5ED83 		.ascii	"\240\265\355\203\232)h\003\305\344`\0267\371\014;\371"
 1121      9A296803 
 1121      C5E46016 
 1121      37F90C3B 
 1121      F9
 1122 0134 BFD4A9D2 		.ascii	"\277\324\251\322j\365\357\371\237\377\253\010\251\375"
 1122      6AF5EFF9 
 1122      9FFFAB08 
 1122      A9FD
 1123 0142 1FC7FEEF 		.ascii	"\037\307\376\357\330\177S\214\355\247\020\342\202Od"
 1123      D87F538C 
 1123      EDA710E2 
 1123      824F64
 1124 0151 15744D9D 		.ascii	"\025tM\235o\331\032\325\267\036\362\230#\2152\316\276"
 1124      6FD91AD5 
 1124      B71EF298 
 1124      238D32CE 
 1124      BE
 1125 0162 C16BBD34 		.ascii	"\301k\2754xM\251\231C\336[d\211\253\306\225\372\012"
 1125      784DA999 
 1125      43DE5B64 
 1125      89ABC695 
 1125      FA0A
 1126 0174 6711B310 		.ascii	"g\021\263\020{\"\342RG\0128\021\001[Q\357\333P\037p"
 1126      7B22E252 
 1126      470A3811 
 1126      015B51EF 
 1126      DB501F70 
 1127 0188 3A412D25 		.ascii	":A-%\250\2254\352f\012\365\261\015\265\214S\011j%A\375"
 1127      A89534EA 
 1127      660AF5B1 
 1127      0DB58C53 
 1127      096A2541 
 1128 019d 48A36652 		.ascii	"H\243fR\250\3256\324g\234LPk1\252)\256|\372=\024\275"
 1128      A8D536D4 
 1128      679C4C50 
 1128      6B31AA29 
 1128      AE7CFA3D 
 1129 01b3 FE2989E4 		.ascii	"\376)\211\344\001\023\015\331\347\374\202g\217\372\331"
 1129      01130DD9 
 1129      E7FC8267 
 1129      8FFAD9
 1130 01c2 52609773 		.ascii	"R`\227s\2567\354\234w\373\217\034\035\030\350\017\274"
 1130      AE37EC9C 
 1130      77FB8F1C 
 1130      1D18E80F 
 1130      BC
 1131 01d3 BCE7143D 		.ascii	"\274\347\024={$\027\024\312N\340\331\303\276\023\270"
ARM GAS  /tmp/ccOM3wZX.s 			page 30


 1131      7B241714 
 1131      CA4EE0D9 
 1131      C3BE13B8 
 1132 01e3 457BE4F0 		.ascii	"E{\344\360\231\202\357\226\362z\301\277\230\367\035"
 1132      9982EF96 
 1132      F27AC1BF 
 1132      98F71D
 1133 01f2 D70BA83B 		.ascii	"\327\013\250;\223\211\3673Y\372\003\001?\023\303"
 1133      9389F733 
 1133      59FA0301 
 1133      3F13C3
 1134              		.text
 1135              		.section	.gnu.lto___early_init.189.1da251ed266d32de,"e",%progbits
 1136 0000 789C9BC9 		.ascii	"x\234\233\311\300\300\020\012\304\312@\314\310\314\300"
 1136      C0C0100A 
 1136      C4CA40CC 
 1136      C8CCC0
 1137 000f 38696217 		.ascii	"8ib\027\023CCC\203\003;\023c\343\304.N\306\355\214`"
 1137      13434343 
 1137      83033B13 
 1137      63E3C42E 
 1137      4EC6ED8C 
 1138 0024 1E23433D 		.ascii	"\036#C=\023c=\343Bf} \367\307\321g\033.K4\2548\300\370"
 1138      13633DE3 
 1138      42667D20 
 1138      F7C7D167 
 1138      1B2E4B34 
 1139 003c 8A81A19E 		.ascii	"\212\201\241\236\001\012\270!lF ^\177\211\365@\303\237"
 1139      010AB821 
 1139      6C46205E 
 1139      7F89F540 
 1139      C39F
 1140 004e FFFD0D0D 		.ascii	"\377\375\015\015g\0373\316Sea`\230\307\0142\265\201"
 1140      671F33CE 
 1140      53656160 
 1140      98C70C32 
 1140      B581
 1141 0060 85B1E100 		.ascii	"\205\261\341\000\003\303|f&\010\247\021\310\371\316"
 1141      03C37C66 
 1141      2608A711 
 1141      C8F9CE
 1142 006f D4F068E7 		.ascii	"\324\360h\347)F\206\277L\315\012\014]\214L\265\325\014"
 1142      294686BF 
 1142      4CCD0A0C 
 1142      5D8C4CB5 
 1142      D50C
 1143 0081 0C4CCC60 		.ascii	"\014L\314`\341]\\\010\321r\260\350\177\246\246\007{"
 1143      E15D5C08 
 1143      D172B0E8 
 1143      7FA6A607 
 1143      7B
 1144 0092 BDC0D6CD 		.ascii	"\275\300\326\315cfD\230\310\300\340\256\237\221\237"
 1144      63664498 
 1144      C8C0E0AE 
 1144      9F919F
 1145 00a1 9BAA9F9D 		.ascii	"\233\252\237\235\237\\Z\244_\236\231\222\232\224\230"
 1145      9F5C5AA4 
ARM GAS  /tmp/ccOM3wZX.s 			page 31


 1145      5F9E9992 
 1145      9A9498
 1146 00b0 97A26B64 		.ascii	"\227\242kdlh\250[\224\232\223\232X\234\252\237\226Y"
 1146      6C68A85B 
 1146      949A939A 
 1146      589CAA9F 
 1146      9659
 1147 00c2 945B9E58 		.ascii	"\224[\236X\224\252\237\224\237X\224R\254\237f\020\237"
 1147      94AA9F94 
 1147      9F589452 
 1147      AC9F6610 
 1147      9F
 1148 00d3 9B9F529A 		.ascii	"\233\237R\232\003\022\310/\311\311OLI-b\340\326\323"
 1148      0312C82F 
 1148      C9C94F4C 
 1148      492D62E0 
 1148      D6D3
 1149 00e5 83C8EB25 		.ascii	"\203\310\353%3\000\000\341\031V\253"
 1149      330000E1 
 1149      1956AB
 1150              		.text
 1151              		.section	.gnu.lto_boardInit.190.1da251ed266d32de,"e",%progbits
 1152 0000 789CCB67 		.ascii	"x\234\313g``\010\005be fdf`\2344\261\213\211\241\241"
 1152      60600805 
 1152      62652066 
 1152      6466609C 
 1152      34B18B89 
 1153 0016 A1C1819D 		.ascii	"\241\301\201\235\211\261qb\027'\343vF0\217\221\241\236"
 1153      89B17162 
 1153      1727E376 
 1153      46308F91 
 1153      A19E
 1154 0028 89B19E71 		.ascii	"\211\261\236q!\263>\220\373\343\350\263\003W%\032V\034"
 1154      21B33E90 
 1154      FBE3E8B3 
 1154      0357251A 
 1154      561C
 1155 003a 607CC5C0 		.ascii	"`|\305\300P\317\000\005\334\0206#\020\257\277\304z\240"
 1155      50CF0005 
 1155      DC103623 
 1155      10AFBFC4 
 1155      7AA0
 1156 004c E1CFFFFE 		.ascii	"\341\317\377\376\206\206\257\217\030\327\251210\314"
 1156      8686AF8F 
 1156      18D7A932 
 1156      3130CC
 1157 005b 630699DA 		.ascii	"c\006\231\332\300\302\330p\200\201a>3\023\204\323\010"
 1157      C0C2D870 
 1157      8081613E 
 1157      331384D3 
 1157      08
 1158 006c E47C676A 		.ascii	"\344|gjPb\370\317\324\244\0006d\0363#B\035\003\203\273"
 1158      5062F8CF 
 1158      D4A40036 
 1158      641E3323 
 1158      421D0383 
 1159 0081 7E467E6E 		.ascii	"~F~n\252~v~ri\221~yfJjRb^\212\256\221\261\241\241nQ"
ARM GAS  /tmp/ccOM3wZX.s 			page 32


 1159      AA7E767E 
 1159      7269917E 
 1159      79664A6A 
 1159      52625E8A 
 1160 009c 6A4E6A62 		.ascii	"jNjbq\252~ZfQnybQ\252~R~bQJ\261~\232A|n~Ji\016H \277"
 1160      71AA7E5A 
 1160      66516E79 
 1160      6251AA7E 
 1160      527E6251 
 1161 00be 24273F31 		.ascii	"$'?1%\265\210\201[O\017\"\257\227\314\000\000\252@I"
 1161      25B58881 
 1161      5B4F0F22 
 1161      AF97CC00 
 1161      00AA4049 
 1162 00d2 4A       		.ascii	"J"
 1163              		.text
 1164              		.section	.gnu.lto_.symbol_nodes.1da251ed266d32de,"e",%progbits
 1165 0000 789C6D8B 		.ascii	"x\234m\213\321\015\202@\020DgX\361\207\004A\012\260"
 1165      D10D8240 
 1165      10446758 
 1165      F1870441 
 1165      0AB0
 1166 0012 171ADB3D 		.ascii	"\027\032\333=B\001\266\003\242&\024@\354H\3568\002!"
 1166      4201B603 
 1166      A2261440 
 1166      EC48EE38 
 1166      0221
 1167 0024 61BE5EE6 		.ascii	"a\276^\346\315\374\340\223\274\2507\363\271\3609\001"
 1167      CDFCE093 
 1167      BCA837F3 
 1167      B9F03901 
 1168 0034 0A74E69C 		.ascii	"\012t\346\234IP\003\2658Wi\317\253\325\200$ojy\330\364"
 1168      495003B5 
 1168      385769CF 
 1168      ABD58024 
 1168      6F6A79D8 
 1169 0049 E618CE1F 		.ascii	"\346\030\316\037\352\375L\360K\255\376k\036\213\004"
 1169      EAFD4CF0 
 1169      4BADFE6B 
 1169      1E8B04
 1170 0058 FC2E3821 		.ascii	"\374.8!\342\245\3116\034wl\362\275\315E\030\261\026"
 1170      E2A5C936 
 1170      1C776CF2 
 1170      BDCD4518 
 1170      B116
 1171 006a 4923B5C4 		.ascii	"I#\265\304\014}\254<\037"
 1171      0C7DAC3C 
 1171      1F
 1172              		.text
 1173              		.section	.gnu.lto_.refs.1da251ed266d32de,"e",%progbits
 1174 0000 789C1366 		.ascii	"x\234\023f```adb\022a`b\022\003b\011 \226b`\000\000"
 1174      60606061 
 1174      64621261 
 1174      60621203 
 1174      62092096 
 1175 0018 05E60085 		.ascii	"\005\346\000\205"
 1176              		.text
ARM GAS  /tmp/ccOM3wZX.s 			page 33


 1177              		.section	.gnu.lto_.decls.1da251ed266d32de,"e",%progbits
 1178 0000 789C8D56 		.ascii	"x\234\215ViPTW\026\276\367\366\302\003[\204Jb\341\230"
 1178      69505457 
 1178      16BEF7F6 
 1178      C2035B84 
 1178      4A62E198 
 1179 0014 9AA2A632 		.ascii	"\232\242\2462#\305\0244\213\242\225\232\037*\3402C\204"
 1179      23C51434 
 1179      8BA2959A 
 1179      1F2AE032 
 1179      4384
 1180 0026 69B4A6E6 		.ascii	"i\264\246\346\027\205\320\004*`c\323$\344\337m@h\307"
 1180      1785D004 
 1180      2A6063D3 
 1180      24E4DF6D 
 1180      4068C7
 1181 0039 AD3B6AD2 		.ascii	"\255;j\322\202\321\266\321\304\025q\213\210\333\013"
 1181      82D1B6D1 
 1181      C415718B 
 1181      88DB0B
 1182 0048 8BB4088A 		.ascii	"\213\264\010\212\004\027\214\013AMp\211\200\306(N\214"
 1182      04178C0B 
 1182      414D7089 
 1182      80C6284E 
 1182      8C
 1183 0059 73EE7BF7 		.ascii	"s\356{\367\275\246\215N\205\342\353\373\336\373\316"
 1183      BDA68D4E 
 1183      85E2EBFB 
 1183      DEFBCE
 1184 0068 F9CE76DF 		.ascii	"\371\316v\337Rd@\250\231 T\206\021z\001\177z\204\320"
 1184      526440A8 
 1184      99205486 
 1184      117A017F 
 1184      7A84D0
 1185 007b 37803701 		.ascii	"7\2007\001\215\200\013\000\002\334\237\001\177\001L"
 1185      8D800B00 
 1185      02DC9F01 
 1185      7F014C
 1186 008a 01CC0024 		.ascii	"\001\314\000$\000\022\001\323\000S\001\275`\207a\275"
 1186      001201D3 
 1186      005301BD 
 1186      608761BD 
 1187 009a 0CEB3BB0 		.ascii	"\014\353;\260\246\002\346\001\376\016H\003,\000,\205"
 1187      A602E601 
 1187      FE0E4803 
 1187      2C002C85 
 1188 00aa 38E3818F 		.ascii	"8\343\201\217\201\343NX\317\001\316\000z\000]\200\363"
 1188      81E34E58 
 1188      CF01CE00 
 1188      7A005D80 
 1188      F3
 1189 00bb 806EC074 		.ascii	"\200n\300t\2569\215\307`\261V\200\357D$\353\262|X^S"
 1189      AE398DC7 
 1189      60B15680 
 1189      EF4424EB 
 1189      B27C585E 
 1190 00d0 901C97E5 		.ascii	"\220\034\227\345unL\374_\270\356\023\256\3753\327\037"
ARM GAS  /tmp/ccOM3wZX.s 			page 34


 1190      756E4CFC 
 1190      5FB8EE13 
 1190      AEFD33D7 
 1190      1F
 1191 00e1 E5315EF0 		.ascii	"\3451^\3608\217\221\234\307s\200\213\3105\263\234\231"
 1191      388F919C 
 1191      C773808B 
 1191      C835B39C 
 1191      99
 1192 00f2 2EABF71D 		.ascii	".\253\367\035\256\027\001k$ \035\373\343g\360>L\347"
 1192      AE17016B 
 1192      24201DFB 
 1192      E367F03E 
 1192      4CE7
 1193 0104 3D99CA73 		.ascii	"=\231\312sJy)\357\365\240\253Cr\037\376\311{2\227\367"
 1193      4A7929EF 
 1193      F5A0AB43 
 1193      721FFEC9 
 1193      7B3297F7 
 1194 0118 630370B0 		.ascii	"c\003p\260H\375\321\277\201\265\372\267p\244\226|\372"
 1194      48FDD1BF 
 1194      81B5FAB7 
 1194      70A4967C 
 1194      FA
 1195 0129 C4151B2E 		.ascii	"\304\025\033.R:L=\315\332\250F|\030\330#\262E\004 L"
 1195      523A4C3D 
 1195      CDDAA846 
 1195      7C18D823 
 1195      B2450420 
 1196 013e 20481F85 		.ascii	" H\037\205\331\254&\300\212\204 4\215J\177\315!\350"
 1196      D9AC26C0 
 1196      8A842034 
 1196      8D4A7FCD 
 1196      21E8
 1197 0150 24934368 		.ascii	"$\223Ch\262A\210AZR\177o\240?d\202$%V\006#I\352k\034"
 1197      B2418841 
 1197      5A527F6F 
 1197      A03F6482 
 1197      24255606 
 1198 0169 25E213F8 		.ascii	"%\342\023\3708\026\222\230\242 \274\213\204\231H\230"
 1198      38169298 
 1198      A220BC8B 
 1198      84994898 
 1199 0179 87847476 		.ascii	"\207\204tv\3766\344\320\217\205EH\033\266\265\347\302"
 1199      FE36E4D0 
 1199      8F854548 
 1199      1BB6B5E7 
 1199      C2
 1200 018a 066D7474 		.ascii	"\006mttt\004 \032D\236>\256\272=0\361H#\245\313#\232"
 1200      7404201A 
 1200      449E3EAE 
 1200      BA3D30F1 
 1200      4823A5CB 
 1201 01a0 F1297C0E 		.ascii	"\361)|\016\313\271\265\262j\021\0304\364\001\027lh\306"
 1201      CBB9B5B2 
 1201      6A111834 
 1201      F401176C 
ARM GAS  /tmp/ccOM3wZX.s 			page 35


 1201      68C6
 1202 01b2 3E958B57 		.ascii	">\225\213W\250k\234jQ\251\243\222\033\244]I\251\250"
 1202      A86B9C6A 
 1202      51A9A392 
 1202      1BA45D49 
 1202      A9A8
 1203 01c4 451DF834 		.ascii	"E\035\3704\233\"\026q\027\356\306\235\370\033|\026\367"
 1203      9B221671 
 1203      17EEC69D 
 1203      F81B7C16 
 1203      F7
 1204 01d5 E0F3AC1E 		.ascii	"\340\363\254\036\346\177\205\373\267\217\225n\304\022"
 1204      E67F85FB 
 1204      B78F956E 
 1204      C412
 1205 01e3 77837367 		.ascii	"w\203sgT\256IM\351:\347\216\005\304\345\216W9\331\026"
 1205      54AE494D 
 1205      E93AE78E 
 1205      05C4E58E 
 1205      5739D916 
 1206 01f7 500B9042 		.ascii	"P\013\220B=\206\366\015}\265\267:8\202e(\252\031\366"
 1206      3D86F60D 
 1206      7DB5B73A 
 1206      38826528 
 1206      AA19F6
 1207 020a E257A6A8 		.ascii	"\342W\246\250%\017\016o\262\353\325\261]\340z\027\345"
 1207      250F0E6F 
 1207      B2EBD5B1 
 1207      5DE07A17 
 1207      E5
 1208 021b B9450A47 		.ascii	"\271E\012G\231\240\263\246\357\200fB\377k\346!B\334"
 1208      99A0B3A6 
 1208      EF806642 
 1208      FF6BE621 
 1208      42DC
 1209 022d 53803380 		.ascii	"S\2003\200.\214`\020a\340J\204sp<\005\346\255\201_$"
 1209      2E8C6010 
 1209      61E04A84 
 1209      73703C05 
 1209      E6AD815F 
 1210 0242 5C60423F 		.ascii	"\\`B?\256\037\255\325\260\301\336\247b\271\016]\307"
 1210      AE1FADD5 
 1210      B0C1DEA7 
 1210      62B90E5D 
 1210      C7
 1211 0253 3730BA89 		.ascii	"70\272\211\247\210x\000\177\207\205\353`\242\357\363"
 1211      A7887800 
 1211      7F8785EB 
 1211      60A2EFF3 
 1212 0263 DDDF1B02 		.ascii	"\335\337\033\002\303\003\243\306uk\216\335\324\323\355"
 1212      C303A3C6 
 1212      756B8EDD 
 1212      D4D3ED
 1213 0272 22BE856F 		.ascii	"\"\276\205o\343A,\231\373Gs\374f\025\015+7\334\202\271"
 1213      E3412C99 
 1213      FB4773FC 
 1213      66150D2B 
ARM GAS  /tmp/ccOM3wZX.s 			page 36


 1213      37DC82B9 
 1214 0286 8FE14084 		.ascii	"\217\341@\204\317\206\310\211\242A(\374{\374\203T\256"
 1214      CF86C889 
 1214      A24128FC 
 1214      7BFC8354 
 1214      AE
 1215 0297 7E4D4BFD 		.ascii	"~MK\375O\343\242'E\203\315\360\211\233:\320\036\304"
 1215      4FE3A227 
 1215      4583CDF0 
 1215      899B3AD0 
 1215      1EC4
 1216 02a9 D7F0DDB1 		.ascii	"\327\360\335\261cg\2244Z\371\332]p\277\207\357\360\201"
 1216      63679434 
 1216      5AF9DA5D 
 1216      70BF87EF 
 1216      F081
 1217 02bb 0E37D5AD 		.ascii	"\0167\325\255\016u\3325\315\370j\240\227\226\3244um"
 1217      0E75DA35 
 1217      CDF86AA0 
 1217      9796D434 
 1217      756D
 1218 02cd 0F9EE479 		.ascii	"\017\236\344y\255\267\260\231 \241\016\360%`\017\340"
 1218      ADB7B099 
 1218      20A10EF0 
 1218      25600FE0 
 1219 02dd 10E01861 		.ascii	"\020\340\030a}\216\202\246\211D\200\347\231v\342\375"
 1219      7D8E82A6 
 1219      894480E7 
 1219      9976E2FD 
 1220 02ed 8A955DE3 		.ascii	"\212\225]\343\225\355\013\177\337A\251\035\025\3254"
 1220      95ED0B7F 
 1220      DF41A91D 
 1220      15D534
 1221 02fc ACD2D087 		.ascii	"\254\322\320\207\037\343Q\036\364\222<q\306\326+\354"
 1221      1FE3511E 
 1221      F4923C71 
 1221      C6D62BEC 
 1222 030c 90CAB6FA 		.ascii	"\220\312\266\372\331=\012;\034\300\216\331\302?\341"
 1222      D93D0A3B 
 1222      1CC08ED9 
 1222      C23FE1
 1223 031b 47706114 		.ascii	"Gpa\0242\375\025?\307O\361\023\374_\374\014\377\202"
 1223      32FD153F 
 1223      C74FF113 
 1223      FC5FFC0C 
 1223      FF82
 1224 032d 5F604A7E 		.ascii	"_`J~f\2313\231FE\346GU\346\250?\310^\205}\020\300&\242"
 1224      66993399 
 1224      4645E647 
 1224      55E6A83F 
 1224      C85E857D 
 1225 0345 2DD08E93 		.ascii	"-\320\216\223uK}\"\276\217\277U9y\237\203\343\360n\271"
 1225      754B7D22 
 1225      BE8FBF55 
 1225      39799F83 
 1225      E3F06EB9 
 1226 0359 9D7D7844 		.ascii	"\235}xD%\343U\325]\212\352\303\261\244\344\330\340S"
ARM GAS  /tmp/ccOM3wZX.s 			page 37


 1226      25E355D5 
 1226      5D8AEAC3 
 1226      B1A4E4D8 
 1226      E053
 1227 036b B82B01AA 		.ascii	"\270+\001\252\334\363\264\302^\016hX\"\022\332\241\307"
 1227      DCF3B4C2 
 1227      5E0E6858 
 1227      2212DAA1 
 1227      C7
 1228 037c 64F0D6A9 		.ascii	"d\360\326\251^\371\016\3617\300N\376O\007\264\344\256"
 1228      5EF90EF1 
 1228      37C04EFE 
 1228      4F07B4E4 
 1228      AE
 1229 038d E7DA0F21 		.ascii	"\347\332\017!\352}RNd\321\012\002\273\037\006\030'\364"
 1229      EA7D524E 
 1229      64D10A02 
 1229      BB1F0618 
 1229      27F4
 1230 039f C230AF00 		.ascii	"\3020\257\000\372\001\203\200\373\200\021\300(\300\256"
 1230      FA018380 
 1230      FB8011C0 
 1230      28C0AE
 1231 03ae 418203E0 		.ascii	"A\202\003\340\002\324\0006\001\3524\314o\006\033\274"
 1231      02D40036 
 1231      01EA34CC 
 1231      6F061BBC 
 1232 03be 46F84283 		.ascii	"F\370B\203\264\177\354\333/^\031\347\237\2732\374\247"
 1232      B47FECDB 
 1232      2F5E19E7 
 1232      9FBB32FC 
 1232      A7
 1233 03cf 076BCFEC 		.ascii	"\007k\317\354\011\331\010w\036\224\363\037\362\031\371"
 1233      09D90877 
 1233      1E94F31F 
 1233      F219F9
 1234 03de 4DB17DAB 		.ascii	"M\261}\253x\261\353T\266\222H\254Z\341Z\362\011\\\371"
 1234      78B1EB54 
 1234      B69248AC 
 1234      5AE15AF2 
 1234      095CF9
 1235 03f1 0CB2DD48 		.ascii	"\014\262\335H>'\036RG6\223-\304K\326\223Z\262\211l "
 1235      3E271E52 
 1235      4736932D 
 1235      C44BD693 
 1235      5AB2896C 
 1236 0406 6E52433E 		.ascii	"nRC>%|\324\347\024\275*U\357\221?\332Y\205\255\016`"
 1236      257CD4E7 
 1236      14BD2A55 
 1236      EF913FDA 
 1236      5985AD0E 
 1237 041b E5A95C56 		.ascii	"\345\251\\V\310e\001\251\310d\247B.W\311K\252\3471\205"
 1237      C86501A9 
 1237      C864A742 
 1237      2E57C94B 
 1237      AAE73185 
 1238 042f 74A9A43A 		.ascii	"t\251\244:\353\343\012\347\034\313\361|\272\024\322"
ARM GAS  /tmp/ccOM3wZX.s 			page 38


 1238      EBE30AE7 
 1238      1CCBF17C 
 1238      BA14D2
 1239 043e 11A0CA59 		.ascii	"\021\240\312Y\237\302\256R\331\243j\314\023\012\271"
 1239      9FC2AE52 
 1239      D9A36ACC 
 1239      130AB9
 1240 044d 46255B55 		.ascii	"F%[U\362\264B\256\014\360\344\272\035\012\273\"`\"\262"
 1240      F2B442AE 
 1240      0CF0E4BA 
 1240      1D0ABB22 
 1240      6022B2
 1241 0460 EB49855C 		.ascii	"\353I\205\\\035\240\313\036\320\267a\322d\240\357\236"
 1241      1DA0CB1E 
 1241      D0B761D2 
 1241      64A0EF9E 
 1242 0470 5B1B1138 		.ascii	"[\033\0218\234\255\344wLGK\236U\365n0\250\333p\033W"
 1242      9CADE477 
 1242      4C474B9E 
 1242      55F56E30 
 1242      A8DB701B 
 1243 0485 FF82306E 		.ascii	"\377\2020n\355N\257\207H\257M\361\267\217i-\331\336"
 1243      ED4EAF87 
 1243      48AF4DF1 
 1243      B78F692D 
 1243      D9DE
 1244 0497 BDC219FA 		.ascii	"\275\302\031\372\322k\341\325/.aD\332\234\303\354YN"
 1244      D26BE1D5 
 1244      2F2E6144 
 1244      DA9CC3EC 
 1244      594E
 1245 04a9 83E0A81B 		.ascii	"\203\340\250\033\011\313\264\020a\305\231O\267\007E"
 1245      09CBB410 
 1245      61C5994F 
 1245      B70745
 1246 04b8 04BEFB5E 		.ascii	"\004\276\373^\363f\021Vj\221\260\026P\003\216!\356\321"
 1246      F3661156 
 1246      6A91B016 
 1246      50038E21 
 1246      EED1
 1247 04ca B6435A69 		.ascii	"\266CZig\253\316\273\310N\310z?\024}\210|E\016\222\003"
 1247      67ABCEBB 
 1247      C84EC87A 
 1247      3F147D88 
 1247      7C450E92 
 1248 04df AC40609F 		.ascii	"\254@`\237\256[\341\250\013\265\263\375^O\366\221\375"
 1248      AE5BE1A8 
 1248      0BB5B3FD 
 1248      5E4FF691 
 1248      FD
 1249 04f0 444E74B7 		.ascii	"DNt\267\272\243\033\236\227\263\327_=\331\243\222\237"
 1249      BAA31B9E 
 1249      97B3D75F 
 1249      3DD9A392 
 1249      9F
 1250 0501 10FE406B 		.ascii	"\020\376@k\030\342\\\203\312)\317\364\206g\234\332\253"
 1250      18E25C83 
ARM GAS  /tmp/ccOM3wZX.s 			page 39


 1250      CA29CFF4 
 1250      86679CDA 
 1250      AB
 1251 0512 52FC1E12 		.ascii	"R\374\036\022\266\260\332\256\364\335{\250\365\267G"
 1251      B6B0DAAE 
 1251      F4DD7BA8 
 1251      F5B747
 1252 0521 4AEF3079 		.ascii	"J\3570y)\277\277\256s\322\3415\025\351N\334Hv\000%\027"
 1252      29BFBFAE 
 1252      73D2E135 
 1252      15E94EDC 
 1252      48760025 
 1253 0536 B183E043 		.ascii	"\261\203\340Cx\262S\017=\336_\335\0244\202A\305GE{\253"
 1253      78B2530F 
 1253      3DDE5FDD 
 1253      14348241 
 1253      C547457B 
 1254 054b E0F40ED2 		.ascii	"\340\364\016\322\006J\213\351\251AwM\325\240#\334U\316"
 1254      064A8BE9 
 1254      A941774D 
 1254      D5A023DC 
 1254      55CE
 1255 055d 5271D03F 		.ascii	"Rq\320?\270\341rMM\277\223x4\254!\224V\030\350AX\312"
 1255      B8E1724D 
 1255      4DBF9378 
 1255      34AC2194 
 1255      5618E841 
 1256 0573 F3694515 		.ascii	"\363iE\025;_\031\341\251\220\277\217\2721\025\253h\203"
 1256      3B5F19E1 
 1256      A990BF8F 
 1256      BA3115AB 
 1256      6883
 1257 0585 A8F7B6D0 		.ascii	"\250\367\266\320*7M\253i>e\200\313N\373\367G\312j\372"
 1257      2A374DAB 
 1257      693E6580 
 1257      CB4EFBF7 
 1257      47CA6AFA 
 1258 0599 DB684DA5 		.ascii	"\333hM\245\017{\241\247v\017]9\011\210U\264\322a7\330"
 1258      0F7BA1A7 
 1258      760F5D39 
 1258      098855B4 
 1258      D26137D8 
 1259 05ad 07EE0C7B 		.ascii	"\007\356\014{<\342\020+\311A\313[\035a.\370\241^\332"
 1259      3CE2102B 
 1259      C941CB5B 
 1259      1D612EF8 
 1259      A15EDA
 1260 05c0 18EEF254 		.ascii	"\030\356\362TR\347V\221\206QO\253\303\356mu`\227\267"
 1260      52E75691 
 1260      86514FAB 
 1260      C3EE6D75 
 1260      6097B7
 1261 05d3 D2E1F4B6 		.ascii	"\322\341\364\266R\354\004\233H\027dd/\237\351\352_&"
 1261      52EC049B 
 1261      48176464 
 1261      2F9FE9EA 
 1261      5F26
ARM GAS  /tmp/ccOM3wZX.s 			page 40


 1262 05e5 4D2B9C79 		.ascii	"M+\234y\273\274)v\332\312\316\035\330\356\245\016g9"
 1262      BBBC2976 
 1262      DACACE1D 
 1262      D8EEA50E 
 1262      6739
 1263 05f7 5D1EEEF4 		.ascii	"]\036\356\364:\230\033\224\345\255lt\225\213\024\016"
 1263      3A981B94 
 1263      E5AD6C74 
 1263      958B140E 
 1264 0607 4487EB4F 		.ascii	"D\207\353O\020\205\352\245/:p 4\222\322\231\260\353"
 1264      1085EAA5 
 1264      2F3A7020 
 1264      3492D299 
 1264      B0EB
 1265 0619 1F3E6A12 		.ascii	"\037>j\022\036\262\336\354n?\277Y\217\336r\316D(.L\360"
 1265      1EB2DEEC 
 1265      6E3FBF59 
 1265      8FDE72CE 
 1265      44282E4C 
 1266 062e B1EE7FBB 		.ascii	"\261\356\177\273l\337j\034!\327+\312\037\203\307\211"
 1266      6CDF6A1C 
 1266      21D72BCA 
 1266      1F83C789 
 1267 063e 283F7A07 		.ascii	"(?z\007\317\337\032\326I\234\310\271^\254\222\356KC"
 1267      CFDF1AD6 
 1267      499CC8B9 
 1267      5EAC92EE 
 1267      4B43
 1268 0650 0FC6A937 		.ascii	"\017\306\2517\304\011~C\234\224n\210;\027\277l\017\015"
 1268      C4097E43 
 1268      9C946E88 
 1268      3B17BF6C 
 1268      0F0D
 1269 0662 46EC74E4 		.ascii	"F\354t\344\3251\276Vd.\\\366\255\236\020\300\331\211"
 1269      D531BE56 
 1269      642E5CF6 
 1269      AD9E10C0 
 1269      D989
 1270 0674 4ADEB951 		.ascii	"J\336\271Q[\033\244\306h\3461Z\244\030\227\372\035E"
 1270      5B1BA4C6 
 1270      68E6315A 
 1270      A41897FA 
 1270      1D45
 1271 0686 2C440B11 		.ascii	",D\013\021\211\226T\273\367_\"oS\366\201C\337\274+\177"
 1271      899654BB 
 1271      F75F226F 
 1271      53F68143 
 1271      DFBC2B7F 
 1272 069a E0A03682 		.ascii	"\340\2406\202Z\3016\312\351\206o\216\272\352\320n\026"
 1272      5AC136CA 
 1272      E9866F8E 
 1272      BAEAD06E 
 1272      16
 1273 06ab 04B79163 		.ascii	"\004\267\221c\262>\202o\200\243\244\211L>\242\027zX"
 1273      B23E826F 
 1273      80A3A489 
 1273      4C3EA217 
ARM GAS  /tmp/ccOM3wZX.s 			page 41


 1273      7A58
 1274 06bd 2F763CBD 		.ascii	"/v<\275\332\242yY\304G\320\010\222E\032.\263\267\033"
 1274      DAA27959 
 1274      C447D008 
 1274      92451A2E 
 1274      B3B71B
 1275 06d0 DB485A1F 		.ascii	"\333HZ\037i\347\"\355\\d\237^\030`\"}\276\323=\272("
 1275      69E722ED 
 1275      5C649F5E 
 1275      1860227D 
 1275      BED33DBA 
 1276 06e5 3784AC6D 		.ascii	"7\204\254m[\272\035lg\372H\007\267\355\340\266\273\364"
 1276      5BBA1D6C 
 1276      67FA4807 
 1276      B7EDE0B6 
 1276      BBF4
 1277 06f7 C210B31D 		.ascii	"\302\020\263\035\370\265sup\324FP\336\275\314\257\334"
 1277      F8B57375 
 1277      70D44650 
 1277      DEBDCCAF 
 1277      DC
 1278 0708 C9AD3BB9 		.ascii	"\311\255;\271\3656\2750\312\254\267\355\254)7D\271\331"
 1278      F536BD30 
 1278      CAACB7ED 
 1278      AC293744 
 1278      B9D9
 1279 071a 9BE9EEF0 		.ascii	"\233\351\356\360h\220\273\221V\352 \275\263\334\374"
 1279      6890BB91 
 1279      56EA20BD 
 1279      B3DCFC
 1280 0729 2CBB4F26 		.ascii	",\273O&o\204\233apW\317\250\377\225\331\306\333\326"
 1280      6F849B61 
 1280      7057CFA8 
 1280      FF95D9C6 
 1280      DBD6
 1281 073b 2DB5ED7A 		.ascii	"-\265\355z_\307\331P\225k\344\334y\211k:p\361\246\277"
 1281      5FC7D950 
 1281      956BE4DC 
 1281      79896B3A 
 1281      70F1A6BF 
 1282 074f DD3ECEF5 		.ascii	"\335>\316\365H\017\300\354<kaHl\254q\261%\333\232\033"
 1282      480FC0EC 
 1282      3C6B6148 
 1282      6CAC71B1 
 1282      25DB9A1B 
 1283 0763 9B23CC5D 		.ascii	"\233#\314]\260(29~:\012\347\027bs\342\247\231s\222\222"
 1283      B0283239 
 1283      7E3A0AE7 
 1283      176273E2 
 1283      A7997392 
 1284 0778 A622A1B4 		.ascii	"\246\"\241\264`\211-1!\313\246\261\344Zu\305\245\305"
 1284      60892D31 
 1284      21CBA6B1 
 1284      E45A75C5 
 1284      A5C5
 1285 078a B9D6204B 		.ascii	"\271\326 KI\261\331\234k\325[l\037\027\233\255\272\""
 1285      49B1D99C 
ARM GAS  /tmp/ccOM3wZX.s 			page 42


 1285      6BD55B6C 
 1285      1F179BAD 
 1285      BA22
 1286 079c 4BAED9CA 		.ascii	"K\256\331\312$\363\347\032\363-Ef\343\007\226\234R\253"
 1286      24F3E71A 
 1286      F32D4566 
 1286      E307969C 
 1286      52AB
 1287 07ae F1A3825C 		.ascii	"\361\243\202\\\363\342\354%\2711\011\211\361\3611Vs"
 1287      F3E2EC25 
 1287      B9310989 
 1287      F1F13156 
 1287      73
 1288 07bf A139BBC4 		.ascii	"\2419\273\304l\314+\260\026}\224m5\313\241K\214"
 1288      6CCC2BB0 
 1288      167D946D 
 1288      35CBA14B 
 1288      8C
 1289 07d0 797159E0 		.ascii	"yqY\340_Z\310.Xl\205\226l\320B\343\374\251!\303\373"
 1289      5F5AC82E 
 1289      586C8596 
 1289      6CD042E3 
 1289      FCA921C3 
 1290 07e5 C50596AC 		.ascii	"\305\005\226\254\022\263\255\2648\313\246\2355\307\224"
 1290      12B3ADB4 
 1290      38CBA69D 
 1290      35C794
 1291 07f4 A64B4B4F 		.ascii	"\246KKO\376\207I;;\323d\302\377\302\363t9\240l\225\362"
 1291      FE87493B 
 1291      3BD364C2 
 1291      FFC2F374 
 1291      39A06C95 
 1292 0809 8C4F823C 		.ascii	"\214O\202<\301\364o\340/\377'\347\027,.H\3174ZJ\214"
 1292      C1F46FE0 
 1292      2FFF27E7 
 1292      172C2E48 
 1292      CF345A4A 
 1293 081e F9D985C6 		.ascii	"\371\331\205\306b\213\325Vb\314\\\370^b\2021--\3058"
 1293      628BD556 
 1293      62CC5CF8 
 1293      5E628231 
 1293      2D2DC538 
 1294 0832 37637EFA 		.ascii	"7c~\372\207\011\306\022[\021\224\310\002\305\346#Mz"
 1294      8709C612 
 1294      5B1194C8 
 1294      02C5E623 
 1294      4D7A
 1295 0844 8A49333F 		.ascii	"\212I3?\305\244\313X\224\221b\012J\317\314HMM1\351\323"
 1295      C5A4CB58 
 1295      9491620A 
 1295      4ACFCC48 
 1295      4D4D31E9 
 1296 0859 17FE3B23 		.ascii	"\027\376;#\325\244{/=%\325\304\322\230g\360{e\331t\311"
 1296      D5A47B2F 
 1296      3D25D5C4 
 1296      D29867F0 
 1296      7B65D974 
ARM GAS  /tmp/ccOM3wZX.s 			page 43


 1297 086e 73E69A12 		.ascii	"s\346\232\022\245\337\204\240Y\363f\2332\027\2324\311"
 1297      A5DF84A0 
 1297      59F3669B 
 1297      32179A34 
 1297      C9
 1298 087f 9990654A 		.ascii	"\231\220eJ\262)hV\306\354\370\324\005\322\232\000\253"
 1298      B2296856 
 1298      C6ECF8D4 
 1298      05D29A00 
 1298      AB
 1299 0890 1E0C6011 		.ascii	"\036\014`\021\330ef\310\016\022d\217\371&-\323 \311"
 1299      D86566C8 
 1299      0E12648F 
 1299      F9262DD3 
 1299      20C9
 1300 08a2 706C4A78 		.ascii	"plJx\367Uu\344X\212\212,K\214\3462\033\024\"\3272'\256"
 1300      F75575E4 
 1300      588A8A2C 
 1300      4B8CE632 
 1300      1B1422D7 
 1301 08b9 AC4C2E22 		.ascii	"\254L.\"/njBY\022T1\316\224\234\234\265\020\346\223"
 1301      2F6E6A42 
 1301      59125431 
 1301      CE949C9C 
 1301      B510E693 
 1302 08cd 62CE7B43 		.ascii	"b\316{C\3121\327\234\227]Zh\313\312\261,\311+x_\237"
 1302      CA31D79C 
 1302      975D5A68 
 1302      CBCAB12C 
 1302      C92B785F 
 1303 08e2 919C926D 		.ascii	"\221\234\222m\313\326g\314\226\227Y\3622\207-\343%{"
 1303      CBD667CC 
 1303      969759F2 
 1303      32872DE3 
 1303      257B
 1304 08f4 D90E1A1A 		.ascii	"\331\016\032\032\237\204\202\263\255E\037&\225\304\024"
 1304      9F8482B3 
 1304      AD451F26 
 1304      95C414
 1305 0903 A1901C68 		.ascii	"\241\220\034h\241\271,\246(\016\005Kf\005K\012l\023"
 1305      A1B92CA6 
 1305      280E054B 
 1305      66054B0A 
 1305      6C13
 1306 0915 C6B4829D 		.ascii	"\306\264\202\235\033\262\262`$\205\037K'\301\322$\347"
 1306      1BB2B260 
 1306      24851F4B 
 1306      27C1D224 
 1306      E7
 1307 0926 C351986C 		.ascii	"\303Q\230l\226Sh\311\371@\242f\374\2369\371+\004&\253"
 1307      965368C9 
 1307      F940A266 
 1307      FC9E39F9 
 1307      2B0426AB 
 1308 093a B03017AA 		.ascii	"\2600\027\252\373\037\220Qk\336"
 1308      FB1F9051 
 1308      6BDE
ARM GAS  /tmp/ccOM3wZX.s 			page 44


 1309              		.text
 1310              		.section	.gnu.lto_.symtab.1da251ed266d32de,"e",%progbits
 1311 0000 5F5F6561 		.ascii	"__early_init\000"
 1311      726C795F 
 1311      696E6974 
 1311      00
 1312 000d 00       		.ascii	"\000"
 1313 000e 00       		.ascii	"\000"
 1314 000f 00       		.ascii	"\000"
 1315 0010 00000000 		.ascii	"\000\000\000\000\000\000\000\000"
 1315      00000000 
 1316 0018 4A010000 		.ascii	"J\001\000\000"
 1317 001c 626F6172 		.ascii	"boardInit\000"
 1317      64496E69 
 1317      7400
 1318 0026 00       		.ascii	"\000"
 1319 0027 00       		.ascii	"\000"
 1320 0028 00       		.ascii	"\000"
 1321 0029 00000000 		.ascii	"\000\000\000\000\000\000\000\000"
 1321      00000000 
 1322 0031 4C010000 		.ascii	"L\001\000\000"
 1323 0035 73746D33 		.ascii	"stm32_clock_init\000"
 1323      325F636C 
 1323      6F636B5F 
 1323      696E6974 
 1323      00
 1324 0046 00       		.ascii	"\000"
 1325 0047 02       		.ascii	"\002"
 1326 0048 00       		.ascii	"\000"
 1327 0049 00000000 		.ascii	"\000\000\000\000\000\000\000\000"
 1327      00000000 
 1328 0051 4E010000 		.ascii	"N\001\000\000"
 1329              		.text
 1330              		.section	.gnu.lto_.ext_symtab.1da251ed266d32de,"e",%progbits
 1331 0000 01       		.ascii	"\001"
 1332 0001 01       		.ascii	"\001"
 1333 0002 00       		.ascii	"\000"
 1334 0003 01       		.ascii	"\001"
 1335 0004 00       		.ascii	"\000"
 1336 0005 01       		.ascii	"\001"
 1337 0006 00       		.ascii	"\000"
 1338              		.text
 1339              		.section	.gnu.lto_.opts,"e",%progbits
 1340 0000 272D666E 		.ascii	"'-fno-openmp' '-fno-openacc' '-fno-pie' '-fcf-prote"
 1340      6F2D6F70 
 1340      656E6D70 
 1340      2720272D 
 1340      666E6F2D 
 1341 0033 6374696F 		.ascii	"ction=none' '-g' '-mcpu=cortex-m0' '-mthumb' '-mflo"
 1341      6E3D6E6F 
 1341      6E652720 
 1341      272D6727 
 1341      20272D6D 
 1342 0066 61742D61 		.ascii	"at-abi=soft' '-mlibarch=armv6s-m' '-march=armv6s-m'"
 1342      62693D73 
 1342      6F667427 
 1342      20272D6D 
ARM GAS  /tmp/ccOM3wZX.s 			page 45


 1342      6C696261 
 1343 0099 20272D4F 		.ascii	" '-Os' '-fomit-frame-pointer' '-falign-functions=16"
 1343      73272027 
 1343      2D666F6D 
 1343      69742D66 
 1343      72616D65 
 1344 00cc 2720272D 		.ascii	"' '-fsingle-precision-constant' '-ffunction-section"
 1344      6673696E 
 1344      676C652D 
 1344      70726563 
 1344      6973696F 
 1345 00ff 73272027 		.ascii	"s' '-fdata-sections' '-fno-common' '-flto' '-Xassem"
 1345      2D666461 
 1345      74612D73 
 1345      65637469 
 1345      6F6E7327 
 1346 0132 626C6572 		.ascii	"bler' '-alms=./build/lst/board.lst'\000"
 1346      2720272D 
 1346      616C6D73 
 1346      3D2E2F62 
 1346      75696C64 
 1347              		.text
 1348              		.comm	__gnu_lto_slim,1,1
 1349              		.ident	"GCC: (Arm GNU Toolchain 11.3.Rel1) 11.3.1 20220712"
ARM GAS  /tmp/ccOM3wZX.s 			page 46


DEFINED SYMBOLS
                            *ABS*:0000000000000000 board.c
     /tmp/ccOM3wZX.s:24     .gnu.debuglto_.debug_info:0000000000000000 board.c.c15ec664
                            *COM*:0000000000000001 __gnu_lto_slim

NO UNDEFINED SYMBOLS
