ARM GAS  /tmp/cc4u9Ysl.s 			page 1


   1              		.cpu cortex-m0
   2              		.arch armv6s-m
   3              		.fpu softvfp
   4              		.eabi_attribute 20, 1
   5              		.eabi_attribute 21, 1
   6              		.eabi_attribute 23, 3
   7              		.eabi_attribute 24, 1
   8              		.eabi_attribute 25, 1
   9              		.eabi_attribute 26, 1
  10              		.eabi_attribute 30, 4
  11              		.eabi_attribute 34, 0
  12              		.eabi_attribute 18, 4
  13              		.file	"crt1.c"
  14              		.file 1 "/home/kocur/.rusefi-tools/arm-gnu-toolchain-11.3.rel1-x86_64-arm-none-eabi/arm-none-eabi/
  15              		.file 2 "/home/kocur/.rusefi-tools/arm-gnu-toolchain-11.3.rel1-x86_64-arm-none-eabi/arm-none-eabi/
  16              		.file 3 "../../../ChibiOS/os/common/startup/ARMCMx/compilers/GCC/crt1.c"
  17              		.section	.gnu.debuglto_.debug_info,"e",%progbits
  18              	.Ldebug_info0:
  19              		.hidden	crt1.c.05ad4239
  20              		.weak	crt1.c.05ad4239
  21              	crt1.c.05ad4239:
  22 0000 92020000 		.4byte	0x292
  23 0004 0500     		.2byte	0x5
  24 0006 01       		.byte	0x1
  25 0007 04       		.byte	0x4
  26 0008 00000000 		.4byte	.Ldebug_abbrev0
  27 000c 09       		.uleb128 0x9
  28 000d 5D030000 		.4byte	.LASF52
  29 0011 1D       		.byte	0x1d
  30 0012 B1020000 		.4byte	.LASF53
  31 0016 82000000 		.4byte	.LASF54
  32 001a 00000000 		.4byte	.Ldebug_line0
  33 001e 02       		.uleb128 0x2
  34 001f 01       		.byte	0x1
  35 0020 06       		.byte	0x6
  36 0021 56040000 		.4byte	.LASF0
  37 0025 02       		.uleb128 0x2
  38 0026 01       		.byte	0x1
  39 0027 08       		.byte	0x8
  40 0028 B6010000 		.4byte	.LASF1
  41 002c 02       		.uleb128 0x2
  42 002d 02       		.byte	0x2
  43 002e 05       		.byte	0x5
  44 002f 35030000 		.4byte	.LASF2
  45 0033 02       		.uleb128 0x2
  46 0034 02       		.byte	0x2
  47 0035 07       		.byte	0x7
  48 0036 62040000 		.4byte	.LASF3
  49 003a 02       		.uleb128 0x2
  50 003b 04       		.byte	0x4
  51 003c 05       		.byte	0x5
  52 003d 3D040000 		.4byte	.LASF4
  53 0041 04       		.uleb128 0x4
  54 0042 E6010000 		.4byte	.LASF9
  55 0046 01       		.byte	0x1
  56 0047 4F       		.byte	0x4f
  57 0048 19       		.byte	0x19
ARM GAS  /tmp/cc4u9Ysl.s 			page 2


  58 0049 4D000000 		.4byte	0x4d
  59 004d 02       		.uleb128 0x2
  60 004e 04       		.byte	0x4
  61 004f 07       		.byte	0x7
  62 0050 5B010000 		.4byte	.LASF5
  63 0054 02       		.uleb128 0x2
  64 0055 08       		.byte	0x8
  65 0056 05       		.byte	0x5
  66 0057 00000000 		.4byte	.LASF6
  67 005b 02       		.uleb128 0x2
  68 005c 08       		.byte	0x8
  69 005d 07       		.byte	0x7
  70 005e 5D020000 		.4byte	.LASF7
  71 0062 0A       		.uleb128 0xa
  72 0063 04       		.byte	0x4
  73 0064 05       		.byte	0x5
  74 0065 696E7400 		.ascii	"int\000"
  75 0069 02       		.uleb128 0x2
  76 006a 04       		.byte	0x4
  77 006b 07       		.byte	0x7
  78 006c 50020000 		.4byte	.LASF8
  79 0070 04       		.uleb128 0x4
  80 0071 34040000 		.4byte	.LASF10
  81 0075 02       		.byte	0x2
  82 0076 30       		.byte	0x30
  83 0077 14       		.byte	0x14
  84 0078 41000000 		.4byte	0x41
  85 007c 0B       		.uleb128 0xb
  86 007d 10       		.byte	0x10
  87 007e 03       		.byte	0x3
  88 007f 35       		.byte	0x35
  89 0080 09       		.byte	0x9
  90 0081 B2000000 		.4byte	0xb2
  91 0085 03       		.uleb128 0x3
  92 0086 3F030000 		.4byte	.LASF11
  93 008a 36       		.byte	0x36
  94 008b B2000000 		.4byte	0xb2
  95 008f 00       		.byte	0
  96 0090 03       		.uleb128 0x3
  97 0091 5B000000 		.4byte	.LASF12
  98 0095 37       		.byte	0x37
  99 0096 B2000000 		.4byte	0xb2
 100 009a 04       		.byte	0x4
 101 009b 03       		.uleb128 0x3
 102 009c 35010000 		.4byte	.LASF13
 103 00a0 38       		.byte	0x38
 104 00a1 B2000000 		.4byte	0xb2
 105 00a5 08       		.byte	0x8
 106 00a6 03       		.uleb128 0x3
 107 00a7 94020000 		.4byte	.LASF14
 108 00ab 39       		.byte	0x39
 109 00ac B2000000 		.4byte	0xb2
 110 00b0 0C       		.byte	0xc
 111 00b1 00       		.byte	0
 112 00b2 07       		.uleb128 0x7
 113 00b3 70000000 		.4byte	0x70
 114 00b7 04       		.uleb128 0x4
ARM GAS  /tmp/cc4u9Ysl.s 			page 3


 115 00b8 F1010000 		.4byte	.LASF15
 116 00bc 03       		.byte	0x3
 117 00bd 3A       		.byte	0x3a
 118 00be 03       		.byte	0x3
 119 00bf 7C000000 		.4byte	0x7c
 120 00c3 08       		.uleb128 0x8
 121 00c4 B7000000 		.4byte	0xb7
 122 00c8 01       		.uleb128 0x1
 123 00c9 6F000000 		.4byte	.LASF16
 124 00cd 41       		.byte	0x41
 125 00ce 11       		.byte	0x11
 126 00cf 70000000 		.4byte	0x70
 127 00d3 01       		.uleb128 0x1
 128 00d4 6D010000 		.4byte	.LASF17
 129 00d8 41       		.byte	0x41
 130 00d9 25       		.byte	0x25
 131 00da 70000000 		.4byte	0x70
 132 00de 01       		.uleb128 0x1
 133 00df 4E030000 		.4byte	.LASF18
 134 00e3 41       		.byte	0x41
 135 00e4 34       		.byte	0x34
 136 00e5 70000000 		.4byte	0x70
 137 00e9 01       		.uleb128 0x1
 138 00ea 3B000000 		.4byte	.LASF19
 139 00ee 41       		.byte	0x41
 140 00ef 44       		.byte	0x44
 141 00f0 70000000 		.4byte	0x70
 142 00f4 01       		.uleb128 0x1
 143 00f5 00030000 		.4byte	.LASF20
 144 00f9 44       		.byte	0x44
 145 00fa 11       		.byte	0x11
 146 00fb 70000000 		.4byte	0x70
 147 00ff 01       		.uleb128 0x1
 148 0100 D4000000 		.4byte	.LASF21
 149 0104 44       		.byte	0x44
 150 0105 25       		.byte	0x25
 151 0106 70000000 		.4byte	0x70
 152 010a 01       		.uleb128 0x1
 153 010b 89010000 		.4byte	.LASF22
 154 010f 44       		.byte	0x44
 155 0110 34       		.byte	0x34
 156 0111 70000000 		.4byte	0x70
 157 0115 01       		.uleb128 0x1
 158 0116 46040000 		.4byte	.LASF23
 159 011a 44       		.byte	0x44
 160 011b 44       		.byte	0x44
 161 011c 70000000 		.4byte	0x70
 162 0120 01       		.uleb128 0x1
 163 0121 D3010000 		.4byte	.LASF24
 164 0125 47       		.byte	0x47
 165 0126 11       		.byte	0x11
 166 0127 70000000 		.4byte	0x70
 167 012b 01       		.uleb128 0x1
 168 012c 1F000000 		.4byte	.LASF25
 169 0130 47       		.byte	0x47
 170 0131 25       		.byte	0x25
 171 0132 70000000 		.4byte	0x70
ARM GAS  /tmp/cc4u9Ysl.s 			page 4


 172 0136 01       		.uleb128 0x1
 173 0137 13030000 		.4byte	.LASF26
 174 013b 47       		.byte	0x47
 175 013c 34       		.byte	0x34
 176 013d 70000000 		.4byte	0x70
 177 0141 01       		.uleb128 0x1
 178 0142 F0020000 		.4byte	.LASF27
 179 0146 47       		.byte	0x47
 180 0147 44       		.byte	0x44
 181 0148 70000000 		.4byte	0x70
 182 014c 01       		.uleb128 0x1
 183 014d 22010000 		.4byte	.LASF28
 184 0151 4A       		.byte	0x4a
 185 0152 11       		.byte	0x11
 186 0153 70000000 		.4byte	0x70
 187 0157 01       		.uleb128 0x1
 188 0158 A8010000 		.4byte	.LASF29
 189 015c 4A       		.byte	0x4a
 190 015d 25       		.byte	0x25
 191 015e 70000000 		.4byte	0x70
 192 0162 01       		.uleb128 0x1
 193 0163 03010000 		.4byte	.LASF30
 194 0167 4A       		.byte	0x4a
 195 0168 34       		.byte	0x34
 196 0169 70000000 		.4byte	0x70
 197 016d 01       		.uleb128 0x1
 198 016e A1020000 		.4byte	.LASF31
 199 0172 4A       		.byte	0x4a
 200 0173 44       		.byte	0x44
 201 0174 70000000 		.4byte	0x70
 202 0178 01       		.uleb128 0x1
 203 0179 22030000 		.4byte	.LASF32
 204 017d 4D       		.byte	0x4d
 205 017e 11       		.byte	0x11
 206 017f 70000000 		.4byte	0x70
 207 0183 01       		.uleb128 0x1
 208 0184 23020000 		.4byte	.LASF33
 209 0188 4D       		.byte	0x4d
 210 0189 25       		.byte	0x25
 211 018a 70000000 		.4byte	0x70
 212 018e 01       		.uleb128 0x1
 213 018f 31020000 		.4byte	.LASF34
 214 0193 4D       		.byte	0x4d
 215 0194 34       		.byte	0x34
 216 0195 70000000 		.4byte	0x70
 217 0199 01       		.uleb128 0x1
 218 019a 40020000 		.4byte	.LASF35
 219 019e 4D       		.byte	0x4d
 220 019f 44       		.byte	0x44
 221 01a0 70000000 		.4byte	0x70
 222 01a4 01       		.uleb128 0x1
 223 01a5 01020000 		.4byte	.LASF36
 224 01a9 50       		.byte	0x50
 225 01aa 11       		.byte	0x11
 226 01ab 70000000 		.4byte	0x70
 227 01af 01       		.uleb128 0x1
 228 01b0 7B010000 		.4byte	.LASF37
ARM GAS  /tmp/cc4u9Ysl.s 			page 5


 229 01b4 50       		.byte	0x50
 230 01b5 25       		.byte	0x25
 231 01b6 70000000 		.4byte	0x70
 232 01ba 01       		.uleb128 0x1
 233 01bb 75040000 		.4byte	.LASF38
 234 01bf 50       		.byte	0x50
 235 01c0 34       		.byte	0x34
 236 01c1 70000000 		.4byte	0x70
 237 01c5 01       		.uleb128 0x1
 238 01c6 98010000 		.4byte	.LASF39
 239 01ca 50       		.byte	0x50
 240 01cb 44       		.byte	0x44
 241 01cc 70000000 		.4byte	0x70
 242 01d0 01       		.uleb128 0x1
 243 01d1 F0000000 		.4byte	.LASF40
 244 01d5 53       		.byte	0x53
 245 01d6 11       		.byte	0x11
 246 01d7 70000000 		.4byte	0x70
 247 01db 01       		.uleb128 0x1
 248 01dc E2000000 		.4byte	.LASF41
 249 01e0 53       		.byte	0x53
 250 01e1 25       		.byte	0x25
 251 01e2 70000000 		.4byte	0x70
 252 01e6 01       		.uleb128 0x1
 253 01e7 4C010000 		.4byte	.LASF42
 254 01eb 53       		.byte	0x53
 255 01ec 34       		.byte	0x34
 256 01ed 70000000 		.4byte	0x70
 257 01f1 01       		.uleb128 0x1
 258 01f2 12010000 		.4byte	.LASF43
 259 01f6 53       		.byte	0x53
 260 01f7 44       		.byte	0x44
 261 01f8 70000000 		.4byte	0x70
 262 01fc 01       		.uleb128 0x1
 263 01fd 74020000 		.4byte	.LASF44
 264 0201 56       		.byte	0x56
 265 0202 11       		.byte	0x11
 266 0203 70000000 		.4byte	0x70
 267 0207 01       		.uleb128 0x1
 268 0208 2D000000 		.4byte	.LASF45
 269 020c 56       		.byte	0x56
 270 020d 25       		.byte	0x25
 271 020e 70000000 		.4byte	0x70
 272 0212 01       		.uleb128 0x1
 273 0213 14020000 		.4byte	.LASF46
 274 0217 56       		.byte	0x56
 275 0218 34       		.byte	0x34
 276 0219 70000000 		.4byte	0x70
 277 021d 01       		.uleb128 0x1
 278 021e 4B000000 		.4byte	.LASF47
 279 0222 56       		.byte	0x56
 280 0223 44       		.byte	0x44
 281 0224 70000000 		.4byte	0x70
 282 0228 0C       		.uleb128 0xc
 283 0229 C3000000 		.4byte	0xc3
 284 022d 38020000 		.4byte	0x238
 285 0231 0D       		.uleb128 0xd
ARM GAS  /tmp/cc4u9Ysl.s 			page 6


 286 0232 69000000 		.4byte	0x69
 287 0236 07       		.byte	0x7
 288 0237 00       		.byte	0
 289 0238 08       		.uleb128 0x8
 290 0239 28020000 		.4byte	0x228
 291 023d 0E       		.uleb128 0xe
 292 023e 65000000 		.4byte	.LASF48
 293 0242 03       		.byte	0x3
 294 0243 5D       		.byte	0x5d
 295 0244 1E       		.byte	0x1e
 296 0245 38020000 		.4byte	0x238
 297 0249 0F       		.uleb128 0xf
 298 024a 0E000000 		.4byte	.LASF55
 299 024e 03       		.byte	0x3
 300 024f C1       		.byte	0xc1
 301 0250 06       		.byte	0x6
 302 0251 76020000 		.4byte	0x276
 303 0255 05       		.uleb128 0x5
 304 0256 72617000 		.ascii	"rap\000"
 305 025a C3       		.byte	0xc3
 306 025b 1A       		.byte	0x1a
 307 025c 76020000 		.4byte	0x276
 308 0260 10       		.uleb128 0x10
 309 0261 05       		.uleb128 0x5
 310 0262 747000   		.ascii	"tp\000"
 311 0265 C6       		.byte	0xc6
 312 0266 0F       		.byte	0xf
 313 0267 B2000000 		.4byte	0xb2
 314 026b 05       		.uleb128 0x5
 315 026c 7000     		.ascii	"p\000"
 316 026e C7       		.byte	0xc7
 317 026f 0F       		.byte	0xf
 318 0270 B2000000 		.4byte	0xb2
 319 0274 00       		.byte	0
 320 0275 00       		.byte	0
 321 0276 07       		.uleb128 0x7
 322 0277 C3000000 		.4byte	0xc3
 323 027b 11       		.uleb128 0x11
 324 027c C4010000 		.4byte	.LASF56
 325 0280 03       		.byte	0x3
 326 0281 B7       		.byte	0xb7
 327 0282 06       		.byte	0x6
 328 0283 06       		.uleb128 0x6
 329 0284 40010000 		.4byte	.LASF49
 330 0288 AA       		.byte	0xaa
 331 0289 06       		.uleb128 0x6
 332 028a 87020000 		.4byte	.LASF50
 333 028e 9C       		.byte	0x9c
 334 028f 06       		.uleb128 0x6
 335 0290 C9000000 		.4byte	.LASF51
 336 0294 89       		.byte	0x89
 337 0295 00       		.byte	0
 338              		.section	.gnu.debuglto_.debug_abbrev,"e",%progbits
 339              	.Ldebug_abbrev0:
 340 0000 01       		.uleb128 0x1
 341 0001 34       		.uleb128 0x34
 342 0002 00       		.byte	0
ARM GAS  /tmp/cc4u9Ysl.s 			page 7


 343 0003 03       		.uleb128 0x3
 344 0004 0E       		.uleb128 0xe
 345 0005 3A       		.uleb128 0x3a
 346 0006 21       		.uleb128 0x21
 347 0007 03       		.sleb128 3
 348 0008 3B       		.uleb128 0x3b
 349 0009 0B       		.uleb128 0xb
 350 000a 39       		.uleb128 0x39
 351 000b 0B       		.uleb128 0xb
 352 000c 49       		.uleb128 0x49
 353 000d 13       		.uleb128 0x13
 354 000e 3F       		.uleb128 0x3f
 355 000f 19       		.uleb128 0x19
 356 0010 3C       		.uleb128 0x3c
 357 0011 19       		.uleb128 0x19
 358 0012 00       		.byte	0
 359 0013 00       		.byte	0
 360 0014 02       		.uleb128 0x2
 361 0015 24       		.uleb128 0x24
 362 0016 00       		.byte	0
 363 0017 0B       		.uleb128 0xb
 364 0018 0B       		.uleb128 0xb
 365 0019 3E       		.uleb128 0x3e
 366 001a 0B       		.uleb128 0xb
 367 001b 03       		.uleb128 0x3
 368 001c 0E       		.uleb128 0xe
 369 001d 00       		.byte	0
 370 001e 00       		.byte	0
 371 001f 03       		.uleb128 0x3
 372 0020 0D       		.uleb128 0xd
 373 0021 00       		.byte	0
 374 0022 03       		.uleb128 0x3
 375 0023 0E       		.uleb128 0xe
 376 0024 3A       		.uleb128 0x3a
 377 0025 21       		.uleb128 0x21
 378 0026 03       		.sleb128 3
 379 0027 3B       		.uleb128 0x3b
 380 0028 0B       		.uleb128 0xb
 381 0029 39       		.uleb128 0x39
 382 002a 21       		.uleb128 0x21
 383 002b 1A       		.sleb128 26
 384 002c 49       		.uleb128 0x49
 385 002d 13       		.uleb128 0x13
 386 002e 38       		.uleb128 0x38
 387 002f 0B       		.uleb128 0xb
 388 0030 00       		.byte	0
 389 0031 00       		.byte	0
 390 0032 04       		.uleb128 0x4
 391 0033 16       		.uleb128 0x16
 392 0034 00       		.byte	0
 393 0035 03       		.uleb128 0x3
 394 0036 0E       		.uleb128 0xe
 395 0037 3A       		.uleb128 0x3a
 396 0038 0B       		.uleb128 0xb
 397 0039 3B       		.uleb128 0x3b
 398 003a 0B       		.uleb128 0xb
 399 003b 39       		.uleb128 0x39
ARM GAS  /tmp/cc4u9Ysl.s 			page 8


 400 003c 0B       		.uleb128 0xb
 401 003d 49       		.uleb128 0x49
 402 003e 13       		.uleb128 0x13
 403 003f 00       		.byte	0
 404 0040 00       		.byte	0
 405 0041 05       		.uleb128 0x5
 406 0042 34       		.uleb128 0x34
 407 0043 00       		.byte	0
 408 0044 03       		.uleb128 0x3
 409 0045 08       		.uleb128 0x8
 410 0046 3A       		.uleb128 0x3a
 411 0047 21       		.uleb128 0x21
 412 0048 03       		.sleb128 3
 413 0049 3B       		.uleb128 0x3b
 414 004a 0B       		.uleb128 0xb
 415 004b 39       		.uleb128 0x39
 416 004c 0B       		.uleb128 0xb
 417 004d 49       		.uleb128 0x49
 418 004e 13       		.uleb128 0x13
 419 004f 00       		.byte	0
 420 0050 00       		.byte	0
 421 0051 06       		.uleb128 0x6
 422 0052 2E       		.uleb128 0x2e
 423 0053 00       		.byte	0
 424 0054 3F       		.uleb128 0x3f
 425 0055 19       		.uleb128 0x19
 426 0056 03       		.uleb128 0x3
 427 0057 0E       		.uleb128 0xe
 428 0058 3A       		.uleb128 0x3a
 429 0059 21       		.uleb128 0x21
 430 005a 03       		.sleb128 3
 431 005b 3B       		.uleb128 0x3b
 432 005c 0B       		.uleb128 0xb
 433 005d 39       		.uleb128 0x39
 434 005e 21       		.uleb128 0x21
 435 005f 06       		.sleb128 6
 436 0060 27       		.uleb128 0x27
 437 0061 19       		.uleb128 0x19
 438 0062 00       		.byte	0
 439 0063 00       		.byte	0
 440 0064 07       		.uleb128 0x7
 441 0065 0F       		.uleb128 0xf
 442 0066 00       		.byte	0
 443 0067 0B       		.uleb128 0xb
 444 0068 21       		.uleb128 0x21
 445 0069 04       		.sleb128 4
 446 006a 49       		.uleb128 0x49
 447 006b 13       		.uleb128 0x13
 448 006c 00       		.byte	0
 449 006d 00       		.byte	0
 450 006e 08       		.uleb128 0x8
 451 006f 26       		.uleb128 0x26
 452 0070 00       		.byte	0
 453 0071 49       		.uleb128 0x49
 454 0072 13       		.uleb128 0x13
 455 0073 00       		.byte	0
 456 0074 00       		.byte	0
ARM GAS  /tmp/cc4u9Ysl.s 			page 9


 457 0075 09       		.uleb128 0x9
 458 0076 11       		.uleb128 0x11
 459 0077 01       		.byte	0x1
 460 0078 25       		.uleb128 0x25
 461 0079 0E       		.uleb128 0xe
 462 007a 13       		.uleb128 0x13
 463 007b 0B       		.uleb128 0xb
 464 007c 03       		.uleb128 0x3
 465 007d 0E       		.uleb128 0xe
 466 007e 1B       		.uleb128 0x1b
 467 007f 0E       		.uleb128 0xe
 468 0080 10       		.uleb128 0x10
 469 0081 17       		.uleb128 0x17
 470 0082 00       		.byte	0
 471 0083 00       		.byte	0
 472 0084 0A       		.uleb128 0xa
 473 0085 24       		.uleb128 0x24
 474 0086 00       		.byte	0
 475 0087 0B       		.uleb128 0xb
 476 0088 0B       		.uleb128 0xb
 477 0089 3E       		.uleb128 0x3e
 478 008a 0B       		.uleb128 0xb
 479 008b 03       		.uleb128 0x3
 480 008c 08       		.uleb128 0x8
 481 008d 00       		.byte	0
 482 008e 00       		.byte	0
 483 008f 0B       		.uleb128 0xb
 484 0090 13       		.uleb128 0x13
 485 0091 01       		.byte	0x1
 486 0092 0B       		.uleb128 0xb
 487 0093 0B       		.uleb128 0xb
 488 0094 3A       		.uleb128 0x3a
 489 0095 0B       		.uleb128 0xb
 490 0096 3B       		.uleb128 0x3b
 491 0097 0B       		.uleb128 0xb
 492 0098 39       		.uleb128 0x39
 493 0099 0B       		.uleb128 0xb
 494 009a 01       		.uleb128 0x1
 495 009b 13       		.uleb128 0x13
 496 009c 00       		.byte	0
 497 009d 00       		.byte	0
 498 009e 0C       		.uleb128 0xc
 499 009f 01       		.uleb128 0x1
 500 00a0 01       		.byte	0x1
 501 00a1 49       		.uleb128 0x49
 502 00a2 13       		.uleb128 0x13
 503 00a3 01       		.uleb128 0x1
 504 00a4 13       		.uleb128 0x13
 505 00a5 00       		.byte	0
 506 00a6 00       		.byte	0
 507 00a7 0D       		.uleb128 0xd
 508 00a8 21       		.uleb128 0x21
 509 00a9 00       		.byte	0
 510 00aa 49       		.uleb128 0x49
 511 00ab 13       		.uleb128 0x13
 512 00ac 2F       		.uleb128 0x2f
 513 00ad 0B       		.uleb128 0xb
ARM GAS  /tmp/cc4u9Ysl.s 			page 10


 514 00ae 00       		.byte	0
 515 00af 00       		.byte	0
 516 00b0 0E       		.uleb128 0xe
 517 00b1 34       		.uleb128 0x34
 518 00b2 00       		.byte	0
 519 00b3 03       		.uleb128 0x3
 520 00b4 0E       		.uleb128 0xe
 521 00b5 3A       		.uleb128 0x3a
 522 00b6 0B       		.uleb128 0xb
 523 00b7 3B       		.uleb128 0x3b
 524 00b8 0B       		.uleb128 0xb
 525 00b9 39       		.uleb128 0x39
 526 00ba 0B       		.uleb128 0xb
 527 00bb 49       		.uleb128 0x49
 528 00bc 13       		.uleb128 0x13
 529 00bd 00       		.byte	0
 530 00be 00       		.byte	0
 531 00bf 0F       		.uleb128 0xf
 532 00c0 2E       		.uleb128 0x2e
 533 00c1 01       		.byte	0x1
 534 00c2 3F       		.uleb128 0x3f
 535 00c3 19       		.uleb128 0x19
 536 00c4 03       		.uleb128 0x3
 537 00c5 0E       		.uleb128 0xe
 538 00c6 3A       		.uleb128 0x3a
 539 00c7 0B       		.uleb128 0xb
 540 00c8 3B       		.uleb128 0x3b
 541 00c9 0B       		.uleb128 0xb
 542 00ca 39       		.uleb128 0x39
 543 00cb 0B       		.uleb128 0xb
 544 00cc 27       		.uleb128 0x27
 545 00cd 19       		.uleb128 0x19
 546 00ce 01       		.uleb128 0x1
 547 00cf 13       		.uleb128 0x13
 548 00d0 00       		.byte	0
 549 00d1 00       		.byte	0
 550 00d2 10       		.uleb128 0x10
 551 00d3 0B       		.uleb128 0xb
 552 00d4 01       		.byte	0x1
 553 00d5 00       		.byte	0
 554 00d6 00       		.byte	0
 555 00d7 11       		.uleb128 0x11
 556 00d8 2E       		.uleb128 0x2e
 557 00d9 00       		.byte	0
 558 00da 3F       		.uleb128 0x3f
 559 00db 19       		.uleb128 0x19
 560 00dc 03       		.uleb128 0x3
 561 00dd 0E       		.uleb128 0xe
 562 00de 3A       		.uleb128 0x3a
 563 00df 0B       		.uleb128 0xb
 564 00e0 3B       		.uleb128 0x3b
 565 00e1 0B       		.uleb128 0xb
 566 00e2 39       		.uleb128 0x39
 567 00e3 0B       		.uleb128 0xb
 568 00e4 27       		.uleb128 0x27
 569 00e5 19       		.uleb128 0x19
 570 00e6 8701     		.uleb128 0x87
ARM GAS  /tmp/cc4u9Ysl.s 			page 11


 571 00e8 19       		.uleb128 0x19
 572 00e9 00       		.byte	0
 573 00ea 00       		.byte	0
 574 00eb 00       		.byte	0
 575              		.section	.gnu.debuglto_.debug_line,"e",%progbits
 576              	.Ldebug_line0:
 577 0000 48000000 		.4byte	.LELT0-.LSLT0
 578              	.LSLT0:
 579 0004 0500     		.2byte	0x5
 580 0006 04       		.byte	0x4
 581 0007 00       		.byte	0
 582 0008 40000000 		.4byte	.LELTP0-.LASLTP0
 583              	.LASLTP0:
 584 000c 01       		.byte	0x1
 585 000d 01       		.byte	0x1
 586 000e 01       		.byte	0x1
 587 000f F6       		.byte	0xf6
 588 0010 F2       		.byte	0xf2
 589 0011 0D       		.byte	0xd
 590 0012 00       		.byte	0
 591 0013 01       		.byte	0x1
 592 0014 01       		.byte	0x1
 593 0015 01       		.byte	0x1
 594 0016 01       		.byte	0x1
 595 0017 00       		.byte	0
 596 0018 00       		.byte	0
 597 0019 00       		.byte	0
 598 001a 01       		.byte	0x1
 599 001b 00       		.byte	0
 600 001c 00       		.byte	0
 601 001d 01       		.byte	0x1
 602 001e 01       		.byte	0x1
 603 001f 01       		.uleb128 0x1
 604 0020 1F       		.uleb128 0x1f
 605 0021 04       		.uleb128 0x4
 606 0022 C6000000 		.4byte	.LASF57
 607 0026 76010000 		.4byte	.LASF58
 608 002a 0D010000 		.4byte	.LASF59
 609 002e 57000000 		.4byte	.LASF60
 610 0032 02       		.byte	0x2
 611 0033 01       		.uleb128 0x1
 612 0034 1F       		.uleb128 0x1f
 613 0035 02       		.uleb128 0x2
 614 0036 0B       		.uleb128 0xb
 615 0037 04       		.uleb128 0x4
 616 0038 07000000 		.4byte	.LASF61
 617 003c 00       		.byte	0
 618 003d 46000000 		.4byte	.LASF62
 619 0041 02       		.byte	0x2
 620 0042 BC000000 		.4byte	.LASF63
 621 0046 03       		.byte	0x3
 622 0047 00000000 		.4byte	.LASF64
 623 004b 01       		.byte	0x1
 624              	.LELTP0:
 625              	.LELT0:
 626              		.section	.gnu.debuglto_.debug_str,"eMS",%progbits,1
 627              	.LASF6:
ARM GAS  /tmp/cc4u9Ysl.s 			page 12


 628 0000 6C6F6E67 		.ascii	"long long int\000"
 628      206C6F6E 
 628      6720696E 
 628      7400
 629              	.LASF55:
 630 000e 5F5F696E 		.ascii	"__init_ram_areas\000"
 630      69745F72 
 630      616D5F61 
 630      72656173 
 630      00
 631              	.LASF25:
 632 001f 5F5F7261 		.ascii	"__ram2_init__\000"
 632      6D325F69 
 632      6E69745F 
 632      5F00
 633              	.LASF45:
 634 002d 5F5F7261 		.ascii	"__ram7_init__\000"
 634      6D375F69 
 634      6E69745F 
 634      5F00
 635              	.LASF19:
 636 003b 5F5F7261 		.ascii	"__ram0_noinit__\000"
 636      6D305F6E 
 636      6F696E69 
 636      745F5F00 
 637              	.LASF47:
 638 004b 5F5F7261 		.ascii	"__ram7_noinit__\000"
 638      6D375F6E 
 638      6F696E69 
 638      745F5F00 
 639              	.LASF12:
 640 005b 696E6974 		.ascii	"init_area\000"
 640      5F617265 
 640      6100
 641              	.LASF48:
 642 0065 72616D5F 		.ascii	"ram_areas\000"
 642      61726561 
 642      7300
 643              	.LASF16:
 644 006f 5F5F7261 		.ascii	"__ram0_init_text__\000"
 644      6D305F69 
 644      6E69745F 
 644      74657874 
 644      5F5F00
 645              	.LASF54:
 646 0082 2F686F6D 		.ascii	"/home/kocur/wideband-2311-release/firmware/boards/f"
 646      652F6B6F 
 646      6375722F 
 646      77696465 
 646      62616E64 
 647 00b5 305F6D6F 		.ascii	"0_module/bootloader\000"
 647      64756C65 
 647      2F626F6F 
 647      746C6F61 
 647      64657200 
 648              	.LASF51:
 649 00c9 5F5F6370 		.ascii	"__cpu_init\000"
ARM GAS  /tmp/cc4u9Ysl.s 			page 13


 649      755F696E 
 649      697400
 650              	.LASF21:
 651 00d4 5F5F7261 		.ascii	"__ram1_init__\000"
 651      6D315F69 
 651      6E69745F 
 651      5F00
 652              	.LASF41:
 653 00e2 5F5F7261 		.ascii	"__ram6_init__\000"
 653      6D365F69 
 653      6E69745F 
 653      5F00
 654              	.LASF40:
 655 00f0 5F5F7261 		.ascii	"__ram6_init_text__\000"
 655      6D365F69 
 655      6E69745F 
 655      74657874 
 655      5F5F00
 656              	.LASF30:
 657 0103 5F5F7261 		.ascii	"__ram3_clear__\000"
 657      6D335F63 
 657      6C656172 
 657      5F5F00
 658              	.LASF43:
 659 0112 5F5F7261 		.ascii	"__ram6_noinit__\000"
 659      6D365F6E 
 659      6F696E69 
 659      745F5F00 
 660              	.LASF28:
 661 0122 5F5F7261 		.ascii	"__ram3_init_text__\000"
 661      6D335F69 
 661      6E69745F 
 661      74657874 
 661      5F5F00
 662              	.LASF13:
 663 0135 636C6561 		.ascii	"clear_area\000"
 663      725F6172 
 663      656100
 664              	.LASF49:
 665 0140 5F5F6C61 		.ascii	"__late_init\000"
 665      74655F69 
 665      6E697400 
 666              	.LASF42:
 667 014c 5F5F7261 		.ascii	"__ram6_clear__\000"
 667      6D365F63 
 667      6C656172 
 667      5F5F00
 668              	.LASF5:
 669 015b 6C6F6E67 		.ascii	"long unsigned int\000"
 669      20756E73 
 669      69676E65 
 669      6420696E 
 669      7400
 670              	.LASF17:
 671 016d 5F5F7261 		.ascii	"__ram0_init__\000"
 671      6D305F69 
 671      6E69745F 
ARM GAS  /tmp/cc4u9Ysl.s 			page 14


 671      5F00
 672              	.LASF37:
 673 017b 5F5F7261 		.ascii	"__ram5_init__\000"
 673      6D355F69 
 673      6E69745F 
 673      5F00
 674              	.LASF22:
 675 0189 5F5F7261 		.ascii	"__ram1_clear__\000"
 675      6D315F63 
 675      6C656172 
 675      5F5F00
 676              	.LASF39:
 677 0198 5F5F7261 		.ascii	"__ram5_noinit__\000"
 677      6D355F6E 
 677      6F696E69 
 677      745F5F00 
 678              	.LASF29:
 679 01a8 5F5F7261 		.ascii	"__ram3_init__\000"
 679      6D335F69 
 679      6E69745F 
 679      5F00
 680              	.LASF1:
 681 01b6 756E7369 		.ascii	"unsigned char\000"
 681      676E6564 
 681      20636861 
 681      7200
 682              	.LASF56:
 683 01c4 5F5F6465 		.ascii	"__default_exit\000"
 683      6661756C 
 683      745F6578 
 683      697400
 684              	.LASF24:
 685 01d3 5F5F7261 		.ascii	"__ram2_init_text__\000"
 685      6D325F69 
 685      6E69745F 
 685      74657874 
 685      5F5F00
 686              	.LASF9:
 687 01e6 5F5F7569 		.ascii	"__uint32_t\000"
 687      6E743332 
 687      5F7400
 688              	.LASF15:
 689 01f1 72616D5F 		.ascii	"ram_init_area_t\000"
 689      696E6974 
 689      5F617265 
 689      615F7400 
 690              	.LASF36:
 691 0201 5F5F7261 		.ascii	"__ram5_init_text__\000"
 691      6D355F69 
 691      6E69745F 
 691      74657874 
 691      5F5F00
 692              	.LASF46:
 693 0214 5F5F7261 		.ascii	"__ram7_clear__\000"
 693      6D375F63 
 693      6C656172 
 693      5F5F00
ARM GAS  /tmp/cc4u9Ysl.s 			page 15


 694              	.LASF33:
 695 0223 5F5F7261 		.ascii	"__ram4_init__\000"
 695      6D345F69 
 695      6E69745F 
 695      5F00
 696              	.LASF34:
 697 0231 5F5F7261 		.ascii	"__ram4_clear__\000"
 697      6D345F63 
 697      6C656172 
 697      5F5F00
 698              	.LASF35:
 699 0240 5F5F7261 		.ascii	"__ram4_noinit__\000"
 699      6D345F6E 
 699      6F696E69 
 699      745F5F00 
 700              	.LASF8:
 701 0250 756E7369 		.ascii	"unsigned int\000"
 701      676E6564 
 701      20696E74 
 701      00
 702              	.LASF7:
 703 025d 6C6F6E67 		.ascii	"long long unsigned int\000"
 703      206C6F6E 
 703      6720756E 
 703      7369676E 
 703      65642069 
 704              	.LASF44:
 705 0274 5F5F7261 		.ascii	"__ram7_init_text__\000"
 705      6D375F69 
 705      6E69745F 
 705      74657874 
 705      5F5F00
 706              	.LASF50:
 707 0287 5F5F6561 		.ascii	"__early_init\000"
 707      726C795F 
 707      696E6974 
 707      00
 708              	.LASF14:
 709 0294 6E6F5F69 		.ascii	"no_init_area\000"
 709      6E69745F 
 709      61726561 
 709      00
 710              	.LASF31:
 711 02a1 5F5F7261 		.ascii	"__ram3_noinit__\000"
 711      6D335F6E 
 711      6F696E69 
 711      745F5F00 
 712              	.LASF53:
 713 02b1 2E2E2F2E 		.ascii	"../../../ChibiOS/os/common/startup/ARMCMx/compilers"
 713      2E2F2E2E 
 713      2F436869 
 713      62694F53 
 713      2F6F732F 
 714 02e4 2F474343 		.ascii	"/GCC/crt1.c\000"
 714      2F637274 
 714      312E6300 
 715              	.LASF27:
ARM GAS  /tmp/cc4u9Ysl.s 			page 16


 716 02f0 5F5F7261 		.ascii	"__ram2_noinit__\000"
 716      6D325F6E 
 716      6F696E69 
 716      745F5F00 
 717              	.LASF20:
 718 0300 5F5F7261 		.ascii	"__ram1_init_text__\000"
 718      6D315F69 
 718      6E69745F 
 718      74657874 
 718      5F5F00
 719              	.LASF26:
 720 0313 5F5F7261 		.ascii	"__ram2_clear__\000"
 720      6D325F63 
 720      6C656172 
 720      5F5F00
 721              	.LASF32:
 722 0322 5F5F7261 		.ascii	"__ram4_init_text__\000"
 722      6D345F69 
 722      6E69745F 
 722      74657874 
 722      5F5F00
 723              	.LASF2:
 724 0335 73686F72 		.ascii	"short int\000"
 724      7420696E 
 724      7400
 725              	.LASF11:
 726 033f 696E6974 		.ascii	"init_text_area\000"
 726      5F746578 
 726      745F6172 
 726      656100
 727              	.LASF18:
 728 034e 5F5F7261 		.ascii	"__ram0_clear__\000"
 728      6D305F63 
 728      6C656172 
 728      5F5F00
 729              	.LASF52:
 730 035d 474E5520 		.ascii	"GNU C17 11.3.1 20220712 -mcpu=cortex-m0 -mthumb -mf"
 730      43313720 
 730      31312E33 
 730      2E312032 
 730      30323230 
 731 0390 6C6F6174 		.ascii	"loat-abi=soft -march=armv6s-m -ggdb -Os -fomit-fram"
 731      2D616269 
 731      3D736F66 
 731      74202D6D 
 731      61726368 
 732 03c3 652D706F 		.ascii	"e-pointer -falign-functions=16 -fsingle-precision-c"
 732      696E7465 
 732      72202D66 
 732      616C6967 
 732      6E2D6675 
 733 03f6 6F6E7374 		.ascii	"onstant -ffunction-sections -fdata-sections -fno-co"
 733      616E7420 
 733      2D666675 
 733      6E637469 
 733      6F6E2D73 
 734 0429 6D6D6F6E 		.ascii	"mmon -flto\000"
ARM GAS  /tmp/cc4u9Ysl.s 			page 17


 734      202D666C 
 734      746F00
 735              	.LASF10:
 736 0434 75696E74 		.ascii	"uint32_t\000"
 736      33325F74 
 736      00
 737              	.LASF4:
 738 043d 6C6F6E67 		.ascii	"long int\000"
 738      20696E74 
 738      00
 739              	.LASF23:
 740 0446 5F5F7261 		.ascii	"__ram1_noinit__\000"
 740      6D315F6E 
 740      6F696E69 
 740      745F5F00 
 741              	.LASF0:
 742 0456 7369676E 		.ascii	"signed char\000"
 742      65642063 
 742      68617200 
 743              	.LASF3:
 744 0462 73686F72 		.ascii	"short unsigned int\000"
 744      7420756E 
 744      7369676E 
 744      65642069 
 744      6E7400
 745              	.LASF38:
 746 0475 5F5F7261 		.ascii	"__ram5_clear__\000"
 746      6D355F63 
 746      6C656172 
 746      5F5F00
 747              		.section	.gnu.debuglto_.debug_line_str,"eMS",%progbits,1
 748              	.LASF64:
 749 0000 63727431 		.ascii	"crt1.c\000"
 749      2E6300
 750              	.LASF61:
 751 0007 2E2E2F2E 		.ascii	"../../../ChibiOS/os/common/startup/ARMCMx/compilers"
 751      2E2F2E2E 
 751      2F436869 
 751      62694F53 
 751      2F6F732F 
 752 003a 2F474343 		.ascii	"/GCC/crt1.c\000"
 752      2F637274 
 752      312E6300 
 753              	.LASF62:
 754 0046 5F646566 		.ascii	"_default_types.h\000"
 754      61756C74 
 754      5F747970 
 754      65732E68 
 754      00
 755              	.LASF60:
 756 0057 2F686F6D 		.ascii	"/home/kocur/.rusefi-tools/arm-gnu-toolchain-11.3.re"
 756      652F6B6F 
 756      6375722F 
 756      2E727573 
 756      6566692D 
 757 008a 6C312D78 		.ascii	"l1-x86_64-arm-none-eabi/arm-none-eabi/include/sys\000"
 757      38365F36 
ARM GAS  /tmp/cc4u9Ysl.s 			page 18


 757      342D6172 
 757      6D2D6E6F 
 757      6E652D65 
 758              	.LASF63:
 759 00bc 5F737464 		.ascii	"_stdint.h\000"
 759      696E742E 
 759      6800
 760              	.LASF57:
 761 00c6 2F686F6D 		.ascii	"/home/kocur/wideband-2311-release/firmware/boards/f"
 761      652F6B6F 
 761      6375722F 
 761      77696465 
 761      62616E64 
 762 00f9 305F6D6F 		.ascii	"0_module/bootloader\000"
 762      64756C65 
 762      2F626F6F 
 762      746C6F61 
 762      64657200 
 763              	.LASF59:
 764 010d 2F686F6D 		.ascii	"/home/kocur/.rusefi-tools/arm-gnu-toolchain-11.3.re"
 764      652F6B6F 
 764      6375722F 
 764      2E727573 
 764      6566692D 
 765 0140 6C312D78 		.ascii	"l1-x86_64-arm-none-eabi/arm-none-eabi/include/machi"
 765      38365F36 
 765      342D6172 
 765      6D2D6E6F 
 765      6E652D65 
 766 0173 6E6500   		.ascii	"ne\000"
 767              	.LASF58:
 768 0176 2E2E2F2E 		.ascii	"../../../ChibiOS/os/common/startup/ARMCMx/compilers"
 768      2E2F2E2E 
 768      2F436869 
 768      62694F53 
 768      2F6F732F 
 769 01a9 2F474343 		.ascii	"/GCC\000"
 769      00
 770              		.text
 771              		.section	.gnu.lto_.profile.70663fa41536123b,"e",%progbits
 772 0000 789C6362 		.ascii	"x\234cb\000\001\000\000\022\000\003"
 772      00010000 
 772      120003
 773              		.text
 774              		.section	.gnu.lto_.icf.70663fa41536123b,"e",%progbits
 775 0000 789C7367 		.ascii	"x\234sg@\0006\206\377+\037,\341e`\204PL\020\212y\341"
 775      40003686 
 775      FF2B1F2C 
 775      E1656084 
 775      504C108A 
 776 0016 865D3D8C 		.ascii	"\206]=\214\014,\317\337\037\270\314\317\307\304\300"
 776      0C2CCFDF 
 776      1FB8CCCF 
 776      C7C4C0
 777 0025 C408C630 		.ascii	"\304\010\3060\000c\003i\326\373wv\376fc\000\000{\332"
 777      00630369 
 777      D6FB7776 
ARM GAS  /tmp/cc4u9Ysl.s 			page 19


 777      FE666300 
 777      007BDA
 778 0038 13C7     		.ascii	"\023\307"
 779              		.text
 780              		.section	.gnu.lto_.ipa_sra.70663fa41536123b,"e",%progbits
 781 0000 789C1364 		.ascii	"x\234\023d@\000V\006\006FF\006F&\006Ff\006F\026\006"
 781      40005606 
 781      06464606 
 781      46260646 
 781      66064616 
 782 0015 46060002 		.ascii	"F\006\000\002\315\000&"
 782      CD0026
 783              		.text
 784              		.section	.gnu.lto_.inline.70663fa41536123b,"e",%progbits
 785 0000 789CDBC8 		.ascii	"x\234\333\310\200\000\254\014\014\314\015@\300\224\302"
 785      8000AC0C 
 785      0CCC0D40 
 785      C094C2
 786 000f C8C0C4C0 		.ascii	"\310\300\304\300\320\010d\32610\260A\204\230@B\014\014"
 786      D00864D6 
 786      3130B041 
 786      84984042 
 786      0C0C
 787 0021 8C849530 		.ascii	"\214\204\2250\021V\302\014\244\300\022\310JX \014\250"
 787      1156C20C 
 787      A4C012C8 
 787      4A58200C 
 787      A8
 788 0032 12160691 		.ascii	"\022\026\006\221wG\327md\316\001*Q\002\26260\347\240"
 788      7747D76D 
 788      64CE012A 
 788      5102B236 
 788      30E7A0
 789 0045 9BC20000 		.ascii	"\233\302\000\000\340\263(\006"
 789      E0B32806 
 790              		.text
 791              		.section	.gnu.lto_.jmpfuncs.70663fa41536123b,"e",%progbits
 792 0000 789C1364 		.ascii	"x\234\023d@\000V fd``b``f``\001r\000\002\245\000!"
 792      40005620 
 792      66646060 
 792      62606066 
 792      60600172 
 793              		.text
 794              		.section	.gnu.lto_.pureconst.70663fa41536123b,"e",%progbits
 795 0000 789C1360 		.ascii	"x\234\023````e\230\301\3028\203\205i\006\013\363\026"
 795      60606065 
 795      98C1C238 
 795      83856906 
 795      0BF316
 796 0013 1696592C 		.ascii	"\026\226Y,\000\032\274\003J"
 796      001ABC03 
 796      4A
 797              		.text
 798              		.section	.gnu.lto_.ipa_modref.70663fa41536123b,"e",%progbits
 799 0000 789C8B66 		.ascii	"x\234\213f@\000V\006\006\005\001\001(\301\300\210\314"
 799      40005606 
 799      06050101 
ARM GAS  /tmp/cc4u9Ysl.s 			page 20


 799      28C1C088 
 799      CC
 800 0011 6142E630 		.ascii	"aB\3460#sX\3004\023\0233\003#\023\013#\003\023+\220"
 800      237358C0 
 800      34131333 
 800      0323130B 
 800      2303132B 
 801 0026 6685E865 		.ascii	"f\205\350e\204q\030\030\000\273\021\003\033"
 801      84711818 
 801      00BB1103 
 801      1B
 802              		.text
 803              		.section	.gnu.lto_.lto.70663fa41536123b,"e",%progbits
 804 0000 0B000300 		.ascii	"\013\000\003\000\001\000\000\000"
 804      01000000 
 805              		.text
 806              		.section	.gnu.lto_ram_areas.40.70663fa41536123b,"e",%progbits
 807 0000 789C4DCE 		.ascii	"x\234M\316KO\024A\024\005\340>\243\003K]\350\216\237"
 807      4B4F1441 
 807      1405E03E 
 807      A3034B5D 
 807      E88E9F
 808 0013 20530CB8 		.ascii	" S\014\270'\244c&\306L\210\022C\0141\320\323]H\207)"
 808      27A46326 
 808      C64C8812 
 808      430C31D0 
 808      D35D4887 
 809 0028 2E5D3D93 		.ascii	".]=\223\221\030R\223Y)?\202\004W\354\011\001D\304\367"
 809      91185293 
 809      59293F82 
 809      0457EC09 
 809      0144C4F7 
 810 003c FB818AE0 		.ascii	"\373\201\212\340\013\360\201\321\205\221\255\013\026"
 810      0BF081D1 
 810      8591AD0B 
 810      16
 811 0049 34366DDF 		.ascii	"46m\337J-NNn\276\234F\306\262\256Y\361\313b\002\215"
 811      4A2D4E4E 
 811      6EBE9C46 
 811      C6B2AE59 
 811      F1CB6202 
 812 005e 7A7DF7FA 		.ascii	"z}\367\372\314\312\344\261f3\236\024\277N\230+\377s"
 812      CCCAE4B1 
 812      66339E14 
 812      BF4E982B 
 812      FF73
 813 0070 8B194BF2 		.ascii	"\213\031K\362t\306\324\242\334\331\270Z?Z\015o X\000"
 813      74C6D4A2 
 813      DCD9B85A 
 813      3F5A0D6F 
 813      205800
 814 0083 CD43CD21 		.ascii	"\315C\315!\213\246\343h>\270\372\2733u\304\0143\313"
 814      8BA6E368 
 814      3EB8FABB 
 814      3375C40C 
 814      33CB
 815 0095 67D62566 		.ascii	"g\326%f\311\324\272\215`\031t\013j)\266\232\016\256"
ARM GAS  /tmp/cc4u9Ysl.s 			page 21


 815      C9D4BA8D 
 815      6019740B 
 815      6A29B69A 
 815      0EAE
 816 00a7 E6FF4496 		.ascii	"\346\377D\226\313,\207Y\375\314\272\230Z\017\021<\000"
 816      CB2C8759 
 816      FDCCBA98 
 816      5A0F113C 
 816      00
 817 00b8 DD87BA17 		.ascii	"\335\207\272\027[\331d\327\357\310\352c\326\005f\365"
 817      5BD964D7 
 817      EFC8EA63 
 817      D60566F5 
 818 00c8 32EB7C6A 		.ascii	"2\353|j=G\360\014\364\024\352Il\035Nv\375\214\254\036"
 818      3D47F00C 
 818      F414EA49 
 818      6C1D4E76 
 818      FD8CAC1E 
 819 00dc 669D6556 		.ascii	"f\235eV7\263\212\251\365\006\301k\320\012\324\253\330"
 819      37B38AA9 
 819      F506C16B 
 819      D00AD4AB 
 819      D8
 820 00ed 3A94ECFA 		.ascii	":\224\354\372\021Yg\230u\232Y\005f\235J\255\367\010"
 820      11596798 
 820      759A5905 
 820      669D4AAD 
 820      F708
 821 00ff D6416B50 		.ascii	"\326AkP\357b+\223\354\332\216,\233Y]\314Z6\014[2\251"
 821      EF622B93 
 821      ECDA8E2C 
 821      9B595DCC 
 821      5A360C5B 
 822 0115 B6896003 		.ascii	"\266\211`\003\364\031\352\023\022g+r\026\015\203\026"
 822      F419EA13 
 822      12672B72 
 822      160D8316 
 823 0125 0C93E6B8 		.ascii	"\014\223\346\2704\313\244\357\010\276\201\276B}\371"
 823      34CBA4EF 
 823      08BE81BE 
 823      427DF9
 824 0134 D70CCC98 		.ascii	"\327\014\314\230\216m\234\334\302G|\300*\336\342%^\340"
 824      8E6D9CDC 
 824      C2477CC0 
 824      2ADEE225 
 824      5EE0
 825 0146 311EE12E 		.ascii	"1\036\341.\356\340&\026a\025\304\020))\206\311\255j"
 825      EEE02616 
 825      6115C410 
 825      292986C9 
 825      AD6A
 826 0158 51F33D59 		.ascii	"Q\363=YrF\274\326\366\216|\276U\313\262tB)\006}\255"
 826      7246BCD6 
 826      F68E7CBE 
 826      55CBB274 
 826      4229067D 
 827 016d 6A8E96A2 		.ascii	"j\216\226\242D\216\366B1\330\326\257\310\253\226\367"
ARM GAS  /tmp/cc4u9Ysl.s 			page 22


 827      448EF642 
 827      31D8D6AF 
 827      C8AB96F7 
 828 017d 0BAA94C9 		.ascii	"\013\252\224\311\361\244\266:s9\021\177{\310/\371\335"
 828      F1A4B63A 
 828      7339117F 
 828      7BC82FF9 
 828      DD
 829 018e 3D8242E1 		.ascii	"=\202B\341\222R4\"\302\212\243+\325Q\321u\256h\027/"
 829      92523422 
 829      C28AA32B 
 829      D551D175 
 829      AE68172F 
 830 01a2 EFB7A37E 		.ascii	"\357\267\243~Y\352P\024l[\270\272\222\317\271\326\036"
 830      59EA5014 
 830      6C5BB8BA 
 830      92CFB9D6 
 830      1E
 831 01b3 BE7C080E 		.ascii	"\276|\010\016"
 832              		.text
 833              		.section	.gnu.lto___cpu_init.41.70663fa41536123b,"e",%progbits
 834 0000 789CCB67 		.ascii	"x\234\313g``\350\004be fdf`\2344\261\213\211\241\241"
 834      6060E804 
 834      62652066 
 834      6466609C 
 834      34B18B89 
 835 0016 A1C1819D 		.ascii	"\241\301\201\235\211\261qb\027'\343vF0\217\221\241\236"
 835      89B17162 
 835      1727E376 
 835      46308F91 
 835      A19E
 836 0028 89B19E71 		.ascii	"\211\261\236q!\263>\220\373\343\350\263\011\227%\032"
 836      21B33E90 
 836      FBE3E8B3 
 836      0997251A 
 837 0038 561C607C 		.ascii	"V\034`|\305\300P\317\000\005\334\0206#\020\257\277\304"
 837      C5C050CF 
 837      0005DC10 
 837      362310AF 
 837      BFC4
 838 004a 7AA0E1CF 		.ascii	"z\240\341\317\377\376\206\206\277\217\030\347\25321"
 838      FFFE8686 
 838      BF8F18E7 
 838      AB3231
 839 0059 30CC6306 		.ascii	"0\314c\006\231\332\300\302\330p\200\201a>3\023\204\323"
 839      99DAC0C2 
 839      D8708081 
 839      613E3313 
 839      84D3
 840 006b 08E47C67 		.ascii	"\010\344|gjPb\370\317\324\244\0006d\0363#B\035\003\203"
 840      6A5062F8 
 840      CFD4A400 
 840      36641E33 
 840      23421D03 
 841 0080 BB7E467E 		.ascii	"\273~F~n\252~v~ri\221~yfJjRb^\212\256\221\261\241\241"
 841      6EAA7E76 
 841      7E726991 
ARM GAS  /tmp/cc4u9Ysl.s 			page 23


 841      7E79664A 
 841      6A52625E 
 842 009a 6E516A4E 		.ascii	"nQjNjbq\252~ZfQnybQ\252~R~bQJ\261~\232A|n~Ji\016H \277"
 842      6A6271AA 
 842      7E5A6651 
 842      6E796251 
 842      AA7E527E 
 843 00be 24273F31 		.ascii	"$'?1%\265\210\301^OO\037\202\23432\2232\375\203\365"
 843      25B588C1 
 843      5E4F4F1F 
 843      829C3332 
 843      9332FD83 
 844 00d3 F38BF593 		.ascii	"\363\213\365\223\363ss\363\363\364\213K\022\213JJ\013"
 844      F37373F3 
 844      F3F48B4B 
 844      128B4A4A 
 844      0B
 845 00e4 F41D837C 		.ascii	"\364\035\203|\235}+@\242\005\2319\251E\305\372\356\316"
 845      9D7D2B40 
 845      A2059939 
 845      A945C5FA 
 845      EECE
 846 00f6 CEFAC945 		.ascii	"\316\372\311E%\206z\311\014\000g\013Z\314"
 846      25867AC9 
 846      0C00670B 
 846      5ACC
 847              		.text
 848              		.section	.gnu.lto___early_init.42.70663fa41536123b,"e",%progbits
 849 0000 789CCB63 		.ascii	"x\234\313c``\350\004be fdf`\2344\261\213\211\241\241"
 849      6060E804 
 849      62652066 
 849      6466609C 
 849      34B18B89 
 850 0016 A1C1819D 		.ascii	"\241\301\201\235\211\261qb\027'\343vF0\217\221\241\236"
 850      89B17162 
 850      1727E376 
 850      46308F91 
 850      A19E
 851 0028 89B19E71 		.ascii	"\211\261\236q!\263>\220\373\343\350\263\003\327%\032"
 851      21B33E90 
 851      FBE3E8B3 
 851      03D7251A 
 852 0038 561C607C 		.ascii	"V\034`|\305\300P\317\000\005\334\0206#\020\257\277\304"
 852      C5C050CF 
 852      0005DC10 
 852      362310AF 
 852      BFC4
 853 004a 7AA0E1CF 		.ascii	"z\240\341\317\377\376\206\206\263\213\031\255\230\030"
 853      FFFE8686 
 853      B38B19AD 
 853      9818
 854 0058 18E63183 		.ascii	"\030\3461\203\014m`al8\300\3000\237\231\011\302i\004"
 854      0C6D6061 
 854      6C38C0C0 
 854      309F9909 
 854      C26904
 855 006b 72BE3335 		.ascii	"r\27635(1\374gjR\000\2331\217\231\021\241\216\201\301"
ARM GAS  /tmp/cc4u9Ysl.s 			page 24


 855      2831FC67 
 855      6A52009B 
 855      318F9911 
 855      A18E81C1 
 856 007f 5D3F233F 		.ascii	"]?#?7U?;?\271\264H\277<3%5)1/E\327\310\330\320P\267"
 856      37553F3B 
 856      3FB9B448 
 856      BF3C3325 
 856      3529312F 
 857 009a 28352735 		.ascii	"(5'5\2618U?-\263(\267<\261(U?)?\261(\245X?\315 >7?\245"
 857      B138553F 
 857      2DB328B7 
 857      3CB12855 
 857      3F293FB1 
 858 00b8 34072490 		.ascii	"4\007$\220_\222\223\237\230\222Z\304`\257\247\247\017"
 858      5F92939F 
 858      98925AC4 
 858      60AFA7A7 
 858      0F
 859 00c9 41CE1999 		.ascii	"A\316\031\231I\231\376\301\372\371\305\372\311\371\271"
 859      4999FEC1 
 859      FAF9C5FA 
 859      C9F9B9
 860 00d8 B9F979FA 		.ascii	"\271\371y\372\305%\211E%\245\005\372\216A\276\316\276"
 860      C5258945 
 860      25A505FA 
 860      8E41BECE 
 860      BE
 861 00e9 1520D182 		.ascii	"\025 \321\202\314\234\324\242b}wgg\375\344\242\022C"
 861      CC9CD4A2 
 861      627D7767 
 861      67FDE4A2 
 861      1243
 862 00fb BD640600 		.ascii	"\275d\006\000\272\222Z\006"
 862      BA925A06 
 863              		.text
 864              		.section	.gnu.lto___late_init.43.70663fa41536123b,"e",%progbits
 865 0000 789CCB63 		.ascii	"x\234\313c``\350\004be fdf`\2344\261\213\211\241\241"
 865      6060E804 
 865      62652066 
 865      6466609C 
 865      34B18B89 
 866 0016 A1C1819D 		.ascii	"\241\301\201\235\211\261qb\027'\343vF0\217\221\241\236"
 866      89B17162 
 866      1727E376 
 866      46308F91 
 866      A19E
 867 0028 89B19E71 		.ascii	"\211\261\236q!\263>\220\373\343\350\263\005\267%\032"
 867      21B33E90 
 867      FBE3E8B3 
 867      05B7251A 
 868 0038 561C607C 		.ascii	"V\034`|\305\300P\317\000\005\334\0206#\020\257\277\304"
 868      C5C050CF 
 868      0005DC10 
 868      362310AF 
 868      BFC4
 869 004a 7AA0E1CF 		.ascii	"z\240\341\317\377\376\206\206\243\213\031-\231\030\030"
ARM GAS  /tmp/cc4u9Ysl.s 			page 25


 869      FFFE8686 
 869      A38B192D 
 869      991818
 870 0059 E631830C 		.ascii	"\3461\203\014m`al8\300\3000\237\231\011\302i\004r\276"
 870      6D60616C 
 870      38C0C030 
 870      9F9909C2 
 870      690472BE 
 871 006d 33352831 		.ascii	"35(1\374gjR\000\2331\217\231\021\241\216\201\301]?#"
 871      FC676A52 
 871      009B318F 
 871      9911A18E 
 871      81C15D3F 
 872 0082 3F37553F 		.ascii	"?7U?;?\271\264H\277<3%5)1/E\327\310\330\320P\267(5'"
 872      3B3FB9B4 
 872      48BF3C33 
 872      25352931 
 872      2F45D7C8 
 873 009d 35B13855 		.ascii	"5\2618U?-\263(\267<\261(U?)?\261(\245X?\315 >7?\245"
 873      3F2DB328 
 873      B73CB128 
 873      553F293F 
 873      B128A558 
 874 00b8 34072490 		.ascii	"4\007$\220_\222\223\237\230\222Z\304`\257\247\247\017"
 874      5F92939F 
 874      98925AC4 
 874      60AFA7A7 
 874      0F
 875 00c9 41CE1999 		.ascii	"A\316\031\231I\231\376\301\372\371\305\372\311\371\271"
 875      4999FEC1 
 875      FAF9C5FA 
 875      C9F9B9
 876 00d8 B9F979FA 		.ascii	"\271\371y\372\305%\211E%\245\005\372\216A\276\316\276"
 876      C5258945 
 876      25A505FA 
 876      8E41BECE 
 876      BE
 877 00e9 1520D182 		.ascii	"\025 \321\202\314\234\324\242b}wgg\375\344\242\022C"
 877      CC9CD4A2 
 877      627D7767 
 877      67FDE4A2 
 877      1243
 878 00fb BD640600 		.ascii	"\275d\006\000\231\223Y\341"
 878      999359E1 
 879              		.text
 880              		.section	.gnu.lto___default_exit.44.70663fa41536123b,"e",%progbits
 881 0000 789C458D 		.ascii	"x\234E\215\271N\303@\020\206g|(\202\360\000\274\000"
 881      B94EC340 
 881      1086677C 
 881      2882F000 
 881      BC00
 882 0012 6532181E 		.ascii	"e2\030\036\200 \027\251\"$x\000\344c\243X\330\331hm"
 882      802017A9 
 882      22247800 
 882      E463A358 
 882      D8D9686D 
 883 0026 2B74593A 		.ascii	"+tY:@B(\204\232\210\216\216\222\326\005Tt\364i@\242"
ARM GAS  /tmp/cc4u9Ysl.s 			page 26


 883      40422884 
 883      9A888E8E 
 883      92D60554 
 883      74F46940 
 884 003b A08186A3 		.ascii	"\240\201\206\243\210\004\2736\210\325\374\243o\377\271"
 884      8804BB36 
 884      88D5FCA3 
 884      6FFFB9
 885 004a 4E00E048 		.ascii	"N\000\340H\251\245\2046\340\331\370\330\000)e\253f\340"
 885      A9A58436 
 885      E0D9F8D8 
 885      002965AB 
 885      66E0
 886 005c 64BC5892 		.ascii	"d\274X\222\211\347\277d\341\304)\001ad\230\026\252\004"
 886      89E7BF64 
 886      E1C42901 
 886      61649816 
 886      AA04
 887 006e FFEFD224 		.ascii	"\377\357\322$U\374\272{~\233-\313\253\002_\000F\177"
 887      55FCBA7B 
 887      7E9B2DCB 
 887      AB025F00 
 887      467F
 888 0080 B57AC5A8 		.ascii	"\265z\305\250t\375`\027r\376}*\345\354\011\347+\312"
 888      74FD6017 
 888      72FE7D2A 
 888      E5EC09E7 
 888      2BCA
 889 0092 BA30E1F6 		.ascii	"\2720\341\366\365\320FYh6J>P<5M\265PZ\372\203\237\206"
 889      F5D04659 
 889      68364A3E 
 889      503C354D 
 889      B5505AFA 
 890 00a9 7C7CBF5F 		.ascii	"||\277_\300\033\004\215\037u\250\234%\320CV\325\210"
 890      C01B048D 
 890      1F75A89C 
 890      25D04356 
 890      D588
 891 00bb 0A116AFA 		.ascii	"\012\021j\372b\233z<a\264\307\203\\\3200\012\231\357"
 891      629B7A3C 
 891      61B4C783 
 891      5CD0300A 
 891      99EF
 892 00cd F5C3C6DA 		.ascii	"\365\303\306\332\272\3434\004\213\231\2272\352F\"\031"
 892      BAE33404 
 892      8B999732 
 892      EA462219 
 893 00dd 7A8291CF 		.ascii	"z\202\221\317=\021\246\324]\335Mx\230\307\332\340Y\314"
 893      3D11A6D4 
 893      5DDD4D78 
 893      98C7DAE0 
 893      59CC
 894 00ef BD9009D8 		.ascii	"\275\220\011\330h6\251\012\267\027\371\321\326\016\361"
 894      6836A90A 
 894      B717F9D1 
 894      D60EF1
 895 00fe 94029E24 		.ascii	"\224\002\236$\274Oi\346\211,\037\320\346v\307\355\354"
ARM GAS  /tmp/cc4u9Ysl.s 			page 27


 895      BC4F69E6 
 895      892C1FD0 
 895      E676C7ED 
 895      EC
 896 010f 6B7710C5 		.ascii	"kw\020\305L\244\324v]\012D\3464\003\370\001]<m\007"
 896      4CA4D476 
 896      5D0A44E6 
 896      3403F801 
 896      5D3C6D07 
 897              		.text
 898              		.section	.gnu.lto___init_ram_areas.45.70663fa41536123b,"e",%progbits
 899 0000 789C6D54 		.ascii	"x\234mT\355k[e\024\177\316s\236\233{\363jh7\364\213"
 899      ED6B5B65 
 899      147FCE73 
 899      9E9B7BF3 
 899      6A6837F4 
 900 0015 5045F083 		.ascii	"PE\360\203\254w\335T\342\247U\362a\237\246\240\177\200"
 900      AC77DD54 
 900      E2A755F2 
 900      619FA6A0 
 900      7F80
 901 0027 A64DE6C2 		.ascii	"\246M\346\302\232\335\354&\261b-\275\315\272\005Rh\233"
 901      9ADDEC26 
 901      B1622DBD 
 901      CDBA0552 
 901      689B
 902 0039 8DE1DC74 		.ascii	"\215\341\334t\331\030H\020Q'\352^\272va\263\026AS\330"
 902      D9184810 
 902      5127EA5E 
 902      BA7661B3 
 902      164153D8 
 903 004d E8AA386A 		.ascii	"\350\2528j-\370Z\030\235\365eLq\236\347\271I\232\302"
 903      2DF85A18 
 903      9DF5654C 
 903      719EE7B9 
 903      499AC2
 904 0060 2EB9CF3D 		.ascii	".\271\317=\367\234\337\371=\347w\236s3,\030;\303\030"
 904      F79CDFF9 
 904      3DE7779E 
 904      73332C18 
 904      3BC318
 905 0073 5BA11B82 		.ascii	"[\241\033\202\014\016\227\212\2349\216\323\255s8R\362"
 905      0C0E978A 
 905      9C398ED3 
 905      AD733852 
 905      F2
 906 0084 290BE168 		.ascii	")\013\341h\251\270p\3413\001UP\016\001G\3176`\032\037"
 906      A9B870E1 
 906      33015550 
 906      0E0147CF 
 906      36601A1F 
 907 0098 298D728A 		.ascii	")\215r\212\\[\275\033\021'&\226\341\203\361\203\272"
 907      5C5BBD1B 
 907      11272696 
 907      E183F183 
 907      BA
 908 00a9 F0C3B13C 		.ascii	"\360\303\261<\270\010\035\216\035~\327M4x\241\005\374"
ARM GAS  /tmp/cc4u9Ysl.s 			page 28


 908      B8081D8E 
 908      1D7ED74D 
 908      3478A105 
 908      FC
 909 00ba 5603ECE5 		.ascii	"V\003\354\345oO|\374\010LJPD\034'7\031\206\010\300\221"
 909      6F4F7CFC 
 909      084C4A50 
 909      441C2737 
 909      198608C0 
 910 00cf B36197C3 		.ascii	"\263a\227\303\007\303\245\342\334\344\243.\246[\007"
 910      07C3A5E2 
 910      DCE4A32E 
 910      A65B07
 911 00de 36C45168 		.ascii	"6\304Qh~\335\360\006|0$\220AU\200\276\2760\367\322\330"
 911      7EDDF006 
 911      7C302490 
 911      415580BE 
 911      BE30F7D2 
 912 00f3 FA65B4D8 		.ascii	"\372e\264\330\247\321$\236;3?M\334~\310\251T\3417\306"
 912      A7D1249E 
 912      3B333F4D 
 912      DC7EC8A9 
 912      54E137C6 
 913 0107 861A310D 		.ascii	"\206\0321\015<\355 h\335\014\035\032\030E \317\023U"
 913      3CED2068 
 913      DD0C1D1A 
 913      184520CF 
 913      1355
 914 0119 C7591D9D 		.ascii	"\307Y\035\235\035\013M\014\033\203\027a\350\002\234"
 914      1D0B4D0C 
 914      1B831761 
 914      E8029C
 915 0128 07891D83 		.ascii	"\007\211\035\203y\341g\223 \263\201\300\345&x\374\347"
 915      79E16793 
 915      20B381C0 
 915      E52678FC 
 915      E7
 916 0139 82040F4C 		.ascii	"\202\004\017L\265\202W\210\3268\335\300|4V(8\341\221"
 916      B5825788 
 916      D638DDC0 
 916      7C345628 
 916      38E191
 917 014c 8E81CBAD 		.ascii	"\216\201\313\255\230\037\210\260\012\323\300.\001\275"
 917      981F88B0 
 917      0AD3C02E 
 917      01BD
 918 015a 2D097223 		.ascii	"-\011r#\\\004\270\0140\005\037^\323\252\316\277\367"
 918      5C04B80C 
 918      30051F5E 
 918      D3AACEBF 
 918      F7
 919 016b C61D672E 		.ascii	"\306\035g.2u\351\226w\0230\216\234q\216t\013F8\215\021"
 919      3275E996 
 919      7713308E 
 919      9C718E74 
 919      0B46388D 
 920 0180 D2C308AB 		.ascii	"\322\303\010\253\313% _\203\322\012\311hXZmri\227\001"
ARM GAS  /tmp/cc4u9Ysl.s 			page 29


 920      CB25205F 
 920      83D20AC9 
 920      68585A6D 
 920      72699701 
 921 0194 C64E2293 		.ascii	"\306N\"\223G\000N\225\2612re\017\223\3757w\226\337\254"
 921      47004E95 
 921      B1327265 
 921      0F93FD37 
 921      7796DFAC 
 922 01a8 013DF3A7 		.ascii	"\001=\363\247r\222\026<\375\262\356\"=s\364|\037D\346"
 922      7292163C 
 922      FDB2EE22 
 922      3D73F47C 
 922      1F44E6
 923 01bb 2A5C0156 		.ascii	"*\\\001V\204C\216Sy\254\377sU~\031q\365n%R\247\310w"
 923      84438E53 
 923      79ACFF73 
 923      557E1971 
 923      F56E2552 
 924 01d2 CB3D5128 		.ascii	"\313=Q(\266\0235/\235\2362\337\251\371h\006\330?<?\375"
 924      B613352F 
 924      9D9E32DF 
 924      A9F96806 
 924      D83F3C3F 
 925 01e7 EB031820 		.ascii	"\353\003\030 \356AP\234t&\277<\270\377\325/\200==B\023"
 925      EE41509C 
 925      7426BF3C 
 925      B8FFD52F 
 925      803D3D42 
 926 01fc 60CD428A 		.ascii	"`\315B\212)\242S;\250Z\014\250\354r\2157R\203\365\244"
 926      29A2533B 
 926      A85A0CA8 
 926      EC728D37 
 926      5283F5A4 
 927 0210 4A6BD297 		.ascii	"Jk\322\227\260\267\2314\005\030TI\237R\022+\240P\345"
 927      B0B79934 
 927      05185449 
 927      9F52122B 
 927      A050E5
 928 0223 DE9939E0 		.ascii	"\336\2319\340%\025\374\275\307\251\"\014\005\026\377"
 928      2515FCBD 
 928      C7A9220C 
 928      0516FF
 929 0232 5C326441 		.ascii	"\\2dAe\024\245\203\013\263\330\354\300\271\032\312\255"
 929      6514A583 
 929      0BB3D8EC 
 929      C0B91ACA 
 929      AD
 930 0243 8E8FFE08 		.ascii	"\216\217\376\010([0\000L\355g$\263_\221^\012\375^\234"
 930      285B3000 
 930      4CED6724 
 930      B35F915E 
 930      0AFD5E9C 
 931 0257 AFD78D49 		.ascii	"\257\327\215I\233|\350*<\037\242\340\201O\016\315\000"
 931      9B7CE82A 
 931      3C1FA2E0 
 931      814F0ECD 
ARM GAS  /tmp/cc4u9Ysl.s 			page 30


 931      00
 932 0268 B6A107CE 		.ascii	"\266\241\007\316\251Fv\310r\332T|R\021\023\340k\300"
 932      A94676C8 
 932      72DA547C 
 932      521113E0 
 932      6BC0
 933 027a 76D49A00 		.ascii	"v\324\232\000\022\331\256\332\250\021\245#Z\372H\251"
 933      12D9AEDA 
 933      A811A523 
 933      5AFA48A9 
 934 028a 1E32B984 		.ascii	"\0362\271\204h\256\244\261qh\266q3\362z/\214\226V\314"
 934      68AEA4B1 
 934      7168B671 
 934      33F27A2F 
 934      8C9656CC 
 935 029e C12BC4F6 		.ascii	"\301+\304\366\027\037Y\274\372:r\"`\262\011\032\006"
 935      171F59BC 
 935      FA3A7222 
 935      60B2091A 
 935      06
 936 02af F0D6ED37 		.ascii	"\360\326\3557\260],\256\305\013\350\301 \376G\257m\242"
 936      B05D2CAE 
 936      C50BE8C1 
 936      20FE47AF 
 936      6DA2
 937 02c1 B6F6320D 		.ascii	"\266\3662\015\204_\235\240\354\206\276\261\033\363n"
 937      845F9DA0 
 937      EC86BEB1 
 937      1BF36E
 938 02d0 37FEA804 		.ascii	"7\376\250\004\033\212\323\244\330\223\0047|c]s\030\365"
 938      1B8AD3A4 
 938      D8930437 
 938      7C635D73 
 938      18F5
 939 02e2 56CD6125 		.ascii	"V\315a%\311\270\217$]e^\337\250\004\357\243\344:$\326"
 939      C9B88F24 
 939      5D655EDF 
 939      A804EFA3 
 939      E43A24D6 
 940 02f6 9520EAAE 		.ascii	"\225 \352\256\022\035=~\3010\254O7O\320\3332\177\316"
 940      121D3D7E 
 940      C130AC4F 
 940      374FD0DB 
 940      327FCE
 941 0309 F2776A56 		.ascii	"\362wjV\334\242B(\350\303\016\273U\321X\206\024\342"
 941      DCA24228 
 941      E8C30EBB 
 941      55D15886 
 941      14E2
 942 031b 7BB937CD 		.ascii	"{\2717\315%Q\337\214b\210\016\371&\003c\343\240/\310"
 942      2551DF8C 
 942      62880EF9 
 942      260363E3 
 942      A02FC8
 943 032e 41D72042 		.ascii	"A\327 B\225T\036\336\377\015\334\220\263\356\016\376"
 943      95541EDE 
 943      FF0DDC90 
ARM GAS  /tmp/cc4u9Ysl.s 			page 31


 943      B3EE0EFE 
 944 033e A6C16FC1 		.ascii	"\246\301o\301\375\3338\211\201++g\272T\343|\315\357"
 944      FDDB3889 
 944      812B2B67 
 944      BA54E37C 
 944      CDEF
 945 0350 E81ECF2F 		.ascii	"\350\036\317/\255=W\007@\363Scl\247\271\307J%\314\275"
 945      AD3D5707 
 945      40F35363 
 945      6CA7B9C7 
 945      4A25CCBD 
 946 0364 566FCE36 		.ascii	"Vo\3166\373\223\361DOl_|\313\266\355]][\354D_\"\226"
 946      FB93F144 
 946      4F6C5F7C 
 946      CBB6ED5D 
 946      5D5BEC44 
 947 037b 4998BB93 		.ascii	"I\230\273\223v\252?f'\314\036+f\3073\346\356\255/\245"
 947      76AA3F66 
 947      27CC1E2B 
 947      66C733E6 
 947      EEAD2FA5 
 948 038f AC78AE4F 		.ascii	"\254x\256O:\254l\237\025\213'l\266\243\263\323t\177"
 948      3AAC6C9F 
 948      158B276C 
 948      B6A3B3D3 
 948      747F
 949 03a1 D13DC99E 		.ascii	"\321=\311\236\344\363/\232V\306\354\265R)k\237\231\311"
 949      E4F32F9A 
 949      56C6ECB5 
 949      52296B9F 
 949      99C9
 950 03b3 C6EC6C2E 		.ascii	"\306\354l.m>\373\302\256\350\256\327\2447\235\354K\330"
 950      6D3EFBC2 
 950      AEE8AED7 
 950      A4379DEC 
 950      4BD8
 951 03c5 19736734 		.ascii	"\031sg4j\366\332\331\256\316^\206v,\035v\355\316\255"
 951      6AF6DAD9 
 951      AECE5E86 
 951      762C1D76 
 951      EDCEAD
 952 03d8 4FC5E24F 		.ascii	"O\305\342On\333\376\014\2034\317\246\377\007\225\367"
 952      6EDBFE0C 
 952      8334CFA6 
 952      FF0795F7 
 953 03e8 D59C     		.ascii	"\325\234"
 954              		.text
 955              		.section	.gnu.lto_.symbol_nodes.70663fa41536123b,"e",%progbits
 956 0000 789C6DCA 		.ascii	"x\234m\312GNBa\030\205\341C\2714\351U\220r\351]@i\012"
 956      474E4261 
 956      1885E143 
 956      B934E955 
 956      9072E95D 
 957 0017 4A603FAC 		.ascii	"J`?\254\341\277\014H\230\301J\\\000#\232H\323\255\270"
 957      E1BF0C48 
 957      98C14A5C 
 957      00239A48 
ARM GAS  /tmp/cc4u9Ysl.s 			page 32


 957      D3ADB8
 958 002a 05B86742 		.ascii	"\005\270gBB\370&O\2767g\250\001\240\315\013\203r9\275"
 958      42F8264F 
 958      BE3767A8 
 958      01A0CD0B 
 958      837239BD 
 959 003e 66F60708 		.ascii	"f\366\007\010`\256\214\330\013\302x\267\027\205\351"
 959      60AE8CD8 
 959      0BC278B7 
 959      1785E9
 960 004d 6E2F09F3 		.ascii	"n/\011\363\346\177\"]s_\255ea\371\232\216\2157c)\367"
 960      E67F225D 
 960      735FAD65 
 960      61F99A8E 
 960      8D376329 
 961 0062 A00C009D 		.ascii	"\240\014\000\235\364l\225\325\267b#U;\2519\310\213\223"
 961      F46C95D5 
 961      B7622355 
 961      3BA939C8 
 961      8B93
 962 0074 BCBA48DD 		.ascii	"\274\272H\335M\032\036\322\364\222\226\217\264\375\344"
 962      4D1A1ED2 
 962      F492968F 
 962      B4FDE4
 963 0083 2D40DE1F 		.ascii	"-@\336\037I'H\272!\362\361D>\303\244\027!\013D\351\022"
 963      492748BA 
 963      21F2F144 
 963      3EC3A417 
 963      210B44E9 
 964 0098 31BA824C 		.ascii	"1\272\202L\327\210\323\015\022\364\033I\272E\212\376"
 964      D788D30D 
 964      12F41B49 
 964      BA458AFE 
 965 00a8 204D77C8 		.ascii	" Mw\310\320=\262\364\200\034=\"OO(\320_\024Uq\006\351"
 965      D03DB2F4 
 965      801C3D22 
 965      4F4F28D0 
 965      5F145571 
 966 00be D33786   		.ascii	"\3237\206"
 967              		.text
 968              		.section	.gnu.lto_.refs.70663fa41536123b,"e",%progbits
 969 0000 789C05C1 		.ascii	"x\234\005\301i\032B`\030\000\300\367\231|h\221\222h"
 969      691A4260 
 969      1800C0F7 
 969      997C6891 
 969      9268
 970 0012 A7C52F67 		.ascii	"\247\305/gq\377\3534\263D\204LZ\2054\307\230\344\012"
 970      71FFEB34 
 970      B344844C 
 970      5A8534C7 
 970      98E40A
 971 0025 A5B58DAD 		.ascii	"\245\265\215\255\235\312^\355\340\250q\322:\353\364"
 971      9DCA5EED 
 971      E0A871D2 
 971      3AEBF4
 972 0034 2EAE6EEE 		.ascii	".\256n\356\036\236^\006\243\267\217\257\237)\376\200"
 972      1E9E5E06 
ARM GAS  /tmp/cc4u9Ysl.s 			page 33


 972      A3B78FAF 
 972      9F29FE80 
 973 0044 6803A5   		.ascii	"h\003\245"
 974              		.text
 975              		.section	.gnu.lto_.decls.70663fa41536123b,"e",%progbits
 976 0000 789CA596 		.ascii	"x\234\245\226oPT\327\031\306\317\271{\201\263\260\201"
 976      6F5054D7 
 976      19C6CFB9 
 976      7B81B3B0 
 976      81
 977 0011 35312D4D 		.ascii	"51-Mm\207\351dZ\306D\226\345\357\364K\233\016\037\234"
 977      6D87E964 
 977      5AC64496 
 977      E5EFF44B 
 977      9B0E1F9C 
 978 0025 619A66DA 		.ascii	"a\232f\332N?\345\303\235\025\326\221\021X\273,\325|"
 978      4E3FE5C3 
 978      9D15D691 
 978      1158BB2C 
 978      D57C
 979 0037 3BBB8BB0 		.ascii	";\273\213\260\374)Y\210u\326\2558\353\352 F\213\240"
 979      FC295988 
 979      75D6AD38 
 979      EBEA2046 
 979      8BA0
 980 0049 A10A1558 		.ascii	"\241\012\025XY@4JX\264HD\311\006j\002F\020P\010E\012"
 980      5940344A 
 980      58B44844 
 980      C9066A02 
 980      46105008 
 981 005f 7DCFDDEB 		.ascii	"}\317\335\353\011\027\372\255;<p\357y\177\3179\317y"
 981      0917FAAD 
 981      3B3C70EF 
 981      797FCF39 
 981      CF79
 982 0071 CFBD3BE8 		.ascii	"\317\275;\350c\021:\251Ah\010#\264\016\237\030\204\320"
 982      63113AA9 
 982      41680823 
 982      B40E9F18 
 982      84D0
 983 0083 1DD0DBA0 		.ascii	"\035\320\333\240n\320 \250\013t\033\364\031\250\023"
 983      6ED020A8 
 983      0B741BF4 
 983      19A813
 984 0092 340A1A03 		.ascii	"4\012\032\003\215\203&A\217@\263\2409\320\002\3509h"
 984      8D832641 
 984      8F40B3A0 
 984      39D002E8 
 984      3968
 985 00a4 09B40C5A 		.ascii	"\011\264\014Z\001\255\202\326@\010\326\020@\"(\032D"
 985      01AD82D6 
 985      4008D610 
 985      4022281A 
 985      44
 986 00b5 40B1201D 		.ascii	"@\261 \035(\036\244\007\275\012\332\016\372\036(\021"
 986      281EA407 
 986      BD0ADA0E 
ARM GAS  /tmp/cc4u9Ysl.s 			page 34


 986      FA1E2811 
 987 00c5 F4066807 		.ascii	"\364\006h\007\350\307\240$\320O@o\202~\012J\006\355"
 987      E8C7A024 
 987      D04F406F 
 987      827E0A4A 
 987      06ED
 988 00d7 04BD0D4A 		.ascii	"\004\275\015J\001=\004\375L\311\233\242\214\357T8\226"
 988      013D04FD 
 988      4CC99BA2 
 988      8CEF5438 
 988      96
 989 00e8 FF26E83A 		.ascii	"\377&\350:\350\006h\000E\346xS\2313IYc\207\262f\242"
 989      E8066800 
 989      45E67853 
 989      99334959 
 989      6387B266 
 990 00fd 9261BB92 		.ascii	"\222a\273\222I\257d\324)\231\211\262\007Q\331\023\333"
 990      49AF64D4 
 990      299989B2 
 990      0751D913 
 990      DB
 991 010e DB9AB2D7 		.ascii	"\333\232\262\327\025e\357KJ/\026\224\336\314\200Z\261"
 991      1565EF4B 
 991      4A2F1694 
 991      DECC805A 
 991      B1
 992 011f 8CCA3DBC 		.ascii	"\214\312=\274\254\\\263^v*\327\254\247\327\225k\326"
 992      AC5CB35E 
 992      762AD7AC 
 992      A7D7956B 
 992      D6
 993 0130 DB4FD9BA 		.ascii	"\333O\331\272J\217_\236\005\333\243\001Gz>\263\341l"
 993      4A8F5F9E 
 993      05DBA301 
 993      477A3EB3 
 993      E16C
 994 0142 5EEEAF73 		.ascii	"^\356\257s\303\036\243_\303b\364\3538):\031\263\343"
 994      C31EA35F 
 994      C362F4EB 
 994      38293A19 
 994      B3E3
 995 0154 4D80BF88 		.ascii	"M\200\277\210\010(\223\312\037\377\036\364\017\266\022"
 995      082893CA 
 995      1FFF1EF4 
 995      0FB612
 996 0163 42B93AF2 		.ascii	"B\271:\362>\022\205\346o&\302\261\011\001J\347h\240"
 996      3E1285E6 
 996      6F26C2B1 
 996      09014AE7 
 996      68A0
 997 0175 4C8BAE60 		.ascii	"L\213\256`\310\330\211\223\257\342\016\334\216E\241"
 997      C8D88993 
 997      AFE20EDC 
 997      8E45A1
 998 0184 717EF06C 		.ascii	"q~\360l\3546\271\354\353\021\273\260\\G\335\254\017"
 998      EC36B9EC 
 998      EB11BBB0 
ARM GAS  /tmp/cc4u9Ysl.s 			page 35


 998      5C47DDAC 
 998      0F
 999 0195 C24C97E3 		.ascii	"\302L\227\343\201\300k\335J-\200\345\014\204\344#bA"
 999      81C06BDD 
 999      4A2D80E5 
 999      0C84E423 
 999      6241
 1000 01a7 E40376A3 		.ascii	"\344\003v\243\207@\024\023\027Fb\354\213\313'g\022v"
 1000      87401413 
 1000      174662EC 
 1000      8BCB2767 
 1000      1276
 1001 01b9 C227119C 		.ascii	"\302'\021\234\313c7\307'\177\330q\205\322\312\304n\034"
 1001      CB6337C7 
 1001      277FD871 
 1001      85D2CAC4 
 1001      6E1C
 1002 01cb C4B79449 		.ascii	"\304\267\224I\214\010\222 \000Z\376\0155\255\256\033"
 1002      8C089220 
 1002      005AFE0D 
 1002      35ADAE1B 
 1003 01db 5FE7B56B 		.ascii	"_\347\265k\230\027\227\225b\217\252\230.\327f\225Z\357"
 1003      98179795 
 1003      628FAA98 
 1003      2ED76695 
 1003      5AEF
 1004 01ed C649D311 		.ascii	"\306I\323\021\364\240\214\322\200\210\372q\037\214\335"
 1004      F4A08CD2 
 1004      8088FA71 
 1004      1F8CDD
 1005 01fc C257F1A7 		.ascii	"\302W\361\247x\000\337\3047X[H\203\000\033\233\352\257"
 1005      7800DFC4 
 1005      37585B48 
 1005      83001B9B 
 1005      EAAF
 1006 020e 9D8B4E64 		.ascii	"\235\213Ndd\200\223\267\361&T\024:\006\252Z1\337\377"
 1006      648093B7 
 1006      F1265414 
 1006      3A06AA5A 
 1006      31DFFF
 1007 0221 A0B2CA67 		.ascii	"\240\262\312gro\372\272W\276xE\256\005\266\364\255\351"
 1007      726FFABA 
 1007      57BE7845 
 1007      AE05B6F4 
 1007      ADE9
 1008 0233 624547CC 		.ascii	"bEG\314<\206\371\007h\300\336K\334\376)\332B\351\001"
 1008      3C86F907 
 1008      68C0DE4B 
 1008      DCFE29DA 
 1008      42E901
 1009 0246 DA3FE5F1 		.ascii	"\332?\345\361\226O\271\266\3259\240\326\342\242ox`\330"
 1009      964FB9B6 
 1009      D539A0D6 
 1009      E2A26F78 
 1009      60D8
 1010 0258 EB0DBB05 		.ascii	"\353\015\273\005\237\206\245\246\324\251\243\237\300"
 1010      9F86A5A6 
ARM GAS  /tmp/cc4u9Ysl.s 			page 36


 1010      D4A9A39F 
 1010      C0
 1011 0265 1FC73EEA 		.ascii	"\037\307>\352,g\3675\211>g\344`\2070\015\224\323\226"
 1011      2C67F735 
 1011      893E67E4 
 1011      6087300D 
 1011      94D396
 1012 0278 40B43F48 		.ascii	"@\264?H\313=\364\327\336\236~\035\014\273\355_\265\037"
 1012      CB3DF4D7 
 1012      DE9E7E1D 
 1012      0CBBED5F 
 1012      B51F
 1013 028a F286FBA8 		.ascii	"\362\206\373\250\267l\000\373a\343v\037\255\371\001"
 1013      B76C00FB 
 1013      61E3761F 
 1013      ADF901
 1014 0299 14FE4CCB 		.ascii	"\024\376L\313\\v\235}bz\316\347\013\314\212P\241n_/"
 1014      5C769D7D 
 1014      627ACEE7 
 1014      0BCC8A50 
 1014      A16E5F2F 
 1015 02ad DD5607BF 		.ascii	"\335V\007\277\334\216@\3656;\320'\035e\024S\177\257"
 1015      DC8E40F5 
 1015      363BD027 
 1015      1D651453 
 1015      7FAF
 1016 02bf CB0DD2D7 		.ascii	"\313\015\322\327\371\003\264\316_F\030\302\022\352a"
 1016      F903B4CE 
 1016      5F4618C2 
 1016      12EA61
 1017 02ce 2E971B82 		.ascii	".\227\033\202\351\355\315p\0137\030\246p\001B\365\324"
 1017      E9EDCD70 
 1017      0B3718A6 
 1017      700142F5 
 1017      D4
 1018 02df 07797D01 		.ascii	"\007y}\001\227\036\346\242ut\300\205\353z\230\273\027"
 1018      971EE6A2 
 1018      7574C085 
 1018      EB7A98BB 
 1018      17
 1019 02f0 76E70F54 		.ascii	"v\347\017T\327\301\352\260M\200\005\267\203\246\312"
 1019      D7C1EAB0 
 1019      4D8005B7 
 1019      83A6CA
 1020 02ff 0F244C21 		.ascii	"\017$L!\320$J\337\021\205\211\205g\035d\201u\350\364"
 1020      D0244ADF 
 1020      11858985 
 1020      671D6481 
 1020      75E8F4
 1021 0312 99175AF4 		.ascii	"\231\027Z\364\272\373\035\204R\365\244_@$\304\016\250"
 1021      BAFB1D84 
 1021      52F5A45F 
 1021      4024C40E 
 1021      A8
 1022 0323 E5F86A88 		.ascii	"\345\370j\210h\021\272\033y\326\004x\274\364\242pv\371"
 1022      6811BA1B 
 1022      79D60478 
ARM GAS  /tmp/cc4u9Ysl.s 			page 37


 1022      BCF4A270 
 1022      76F9
 1023 0335 4150B303 		.ascii	"AP\263\003LO(\335\376\030\335\303#P\036\305h^>\255\301"
 1023      4C4F28DD 
 1023      FE18DDC3 
 1023      23501EC5 
 1023      685E3EAD 
 1024 034a 9ED3C3BA 		.ascii	"\236\323\303\272d\217\233\316\035\353\373c\223\033\326"
 1024      648F9BCE 
 1024      1DEBFB63 
 1024      931BD6
 1025 0359 19C577E0 		.ascii	"\031\305w\340H\021\372'Fw0\032\306!\234\373a\024\031"
 1025      4811FA27 
 1025      4677301A 
 1025      C6219CFB 
 1025      611419
 1026 036c D9BC8028 		.ascii	"\331\274\200(\364\367\324\365j\230\265\345\352\341\012"
 1026      F4F7D4F5 
 1026      6A98B5E5 
 1026      EAE10A
 1027 037b AA77D829 		.ascii	"\252w\330)\025G\361}\331<\206\321}\305\\\031E&\267\232"
 1027      1547F17D 
 1027      D93C86D1 
 1027      7DC55C19 
 1027      4526B79A 
 1028 038f 977D5337 		.ascii	"\227}S7\265\262\371\376\006\363C\331<\216\331W\230l"
 1028      B5B2F9FE 
 1028      06F343D9 
 1028      3C8ED957 
 1028      986C
 1029 03a1 764691A7 		.ascii	"vF\221\247\260\27556\301\364\324\335\261\004\230\340"
 1029      B0BD3536 
 1029      C1F4D4DD 
 1029      B10498E0 
 1030 03b1 4B7982C9 		.ascii	"Ky\202\311\312\320Umd\272\011x#?\037>\326\252M\276\002"
 1030      CAD0556D 
 1030      64BA0978 
 1030      233F1F3E 
 1030      D6AA4DBE 
 1031 03c6 F33DDD30 		.ascii	"\363=\3350_X\236o\022\243\2602\337\013\221Th\300m\277"
 1031      5F589E6F 
 1031      12A3B032 
 1031      DF0B9154 
 1031      68C06DBF 
 1032 03da 70CD139D 		.ascii	"p\315\023\235\354\361\320\226\312\012\206S\031\177$"
 1032      ECF1D096 
 1032      CA0A8653 
 1032      197F24
 1033 03e9 E3F025A3 		.ascii	"\343\360%\243\3207D\342\321\260VR\314^U\002W1\242\340"
 1033      D03744E2 
 1033      D1B05652 
 1033      CC5E5502 
 1033      5731A2E0 
 1034 03fd FD82D6C5 		.ascii	"\375\202\326\305%P\345\273\341\265\3103\374\015F\306"
 1034      2550E5BB 
 1034      E1B5C833 
 1034      FC0D46C6 
ARM GAS  /tmp/cc4u9Ysl.s 			page 38


 1035 040d C790C3FD 		.ascii	"\307\220\303\375\237\201i!Q\375:\375\217\227$\030Z\334"
 1035      9F816921 
 1035      51FD3AFD 
 1035      8F972418 
 1035      5ADC
 1036 041f FFFD08E5 		.ascii	"\377\375\010\345\023\236\340i<\005\3433\230M\003\325"
 1036      139EE069 
 1036      3C05E333 
 1036      984D03D5 
 1037 042f 85C7F60C 		.ascii	"\205\307\366\014^\035TW\337:\002g\325\031|\317\215g"
 1037      5E1D5457 
 1037      DF3A0267 
 1037      D5197CCF 
 1037      8D67
 1038 0441 F1D7306D 		.ascii	"\361\3270m\244\3705\306m8\267S$~\266\273\2135\301K\232"
 1038      A4F835C6 
 1038      6D38B753 
 1038      247EB6BB 
 1038      8B35C14B 
 1039 0456 B7462161 		.ascii	"\267F!a\345\251\252Z\212\335\270\013\317\001\033\211"
 1039      E5A9AA5A 
 1039      8ADDB80B 
 1039      CF011B89 
 1040 0466 3A8751EE 		.ascii	":\207Q\356\000&m\214<\\}xU\307\310\241\333W(|\321u\341"
 1040      00266D8C 
 1040      3C5C7D78 
 1040      55C7C8A1 
 1040      DB57287C 
 1041 047d 05CE2D00 		.ascii	"\005\316-\000w\007\223 \343\316}y~$F\346\236(\334s\316"
 1041      77079320 
 1041      E3CE7D79 
 1041      7E2446E6 
 1041      9E28DC73 
 1042 0492 3D076E1C 		.ascii	"=\007n\034\223a\306=\256m\232\214p5\316\212\200\036"
 1042      9361C63D 
 1042      AE6D9A8C 
 1042      7035CE8A 
 1042      801E
 1043 04a4 5EF125CE 		.ascii	"^\361%\316-\0017\215\311\004\343\326\227>\252\210\223"
 1043      2D01378D 
 1043      C904E3D6 
 1043      973EAA88 
 1043      93
 1044 04b5 13D6F084 		.ascii	"\023\326\360\204\313\234\\\006\3629&\213\214l\\h\035"
 1044      CB9C5C06 
 1044      F239268B 
 1044      8C6C5C68 
 1044      1D
 1045 04c6 8A56255C 		.ascii	"\212V%\\\341\334\012p\353\2308E\340.-\204\210*\340*"
 1045      E1DC0A70 
 1045      EB983845 
 1045      E02E2D84 
 1045      882AE02A 
 1046 04da C75601AB 		.ascii	"\307V\001\253\022H=\303z\317\327\364\253\003\256qn\015"
 1046      12483DC3 
 1046      7ACFD7F4 
 1046      AB03AE71 
ARM GAS  /tmp/cc4u9Ysl.s 			page 39


 1046      6E0D
 1047 04ec B8BF08C4 		.ascii	"\270\277\010\304\317\270G\015\243\017\343\345\200\037"
 1047      CFB8470D 
 1047      A30FE3E5 
 1047      801F
 1048 04fa F2805478 		.ascii	"\362\200TxIR\001\345\372\004\322\306\310\013G\307\206"
 1048      495201E5 
 1048      FA04D2C6 
 1048      C80B47C7 
 1048      86
 1049 050b 882AA083 		.ascii	"\210*\240\203s\016\340\316\011$\310\270\261n\347\230"
 1049      730EE0CE 
 1049      0924C8B8 
 1049      B16EE798 
 1050 051b 3A6119E7 		.ascii	":a\031\347\312\200\373\273@\206\031\327~\352L\273V\225"
 1050      CA80FBBB 
 1050      408619D7 
 1050      7EEA4CBB 
 1050      5695
 1051 052d B09C73E5 		.ascii	"\260\234s\345\300]\023\310\004\343Z\303\027\377\225"
 1051      C05D13C8 
 1051      04E35AC3 
 1051      17FF95
 1052 053c 2027F4F2 		.ascii	" '\364\362\204.N\272\200\274%\220EF\256\207_\334\025"
 1052      842E4EBA 
 1052      80BC2590 
 1052      4546AE87 
 1052      5FDC15
 1053 054f 5509AB38 		.ascii	"U\011\2538W\005\334=\2018\243\200;Z\275\364#U\300\032"
 1053      5705DC3D 
 1053      8138A380 
 1053      3B5ABDF4 
 1053      2355C01A 
 1054 0563 8ED50036 		.ascii	"\216\325\0006\001-d\330G\025m#\361\252\200\265\234\253"
 1054      012D64D8 
 1054      47156D23 
 1054      F1AA80B5 
 1054      9CAB
 1055 0575 056E065A 		.ascii	"\005n\006Z\310\270\320\347\327\236\312\313\3165\360"
 1055      C8B8D0E7 
 1055      D79ECACB 
 1055      CE35F0
 1056 0584 806E4EBA 		.ascii	"\200nN\272\201\\\206\0262\322q\266\273>N\025\260\236"
 1056      815C8616 
 1056      32D271B6 
 1056      BB3E4E15 
 1056      B09E
 1057 0596 73F5C039 		.ascii	"s\365\30095$\310\270g\241\256yA\225\360\010\347\216"
 1057      3524C8B8 
 1057      67A1AE79 
 1057      4195F008 
 1057      E78E
 1058 05a8 0057AB21 		.ascii	"\000W\253!\303\214;\341h?BT\011\217r\356(p\3074d\202"
 1058      C38C3BE1 
 1058      683F4254 
 1058      098F72EE 
 1058      2870C734 
ARM GAS  /tmp/cc4u9Ysl.s 			page 40


 1059 05be 71671A2E 		.ascii	"qg\032.uD\311\011\233xB\017'=@\236\326\220EF\266\257"
 1059      7544C909 
 1059      9B78420F 
 1059      273D409E 
 1059      D6904546 
 1060 05d4 398735AA 		.ascii	"9\2075\252\204^\316y\201\273\240!\316h\340\226\272C"
 1060      845ECE79 
 1060      81BBA021 
 1060      CE68E096 
 1060      BA43
 1061 05e6 BF55053C 		.ascii	"\277U\005<\316\261\343\200uhH=\303\302+\247\236\305"
 1061      CEB1E380 
 1061      7568483D 
 1061      C3C22BA7 
 1061      9EC5
 1062 05f8 AA029EE0 		.ascii	"\252\002\236\340\334\011\340\3724\304\317\270\320b\343"
 1062      DC09E0FA 
 1062      34C4CFB8 
 1062      D062E3
 1063 0607 E5C85378 		.ascii	"\345\310Sx\216\007\364q\322\007\344\220\206\2641\322"
 1063      8E07F471 
 1063      D207E490 
 1063      86B431D2 
 1064 0617 7322F0AD 		.ascii	"s\"\360\255\240\012\350\347\234\037\2701h!\343\276\015"
 1064      A00AE8E7 
 1064      9C1FB831 
 1064      6821E3BE 
 1064      0D
 1065 0628 9F9A543F 		.ascii	"\237\232T?\205\2479w\032\270\257\240\205\214{\340\353"
 1065      85A73977 
 1065      1AB8AFA0 
 1065      858C7BE0 
 1065      EB
 1066 0639 BA1EAD4A 		.ascii	"\272\036\255J\330\310\271F\340\346\241\205\214\233u"
 1066      D8C8B946 
 1066      E0E6A185 
 1066      8C9B75
 1067 0648 FDAD3A72 		.ascii	"\375\255:r\310\315<a\023'\233\200\\\205\0262\3229r\266"
 1067      C8CD3C61 
 1067      13279B80 
 1067      5C851632 
 1067      D23972B6 
 1068 065c 597DC81F 		.ascii	"Y}\310\037s\356c\340*D\342\214\001n`8\030\216R%<\317"
 1068      73EE63E0 
 1068      2A44E28C 
 1068      016E6038 
 1068      188E5225 
 1069 0672 B9F3C0D5 		.ascii	"\271\363\300\325\213\244\236q\243\177m^\217S%l\346\\"
 1069      8BA49E71 
 1069      A37F6D5E 
 1069      8F53256C 
 1069      E65C
 1070 0684 33700DA2 		.ascii	"3p\015\242(\334[\\\036\327\360\377Ef\225j\213\000\337"
 1070      28DC5B5C 
 1070      1ED7F0FF 
 1070      4566956A 
 1070      8B00DF
ARM GAS  /tmp/cc4u9Ysl.s 			page 41


 1071 0697 C1BF4849 		.ascii	"\301\277HI1D~r\366\025\354)x\357\367\006K\211!\317R"
 1071      31447E72 
 1071      F615EC29 
 1071      78EFF706 
 1071      4B8921CF 
 1072 06ac 54642936 		.ascii	"Td)6\224\330LV[\351\001\303\257~\367n\316\273\207\330"
 1072      94D84C56 
 1072      5BE901C3 
 1072      AF7EF76E 
 1072      CEBB87D8 
 1073 06c0 E8818242 		.ascii	"\350\201\202B\263\265\304\260;'\307\220g\265\031S\362"
 1073      B3B5C4B0 
 1073      3B27C790 
 1073      67B51953 
 1073      F2
 1074 06d1 C8EEDFFC 		.ascii	"\310\356\337\374!)\307\230\215\364\221\373\224\324L"
 1074      2129C798 
 1074      8DF491FB 
 1074      94D44C
 1075 06e0 537E465A 		.ascii	"S~FZ\372\317\021)-(\266\245\247I\266\330\274B\263\311"
 1075      FACF1129 
 1075      2D28B6A5 
 1075      A749B6D8 
 1075      BC42B3C9 
 1076 06f4 2A99AC66 		.ascii	"*\231\254f\223\266\240\270\300&_\305\313W6\363\241\310"
 1076      93B6A0B8 
 1076      C0265FC5 
 1076      CB5736F3 
 1076      A1C8
 1077 0706 ADAED822 		.ascii	"\255\256\330\"\361\332n\303>K\221\331\260\337\222Wj"
 1077      F1DA6EC3 
 1077      3E4B91D9 
 1077      B0DF9257 
 1077      6A
 1078 0717 351C2CC8 		.ascii	"5\034,\3107\3571\025\347\357JK7\032wY\3150W\211\331"
 1078      37EF3115 
 1078      E7EF4A4B 
 1078      371A7759 
 1078      CD305789 
 1079 072c B0B7C05A 		.ascii	"\260\267\300Zt\020X\303\036\213\311\232_b\330\233*\025"
 1079      741058C3 
 1079      1E8BC99A 
 1079      5F62D89B 
 1079      2A15
 1080 073e 59F24B0B 		.ascii	"Y\362K\013\331\200\305Vh1\345\233\255\350\227\377\337"
 1080      D980C556 
 1080      6831E59B 
 1080      ADE897FF 
 1080      DF
 1081 074f D65082D5 		.ascii	"\326P\202\325T\364]*\311\2461f!\255\311Z\364\247\254"
 1081      54F45D2A 
 1081      C9A63166 
 1081      21ADC95A 
 1081      F4A7AC
 1082 0762 925D4528 		.ascii	"\222]E(6\317b\205\374\273\212RQ\254$\345\035(\225Q\361"
 1082      36CF6285 
 1082      FCBB8A52 
ARM GAS  /tmp/cc4u9Ysl.s 			page 42


 1082      51AC24E5 
 1082      1D289551 
 1083 0777 A0D9B45F 		.ascii	"\240\331\264_'I\260\343\302\017\344\2218I*4\331\314"
 1083      2749B0E3 
 1083      C20FE491 
 1083      38492A34 
 1083      D9CC
 1084 0789 F275BC24 		.ascii	"\362u\274$\345\233\367\232J\013m\222\371P\201\215\024"
 1084      E59BF79A 
 1084      4A0B6D92 
 1084      F950818D 
 1084      14
 1085 079a 5BAC665B 		.ascii	"[\254f[\251\265X/E\326a\013\262\265J\264\374\352U\211"
 1085      A9B5582F 
 1085      45D6610B 
 1085      B2B54AB4 
 1085      FCEA5589 
 1086 07ae 8DA64ADF 		.ascii	"\215\246J\337\365Kze\343\220\024\257\334E\272,%(\267"
 1086      F54B7A65 
 1086      E39014AF 
 1086      DC45BA2C 
 1086      2528B7
 1087 07c1 C5964839 		.ascii	"\305\226H9\3427n\365\033U~\243\332o\334"
 1087      E2376EF5 
 1087      1B557EA3 
 1087      DA6FDC
 1088 07d0 E44FDBEA 		.ascii	"\344O\333\352OS\371\323\324\376\264M\376\364\255\376"
 1088      4F53F9D3 
 1088      D4FEB44D 
 1088      FEF4ADFE 
 1089 07e0 74953F5D 		.ascii	"t\225?]\355O\337\344\317\330\352\317P\3713\324\376\214"
 1089      ED4FDFE4 
 1089      CFD8EACF 
 1089      50F933D4 
 1089      FE8C
 1090 07f2 4DFECCAD 		.ascii	"M\376\314\255\376L\225?S\355\317\334\344\317\332\352"
 1090      FE4C953F 
 1090      53EDCFDC 
 1090      E4CFDAEA 
 1091 0802 CF52F9B3 		.ascii	"\317R\371\263\324\376\254M\376\354\255\376l\225?[\355"
 1091      D4FEAC4D 
 1091      FEECADFE 
 1091      6C953F5B 
 1091      ED
 1092 0813 CFE6FEFF 		.ascii	"\317\346\376\377\002\335\275M\243"
 1092      02DDBD4D 
 1092      A3
 1093              		.text
 1094              		.section	.gnu.lto_.symtab.70663fa41536123b,"e",%progbits
 1095 0000 5F5F6370 		.ascii	"__cpu_init\000"
 1095      755F696E 
 1095      697400
 1096 000b 00       		.ascii	"\000"
 1097 000c 01       		.ascii	"\001"
 1098 000d 00       		.ascii	"\000"
 1099 000e 00000000 		.ascii	"\000\000\000\000\000\000\000\000"
 1099      00000000 
ARM GAS  /tmp/cc4u9Ysl.s 			page 43


 1100 0016 D8000000 		.ascii	"\330\000\000\000"
 1101 001a 5F5F6561 		.ascii	"__early_init\000"
 1101      726C795F 
 1101      696E6974 
 1101      00
 1102 0027 00       		.ascii	"\000"
 1103 0028 01       		.ascii	"\001"
 1104 0029 00       		.ascii	"\000"
 1105 002a 00000000 		.ascii	"\000\000\000\000\000\000\000\000"
 1105      00000000 
 1106 0032 DB000000 		.ascii	"\333\000\000\000"
 1107 0036 5F5F6C61 		.ascii	"__late_init\000"
 1107      74655F69 
 1107      6E697400 
 1108 0042 00       		.ascii	"\000"
 1109 0043 01       		.ascii	"\001"
 1110 0044 00       		.ascii	"\000"
 1111 0045 00000000 		.ascii	"\000\000\000\000\000\000\000\000"
 1111      00000000 
 1112 004d DE000000 		.ascii	"\336\000\000\000"
 1113 0051 5F5F6465 		.ascii	"__default_exit\000"
 1113      6661756C 
 1113      745F6578 
 1113      697400
 1114 0060 00       		.ascii	"\000"
 1115 0061 01       		.ascii	"\001"
 1116 0062 00       		.ascii	"\000"
 1117 0063 00000000 		.ascii	"\000\000\000\000\000\000\000\000"
 1117      00000000 
 1118 006b E3000000 		.ascii	"\343\000\000\000"
 1119 006f 5F5F696E 		.ascii	"__init_ram_areas\000"
 1119      69745F72 
 1119      616D5F61 
 1119      72656173 
 1119      00
 1120 0080 00       		.ascii	"\000"
 1121 0081 00       		.ascii	"\000"
 1122 0082 00       		.ascii	"\000"
 1123 0083 00000000 		.ascii	"\000\000\000\000\000\000\000\000"
 1123      00000000 
 1124 008b E5000000 		.ascii	"\345\000\000\000"
 1125 008f 5F5F7261 		.ascii	"__ram0_init_text__\000"
 1125      6D305F69 
 1125      6E69745F 
 1125      74657874 
 1125      5F5F00
 1126 00a2 00       		.ascii	"\000"
 1127 00a3 02       		.ascii	"\002"
 1128 00a4 00       		.ascii	"\000"
 1129 00a5 00000000 		.ascii	"\000\000\000\000\000\000\000\000"
 1129      00000000 
 1130 00ad F0000000 		.ascii	"\360\000\000\000"
 1131 00b1 5F5F7261 		.ascii	"__ram0_init__\000"
 1131      6D305F69 
 1131      6E69745F 
 1131      5F00
 1132 00bf 00       		.ascii	"\000"
ARM GAS  /tmp/cc4u9Ysl.s 			page 44


 1133 00c0 02       		.ascii	"\002"
 1134 00c1 00       		.ascii	"\000"
 1135 00c2 00000000 		.ascii	"\000\000\000\000\000\000\000\000"
 1135      00000000 
 1136 00ca F2000000 		.ascii	"\362\000\000\000"
 1137 00ce 5F5F7261 		.ascii	"__ram0_clear__\000"
 1137      6D305F63 
 1137      6C656172 
 1137      5F5F00
 1138 00dd 00       		.ascii	"\000"
 1139 00de 02       		.ascii	"\002"
 1140 00df 00       		.ascii	"\000"
 1141 00e0 00000000 		.ascii	"\000\000\000\000\000\000\000\000"
 1141      00000000 
 1142 00e8 F4000000 		.ascii	"\364\000\000\000"
 1143 00ec 5F5F7261 		.ascii	"__ram0_noinit__\000"
 1143      6D305F6E 
 1143      6F696E69 
 1143      745F5F00 
 1144 00fc 00       		.ascii	"\000"
 1145 00fd 02       		.ascii	"\002"
 1146 00fe 00       		.ascii	"\000"
 1147 00ff 00000000 		.ascii	"\000\000\000\000\000\000\000\000"
 1147      00000000 
 1148 0107 F6000000 		.ascii	"\366\000\000\000"
 1149 010b 5F5F7261 		.ascii	"__ram1_init_text__\000"
 1149      6D315F69 
 1149      6E69745F 
 1149      74657874 
 1149      5F5F00
 1150 011e 00       		.ascii	"\000"
 1151 011f 02       		.ascii	"\002"
 1152 0120 00       		.ascii	"\000"
 1153 0121 00000000 		.ascii	"\000\000\000\000\000\000\000\000"
 1153      00000000 
 1154 0129 F8000000 		.ascii	"\370\000\000\000"
 1155 012d 5F5F7261 		.ascii	"__ram1_init__\000"
 1155      6D315F69 
 1155      6E69745F 
 1155      5F00
 1156 013b 00       		.ascii	"\000"
 1157 013c 02       		.ascii	"\002"
 1158 013d 00       		.ascii	"\000"
 1159 013e 00000000 		.ascii	"\000\000\000\000\000\000\000\000"
 1159      00000000 
 1160 0146 FA000000 		.ascii	"\372\000\000\000"
 1161 014a 5F5F7261 		.ascii	"__ram1_clear__\000"
 1161      6D315F63 
 1161      6C656172 
 1161      5F5F00
 1162 0159 00       		.ascii	"\000"
 1163 015a 02       		.ascii	"\002"
 1164 015b 00       		.ascii	"\000"
 1165 015c 00000000 		.ascii	"\000\000\000\000\000\000\000\000"
 1165      00000000 
 1166 0164 FC000000 		.ascii	"\374\000\000\000"
 1167 0168 5F5F7261 		.ascii	"__ram1_noinit__\000"
ARM GAS  /tmp/cc4u9Ysl.s 			page 45


 1167      6D315F6E 
 1167      6F696E69 
 1167      745F5F00 
 1168 0178 00       		.ascii	"\000"
 1169 0179 02       		.ascii	"\002"
 1170 017a 00       		.ascii	"\000"
 1171 017b 00000000 		.ascii	"\000\000\000\000\000\000\000\000"
 1171      00000000 
 1172 0183 FE000000 		.ascii	"\376\000\000\000"
 1173 0187 5F5F7261 		.ascii	"__ram2_init_text__\000"
 1173      6D325F69 
 1173      6E69745F 
 1173      74657874 
 1173      5F5F00
 1174 019a 00       		.ascii	"\000"
 1175 019b 02       		.ascii	"\002"
 1176 019c 00       		.ascii	"\000"
 1177 019d 00000000 		.ascii	"\000\000\000\000\000\000\000\000"
 1177      00000000 
 1178 01a5 00010000 		.ascii	"\000\001\000\000"
 1179 01a9 5F5F7261 		.ascii	"__ram2_init__\000"
 1179      6D325F69 
 1179      6E69745F 
 1179      5F00
 1180 01b7 00       		.ascii	"\000"
 1181 01b8 02       		.ascii	"\002"
 1182 01b9 00       		.ascii	"\000"
 1183 01ba 00000000 		.ascii	"\000\000\000\000\000\000\000\000"
 1183      00000000 
 1184 01c2 02010000 		.ascii	"\002\001\000\000"
 1185 01c6 5F5F7261 		.ascii	"__ram2_clear__\000"
 1185      6D325F63 
 1185      6C656172 
 1185      5F5F00
 1186 01d5 00       		.ascii	"\000"
 1187 01d6 02       		.ascii	"\002"
 1188 01d7 00       		.ascii	"\000"
 1189 01d8 00000000 		.ascii	"\000\000\000\000\000\000\000\000"
 1189      00000000 
 1190 01e0 04010000 		.ascii	"\004\001\000\000"
 1191 01e4 5F5F7261 		.ascii	"__ram2_noinit__\000"
 1191      6D325F6E 
 1191      6F696E69 
 1191      745F5F00 
 1192 01f4 00       		.ascii	"\000"
 1193 01f5 02       		.ascii	"\002"
 1194 01f6 00       		.ascii	"\000"
 1195 01f7 00000000 		.ascii	"\000\000\000\000\000\000\000\000"
 1195      00000000 
 1196 01ff 06010000 		.ascii	"\006\001\000\000"
 1197 0203 5F5F7261 		.ascii	"__ram3_init_text__\000"
 1197      6D335F69 
 1197      6E69745F 
 1197      74657874 
 1197      5F5F00
 1198 0216 00       		.ascii	"\000"
 1199 0217 02       		.ascii	"\002"
ARM GAS  /tmp/cc4u9Ysl.s 			page 46


 1200 0218 00       		.ascii	"\000"
 1201 0219 00000000 		.ascii	"\000\000\000\000\000\000\000\000"
 1201      00000000 
 1202 0221 08010000 		.ascii	"\010\001\000\000"
 1203 0225 5F5F7261 		.ascii	"__ram3_init__\000"
 1203      6D335F69 
 1203      6E69745F 
 1203      5F00
 1204 0233 00       		.ascii	"\000"
 1205 0234 02       		.ascii	"\002"
 1206 0235 00       		.ascii	"\000"
 1207 0236 00000000 		.ascii	"\000\000\000\000\000\000\000\000"
 1207      00000000 
 1208 023e 0A010000 		.ascii	"\012\001\000\000"
 1209 0242 5F5F7261 		.ascii	"__ram3_clear__\000"
 1209      6D335F63 
 1209      6C656172 
 1209      5F5F00
 1210 0251 00       		.ascii	"\000"
 1211 0252 02       		.ascii	"\002"
 1212 0253 00       		.ascii	"\000"
 1213 0254 00000000 		.ascii	"\000\000\000\000\000\000\000\000"
 1213      00000000 
 1214 025c 0C010000 		.ascii	"\014\001\000\000"
 1215 0260 5F5F7261 		.ascii	"__ram3_noinit__\000"
 1215      6D335F6E 
 1215      6F696E69 
 1215      745F5F00 
 1216 0270 00       		.ascii	"\000"
 1217 0271 02       		.ascii	"\002"
 1218 0272 00       		.ascii	"\000"
 1219 0273 00000000 		.ascii	"\000\000\000\000\000\000\000\000"
 1219      00000000 
 1220 027b 0E010000 		.ascii	"\016\001\000\000"
 1221 027f 5F5F7261 		.ascii	"__ram4_init_text__\000"
 1221      6D345F69 
 1221      6E69745F 
 1221      74657874 
 1221      5F5F00
 1222 0292 00       		.ascii	"\000"
 1223 0293 02       		.ascii	"\002"
 1224 0294 00       		.ascii	"\000"
 1225 0295 00000000 		.ascii	"\000\000\000\000\000\000\000\000"
 1225      00000000 
 1226 029d 10010000 		.ascii	"\020\001\000\000"
 1227 02a1 5F5F7261 		.ascii	"__ram4_init__\000"
 1227      6D345F69 
 1227      6E69745F 
 1227      5F00
 1228 02af 00       		.ascii	"\000"
 1229 02b0 02       		.ascii	"\002"
 1230 02b1 00       		.ascii	"\000"
 1231 02b2 00000000 		.ascii	"\000\000\000\000\000\000\000\000"
 1231      00000000 
 1232 02ba 12010000 		.ascii	"\022\001\000\000"
 1233 02be 5F5F7261 		.ascii	"__ram4_clear__\000"
 1233      6D345F63 
ARM GAS  /tmp/cc4u9Ysl.s 			page 47


 1233      6C656172 
 1233      5F5F00
 1234 02cd 00       		.ascii	"\000"
 1235 02ce 02       		.ascii	"\002"
 1236 02cf 00       		.ascii	"\000"
 1237 02d0 00000000 		.ascii	"\000\000\000\000\000\000\000\000"
 1237      00000000 
 1238 02d8 14010000 		.ascii	"\024\001\000\000"
 1239 02dc 5F5F7261 		.ascii	"__ram4_noinit__\000"
 1239      6D345F6E 
 1239      6F696E69 
 1239      745F5F00 
 1240 02ec 00       		.ascii	"\000"
 1241 02ed 02       		.ascii	"\002"
 1242 02ee 00       		.ascii	"\000"
 1243 02ef 00000000 		.ascii	"\000\000\000\000\000\000\000\000"
 1243      00000000 
 1244 02f7 16010000 		.ascii	"\026\001\000\000"
 1245 02fb 5F5F7261 		.ascii	"__ram5_init_text__\000"
 1245      6D355F69 
 1245      6E69745F 
 1245      74657874 
 1245      5F5F00
 1246 030e 00       		.ascii	"\000"
 1247 030f 02       		.ascii	"\002"
 1248 0310 00       		.ascii	"\000"
 1249 0311 00000000 		.ascii	"\000\000\000\000\000\000\000\000"
 1249      00000000 
 1250 0319 18010000 		.ascii	"\030\001\000\000"
 1251 031d 5F5F7261 		.ascii	"__ram5_init__\000"
 1251      6D355F69 
 1251      6E69745F 
 1251      5F00
 1252 032b 00       		.ascii	"\000"
 1253 032c 02       		.ascii	"\002"
 1254 032d 00       		.ascii	"\000"
 1255 032e 00000000 		.ascii	"\000\000\000\000\000\000\000\000"
 1255      00000000 
 1256 0336 1A010000 		.ascii	"\032\001\000\000"
 1257 033a 5F5F7261 		.ascii	"__ram5_clear__\000"
 1257      6D355F63 
 1257      6C656172 
 1257      5F5F00
 1258 0349 00       		.ascii	"\000"
 1259 034a 02       		.ascii	"\002"
 1260 034b 00       		.ascii	"\000"
 1261 034c 00000000 		.ascii	"\000\000\000\000\000\000\000\000"
 1261      00000000 
 1262 0354 1C010000 		.ascii	"\034\001\000\000"
 1263 0358 5F5F7261 		.ascii	"__ram5_noinit__\000"
 1263      6D355F6E 
 1263      6F696E69 
 1263      745F5F00 
 1264 0368 00       		.ascii	"\000"
 1265 0369 02       		.ascii	"\002"
 1266 036a 00       		.ascii	"\000"
 1267 036b 00000000 		.ascii	"\000\000\000\000\000\000\000\000"
ARM GAS  /tmp/cc4u9Ysl.s 			page 48


 1267      00000000 
 1268 0373 1E010000 		.ascii	"\036\001\000\000"
 1269 0377 5F5F7261 		.ascii	"__ram6_init_text__\000"
 1269      6D365F69 
 1269      6E69745F 
 1269      74657874 
 1269      5F5F00
 1270 038a 00       		.ascii	"\000"
 1271 038b 02       		.ascii	"\002"
 1272 038c 00       		.ascii	"\000"
 1273 038d 00000000 		.ascii	"\000\000\000\000\000\000\000\000"
 1273      00000000 
 1274 0395 20010000 		.ascii	" \001\000\000"
 1275 0399 5F5F7261 		.ascii	"__ram6_init__\000"
 1275      6D365F69 
 1275      6E69745F 
 1275      5F00
 1276 03a7 00       		.ascii	"\000"
 1277 03a8 02       		.ascii	"\002"
 1278 03a9 00       		.ascii	"\000"
 1279 03aa 00000000 		.ascii	"\000\000\000\000\000\000\000\000"
 1279      00000000 
 1280 03b2 22010000 		.ascii	"\"\001\000\000"
 1281 03b6 5F5F7261 		.ascii	"__ram6_clear__\000"
 1281      6D365F63 
 1281      6C656172 
 1281      5F5F00
 1282 03c5 00       		.ascii	"\000"
 1283 03c6 02       		.ascii	"\002"
 1284 03c7 00       		.ascii	"\000"
 1285 03c8 00000000 		.ascii	"\000\000\000\000\000\000\000\000"
 1285      00000000 
 1286 03d0 24010000 		.ascii	"$\001\000\000"
 1287 03d4 5F5F7261 		.ascii	"__ram6_noinit__\000"
 1287      6D365F6E 
 1287      6F696E69 
 1287      745F5F00 
 1288 03e4 00       		.ascii	"\000"
 1289 03e5 02       		.ascii	"\002"
 1290 03e6 00       		.ascii	"\000"
 1291 03e7 00000000 		.ascii	"\000\000\000\000\000\000\000\000"
 1291      00000000 
 1292 03ef 26010000 		.ascii	"&\001\000\000"
 1293 03f3 5F5F7261 		.ascii	"__ram7_init_text__\000"
 1293      6D375F69 
 1293      6E69745F 
 1293      74657874 
 1293      5F5F00
 1294 0406 00       		.ascii	"\000"
 1295 0407 02       		.ascii	"\002"
 1296 0408 00       		.ascii	"\000"
 1297 0409 00000000 		.ascii	"\000\000\000\000\000\000\000\000"
 1297      00000000 
 1298 0411 28010000 		.ascii	"(\001\000\000"
 1299 0415 5F5F7261 		.ascii	"__ram7_init__\000"
 1299      6D375F69 
 1299      6E69745F 
ARM GAS  /tmp/cc4u9Ysl.s 			page 49


 1299      5F00
 1300 0423 00       		.ascii	"\000"
 1301 0424 02       		.ascii	"\002"
 1302 0425 00       		.ascii	"\000"
 1303 0426 00000000 		.ascii	"\000\000\000\000\000\000\000\000"
 1303      00000000 
 1304 042e 2A010000 		.ascii	"*\001\000\000"
 1305 0432 5F5F7261 		.ascii	"__ram7_clear__\000"
 1305      6D375F63 
 1305      6C656172 
 1305      5F5F00
 1306 0441 00       		.ascii	"\000"
 1307 0442 02       		.ascii	"\002"
 1308 0443 00       		.ascii	"\000"
 1309 0444 00000000 		.ascii	"\000\000\000\000\000\000\000\000"
 1309      00000000 
 1310 044c 2C010000 		.ascii	",\001\000\000"
 1311 0450 5F5F7261 		.ascii	"__ram7_noinit__\000"
 1311      6D375F6E 
 1311      6F696E69 
 1311      745F5F00 
 1312 0460 00       		.ascii	"\000"
 1313 0461 02       		.ascii	"\002"
 1314 0462 00       		.ascii	"\000"
 1315 0463 00000000 		.ascii	"\000\000\000\000\000\000\000\000"
 1315      00000000 
 1316 046b 2E010000 		.ascii	".\001\000\000"
 1317              		.text
 1318              		.section	.gnu.lto_.ext_symtab.70663fa41536123b,"e",%progbits
 1319 0000 01       		.ascii	"\001"
 1320 0001 01       		.ascii	"\001"
 1321 0002 00       		.ascii	"\000"
 1322 0003 01       		.ascii	"\001"
 1323 0004 00       		.ascii	"\000"
 1324 0005 01       		.ascii	"\001"
 1325 0006 00       		.ascii	"\000"
 1326 0007 01       		.ascii	"\001"
 1327 0008 00       		.ascii	"\000"
 1328 0009 01       		.ascii	"\001"
 1329 000a 00       		.ascii	"\000"
 1330 000b 02       		.ascii	"\002"
 1331 000c 01       		.ascii	"\001"
 1332 000d 02       		.ascii	"\002"
 1333 000e 01       		.ascii	"\001"
 1334 000f 02       		.ascii	"\002"
 1335 0010 01       		.ascii	"\001"
 1336 0011 02       		.ascii	"\002"
 1337 0012 01       		.ascii	"\001"
 1338 0013 02       		.ascii	"\002"
 1339 0014 01       		.ascii	"\001"
 1340 0015 02       		.ascii	"\002"
 1341 0016 01       		.ascii	"\001"
 1342 0017 02       		.ascii	"\002"
 1343 0018 01       		.ascii	"\001"
 1344 0019 02       		.ascii	"\002"
 1345 001a 01       		.ascii	"\001"
 1346 001b 02       		.ascii	"\002"
ARM GAS  /tmp/cc4u9Ysl.s 			page 50


 1347 001c 01       		.ascii	"\001"
 1348 001d 02       		.ascii	"\002"
 1349 001e 01       		.ascii	"\001"
 1350 001f 02       		.ascii	"\002"
 1351 0020 01       		.ascii	"\001"
 1352 0021 02       		.ascii	"\002"
 1353 0022 01       		.ascii	"\001"
 1354 0023 02       		.ascii	"\002"
 1355 0024 01       		.ascii	"\001"
 1356 0025 02       		.ascii	"\002"
 1357 0026 01       		.ascii	"\001"
 1358 0027 02       		.ascii	"\002"
 1359 0028 01       		.ascii	"\001"
 1360 0029 02       		.ascii	"\002"
 1361 002a 01       		.ascii	"\001"
 1362 002b 02       		.ascii	"\002"
 1363 002c 01       		.ascii	"\001"
 1364 002d 02       		.ascii	"\002"
 1365 002e 01       		.ascii	"\001"
 1366 002f 02       		.ascii	"\002"
 1367 0030 01       		.ascii	"\001"
 1368 0031 02       		.ascii	"\002"
 1369 0032 01       		.ascii	"\001"
 1370 0033 02       		.ascii	"\002"
 1371 0034 01       		.ascii	"\001"
 1372 0035 02       		.ascii	"\002"
 1373 0036 01       		.ascii	"\001"
 1374 0037 02       		.ascii	"\002"
 1375 0038 01       		.ascii	"\001"
 1376 0039 02       		.ascii	"\002"
 1377 003a 01       		.ascii	"\001"
 1378 003b 02       		.ascii	"\002"
 1379 003c 01       		.ascii	"\001"
 1380 003d 02       		.ascii	"\002"
 1381 003e 01       		.ascii	"\001"
 1382 003f 02       		.ascii	"\002"
 1383 0040 01       		.ascii	"\001"
 1384 0041 02       		.ascii	"\002"
 1385 0042 01       		.ascii	"\001"
 1386 0043 02       		.ascii	"\002"
 1387 0044 01       		.ascii	"\001"
 1388 0045 02       		.ascii	"\002"
 1389 0046 01       		.ascii	"\001"
 1390 0047 02       		.ascii	"\002"
 1391 0048 01       		.ascii	"\001"
 1392 0049 02       		.ascii	"\002"
 1393 004a 01       		.ascii	"\001"
 1394              		.text
 1395              		.section	.gnu.lto_.opts,"e",%progbits
 1396 0000 272D666E 		.ascii	"'-fno-openmp' '-fno-openacc' '-fno-pie' '-fcf-prote"
 1396      6F2D6F70 
 1396      656E6D70 
 1396      2720272D 
 1396      666E6F2D 
 1397 0033 6374696F 		.ascii	"ction=none' '-g' '-mcpu=cortex-m0' '-mthumb' '-mflo"
 1397      6E3D6E6F 
 1397      6E652720 
ARM GAS  /tmp/cc4u9Ysl.s 			page 51


 1397      272D6727 
 1397      20272D6D 
 1398 0066 61742D61 		.ascii	"at-abi=soft' '-mlibarch=armv6s-m' '-march=armv6s-m'"
 1398      62693D73 
 1398      6F667427 
 1398      20272D6D 
 1398      6C696261 
 1399 0099 20272D4F 		.ascii	" '-Os' '-fomit-frame-pointer' '-falign-functions=16"
 1399      73272027 
 1399      2D666F6D 
 1399      69742D66 
 1399      72616D65 
 1400 00cc 2720272D 		.ascii	"' '-fsingle-precision-constant' '-ffunction-section"
 1400      6673696E 
 1400      676C652D 
 1400      70726563 
 1400      6973696F 
 1401 00ff 73272027 		.ascii	"s' '-fdata-sections' '-fno-common' '-flto' '-Xassem"
 1401      2D666461 
 1401      74612D73 
 1401      65637469 
 1401      6F6E7327 
 1402 0132 626C6572 		.ascii	"bler' '-alms=./build/lst/crt1.lst'\000"
 1402      2720272D 
 1402      616C6D73 
 1402      3D2E2F62 
 1402      75696C64 
 1403              		.text
 1404              		.comm	__gnu_lto_slim,1,1
 1405              		.ident	"GCC: (Arm GNU Toolchain 11.3.Rel1) 11.3.1 20220712"
ARM GAS  /tmp/cc4u9Ysl.s 			page 52


DEFINED SYMBOLS
                            *ABS*:0000000000000000 crt1.c
     /tmp/cc4u9Ysl.s:21     .gnu.debuglto_.debug_info:0000000000000000 crt1.c.05ad4239
                            *COM*:0000000000000001 __gnu_lto_slim

NO UNDEFINED SYMBOLS
