ARM GAS  /tmp/ccnZwusH.s 			page 1


   1              		.cpu cortex-m0
   2              		.arch armv6s-m
   3              		.fpu softvfp
   4              		.eabi_attribute 20, 1
   5              		.eabi_attribute 21, 1
   6              		.eabi_attribute 23, 3
   7              		.eabi_attribute 24, 1
   8              		.eabi_attribute 25, 1
   9              		.eabi_attribute 26, 1
  10              		.eabi_attribute 30, 4
  11              		.eabi_attribute 34, 0
  12              		.eabi_attribute 18, 4
  13              		.file	"hal.c"
  14              		.file 1 "../../../ChibiOS/os/hal/include/hal_st.h"
  15              		.file 2 "./cfg/board.h"
  16              		.file 3 "../../../ChibiOS/os/hal/include/hal_can.h"
  17              		.file 4 "../../../ChibiOS/os/hal/ports/STM32/LLD/GPIOv2/hal_pal_lld.h"
  18              		.file 5 "../../../ChibiOS/os/hal/ports/STM32/STM32F0xx/hal_lld.h"
  19              		.file 6 "../../../ChibiOS/os/hal/src/hal.c"
  20              		.file 7 "../../../ChibiOS/os/hal/osal/rt-nil/osal.h"
  21              		.section	.gnu.debuglto_.debug_info,"e",%progbits
  22              	.Ldebug_info0:
  23              		.hidden	hal.c.9a31febc
  24              		.weak	hal.c.9a31febc
  25              	hal.c.9a31febc:
  26 0000 AD000000 		.4byte	0xad
  27 0004 0500     		.2byte	0x5
  28 0006 01       		.byte	0x1
  29 0007 04       		.byte	0x4
  30 0008 00000000 		.4byte	.Ldebug_abbrev0
  31 000c 04       		.uleb128 0x4
  32 000d 49010000 		.4byte	.LASF17
  33 0011 1D       		.byte	0x1d
  34 0012 9E000000 		.4byte	.LASF18
  35 0016 40000000 		.4byte	.LASF19
  36 001a 00000000 		.4byte	.Ldebug_line0
  37 001e 05       		.uleb128 0x5
  38 001f 04       		.byte	0x4
  39 0020 05       		.byte	0x5
  40 0021 696E7400 		.ascii	"int\000"
  41 0025 01       		.uleb128 0x1
  42 0026 04       		.byte	0x4
  43 0027 07       		.byte	0x7
  44 0028 21000000 		.4byte	.LASF0
  45 002c 01       		.uleb128 0x1
  46 002d 08       		.byte	0x8
  47 002e 05       		.byte	0x5
  48 002f 00000000 		.4byte	.LASF1
  49 0033 01       		.uleb128 0x1
  50 0034 08       		.byte	0x8
  51 0035 04       		.byte	0x4
  52 0036 2B010000 		.4byte	.LASF2
  53 003a 01       		.uleb128 0x1
  54 003b 01       		.byte	0x1
  55 003c 06       		.byte	0x6
  56 003d 16010000 		.4byte	.LASF3
  57 0041 01       		.uleb128 0x1
ARM GAS  /tmp/ccnZwusH.s 			page 2


  58 0042 01       		.byte	0x1
  59 0043 08       		.byte	0x8
  60 0044 C0000000 		.4byte	.LASF4
  61 0048 01       		.uleb128 0x1
  62 0049 02       		.byte	0x2
  63 004a 05       		.byte	0x5
  64 004b 37010000 		.4byte	.LASF5
  65 004f 01       		.uleb128 0x1
  66 0050 02       		.byte	0x2
  67 0051 07       		.byte	0x7
  68 0052 0E000000 		.4byte	.LASF6
  69 0056 01       		.uleb128 0x1
  70 0057 04       		.byte	0x4
  71 0058 05       		.byte	0x5
  72 0059 F6000000 		.4byte	.LASF7
  73 005d 01       		.uleb128 0x1
  74 005e 04       		.byte	0x4
  75 005f 07       		.byte	0x7
  76 0060 2E000000 		.4byte	.LASF8
  77 0064 01       		.uleb128 0x1
  78 0065 08       		.byte	0x8
  79 0066 07       		.byte	0x7
  80 0067 87000000 		.4byte	.LASF9
  81 006b 01       		.uleb128 0x1
  82 006c 01       		.byte	0x1
  83 006d 08       		.byte	0x8
  84 006e DC000000 		.4byte	.LASF10
  85 0072 01       		.uleb128 0x1
  86 0073 01       		.byte	0x1
  87 0074 02       		.byte	0x2
  88 0075 F0000000 		.4byte	.LASF11
  89 0079 03       		.uleb128 0x3
  90 007a E1000000 		.4byte	.LASF12
  91 007e 01       		.byte	0x1
  92 007f 46       		.byte	0x46
  93 0080 02       		.uleb128 0x2
  94 0081 0C010000 		.4byte	.LASF13
  95 0085 02       		.byte	0x2
  96 0086 6002     		.2byte	0x260
  97 0088 03       		.uleb128 0x3
  98 0089 41010000 		.4byte	.LASF14
  99 008d 03       		.byte	0x3
 100 008e E1       		.byte	0xe1
 101 008f 02       		.uleb128 0x2
 102 0090 CE000000 		.4byte	.LASF15
 103 0094 04       		.byte	0x4
 104 0095 F201     		.2byte	0x1f2
 105 0097 02       		.uleb128 0x2
 106 0098 FF000000 		.4byte	.LASF16
 107 009c 05       		.byte	0x5
 108 009d E603     		.2byte	0x3e6
 109 009f 06       		.uleb128 0x6
 110 00a0 E8000000 		.4byte	.LASF20
 111 00a4 06       		.byte	0x6
 112 00a5 38       		.byte	0x38
 113 00a6 06       		.byte	0x6
 114 00a7 07       		.uleb128 0x7
ARM GAS  /tmp/ccnZwusH.s 			page 3


 115 00a8 22010000 		.4byte	.LASF21
 116 00ac 07       		.byte	0x7
 117 00ad 1202     		.2byte	0x212
 118 00af 14       		.byte	0x14
 119 00b0 00       		.byte	0
 120              		.section	.gnu.debuglto_.debug_abbrev,"e",%progbits
 121              	.Ldebug_abbrev0:
 122 0000 01       		.uleb128 0x1
 123 0001 24       		.uleb128 0x24
 124 0002 00       		.byte	0
 125 0003 0B       		.uleb128 0xb
 126 0004 0B       		.uleb128 0xb
 127 0005 3E       		.uleb128 0x3e
 128 0006 0B       		.uleb128 0xb
 129 0007 03       		.uleb128 0x3
 130 0008 0E       		.uleb128 0xe
 131 0009 00       		.byte	0
 132 000a 00       		.byte	0
 133 000b 02       		.uleb128 0x2
 134 000c 2E       		.uleb128 0x2e
 135 000d 00       		.byte	0
 136 000e 3F       		.uleb128 0x3f
 137 000f 19       		.uleb128 0x19
 138 0010 03       		.uleb128 0x3
 139 0011 0E       		.uleb128 0xe
 140 0012 3A       		.uleb128 0x3a
 141 0013 0B       		.uleb128 0xb
 142 0014 3B       		.uleb128 0x3b
 143 0015 05       		.uleb128 0x5
 144 0016 39       		.uleb128 0x39
 145 0017 21       		.uleb128 0x21
 146 0018 08       		.sleb128 8
 147 0019 27       		.uleb128 0x27
 148 001a 19       		.uleb128 0x19
 149 001b 3C       		.uleb128 0x3c
 150 001c 19       		.uleb128 0x19
 151 001d 00       		.byte	0
 152 001e 00       		.byte	0
 153 001f 03       		.uleb128 0x3
 154 0020 2E       		.uleb128 0x2e
 155 0021 00       		.byte	0
 156 0022 3F       		.uleb128 0x3f
 157 0023 19       		.uleb128 0x19
 158 0024 03       		.uleb128 0x3
 159 0025 0E       		.uleb128 0xe
 160 0026 3A       		.uleb128 0x3a
 161 0027 0B       		.uleb128 0xb
 162 0028 3B       		.uleb128 0x3b
 163 0029 0B       		.uleb128 0xb
 164 002a 39       		.uleb128 0x39
 165 002b 21       		.uleb128 0x21
 166 002c 08       		.sleb128 8
 167 002d 27       		.uleb128 0x27
 168 002e 19       		.uleb128 0x19
 169 002f 3C       		.uleb128 0x3c
 170 0030 19       		.uleb128 0x19
 171 0031 00       		.byte	0
ARM GAS  /tmp/ccnZwusH.s 			page 4


 172 0032 00       		.byte	0
 173 0033 04       		.uleb128 0x4
 174 0034 11       		.uleb128 0x11
 175 0035 01       		.byte	0x1
 176 0036 25       		.uleb128 0x25
 177 0037 0E       		.uleb128 0xe
 178 0038 13       		.uleb128 0x13
 179 0039 0B       		.uleb128 0xb
 180 003a 03       		.uleb128 0x3
 181 003b 0E       		.uleb128 0xe
 182 003c 1B       		.uleb128 0x1b
 183 003d 0E       		.uleb128 0xe
 184 003e 10       		.uleb128 0x10
 185 003f 17       		.uleb128 0x17
 186 0040 00       		.byte	0
 187 0041 00       		.byte	0
 188 0042 05       		.uleb128 0x5
 189 0043 24       		.uleb128 0x24
 190 0044 00       		.byte	0
 191 0045 0B       		.uleb128 0xb
 192 0046 0B       		.uleb128 0xb
 193 0047 3E       		.uleb128 0x3e
 194 0048 0B       		.uleb128 0xb
 195 0049 03       		.uleb128 0x3
 196 004a 08       		.uleb128 0x8
 197 004b 00       		.byte	0
 198 004c 00       		.byte	0
 199 004d 06       		.uleb128 0x6
 200 004e 2E       		.uleb128 0x2e
 201 004f 00       		.byte	0
 202 0050 3F       		.uleb128 0x3f
 203 0051 19       		.uleb128 0x19
 204 0052 03       		.uleb128 0x3
 205 0053 0E       		.uleb128 0xe
 206 0054 3A       		.uleb128 0x3a
 207 0055 0B       		.uleb128 0xb
 208 0056 3B       		.uleb128 0x3b
 209 0057 0B       		.uleb128 0xb
 210 0058 39       		.uleb128 0x39
 211 0059 0B       		.uleb128 0xb
 212 005a 27       		.uleb128 0x27
 213 005b 19       		.uleb128 0x19
 214 005c 00       		.byte	0
 215 005d 00       		.byte	0
 216 005e 07       		.uleb128 0x7
 217 005f 2E       		.uleb128 0x2e
 218 0060 00       		.byte	0
 219 0061 03       		.uleb128 0x3
 220 0062 0E       		.uleb128 0xe
 221 0063 3A       		.uleb128 0x3a
 222 0064 0B       		.uleb128 0xb
 223 0065 3B       		.uleb128 0x3b
 224 0066 05       		.uleb128 0x5
 225 0067 39       		.uleb128 0x39
 226 0068 0B       		.uleb128 0xb
 227 0069 27       		.uleb128 0x27
 228 006a 19       		.uleb128 0x19
ARM GAS  /tmp/ccnZwusH.s 			page 5


 229 006b 00       		.byte	0
 230 006c 00       		.byte	0
 231 006d 00       		.byte	0
 232              		.section	.gnu.debuglto_.debug_line,"e",%progbits
 233              	.Ldebug_line0:
 234 0000 68000000 		.4byte	.LELT0-.LSLT0
 235              	.LSLT0:
 236 0004 0500     		.2byte	0x5
 237 0006 04       		.byte	0x4
 238 0007 00       		.byte	0
 239 0008 60000000 		.4byte	.LELTP0-.LASLTP0
 240              	.LASLTP0:
 241 000c 01       		.byte	0x1
 242 000d 01       		.byte	0x1
 243 000e 01       		.byte	0x1
 244 000f F6       		.byte	0xf6
 245 0010 F2       		.byte	0xf2
 246 0011 0D       		.byte	0xd
 247 0012 00       		.byte	0
 248 0013 01       		.byte	0x1
 249 0014 01       		.byte	0x1
 250 0015 01       		.byte	0x1
 251 0016 01       		.byte	0x1
 252 0017 00       		.byte	0
 253 0018 00       		.byte	0
 254 0019 00       		.byte	0
 255 001a 01       		.byte	0x1
 256 001b 00       		.byte	0
 257 001c 00       		.byte	0
 258 001d 01       		.byte	0x1
 259 001e 01       		.byte	0x1
 260 001f 01       		.uleb128 0x1
 261 0020 1F       		.uleb128 0x1f
 262 0021 07       		.uleb128 0x7
 263 0022 39000000 		.4byte	.LASF22
 264 0026 1D010000 		.4byte	.LASF23
 265 002a 3D010000 		.4byte	.LASF24
 266 002e 0A000000 		.4byte	.LASF25
 267 0032 E9000000 		.4byte	.LASF26
 268 0036 C5000000 		.4byte	.LASF27
 269 003a 9F000000 		.4byte	.LASF28
 270 003e 02       		.byte	0x2
 271 003f 01       		.uleb128 0x1
 272 0040 1F       		.uleb128 0x1f
 273 0041 02       		.uleb128 0x2
 274 0042 0B       		.uleb128 0xb
 275 0043 08       		.uleb128 0x8
 276 0044 A3000000 		.4byte	.LASF29
 277 0048 00       		.byte	0
 278 0049 61010000 		.4byte	.LASF30
 279 004d 01       		.byte	0x1
 280 004e E1000000 		.4byte	.LASF31
 281 0052 06       		.byte	0x6
 282 0053 00000000 		.4byte	.LASF32
 283 0057 01       		.byte	0x1
 284 0058 91000000 		.4byte	.LASF33
 285 005c 03       		.byte	0x3
ARM GAS  /tmp/ccnZwusH.s 			page 6


 286 005d 80000000 		.4byte	.LASF34
 287 0061 04       		.byte	0x4
 288 0062 17010000 		.4byte	.LASF35
 289 0066 05       		.byte	0x5
 290 0067 8A000000 		.4byte	.LASF36
 291 006b 02       		.byte	0x2
 292              	.LELTP0:
 293              	.LELT0:
 294              		.section	.gnu.debuglto_.debug_str,"eMS",%progbits,1
 295              	.LASF1:
 296 0000 6C6F6E67 		.ascii	"long long int\000"
 296      206C6F6E 
 296      6720696E 
 296      7400
 297              	.LASF6:
 298 000e 73686F72 		.ascii	"short unsigned int\000"
 298      7420756E 
 298      7369676E 
 298      65642069 
 298      6E7400
 299              	.LASF0:
 300 0021 756E7369 		.ascii	"unsigned int\000"
 300      676E6564 
 300      20696E74 
 300      00
 301              	.LASF8:
 302 002e 6C6F6E67 		.ascii	"long unsigned int\000"
 302      20756E73 
 302      69676E65 
 302      6420696E 
 302      7400
 303              	.LASF19:
 304 0040 2F686F6D 		.ascii	"/home/kocur/wideband-2311-release/firmware/boards/f"
 304      652F6B6F 
 304      6375722F 
 304      77696465 
 304      62616E64 
 305 0073 305F6D6F 		.ascii	"0_module/bootloader\000"
 305      64756C65 
 305      2F626F6F 
 305      746C6F61 
 305      64657200 
 306              	.LASF9:
 307 0087 6C6F6E67 		.ascii	"long long unsigned int\000"
 307      206C6F6E 
 307      6720756E 
 307      7369676E 
 307      65642069 
 308              	.LASF18:
 309 009e 2E2E2F2E 		.ascii	"../../../ChibiOS/os/hal/src/hal.c\000"
 309      2E2F2E2E 
 309      2F436869 
 309      62694F53 
 309      2F6F732F 
 310              	.LASF4:
 311 00c0 756E7369 		.ascii	"unsigned char\000"
 311      676E6564 
ARM GAS  /tmp/ccnZwusH.s 			page 7


 311      20636861 
 311      7200
 312              	.LASF15:
 313 00ce 5F70616C 		.ascii	"_pal_lld_init\000"
 313      5F6C6C64 
 313      5F696E69 
 313      7400
 314              	.LASF10:
 315 00dc 63686172 		.ascii	"char\000"
 315      00
 316              	.LASF12:
 317 00e1 7374496E 		.ascii	"stInit\000"
 317      697400
 318              	.LASF20:
 319 00e8 68616C49 		.ascii	"halInit\000"
 319      6E697400 
 320              	.LASF11:
 321 00f0 5F426F6F 		.ascii	"_Bool\000"
 321      6C00
 322              	.LASF7:
 323 00f6 6C6F6E67 		.ascii	"long int\000"
 323      20696E74 
 323      00
 324              	.LASF16:
 325 00ff 68616C5F 		.ascii	"hal_lld_init\000"
 325      6C6C645F 
 325      696E6974 
 325      00
 326              	.LASF13:
 327 010c 626F6172 		.ascii	"boardInit\000"
 327      64496E69 
 327      7400
 328              	.LASF3:
 329 0116 7369676E 		.ascii	"signed char\000"
 329      65642063 
 329      68617200 
 330              	.LASF21:
 331 0122 6F73616C 		.ascii	"osalInit\000"
 331      496E6974 
 331      00
 332              	.LASF2:
 333 012b 6C6F6E67 		.ascii	"long double\000"
 333      20646F75 
 333      626C6500 
 334              	.LASF5:
 335 0137 73686F72 		.ascii	"short int\000"
 335      7420696E 
 335      7400
 336              	.LASF14:
 337 0141 63616E49 		.ascii	"canInit\000"
 337      6E697400 
 338              	.LASF17:
 339 0149 474E5520 		.ascii	"GNU C17 11.3.1 20220712 -mcpu=cortex-m0 -mthumb -mf"
 339      43313720 
 339      31312E33 
 339      2E312032 
 339      30323230 
ARM GAS  /tmp/ccnZwusH.s 			page 8


 340 017c 6C6F6174 		.ascii	"loat-abi=soft -march=armv6s-m -ggdb -Os -fomit-fram"
 340      2D616269 
 340      3D736F66 
 340      74202D6D 
 340      61726368 
 341 01af 652D706F 		.ascii	"e-pointer -falign-functions=16 -fsingle-precision-c"
 341      696E7465 
 341      72202D66 
 341      616C6967 
 341      6E2D6675 
 342 01e2 6F6E7374 		.ascii	"onstant -ffunction-sections -fdata-sections -fno-co"
 342      616E7420 
 342      2D666675 
 342      6E637469 
 342      6F6E2D73 
 343 0215 6D6D6F6E 		.ascii	"mmon -flto\000"
 343      202D666C 
 343      746F00
 344              		.section	.gnu.debuglto_.debug_line_str,"eMS",%progbits,1
 345              	.LASF32:
 346 0000 68616C5F 		.ascii	"hal_can.h\000"
 346      63616E2E 
 346      6800
 347              	.LASF25:
 348 000a 2E2E2F2E 		.ascii	"../../../ChibiOS/os/hal/ports/STM32/LLD/GPIOv2\000"
 348      2E2F2E2E 
 348      2F436869 
 348      62694F53 
 348      2F6F732F 
 349              	.LASF22:
 350 0039 2F686F6D 		.ascii	"/home/kocur/wideband-2311-release/firmware/boards/f"
 350      652F6B6F 
 350      6375722F 
 350      77696465 
 350      62616E64 
 351 006c 305F6D6F 		.ascii	"0_module/bootloader\000"
 351      64756C65 
 351      2F626F6F 
 351      746C6F61 
 351      64657200 
 352              	.LASF34:
 353 0080 68616C5F 		.ascii	"hal_lld.h\000"
 353      6C6C642E 
 353      6800
 354              	.LASF36:
 355 008a 6F73616C 		.ascii	"osal.h\000"
 355      2E6800
 356              	.LASF33:
 357 0091 68616C5F 		.ascii	"hal_pal_lld.h\000"
 357      70616C5F 
 357      6C6C642E 
 357      6800
 358              	.LASF28:
 359 009f 63666700 		.ascii	"cfg\000"
 360              	.LASF29:
 361 00a3 2E2E2F2E 		.ascii	"../../../ChibiOS/os/hal/src/hal.c\000"
 361      2E2F2E2E 
ARM GAS  /tmp/ccnZwusH.s 			page 9


 361      2F436869 
 361      62694F53 
 361      2F6F732F 
 362              	.LASF27:
 363 00c5 2E2E2F2E 		.ascii	"../../../ChibiOS/os/hal/src\000"
 363      2E2F2E2E 
 363      2F436869 
 363      62694F53 
 363      2F6F732F 
 364              	.LASF31:
 365 00e1 626F6172 		.ascii	"board.h\000"
 365      642E6800 
 366              	.LASF26:
 367 00e9 2E2E2F2E 		.ascii	"../../../ChibiOS/os/hal/ports/STM32/STM32F0xx\000"
 367      2E2F2E2E 
 367      2F436869 
 367      62694F53 
 367      2F6F732F 
 368              	.LASF35:
 369 0117 68616C2E 		.ascii	"hal.c\000"
 369      6300
 370              	.LASF23:
 371 011d 2E2E2F2E 		.ascii	"../../../ChibiOS/os/hal/include\000"
 371      2E2F2E2E 
 371      2F436869 
 371      62694F53 
 371      2F6F732F 
 372              	.LASF24:
 373 013d 2E2E2F2E 		.ascii	"../../../ChibiOS/os/hal/osal/rt-nil\000"
 373      2E2F2E2E 
 373      2F436869 
 373      62694F53 
 373      2F6F732F 
 374              	.LASF30:
 375 0161 68616C5F 		.ascii	"hal_st.h\000"
 375      73742E68 
 375      00
 376              		.text
 377              		.section	.gnu.lto_.profile.db0b1bcbdd5560e4,"e",%progbits
 378 0000 789C6362 		.ascii	"x\234cb\000\001\000\000\022\000\003"
 378      00010000 
 378      120003
 379              		.text
 380              		.section	.gnu.lto_.icf.db0b1bcbdd5560e4,"e",%progbits
 381 0000 789CE364 		.ascii	"x\234\343d@\000F\206\377\267\037.eb`\000\000\023\365"
 381      40004686 
 381      FFB71F2E 
 381      65626000 
 381      0013F5
 382 0013 036D     		.ascii	"\003m"
 383              		.text
 384              		.section	.gnu.lto_.ipa_sra.db0b1bcbdd5560e4,"e",%progbits
 385 0000 789CE367 		.ascii	"x\234\343g@\000F\020B@\000\001\351\000\027"
 385      40004610 
 385      42400001 
 385      E90017
 386              		.text
ARM GAS  /tmp/ccnZwusH.s 			page 10


 387              		.section	.gnu.lto_.inline.db0b1bcbdd5560e4,"e",%progbits
 388 0000 789C7366 		.ascii	"x\234sf@\000F\006\006\216\206\206\206\005\314\031\214"
 388      40004606 
 388      068E8686 
 388      8605CC19 
 388      8C
 389 0011 0C4C0C0C 		.ascii	"\014L\014\014\215@v\035\003\003\033\220j`Ja\002\011"
 389      8D40761D 
 389      03031B90 
 389      6A604A61 
 389      0209
 390 0023 01D570E1 		.ascii	"\001\325p\341#\031\000\231\233\010\001"
 390      23190099 
 390      9B0801
 391              		.text
 392              		.section	.gnu.lto_.jmpfuncs.db0b1bcbdd5560e4,"e",%progbits
 393 0000 789CE362 		.ascii	"x\234\343b@\000F8\013\000\000\374\000\014"
 393      40004638 
 393      0B0000FC 
 393      000C
 394              		.text
 395              		.section	.gnu.lto_.pureconst.db0b1bcbdd5560e4,"e",%progbits
 396 0000 789C6361 		.ascii	"x\234ca```d\230\301\002\000\001`\000\242"
 396      60606064 
 396      98C10200 
 396      016000A2 
 397              		.text
 398              		.section	.gnu.lto_.ipa_modref.db0b1bcbdd5560e4,"e",%progbits
 399 0000 789CE367 		.ascii	"x\234\343g@\000F\006\006\005\001\001(\301\300\000\000"
 399      40004606 
 399      06050101 
 399      28C1C000 
 399      00
 400 0011 061F0091 		.ascii	"\006\037\000\221"
 401              		.text
 402              		.section	.gnu.lto_.lto.db0b1bcbdd5560e4,"e",%progbits
 403 0000 0B000300 		.ascii	"\013\000\003\000\001\000\000\000"
 403      01000000 
 404              		.text
 405              		.section	.gnu.lto_halInit.186.db0b1bcbdd5560e4,"e",%progbits
 406 0000 789C7BC8 		.ascii	"x\234{\310\300\300\220\003\304\312@\314\310\314\300"
 406      C0C09003 
 406      C4CA40CC 
 406      C8CCC0
 407 000f 38696217 		.ascii	"8ib\027\023CCC\203\003;\023c\343\304.N\306\355\214`"
 407      13434343 
 407      83033B13 
 407      63E3C42E 
 407      4EC6ED8C 
 408 0024 1E23433D 		.ascii	"\036#C=\023c=\343Bf} \367\307\321g\015\347\031\033V"
 408      13633DE3 
 408      42667D20 
 408      F7C7D167 
 408      0DE7191B 
 409 0039 1C607CC5 		.ascii	"\034`|\305\300P\317\000\005\334\0206#\020\257\277\304"
 409      C050CF00 
 409      05DC1036 
ARM GAS  /tmp/ccnZwusH.s 			page 11


 409      2310AFBF 
 409      C4
 410 004a 7AA0E1CF 		.ascii	"z\240\341\317\377\376\206\206\247\217\030\367\251\262"
 410      FFFE8686 
 410      A78F18F7 
 410      A9B2
 411 0058 3330CC63 		.ascii	"30\314c\006\231\332\300\302\330p\200\201a>3\023\204"
 411      0699DAC0 
 411      C2D87080 
 411      81613E33 
 411      1384
 412 006a D30CE47C 		.ascii	"\323\014\344|gjx\364\235\027L\375ad\370\313\324\254"
 412      676A78F4 
 412      9D174CFD 
 412      6164F8CB 
 412      D4AC
 413 007c C0D0C5C8 		.ascii	"\300\320\305\310T[\315\300\300\304\014\026\235\302\206"
 413      545BCDC0 
 413      C0C40C16 
 413      9DC286
 414 008b 102D878B 		.ascii	"\020-\207\213nC\022-\205\213\336\342B\210\026\303E\177"
 414      6E43122D 
 414      858BDEE2 
 414      428816C3 
 414      457F
 415 009d 20891682 		.ascii	" \211\026\202E\37735=\370\353\005v\366<fF\210c\232\016"
 415      45FF3335 
 415      3DF8EB05 
 415      76F63C66 
 415      4688639A 
 416 00b2 80B8EEFA 		.ascii	"\200\270\356\372\031\371\271\251\372\331\371\311\245"
 416      19F9B9A9 
 416      FAD9F9C9 
 416      A5
 417 00bf 45FAE599 		.ascii	"E\372\345\231)\251I\211y)\272F\306\206\206\272E\251"
 417      29A94989 
 417      7929BA46 
 417      C68686BA 
 417      45A9
 418 00d1 39A989C5 		.ascii	"9\251\211\305\251\372i\231E\271\345\211E\251\372I\371"
 418      A9FA6999 
 418      45B9E589 
 418      45A9FA49 
 418      F9
 419 00e2 894529C5 		.ascii	"\211E)\305\372i\006\361\271\371)\2459 \201\374\222\234"
 419      FA6906F1 
 419      B9F929A5 
 419      392081FC 
 419      929C
 420 00f4 FCC494D4 		.ascii	"\374\304\224\324\"\006%==}\010r\316\310L\312\364\017"
 420      2206253D 
 420      3D7D0872 
 420      CEC84CCA 
 420      F40F
 421 0106 D6CF2FD6 		.ascii	"\326\317/\326\317H\314\321/.J\006\321z\311\014\000\241"
 421      CF48CCD1 
 421      2F2E4A06 
ARM GAS  /tmp/ccnZwusH.s 			page 12


 421      D17AC90C 
 421      00A1
 422 0118 197400   		.ascii	"\031t\000"
 423              		.text
 424              		.section	.gnu.lto_.symbol_nodes.db0b1bcbdd5560e4,"e",%progbits
 425 0000 789C75CE 		.ascii	"x\234u\316\315\031\200 \014\003\320\204\002k\270\234"
 425      CD198020 
 425      0C03D084 
 425      026BB89C 
 426 0010 7B143770 		.ascii	"{\0247p\010\247\300\277\015\334\300\233{(\002\327\346"
 426      08A7C0BF 
 426      0DDCC09B 
 426      7B2802D7 
 426      E6
 427 0021 942FAF87 		.ascii	"\224/\257\207\336(q\231\212T\3429_\200\0029M,\300\223"
 427      DE287199 
 427      8A54E239 
 427      5F800239 
 427      4D2CC093 
 428 0035 CAB767A8 		.ascii	"\312\267g\250\210\377\260\332Au\226\355T\261l\243z\313"
 428      88FFB0DA 
 428      417596ED 
 428      54B16CA3 
 428      7ACB
 429 0047 566A304C 		.ascii	"Vj0L\020\332\213\243\300\267\266P \255>\245\272\276"
 429      10DA8BA3 
 429      C0B7B650 
 429      20AD3EA5 
 429      BABE
 430 0059 4601FB1A 		.ascii	"F\001\373\032\361\001\216lR\211"
 430      F1018E6C 
 430      5289
 431              		.text
 432              		.section	.gnu.lto_.refs.db0b1bcbdd5560e4,"e",%progbits
 433 0000 789C6364 		.ascii	"x\234cd\000\002\000\000\012\000\002"
 433      00020000 
 433      0A0002
 434              		.text
 435              		.section	.gnu.lto_.decls.db0b1bcbdd5560e4,"e",%progbits
 436 0000 789C8D90 		.ascii	"x\234\215\220]h\023Y\024\307\357\235\304d\252\3315A"
 436      5D681359 
 436      14C7EF9D 
 436      C464AAD9 
 436      3541
 437 0012 05BF90EE 		.ascii	"\005\277\220\356\356K\025\232iZ\374z\020\013\212E\250"
 437      EE4B159A 
 437      695AFC7A 
 437      100B8A45 
 437      A8
 438 0023 75C1DDE7 		.ascii	"u\301\335\3472\235LM0i\312$\325\372 \234IB\034\361k"
 438      329D4C4D 
 438      3069CA24 
 438      D5FA209C 
 438      49421CF1 
 439 0038 52C10E41 		.ascii	"R\301\016Aq\034|\320\205\205\262.\254\255\032\206\030"
 439      711C7CD0 
 439      8585B22E 
ARM GAS  /tmp/ccnZwusH.s 			page 13


 439      ACAD1A86 
 439      18
 440 0049 43FC400A 		.ascii	"C\374@\012\202\372 X\024\264\326>\370\201R\024?\316"
 440      82FA2058 
 440      14B4D63E 
 440      F8815214 
 440      3FCE
 441 005b 9D0C8B2F 		.ascii	"\235\014\213/\242\22793\347\236\363\373\377\357\235"
 441      A2973933 
 441      E79EF3FB 
 441      FFEF9D
 442 006a 33CA1172 		.ascii	"3\312\021r\237\022\322M\010\371\214\013\267\344.\206"
 442      9F12D24D 
 442      08F98C0B 
 442      B7E42E86 
 443 007a 0FA38C61 		.ascii	"\017\243\214acT0\252\0305\214:\306\001\344y\267\177"
 443      635430AA 
 443      18358C3A 
 443      C601E479 
 443      B77F
 444 008c CBAD5D75 		.ascii	"\313\255]u\373U\227g:/w\376\237\203\023\376W\024\000"
 444      FB559767 
 444      3A2F77FE 
 444      9F8313FE 
 444      571400
 445 009f EA60AB55 		.ascii	"\352`\253U^\267\246a\014`\020j\323F\2510\255\205\212"
 445      5EB7A661 
 445      0C60106A 
 445      D346A930 
 445      AD858A
 446 00b2 59EC8D69 		.ascii	"Y\354\215i\260\334\300r\2514\245s\246\007\362X\203\\"
 446      B0DCC072 
 446      A934A573 
 446      A607F258 
 446      835C
 447 00c4 00FEC54F 		.ascii	"\000\376\305O6\006\271\002\333\037Yj\346\300Y\223\024"
 447      3606B902 
 447      DB1F596A 
 447      E6C05993 
 447      14
 448 00d5 EC028CD9 		.ascii	"\354\002\214\331>\353\032\024\014\350.Uj\001,\353\352"
 448      3EEB1A14 
 448      0CE82E55 
 448      6A012CEB 
 448      EA
 449 00e6 D3F1E1D2 		.ascii	"\323\361\341\322\324u(\345\353\324\002<\317\204#\313"
 449      D47528E5 
 449      EBD4023C 
 449      CF8423CB 
 450 00f6 B07114F2 		.ascii	"\260q\024\362\232\032P\037?\177i\232@\301\004M\267l"
 450      9A1A501F 
 450      3F7F699A 
 450      40C1044D 
 450      B76C
 451 0108 2DA45BA0 		.ascii	"-\244[\240\251S\3275Z\004[W\263\235E+\257\261\010\025"
 451      A953D735 
 451      5A045B57 
ARM GAS  /tmp/ccnZwusH.s 			page 14


 451      B39D452B 
 451      AFB10815 
 452 011c 4D5B2B66 		.ascii	"M[+f\363\300\010\025\365\032\325\321\001\262\230\214"
 452      F3C00815 
 452      F51AD5D1 
 452      01B2988C 
 453 012c B273A00A 		.ascii	"\262s\240\012A\335\252\"\003\274\216\367\327\315\274"
 453      41DDAA22 
 453      03BC8EF7 
 453      D7CDBC
 454 013b 16545104 		.ascii	"\026TQ\004\347\252\020:\313\324\330\015\025\321\033"
 454      E7AA103A 
 454      CBD4D80D 
 454      15D11B
 455 014a B298A8B8 		.ascii	"\262\230\250\270c>A\025\226\022\2660\347\240\031\240"
 455      633E4115 
 455      9612B630 
 455      E7A019A0 
 456 015a D3CB3D7E 		.ascii	"\323\313=~\375f\202\177\315\006d,&K\364NB\332\202\374"
 456      FD66827F 
 456      CD06642C 
 456      264BF44E 
 456      42DA82FC 
 457 016e 0AC2FF46 		.ascii	"\012\302\377F\3266~\326\222\310\004uT=\001\337\"\312"
 457      D6367ED6 
 457      92C80475 
 457      543D01DF 
 457      22CA
 458 0180 F996D0A0 		.ascii	"\371\226\320\240\227\2730\367\360\232g%\266g\001\026"
 458      97BB30F7 
 458      F09A6725 
 458      B6670116 
 459 0190 CF90ABF4 		.ascii	"\317\220\253\364\0122eJ^9S\237}\373\341\320\274\026"
 459      0A32654A 
 459      5E39539F 
 459      7DFBE1D0 
 459      BC16
 460 01a2 C380B98F 		.ascii	"\303\200\271\217\205g\331U\265\034\234G\264\263L\307"
 460      8567D955 
 460      B51C9C47 
 460      B4B34CC7 
 461 01b2 E965C76B 		.ascii	"\351e\307k\234\222K\364?\332s\206\3627(\012\262\247"
 461      9C924BF4 
 461      3FDA7386 
 461      F237280A 
 461      B2A7
 462 01c4 ADDBB4C5 		.ascii	"\255\333\264\305\000\230\233<v,\347;\005\025\256Lm\027"
 462      00989B3C 
 462      762CE73B 
 462      0515AE4C 
 462      6D17
 463 01d6 B6D9BB67 		.ascii	"\266\331\273g?\377\236\221\177\317<\271\270\200\221"
 463      3FFF9E91 
 463      7FCF3CB9 
 463      B88091
 464 01e5 978C917A 		.ascii	"\227\214\221zG\003\254\270`\305\001\201\362'8$\247'"
 464      4703ACB8 
ARM GAS  /tmp/ccnZwusH.s 			page 15


 464      60C50181 
 464      F2273824 
 464      A727
 465 01f7 8DC92687 		.ascii	"\215\311&\207|7r\343\240\337l)\323\252\013V\035P\243"
 465      7C3772E3 
 465      A0DF6C29 
 465      D3AA0B56 
 465      1D50A3
 466 020a 7C8D81B3 		.ascii	"|\215\201\263\027\016\377\345q\300\007'g\216;`\315\005"
 466      170EFFE5 
 466      71C00727 
 466      678E3B60 
 466      CD05
 467 021c 6B0E789C 		.ascii	"k\016x\234\362#\036\004\037\225^|\234\347\200\237Jw"
 467      F2231E04 
 467      1F955E7C 
 467      9CE7809F 
 467      4A77
 468 022e 3637CEAE 		.ascii	"67\316\256\273d\335!G)\216\310\213#j\366r\023\027\357"
 468      BB64DD21 
 468      47298EC8 
 468      8B236AF6 
 468      721317EF 
 469 0242 3DF1876C 		.ascii	"=\361\207l\200\227`V\274ez\213\336D\3466\343<\221u\244"
 469      80976056 
 469      BC657A8B 
 469      DE44E636 
 469      E33C9175 
 470 0257 4954927B 		.ascii	"IT\222{\327\245[\223d\276\224R2\362pk\262\215\370cb"
 470      D7A55B93 
 470      64BE9452 
 470      32F2706B 
 470      B28DF863 
 471 026c 62FB403C 		.ascii	"b\373@<\363K8,4\236-\261x_|\347.!\225\026\260'\244\025"
 471      F34B382C 
 471      349E2DB1 
 471      785F7CE7 
 471      2E219516 
 472 0284 897DC312 		.ascii	"\211}\303\022\337\325\363g\363\226\310z\262\320\331"
 472      DFD5F367 
 472      F396C87A 
 472      B2D0D9
 473 0293 86378A1D 		.ascii	"\2067\212\035\221~\271O\"]B,\225\224\205=)iH\021\366"
 473      917EB94F 
 473      225D422C 
 473      9594853D 
 473      29694811 
 474 02a8 C5A3729F 		.ascii	"\305\243r\2378\020mm\357\210DZ\0259!\213iY\350\217+"
 474      38106D6D 
 474      EF88445A 
 474      1539218B 
 474      6959E88F 
 475 02bd C97DA222 		.ascii	"\311}\242\"\013})Q\211\246\205\376\266\336d*:\224`\205"
 475      0B7D2951 
 475      89A685FE 
 475      B6DE642A 
 475      3A946085 
ARM GAS  /tmp/ccnZwusH.s 			page 16


 476 02d1 54269112 		.ascii	"T&\221\022\243\262B~\375\356\025\210/\235a\227]\375"
 476      A3B2427E 
 476      FDEE1588 
 476      2F9D6197 
 476      5DFD
 477 02e3 2D323E20 		.ascii	"-2> %\206\2422\313{\323\231p\21449\0072\315\317aA\352"
 477      2586A232 
 477      CB7BD399 
 477      708C3439 
 477      0732CDCF 
 478 02fa DFDDB800 		.ascii	"\337\335\270\0006\374\2228\300\312k~\304\012Y\224\374"
 478      36FC9238 
 478      C0CA6B7E 
 478      C40A5994 
 478      FC
 479 030b D43B8879 		.ascii	"\324;\210y\"\021\355\215\243p\323\267\204\2038\333\264"
 479      2211ED8D 
 479      A370D3B7 
 479      848338DB 
 479      B4
 480 031c B0EB8F1D 		.ascii	"\260\353\217\035\035\355Bw\367V\241\353\367\355;\367"
 480      1DED4277 
 480      F756A1EB 
 480      F7ED3BF7 
 481 032c B63B3EAE 		.ascii	"\266;>\256\036\275\002\261\257\2546\374\210\225\363"
 481      1EBD02B1 
 481      AFAC36FC 
 481      8895F3
 482 033b DED6363C 		.ascii	"\336\3266<,\304\376w\371\002,d\266\027"
 482      2CC4FE77 
 482      F9022C64 
 482      B617
 483              		.text
 484              		.section	.gnu.lto_.symtab.db0b1bcbdd5560e4,"e",%progbits
 485 0000 68616C49 		.ascii	"halInit\000"
 485      6E697400 
 486 0008 00       		.ascii	"\000"
 487 0009 00       		.ascii	"\000"
 488 000a 00       		.ascii	"\000"
 489 000b 00000000 		.ascii	"\000\000\000\000\000\000\000\000"
 489      00000000 
 490 0013 BE000000 		.ascii	"\276\000\000\000"
 491 0017 7374496E 		.ascii	"stInit\000"
 491      697400
 492 001e 00       		.ascii	"\000"
 493 001f 02       		.ascii	"\002"
 494 0020 00       		.ascii	"\000"
 495 0021 00000000 		.ascii	"\000\000\000\000\000\000\000\000"
 495      00000000 
 496 0029 C0000000 		.ascii	"\300\000\000\000"
 497 002d 626F6172 		.ascii	"boardInit\000"
 497      64496E69 
 497      7400
 498 0037 00       		.ascii	"\000"
 499 0038 02       		.ascii	"\002"
 500 0039 00       		.ascii	"\000"
 501 003a 00000000 		.ascii	"\000\000\000\000\000\000\000\000"
ARM GAS  /tmp/ccnZwusH.s 			page 17


 501      00000000 
 502 0042 C2000000 		.ascii	"\302\000\000\000"
 503 0046 63616E49 		.ascii	"canInit\000"
 503      6E697400 
 504 004e 00       		.ascii	"\000"
 505 004f 02       		.ascii	"\002"
 506 0050 00       		.ascii	"\000"
 507 0051 00000000 		.ascii	"\000\000\000\000\000\000\000\000"
 507      00000000 
 508 0059 C4000000 		.ascii	"\304\000\000\000"
 509 005d 5F70616C 		.ascii	"_pal_lld_init\000"
 509      5F6C6C64 
 509      5F696E69 
 509      7400
 510 006b 00       		.ascii	"\000"
 511 006c 02       		.ascii	"\002"
 512 006d 00       		.ascii	"\000"
 513 006e 00000000 		.ascii	"\000\000\000\000\000\000\000\000"
 513      00000000 
 514 0076 C6000000 		.ascii	"\306\000\000\000"
 515 007a 68616C5F 		.ascii	"hal_lld_init\000"
 515      6C6C645F 
 515      696E6974 
 515      00
 516 0087 00       		.ascii	"\000"
 517 0088 02       		.ascii	"\002"
 518 0089 00       		.ascii	"\000"
 519 008a 00000000 		.ascii	"\000\000\000\000\000\000\000\000"
 519      00000000 
 520 0092 C8000000 		.ascii	"\310\000\000\000"
 521              		.text
 522              		.section	.gnu.lto_.ext_symtab.db0b1bcbdd5560e4,"e",%progbits
 523 0000 01       		.ascii	"\001"
 524 0001 01       		.ascii	"\001"
 525 0002 00       		.ascii	"\000"
 526 0003 01       		.ascii	"\001"
 527 0004 00       		.ascii	"\000"
 528 0005 01       		.ascii	"\001"
 529 0006 00       		.ascii	"\000"
 530 0007 01       		.ascii	"\001"
 531 0008 00       		.ascii	"\000"
 532 0009 01       		.ascii	"\001"
 533 000a 00       		.ascii	"\000"
 534 000b 01       		.ascii	"\001"
 535 000c 00       		.ascii	"\000"
 536              		.text
 537              		.section	.gnu.lto_.opts,"e",%progbits
 538 0000 272D666E 		.ascii	"'-fno-openmp' '-fno-openacc' '-fno-pie' '-fcf-prote"
 538      6F2D6F70 
 538      656E6D70 
 538      2720272D 
 538      666E6F2D 
 539 0033 6374696F 		.ascii	"ction=none' '-g' '-mcpu=cortex-m0' '-mthumb' '-mflo"
 539      6E3D6E6F 
 539      6E652720 
 539      272D6727 
 539      20272D6D 
ARM GAS  /tmp/ccnZwusH.s 			page 18


 540 0066 61742D61 		.ascii	"at-abi=soft' '-mlibarch=armv6s-m' '-march=armv6s-m'"
 540      62693D73 
 540      6F667427 
 540      20272D6D 
 540      6C696261 
 541 0099 20272D4F 		.ascii	" '-Os' '-fomit-frame-pointer' '-falign-functions=16"
 541      73272027 
 541      2D666F6D 
 541      69742D66 
 541      72616D65 
 542 00cc 2720272D 		.ascii	"' '-fsingle-precision-constant' '-ffunction-section"
 542      6673696E 
 542      676C652D 
 542      70726563 
 542      6973696F 
 543 00ff 73272027 		.ascii	"s' '-fdata-sections' '-fno-common' '-flto' '-Xassem"
 543      2D666461 
 543      74612D73 
 543      65637469 
 543      6F6E7327 
 544 0132 626C6572 		.ascii	"bler' '-alms=./build/lst/hal.lst'\000"
 544      2720272D 
 544      616C6D73 
 544      3D2E2F62 
 544      75696C64 
 545              		.text
 546              		.comm	__gnu_lto_slim,1,1
 547              		.ident	"GCC: (Arm GNU Toolchain 11.3.Rel1) 11.3.1 20220712"
ARM GAS  /tmp/ccnZwusH.s 			page 19


DEFINED SYMBOLS
                            *ABS*:0000000000000000 hal.c
     /tmp/ccnZwusH.s:25     .gnu.debuglto_.debug_info:0000000000000000 hal.c.9a31febc
                            *COM*:0000000000000001 __gnu_lto_slim

NO UNDEFINED SYMBOLS
