ARM GAS  /tmp/ccvuFdCu.s 			page 1


   1              		.cpu cortex-m0
   2              		.arch armv6s-m
   3              		.fpu softvfp
   4              		.eabi_attribute 20, 1
   5              		.eabi_attribute 21, 1
   6              		.eabi_attribute 23, 3
   7              		.eabi_attribute 24, 1
   8              		.eabi_attribute 25, 1
   9              		.eabi_attribute 26, 1
  10              		.eabi_attribute 30, 4
  11              		.eabi_attribute 34, 0
  12              		.eabi_attribute 18, 4
  13              		.file	"hal_st.c"
  14              		.file 1 "/home/kocur/.rusefi-tools/arm-gnu-toolchain-11.3.rel1-x86_64-arm-none-eabi/arm-none-eabi/
  15              		.file 2 "/home/kocur/.rusefi-tools/arm-gnu-toolchain-11.3.rel1-x86_64-arm-none-eabi/arm-none-eabi/
  16              		.file 3 "../../../ChibiOS/os/rt/include/chtime.h"
  17              		.file 4 "../../../ChibiOS/os/hal/ports/STM32/LLD/TIMv1/stm32_tim.h"
  18              		.file 5 "../../../ChibiOS/os/hal/ports/STM32/LLD/TIMv1/hal_st_lld.h"
  19              		.file 6 "../../../ChibiOS/os/hal/src/hal_st.c"
  20              		.section	.gnu.debuglto_.debug_info,"e",%progbits
  21              	.Ldebug_info0:
  22              		.hidden	hal_st.c.d6e621c0
  23              		.weak	hal_st.c.d6e621c0
  24              	hal_st.c.d6e621c0:
  25 0000 DE020000 		.4byte	0x2de
  26 0004 0500     		.2byte	0x5
  27 0006 01       		.byte	0x1
  28 0007 04       		.byte	0x4
  29 0008 00000000 		.4byte	.Ldebug_abbrev0
  30 000c 11       		.uleb128 0x11
  31 000d EA010000 		.4byte	.LASF39
  32 0011 1D       		.byte	0x1d
  33 0012 2C000000 		.4byte	.LASF40
  34 0016 51000000 		.4byte	.LASF41
  35 001a 00000000 		.4byte	.Ldebug_line0
  36 001e 12       		.uleb128 0x12
  37 001f 04       		.byte	0x4
  38 0020 05       		.byte	0x5
  39 0021 696E7400 		.ascii	"int\000"
  40 0025 01       		.uleb128 0x1
  41 0026 04       		.byte	0x4
  42 0027 07       		.byte	0x7
  43 0028 6C010000 		.4byte	.LASF0
  44 002c 01       		.uleb128 0x1
  45 002d 08       		.byte	0x8
  46 002e 05       		.byte	0x5
  47 002f BB010000 		.4byte	.LASF1
  48 0033 01       		.uleb128 0x1
  49 0034 08       		.byte	0x8
  50 0035 04       		.byte	0x4
  51 0036 A8010000 		.4byte	.LASF2
  52 003a 01       		.uleb128 0x1
  53 003b 01       		.byte	0x1
  54 003c 06       		.byte	0x6
  55 003d E4020000 		.4byte	.LASF3
  56 0041 01       		.uleb128 0x1
  57 0042 01       		.byte	0x1
ARM GAS  /tmp/ccvuFdCu.s 			page 2


  58 0043 08       		.byte	0x8
  59 0044 02010000 		.4byte	.LASF4
  60 0048 01       		.uleb128 0x1
  61 0049 02       		.byte	0x2
  62 004a 05       		.byte	0x5
  63 004b 3E010000 		.4byte	.LASF5
  64 004f 01       		.uleb128 0x1
  65 0050 02       		.byte	0x2
  66 0051 07       		.byte	0x7
  67 0052 F0020000 		.4byte	.LASF6
  68 0056 01       		.uleb128 0x1
  69 0057 04       		.byte	0x4
  70 0058 05       		.byte	0x5
  71 0059 CA020000 		.4byte	.LASF7
  72 005d 06       		.uleb128 0x6
  73 005e 33010000 		.4byte	.LASF10
  74 0062 01       		.byte	0x1
  75 0063 4F       		.byte	0x4f
  76 0064 19       		.byte	0x19
  77 0065 69000000 		.4byte	0x69
  78 0069 01       		.uleb128 0x1
  79 006a 04       		.byte	0x4
  80 006b 07       		.byte	0x7
  81 006c 10010000 		.4byte	.LASF8
  82 0070 01       		.uleb128 0x1
  83 0071 08       		.byte	0x8
  84 0072 07       		.byte	0x7
  85 0073 79010000 		.4byte	.LASF9
  86 0077 06       		.uleb128 0x6
  87 0078 C1020000 		.4byte	.LASF11
  88 007c 02       		.byte	0x2
  89 007d 30       		.byte	0x30
  90 007e 14       		.byte	0x14
  91 007f 5D000000 		.4byte	0x5d
  92 0083 07       		.uleb128 0x7
  93 0084 77000000 		.4byte	0x77
  94 0088 01       		.uleb128 0x1
  95 0089 01       		.byte	0x1
  96 008a 08       		.byte	0x8
  97 008b C9010000 		.4byte	.LASF12
  98 008f 08       		.uleb128 0x8
  99 0090 88000000 		.4byte	0x88
 100 0094 06       		.uleb128 0x6
 101 0095 22000000 		.4byte	.LASF13
 102 0099 03       		.byte	0x3
 103 009a 6D       		.byte	0x6d
 104 009b 12       		.byte	0x12
 105 009c 77000000 		.4byte	0x77
 106 00a0 04       		.uleb128 0x4
 107 00a1 83000000 		.4byte	0x83
 108 00a5 B0000000 		.4byte	0xb0
 109 00a9 05       		.uleb128 0x5
 110 00aa 25000000 		.4byte	0x25
 111 00ae 01       		.byte	0x1
 112 00af 00       		.byte	0
 113 00b0 07       		.uleb128 0x7
 114 00b1 A0000000 		.4byte	0xa0
ARM GAS  /tmp/ccvuFdCu.s 			page 3


 115 00b5 04       		.uleb128 0x4
 116 00b6 83000000 		.4byte	0x83
 117 00ba C5000000 		.4byte	0xc5
 118 00be 05       		.uleb128 0x5
 119 00bf 25000000 		.4byte	0x25
 120 00c3 03       		.byte	0x3
 121 00c4 00       		.byte	0
 122 00c5 07       		.uleb128 0x7
 123 00c6 B5000000 		.4byte	0xb5
 124 00ca 13       		.uleb128 0x13
 125 00cb 60       		.byte	0x60
 126 00cc 04       		.byte	0x4
 127 00cd F601     		.2byte	0x1f6
 128 00cf 09       		.byte	0x9
 129 00d0 C3010000 		.4byte	0x1c3
 130 00d4 02       		.uleb128 0x2
 131 00d5 43523100 		.ascii	"CR1\000"
 132 00d9 F701     		.2byte	0x1f7
 133 00db 83000000 		.4byte	0x83
 134 00df 00       		.byte	0
 135 00e0 02       		.uleb128 0x2
 136 00e1 43523200 		.ascii	"CR2\000"
 137 00e5 F801     		.2byte	0x1f8
 138 00e7 83000000 		.4byte	0x83
 139 00eb 04       		.byte	0x4
 140 00ec 03       		.uleb128 0x3
 141 00ed D3010000 		.4byte	.LASF14
 142 00f1 F901     		.2byte	0x1f9
 143 00f3 83000000 		.4byte	0x83
 144 00f7 08       		.byte	0x8
 145 00f8 03       		.uleb128 0x3
 146 00f9 D9000000 		.4byte	.LASF15
 147 00fd FA01     		.2byte	0x1fa
 148 00ff 83000000 		.4byte	0x83
 149 0103 0C       		.byte	0xc
 150 0104 02       		.uleb128 0x2
 151 0105 535200   		.ascii	"SR\000"
 152 0108 FB01     		.2byte	0x1fb
 153 010a 83000000 		.4byte	0x83
 154 010e 10       		.byte	0x10
 155 010f 02       		.uleb128 0x2
 156 0110 45475200 		.ascii	"EGR\000"
 157 0114 FC01     		.2byte	0x1fc
 158 0116 83000000 		.4byte	0x83
 159 011a 14       		.byte	0x14
 160 011b 03       		.uleb128 0x3
 161 011c D8010000 		.4byte	.LASF16
 162 0120 FD01     		.2byte	0x1fd
 163 0122 83000000 		.4byte	0x83
 164 0126 18       		.byte	0x18
 165 0127 03       		.uleb128 0x3
 166 0128 DE010000 		.4byte	.LASF17
 167 012c FE01     		.2byte	0x1fe
 168 012e 83000000 		.4byte	0x83
 169 0132 1C       		.byte	0x1c
 170 0133 03       		.uleb128 0x3
 171 0134 CE010000 		.4byte	.LASF18
ARM GAS  /tmp/ccvuFdCu.s 			page 4


 172 0138 FF01     		.2byte	0x1ff
 173 013a 83000000 		.4byte	0x83
 174 013e 20       		.byte	0x20
 175 013f 02       		.uleb128 0x2
 176 0140 434E5400 		.ascii	"CNT\000"
 177 0144 0002     		.2byte	0x200
 178 0146 83000000 		.4byte	0x83
 179 014a 24       		.byte	0x24
 180 014b 02       		.uleb128 0x2
 181 014c 50534300 		.ascii	"PSC\000"
 182 0150 0102     		.2byte	0x201
 183 0152 83000000 		.4byte	0x83
 184 0156 28       		.byte	0x28
 185 0157 02       		.uleb128 0x2
 186 0158 41525200 		.ascii	"ARR\000"
 187 015c 0202     		.2byte	0x202
 188 015e 83000000 		.4byte	0x83
 189 0162 2C       		.byte	0x2c
 190 0163 02       		.uleb128 0x2
 191 0164 52435200 		.ascii	"RCR\000"
 192 0168 0302     		.2byte	0x203
 193 016a 83000000 		.4byte	0x83
 194 016e 30       		.byte	0x30
 195 016f 02       		.uleb128 0x2
 196 0170 43435200 		.ascii	"CCR\000"
 197 0174 0402     		.2byte	0x204
 198 0176 C5000000 		.4byte	0xc5
 199 017a 34       		.byte	0x34
 200 017b 03       		.uleb128 0x3
 201 017c 00000000 		.4byte	.LASF19
 202 0180 0502     		.2byte	0x205
 203 0182 83000000 		.4byte	0x83
 204 0186 44       		.byte	0x44
 205 0187 02       		.uleb128 0x2
 206 0188 44435200 		.ascii	"DCR\000"
 207 018c 0602     		.2byte	0x206
 208 018e 83000000 		.4byte	0x83
 209 0192 48       		.byte	0x48
 210 0193 03       		.uleb128 0x3
 211 0194 48010000 		.4byte	.LASF20
 212 0198 0702     		.2byte	0x207
 213 019a 83000000 		.4byte	0x83
 214 019e 4C       		.byte	0x4c
 215 019f 02       		.uleb128 0x2
 216 01a0 4F5200   		.ascii	"OR\000"
 217 01a3 0802     		.2byte	0x208
 218 01a5 83000000 		.4byte	0x83
 219 01a9 50       		.byte	0x50
 220 01aa 03       		.uleb128 0x3
 221 01ab E4010000 		.4byte	.LASF21
 222 01af 0902     		.2byte	0x209
 223 01b1 83000000 		.4byte	0x83
 224 01b5 54       		.byte	0x54
 225 01b6 03       		.uleb128 0x3
 226 01b7 09030000 		.4byte	.LASF22
 227 01bb 0A02     		.2byte	0x20a
 228 01bd B0000000 		.4byte	0xb0
ARM GAS  /tmp/ccvuFdCu.s 			page 5


 229 01c1 58       		.byte	0x58
 230 01c2 00       		.byte	0
 231 01c3 14       		.uleb128 0x14
 232 01c4 CD000000 		.4byte	.LASF23
 233 01c8 04       		.byte	0x4
 234 01c9 0B02     		.2byte	0x20b
 235 01cb 03       		.byte	0x3
 236 01cc CA000000 		.4byte	0xca
 237 01d0 01       		.uleb128 0x1
 238 01d1 01       		.byte	0x1
 239 01d2 02       		.byte	0x2
 240 01d3 03030000 		.4byte	.LASF24
 241 01d7 15       		.uleb128 0x15
 242 01d8 98000000 		.4byte	.LASF25
 243 01dc 05       		.byte	0x5
 244 01dd 1202     		.2byte	0x212
 245 01df 08       		.byte	0x8
 246 01e0 0B       		.uleb128 0xb
 247 01e1 05000000 		.4byte	.LASF26
 248 01e5 A1       		.byte	0xa1
 249 01e6 06       		.byte	0x6
 250 01e7 D0010000 		.4byte	0x1d0
 251 01eb 0B       		.uleb128 0xb
 252 01ec 15000000 		.4byte	.LASF27
 253 01f0 93       		.byte	0x93
 254 01f1 0B       		.byte	0xb
 255 01f2 94000000 		.4byte	0x94
 256 01f6 16       		.uleb128 0x16
 257 01f7 0E030000 		.4byte	.LASF42
 258 01fb 06       		.byte	0x6
 259 01fc 83       		.byte	0x83
 260 01fd 0B       		.byte	0xb
 261 01fe 94000000 		.4byte	0x94
 262 0202 10020000 		.4byte	0x210
 263 0206 09       		.uleb128 0x9
 264 0207 DE000000 		.4byte	.LASF28
 265 020b 20020000 		.4byte	0x220
 266 020f 00       		.byte	0
 267 0210 04       		.uleb128 0x4
 268 0211 8F000000 		.4byte	0x8f
 269 0215 20020000 		.4byte	0x220
 270 0219 05       		.uleb128 0x5
 271 021a 25000000 		.4byte	0x25
 272 021e 0A       		.byte	0xa
 273 021f 00       		.byte	0
 274 0220 08       		.uleb128 0x8
 275 0221 10020000 		.4byte	0x210
 276 0225 0C       		.uleb128 0xc
 277 0226 9D010000 		.4byte	.LASF29
 278 022a 73       		.byte	0x73
 279 022b 44020000 		.4byte	0x244
 280 022f 0D       		.uleb128 0xd
 281 0230 FA000000 		.4byte	.LASF31
 282 0234 73       		.byte	0x73
 283 0235 1B       		.byte	0x1b
 284 0236 94000000 		.4byte	0x94
 285 023a 09       		.uleb128 0x9
ARM GAS  /tmp/ccvuFdCu.s 			page 6


 286 023b DE000000 		.4byte	.LASF28
 287 023f 20020000 		.4byte	0x220
 288 0243 00       		.byte	0
 289 0244 0E       		.uleb128 0xe
 290 0245 4D010000 		.4byte	.LASF32
 291 0249 65       		.byte	0x65
 292 024a 0C       		.uleb128 0xc
 293 024b 90010000 		.4byte	.LASF30
 294 024f 57       		.byte	0x57
 295 0250 69020000 		.4byte	0x269
 296 0254 0D       		.uleb128 0xd
 297 0255 FA000000 		.4byte	.LASF31
 298 0259 57       		.byte	0x57
 299 025a 1D       		.byte	0x1d
 300 025b 94000000 		.4byte	0x94
 301 025f 09       		.uleb128 0x9
 302 0260 DE000000 		.4byte	.LASF28
 303 0264 79020000 		.4byte	0x279
 304 0268 00       		.byte	0
 305 0269 04       		.uleb128 0x4
 306 026a 8F000000 		.4byte	0x8f
 307 026e 79020000 		.4byte	0x279
 308 0272 05       		.uleb128 0x5
 309 0273 25000000 		.4byte	0x25
 310 0277 0C       		.byte	0xc
 311 0278 00       		.byte	0
 312 0279 08       		.uleb128 0x8
 313 027a 69020000 		.4byte	0x269
 314 027e 0E       		.uleb128 0xe
 315 027f B4010000 		.4byte	.LASF33
 316 0283 40       		.byte	0x40
 317 0284 0A       		.uleb128 0xa
 318 0285 B6000000 		.4byte	.LASF34
 319 0289 6E02     		.2byte	0x26e
 320 028b 14       		.byte	0x14
 321 028c D0010000 		.4byte	0x1d0
 322 0290 0A       		.uleb128 0xa
 323 0291 D3020000 		.4byte	.LASF35
 324 0295 6002     		.2byte	0x260
 325 0297 19       		.byte	0x19
 326 0298 94000000 		.4byte	0x94
 327 029c 0F       		.uleb128 0xf
 328 029d 22010000 		.4byte	.LASF36
 329 02a1 5402     		.2byte	0x254
 330 02a3 B4020000 		.4byte	0x2b4
 331 02a7 10       		.uleb128 0x10
 332 02a8 FA000000 		.4byte	.LASF31
 333 02ac 5402     		.2byte	0x254
 334 02ae 2F       		.byte	0x2f
 335 02af 94000000 		.4byte	0x94
 336 02b3 00       		.byte	0
 337 02b4 17       		.uleb128 0x17
 338 02b5 A4000000 		.4byte	.LASF43
 339 02b9 05       		.byte	0x5
 340 02ba 4402     		.2byte	0x244
 341 02bc 14       		.byte	0x14
 342 02bd 0F       		.uleb128 0xf
ARM GAS  /tmp/ccvuFdCu.s 			page 7


 343 02be E7000000 		.4byte	.LASF37
 344 02c2 3402     		.2byte	0x234
 345 02c4 D5020000 		.4byte	0x2d5
 346 02c8 10       		.uleb128 0x10
 347 02c9 FA000000 		.4byte	.LASF31
 348 02cd 3402     		.2byte	0x234
 349 02cf 31       		.byte	0x31
 350 02d0 94000000 		.4byte	0x94
 351 02d4 00       		.byte	0
 352 02d5 0A       		.uleb128 0xa
 353 02d6 59010000 		.4byte	.LASF38
 354 02da 2602     		.2byte	0x226
 355 02dc 19       		.byte	0x19
 356 02dd 94000000 		.4byte	0x94
 357 02e1 00       		.byte	0
 358              		.section	.gnu.debuglto_.debug_abbrev,"e",%progbits
 359              	.Ldebug_abbrev0:
 360 0000 01       		.uleb128 0x1
 361 0001 24       		.uleb128 0x24
 362 0002 00       		.byte	0
 363 0003 0B       		.uleb128 0xb
 364 0004 0B       		.uleb128 0xb
 365 0005 3E       		.uleb128 0x3e
 366 0006 0B       		.uleb128 0xb
 367 0007 03       		.uleb128 0x3
 368 0008 0E       		.uleb128 0xe
 369 0009 00       		.byte	0
 370 000a 00       		.byte	0
 371 000b 02       		.uleb128 0x2
 372 000c 0D       		.uleb128 0xd
 373 000d 00       		.byte	0
 374 000e 03       		.uleb128 0x3
 375 000f 08       		.uleb128 0x8
 376 0010 3A       		.uleb128 0x3a
 377 0011 21       		.uleb128 0x21
 378 0012 04       		.sleb128 4
 379 0013 3B       		.uleb128 0x3b
 380 0014 05       		.uleb128 0x5
 381 0015 39       		.uleb128 0x39
 382 0016 21       		.uleb128 0x21
 383 0017 19       		.sleb128 25
 384 0018 49       		.uleb128 0x49
 385 0019 13       		.uleb128 0x13
 386 001a 38       		.uleb128 0x38
 387 001b 0B       		.uleb128 0xb
 388 001c 00       		.byte	0
 389 001d 00       		.byte	0
 390 001e 03       		.uleb128 0x3
 391 001f 0D       		.uleb128 0xd
 392 0020 00       		.byte	0
 393 0021 03       		.uleb128 0x3
 394 0022 0E       		.uleb128 0xe
 395 0023 3A       		.uleb128 0x3a
 396 0024 21       		.uleb128 0x21
 397 0025 04       		.sleb128 4
 398 0026 3B       		.uleb128 0x3b
 399 0027 05       		.uleb128 0x5
ARM GAS  /tmp/ccvuFdCu.s 			page 8


 400 0028 39       		.uleb128 0x39
 401 0029 21       		.uleb128 0x21
 402 002a 19       		.sleb128 25
 403 002b 49       		.uleb128 0x49
 404 002c 13       		.uleb128 0x13
 405 002d 38       		.uleb128 0x38
 406 002e 0B       		.uleb128 0xb
 407 002f 00       		.byte	0
 408 0030 00       		.byte	0
 409 0031 04       		.uleb128 0x4
 410 0032 01       		.uleb128 0x1
 411 0033 01       		.byte	0x1
 412 0034 49       		.uleb128 0x49
 413 0035 13       		.uleb128 0x13
 414 0036 01       		.uleb128 0x1
 415 0037 13       		.uleb128 0x13
 416 0038 00       		.byte	0
 417 0039 00       		.byte	0
 418 003a 05       		.uleb128 0x5
 419 003b 21       		.uleb128 0x21
 420 003c 00       		.byte	0
 421 003d 49       		.uleb128 0x49
 422 003e 13       		.uleb128 0x13
 423 003f 2F       		.uleb128 0x2f
 424 0040 0B       		.uleb128 0xb
 425 0041 00       		.byte	0
 426 0042 00       		.byte	0
 427 0043 06       		.uleb128 0x6
 428 0044 16       		.uleb128 0x16
 429 0045 00       		.byte	0
 430 0046 03       		.uleb128 0x3
 431 0047 0E       		.uleb128 0xe
 432 0048 3A       		.uleb128 0x3a
 433 0049 0B       		.uleb128 0xb
 434 004a 3B       		.uleb128 0x3b
 435 004b 0B       		.uleb128 0xb
 436 004c 39       		.uleb128 0x39
 437 004d 0B       		.uleb128 0xb
 438 004e 49       		.uleb128 0x49
 439 004f 13       		.uleb128 0x13
 440 0050 00       		.byte	0
 441 0051 00       		.byte	0
 442 0052 07       		.uleb128 0x7
 443 0053 35       		.uleb128 0x35
 444 0054 00       		.byte	0
 445 0055 49       		.uleb128 0x49
 446 0056 13       		.uleb128 0x13
 447 0057 00       		.byte	0
 448 0058 00       		.byte	0
 449 0059 08       		.uleb128 0x8
 450 005a 26       		.uleb128 0x26
 451 005b 00       		.byte	0
 452 005c 49       		.uleb128 0x49
 453 005d 13       		.uleb128 0x13
 454 005e 00       		.byte	0
 455 005f 00       		.byte	0
 456 0060 09       		.uleb128 0x9
ARM GAS  /tmp/ccvuFdCu.s 			page 9


 457 0061 34       		.uleb128 0x34
 458 0062 00       		.byte	0
 459 0063 03       		.uleb128 0x3
 460 0064 0E       		.uleb128 0xe
 461 0065 49       		.uleb128 0x49
 462 0066 13       		.uleb128 0x13
 463 0067 34       		.uleb128 0x34
 464 0068 19       		.uleb128 0x19
 465 0069 00       		.byte	0
 466 006a 00       		.byte	0
 467 006b 0A       		.uleb128 0xa
 468 006c 2E       		.uleb128 0x2e
 469 006d 00       		.byte	0
 470 006e 03       		.uleb128 0x3
 471 006f 0E       		.uleb128 0xe
 472 0070 3A       		.uleb128 0x3a
 473 0071 21       		.uleb128 0x21
 474 0072 05       		.sleb128 5
 475 0073 3B       		.uleb128 0x3b
 476 0074 05       		.uleb128 0x5
 477 0075 39       		.uleb128 0x39
 478 0076 0B       		.uleb128 0xb
 479 0077 27       		.uleb128 0x27
 480 0078 19       		.uleb128 0x19
 481 0079 49       		.uleb128 0x49
 482 007a 13       		.uleb128 0x13
 483 007b 00       		.byte	0
 484 007c 00       		.byte	0
 485 007d 0B       		.uleb128 0xb
 486 007e 2E       		.uleb128 0x2e
 487 007f 00       		.byte	0
 488 0080 3F       		.uleb128 0x3f
 489 0081 19       		.uleb128 0x19
 490 0082 03       		.uleb128 0x3
 491 0083 0E       		.uleb128 0xe
 492 0084 3A       		.uleb128 0x3a
 493 0085 21       		.uleb128 0x21
 494 0086 06       		.sleb128 6
 495 0087 3B       		.uleb128 0x3b
 496 0088 0B       		.uleb128 0xb
 497 0089 39       		.uleb128 0x39
 498 008a 0B       		.uleb128 0xb
 499 008b 27       		.uleb128 0x27
 500 008c 19       		.uleb128 0x19
 501 008d 49       		.uleb128 0x49
 502 008e 13       		.uleb128 0x13
 503 008f 00       		.byte	0
 504 0090 00       		.byte	0
 505 0091 0C       		.uleb128 0xc
 506 0092 2E       		.uleb128 0x2e
 507 0093 01       		.byte	0x1
 508 0094 3F       		.uleb128 0x3f
 509 0095 19       		.uleb128 0x19
 510 0096 03       		.uleb128 0x3
 511 0097 0E       		.uleb128 0xe
 512 0098 3A       		.uleb128 0x3a
 513 0099 21       		.uleb128 0x21
ARM GAS  /tmp/ccvuFdCu.s 			page 10


 514 009a 06       		.sleb128 6
 515 009b 3B       		.uleb128 0x3b
 516 009c 0B       		.uleb128 0xb
 517 009d 39       		.uleb128 0x39
 518 009e 21       		.uleb128 0x21
 519 009f 06       		.sleb128 6
 520 00a0 27       		.uleb128 0x27
 521 00a1 19       		.uleb128 0x19
 522 00a2 01       		.uleb128 0x1
 523 00a3 13       		.uleb128 0x13
 524 00a4 00       		.byte	0
 525 00a5 00       		.byte	0
 526 00a6 0D       		.uleb128 0xd
 527 00a7 05       		.uleb128 0x5
 528 00a8 00       		.byte	0
 529 00a9 03       		.uleb128 0x3
 530 00aa 0E       		.uleb128 0xe
 531 00ab 3A       		.uleb128 0x3a
 532 00ac 21       		.uleb128 0x21
 533 00ad 06       		.sleb128 6
 534 00ae 3B       		.uleb128 0x3b
 535 00af 0B       		.uleb128 0xb
 536 00b0 39       		.uleb128 0x39
 537 00b1 0B       		.uleb128 0xb
 538 00b2 49       		.uleb128 0x49
 539 00b3 13       		.uleb128 0x13
 540 00b4 00       		.byte	0
 541 00b5 00       		.byte	0
 542 00b6 0E       		.uleb128 0xe
 543 00b7 2E       		.uleb128 0x2e
 544 00b8 00       		.byte	0
 545 00b9 3F       		.uleb128 0x3f
 546 00ba 19       		.uleb128 0x19
 547 00bb 03       		.uleb128 0x3
 548 00bc 0E       		.uleb128 0xe
 549 00bd 3A       		.uleb128 0x3a
 550 00be 21       		.uleb128 0x21
 551 00bf 06       		.sleb128 6
 552 00c0 3B       		.uleb128 0x3b
 553 00c1 0B       		.uleb128 0xb
 554 00c2 39       		.uleb128 0x39
 555 00c3 21       		.uleb128 0x21
 556 00c4 06       		.sleb128 6
 557 00c5 27       		.uleb128 0x27
 558 00c6 19       		.uleb128 0x19
 559 00c7 00       		.byte	0
 560 00c8 00       		.byte	0
 561 00c9 0F       		.uleb128 0xf
 562 00ca 2E       		.uleb128 0x2e
 563 00cb 01       		.byte	0x1
 564 00cc 03       		.uleb128 0x3
 565 00cd 0E       		.uleb128 0xe
 566 00ce 3A       		.uleb128 0x3a
 567 00cf 21       		.uleb128 0x21
 568 00d0 05       		.sleb128 5
 569 00d1 3B       		.uleb128 0x3b
 570 00d2 05       		.uleb128 0x5
ARM GAS  /tmp/ccvuFdCu.s 			page 11


 571 00d3 39       		.uleb128 0x39
 572 00d4 21       		.uleb128 0x21
 573 00d5 14       		.sleb128 20
 574 00d6 27       		.uleb128 0x27
 575 00d7 19       		.uleb128 0x19
 576 00d8 01       		.uleb128 0x1
 577 00d9 13       		.uleb128 0x13
 578 00da 00       		.byte	0
 579 00db 00       		.byte	0
 580 00dc 10       		.uleb128 0x10
 581 00dd 05       		.uleb128 0x5
 582 00de 00       		.byte	0
 583 00df 03       		.uleb128 0x3
 584 00e0 0E       		.uleb128 0xe
 585 00e1 3A       		.uleb128 0x3a
 586 00e2 21       		.uleb128 0x21
 587 00e3 05       		.sleb128 5
 588 00e4 3B       		.uleb128 0x3b
 589 00e5 05       		.uleb128 0x5
 590 00e6 39       		.uleb128 0x39
 591 00e7 0B       		.uleb128 0xb
 592 00e8 49       		.uleb128 0x49
 593 00e9 13       		.uleb128 0x13
 594 00ea 00       		.byte	0
 595 00eb 00       		.byte	0
 596 00ec 11       		.uleb128 0x11
 597 00ed 11       		.uleb128 0x11
 598 00ee 01       		.byte	0x1
 599 00ef 25       		.uleb128 0x25
 600 00f0 0E       		.uleb128 0xe
 601 00f1 13       		.uleb128 0x13
 602 00f2 0B       		.uleb128 0xb
 603 00f3 03       		.uleb128 0x3
 604 00f4 0E       		.uleb128 0xe
 605 00f5 1B       		.uleb128 0x1b
 606 00f6 0E       		.uleb128 0xe
 607 00f7 10       		.uleb128 0x10
 608 00f8 17       		.uleb128 0x17
 609 00f9 00       		.byte	0
 610 00fa 00       		.byte	0
 611 00fb 12       		.uleb128 0x12
 612 00fc 24       		.uleb128 0x24
 613 00fd 00       		.byte	0
 614 00fe 0B       		.uleb128 0xb
 615 00ff 0B       		.uleb128 0xb
 616 0100 3E       		.uleb128 0x3e
 617 0101 0B       		.uleb128 0xb
 618 0102 03       		.uleb128 0x3
 619 0103 08       		.uleb128 0x8
 620 0104 00       		.byte	0
 621 0105 00       		.byte	0
 622 0106 13       		.uleb128 0x13
 623 0107 13       		.uleb128 0x13
 624 0108 01       		.byte	0x1
 625 0109 0B       		.uleb128 0xb
 626 010a 0B       		.uleb128 0xb
 627 010b 3A       		.uleb128 0x3a
ARM GAS  /tmp/ccvuFdCu.s 			page 12


 628 010c 0B       		.uleb128 0xb
 629 010d 3B       		.uleb128 0x3b
 630 010e 05       		.uleb128 0x5
 631 010f 39       		.uleb128 0x39
 632 0110 0B       		.uleb128 0xb
 633 0111 01       		.uleb128 0x1
 634 0112 13       		.uleb128 0x13
 635 0113 00       		.byte	0
 636 0114 00       		.byte	0
 637 0115 14       		.uleb128 0x14
 638 0116 16       		.uleb128 0x16
 639 0117 00       		.byte	0
 640 0118 03       		.uleb128 0x3
 641 0119 0E       		.uleb128 0xe
 642 011a 3A       		.uleb128 0x3a
 643 011b 0B       		.uleb128 0xb
 644 011c 3B       		.uleb128 0x3b
 645 011d 05       		.uleb128 0x5
 646 011e 39       		.uleb128 0x39
 647 011f 0B       		.uleb128 0xb
 648 0120 49       		.uleb128 0x49
 649 0121 13       		.uleb128 0x13
 650 0122 00       		.byte	0
 651 0123 00       		.byte	0
 652 0124 15       		.uleb128 0x15
 653 0125 2E       		.uleb128 0x2e
 654 0126 00       		.byte	0
 655 0127 3F       		.uleb128 0x3f
 656 0128 19       		.uleb128 0x19
 657 0129 03       		.uleb128 0x3
 658 012a 0E       		.uleb128 0xe
 659 012b 3A       		.uleb128 0x3a
 660 012c 0B       		.uleb128 0xb
 661 012d 3B       		.uleb128 0x3b
 662 012e 05       		.uleb128 0x5
 663 012f 39       		.uleb128 0x39
 664 0130 0B       		.uleb128 0xb
 665 0131 27       		.uleb128 0x27
 666 0132 19       		.uleb128 0x19
 667 0133 3C       		.uleb128 0x3c
 668 0134 19       		.uleb128 0x19
 669 0135 00       		.byte	0
 670 0136 00       		.byte	0
 671 0137 16       		.uleb128 0x16
 672 0138 2E       		.uleb128 0x2e
 673 0139 01       		.byte	0x1
 674 013a 3F       		.uleb128 0x3f
 675 013b 19       		.uleb128 0x19
 676 013c 03       		.uleb128 0x3
 677 013d 0E       		.uleb128 0xe
 678 013e 3A       		.uleb128 0x3a
 679 013f 0B       		.uleb128 0xb
 680 0140 3B       		.uleb128 0x3b
 681 0141 0B       		.uleb128 0xb
 682 0142 39       		.uleb128 0x39
 683 0143 0B       		.uleb128 0xb
 684 0144 27       		.uleb128 0x27
ARM GAS  /tmp/ccvuFdCu.s 			page 13


 685 0145 19       		.uleb128 0x19
 686 0146 49       		.uleb128 0x49
 687 0147 13       		.uleb128 0x13
 688 0148 01       		.uleb128 0x1
 689 0149 13       		.uleb128 0x13
 690 014a 00       		.byte	0
 691 014b 00       		.byte	0
 692 014c 17       		.uleb128 0x17
 693 014d 2E       		.uleb128 0x2e
 694 014e 00       		.byte	0
 695 014f 03       		.uleb128 0x3
 696 0150 0E       		.uleb128 0xe
 697 0151 3A       		.uleb128 0x3a
 698 0152 0B       		.uleb128 0xb
 699 0153 3B       		.uleb128 0x3b
 700 0154 05       		.uleb128 0x5
 701 0155 39       		.uleb128 0x39
 702 0156 0B       		.uleb128 0xb
 703 0157 27       		.uleb128 0x27
 704 0158 19       		.uleb128 0x19
 705 0159 00       		.byte	0
 706 015a 00       		.byte	0
 707 015b 00       		.byte	0
 708              		.section	.gnu.debuglto_.debug_line,"e",%progbits
 709              	.Ldebug_line0:
 710 0000 5F000000 		.4byte	.LELT0-.LSLT0
 711              	.LSLT0:
 712 0004 0500     		.2byte	0x5
 713 0006 04       		.byte	0x4
 714 0007 00       		.byte	0
 715 0008 57000000 		.4byte	.LELTP0-.LASLTP0
 716              	.LASLTP0:
 717 000c 01       		.byte	0x1
 718 000d 01       		.byte	0x1
 719 000e 01       		.byte	0x1
 720 000f F6       		.byte	0xf6
 721 0010 F2       		.byte	0xf2
 722 0011 0D       		.byte	0xd
 723 0012 00       		.byte	0
 724 0013 01       		.byte	0x1
 725 0014 01       		.byte	0x1
 726 0015 01       		.byte	0x1
 727 0016 01       		.byte	0x1
 728 0017 00       		.byte	0
 729 0018 00       		.byte	0
 730 0019 00       		.byte	0
 731 001a 01       		.byte	0x1
 732 001b 00       		.byte	0
 733 001c 00       		.byte	0
 734 001d 01       		.byte	0x1
 735 001e 01       		.byte	0x1
 736 001f 01       		.uleb128 0x1
 737 0020 1F       		.uleb128 0x1f
 738 0021 06       		.uleb128 0x6
 739 0022 0A000000 		.4byte	.LASF44
 740 0026 98000000 		.4byte	.LASF45
 741 002a C6000000 		.4byte	.LASF46
ARM GAS  /tmp/ccvuFdCu.s 			page 14


 742 002e F3000000 		.4byte	.LASF47
 743 0032 77010000 		.4byte	.LASF48
 744 0036 12010000 		.4byte	.LASF49
 745 003a 02       		.byte	0x2
 746 003b 01       		.uleb128 0x1
 747 003c 1F       		.uleb128 0x1f
 748 003d 02       		.uleb128 0x2
 749 003e 0B       		.uleb128 0xb
 750 003f 07       		.uleb128 0x7
 751 0040 73000000 		.4byte	.LASF50
 752 0044 00       		.byte	0
 753 0045 E2000000 		.4byte	.LASF51
 754 0049 04       		.byte	0x4
 755 004a 00000000 		.4byte	.LASF52
 756 004e 05       		.byte	0x5
 757 004f 5E000000 		.4byte	.LASF53
 758 0053 03       		.byte	0x3
 759 0054 67000000 		.4byte	.LASF54
 760 0058 01       		.byte	0x1
 761 0059 51000000 		.4byte	.LASF55
 762 005d 01       		.byte	0x1
 763 005e E0010000 		.4byte	.LASF56
 764 0062 02       		.byte	0x2
 765              	.LELTP0:
 766              	.LELT0:
 767              		.section	.gnu.debuglto_.debug_str,"eMS",%progbits,1
 768              	.LASF19:
 769 0000 42445452 		.ascii	"BDTR\000"
 769      00
 770              	.LASF26:
 771 0005 73744973 		.ascii	"stIsAlarmActive\000"
 771      416C6172 
 771      6D416374 
 771      69766500 
 772              	.LASF27:
 773 0015 73744765 		.ascii	"stGetCounter\000"
 773      74436F75 
 773      6E746572 
 773      00
 774              	.LASF13:
 775 0022 73797374 		.ascii	"systime_t\000"
 775      696D655F 
 775      7400
 776              	.LASF40:
 777 002c 2E2E2F2E 		.ascii	"../../../ChibiOS/os/hal/src/hal_st.c\000"
 777      2E2F2E2E 
 777      2F436869 
 777      62694F53 
 777      2F6F732F 
 778              	.LASF41:
 779 0051 2F686F6D 		.ascii	"/home/kocur/wideband-2311-release/firmware/boards/f"
 779      652F6B6F 
 779      6375722F 
 779      77696465 
 779      62616E64 
 780 0084 305F6D6F 		.ascii	"0_module/bootloader\000"
 780      64756C65 
ARM GAS  /tmp/ccvuFdCu.s 			page 15


 780      2F626F6F 
 780      746C6F61 
 780      64657200 
 781              	.LASF25:
 782 0098 73745F6C 		.ascii	"st_lld_init\000"
 782      6C645F69 
 782      6E697400 
 783              	.LASF43:
 784 00a4 73745F6C 		.ascii	"st_lld_stop_alarm\000"
 784      6C645F73 
 784      746F705F 
 784      616C6172 
 784      6D00
 785              	.LASF34:
 786 00b6 73745F6C 		.ascii	"st_lld_is_alarm_active\000"
 786      6C645F69 
 786      735F616C 
 786      61726D5F 
 786      61637469 
 787              	.LASF23:
 788 00cd 73746D33 		.ascii	"stm32_tim_t\000"
 788      325F7469 
 788      6D5F7400 
 789              	.LASF15:
 790 00d9 44494552 		.ascii	"DIER\000"
 790      00
 791              	.LASF28:
 792 00de 5F5F6675 		.ascii	"__func__\000"
 792      6E635F5F 
 792      00
 793              	.LASF37:
 794 00e7 73745F6C 		.ascii	"st_lld_start_alarm\000"
 794      6C645F73 
 794      74617274 
 794      5F616C61 
 794      726D00
 795              	.LASF31:
 796 00fa 61627374 		.ascii	"abstime\000"
 796      696D6500 
 797              	.LASF4:
 798 0102 756E7369 		.ascii	"unsigned char\000"
 798      676E6564 
 798      20636861 
 798      7200
 799              	.LASF8:
 800 0110 6C6F6E67 		.ascii	"long unsigned int\000"
 800      20756E73 
 800      69676E65 
 800      6420696E 
 800      7400
 801              	.LASF36:
 802 0122 73745F6C 		.ascii	"st_lld_set_alarm\000"
 802      6C645F73 
 802      65745F61 
 802      6C61726D 
 802      00
 803              	.LASF10:
ARM GAS  /tmp/ccvuFdCu.s 			page 16


 804 0133 5F5F7569 		.ascii	"__uint32_t\000"
 804      6E743332 
 804      5F7400
 805              	.LASF5:
 806 013e 73686F72 		.ascii	"short int\000"
 806      7420696E 
 806      7400
 807              	.LASF20:
 808 0148 444D4152 		.ascii	"DMAR\000"
 808      00
 809              	.LASF32:
 810 014d 73745374 		.ascii	"stStopAlarm\000"
 810      6F70416C 
 810      61726D00 
 811              	.LASF38:
 812 0159 73745F6C 		.ascii	"st_lld_get_counter\000"
 812      6C645F67 
 812      65745F63 
 812      6F756E74 
 812      657200
 813              	.LASF0:
 814 016c 756E7369 		.ascii	"unsigned int\000"
 814      676E6564 
 814      20696E74 
 814      00
 815              	.LASF9:
 816 0179 6C6F6E67 		.ascii	"long long unsigned int\000"
 816      206C6F6E 
 816      6720756E 
 816      7369676E 
 816      65642069 
 817              	.LASF30:
 818 0190 73745374 		.ascii	"stStartAlarm\000"
 818      61727441 
 818      6C61726D 
 818      00
 819              	.LASF29:
 820 019d 73745365 		.ascii	"stSetAlarm\000"
 820      74416C61 
 820      726D00
 821              	.LASF2:
 822 01a8 6C6F6E67 		.ascii	"long double\000"
 822      20646F75 
 822      626C6500 
 823              	.LASF33:
 824 01b4 7374496E 		.ascii	"stInit\000"
 824      697400
 825              	.LASF1:
 826 01bb 6C6F6E67 		.ascii	"long long int\000"
 826      206C6F6E 
 826      6720696E 
 826      7400
 827              	.LASF12:
 828 01c9 63686172 		.ascii	"char\000"
 828      00
 829              	.LASF18:
 830 01ce 43434552 		.ascii	"CCER\000"
ARM GAS  /tmp/ccvuFdCu.s 			page 17


 830      00
 831              	.LASF14:
 832 01d3 534D4352 		.ascii	"SMCR\000"
 832      00
 833              	.LASF16:
 834 01d8 43434D52 		.ascii	"CCMR1\000"
 834      3100
 835              	.LASF17:
 836 01de 43434D52 		.ascii	"CCMR2\000"
 836      3200
 837              	.LASF21:
 838 01e4 43434D52 		.ascii	"CCMR3\000"
 838      3300
 839              	.LASF39:
 840 01ea 474E5520 		.ascii	"GNU C17 11.3.1 20220712 -mcpu=cortex-m0 -mthumb -mf"
 840      43313720 
 840      31312E33 
 840      2E312032 
 840      30323230 
 841 021d 6C6F6174 		.ascii	"loat-abi=soft -march=armv6s-m -ggdb -Os -fomit-fram"
 841      2D616269 
 841      3D736F66 
 841      74202D6D 
 841      61726368 
 842 0250 652D706F 		.ascii	"e-pointer -falign-functions=16 -fsingle-precision-c"
 842      696E7465 
 842      72202D66 
 842      616C6967 
 842      6E2D6675 
 843 0283 6F6E7374 		.ascii	"onstant -ffunction-sections -fdata-sections -fno-co"
 843      616E7420 
 843      2D666675 
 843      6E637469 
 843      6F6E2D73 
 844 02b6 6D6D6F6E 		.ascii	"mmon -flto\000"
 844      202D666C 
 844      746F00
 845              	.LASF11:
 846 02c1 75696E74 		.ascii	"uint32_t\000"
 846      33325F74 
 846      00
 847              	.LASF7:
 848 02ca 6C6F6E67 		.ascii	"long int\000"
 848      20696E74 
 848      00
 849              	.LASF35:
 850 02d3 73745F6C 		.ascii	"st_lld_get_alarm\000"
 850      6C645F67 
 850      65745F61 
 850      6C61726D 
 850      00
 851              	.LASF3:
 852 02e4 7369676E 		.ascii	"signed char\000"
 852      65642063 
 852      68617200 
 853              	.LASF6:
 854 02f0 73686F72 		.ascii	"short unsigned int\000"
ARM GAS  /tmp/ccvuFdCu.s 			page 18


 854      7420756E 
 854      7369676E 
 854      65642069 
 854      6E7400
 855              	.LASF24:
 856 0303 5F426F6F 		.ascii	"_Bool\000"
 856      6C00
 857              	.LASF22:
 858 0309 43435852 		.ascii	"CCXR\000"
 858      00
 859              	.LASF42:
 860 030e 73744765 		.ascii	"stGetAlarm\000"
 860      74416C61 
 860      726D00
 861              		.section	.gnu.debuglto_.debug_line_str,"eMS",%progbits,1
 862              	.LASF52:
 863 0000 5F737464 		.ascii	"_stdint.h\000"
 863      696E742E 
 863      6800
 864              	.LASF44:
 865 000a 2F686F6D 		.ascii	"/home/kocur/wideband-2311-release/firmware/boards/f"
 865      652F6B6F 
 865      6375722F 
 865      77696465 
 865      62616E64 
 866 003d 305F6D6F 		.ascii	"0_module/bootloader\000"
 866      64756C65 
 866      2F626F6F 
 866      746C6F61 
 866      64657200 
 867              	.LASF55:
 868 0051 68616C5F 		.ascii	"hal_st_lld.h\000"
 868      73745F6C 
 868      6C642E68 
 868      00
 869              	.LASF53:
 870 005e 63687469 		.ascii	"chtime.h\000"
 870      6D652E68 
 870      00
 871              	.LASF54:
 872 0067 73746D33 		.ascii	"stm32_tim.h\000"
 872      325F7469 
 872      6D2E6800 
 873              	.LASF50:
 874 0073 2E2E2F2E 		.ascii	"../../../ChibiOS/os/hal/src/hal_st.c\000"
 874      2E2F2E2E 
 874      2F436869 
 874      62694F53 
 874      2F6F732F 
 875              	.LASF45:
 876 0098 2E2E2F2E 		.ascii	"../../../ChibiOS/os/hal/ports/STM32/LLD/TIMv1\000"
 876      2E2F2E2E 
 876      2F436869 
 876      62694F53 
 876      2F6F732F 
 877              	.LASF46:
 878 00c6 2E2E2F2E 		.ascii	"../../../ChibiOS/os/hal/src\000"
ARM GAS  /tmp/ccvuFdCu.s 			page 19


 878      2E2F2E2E 
 878      2F436869 
 878      62694F53 
 878      2F6F732F 
 879              	.LASF51:
 880 00e2 5F646566 		.ascii	"_default_types.h\000"
 880      61756C74 
 880      5F747970 
 880      65732E68 
 880      00
 881              	.LASF47:
 882 00f3 2E2E2F2E 		.ascii	"../../../ChibiOS/os/rt/include\000"
 882      2E2F2E2E 
 882      2F436869 
 882      62694F53 
 882      2F6F732F 
 883              	.LASF49:
 884 0112 2F686F6D 		.ascii	"/home/kocur/.rusefi-tools/arm-gnu-toolchain-11.3.re"
 884      652F6B6F 
 884      6375722F 
 884      2E727573 
 884      6566692D 
 885 0145 6C312D78 		.ascii	"l1-x86_64-arm-none-eabi/arm-none-eabi/include/sys\000"
 885      38365F36 
 885      342D6172 
 885      6D2D6E6F 
 885      6E652D65 
 886              	.LASF48:
 887 0177 2F686F6D 		.ascii	"/home/kocur/.rusefi-tools/arm-gnu-toolchain-11.3.re"
 887      652F6B6F 
 887      6375722F 
 887      2E727573 
 887      6566692D 
 888 01aa 6C312D78 		.ascii	"l1-x86_64-arm-none-eabi/arm-none-eabi/include/machi"
 888      38365F36 
 888      342D6172 
 888      6D2D6E6F 
 888      6E652D65 
 889 01dd 6E6500   		.ascii	"ne\000"
 890              	.LASF56:
 891 01e0 68616C5F 		.ascii	"hal_st.c\000"
 891      73742E63 
 891      00
 892              		.text
 893              		.section	.gnu.lto_.profile.1fefda8abdaabd48,"e",%progbits
 894 0000 789C6362 		.ascii	"x\234cb\000\001\000\000\022\000\003"
 894      00010000 
 894      120003
 895              		.text
 896              		.section	.gnu.lto_.icf.1fefda8abdaabd48,"e",%progbits
 897 0000 789C4B60 		.ascii	"x\234K`@\000N\206\356\276\243\253\371\331\230\030\230"
 897      40004E86 
 897      EEBEA3AB 
 897      F9D99818 
 897      98
 898 0011 18619871 		.ascii	"\030a\230q\363\204G\233\371\231\300\334\275\347\227"
 898      F384479B 
ARM GAS  /tmp/ccvuFdCu.s 			page 20


 898      F999C0DC 
 898      BDE797
 899 0020 9D626560 		.ascii	"\235be`\236\377\370g\014\003\313\331\233WW\263\201\305"
 899      9EFFF867 
 899      0C03CBD9 
 899      9B5757B3 
 899      81C5
 900 0032 59576E5E 		.ascii	"YWn^|\201\005\314d[uh\367e\0360\223\275\357s\307k>0"
 900      7C8105CC 
 900      645B7568 
 900      F7651E30 
 900      93BDEF73 
 901 004a 93A3EFFD 		.ascii	"\223\243\357\375\215\027l\014\014\000\372\031\033g"
 901      8D176C0C 
 901      0C00FA19 
 901      1B67
 902              		.text
 903              		.section	.gnu.lto_.ipa_sra.1fefda8abdaabd48,"e",%progbits
 904 0000 789C4589 		.ascii	"x\234E\211\271\021\000 \014\303\344\230w\036\366\337"
 904      B9110020 
 904      0CC3E498 
 904      771EF6DF 
 905 0010 0D08056A 		.ascii	"\015\010\005j$\237\027\237\211\256$\034'e\345R\252\240"
 905      249F179F 
 905      89AE241C 
 905      2765E552 
 905      AAA0
 906 0022 FAEE863B 		.ascii	"\372\356\206;\036\230`\003\023,\000|"
 906      1E986003 
 906      132C007C 
 907              		.text
 908              		.section	.gnu.lto_.inline.1fefda8abdaabd48,"e",%progbits
 909 0000 789C0B62 		.ascii	"x\234\013bd\200\003N\006\006\266\206\206\206\003L\251"
 909      6480034E 
 909      0606B686 
 909      8686034C 
 909      A9
 910 0011 8C0C4C20 		.ascii	"\214\014L V\003s\012D\250\201)\205\211\201\011\244\206"
 910      5603730A 
 910      44A88129 
 910      85898109 
 910      A486
 911 0023 91B01226 		.ascii	"\221\260\022&\006\026\260D\032#\210\337\010d\326a\230"
 911      0616B044 
 911      1A2388DF 
 911      0864D661 
 911      98
 912 0034 C2052299 		.ascii	"\302\005\"\231\031X\201\202\013\360)d\342\006\251\236"
 912      19588182 
 912      0BF02964 
 912      E206A99E 
 913 0044 E0C7C002 		.ascii	"\340\307\300\00254\005\250\226\011\254$\031]-+a%l\204"
 913      353405A8 
 913      9609AC24 
 913      195D2D2B 
 913      61256C84 
 914 0058 95B01356 		.ascii	"\225\260\023V\302A\244\273\031\030\000\212\275D\022"
ARM GAS  /tmp/ccvuFdCu.s 			page 21


 914      C241A4BB 
 914      1918008A 
 914      BD4412
 915              		.text
 916              		.section	.gnu.lto_.jmpfuncs.1fefda8abdaabd48,"e",%progbits
 917 0000 789C458B 		.ascii	"x\234E\213\301\015\2000\020\303\234p\024xu\244\216\326"
 917      C10D8030 
 917      10C39C70 
 917      147875A4 
 917      8ED6
 918 0012 D5D8AC04 		.ascii	"\325\330\254\004\361\300R\036\226\234\301\317\205\244"
 918      F1C0521E 
 918      969CC1CF 
 918      85A4
 919 0020 690B1CDD 		.ascii	"i\013\034\335b\262]3\242\273D\266B\247`\377\332\006"
 919      62B25D33 
 919      A2BB44B6 
 919      42A760FF 
 919      DA06
 920 0032 079CEFFD 		.ascii	"\007\234\357\375\001\353\033\007\234"
 920      01EB1B07 
 920      9C
 921              		.text
 922              		.section	.gnu.lto_.pureconst.1fefda8abdaabd48,"e",%progbits
 923 0000 789C05C1 		.ascii	"x\234\005\301\011\021\000 \020\304\260\005\312\347\001"
 923      09110020 
 923      10C4B005 
 923      CAE701
 924 000f E137554B 		.ascii	"\3417UK\362\222\334H\223^\214\002\231\262d\313)>SV\005"
 924      F292DC48 
 924      935E8C02 
 924      99B264CB 
 924      293E5356 
 925 0024 D2       		.ascii	"\322"
 926              		.text
 927              		.section	.gnu.lto_.ipa_modref.1fefda8abdaabd48,"e",%progbits
 928 0000 789C5BC5 		.ascii	"x\234[\305\200\000\234\014\014\012\002\002\020\202\221"
 928      80009C0C 
 928      0C0A0202 
 928      108291
 929 000f 89198859 		.ascii	"\211\031\210Y\030\031\030\030Q\371`\025\014L\010\225"
 929      18191818 
 929      51F96015 
 929      0C4C0895 
 930 001f 0C0CCC8C 		.ascii	"\014\014\314\214\362\010^K\203\000\0136cX\261\011\262"
 930      F2085E4B 
 930      83000B36 
 930      6358B109 
 930      B2
 931 0030 61339B1D 		.ascii	"a3\233\035\233 \007\262\205\014\000\243O\006\340"
 931      9B2007B2 
 931      850C00A3 
 931      4F06E0
 932              		.text
 933              		.section	.gnu.lto_.lto.1fefda8abdaabd48,"e",%progbits
 934 0000 0B000300 		.ascii	"\013\000\003\000\001\000\000\000"
 934      01000000 
ARM GAS  /tmp/ccvuFdCu.s 			page 22


 935              		.text
 936              		.section	.gnu.lto_st_lld_start_alarm.181.1fefda8abdaabd48,"e",%progbits
 937 0000 789C7D50 		.ascii	"x\234}PMH\033A\024~o6\233D<\024,-\036<\010\2756;&B("
 937      4D481B41 
 937      147E6F36 
 937      9B443C14 
 937      2C2D1E3C 
 938 001b F4225811 		.ascii	"\364\"X\021A\361\240\367\260\311\216d\351\256Sw\223"
 938      41F1A0F7 
 938      B0C98E64 
 938      E9AE5377 
 938      93
 939 002c 862292A7 		.ascii	"\206\"\222\247\007\0179(z\366\247\271E\020\2447\177"
 939      070F3928 
 939      7AF6A7B9 
 939      4510A437 
 939      7F
 940 003d 501741E8 		.ascii	"P\027A\350Q\012\036\245E\301\277\253B\005[\354\354\356"
 940      510A1EA5 
 940      45C1BFAB 
 940      42055BEC 
 940      ECEE
 941 004f A1D04387 		.ascii	"\241\320C\207\231\307\373\276\367\276\367\315\314\000"
 941      99C7FBBE 
 941      F7BEF7CD 
 941      CC00
 942 005d 027C0680 		.ascii	"\002|\006\200W\352\240\006\270\274\324`@D})\206\263"
 942      57EAA006 
 942      B8BCD460 
 942      40447D29 
 942      86B3
 943 006f 4B8D36DC 		.ascii	"K\2156\334\303\010!\324\031\326\261\251q\005\037\216"
 943      C30821D4 
 943      19D6B1A9 
 943      71051F8E 
 944 007f 2F83D5E4 		.ascii	"/\203\325\344&\235\220v\013P\207h\351\230|\216\011\025"
 944      269D9076 
 944      0B508768 
 944      E9987C8E 
 944      0915
 945 0091 5F60B78E 		.ascii	"_`\267\216\351y\204L@tr\263M\324\0063\273X\337\301m"
 945      E979844C 
 945      407472B3 
 945      4DD40633 
 945      BB58DFC1 
 946 00a6 65C67001 		.ascii	"e\306p\001\277\352\000\355\261P1\260\365M\017\350\327"
 946      BFEA00ED 
 946      B15031B0 
 946      F54D0FE8 
 946      D7
 947 00b7 D322D1E9 		.ascii	"\323\"\321\351\025\376\376\222H2\304]UX\323\302\233"
 947      15FEFE92 
 947      4832C45D 
 947      5558D3C2 
 947      9B
 948 00c8 50022900 		.ascii	"P\002)\000X\327X\014f\025\370\311\350\374\354\242\023"
 948      58D7580C 
ARM GAS  /tmp/ccvuFdCu.s 			page 23


 948      6615F8C9 
 948      E8FCECA2 
 948      13
 949 00d9 1ED9D1CA 		.ascii	"\036\331\321\312F\227\362\234F\210b\324\242\343f\230"
 949      4697F29C 
 949      468862D4 
 949      A2E36698 
 950 00e9 5C3FFB74 		.ascii	"\\?\373t\200\373a!\337$J\327\016\261\012\360F\245\255"
 950      80FB6121 
 950      DF244AD7 
 950      0EB10AF0 
 950      46A5AD
 951 00fc 977E80AF 		.ascii	"\227~\200\257\225\261\306\242I\337\343I\367\255\256"
 951      95B1C6A2 
 951      49DFE349 
 951      F7ADAE
 952 010b 7F9491CE 		.ascii	"\177\224\221\316?\302)\200\244\304\330\366\356\377\315"
 952      3FC22980 
 952      A4C4D8F6 
 952      EEFFCD
 953 011a C7E846CD 		.ascii	"\307\350F\315\014\236\330\334\217\307\213t\3647k\032"
 953      0C9ED8DC 
 953      8FC78B74 
 953      F4376B1A 
 954 012a FE7D09C0 		.ascii	"\376}\011\300 /KW\360\367\262T\365x\315\266D\321\234"
 954      202F4B57 
 954      F0F7B254 
 954      F578CDB6 
 954      44D19C
 955 013d B432B9DE 		.ascii	"\2642\271\336l6\343\011G\230\276\340\023\266\347\326"
 955      6C36E309 
 955      4798BEE0 
 955      13B6E7D6 
 956 014d 4C4FF0A2 		.ascii	"LO\360\2424=\313\347\023=\005WZU'$d\305\221\246%<xk"
 956      343DCBE7 
 956      133D0557 
 956      5A552724 
 956      64C591A6 
 957 0165 183CDEFD 		.ascii	"\030<\336\375e\273h\217\216q\351\363\262\351\360\017"
 957      65BB688F 
 957      8E71E9F3 
 957      B2E9F00F 
 958 0175 D2ABF87C 		.ascii	"\322\253\370|l|\2447\307\207\207\337\361\361\241\221"
 958      6C7CA437 
 958      C78787DF 
 958      F1F1A191 
 959 0185 8FD9B052 		.ascii	"\217\331\260R\360+\005\307\261\2142\244\314\242_\261"
 959      F02B05C7 
 959      B18C32A4 
 959      CCA25FB1 
 960 0195 5DD111B3 		.ascii	"]\321\021\263F\311\260\362\"\237\313\226z\340\017&\244"
 960      46C9B0F2 
 960      229FCB96 
 960      7AE00F26 
 960      A4
 961 01a6 A78D     		.ascii	"\247\215"
 962              		.text
ARM GAS  /tmp/ccvuFdCu.s 			page 24


 963              		.section	.gnu.lto_st_lld_is_alarm_active.185.1fefda8abdaabd48,"e",%progbits
 964 0000 789C454D 		.ascii	"x\234EMAK\002Q\020\236yoW\203~D\235\242\213\276T\352"
 964      414B0251 
 964      109E796F 
 964      57837E44 
 964      9DA28BBE 
 965 0016 D225288A 		.ascii	"\322%(\212@\351\240wY\333\225]Z{\361V\223\016\342\263"
 965      40E9A077 
 965      59DB955D 
 965      5A7BF156 
 965      930EE2B3 
 966 002a 10C14BD8 		.ascii	"\020\301K\330\251\223a\267@\350P\020%\204\024\321)\220"
 966      A99361B7 
 966      40E85010 
 966      258414D1 
 966      2990
 967 003c A87B27A1 		.ascii	"\250{'\241C\347\002\003{\273\036\032\346\033\346\373"
 967      43E70203 
 967      7BBB1E1A 
 967      E61BE6FB 
 968 004c BE61BE01 		.ascii	"\276a\276\001\000\324\025\346\024\220\002\236\264\232"
 968      00D415E6 
 968      1490029E 
 968      B49A
 969 005a 04A4942B 		.ascii	"\004\244\224+a\202\265V\363\271\375\270\2167\030\010"
 969      6182B556 
 969      F3B9FDB8 
 969      8E371808 
 970 006a 08558255 		.ascii	"\010U\202U\354P\326\227\362\347i\370\321\013u\257\007"
 970      EC50D697 
 970      F2E769F8 
 970      D10B75AF 
 970      07
 971 007b 9256A1B2 		.ascii	"\222V\241\262\030\207\240\246\001*\376#\205\313W\275"
 971      1887A0A6 
 971      012AFE23 
 971      85CB57BD 
 972 008b 2F7FC7C7 		.ascii	"/\177\307\307R\276\014\361\363J\323\021\010!\012\032"
 972      52BE0CF1 
 972      F34AD311 
 972      08210A1A 
 973 009b 1065B7A9 		.ascii	"\020e\267\251\237\"5\224}\2003J&\244\246\3107\221\347"
 973      9F223594 
 973      7D80334A 
 973      26A4A6C8 
 973      3791E7
 974 00ae 61189187 		.ascii	"a\030\221\207\373\213\031\212:\206\016\020\202\031\234"
 974      FB8B198A 
 974      3A860E10 
 974      82199C
 975 00bd E8D8F597 		.ascii	"\350\330\365\227\251\362\035\336\",u\324Z\352\241\247"
 975      A9F21DDE 
 975      222C75D4 
 975      5AEAA1A7 
 976 00cd 3E8EC8D1 		.ascii	">\216\310\321i\343K\243\204bh\036\211\317\337\032\357"
 976      69E34BA3 
 976      8462681E 
ARM GAS  /tmp/ccvuFdCu.s 			page 25


 976      89CFDF1A 
 976      EF
 977 00de 4895A238 		.ascii	"H\225\2428\300\230\034\316R\015\202l\374\317\006\330"
 977      C0981CCE 
 977      520D826C 
 977      FCCF06D8 
 978 00ee 60362F58 		.ascii	"`6/Xl\207o\227\004+;\246\2253v\315H<\021\213E\204\345"
 978      6C876F97 
 978      042B3BA6 
 978      953376CD 
 978      483C118B 
 979 0105 5A8667B1 		.ascii	"Z\206g\261\274#\012eCX,\307\015az,\277\220-p\263\344"
 979      BC230A65 
 979      43582CC7 
 979      0D617A2C 
 979      BF902D70 
 980 011b FA022FBA 		.ascii	"\372\002/\272\3340-\001\313\321(\233\364\252\355\344"
 980      DC302D01 
 980      CBD1289B 
 980      F4AAEDE4 
 981 012b 9CAD34E3 		.ascii	"\234\2554\343\036\263\015\227\355qQ\364X:\223J\304Y"
 981      1EB30D97 
 981      ED7151F4 
 981      583A934A 
 981      C459
 982 013d 32B9C632 		.ascii	"2\271\3062\233\251\375\230\357d\275b\326u\315\250\015"
 982      9BA9FD98 
 982      EF64BD62 
 982      D675CDA8 
 982      0D
 983 014e 7FEC8B73 		.ascii	"\177\354\213su"
 983      75
 984              		.text
 985              		.section	.gnu.lto_stInit.186.1fefda8abdaabd48,"e",%progbits
 986 0000 789C6B66 		.ascii	"x\234kf``\310\007be fdf`\2344\261\213\211\241\241\241"
 986      6060C807 
 986      62652066 
 986      6466609C 
 986      34B18B89 
 987 0017 C1819D89 		.ascii	"\301\201\235\211\261qb\027'\343vF0\217\221\241\236\211"
 987      B1716217 
 987      27E37646 
 987      308F91A1 
 987      9E89
 988 0029 B19E7121 		.ascii	"\261\236q!\263>\220\373\343\350\263\206\215\022\015"
 988      B33E90FB 
 988      E3E8B386 
 988      8D120D
 989 0038 2B0E30BE 		.ascii	"+\0160\276b`\250g\200\002n\010\233\021\210\327_b=\320"
 989      6260A867 
 989      80026E08 
 989      9B1188D7 
 989      5F623DD0 
 990 004c F0E77F7F 		.ascii	"\360\347\177\177C\303\335G\2143\225\231\031\030\346"
 990      43C3DD47 
 990      8C339599 
 990      1918E6
ARM GAS  /tmp/ccvuFdCu.s 			page 26


 991 005b 31834C6D 		.ascii	"1\203Lm`al8\300\3000\237\231\011\302i\004r\27635<\332"
 991      60616C38 
 991      C0C0309F 
 991      9909C269 
 991      0472BE33 
 992 0072 788C91E1 		.ascii	"x\214\221\341/S\263\002C\027#Sm5\003\003\0233\303\177"
 992      2F53B302 
 992      43172353 
 992      6D350303 
 992      1333C37F 
 993 0086 A6A6079B 		.ascii	"\246\246\007\233\335\300\006\317cfD\350e`p\327\317\310"
 993      DDC006CF 
 993      636644E8 
 993      656070D7 
 993      CFC8
 994 0098 CF4DD5CF 		.ascii	"\317M\325\317\316O.-\322/\317LIMJ\314K\3215264\324-"
 994      CE4F2E2D 
 994      D22FCF4C 
 994      494D4ACC 
 994      4BD13532 
 995 00b0 4ACD494D 		.ascii	"J\315IM,N\325O\313,\312-O,J\325O\312O,J)\326O3\210\317"
 995      2C4ED54F 
 995      CB2CCA2D 
 995      4F2C4AD5 
 995      4FCA4F2C 
 996 00cb CD4F29CD 		.ascii	"\315O)\315\001\011\344\227\344\344'\246\244\0261\250"
 996      0109E497 
 996      E4E427A6 
 996      A41631A8 
 997 00db EAE9E943 		.ascii	"\352\351\351C\220sFfR\246\177\260~~\261~Fb\216~qQ2\210"
 997      90734666 
 997      52A67FB0 
 997      7E7EB17E 
 997      46628E7E 
 998 00f3 8E2F2ED1 		.ascii	"\216/.\321Kf\000\000I\315XB"
 998      4B660000 
 998      49CD5842 
 999              		.text
 1000              		.section	.gnu.lto_stStartAlarm.187.1fefda8abdaabd48,"e",%progbits
 1001 0000 789C454E 		.ascii	"x\234EN=K\303P\024\275\367%m-n\212\340X,\216\315k+t"
 1001      3D4BC350 
 1001      14BDF725 
 1001      6D2D6E8A 
 1001      E0582C8E 
 1002 0018 16041D1D 		.ascii	"\026\004\035\035\374\001\345%y%\301\304H\322RE$\257"
 1002      FC01E525 
 1002      7925C1C4 
 1002      48D25245 
 1002      24AF
 1003 002a E29445EA 		.ascii	"\342\224E\352\017\250\270\2719\011\265*d\261\263\210"
 1003      0FA8B8B9 
 1003      3909B52A 
 1003      64B1B388 
 1004 003a 3F408A38 		.ascii	"?@\21288\011\342\027(\365\245E\275\334s\016\347\300"
 1004      3809E217 
 1004      28F5A545 
 1004      BDDC730E 
ARM GAS  /tmp/ccvuFdCu.s 			page 27


 1004      E7C0
 1005 004c BD9C3E00 		.ascii	"\275\234>\000D\022y\011T\000\017\333\021\001!\304b\206"
 1005      44127909 
 1005      54000FDB 
 1005      110121C4 
 1005      6286
 1006 005e 60AB1D65 		.ascii	"`\253\035e\361\002G\016!$\030\342\261B\245\375\270~"
 1006      F102470E 
 1006      212418E2 
 1006      B142A5FD 
 1006      B87E
 1007 0070 7C3E9B15 		.ascii	"|>\233\025'1>\001\2040\232\024\246\247Q\225<\203\271"
 1007      27313E01 
 1007      84309A14 
 1007      A6A75195 
 1007      3C83B9
 1008 0083 144E6C42 		.ascii	"\024NlB!\026\342\346\252+D\026v{\030\236c\027\001\010"
 1008      2116E2E6 
 1008      AA2B4416 
 1008      767B189E 
 1008      63170108 
 1009 0097 6EDDA900 		.ascii	"n\335\251\000\223\3433\031\300\351m*\026_\303\003!^"
 1009      93E33319 
 1009      C0E96D2A 
 1009      165FC303 
 1009      215E
 1010 00a9 1FF032AF 		.ascii	"\037\3602\257\022\304\236\314;J\322B\250(b\200#\205"
 1010      12C49ECC 
 1010      3B4AD242 
 1010      A8286280 
 1010      2385
 1011 00bb 8C4D4B9A 		.ascii	"\214MK\232w\"\006/}Lt\356\217\006oi\370&\3739\210\220"
 1011      7722062F 
 1011      7D4C74EE 
 1011      8F066F69 
 1011      F826FB39 
 1012 00d1 EC6C0328 		.ascii	"\354l\003(\204\2500${\367\237\313\243v\035\005\377\337"
 1012      84A83024 
 1012      7BF79FCB 
 1012      A3761D05 
 1012      FFDF
 1013 00e3 01AC50CB 		.ascii	"\001\254P\313s9]\367\214\206O\233\266\311u\266a\026"
 1013      73395DF7 
 1013      8C864F9B 
 1013      B6C975B6 
 1013      6116
 1014 00f5 CA0BA552 		.ascii	"\312\013\245R\301\347\016g\001\2475\333w\233\314\347"
 1014      C1E70E67 
 1014      01A735DB 
 1014      779BCCE7 
 1015 0105 54F7986F 		.ascii	"T\367\230o\006\264V\254\272\236\331p\222\300\253;\036"
 1015      06B456AC 
 1015      BA9ED970 
 1015      92C0AB3B 
 1015      1E
 1016 0116 33B90FF3 		.ascii	"3\271\017\363\232F\307\273d\331\272\275\272F\275\200"
 1016      9A46C7BB 
ARM GAS  /tmp/ccvuFdCu.s 			page 28


 1016      64D9BABD 
 1016      BA46BD80 
 1017 0126 5ACCA181 		.ascii	"Z\314\241\201o$Z\015\352\232\001\031\246\007u\333\345"
 1017      6F245A0D 
 1017      EA9A0119 
 1017      A60775DB 
 1017      E5
 1018 0137 53BF8966 		.ascii	"S\277\211fVx\245\\2\212\360\003\372\267t,"
 1018      5678A55C 
 1018      328AF003 
 1018      FAB7742C 
 1019              		.text
 1020              		.section	.gnu.lto_stStopAlarm.188.1fefda8abdaabd48,"e",%progbits
 1021 0000 789C754F 		.ascii	"x\234uOAK\002A\024~o7\313\350\020t\251C\267\350\250"
 1021      414B0241 
 1021      147E6F37 
 1021      CBE81074 
 1021      A943B7E8 
 1022 0015 930A5DBA 		.ascii	"\223\012]\272\004\005\021(\035\364.\253\273\262Kk\023"
 1022      04051128 
 1022      1DF42EAB 
 1022      BBB24B6B 
 1022      13
 1023 0026 BB9A4488 		.ascii	"\273\232D\210\223\335$\020;y\010\305\233PP\267T*$\010"
 1023      93DD2410 
 1023      3B7908C5 
 1023      9B5050B7 
 1023      542A2408 
 1024 003a AFD12F88 		.ascii	"\257\321/\210\016Z]\012\212\012\012lf\365\3320o\336"
 1024      0E5A5D0A 
 1024      8A0A0A6C 
 1024      66F5DA30 
 1024      6FDE
 1025 004c F77DF3BD 		.ascii	"\367}\363\275yoz\000p\302c\216\007\312\200G\245\202"
 1025      796F7A00 
 1025      70C2638E 
 1025      07CA8047 
 1025      A582
 1026 005e 048CB1E5 		.ascii	"\004\214\261\3451\011\367K\205q\274@\207!\344$\314a"
 1026      3109F74B 
 1026      8571BC40 
 1026      8721E424 
 1026      CC61
 1027 0070 4D269C7E 		.ascii	"M&\234~\337v\357\2323\254\336\306\027\200\034\014\327"
 1027      DF76EF9A 
 1027      33ACDEC6 
 1027      17801C0C 
 1027      D7
 1028 0081 8483D185 		.ascii	"\204\203\321\205\034d\233\010\034\010o\317\007\015\314"
 1028      1C649B08 
 1028      1C086FCF 
 1028      070DCC
 1029 0090 8ADB1672 		.ascii	"\212\333\026r\025\271\363\354\336\325f\277\375\"c\257"
 1029      15B9F3EC 
 1029      DED566BF 
 1029      FD2263AF 
 1030 00a0 B38DE34F 		.ascii	"\263\215\343O\267\014P\221EW6\202\254\015P\225\245\001"
ARM GAS  /tmp/ccvuFdCu.s 			page 29


 1030      B70C5091 
 1030      45573682 
 1030      AC0D5095 
 1030      A501
 1031 00b2 39E0E44B 		.ascii	"9\340\344Kb\217\325\016\212\374^+\226\273\017S\342\031"
 1031      628FD50E 
 1031      8AFC5E2B 
 1031      96BB0F53 
 1031      E219
 1032 00c4 47ED9611 		.ascii	"G\355\226\021[\010?\322\315G}\332\205\243{\242)?\235"
 1032      5B083FD2 
 1032      CD477DDA 
 1032      85A37BA2 
 1032      293F9D
 1033 00d7 62179E22 		.ascii	"b\027\236\"\354^\341%\302b\215\261\247\311\3145\246"
 1033      EC5EE125 
 1033      C2628DB1 
 1033      A7C9CC35 
 1033      A6
 1034 00e8 F90CA336 		.ascii	"\371\014\2436\037\241/\345\337\236\017\317;n\376?g\370"
 1034      1FA12FE5 
 1034      DF9E0FCF 
 1034      3B6EFE3F 
 1034      67F8
 1035 00fa 8A3CA8C2 		.ascii	"\212<\250\302|[\3205\242\323\244F6i<m\221\214\241j1"
 1035      7C5BD035 
 1035      A2D3A446 
 1035      36693C6D 
 1035      918CA16A 
 1036 010f 654BF5F8 		.ascii	"eK\365\370\003>\237\307\322LM\2615\2220\254dF\2614\022"
 1036      033E9FC7 
 1036      D24C4DB1 
 1036      359230AC 
 1036      6446B134 
 1037 0124 A38AA5DA 		.ascii	"\243\212\245\332$\261\020MR5m\012\201\246L\252\250\232"
 1037      24B1104D 
 1037      52356D0A 
 1037      81A64CAA 
 1037      A89A
 1038 0136 05F35E2F 		.ascii	"\005\363^/\031\354\025\335\210\031\033aBm\242+&\261"
 1038      19EC15DD 
 1038      88191B61 
 1038      426DA22B 
 1038      26B1
 1039 0148 ADB8C851 		.ascii	"\255\270\310Q;\345\215\303\322\177\256mj\245l\022\216"
 1039      3BE58DC3 
 1039      D27FAE6D 
 1039      6AA56C12 
 1039      8E
 1040 0159 84027E12 		.ascii	"\204\002~\022\014\256\222\310zh\3077\254\213\232\246"
 1040      0CAE92C8 
 1040      7A68C737 
 1040      AC8B9AA6 
 1041 0169 EAD5E10F 		.ascii	"\352\325\341\017\340\254\216\204"
 1041      E0AC8E84 
 1042              		.text
 1043              		.section	.gnu.lto_stSetAlarm.189.1fefda8abdaabd48,"e",%progbits
ARM GAS  /tmp/ccvuFdCu.s 			page 30


 1044 0000 789C7550 		.ascii	"x\234uPAh\023A\024\375o7kZz\020*\212\007\221\240x\322"
 1044      41681341 
 1044      14FD6F37 
 1044      6B5A7A10 
 1044      2A8A0791 
 1045 0017 EC745308 		.ascii	"\354tS\010\202\036\004\205*\264xh\357a\223\335\222\340"
 1045      821E0485 
 1045      2AB47868 
 1045      EF6193DD 
 1045      92E0
 1046 0029 C6ADBB89 		.ascii	"\306\255\273\211Q\202dL\305C(H\305\203\207P\351\311"
 1046      5182644C 
 1046      C5432848 
 1046      C5838750 
 1046      E9C9
 1047 003b 0A850A8A 		.ascii	"\012\205\012\212\324\326\246Kk\354\305\203x\022\304"
 1047      D4D6A64B 
 1047      6BECC583 
 1047      7812C4
 1048 004a 5A72085A 		.ascii	"Zr\010Z\021\024\017-(\326\231\215\366\3460\363\377\274"
 1048      11140F2D 
 1048      28D6998D 
 1048      F6E630F3 
 1048      FFBC
 1049 005c FFE7BDF9 		.ascii	"\377\347\275\371\377O\200\350\025\021\035\025\007*\341"
 1049      FF4F80E8 
 1049      15111D15 
 1049      072AE1
 1050 006b EE644D21 		.ascii	"\356dM!\316\371\231\250\202\233\223\265n,\"D\240\212"
 1050      CEF999A8 
 1050      829B93B5 
 1050      6E2C2244 
 1050      A08A
 1051 007d 820AA655 		.ascii	"\202\012\246U&\340v\263\375x\351 \237\011\260IT\241"
 1051      26E076B3 
 1051      FD78E920 
 1051      9F09B049 
 1051      54A1
 1052 008f 7069D8B3 		.ascii	"pi\330\263\017\021a\367#\246\241k\214\342\001\347o\026"
 1052      0F1161F7 
 1052      23A6A16B 
 1052      8CE201E7 
 1052      6F16
 1053 00a1 E739EFA6 		.ascii	"\3479\357\246\033\013\250<\307\274\370J\301\265\271"
 1053      1B0BA83C 
 1053      C7BCF84A 
 1053      C1B5B9
 1054 00b0 08514F48 		.ascii	"\010QOH\203\006q)/A\220\345\353\355g\265\331'\247\233"
 1054      83067129 
 1054      2F4190E5 
 1054      EBED67B5 
 1054      D927A79B 
 1055 00c4 E3FCBC20 		.ascii	"\343\374\274 \224CB\003\202\361P\323p\\\346\237\336"
 1055      94434203 
 1055      82F150D3 
 1055      705CE69F 
 1055      DE
ARM GAS  /tmp/ccvuFdCu.s 			page 31


 1056 00d5 FEB28A3A 		.ascii	"\376\262\212:\017n\305v\025\033\010\377\356\221Um\031"
 1056      0F6EC576 
 1056      151B08FF 
 1056      EE91556D 
 1056      19
 1057 00e6 CBA01728 		.ascii	"\313\240\027(K\371\000BV\346\346\336j\001\377\265s\207"
 1057      4BF90042 
 1057      56E6E6DE 
 1057      6A01FFB5 
 1057      7387
 1058 00f8 F38F875F 		.ascii	"\363\217\207_\327\177wE\024`A$\246T\331&\217\200\007"
 1058      D77F7745 
 1058      14604124 
 1058      A654D926 
 1058      8F8007
 1059 010b 440F54A5 		.ascii	"D\017T\245\003\306\005\330Rx\353\375\032\244?\262kZ"
 1059      03C605D8 
 1059      5278EBFD 
 1059      1AA43FB2 
 1059      6B5A
 1060 011d EB51E1AA 		.ascii	"\353Q\341\25214\240*2\360\343\353\275w\355\215^,\207"
 1060      3134A02A 
 1060      32F0E3EB 
 1060      BD77ED8D 
 1060      5E2C87
 1061 0130 0F5B1FDA 		.ascii	"\017[\037\332\367\201\000\364SY\251?:$\306p]v%l\250"
 1061      F78100F4 
 1061      5359A93F 
 1061      3A24C670 
 1061      5D76256C 
 1062 0145 AB611654 		.ascii	"\253a\026TZ\305\212\014&\2479\377\264\267\370\022\276"
 1062      5AC58A0C 
 1062      26A739FF 
 1062      B4B7F812 
 1062      BE
 1063 0156 A8F2A400 		.ascii	"\250\362\244\0003\007\2564qB\326\034JW\277}\236X_\223"
 1063      3307AE34 
 1063      7142D61C 
 1063      4A57BF7D 
 1063      9E585F93 
 1064 016a 9387EC6E 		.ascii	"\223\207\354nG\251n|\037\010g<\245v\344P\015$\034`Y"
 1064      47A96E7C 
 1064      1F08673C 
 1064      A576E450 
 1064      0D241C60 
 1065 017f 376FB34B 		.ascii	"7o\263Kn\246\350\261R\316\262\323\346e+\236\3507\214"
 1065      6EA6E8B1 
 1065      52CEB2D3 
 1065      E6652B9E 
 1065      E8378C
 1066 0192 B8673BB6 		.ascii	"\270g;\266\351\333l4\347\345K\246g\263\264kz\226\317"
 1066      E9DB6C34 
 1066      E7E54BA6 
 1066      67B3B46B 
 1066      7A96CF
 1067 01a5 46FB5279 		.ascii	"F\373Ry\327*:2\340\026\034\327\264l\217\216\351:\353"
 1067      D72A3A32 
ARM GAS  /tmp/ccvuFdCu.s 			page 32


 1067      E0161CD7 
 1067      B46C8F8E 
 1067      E93AEB
 1068 01b8 ECB3D95C 		.ascii	"\354\263\331\\:wq\230\271>\313\232\016\363\275\214\364"
 1068      3A777198 
 1068      B93ECB9A 
 1068      0EF3BD8C 
 1068      F4
 1069 01c9 29BFA067 		.ascii	")\277\240g(j\246\375B.o\367\376\213\350V\322N&\214L"
 1069      286AA6FD 
 1069      422E6FF7 
 1069      FE8BE856 
 1069      D24E268C 
 1070 01de 1F9DFA9F 		.ascii	"\037\235\372\237\300\230\353\025|6<2\324\237`\203\203"
 1070      C098EB15 
 1070      7C363C32 
 1070      D49F6083 
 1070      83
 1071 01ef E7D8C885 		.ascii	"\347\330\310\205\241\253\306_\311\224\343Xz\226\376"
 1071      A1ABC65F 
 1071      C994E358 
 1071      7A96FE
 1072 01fe 005986CE 		.ascii	"\000Y\206\316I"
 1072      49
 1073              		.text
 1074              		.section	.gnu.lto_stGetAlarm.190.1fefda8abdaabd48,"e",%progbits
 1075 0000 789C7550 		.ascii	"x\234uPM+DQ\030~\337sg\010YM6V\222\257\005s\214))\033"
 1075      4D2B4451 
 1075      187EDF73 
 1075      6708594D 
 1075      365692AF 
 1076 001a 45A1C882 		.ascii	"E\241\310\202\375tg\356\325L\3568\334;c\026\232\346"
 1076      FD7467EE 
 1076      D54CEE38 
 1076      DC3B6316 
 1076      9AE6
 1077 002c 209B897C 		.ascii	" \233\211|\224R4\032\013\021\305B\371\232\270\243Dv"
 1077      9452341A 
 1077      0B11C542 
 1077      F99AB8A3 
 1077      4476
 1078 003e FC0165E1 		.ascii	"\374\001e\341c\247,(j\2343#;\247s\236\367}\236\363\236"
 1078      63A72C28 
 1078      6A9C3323 
 1078      3BA7739E 
 1078      F77D9EF3 
 1079 0053 A7A75389 		.ascii	"\247\247S\211\000\273\000P'\016*\200\313KI\002\234\363"
 1079      00BB0050 
 1079      270E2A80 
 1079      CB4B4902 
 1079      9CF3
 1080 0065 8E628253 		.ascii	"\216b\202SK\311\334\366\241\003O0/ $\010&0\2558\261"
 1080      4BC9DCF6 
 1080      A1034F30 
 1080      2F202408 
 1080      2630AD38 
 1081 007a C8850E81 		.ascii	"\310\205\016\201\025XEm\316?\257\236\016\356\032\263"
ARM GAS  /tmp/ccvuFdCu.s 			page 33


 1081      1558456D 
 1081      CE3FAF9E 
 1081      0EEE1AB3 
 1082 008a 33B33D09 		.ascii	"3\263=\011\210\037\343\221\260\224\253\014 .L\235(\232"
 1082      881FE391 
 1082      B094AB0C 
 1082      202E4C9D 
 1082      289A
 1083 009c C93304D1 		.ascii	"\3113\004\321\010\237\317\353M\005NqR^gP\310rz\377\336"
 1083      089FCFEB 
 1083      4D054E71 
 1083      525E6750 
 1083      C8727AFF 
 1084 00b1 69F3EFDC 		.ascii	"i\363\357\334\002\347\017\015\231\365\255\022\205\000"
 1084      02E70F0D 
 1084      99F5AD12 
 1084      8500
 1085 00bf 5100528A 		.ascii	"Q\000R\212\214\302\035\310m\200\015\205\024\310\214"
 1085      8CC21DC8 
 1085      6D800D85 
 1085      14C88C
 1086 00ce 201F843F 		.ascii	" \037\204?\256\335\242\254\325\177\360\230*\225\345"
 1086      AEDDA2AC 
 1086      D57FF098 
 1086      2A95E5
 1087 00dd 3DBDB0F8 		.ascii	"=\275\260\370|\343\222\336R\\y^E\314 |\221\313\373\235"
 1087      7CE392DE 
 1087      525C795E 
 1087      45CC207C 
 1087      91CBFB9D 
 1088 00f1 728588DC 		.ascii	"r\205\210\3341\031F`\336\317\211{\010\321\013<\227b"
 1088      31194660 
 1088      DECF897B 
 1088      08D10B3C 
 1088      9762
 1089 0103 6B9AF397 		.ascii	"k\232\363\227\032\313\306q\021\256M\220\355z\226\305"
 1089      1ACBC671 
 1089      11AE4D90 
 1089      ED7A96C5 
 1090 0113 46191572 		.ascii	"F\031\025rd\372\355u.\225\234G\361#\"!\310\200\005\017"
 1090      64FAED75 
 1090      2E959C47 
 1090      F1232221 
 1090      C880050F 
 1091 0127 9CB625ED 		.ascii	"\234\266%\355\246A\026\326\351\010\013DM\032\013i\272"
 1091      A64116D6 
 1091      E9080B44 
 1091      4D1A0B69 
 1091      BA
 1092 0138 5F1DD59A 		.ascii	"_\035\325\232Z\274\036O\223\251\033\272j\351t8d\206"
 1092      5ABC1E4F 
 1092      93A91BBA 
 1092      6AE97438 
 1092      6486
 1093 014a 63AAA953 		.ascii	"c\252\251S?SM\315\242\303\315\2760\323\242\206\024X"
 1093      3F534DCD 
 1093      A2C3CDBE 
ARM GAS  /tmp/ccvuFdCu.s 			page 34


 1093      30D3A286 
 1093      1458
 1094 015c C460AAA6 		.ascii	"\304`\252\246\233P\353v\323\302\356\014\206\374\241"
 1094      9B50EB76 
 1094      D3C2EE0C 
 1094      86FCA1
 1095 016b 8141CA2C 		.ascii	"\201A\312,\032T\015j\231\001Y}V\304\035\200\366\377"
 1095      1A540D6A 
 1095      9901597D 
 1095      56C41D80 
 1095      F6FF
 1096 017d A6C69819 		.ascii	"\246\306\230\031\261\350\340P\277\267\205\366\365u\321"
 1096      B1E8E050 
 1096      BFB785F6 
 1096      F575D1
 1097 018c A1DEFE09 		.ascii	"\241\336\376\011\317\357;\237ah\356 \374\000%\321\234"
 1097      CFEF3B9F 
 1097      6168EE20 
 1097      FC0025D1 
 1097      9C
 1098 019d 83       		.ascii	"\203"
 1099              		.text
 1100              		.section	.gnu.lto_stGetCounter.191.1fefda8abdaabd48,"e",%progbits
 1101 0000 789C754F 		.ascii	"x\234uOMH\002Q\020\236y\253ID'\351\336\241:D\371R\241"
 1101      4D480251 
 1101      109E79AB 
 1101      494427E9 
 1101      DEA13A44 
 1102 0017 4B97A0A0 		.ascii	"K\227\240\240\202\244C\335eu7\\Z\333\332\325<\210\370"
 1102      82A443DD 
 1102      6575375C 
 1102      5ADBDAD5 
 1102      3C88F8
 1103 002a 32BA4821 		.ascii	"2\272H!v\352\020\205\335\372\201\012\202\376\304\266"
 1103      76EA1085 
 1103      DDFA810A 
 1103      82FEC4B6 
 1104 003a 20E81CD4 		.ascii	" \350\034\324!\202 !\352T\320A\241\300\336\323\256="
 1104      21822021 
 1104      EA54D041 
 1104      A1C0DED3 
 1104      AE3D
 1105 004c DECC9B6F 		.ascii	"\336\314\233of\276o\346U\000`\217[\0277\224\000\327"
 1105      66BE6FE6 
 1105      5500608F 
 1105      5B173794 
 1105      00D7
 1106 005e F259028C 		.ascii	"\362Y\002\214\261A\027\301\305|\366c\367\330\201gXO"
 1106      B14117C1 
 1106      C57CF663 
 1106      F7D88167 
 1106      584F
 1107 0070 20A409A6 		.ascii	" \244\011\246\261 9\261\311\215\016\356\333\260\235"
 1107      B12039B1 
 1107      C98D0EEE 
 1107      DBB09D
 1108 007f DA8C556F 		.ascii	"\332\214Uo^\017\357{\256\226\226G\323\220:\305\023\204"
ARM GAS  /tmp/ccvuFdCu.s 			page 35


 1108      5E0FEF7B 
 1108      AE969647 
 1108      D3903AC5 
 1108      1384
 1109 0091 FA690148 		.ascii	"\372i\001HqQ'\362 y\201\300\003\256S}\330\226\340\034"
 1109      715127F2 
 1109      207981C0 
 1109      03AE537D 
 1109      D896E01C 
 1110 00a5 93A25C44 		.ascii	"\223\242\\D\236\026\335\007wN\233\375\324r\214=w\227"
 1110      9E16DD07 
 1110      774E9BFD 
 1110      D4728C3D 
 1110      7797
 1111 00b7 9EF69A25 		.ascii	"\236\366\232%\002D\002\330\224\304*\314\201\314\006"
 1111      024402D8 
 1111      94C42ACC 
 1111      81CC06
 1112 00c6 D8924803 		.ascii	"\330\222H\003,qP!l\333%\374W!\267Q\276u\013!\216^\216"
 1112      2C715021 
 1112      6CDB25FC 
 1112      5721B751 
 1112      BE750B21 
 1113 00dd CAEB8845 		.ascii	"\312\353\210E\204or]\332i\225\010_2!&s_';q\037!~\211"
 1113      846F725D 
 1113      DA699508 
 1113      5F322126 
 1113      735F273B 
 1114 00f6 2584FE02 		.ascii	"%\204\376\002co\035\226\215\363|\017\250\221\314\347"
 1114      636F1D96 
 1114      8DF37C0F 
 1114      A891CCE7 
 1115 0106 FBCA6376 		.ascii	"\373\312cv\025\371w\371x\020\323\033\034\314\330\002"
 1115      15F977F9 
 1115      7810D31B 
 1115      1CCCD802 
 1116 0116 8ED08811 		.ascii	"\216\320\210\021U\351\214\021\216\2334\241)jH\236Uz"
 1116      55E98C11 
 1116      8E9B34A1 
 1116      296A489E 
 1116      557A
 1117 0128 7D7EAFB7 		.ascii	"}~\257\267\327TuU\266T:\255\231\321\204l\2524d\310\246"
 1117      D7547555 
 1117      B6543AAD 
 1117      99D1846C 
 1117      AA3464C8 
 1118 013d 62D1E9BE 		.ascii	"b\321\351\276`\324P\342\272H\0301\335\220\025\325\204"
 1118      60D450E2 
 1118      BA481831 
 1118      DD9015D5 
 1118      84
 1119 014e 4E8F8736 		.ascii	"N\217\2076\356PD\013i\023\223\324\260hD\326\251e\206"
 1119      EE50440B 
 1119      691393D4 
 1119      B06844D6 
 1119      A96586
 1120 0161 C51BB462 		.ascii	"\305\033\264b\2360\014\374\3275g\2301\213NN\005\374"
ARM GAS  /tmp/ccvuFdCu.s 			page 36


 1120      9E300CFC 
 1120      D7356798 
 1120      318B4E4E 
 1120      05FC
 1121 0173 3E3A3E3E 		.ascii	">:>>L\247\306\002\013\336?^P\327\025O\004~\001H\367"
 1121      4CA7C602 
 1121      0BDE3F5E 
 1121      50D7154F 
 1121      047E0148 
 1122 0188 9155     		.ascii	"\221U"
 1123              		.text
 1124              		.section	.gnu.lto_stIsAlarmActive.192.1fefda8abdaabd48,"e",%progbits
 1125 0000 789C6B65 		.ascii	"x\234ke``\310\007b5 fdf`\2344\261\213\211\241\241\241"
 1125      6060C807 
 1125      62352066 
 1125      6466609C 
 1125      34B18B89 
 1126 0017 C1819D89 		.ascii	"\301\201\235\211\261qb\327\3755[X\030\2673\202\005\030"
 1126      B17162D7 
 1126      FD355B58 
 1126      18B73382 
 1126      0518
 1127 0029 19EA9918 		.ascii	"\031\352\231\030\353\031\0272\353\037hh\370q\364\331"
 1127      EB191732 
 1127      EB1F6868 
 1127      F871F4D9 
 1128 0039 849B12B3 		.ascii	"\204\233\022\263V\034`\254g\25055b\000\003n\006\206"
 1128      561C60AC 
 1128      67A83535 
 1128      6200036E 
 1128      0686
 1129 004b 5A903940 		.ascii	"Z\2209@\274\376\022\353\201\206?\377\373\033\032\236"
 1129      BCFE12EB 
 1129      81863FFF 
 1129      FB1B1A9E 
 1130 005b 3E663CA3 		.ascii	">f<\243\312\302\314\300\004\024\235\307\0142\273\201"
 1130      CAC2CCC0 
 1130      04149DC7 
 1130      0C32BB81 
 1131 006b 85B1E100 		.ascii	"\205\261\341\000\003\303|f&\010\247\021\310\371\316"
 1131      03C37C66 
 1131      2608A711 
 1131      C8F9CE
 1132 007a D4B0889D 		.ascii	"\324\260\210\235\341/S\363\002Sf\346.F\246\352J\006"
 1132      E12F53F3 
 1132      025366E6 
 1132      2E46A6EA 
 1132      4A06
 1133 008c 06261686 		.ascii	"\006&\026\206\377LM\012\314\314\014`\255\214\010\255"
 1133      FF4C4D0A 
 1133      CCCC0C60 
 1133      AD8C08AD 
 1134 009c 0C0CEEFA 		.ascii	"\014\014\356\372\031\371\271\251\372\331\371\311\245"
 1134      19F9B9A9 
 1134      FAD9F9C9 
 1134      A5
 1135 00a9 45FAE599 		.ascii	"E\372\345\231)\251I\211y)\272F\306\206\206\272E\251"
ARM GAS  /tmp/ccvuFdCu.s 			page 37


 1135      29A94989 
 1135      7929BA46 
 1135      C68686BA 
 1135      45A9
 1136 00bb 39A989C5 		.ascii	"9\251\211\305\251\372i\231E\271\345\211E\251\372I\371"
 1136      A9FA6999 
 1136      45B9E589 
 1136      45A9FA49 
 1136      F9
 1137 00cc 894529C5 		.ascii	"\211E)\305\372i\006\361\271\371)\2459 \201\374\222\234"
 1137      FA6906F1 
 1137      B9F929A5 
 1137      392081FC 
 1137      929C
 1138 00de FCC494D4 		.ascii	"\374\304\224\324\"\006U==}\010r\316\310L\312\364\017"
 1138      2206553D 
 1138      3D7D0872 
 1138      CEC84CCA 
 1138      F40F
 1139 00f0 D6CF2FD6 		.ascii	"\326\317/\326\317H\314\321/.J\006\321\361\305%z\311"
 1139      CF48CCD1 
 1139      2F2E4A06 
 1139      D1F1C525 
 1139      7AC9
 1140 0102 0C0017C0 		.ascii	"\014\000\027\300X\243"
 1140      58A3
 1141              		.text
 1142              		.section	.gnu.lto_.symbol_nodes.1fefda8abdaabd48,"e",%progbits
 1143 0000 789C75CE 		.ascii	"x\234u\316\311\015\302P\020\003P;\023 d\241\005$JA\364"
 1143      C90DC250 
 1143      1003503B 
 1143      132064A1 
 1143      05244A41 
 1144 0015 E5FF3BA0 		.ascii	"\345\377;\240\206\364\220CB \320\000-A\266\013\322\340"
 1144      86F49043 
 1144      4220D000 
 1144      2D41B60B 
 1144      D2E0
 1145 0027 93A5678D 		.ascii	"\223\245g\215\346D\000ICm\302\230\224\3277 \240\015"
 1145      E6440049 
 1145      436DC298 
 1145      94D73720 
 1145      A00D
 1146 0039 31069BA8 		.ascii	"1\006\233\250\245\266\177\250\243v?\324\2058\237\273"
 1146      A5B67FA8 
 1146      A3763FD4 
 1146      85389FBB 
 1147 0049 51990B3D 		.ascii	"Q\231\013=\265w\341N\345.<\250\302\205\201*]xR\225\007"
 1147      B577E14E 
 1147      E52E3CA8 
 1147      C285812A 
 1147      5D785295 
 1148 005e 7C5187CF 		.ascii	"|Q\207\317\232\343\214\300\270\233\314\222\365\255\213"
 1148      9AE38CC0 
 1148      B89BCC92 
 1148      F5AD8B
 1149 006d 199656D3 		.ascii	"\031\226V\3232.\365\214/u!S\321"
ARM GAS  /tmp/ccvuFdCu.s 			page 38


 1149      322EF58C 
 1149      2F752153 
 1149      D1
 1150              		.text
 1151              		.section	.gnu.lto_.refs.1fefda8abdaabd48,"e",%progbits
 1152 0000 789C6364 		.ascii	"x\234cd\000\002\000\000\012\000\002"
 1152      00020000 
 1152      0A0002
 1153              		.text
 1154              		.section	.gnu.lto_.decls.1fefda8abdaabd48,"e",%progbits
 1155 0000 789C9556 		.ascii	"x\234\225VmPSW\032>\347\344\006O B\320\332\262\235\335"
 1155      6D505357 
 1155      1A3EE7E4 
 1155      064F2042 
 1155      D0DAB29D 
 1156 0015 595ADB29 		.ascii	"YZ\333)\355\016\204\300\310\316l\177\2546:\2563\322"
 1156      ED0E84C0 
 1156      C8CE6C7F 
 1156      AC363AAE 
 1156      33D2
 1157 0027 EE043BD3 		.ascii	"\356\004;\323\351\217e\"\244%S0l\022\265;\263?\016\020"
 1157      E98F6522 
 1157      A4255330 
 1157      6C12B53B 
 1157      B33F0E10 
 1158 003b 210B5892 		.ascii	"!\013X\222\312\332\230\021\015\270\365\223ZX\332n\301"
 1158      CADA9811 
 1158      0DB8F593 
 1158      5A58DA6E 
 1158      C1
 1159 004c AF2B448B 		.ascii	"\257+D\213\326Zj\353G\267\255\013R\273T\251\200u\225"
 1159      D65A6AEB 
 1159      47B7AD0B 
 1159      52BB54A9 
 1159      807595
 1160 005f 6A957DCF 		.ascii	"j\225}\317\275\347^\010\333\316l\031\236\334s\317\363"
 1160      BDE75E08 
 1160      DBCE6C19 
 1160      9EDC73CF 
 1160      F3
 1161 0070 BCCFFBBE 		.ascii	"\274\317\373\276\347\236{\222M&\204\232\010B\215\030"
 1161      E79E7B92 
 1161      4D26849A 
 1161      08428D18 
 1162 0080 A129F84B 		.ascii	"\241)\370KF\010}\014H\003\274\013@0O8\007\303>@2\214"
 1162      46087D0C 
 1162      4803BC0B 
 1162      40304F38 
 1162      07C33E40 
 1163 0096 D301F701 		.ascii	"\323\001\367\001\356\007d\000\036\004\374\002\360K\300"
 1163      EE076400 
 1163      1E04FC02 
 1163      F04BC0
 1164 00a5 43808580 		.ascii	"C\200\205\200\005\340\231,\364<\036\011\2173\200\273"
 1164      05E0992C 
 1164      F43C1E09 
 1164      8F3380BB 
ARM GAS  /tmp/ccvuFdCu.s 			page 39


 1165 00b5 C2EB2660 		.ascii	"\302\353&`\0000\001X\010\3729pM\025\376\217\241\351"
 1165      00300158 
 1165      08FA3970 
 1165      4D15FE8F 
 1165      A1E9
 1166 00c7 983EA179 		.ascii	"\230>\241y\0344\022Rs?\"\362\314\007d\303\274\021\251"
 1166      1C341252 
 1166      733F22F2 
 1166      CC0764C3 
 1166      BC11A9
 1167 00da F5F05C8F 		.ascii	"\365\360\\\217b5\257\011`\023\276\274\316\307\360\377"
 1167      6235AF09 
 1167      6013BEBC 
 1167      CEC7F0FF 
 1168 00ea 7AF2FC8B 		.ascii	"z\362\374\213@C\221\332\007\217\177\374G\352}\022t\260"
 1168      404391DA 
 1168      078F7FFC 
 1168      47EA7D12 
 1168      74B0
 1169 00fc 5C8A86F7 		.ascii	"\\\212\206\367\373\253Yu\316\324\376Vx\022\261.\331"
 1169      FBAB5975 
 1169      CED4FE56 
 1169      7812B12E 
 1169      D9
 1170 010d 3FD0D328 		.ascii	"?\320\323(\300.jO\025k\227#\372\267\000\222\346c)i\001"
 1170      C02E6A4F 
 1170      156B9723 
 1170      FAB70092 
 1170      E6632969 
 1171 0122 CE94C8E6 		.ascii	"\316\224\310\346[\341\234t\231\261q\026\353\225\262"
 1171      5BE19C74 
 1171      99B17116 
 1171      EB95B2
 1172 0131 DEC5FF00 		.ascii	"\336\305\377\000\266[U\\\340\037\024d2\037\014 JPR\026"
 1172      B65B555C 
 1172      E01F1464 
 1172      321F0C20 
 1172      4A505216 
 1173 0145 E68F320D 		.ascii	"\346\2172\015\256\210R\264\210)\177m\017\240\243\274"
 1173      AE8852B4 
 1173      88297F6D 
 1173      0FA0A3BC 
 1174 0155 31840ACC 		.ascii	"1\204\012\314t\005\222H(\372i\227!m\220\273\312\001"
 1174      74059248 
 1174      28FA6997 
 1174      216D90BB 
 1174      CA01
 1175 0167 13525CFB 		.ascii	"\023R\\\373pV/\226\361\021L\035\334\256\037\321g\021"
 1175      70562F96 
 1175      F1114C1D 
 1175      DCAE1FD1 
 1175      6711
 1176 0179 7D9E0F65 		.ascii	"}\236\017eD\377\300\257\271\000\013\244c\230\226\360"
 1176      44FFC0AF 
 1176      B9000BA4 
 1176      639896F0 
 1177 0189 7B83440E 		.ascii	"{\203D\016\037\036\273\206\323\2300\232\257\2267\200"
ARM GAS  /tmp/ccvuFdCu.s 			page 40


 1177      1F1EBB86 
 1177      D398309A 
 1177      AF963780 
 1178 0199 91ED432C 		.ascii	"\221\355C,\221\375W/\015&\247\311?\234E\"\341\033\267"
 1178      91FD572F 
 1178      0D26A7C9 
 1178      3F9C4522 
 1178      E11BB7
 1179 01ac 5FC30F40 		.ascii	"_\303\017@l\200\261\030\371\010\177\200OA\360\031\314"
 1179      6C80B118 
 1179      F9087F80 
 1179      4F41F019 
 1179      CC
 1180 01bd E3A1C6A3 		.ascii	"\343\241\306\243\335\303\333St:\236H\323\027y\001Y\364"
 1180      DDC3DB53 
 1180      743A9E48 
 1180      D3177901 
 1180      59F4
 1181 01cf 25443D7C 		.ascii	"%D=|\224I}\210\256\347\243\014\372gD\253\241\373 \000"
 1181      94497D88 
 1181      AEE7A30C 
 1181      FA6744AB 
 1181      A1FB2000 
 1182 01e3 B6366D02 		.ascii	"\2666m\0024\003\266\000Z0\227\014\"\336D\022m\305\220"
 1182      3403B600 
 1182      5A30970C 
 1182      22DE4412 
 1182      6DC590
 1183 01f6 E6F2B5A1 		.ascii	"\346\362\265\241\350\334\331\035\374\033:\310\223\310"
 1183      E8DCD91D 
 1183      FC1B3AC8 
 1183      93C8
 1184 0204 916F5E1D 		.ascii	"\221o^\035\236Y\341A|\000\310\021\314y\010\215\305\273"
 1184      9E59E141 
 1184      7C00C811 
 1184      CC79088D 
 1184      C5BB
 1185 0216 2F9A6754 		.ascii	"/\232gT\230H?\361\267\023\321\335)O\314\376\313\000"
 1185      98483FF1 
 1185      B713D1DD 
 1185      294FCCFE 
 1185      CB00
 1186 0228 0C3136D9 		.ascii	"\01416\331\3220\266\343\341\310\365q\306^\315\215\343"
 1186      D230B6E3 
 1186      E1C8F571 
 1186      C65ECD8D 
 1186      E3
 1187 0239 F3F80E56 		.ascii	"\363\370\016VS\237\005\344#PtL6\3251K\300\034\307\227"
 1187      539F05E4 
 1187      2350744C 
 1187      36D5314B 
 1187      C01CC797 
 1188 024d 74D2066F 		.ascii	"t\322\006o&V\310\273\032\371\205N~\246G\006;+\373e\034"
 1188      2656C8BB 
 1188      1AF9854E 
 1188      7EA64706 
 1188      3B2BFB65 
ARM GAS  /tmp/ccvuFdCu.s 			page 41


 1189 0262 C79FEADC 		.ascii	"\307\237\352\334\005\254D\266\002\031\355\224\200\374"
 1189      05AC44B6 
 1189      0219ED94 
 1189      80FC
 1190 0270 1A7F05A4 		.ascii	"\032\177\005\244Zq\217\0368\245\271\3763!R%\233\204"
 1190      5A718F1E 
 1190      38A5B9FE 
 1190      33215225 
 1190      9B84
 1191 0282 EB7B3A77 		.ascii	"\353{:w\034\353\365\324\013\362\\B#\202\274\255\331"
 1191      1CEBF5D4 
 1191      0BF25C42 
 1191      2382BCAD 
 1191      D9
 1192 0293 0EEAEC81 		.ascii	"\016\352\354\201iv\243\010=\251\223'\246\311\357\264"
 1192      6976A308 
 1192      3DA99327 
 1192      A6C9EFB4 
 1193 02a3 D0A18450 		.ascii	"\320\241\204P\265\242\3575\362\242N\236\232\016\335"
 1193      B5A2EF35 
 1193      F2A24E9E 
 1193      9A0EDD
 1194 02b2 227C0FEB 		.ascii	"\"|\017\353\344\241i\362\216\026\372\257\204P\325wL"
 1194      E4A169F2 
 1194      8E16FAAF 
 1194      8450D577 
 1194      4C
 1195 02c3 238767AE 		.ascii	"#\207g\256\274\3125\010\327Ot\352}=\356\025\301\365"
 1195      BCCA3508 
 1195      D74F74EA 
 1195      7D3DEE15 
 1195      C1F5
 1196 02d5 27AC503E 		.ascii	"'\254P>R\267\210,\241\313\370K\230\270\203{\361$\276"
 1196      52B7882C 
 1196      A1CBF84B 
 1196      98B8837B 
 1196      F124BE
 1197 02e8 8A6FE0EB 		.ascii	"\212o\340\353\370\026\376\017\036\305\337\3431\374\015"
 1197      F816FE0F 
 1197      1EC5DFE3 
 1197      31FC0D
 1198 02f7 BE8227F0 		.ascii	"\276\202'\360w\370\036\376\026\337\306\343\370.\276"
 1198      77F81EFE 
 1198      16DFC6E3 
 1198      F82EBE
 1199 0306 89AFF1B7 		.ascii	"\211\257\361\267\226;\337\323*\372<\341q\213f\"\"\357"
 1199      963BDFD3 
 1199      2AFA3CE1 
 1199      718B6622 
 1199      22EF
 1200 0318 B1844EF3 		.ascii	"\261\204N\363\225\307\335\250<\356\217\361i\340\324"
 1200      95C7DDA8 
 1200      3CEE8FF1 
 1200      69E0D4
 1201 0327 57E87D35 		.ascii	"W\350}5\220\356!\260\207;c\033\017\2322\022\013\234"
 1201      90EE21B0 
 1201      873B631B 
ARM GAS  /tmp/ccvuFdCu.s 			page 42


 1201      0F9A3212 
 1201      0B9C
 1202 0339 C23FB142 		.ascii	"\302?\261B\211l\331|k\247I?\246\030Q\253\250\342'\341"
 1202      896CD97C 
 1202      6BA7493F 
 1202      A61851AB 
 1202      A8E227E1 
 1203 034d DB3C4DF3 		.ascii	"\333<M\363\321;\303\246YGA5\321\217\202\335\177\257"
 1203      D13BC3A6 
 1203      59474135 
 1203      D18F82DD 
 1203      7FAF
 1204 035f EB993381 		.ascii	"\353\2313\201\241\214~&W\305i\250m\204u0V\311\216\217"
 1204      A18C7E26 
 1204      57C569A8 
 1204      6D847530 
 1204      56C98E8F 
 1205 0373 44A2B523 		.ascii	"D\242\265#\301\364p5\343\373\232=\030\201\351ht0Db\006"
 1205      C1F47035 
 1205      E3FB9A3D 
 1205      1881E968 
 1205      74304462 
 1206 0388 5E326335 		.ascii	"^2c5f\366\026\\\252\313XM-\277o\314\210\325\250\247"
 1206      66F6165C 
 1206      AACB584D 
 1206      2DBF6FCC 
 1206      88D5A8A7 
 1207 039c DE006672 		.ascii	"\336\000fr-\353\220\223\332\372Xm\204\255\214\366\036"
 1207      2DEB9093 
 1207      DAFA586D 
 1207      84AD8CF6 
 1207      1E
 1208 03ad 37C374A8 		.ascii	"7\303t\250\352\253\356\227\243\203\307X4\320\217\333"
 1208      EAABEE97 
 1208      A383C758 
 1208      34D08FDB 
 1209 03bd A0EBAA18 		.ascii	"\240\353\252\030k\374\031\020\033Y Xe\256\272\364\365"
 1209      6BFC1910 
 1209      1B592058 
 1209      65AEBAF4 
 1209      F5
 1210 03ce 782C264F 		.ascii	"x,&OI\300\260P,\316\322\303\360\021\252\226\033\322"
 1210      49C0B050 
 1210      2CCED2C3 
 1210      F011AA96 
 1210      1BD2
 1211 03e0 AB40DD5A 		.ascii	"\253@\335Z\035`\230\265\305\203!\200%\334&\263p[\200"
 1211      1D6098B5 
 1211      C5832180 
 1211      25DC26B3 
 1211      705B80
 1212 03f3 7209AFD0 		.ascii	"r\011\257\320\002^\301\020\024f\251\332\017\267p\203"
 1212      025EC110 
 1212      1466A9DA 
 1212      0FB77083 
 1213 0403 C1220812 		.ascii	"\301\"\010\022fa1~L\310A\013x\2610\353\017\342p/\217"
 1213      6661317E 
ARM GAS  /tmp/ccvuFdCu.s 			page 43


 1213      4CC8410B 
 1213      78B130EB 
 1213      0FE2702F 
 1214 0418 8E43776D 		.ascii	"\216CwmrC\030\262C\233 &\241j\226\253\234\326`AX&c\213"
 1214      724318B2 
 1214      439B2026 
 1214      A16A96AB 
 1214      9CD66041 
 1215 0430 2572E9FA 		.ascii	"%r\351\372\267=\364:_\241\366\366\226\024\264 \264\030"
 1215      B73DF43A 
 1215      5FA1F6F6 
 1215      9614B420 
 1215      B418
 1216 0442 A15C0BBD 		.ascii	"\241\\\013\275\300\027w\344\300Pw\032\377v\252!\023"
 1216      C01777E4 
 1216      C050771A 
 1216      FF76AA21 
 1216      13
 1217 0453 FC7C2370 		.ascii	"\374|#p\274Y$r\376\324T\343\334\237C\304(c\367]A\177"
 1217      BC592472 
 1217      FED454E3 
 1217      DC9F43C4 
 1217      2863F75D 
 1218 0469 2141781C 		.ascii	"!Ax\034\365\004\325\301%+\024a\223\357\2746\332\231"
 1218      F504D5C1 
 1218      252B1461 
 1218      93EFBC36 
 1218      DA99
 1219 047b DB5BC376 		.ascii	"\333[\303v\203\346w\365\244\226\364*_\022\265\004m "
 1219      83E677F5 
 1219      A496F42A 
 1219      5F12B504 
 1219      6D20
 1220 048d 015270C8 		.ascii	"\001Rp\310Hw\031\020=l@R\322\311#{w\342\2070N\005@\243"
 1220      48771910 
 1220      3D6C4052 
 1220      D2C9237B 
 1220      77E28730 
 1221 04a5 52138167 		.ascii	"R\023\201g9\302\002f\264(\017m$\3603\"D^!p\225\310\271"
 1221      39C20266 
 1221      B4280F6D 
 1221      24F03322 
 1221      445E2170 
 1222 04bc EDA70624 		.ascii	"\355\247\006$-m\023Q\323\206\211\362\225\313\323v\\"
 1222      2D6D1351 
 1222      D38689F2 
 1222      95CBD376 
 1222      5C
 1223 04cd ECAA5432 		.ascii	"\354\252T2\206I\243\310\330(2\006\2144\016\331\310\236"
 1223      8649A3C8 
 1223      D8283206 
 1223      8C340ED9 
 1223      C89E
 1224 04df C9CFFB0C 		.ascii	"\311\317\373\014\263+oV-$\322\367\316\2763\306\254\010"
 1224      B32B6F56 
 1224      2D24D2F7 
 1224      CEBE33C6 
ARM GAS  /tmp/ccvuFdCu.s 			page 44


 1224      AC08
 1225 04f1 6F605BB0 		.ascii	"o`[\260\017oe2_z\251\231l\022v\233\204\335=\211Np\273"
 1225      0F6F6532 
 1225      5F7AA999 
 1225      6C12769B 
 1225      84DD3D89 
 1226 0508 B77B369D 		.ascii	"\267{6\235$<\240\343\315\032x\215\024u=\331,\324\233"
 1226      243CA0E3 
 1226      CD1A788D 
 1226      14753DD9 
 1226      2CD49B
 1227 051b 85FAA444 		.ascii	"\205\372\244D\357q\365P\335\331\323s\024\365\007\272"
 1227      EF71F550 
 1227      DDD9D373 
 1227      14F507BA 
 1228 052b BA994484 		.ascii	"\272\231D\204:\"\324q\211\326K\240\256\013\216\035I"
 1228      3A22D471 
 1228      89D64BA0 
 1228      AE0B8E1D 
 1228      49
 1229 053c 55D45767 		.ascii	"U\324WgxG\205:*\324\257K\364\257\\\375\305\225\203\013"
 1229      7847853A 
 1229      2AD4AF4B 
 1229      F4AF5CFD 
 1229      C595830B 
 1230 0550 B5BE6AC4 		.ascii	"\265\276j\304\322\264h}\335\032\275}\315\304\255\306"
 1230      D2B4687D 
 1230      DD1ABD7D 
 1230      CDC4ADC6 
 1231 0560 1B2ED7A6 		.ascii	"\033.\327\246\016\360-\214[\310Va\265UX\3354\320\030"
 1231      0EF02D8C 
 1231      5BC85661 
 1231      B55558DD 
 1231      34D018
 1232 0573 B7EA96B7 		.ascii	"\267\352\226\267M\231\225\304\3736h\211[\310v\241\336"
 1232      4D9995C4 
 1232      FB366889 
 1232      5BC876A1 
 1232      DE
 1233 0584 2ED4570D 		.ascii	".\324W\015\364\015\256f[\256t$+\336'\216\375\221\257"
 1233      F40DAE66 
 1233      5BAE7424 
 1233      2BDE278E 
 1233      FD91AF
 1234 0597 FEE23069 		.ascii	"\376\3420i\025\332V\241\0354\320C\\{\343\354.\331\220"
 1234      15DA56A1 
 1234      1D34D043 
 1234      5C7BE3EC 
 1234      2ED990
 1235 05aa 15617C83 		.ascii	"\025a|\203\354\355\314<Z\023\313j&;\204x\007\341\277"
 1235      ECEDCC3C 
 1235      5A13CB6A 
 1235      263B8478 
 1235      07E1BF
 1236 05bd 22CEC357 		.ascii	"\"\316\303W\177O\327\271\3419\372+\337,^\371\327\371"
 1236      7F4FD7B9 
 1236      E139FA2B 
ARM GAS  /tmp/ccvuFdCu.s 			page 45


 1236      DF2C5EF9 
 1236      D7F9
 1237 05cf 0F35B26D 		.ascii	"\0175\262mC{-\326\271z\301\355\344\307\301\011I\331"
 1237      437B2DD6 
 1237      B97AC1ED 
 1237      E4C7C109 
 1237      49D9
 1238 05e1 05E38D5D 		.ascii	"\005\343\215]\035C\230\325\303\3013\257\231\354R\335"
 1238      1D4398D5 
 1238      C3C133AF 
 1238      99EC52DD 
 1239 05f1 77C340AD 		.ascii	"w\303@\255\345-#\375L\025v\264+\333%\004\033t\217\252"
 1239      E52D23FD 
 1239      4C1576B4 
 1239      2BDB2504 
 1239      1B748FAA 
 1240 0605 DA0B0355 		.ascii	"\332\013\003U\265\325HG\205]\177\327\227\232]\013\331"
 1240      B5D54847 
 1240      855D7FD7 
 1240      979A5D0B 
 1240      D9
 1241 0616 A70ADB61 		.ascii	"\247\012\333a\240\012CFzW\330\235\356T\355Z\310\033"
 1241      A00A4346 
 1241      7A57D89D 
 1241      EE54ED5A 
 1241      C81B
 1242 0628 AA6A3F0C 		.ascii	"\252j?\014T\325Y\243D\366\006\207\316\317\325+\017\213"
 1242      54D559A3 
 1242      44F60687 
 1242      CECFD52B 
 1242      0F8B
 1243 063a CADFE45D 		.ascii	"\312\337\344]\033\355\366BG\376#99V\365\337^\346^\355"
 1243      1BEDF642 
 1243      47FE2339 
 1243      3956F5DF 
 1243      5EE65EED 
 1244 064e 7EA6C8EA 		.ascii	"~\246\310\352\361Y\313\234\345V\237\267\204_\213}\376"
 1244      F159CB9C 
 1244      E5569FB7 
 1244      845F8B7D 
 1244      FE
 1245 065f 9C12BAFC 		.ascii	"\234\022\272\374\351g3\355\266_\243y\332LNi\201\253"
 1245      E96733ED 
 1245      B65FA379 
 1245      DA4C4E69 
 1245      81AB
 1246 0671 20CF5692 		.ascii	" \317V\222\213\350Z\367\032\177~^\261\237<\343\220\226"
 1246      8BE85AF7 
 1246      1A7F7E5E 
 1246      B19F3CE3 
 1246      9096
 1247 0683 162E7118 		.ascii	"\026.q\030\226\332\035\322SKW9\014v\273\303\340\000"
 1247      96DA1DD2 
 1247      534B5739 
 1247      0C76BBC3 
 1247      E000
 1248 0695 2C71380C 		.ascii	",q8\014\277/\262\033\354O\257\222\354\366e\016%s\236"
ARM GAS  /tmp/ccvuFdCu.s 			page 46


 1248      BF2FB21B 
 1248      EC4FAF92 
 1248      ECF6650E 
 1248      25739E
 1249 06a8 F269332C 		.ascii	"\362i3,[\356 E\020\271b\231C**\004\265\335\221\007\260"
 1249      5BEE2045 
 1249      10B96299 
 1249      432A2A04 
 1249      B5DD9107 
 1250 06bd 81F239C7 		.ascii	"\201\3629\307rk\231\247\302e}\311S\262\326k]\357.u\255"
 1250      726B99A7 
 1250      C2657DC9 
 1250      53B2D66B 
 1250      5DEF2E75 
 1251 06d2 76AE29CD 		.ascii	"v\256)\315\316\313\267\331\262\275\256r\227\323\347"
 1251      CECBB7D9 
 1251      B2BDAE72 
 1251      97D3E7
 1252 06e1 B2BEE0F6 		.ascii	"\262\276\340\366V\254wz]\326\325\036\247\267\324g}!"
 1252      56AC777A 
 1252      5DD6D51E 
 1252      A7B7D467 
 1252      7D21
 1253 06f3 B7B8C253 		.ascii	"\267\270\302S\272\266\234Ox\374\345\036g\251\313\213"
 1253      BAB69C4F 
 1253      78FCE51E 
 1253      67A9CB8B 
 1254 0703 7EF3635D 		.ascii	"~\363c]Vz\274~\237\265hUa~\236u\345\312\245\326U+\012"
 1254      567ABC7E 
 1254      9FB56855 
 1254      617E9E75 
 1254      E5CAA5D6 
 1255 071a D7D9AC3E 		.ascii	"\327\331\254>\177\005\357\310]\221S\206R\364\233b\277"
 1255      7F05EFC8 
 1255      5D915386 
 1255      52F49B62 
 1255      BF
 1256 072b C9F7271F 		.ascii	"\311\367'\037\014\\\305~\203\255\000\231\234\336\212"
 1256      0C5CC57E 
 1256      83AD0099 
 1256      9CDE8A
 1257 073a 7505BEEC 		.ascii	"u\005\276\354\012\224\\\0026\256\227\263+r\321<\237"
 1257      0A945C02 
 1257      36AE97B3 
 1257      2B72D13C 
 1257      9F
 1258 074b BFB8BCBC 		.ascii	"\277\270\274\274\024\026\311\351\365\027;\313A\363\344"
 1258      1416C9E9 
 1258      F5173BCB 
 1258      41F3E4
 1259 075a 4F4BAE2E 		.ascii	"OK\256.17\201\354\367\013;\267O\365*v\226\370\335\353"
 1259      313781EC 
 1259      F70B3BB7 
 1259      4FF52A76 
 1259      96F8DDEB 
 1260 076e 5CC6E2A7 		.ascii	"\\\306\342\247<\236\362$\237\177\305\032\267\377\321"
 1260      3C9EF224 
ARM GAS  /tmp/ccvuFdCu.s 			page 47


 1260      9F7FC51A 
 1260      B7FFD1
 1261 077d FFE71122 		.ascii	"\377\347\021\"\263\317_\304kZ\302mR\370\215\247R\031"
 1261      B3CF5FC4 
 1261      6B5AC26D 
 1261      52F88DA7 
 1261      5219
 1262 078f 27C3D8E5 		.ascii	"'\303\330\345\327\206\313\305\320\254\014\355\236\265"
 1262      D786CBC5 
 1262      D0AC0CED 
 1262      9EB5
 1263 079d 6BFC2E6F 		.ascii	"k\374.o\032$\362)\323K\224\364)ZU\220=]o\330S\251\326"
 1263      1A24F229 
 1263      D34B94F4 
 1263      295A5590 
 1263      3D5D6FD8 
 1264 07b4 68D1665C 		.ascii	"h\321f\\\376\304\211\027\265\211y3&J\324\024\377\005"
 1264      FEC48917 
 1264      B5897933 
 1264      264AD414 
 1264      FF05
 1265 07c6 C1B37573 		.ascii	"\301\263us"
 1266              		.text
 1267              		.section	.gnu.lto_.symtab.1fefda8abdaabd48,"e",%progbits
 1268 0000 7374496E 		.ascii	"stInit\000"
 1268      697400
 1269 0007 00       		.ascii	"\000"
 1270 0008 00       		.ascii	"\000"
 1271 0009 00       		.ascii	"\000"
 1272 000a 00000000 		.ascii	"\000\000\000\000\000\000\000\000"
 1272      00000000 
 1273 0012 14010000 		.ascii	"\024\001\000\000"
 1274 0016 73745374 		.ascii	"stStartAlarm\000"
 1274      61727441 
 1274      6C61726D 
 1274      00
 1275 0023 00       		.ascii	"\000"
 1276 0024 00       		.ascii	"\000"
 1277 0025 00       		.ascii	"\000"
 1278 0026 00000000 		.ascii	"\000\000\000\000\000\000\000\000"
 1278      00000000 
 1279 002e 16010000 		.ascii	"\026\001\000\000"
 1280 0032 73745374 		.ascii	"stStopAlarm\000"
 1280      6F70416C 
 1280      61726D00 
 1281 003e 00       		.ascii	"\000"
 1282 003f 00       		.ascii	"\000"
 1283 0040 00       		.ascii	"\000"
 1284 0041 00000000 		.ascii	"\000\000\000\000\000\000\000\000"
 1284      00000000 
 1285 0049 18010000 		.ascii	"\030\001\000\000"
 1286 004d 73745365 		.ascii	"stSetAlarm\000"
 1286      74416C61 
 1286      726D00
 1287 0058 00       		.ascii	"\000"
 1288 0059 00       		.ascii	"\000"
 1289 005a 00       		.ascii	"\000"
ARM GAS  /tmp/ccvuFdCu.s 			page 48


 1290 005b 00000000 		.ascii	"\000\000\000\000\000\000\000\000"
 1290      00000000 
 1291 0063 1A010000 		.ascii	"\032\001\000\000"
 1292 0067 73744765 		.ascii	"stGetAlarm\000"
 1292      74416C61 
 1292      726D00
 1293 0072 00       		.ascii	"\000"
 1294 0073 00       		.ascii	"\000"
 1295 0074 00       		.ascii	"\000"
 1296 0075 00000000 		.ascii	"\000\000\000\000\000\000\000\000"
 1296      00000000 
 1297 007d 1D010000 		.ascii	"\035\001\000\000"
 1298 0081 73744765 		.ascii	"stGetCounter\000"
 1298      74436F75 
 1298      6E746572 
 1298      00
 1299 008e 00       		.ascii	"\000"
 1300 008f 00       		.ascii	"\000"
 1301 0090 00       		.ascii	"\000"
 1302 0091 00000000 		.ascii	"\000\000\000\000\000\000\000\000"
 1302      00000000 
 1303 0099 1F010000 		.ascii	"\037\001\000\000"
 1304 009d 73744973 		.ascii	"stIsAlarmActive\000"
 1304      416C6172 
 1304      6D416374 
 1304      69766500 
 1305 00ad 00       		.ascii	"\000"
 1306 00ae 00       		.ascii	"\000"
 1307 00af 00       		.ascii	"\000"
 1308 00b0 00000000 		.ascii	"\000\000\000\000\000\000\000\000"
 1308      00000000 
 1309 00b8 21010000 		.ascii	"!\001\000\000"
 1310 00bc 73745F6C 		.ascii	"st_lld_init\000"
 1310      6C645F69 
 1310      6E697400 
 1311 00c8 00       		.ascii	"\000"
 1312 00c9 02       		.ascii	"\002"
 1313 00ca 00       		.ascii	"\000"
 1314 00cb 00000000 		.ascii	"\000\000\000\000\000\000\000\000"
 1314      00000000 
 1315 00d3 23010000 		.ascii	"#\001\000\000"
 1316              		.text
 1317              		.section	.gnu.lto_.ext_symtab.1fefda8abdaabd48,"e",%progbits
 1318 0000 01       		.ascii	"\001"
 1319 0001 01       		.ascii	"\001"
 1320 0002 00       		.ascii	"\000"
 1321 0003 01       		.ascii	"\001"
 1322 0004 00       		.ascii	"\000"
 1323 0005 01       		.ascii	"\001"
 1324 0006 00       		.ascii	"\000"
 1325 0007 01       		.ascii	"\001"
 1326 0008 00       		.ascii	"\000"
 1327 0009 01       		.ascii	"\001"
 1328 000a 00       		.ascii	"\000"
 1329 000b 01       		.ascii	"\001"
 1330 000c 00       		.ascii	"\000"
 1331 000d 01       		.ascii	"\001"
ARM GAS  /tmp/ccvuFdCu.s 			page 49


 1332 000e 00       		.ascii	"\000"
 1333 000f 01       		.ascii	"\001"
 1334 0010 00       		.ascii	"\000"
 1335              		.text
 1336              		.section	.gnu.lto_.opts,"e",%progbits
 1337 0000 272D666E 		.ascii	"'-fno-openmp' '-fno-openacc' '-fno-pie' '-fcf-prote"
 1337      6F2D6F70 
 1337      656E6D70 
 1337      2720272D 
 1337      666E6F2D 
 1338 0033 6374696F 		.ascii	"ction=none' '-g' '-mcpu=cortex-m0' '-mthumb' '-mflo"
 1338      6E3D6E6F 
 1338      6E652720 
 1338      272D6727 
 1338      20272D6D 
 1339 0066 61742D61 		.ascii	"at-abi=soft' '-mlibarch=armv6s-m' '-march=armv6s-m'"
 1339      62693D73 
 1339      6F667427 
 1339      20272D6D 
 1339      6C696261 
 1340 0099 20272D4F 		.ascii	" '-Os' '-fomit-frame-pointer' '-falign-functions=16"
 1340      73272027 
 1340      2D666F6D 
 1340      69742D66 
 1340      72616D65 
 1341 00cc 2720272D 		.ascii	"' '-fsingle-precision-constant' '-ffunction-section"
 1341      6673696E 
 1341      676C652D 
 1341      70726563 
 1341      6973696F 
 1342 00ff 73272027 		.ascii	"s' '-fdata-sections' '-fno-common' '-flto' '-Xassem"
 1342      2D666461 
 1342      74612D73 
 1342      65637469 
 1342      6F6E7327 
 1343 0132 626C6572 		.ascii	"bler' '-alms=./build/lst/hal_st.lst'\000"
 1343      2720272D 
 1343      616C6D73 
 1343      3D2E2F62 
 1343      75696C64 
 1344              		.text
 1345              		.comm	__gnu_lto_slim,1,1
 1346              		.ident	"GCC: (Arm GNU Toolchain 11.3.Rel1) 11.3.1 20220712"
ARM GAS  /tmp/ccvuFdCu.s 			page 50


DEFINED SYMBOLS
                            *ABS*:0000000000000000 hal_st.c
     /tmp/ccvuFdCu.s:24     .gnu.debuglto_.debug_info:0000000000000000 hal_st.c.d6e621c0
                            *COM*:0000000000000001 __gnu_lto_slim

NO UNDEFINED SYMBOLS
