ARM GAS  /tmp/cchFKnq2.s 			page 1


   1              		.cpu cortex-m0
   2              		.arch armv6s-m
   3              		.fpu softvfp
   4              		.eabi_attribute 20, 1
   5              		.eabi_attribute 21, 1
   6              		.eabi_attribute 23, 3
   7              		.eabi_attribute 24, 1
   8              		.eabi_attribute 25, 1
   9              		.eabi_attribute 26, 1
  10              		.eabi_attribute 30, 4
  11              		.eabi_attribute 34, 0
  12              		.eabi_attribute 18, 4
  13              		.file	"hal_lld.c"
  14              		.file 1 "/home/kocur/.rusefi-tools/arm-gnu-toolchain-11.3.rel1-x86_64-arm-none-eabi/arm-none-eabi/
  15              		.file 2 "/home/kocur/.rusefi-tools/arm-gnu-toolchain-11.3.rel1-x86_64-arm-none-eabi/arm-none-eabi/
  16              		.file 3 "../../../ChibiOS/os/common/ext/ST/STM32F0xx/stm32f042x6.h"
  17              		.file 4 "../../../ChibiOS/os/hal/ports/STM32/STM32F0xx/hal_lld.c"
  18              		.file 5 "../../../ChibiOS/os/common/ext/ST/STM32F0xx/system_stm32f0xx.h"
  19              		.file 6 "../../../ChibiOS/os/hal/ports/STM32/STM32F0xx/stm32_isr.h"
  20              		.section	.gnu.debuglto_.debug_info,"e",%progbits
  21              	.Ldebug_info0:
  22              		.hidden	hal_lld.c.c0674aa9
  23              		.weak	hal_lld.c.c0674aa9
  24              	hal_lld.c.c0674aa9:
  25 0000 2B020000 		.4byte	0x22b
  26 0004 0500     		.2byte	0x5
  27 0006 01       		.byte	0x1
  28 0007 04       		.byte	0x4
  29 0008 00000000 		.4byte	.Ldebug_abbrev0
  30 000c 07       		.uleb128 0x7
  31 000d D1010000 		.4byte	.LASF33
  32 0011 1D       		.byte	0x1d
  33 0012 12000000 		.4byte	.LASF34
  34 0016 60000000 		.4byte	.LASF35
  35 001a 00000000 		.4byte	.Ldebug_line0
  36 001e 08       		.uleb128 0x8
  37 001f 04       		.byte	0x4
  38 0020 05       		.byte	0x5
  39 0021 696E7400 		.ascii	"int\000"
  40 0025 02       		.uleb128 0x2
  41 0026 04       		.byte	0x4
  42 0027 07       		.byte	0x7
  43 0028 63010000 		.4byte	.LASF0
  44 002c 02       		.uleb128 0x2
  45 002d 08       		.byte	0x8
  46 002e 05       		.byte	0x5
  47 002f 93010000 		.4byte	.LASF1
  48 0033 02       		.uleb128 0x2
  49 0034 08       		.byte	0x8
  50 0035 04       		.byte	0x4
  51 0036 87010000 		.4byte	.LASF2
  52 003a 02       		.uleb128 0x2
  53 003b 01       		.byte	0x1
  54 003c 06       		.byte	0x6
  55 003d BF020000 		.4byte	.LASF3
  56 0041 02       		.uleb128 0x2
  57 0042 01       		.byte	0x1
ARM GAS  /tmp/cchFKnq2.s 			page 2


  58 0043 08       		.byte	0x8
  59 0044 55010000 		.4byte	.LASF4
  60 0048 02       		.uleb128 0x2
  61 0049 02       		.byte	0x2
  62 004a 05       		.byte	0x5
  63 004b B6010000 		.4byte	.LASF5
  64 004f 02       		.uleb128 0x2
  65 0050 02       		.byte	0x2
  66 0051 07       		.byte	0x7
  67 0052 D4000000 		.4byte	.LASF6
  68 0056 02       		.uleb128 0x2
  69 0057 04       		.byte	0x4
  70 0058 05       		.byte	0x5
  71 0059 B1020000 		.4byte	.LASF7
  72 005d 06       		.uleb128 0x6
  73 005e 1E010000 		.4byte	.LASF10
  74 0062 01       		.byte	0x1
  75 0063 4F       		.byte	0x4f
  76 0064 19       		.byte	0x19
  77 0065 69000000 		.4byte	0x69
  78 0069 02       		.uleb128 0x2
  79 006a 04       		.byte	0x4
  80 006b 07       		.byte	0x7
  81 006c FB000000 		.4byte	.LASF8
  82 0070 02       		.uleb128 0x2
  83 0071 08       		.byte	0x8
  84 0072 07       		.byte	0x7
  85 0073 70010000 		.4byte	.LASF9
  86 0077 06       		.uleb128 0x6
  87 0078 A8020000 		.4byte	.LASF11
  88 007c 02       		.byte	0x2
  89 007d 30       		.byte	0x30
  90 007e 14       		.byte	0x14
  91 007f 5D000000 		.4byte	0x5d
  92 0083 09       		.uleb128 0x9
  93 0084 77000000 		.4byte	0x77
  94 0088 02       		.uleb128 0x2
  95 0089 01       		.byte	0x1
  96 008a 08       		.byte	0x8
  97 008b A1010000 		.4byte	.LASF12
  98 008f 0A       		.uleb128 0xa
  99 0090 A6010000 		.4byte	.LASF36
 100 0094 05       		.byte	0x5
 101 0095 4A       		.byte	0x4a
 102 0096 11       		.byte	0x11
 103 0097 77000000 		.4byte	0x77
 104 009b 04       		.uleb128 0x4
 105 009c 24       		.byte	0x24
 106 009d 3501     		.2byte	0x135
 107 009f 0D010000 		.4byte	0x10d
 108 00a3 03       		.uleb128 0x3
 109 00a4 41435200 		.ascii	"ACR\000"
 110 00a8 3701     		.2byte	0x137
 111 00aa 83000000 		.4byte	0x83
 112 00ae 00       		.byte	0
 113 00af 01       		.uleb128 0x1
 114 00b0 BA020000 		.4byte	.LASF13
ARM GAS  /tmp/cchFKnq2.s 			page 3


 115 00b4 3801     		.2byte	0x138
 116 00b6 83000000 		.4byte	0x83
 117 00ba 04       		.byte	0x4
 118 00bb 01       		.uleb128 0x1
 119 00bc E7000000 		.4byte	.LASF14
 120 00c0 3901     		.2byte	0x139
 121 00c2 83000000 		.4byte	0x83
 122 00c6 08       		.byte	0x8
 123 00c7 03       		.uleb128 0x3
 124 00c8 535200   		.ascii	"SR\000"
 125 00cb 3A01     		.2byte	0x13a
 126 00cd 83000000 		.4byte	0x83
 127 00d1 0C       		.byte	0xc
 128 00d2 03       		.uleb128 0x3
 129 00d3 435200   		.ascii	"CR\000"
 130 00d6 3B01     		.2byte	0x13b
 131 00d8 83000000 		.4byte	0x83
 132 00dc 10       		.byte	0x10
 133 00dd 03       		.uleb128 0x3
 134 00de 415200   		.ascii	"AR\000"
 135 00e1 3C01     		.2byte	0x13c
 136 00e3 83000000 		.4byte	0x83
 137 00e7 14       		.byte	0x14
 138 00e8 01       		.uleb128 0x1
 139 00e9 0D010000 		.4byte	.LASF15
 140 00ed 3D01     		.2byte	0x13d
 141 00ef 83000000 		.4byte	0x83
 142 00f3 18       		.byte	0x18
 143 00f4 03       		.uleb128 0x3
 144 00f5 4F425200 		.ascii	"OBR\000"
 145 00f9 3E01     		.2byte	0x13e
 146 00fb 83000000 		.4byte	0x83
 147 00ff 1C       		.byte	0x1c
 148 0100 01       		.uleb128 0x1
 149 0101 A7000000 		.4byte	.LASF16
 150 0105 3F01     		.2byte	0x13f
 151 0107 83000000 		.4byte	0x83
 152 010b 20       		.byte	0x20
 153 010c 00       		.byte	0
 154 010d 05       		.uleb128 0x5
 155 010e 52000000 		.4byte	.LASF17
 156 0112 4001     		.2byte	0x140
 157 0114 9B000000 		.4byte	0x9b
 158 0118 04       		.uleb128 0x4
 159 0119 08       		.byte	0x8
 160 011a 9001     		.2byte	0x190
 161 011c 38010000 		.4byte	0x138
 162 0120 03       		.uleb128 0x3
 163 0121 435200   		.ascii	"CR\000"
 164 0124 9201     		.2byte	0x192
 165 0126 83000000 		.4byte	0x83
 166 012a 00       		.byte	0
 167 012b 03       		.uleb128 0x3
 168 012c 43535200 		.ascii	"CSR\000"
 169 0130 9301     		.2byte	0x193
 170 0132 83000000 		.4byte	0x83
 171 0136 04       		.byte	0x4
ARM GAS  /tmp/cchFKnq2.s 			page 4


 172 0137 00       		.byte	0
 173 0138 05       		.uleb128 0x5
 174 0139 EF000000 		.4byte	.LASF18
 175 013d 9401     		.2byte	0x194
 176 013f 18010000 		.4byte	0x118
 177 0143 04       		.uleb128 0x4
 178 0144 38       		.byte	0x38
 179 0145 9A01     		.2byte	0x19a
 180 0147 F3010000 		.4byte	0x1f3
 181 014b 03       		.uleb128 0x3
 182 014c 435200   		.ascii	"CR\000"
 183 014f 9C01     		.2byte	0x19c
 184 0151 83000000 		.4byte	0x83
 185 0155 00       		.byte	0
 186 0156 01       		.uleb128 0x1
 187 0157 05000000 		.4byte	.LASF19
 188 015b 9D01     		.2byte	0x19d
 189 015d 83000000 		.4byte	0x83
 190 0161 04       		.byte	0x4
 191 0162 03       		.uleb128 0x3
 192 0163 43495200 		.ascii	"CIR\000"
 193 0167 9E01     		.2byte	0x19e
 194 0169 83000000 		.4byte	0x83
 195 016d 08       		.byte	0x8
 196 016e 01       		.uleb128 0x1
 197 016f 4C010000 		.4byte	.LASF20
 198 0173 9F01     		.2byte	0x19f
 199 0175 83000000 		.4byte	0x83
 200 0179 0C       		.byte	0xc
 201 017a 01       		.uleb128 0x1
 202 017b BF000000 		.4byte	.LASF21
 203 017f A001     		.2byte	0x1a0
 204 0181 83000000 		.4byte	0x83
 205 0185 10       		.byte	0x10
 206 0186 01       		.uleb128 0x1
 207 0187 AC000000 		.4byte	.LASF22
 208 018b A101     		.2byte	0x1a1
 209 018d 83000000 		.4byte	0x83
 210 0191 14       		.byte	0x14
 211 0192 01       		.uleb128 0x1
 212 0193 16010000 		.4byte	.LASF23
 213 0197 A201     		.2byte	0x1a2
 214 0199 83000000 		.4byte	0x83
 215 019d 18       		.byte	0x18
 216 019e 01       		.uleb128 0x1
 217 019f 44010000 		.4byte	.LASF24
 218 01a3 A301     		.2byte	0x1a3
 219 01a5 83000000 		.4byte	0x83
 220 01a9 1C       		.byte	0x1c
 221 01aa 01       		.uleb128 0x1
 222 01ab 00000000 		.4byte	.LASF25
 223 01af A401     		.2byte	0x1a4
 224 01b1 83000000 		.4byte	0x83
 225 01b5 20       		.byte	0x20
 226 01b6 03       		.uleb128 0x3
 227 01b7 43535200 		.ascii	"CSR\000"
 228 01bb A501     		.2byte	0x1a5
ARM GAS  /tmp/cchFKnq2.s 			page 5


 229 01bd 83000000 		.4byte	0x83
 230 01c1 24       		.byte	0x24
 231 01c2 01       		.uleb128 0x1
 232 01c3 4A000000 		.4byte	.LASF26
 233 01c7 A601     		.2byte	0x1a6
 234 01c9 83000000 		.4byte	0x83
 235 01cd 28       		.byte	0x28
 236 01ce 01       		.uleb128 0x1
 237 01cf C8000000 		.4byte	.LASF27
 238 01d3 A701     		.2byte	0x1a7
 239 01d5 83000000 		.4byte	0x83
 240 01d9 2C       		.byte	0x2c
 241 01da 01       		.uleb128 0x1
 242 01db CE000000 		.4byte	.LASF28
 243 01df A801     		.2byte	0x1a8
 244 01e1 83000000 		.4byte	0x83
 245 01e5 30       		.byte	0x30
 246 01e6 03       		.uleb128 0x3
 247 01e7 43523200 		.ascii	"CR2\000"
 248 01eb A901     		.2byte	0x1a9
 249 01ed 83000000 		.4byte	0x83
 250 01f1 34       		.byte	0x34
 251 01f2 00       		.byte	0
 252 01f3 05       		.uleb128 0x5
 253 01f4 B3000000 		.4byte	.LASF29
 254 01f8 AA01     		.2byte	0x1aa
 255 01fa 43010000 		.4byte	0x143
 256 01fe 02       		.uleb128 0x2
 257 01ff 01       		.byte	0x1
 258 0200 02       		.byte	0x2
 259 0201 D8020000 		.4byte	.LASF30
 260 0205 0B       		.uleb128 0xb
 261 0206 8F000000 		.4byte	0x8f
 262 020a 04       		.byte	0x4
 263 020b 2A       		.byte	0x2a
 264 020c 0A       		.byte	0xa
 265 020d 0C       		.uleb128 0xc
 266 020e 0A000000 		.4byte	.LASF37
 267 0212 06       		.byte	0x6
 268 0213 EE       		.byte	0xee
 269 0214 08       		.byte	0x8
 270 0215 0D       		.uleb128 0xd
 271 0216 C0010000 		.4byte	.LASF31
 272 021a 04       		.byte	0x4
 273 021b 0701     		.2byte	0x107
 274 021d 06       		.byte	0x6
 275 021e 0E       		.uleb128 0xe
 276 021f CB020000 		.4byte	.LASF32
 277 0223 04       		.byte	0x4
 278 0224 E3       		.byte	0xe3
 279 0225 06       		.byte	0x6
 280 0226 0F       		.uleb128 0xf
 281 0227 29010000 		.4byte	.LASF38
 282 022b 04       		.byte	0x4
 283 022c 39       		.byte	0x39
 284 022d 0D       		.byte	0xd
 285 022e 00       		.byte	0
ARM GAS  /tmp/cchFKnq2.s 			page 6


 286              		.section	.gnu.debuglto_.debug_abbrev,"e",%progbits
 287              	.Ldebug_abbrev0:
 288 0000 01       		.uleb128 0x1
 289 0001 0D       		.uleb128 0xd
 290 0002 00       		.byte	0
 291 0003 03       		.uleb128 0x3
 292 0004 0E       		.uleb128 0xe
 293 0005 3A       		.uleb128 0x3a
 294 0006 21       		.uleb128 0x21
 295 0007 03       		.sleb128 3
 296 0008 3B       		.uleb128 0x3b
 297 0009 05       		.uleb128 0x5
 298 000a 39       		.uleb128 0x39
 299 000b 21       		.uleb128 0x21
 300 000c 11       		.sleb128 17
 301 000d 49       		.uleb128 0x49
 302 000e 13       		.uleb128 0x13
 303 000f 38       		.uleb128 0x38
 304 0010 0B       		.uleb128 0xb
 305 0011 00       		.byte	0
 306 0012 00       		.byte	0
 307 0013 02       		.uleb128 0x2
 308 0014 24       		.uleb128 0x24
 309 0015 00       		.byte	0
 310 0016 0B       		.uleb128 0xb
 311 0017 0B       		.uleb128 0xb
 312 0018 3E       		.uleb128 0x3e
 313 0019 0B       		.uleb128 0xb
 314 001a 03       		.uleb128 0x3
 315 001b 0E       		.uleb128 0xe
 316 001c 00       		.byte	0
 317 001d 00       		.byte	0
 318 001e 03       		.uleb128 0x3
 319 001f 0D       		.uleb128 0xd
 320 0020 00       		.byte	0
 321 0021 03       		.uleb128 0x3
 322 0022 08       		.uleb128 0x8
 323 0023 3A       		.uleb128 0x3a
 324 0024 21       		.uleb128 0x21
 325 0025 03       		.sleb128 3
 326 0026 3B       		.uleb128 0x3b
 327 0027 05       		.uleb128 0x5
 328 0028 39       		.uleb128 0x39
 329 0029 21       		.uleb128 0x21
 330 002a 11       		.sleb128 17
 331 002b 49       		.uleb128 0x49
 332 002c 13       		.uleb128 0x13
 333 002d 38       		.uleb128 0x38
 334 002e 0B       		.uleb128 0xb
 335 002f 00       		.byte	0
 336 0030 00       		.byte	0
 337 0031 04       		.uleb128 0x4
 338 0032 13       		.uleb128 0x13
 339 0033 01       		.byte	0x1
 340 0034 0B       		.uleb128 0xb
 341 0035 0B       		.uleb128 0xb
 342 0036 3A       		.uleb128 0x3a
ARM GAS  /tmp/cchFKnq2.s 			page 7


 343 0037 21       		.uleb128 0x21
 344 0038 03       		.sleb128 3
 345 0039 3B       		.uleb128 0x3b
 346 003a 05       		.uleb128 0x5
 347 003b 39       		.uleb128 0x39
 348 003c 21       		.uleb128 0x21
 349 003d 09       		.sleb128 9
 350 003e 01       		.uleb128 0x1
 351 003f 13       		.uleb128 0x13
 352 0040 00       		.byte	0
 353 0041 00       		.byte	0
 354 0042 05       		.uleb128 0x5
 355 0043 16       		.uleb128 0x16
 356 0044 00       		.byte	0
 357 0045 03       		.uleb128 0x3
 358 0046 0E       		.uleb128 0xe
 359 0047 3A       		.uleb128 0x3a
 360 0048 21       		.uleb128 0x21
 361 0049 03       		.sleb128 3
 362 004a 3B       		.uleb128 0x3b
 363 004b 05       		.uleb128 0x5
 364 004c 39       		.uleb128 0x39
 365 004d 21       		.uleb128 0x21
 366 004e 03       		.sleb128 3
 367 004f 49       		.uleb128 0x49
 368 0050 13       		.uleb128 0x13
 369 0051 00       		.byte	0
 370 0052 00       		.byte	0
 371 0053 06       		.uleb128 0x6
 372 0054 16       		.uleb128 0x16
 373 0055 00       		.byte	0
 374 0056 03       		.uleb128 0x3
 375 0057 0E       		.uleb128 0xe
 376 0058 3A       		.uleb128 0x3a
 377 0059 0B       		.uleb128 0xb
 378 005a 3B       		.uleb128 0x3b
 379 005b 0B       		.uleb128 0xb
 380 005c 39       		.uleb128 0x39
 381 005d 0B       		.uleb128 0xb
 382 005e 49       		.uleb128 0x49
 383 005f 13       		.uleb128 0x13
 384 0060 00       		.byte	0
 385 0061 00       		.byte	0
 386 0062 07       		.uleb128 0x7
 387 0063 11       		.uleb128 0x11
 388 0064 01       		.byte	0x1
 389 0065 25       		.uleb128 0x25
 390 0066 0E       		.uleb128 0xe
 391 0067 13       		.uleb128 0x13
 392 0068 0B       		.uleb128 0xb
 393 0069 03       		.uleb128 0x3
 394 006a 0E       		.uleb128 0xe
 395 006b 1B       		.uleb128 0x1b
 396 006c 0E       		.uleb128 0xe
 397 006d 10       		.uleb128 0x10
 398 006e 17       		.uleb128 0x17
 399 006f 00       		.byte	0
ARM GAS  /tmp/cchFKnq2.s 			page 8


 400 0070 00       		.byte	0
 401 0071 08       		.uleb128 0x8
 402 0072 24       		.uleb128 0x24
 403 0073 00       		.byte	0
 404 0074 0B       		.uleb128 0xb
 405 0075 0B       		.uleb128 0xb
 406 0076 3E       		.uleb128 0x3e
 407 0077 0B       		.uleb128 0xb
 408 0078 03       		.uleb128 0x3
 409 0079 08       		.uleb128 0x8
 410 007a 00       		.byte	0
 411 007b 00       		.byte	0
 412 007c 09       		.uleb128 0x9
 413 007d 35       		.uleb128 0x35
 414 007e 00       		.byte	0
 415 007f 49       		.uleb128 0x49
 416 0080 13       		.uleb128 0x13
 417 0081 00       		.byte	0
 418 0082 00       		.byte	0
 419 0083 0A       		.uleb128 0xa
 420 0084 34       		.uleb128 0x34
 421 0085 00       		.byte	0
 422 0086 03       		.uleb128 0x3
 423 0087 0E       		.uleb128 0xe
 424 0088 3A       		.uleb128 0x3a
 425 0089 0B       		.uleb128 0xb
 426 008a 3B       		.uleb128 0x3b
 427 008b 0B       		.uleb128 0xb
 428 008c 39       		.uleb128 0x39
 429 008d 0B       		.uleb128 0xb
 430 008e 49       		.uleb128 0x49
 431 008f 13       		.uleb128 0x13
 432 0090 3F       		.uleb128 0x3f
 433 0091 19       		.uleb128 0x19
 434 0092 3C       		.uleb128 0x3c
 435 0093 19       		.uleb128 0x19
 436 0094 00       		.byte	0
 437 0095 00       		.byte	0
 438 0096 0B       		.uleb128 0xb
 439 0097 34       		.uleb128 0x34
 440 0098 00       		.byte	0
 441 0099 47       		.uleb128 0x47
 442 009a 13       		.uleb128 0x13
 443 009b 3A       		.uleb128 0x3a
 444 009c 0B       		.uleb128 0xb
 445 009d 3B       		.uleb128 0x3b
 446 009e 0B       		.uleb128 0xb
 447 009f 39       		.uleb128 0x39
 448 00a0 0B       		.uleb128 0xb
 449 00a1 00       		.byte	0
 450 00a2 00       		.byte	0
 451 00a3 0C       		.uleb128 0xc
 452 00a4 2E       		.uleb128 0x2e
 453 00a5 00       		.byte	0
 454 00a6 3F       		.uleb128 0x3f
 455 00a7 19       		.uleb128 0x19
 456 00a8 03       		.uleb128 0x3
ARM GAS  /tmp/cchFKnq2.s 			page 9


 457 00a9 0E       		.uleb128 0xe
 458 00aa 3A       		.uleb128 0x3a
 459 00ab 0B       		.uleb128 0xb
 460 00ac 3B       		.uleb128 0x3b
 461 00ad 0B       		.uleb128 0xb
 462 00ae 39       		.uleb128 0x39
 463 00af 0B       		.uleb128 0xb
 464 00b0 27       		.uleb128 0x27
 465 00b1 19       		.uleb128 0x19
 466 00b2 3C       		.uleb128 0x3c
 467 00b3 19       		.uleb128 0x19
 468 00b4 00       		.byte	0
 469 00b5 00       		.byte	0
 470 00b6 0D       		.uleb128 0xd
 471 00b7 2E       		.uleb128 0x2e
 472 00b8 00       		.byte	0
 473 00b9 3F       		.uleb128 0x3f
 474 00ba 19       		.uleb128 0x19
 475 00bb 03       		.uleb128 0x3
 476 00bc 0E       		.uleb128 0xe
 477 00bd 3A       		.uleb128 0x3a
 478 00be 0B       		.uleb128 0xb
 479 00bf 3B       		.uleb128 0x3b
 480 00c0 05       		.uleb128 0x5
 481 00c1 39       		.uleb128 0x39
 482 00c2 0B       		.uleb128 0xb
 483 00c3 27       		.uleb128 0x27
 484 00c4 19       		.uleb128 0x19
 485 00c5 00       		.byte	0
 486 00c6 00       		.byte	0
 487 00c7 0E       		.uleb128 0xe
 488 00c8 2E       		.uleb128 0x2e
 489 00c9 00       		.byte	0
 490 00ca 3F       		.uleb128 0x3f
 491 00cb 19       		.uleb128 0x19
 492 00cc 03       		.uleb128 0x3
 493 00cd 0E       		.uleb128 0xe
 494 00ce 3A       		.uleb128 0x3a
 495 00cf 0B       		.uleb128 0xb
 496 00d0 3B       		.uleb128 0x3b
 497 00d1 0B       		.uleb128 0xb
 498 00d2 39       		.uleb128 0x39
 499 00d3 0B       		.uleb128 0xb
 500 00d4 27       		.uleb128 0x27
 501 00d5 19       		.uleb128 0x19
 502 00d6 00       		.byte	0
 503 00d7 00       		.byte	0
 504 00d8 0F       		.uleb128 0xf
 505 00d9 2E       		.uleb128 0x2e
 506 00da 00       		.byte	0
 507 00db 03       		.uleb128 0x3
 508 00dc 0E       		.uleb128 0xe
 509 00dd 3A       		.uleb128 0x3a
 510 00de 0B       		.uleb128 0xb
 511 00df 3B       		.uleb128 0x3b
 512 00e0 0B       		.uleb128 0xb
 513 00e1 39       		.uleb128 0x39
ARM GAS  /tmp/cchFKnq2.s 			page 10


 514 00e2 0B       		.uleb128 0xb
 515 00e3 27       		.uleb128 0x27
 516 00e4 19       		.uleb128 0x19
 517 00e5 00       		.byte	0
 518 00e6 00       		.byte	0
 519 00e7 00       		.byte	0
 520              		.section	.gnu.debuglto_.debug_line,"e",%progbits
 521              	.Ldebug_line0:
 522 0000 5B000000 		.4byte	.LELT0-.LSLT0
 523              	.LSLT0:
 524 0004 0500     		.2byte	0x5
 525 0006 04       		.byte	0x4
 526 0007 00       		.byte	0
 527 0008 53000000 		.4byte	.LELTP0-.LASLTP0
 528              	.LASLTP0:
 529 000c 01       		.byte	0x1
 530 000d 01       		.byte	0x1
 531 000e 01       		.byte	0x1
 532 000f F6       		.byte	0xf6
 533 0010 F2       		.byte	0xf2
 534 0011 0D       		.byte	0xd
 535 0012 00       		.byte	0
 536 0013 01       		.byte	0x1
 537 0014 01       		.byte	0x1
 538 0015 01       		.byte	0x1
 539 0016 01       		.byte	0x1
 540 0017 00       		.byte	0
 541 0018 00       		.byte	0
 542 0019 00       		.byte	0
 543 001a 01       		.byte	0x1
 544 001b 00       		.byte	0
 545 001c 00       		.byte	0
 546 001d 01       		.byte	0x1
 547 001e 01       		.byte	0x1
 548 001f 01       		.uleb128 0x1
 549 0020 1F       		.uleb128 0x1f
 550 0021 05       		.uleb128 0x5
 551 0022 0A000000 		.4byte	.LASF39
 552 0026 51000000 		.4byte	.LASF40
 553 002a 49010000 		.4byte	.LASF41
 554 002e 7D000000 		.4byte	.LASF42
 555 0032 77010000 		.4byte	.LASF43
 556 0036 02       		.byte	0x2
 557 0037 01       		.uleb128 0x1
 558 0038 1F       		.uleb128 0x1f
 559 0039 02       		.uleb128 0x2
 560 003a 0B       		.uleb128 0xb
 561 003b 07       		.uleb128 0x7
 562 003c FE000000 		.4byte	.LASF44
 563 0040 00       		.byte	0
 564 0041 DC010000 		.4byte	.LASF45
 565 0045 03       		.byte	0x3
 566 0046 00000000 		.4byte	.LASF46
 567 004a 04       		.byte	0x4
 568 004b E6000000 		.4byte	.LASF47
 569 004f 01       		.byte	0x1
 570 0050 F4000000 		.4byte	.LASF48
ARM GAS  /tmp/cchFKnq2.s 			page 11


 571 0054 02       		.byte	0x2
 572 0055 36010000 		.4byte	.LASF49
 573 0059 01       		.byte	0x1
 574 005a ED010000 		.4byte	.LASF50
 575 005e 02       		.byte	0x2
 576              	.LELTP0:
 577              	.LELT0:
 578              		.section	.gnu.debuglto_.debug_str,"eMS",%progbits,1
 579              	.LASF25:
 580 0000 42444352 		.ascii	"BDCR\000"
 580      00
 581              	.LASF19:
 582 0005 43464752 		.ascii	"CFGR\000"
 582      00
 583              	.LASF37:
 584 000a 69727149 		.ascii	"irqInit\000"
 584      6E697400 
 585              	.LASF34:
 586 0012 2E2E2F2E 		.ascii	"../../../ChibiOS/os/hal/ports/STM32/STM32F0xx/hal_l"
 586      2E2F2E2E 
 586      2F436869 
 586      62694F53 
 586      2F6F732F 
 587 0045 6C642E63 		.ascii	"ld.c\000"
 587      00
 588              	.LASF26:
 589 004a 41484252 		.ascii	"AHBRSTR\000"
 589      53545200 
 590              	.LASF17:
 591 0052 464C4153 		.ascii	"FLASH_TypeDef\000"
 591      485F5479 
 591      70654465 
 591      6600
 592              	.LASF35:
 593 0060 2F686F6D 		.ascii	"/home/kocur/wideband-2311-release/firmware/boards/f"
 593      652F6B6F 
 593      6375722F 
 593      77696465 
 593      62616E64 
 594 0093 305F6D6F 		.ascii	"0_module/bootloader\000"
 594      64756C65 
 594      2F626F6F 
 594      746C6F61 
 594      64657200 
 595              	.LASF16:
 596 00a7 57525052 		.ascii	"WRPR\000"
 596      00
 597              	.LASF22:
 598 00ac 41484245 		.ascii	"AHBENR\000"
 598      4E5200
 599              	.LASF29:
 600 00b3 5243435F 		.ascii	"RCC_TypeDef\000"
 600      54797065 
 600      44656600 
 601              	.LASF21:
 602 00bf 41504231 		.ascii	"APB1RSTR\000"
 602      52535452 
ARM GAS  /tmp/cchFKnq2.s 			page 12


 602      00
 603              	.LASF27:
 604 00c8 43464752 		.ascii	"CFGR2\000"
 604      3200
 605              	.LASF28:
 606 00ce 43464752 		.ascii	"CFGR3\000"
 606      3300
 607              	.LASF6:
 608 00d4 73686F72 		.ascii	"short unsigned int\000"
 608      7420756E 
 608      7369676E 
 608      65642069 
 608      6E7400
 609              	.LASF14:
 610 00e7 4F50544B 		.ascii	"OPTKEYR\000"
 610      45595200 
 611              	.LASF18:
 612 00ef 5057525F 		.ascii	"PWR_TypeDef\000"
 612      54797065 
 612      44656600 
 613              	.LASF8:
 614 00fb 6C6F6E67 		.ascii	"long unsigned int\000"
 614      20756E73 
 614      69676E65 
 614      6420696E 
 614      7400
 615              	.LASF15:
 616 010d 52455345 		.ascii	"RESERVED\000"
 616      52564544 
 616      00
 617              	.LASF23:
 618 0116 41504232 		.ascii	"APB2ENR\000"
 618      454E5200 
 619              	.LASF10:
 620 011e 5F5F7569 		.ascii	"__uint32_t\000"
 620      6E743332 
 620      5F7400
 621              	.LASF38:
 622 0129 68616C5F 		.ascii	"hal_lld_backup_domain_init\000"
 622      6C6C645F 
 622      6261636B 
 622      75705F64 
 622      6F6D6169 
 623              	.LASF24:
 624 0144 41504231 		.ascii	"APB1ENR\000"
 624      454E5200 
 625              	.LASF20:
 626 014c 41504232 		.ascii	"APB2RSTR\000"
 626      52535452 
 626      00
 627              	.LASF4:
 628 0155 756E7369 		.ascii	"unsigned char\000"
 628      676E6564 
 628      20636861 
 628      7200
 629              	.LASF0:
 630 0163 756E7369 		.ascii	"unsigned int\000"
ARM GAS  /tmp/cchFKnq2.s 			page 13


 630      676E6564 
 630      20696E74 
 630      00
 631              	.LASF9:
 632 0170 6C6F6E67 		.ascii	"long long unsigned int\000"
 632      206C6F6E 
 632      6720756E 
 632      7369676E 
 632      65642069 
 633              	.LASF2:
 634 0187 6C6F6E67 		.ascii	"long double\000"
 634      20646F75 
 634      626C6500 
 635              	.LASF1:
 636 0193 6C6F6E67 		.ascii	"long long int\000"
 636      206C6F6E 
 636      6720696E 
 636      7400
 637              	.LASF12:
 638 01a1 63686172 		.ascii	"char\000"
 638      00
 639              	.LASF36:
 640 01a6 53797374 		.ascii	"SystemCoreClock\000"
 640      656D436F 
 640      7265436C 
 640      6F636B00 
 641              	.LASF5:
 642 01b6 73686F72 		.ascii	"short int\000"
 642      7420696E 
 642      7400
 643              	.LASF31:
 644 01c0 73746D33 		.ascii	"stm32_clock_init\000"
 644      325F636C 
 644      6F636B5F 
 644      696E6974 
 644      00
 645              	.LASF33:
 646 01d1 474E5520 		.ascii	"GNU C17 11.3.1 20220712 -mcpu=cortex-m0 -mthumb -mf"
 646      43313720 
 646      31312E33 
 646      2E312032 
 646      30323230 
 647 0204 6C6F6174 		.ascii	"loat-abi=soft -march=armv6s-m -ggdb -Os -fomit-fram"
 647      2D616269 
 647      3D736F66 
 647      74202D6D 
 647      61726368 
 648 0237 652D706F 		.ascii	"e-pointer -falign-functions=16 -fsingle-precision-c"
 648      696E7465 
 648      72202D66 
 648      616C6967 
 648      6E2D6675 
 649 026a 6F6E7374 		.ascii	"onstant -ffunction-sections -fdata-sections -fno-co"
 649      616E7420 
 649      2D666675 
 649      6E637469 
 649      6F6E2D73 
ARM GAS  /tmp/cchFKnq2.s 			page 14


 650 029d 6D6D6F6E 		.ascii	"mmon -flto\000"
 650      202D666C 
 650      746F00
 651              	.LASF11:
 652 02a8 75696E74 		.ascii	"uint32_t\000"
 652      33325F74 
 652      00
 653              	.LASF7:
 654 02b1 6C6F6E67 		.ascii	"long int\000"
 654      20696E74 
 654      00
 655              	.LASF13:
 656 02ba 4B455952 		.ascii	"KEYR\000"
 656      00
 657              	.LASF3:
 658 02bf 7369676E 		.ascii	"signed char\000"
 658      65642063 
 658      68617200 
 659              	.LASF32:
 660 02cb 68616C5F 		.ascii	"hal_lld_init\000"
 660      6C6C645F 
 660      696E6974 
 660      00
 661              	.LASF30:
 662 02d8 5F426F6F 		.ascii	"_Bool\000"
 662      6C00
 663              		.section	.gnu.debuglto_.debug_line_str,"eMS",%progbits,1
 664              	.LASF46:
 665 0000 5F737464 		.ascii	"_stdint.h\000"
 665      696E742E 
 665      6800
 666              	.LASF39:
 667 000a 2F686F6D 		.ascii	"/home/kocur/wideband-2311-release/firmware/boards/f"
 667      652F6B6F 
 667      6375722F 
 667      77696465 
 667      62616E64 
 668 003d 305F6D6F 		.ascii	"0_module/bootloader\000"
 668      64756C65 
 668      2F626F6F 
 668      746C6F61 
 668      64657200 
 669              	.LASF40:
 670 0051 2E2E2F2E 		.ascii	"../../../ChibiOS/os/common/ext/ST/STM32F0xx\000"
 670      2E2F2E2E 
 670      2F436869 
 670      62694F53 
 670      2F6F732F 
 671              	.LASF42:
 672 007d 2F686F6D 		.ascii	"/home/kocur/.rusefi-tools/arm-gnu-toolchain-11.3.re"
 672      652F6B6F 
 672      6375722F 
 672      2E727573 
 672      6566692D 
 673 00b0 6C312D78 		.ascii	"l1-x86_64-arm-none-eabi/arm-none-eabi/include/machi"
 673      38365F36 
 673      342D6172 
ARM GAS  /tmp/cchFKnq2.s 			page 15


 673      6D2D6E6F 
 673      6E652D65 
 674 00e3 6E6500   		.ascii	"ne\000"
 675              	.LASF47:
 676 00e6 73746D33 		.ascii	"stm32f042x6.h\000"
 676      32663034 
 676      3278362E 
 676      6800
 677              	.LASF48:
 678 00f4 68616C5F 		.ascii	"hal_lld.c\000"
 678      6C6C642E 
 678      6300
 679              	.LASF44:
 680 00fe 2E2E2F2E 		.ascii	"../../../ChibiOS/os/hal/ports/STM32/STM32F0xx/hal_l"
 680      2E2F2E2E 
 680      2F436869 
 680      62694F53 
 680      2F6F732F 
 681 0131 6C642E63 		.ascii	"ld.c\000"
 681      00
 682              	.LASF49:
 683 0136 73797374 		.ascii	"system_stm32f0xx.h\000"
 683      656D5F73 
 683      746D3332 
 683      66307878 
 683      2E6800
 684              	.LASF41:
 685 0149 2E2E2F2E 		.ascii	"../../../ChibiOS/os/hal/ports/STM32/STM32F0xx\000"
 685      2E2F2E2E 
 685      2F436869 
 685      62694F53 
 685      2F6F732F 
 686              	.LASF43:
 687 0177 2F686F6D 		.ascii	"/home/kocur/.rusefi-tools/arm-gnu-toolchain-11.3.re"
 687      652F6B6F 
 687      6375722F 
 687      2E727573 
 687      6566692D 
 688 01aa 6C312D78 		.ascii	"l1-x86_64-arm-none-eabi/arm-none-eabi/include/sys\000"
 688      38365F36 
 688      342D6172 
 688      6D2D6E6F 
 688      6E652D65 
 689              	.LASF45:
 690 01dc 5F646566 		.ascii	"_default_types.h\000"
 690      61756C74 
 690      5F747970 
 690      65732E68 
 690      00
 691              	.LASF50:
 692 01ed 73746D33 		.ascii	"stm32_isr.h\000"
 692      325F6973 
 692      722E6800 
 693              		.text
 694              		.section	.gnu.lto_.profile.ffaf428f2cf9499b,"e",%progbits
 695 0000 789C6362 		.ascii	"x\234cb\000\001\000\000\022\000\003"
 695      00010000 
ARM GAS  /tmp/cchFKnq2.s 			page 16


 695      120003
 696              		.text
 697              		.section	.gnu.lto_.icf.ffaf428f2cf9499b,"e",%progbits
 698 0000 789C7BC8 		.ascii	"x\234{\310\200\000,\014G\226\037^\301\315\305\304\300"
 698      80002C0C 
 698      47961F5E 
 698      C1CDC5C4 
 698      C0
 699 0011 C408C54C 		.ascii	"\304\010\305L0\314\270\262s\355~6\025d!\212po\377\373"
 699      30CCB8B2 
 699      73ED7E36 
 699      1564218A 
 699      706FFFFB 
 700 0025 0FAC2654 		.ascii	"\017\254&T3\216\201\211\031\212\261\3123\267l\236\376"
 700      338E8189 
 700      198AB1CA 
 700      33B76C9E 
 700      FE
 701 0036 90990100 		.ascii	"\220\231\001\000q\212\015\253"
 701      718A0DAB 
 702              		.text
 703              		.section	.gnu.lto_.ipa_sra.ffaf428f2cf9499b,"e",%progbits
 704 0000 789CE367 		.ascii	"x\234\343g@\000f\006\006FF\0060d\002\022\000\002\023"
 704      40006606 
 704      06464606 
 704      30640212 
 704      000213
 705 0013 001B     		.ascii	"\000\033"
 706              		.text
 707              		.section	.gnu.lto_.inline.ffaf428f2cf9499b,"e",%progbits
 708 0000 789C2B67 		.ascii	"x\234+g@\000f\006\006\236\206\206\206\003Li\214\014"
 708      40006606 
 708      069E8686 
 708      86034C69 
 708      8C0C
 709 0012 4C424056 		.ascii	"LB@V\003S\032\003\003\033\230\221\302\304\300\004R\303"
 709      03531A03 
 709      031B9891 
 709      C2C4C004 
 709      52C3
 710 0024 C82003E4 		.ascii	"\310 \003\344\276`\312\000*\321\003\262>0\245c(\341"
 710      BE60CA00 
 710      2AD103B2 
 710      3E30A563 
 710      28E1
 711 0036 42904C0C 		.ascii	"B\220L\014f\037\216\256{\307\234\005T\236\006d\275b"
 711      661F8EAE 
 711      7BC79C05 
 711      549E0664 
 711      BD62
 712 0048 CE4257CE 		.ascii	"\316BW\316\000\000\215\243\033$"
 712      00008DA3 
 712      1B24
 713              		.text
 714              		.section	.gnu.lto_.jmpfuncs.ffaf428f2cf9499b,"e",%progbits
 715 0000 789CE365 		.ascii	"x\234\343e@\000f f\0041\230\200\030\000\001\226\000"
 715      40006620 
ARM GAS  /tmp/cchFKnq2.s 			page 17


 715      66043198 
 715      80180001 
 715      9600
 716 0012 14       		.ascii	"\024"
 717              		.text
 718              		.section	.gnu.lto_.pureconst.ffaf428f2cf9499b,"e",%progbits
 719 0000 789CE362 		.ascii	"x\234\343b```f\230\305\3028\213\205i\026\013\000\011"
 719      60606066 
 719      98C5C238 
 719      8B856916 
 719      0B0009
 720 0013 FA01EB   		.ascii	"\372\001\353"
 721              		.text
 722              		.section	.gnu.lto_.ipa_modref.ffaf428f2cf9499b,"e",%progbits
 723 0000 789CAB64 		.ascii	"x\234\253d@\000f\006\006\005\001\001\006&&\026\006F"
 723      40006606 
 723      06050101 
 723      06262616 
 723      0646
 724 0012 26564606 		.ascii	"&VF\006&6\010\215U\220\001\"\316\210\254\010\316a`\202"
 724      2636088D 
 724      55900122 
 724      CE88AC08 
 724      CE616082 
 725 0026 6A82F299 		.ascii	"j\202\362\231\330\221MB\023d`\000\000\320-\002\262"
 725      D8914D42 
 725      13646000 
 725      00D02D02 
 725      B2
 726              		.text
 727              		.section	.gnu.lto_.lto.ffaf428f2cf9499b,"e",%progbits
 728 0000 0B000300 		.ascii	"\013\000\003\000\001\000\000\000"
 728      01000000 
 729              		.text
 730              		.section	.gnu.lto_hal_lld_backup_domain_init.187.ffaf428f2cf9499b,"e",%progbits
 731 0000 789C7D91 		.ascii	"x\234}\221Mh\023A\024\307\337\307$\251\037\325{OJ/\275"
 731      4D681341 
 731      14C7DFC7 
 731      24A91FD5 
 731      7B4F4A2F 
 732 0015 34D30F10 		.ascii	"4\323\017\020\217\005\241\236J\017\355\275l\272[\022"
 732      8F05A19E 
 732      4A0FEDBD 
 732      6CBA5B12 
 733 0025 DC38BADB 		.ascii	"\3348\272\333\220\212\207L\332B%\036ll\205\236\372q"
 733      908A874C 
 733      DA42251E 
 733      6C6C859E 
 733      FA71
 734 0037 EBA1D08B 		.ascii	"\353\241\320\213P\252Xb\305\202W\301{\021\024\355Q\374"
 734      50AA5862 
 734      C58257C1 
 734      7B1114ED 
 734      51FC
 735 0049 24427CBB 		.ascii	"$B|\273\033\022Ap\23173o\346\377\336\357\355\233\247"
 735      1B124170 
 735      9937336F 
ARM GAS  /tmp/cchFKnq2.s 			page 18


 735      E6FFDEEF 
 735      ED9BA7
 736 005c 08B00800 		.ascii	"\010\260\010\0007\3050\005\370\270^#\260\326\216e\210"
 736      37C53005 
 736      F8B85E23 
 736      B0D68E65 
 736      88
 737 006d 96EA0F09 		.ascii	"\226\352\017\011\017P\274+j\271~)^\031\327;\012\205"
 737      0F50BC2B 
 737      6AB97E29 
 737      5E19D73B 
 737      0A85
 738 007f D57AED5C 		.ascii	"\325z\355\\\242\030\313 T\210\025Vp\207\265\034\374"
 738      A218CB20 
 738      54881556 
 738      7087B51C 
 738      FC
 739 0090 7CFD7175 		.ascii	"|\375qu?cw\033x\006P\201\366w!\331\013\024\366\337\246"
 739      3F63771B 
 739      78065081 
 739      F67721D9 
 739      0B14F6DF 
 740 00a5 1AF677EB 		.ascii	"\032\366w\353\221\265\337>\340\213\376\363\010\204$"
 740      91B5DF3E 
 740      E08BFEF3 
 740      088424
 741 00b4 C6624A0C 		.ascii	"\306bJ\014`\223#\216Uh\033\000[L\211S\025\347\007\331"
 741      6093238E 
 741      55681B00 
 741      5B4C8953 
 741      15E707D9 
 742 00c8 F7BF7AA1 		.ascii	"\367\277z\241I\307G\237{\031S\230\276\217\020\317\366"
 742      49C7479F 
 742      7B195398 
 742      BE8F10CF 
 742      F6
 743 00d9 B46A550A 		.ascii	"\264jU\012\367\242\232z\356=\303C\204kW\313\317\261"
 743      F7A29A7A 
 743      EE3DC343 
 743      846B57CB 
 743      CFB1
 744 00eb 24C4262D 		.ascii	"$\304&-\255\257 \023cz\000-E\341_j\370\217\370(\022"
 744      ADAF2013 
 744      637A002D 
 744      45E15F6A 
 744      F88FF828 
 745 0100 33C59056 		.ascii	"3\305\220V\007\302\222>\214!!\332\355\007]\310\335\227"
 745      07C2923E 
 745      8C2121DA 
 745      ED075DC8 
 745      DD97
 746 0112 D890B81D 		.ascii	"\330\220\270\035\331\226\217\321$\234\215\225w\322\014"
 746      D9968FD1 
 746      249C8D95 
 746      77D20C
 747 0121 E6089486 		.ascii	"\346\010\224\206\357\264|\366\252\217\225xI\033\266"
 747      EFB47CF6 
ARM GAS  /tmp/cchFKnq2.s 			page 19


 747      AA8F9578 
 747      491BB6
 748 0130 98AB124B 		.ascii	"\230\253\022K\235\237Y;\211\313\371\372\351r;\355\356"
 748      9D9F593B 
 748      89CBF9FA 
 748      E9723BED 
 748      EE
 749 0141 C5BFF39E 		.ascii	"\305\277\363\236Dy\323E\271P\261\374\311\377\345o\332"
 749      4479D345 
 749      B950B1FC 
 749      C9FFE56F 
 749      DA
 750 0152 F204A5BA 		.ascii	"\362\004\245\272}k\321\342is<.a\223\261\333\\y\177\235"
 750      7D6BD1E2 
 750      69733C2E 
 750      6193B1DB 
 750      5C797F9D 
 751 0166 37454FDF 		.ascii	"7EO\3372\263\245@\227\013\256\227sn\273\203#\243\303"
 751      32B3A540 
 751      970BAE97 
 751      736EBB83 
 751      23A3C3
 752 0179 C38381E7 		.ascii	"\303\203\201\347{N\350\351\271BP,;\201\247s\306\011"
 752      7B4EE8E9 
 752      B942502C 
 752      3B81A773 
 752      C609
 753 018b DC50CF0D 		.ascii	"\334P\317\015\315\024\215[\362\243\0033\357\033\307"
 753      CD148D5B 
 753      F2A30333 
 753      EF1BC7
 754 019a F502B89E 		.ascii	"\365\002\270\236\315\352d\334\310\027r\205\311)mB\235"
 754      CDEA64DC 
 754      C8177285 
 754      C9296D42 
 754      9D
 755 01ab 777C7DC7 		.ascii	"w|}\307\004\363\241\236\232\236\030\035I\346\361\241"
 755      04F3A19E 
 755      9A9E181D 
 755      49E6F1A1 
 756 01bb 8585E866 		.ascii	"\205\205\350f\306\367\335\354,\374\001\213\000\302k"
 756      C6F7DDEC 
 756      2CFC018B 
 756      00C26B
 757              		.text
 758              		.section	.gnu.lto_hal_lld_init.188.ffaf428f2cf9499b,"e",%progbits
 759 0000 789C7D93 		.ascii	"x\234}\223Kh\023Q\024\206\317\2717\223W\241\241\024"
 759      4B681351 
 759      1486CFB9 
 759      379357A1 
 759      A114
 760 0012 4AC08D8F 		.ascii	"J\300\215\217\205n\232\351\003\304\245 \350J\272\250"
 760      856E9AE9 
 760      03C4A520 
 760      E84ABAA8 
 761 0022 FB32E94C 		.ascii	"\3732\351LM\350\304\321IC*\"\271m\027J6R\021tU\255+"
 761      4DE8C4D1 
ARM GAS  /tmp/cchFKnq2.s 			page 20


 761      49432A22 
 761      B96D174A 
 761      36521174 
 762 0039 17821611 		.ascii	"\027\202\026\021\037\205\022*\245\010>\250\202\024D"
 762      1F85122A 
 762      A5083EA8 
 762      821444
 763 0048 942A2E5C 		.ascii	"\224*.\\\211\010*5\216\347\336I\223\301I\034\346\277"
 763      89082A35 
 763      8EE7DE49 
 763      93C1491C 
 763      E6BF
 764 005a DCC7CF77 		.ascii	"\334\307\317w\377\303\341nr\200Y\000\330GB\016xy\276"
 764      FFC3E16E 
 764      72805900 
 764      D847420E 
 764      7879BE
 765 006d CA400871 		.ascii	"\312@\010q8\306pf\276\232\300\007\250V\010\025\206\025"
 765      38C67066 
 765      BE9AC007 
 765      A8560815 
 765      8615
 766 007f 5CE43A2D 		.ascii	"\\\344:-\177\256}\276\373+-n\325\360\013@\005\032_\227"
 766      7FAE7DBE 
 766      FB2B2D6E 
 766      D5F00B40 
 766      051A5F97 
 767 0093 3F47D29D 		.ascii	"?G\322\235WZM\374\366.\011\361\374#\376\331\277\013"
 767      575A4DFC 
 767      F62E09F1 
 767      FC23FED9 
 767      BF0B
 768 00a5 81212371 		.ascii	"\201!#qR\204\244\221\242\244\030)NJ\220\222\244nR\212"
 768      5284A491 
 768      A2A41829 
 768      4E4A9092 
 768      A46E528A 
 769 00b9 D443EA25 		.ascii	"\324C\352%\365\221\322$\200\005.S\211\010\212\032\300"
 769      F591D224 
 769      80052E53 
 769      89088A1A 
 769      C0
 770 00ca 75CEFCC5 		.ascii	"u\316\374\305\014-~0\261\265\364\022a\233\255\256$8"
 770      0C2D7E30 
 770      B1B5F412 
 770      619BADAE 
 770      2438
 771 00dc 6A183D87 		.ascii	"j\030=\207\240Fq\343\242\210hx[V\020?\373\030\037!\034"
 771      A04671E3 
 771      A2886878 
 771      5B56103F 
 771      FB181F21 
 772 00f1 DC535EC6 		.ascii	"\334S^\306\022%\334fsW. g\034\243\007\320\363\326\353"
 772      1225DC66 
 772      73572E20 
 772      671CA307 
 772      D0F3D6EB 
ARM GAS  /tmp/cchFKnq2.s 			page 21


 773 0105 2909F856 		.ascii	")\011\370V\305\220\177E\3729\223\367\354m\\\302C\246"
 773      C5907F45 
 773      FA3993F7 
 773      EC6D5CC2 
 773      43A6
 774 0117 DA0EF41A 		.ascii	"\332\016\364\032A#\234\023T\210\207\254\023\363\211"
 774      41239C13 
 774      548887AC 
 774      13F389
 775 0126 624682CC 		.ascii	"bF\202\314\356\177L\2134-\257),\271n^EU\350\275f\241"
 775      EE7F4C8B 
 775      342DAF29 
 775      2CB96E5E 
 775      4555E8BD 
 776 013c A910741D 		.ascii	"\251\020t\035\213*\303\352\367x\350\354\251<S\225z^"
 776      8B2AC3EA 
 776      F778E8EC 
 776      A93C5395 
 776      7A5E
 777 014e 2A786D4F 		.ascii	"*xmO\310\372\354?\230\027\015\014\004\021\275\355\222"
 777      C8FAEC3F 
 777      98170D0C 
 777      0411BDED 
 777      92
 778 015f 6F288A4C 		.ascii	"o(\212L^V\301\3577\203k!\352k<\323\352H\224k~\316\316"
 778      5E56C1EF 
 778      37836B21 
 778      EA6B3CD3 
 778      EA48946B 
 779 0176 1D7923FD 		.ascii	"\035y#\375<\032\314\020\013\2316w\240\262#q\036S\035"
 779      3C1ACC10 
 779      0B993677 
 779      A0B22371 
 779      1E531D
 780 0189 111D3BF2 		.ascii	"\021\035;\362V1\343Af_\273\272\336)\254\254k\311\357"
 780      5631E341 
 780      665FBBBA 
 780      DE29ACAC 
 780      6BC9EF
 781 019c C872B3B0 		.ascii	"\310r\263\260D\010\372\036\235VaI\236\3603\010\354\024"
 781      4408FA1E 
 781      9D566149 
 781      9EF03308 
 781      EC14
 782 01ae 624BFA79 		.ascii	"bK\372y2\030\"\335.\304'\305\225!\316\253\014\033\224"
 782      321822DD 
 782      2EC427C5 
 782      9521CEAB 
 782      0C1B94
 783 01c1 A1CEE676 		.ascii	"\241\316\346vC\025Ya\022\200u\251\355\257\251\326\356"
 783      43155961 
 783      128075A9 
 783      EDAFA9D6 
 783      EE
 784 01d2 49B5EBB1 		.ascii	"I\265\353\261\331\017\365\021\365Z\0278\266\036\024"
 784      D90FF511 
 784      F55A1738 
ARM GAS  /tmp/cchFKnq2.s 			page 22


 784      B61E14
 785 01e1 C0313DE7 		.ascii	"\3001=\347\024,}\322\031/\271z9oZY\343\224\331?4<8\330"
 785      142C7DD2 
 785      192FB97A 
 785      396F5A59 
 785      E394D93F 
 786 01f9 EF5AB665 		.ascii	"\357Z\266e\024-}\"\357\026\312\206k\351Y\307p\315\242"
 786      142D7D22 
 786      EF16CA86 
 786      6BE959C7 
 786      70CDA2
 787 020c 3E313056 		.ascii	">10Vp\314\222-7\234)\3331L\313\205C\231\214\356\377"
 787      70CC922D 
 787      379C29DB 
 787      314CCB85 
 787      43998CEE 
 788 0221 4772F96C 		.ascii	"Gr\371l~dTw\212z\316\260\365\323\216;U\324GO\034\037"
 788      7E645477 
 788      8A7ACEB0 
 788      F5D38E3B 
 788      55D4474F 
 789 0237 1EF2C7A3 		.ascii	"\036\362\307\243\003\323\323\362d\314\266\315\3148\374"
 789      03D3D3F2 
 789      64CCB6CD 
 789      CC38FC
 790 0246 05534357 		.ascii	"\005SCW\375"
 790      FD
 791              		.text
 792              		.section	.gnu.lto_stm32_clock_init.189.ffaf428f2cf9499b,"e",%progbits
 793 0000 789C7D55 		.ascii	"x\234}U]l\024U\024\276\347\236\331\235\375\237\375\353"
 793      5D6C1455 
 793      14BEE79E 
 793      D99DFD9F 
 793      FDEB
 794 0012 EF9B3CD5 		.ascii	"\357\233<\325\020:\374D\323G\023\023}2>`\342#\331v\027"
 794      103AFC44 
 794      D3471313 
 794      7D323E60 
 794      E223D976 
 795 0027 BBB27575 		.ascii	"\273\262uu\227\246\030\037: ?f_`\301\006\264\320\012"
 795      97A6181F 
 795      3A203F66 
 795      5F60C106 
 795      B4D00A
 796 003a 4F0B120D 		.ascii	"O\013\022\015$\332\000\206\324\242!4\032c\253-*\211"
 796      24DA0086 
 796      D4A22134 
 796      1A63AB2D 
 796      2A89
 797 004c 5A94D81A 		.ascii	"Z\224\330\032\264B\021\241\304\365\314\317\335\231q"
 797      B44211A1 
 797      C4F5CCCF 
 797      DD9971
 798 005b 77BBD96F 		.ascii	"w\273\331osf\346\233s\316\367\235{\357\2522c{\030c\243"
 798      7366E69B 
 798      73CEF79D 
 798      7BEFAA32 
ARM GAS  /tmp/cchFKnq2.s 			page 23


 798      637B1863 
 799 0070 C018B430 		.ascii	"\300\030\26408\\.q\246i\332S2\207#\345\322\237\327\316"
 799      385C2E71 
 799      A669DA53 
 799      328723E5 
 799      D29FD7CE 
 800 0084 4B3001C6 		.ascii	"K0\001\306\015\344g\017\235\207\231\345\207=\322\336"
 800      0DE4670F 
 800      9D8799E5 
 800      873DD2DE 
 801 0094 72E48383 		.ascii	"r\344\203\203\373d)\011G\316EM\272\004#\345\322\315"
 801      FB642909 
 801      47CE454D 
 801      BA0423E5 
 801      D2CD
 802 00a6 692ED81E 		.ascii	"i.\330\036\376\276`\357\267\330\011\030\021l/\034-\227"
 802      FEBE60EF 
 802      B7D80918 
 802      116C2F1C 
 802      2D97
 803 00b8 7EF8B2C6 		.ascii	"~\370\262\306\226\371\031\301>vh\001\014z\034\216\012"
 803      96F919C1 
 803      3E766801 
 803      0C7A1C8E 
 803      0A
 804 00c9 BA0FDE39 		.ascii	"\272\017\3369|\352\334\361\365\202\356\347\247\005\375"
 804      7CEADCF1 
 804      F582EEE7 
 804      A705FD
 805 00d8 5D418F11 		.ascii	"]A\217\021g\277\325{\000F\211\177\246\306\017\362\212"
 805      67BFD57B 
 805      0046897F 
 805      A6C60FF2 
 805      8A
 806 00e9 E01F17FC 		.ascii	"\340\037\027\374(q\004?\004'\210\177\261\306\017\363"
 806      2871043F 
 806      0427887F 
 806      B1C60FF3 
 807 00f9 71C11F13 		.ascii	"q\301\037\023|\2058\202\037\201\335\345\322\374\215"
 807      7C853882 
 807      1F81DDE5 
 807      D2FC8D
 808 0108 75820F6C 		.ascii	"u\202\017l\230cR\362$\274r\334\347\217\005\202\321P"
 808      986352F2 
 808      24BC72DC 
 808      E78F0582 
 808      D150
 809 011a 5889C0B0 		.ascii	"X\211\300\260\214\314\376x\034\261\354\210\375\2168"
 809      8CCCFE78 
 809      1CB1EC88 
 809      FD8E38
 810 0129 E888C38E 		.ascii	"\350\210\303\216\370$\252T\350\237\317o-\227;\264\312"
 810      F824AA54 
 810      E89FCF6F 
 810      2D973BB4 
 810      CA
 811 013a 242C3136 		.ascii	"$,16\354xG\217i\200\354\303\031\317\244\366\250zP\323"
ARM GAS  /tmp/cchFKnq2.s 			page 24


 811      EC78478F 
 811      6980ECC3 
 811      19CFA4F6 
 811      A87A50D3 
 812 014e 6EDF84E9 		.ascii	"n\337\204\351\365\217\003\343\300\011H\220\010\036\202"
 812      F58F03E3 
 812      C0094890 
 812      081E82
 813 015d 9720137C 		.ascii	"\227 \023|\004?!@\010\022B\2040!BP\010QB\214\020'$\010"
 813      043F2140 
 813      08124284 
 813      30214250 
 813      0851428C 
 814 0175 49420BA1 		.ascii	"IB\013\241\225\320Fh't\020:\011]\004\306\306\220-?\254"
 814      95D04668 
 814      2774103A 
 814      095D04C6 
 814      C6902D3F 
 815 018a F48036C9 		.ascii	"\364\2006\311\3308r#\336M\361}\256-\\\230\001\266\312"
 815      D8387223 
 815      DE4DF17D 
 815      AE2D5C98 
 815      01B6CA
 816 019d A72E2F86 		.ascii	"\247./\206\021<\340}\003\230\361\253\275\367\226&y\340"
 816      113CE07D 
 816      0398F1AB 
 816      BDF79626 
 816      79E0
 817 01af AC6EA3EF 		.ascii	"\254n\243\357\365\213p\001\330\223\217\015]\202A\022"
 817      F58B7001 
 817      D8938F0D 
 817      5D824112 
 818 01bf B3CADF7C 		.ascii	"\263\312\337|\373\000 G\360v\201\361\366\235\022\324"
 818      FB002047 
 818      F07681F1 
 818      F69D12D4 
 819 01cf 712FEB5C 		.ascii	"q/\353\\\344F\221K3\272\011\343\210\304\320$\2756\320"
 819      E446914B 
 819      33BA09E3 
 819      88C4D024 
 819      BD36D0
 820 01e2 ED534F98 		.ascii	"\355SO\230\225\025\304\377\275}\222\302\241IQ\354\330"
 820      9515C4FF 
 820      BD7D92C2 
 820      A14951EC 
 820      D8
 821 01f3 815F394A 		.ascii	"\201_9J\210T\215\263\277\371\336\305+/\243D\027\246"
 821      88548DB3 
 821      BFF9DEC5 
 821      2B2FA344 
 821      17A6
 822 0205 CB63982C 		.ascii	"\313c\230,\357\233\277\212\324\3118J.m\363B[\004=u\375"
 822      EF9BBF8A 
 822      D4C9384A 
 822      2E6DF342 
 822      5B043D75 
 823 021a 7D064591 		.ascii	"}\006E\221\036\320\213\036J\370\250Z\255*\315\364\\"
ARM GAS  /tmp/cchFKnq2.s 			page 25


 823      1ED08B1E 
 823      4AF8A85A 
 823      AD2ACDF4 
 823      5C
 824 022b D5F9E835 		.ascii	"\325\371\3505\022\177g\351\361\270\365\214\232\345N"
 824      127F67E9 
 824      F1B8F58C 
 824      9AE54E
 825 023a 2B283712 		.ascii	"+(7\022t\315\256x\233\243\017e*\031\322\005-]\371\230"
 825      74CDAE78 
 825      9BA30F65 
 825      2A19D205 
 825      2D5DF998 
 826 024e AE610A2C 		.ascii	"\256a\012,A\011[\220\327%\350/{X\376\272\006\277\260"
 826      41095B90 
 826      D725E82F 
 826      7B58FEBA 
 826      06BFB0
 827 0261 FD020CA0 		.ascii	"\375\002\014\240\237\262?h:\235\257\214\351\004\214"
 827      9FB23F68 
 827      3A9DAF8C 
 827      E9048C
 828 0270 AC77CDAC 		.ascii	"\254w\315\254+\277E,Z\005\235m\177\255\267\355}\015"
 828      2BBF452C 
 828      5A059D6D 
 828      7FADB7ED 
 828      7D0D
 829 0282 CC163E9A 		.ascii	"\314\026>\232\265DF0X\227\365\033\310\333\353#\204A"
 829      B5444630 
 829      5897F51B 
 829      C8DBEB23 
 829      8441
 830 0294 F8A46903 		.ascii	"\370\244i\003s:\025CF\316\211Y\323N\271\311\362\010"
 830      733A1543 
 830      46CE8959 
 830      D34EB9C9 
 830      F208
 831 02a6 3772F3BA 		.ascii	"7r\363\272\250e\270\031\3010|\012buDl/\343\266\227>"
 831      A865B819 
 831      C1307C0A 
 831      6275446C 
 831      2FE3B697 
 832 02bb 97975553 		.ascii	"\227\227US\310JEi\250\372{\030\240\255K\316\350\334"
 832      C84A4569 
 832      A8FA7B18 
 832      A0AD4BCE 
 832      E8DC
 833 02cd F2DC9ADC 		.ascii	"\362\334\232\334\033\226C\2326e\346>\2616\377G\330a"
 833      1B96439A 
 833      3665E63E 
 833      B136FF47 
 833      D861
 834 02df E79E98AB 		.ascii	"\347\236\230\253-R\245\316\245\237\235\033.\212\012"
 834      2D52A5CE 
 834      A59F9D1B 
 834      2E8A0A
 835 02ee CD547FDE 		.ascii	"\315T\177\336\314\324_\214\251F\315\215=g\232\352ob"
ARM GAS  /tmp/cchFKnq2.s 			page 26


 835      CCD45F8C 
 835      A946CD8D 
 835      3D679AEA 
 835      6F62
 836 0300 6AAC91A9 		.ascii	"j\254\221\251\267\\{.\2161\263`T\030\033\267\215\215"
 836      B75C7B2E 
 836      8E31B360 
 836      54181BB7 
 836      8D8D
 837 0312 D9C6065C 		.ascii	"\331\306\006\\\306\316:\304{\263\306y\222\245\243\307"
 837      C6CE3AC4 
 837      7BB3C679 
 837      92A5A3C7 
 838 0322 3E4F2AA1 		.ascii	">O*\241\227\226`Q\224\374\0352\206y1\343\345o\255\256"
 838      97966051 
 838      94FC1D32 
 838      867931E3 
 838      E56FADAE 
 839 0336 83AEAE17 		.ascii	"\203\256\256\027\256\267ZOUs\361%1!\332w\346\372C\317"
 839      AEB75A4F 
 839      5573F125 
 839      3121DA77 
 839      E6FA43CF 
 840 034a 65B67F8F 		.ascii	"e\266\177\217\316}L\350\013\320h\375_\272\264{\217\332"
 840      CE7D4CE8 
 840      0BD068FD 
 840      5FBAB47B 
 840      8FDA
 841 035c BD875CBD 		.ascii	"\275\207\\\275\337\265\207\321R\347\356\262\330\277"
 841      DFB587D1 
 841      52E7EEB2 
 841      D8BF
 842 036a FA305AB1 		.ascii	"\3720Z\261E_pM\006q\3078,\314\246\357Y\222\302\315\016"
 842      455F704D 
 842      0671C738 
 842      2CCCA6EF 
 842      5992C2CD 
 843 037f 8BB64693 		.ascii	"\213\266F\223Xq\035\026\355\330\006\323P;+\332i,>K\213"
 843      58711D16 
 843      EDD806D3 
 843      503B2BDA 
 843      692C3E4B 
 844 0394 626B89B8 		.ascii	"bk\211\270\264\224\347\315\012~\354\250\353\357>\364"
 844      B494E7CD 
 844      0A7EECA8 
 844      EBEF3EF4 
 845 03a4 D9523AB1 		.ascii	"\331R:\261c\215\215\372@\247b\247\236r\235\225\257\253"
 845      638D8DFA 
 845      40A762A7 
 845      9E729D95 
 845      AFAB
 846 03b6 51C3AB46 		.ascii	"Q\303\253FJ]\031\335\252\362=?\215\274hu\010\265?\037"
 846      4A5D19DD 
 846      AAF23D3F 
 846      8DBC6875 
 846      08B53F1F 
 847 03ca C69E55FB 		.ascii	"\306\236U\373\363\003\031uG\276o\260\240\016e\323\231"
ARM GAS  /tmp/cchFKnq2.s 			page 27


 847      F3031975 
 847      47BE6FB0 
 847      A00E65D3 
 847      99
 848 03db DED42BE9 		.ascii	"\336\324+\351\015\233\267l\332\264\241\220\311eR\305"
 848      0D9BB76C 
 848      DAB4A190 
 848      C96552C5 
 849 03eb 8CBA3D5B 		.ascii	"\214\272=[\030\030J\0252jo>UH\027\325\355\033\267\015"
 849      18184A15 
 849      326A6F3E 
 849      554817D5 
 849      ED1BB70D 
 850 03ff E4D38339 		.ascii	"\344\323\2039\375F~g.\237Jg\012\254\247\273[5\277O\367"
 850      FD467E67 
 850      2E9F4A67 
 850      0AACA7BB 
 850      5B35BF4F 
 851 0414 677BB3CF 		.ascii	"g{\263\317oU\363E\265?\225S_\315\027v\026\325\255/<"
 851      6F55F345 
 851      B53F9553 
 851      5FCD1776 
 851      16D5AD2F 
 852 0429 B765B3F9 		.ascii	"\267e\263\371\373\314\306]\273\364'\333r\271tw\037\373"
 852      FBCCC65D 
 852      BBF427DB 
 852      72B97477 
 852      1FFB
 853 043b 0F2C44DF 		.ascii	"\017,D\337\304"
 853      C4
 854              		.text
 855              		.section	.gnu.lto_.symbol_nodes.ffaf428f2cf9499b,"e",%progbits
 856 0000 789CEB64 		.ascii	"x\234\353d\000\002\246\335\214\365\034\015@\300\302"
 856      0002A6DD 
 856      8CF51C0D 
 856      40C0C2
 857 000f 38E11C03 		.ascii	"8\341\034\003C=\003\303\316\206\306\306\006f\220\324"
 857      433D03C3 
 857      CE86C6C6 
 857      066690D4 
 858 001f 1EC67A4E 		.ascii	"\036\306zN\024\251]\015\215\214 \211\275\214\365\\\037"
 858      14A95D0D 
 858      8D8C2089 
 858      BD8CF55C 
 858      1F
 859 0030 7EADB040 		.ascii	"~\255\260@\023g\335\305\310\335\350\004d0\356c\254\347"
 859      1367DDC5 
 859      C8DDE804 
 859      6430EE63 
 859      ACE7
 860 0042 F90F05F2 		.ascii	"\371\017\005\362`U\014\014@\203@\212\230\031\031 f6"
 860      60550C0C 
 860      4083408A 
 860      98191920 
 860      6636
 861 0054 893133B2 		.ascii	"\21113\262@\230G\304\030\000\221\336*Y"
 861      409847C4 
ARM GAS  /tmp/cchFKnq2.s 			page 28


 861      180091DE 
 861      2A59
 862              		.text
 863              		.section	.gnu.lto_.refs.ffaf428f2cf9499b,"e",%progbits
 864 0000 789C6364 		.ascii	"x\234cd\000\002\000\000\012\000\002"
 864      00020000 
 864      0A0002
 865              		.text
 866              		.section	.gnu.lto_.decls.ffaf428f2cf9499b,"e",%progbits
 867 0000 789C9D55 		.ascii	"x\234\235UkL\024W\024\276\367\356\010#\217\262\304G"
 867      6B4C1457 
 867      14BEF7EE 
 867      08238FB2 
 867      C447
 868 0012 A96D2A3F 		.ascii	"\251m*?\232\224\320\300\302b\325\372KXAM\255\222\201"
 868      9A94D0C0 
 868      C262D5FA 
 868      4B58414D 
 868      AD9281
 869 0025 D6B47FC8 		.ascii	"\326\264\177\310\262,a#\313\342\202\025\377\335\205"
 869      B22C6123 
 869      CBE28215 
 869      FFDD85
 870 0034 055781B0 		.ascii	"\005W\201\260\033\253Pj\332\225&\276\332X\252\246U\252"
 870      1BAB506A 
 870      DA9526BE 
 870      DA58AAA6 
 870      55AA
 871 0046 303C0414 		.ascii	"0<\004\024|U\264`}\360\260\026\020\013h\255\210(=ww"
 871      7C55B460 
 871      7DF0B016 
 871      100B68AD 
 871      88283D77 
 872 005b 66605B4D 		.ascii	"f`[M\232N\370\346\316\334\357\234\357\234s\317\031\266"
 872      9A4EF8E6 
 872      CEDCEF9C 
 872      EF9C73CF 
 872      19B6
 873 006d DB1F2123 		.ascii	"\333\037!#Ah\014!4\015\027\007\353\025@0\340\004\240"
 873      41680C21 
 873      340D1707 
 873      EB154030 
 873      E004A0
 874 0080 1D701FC0 		.ascii	"\035p\037\300a\204\332`m\000\214\000T\360\036\010\010"
 874      6184DA60 
 874      6D008C00 
 874      54F01E08 
 874      08
 875 0091 068400E6 		.ascii	"\006\204\000\346\001\026\000^\005\255\000\344\345\336"
 875      0116005E 
 875      05AD00E4 
 875      E5DE
 876 009f 96FC65BF 		.ascii	"\226\374e\277\026I\213\371\367\003\324`\363:\361\306"
 876      16498BF9 
 876      F703D460 
 876      F33AF1C6 
 877 00af 0A96EC65 		.ascii	"\012\226\354e\236\331\367\002\356\002\206\0017\000\013"
ARM GAS  /tmp/cchFKnq2.s 			page 29


 877      9ED9F702 
 877      EE028601 
 877      37000B
 878 00be A5980152 		.ascii	"\245\230\001R\254\305\340\033\202\274\361\377\351;\000"
 878      ACC5E01B 
 878      82BCF1FF 
 878      E93B00
 879 00cd B823C5B8 		.ascii	"\270#\305\270\011\353m@\237T\007\313}\022\236\207\000"
 879      09EB6D40 
 879      9F5407CB 
 879      7D129E87 
 879      00
 880 00de 7EF330E7 		.ascii	"~\3630\347\267\000\207sd\317cWt\250H\351\030u7q\021"
 880      B7008773 
 880      64CF6357 
 880      74A848E9 
 880      18753771 
 881 00f3 27F08F60 		.ascii	"'\360\217`u\022\300\023\344\027\201\331\331\204\300"
 881      7512C013 
 881      E41781D9 
 881      D984C0
 882 0102 8AF839E8 		.ascii	"\212\3709\350]\352\271j\026\243\323\300\303\225\024"
 882      5DEAB96A 
 882      16A3D3C0 
 882      C39514
 883 0111 C47F8238 		.ascii	"\304\177\2028\342\254\3569\246\012\351e\022\242}.\362"
 883      E2ACEE39 
 883      A60AE965 
 883      12A27D2E 
 883      F2
 884 0122 4834E088 		.ascii	"H4\340\210z|\012\377\204!\020\017\201D\304\033\020\347"
 884      7A7C0AFF 
 884      8421100F 
 884      8144C41B 
 884      10E7
 885 0134 77A072B2 		.ascii	"w\240r\2629 22\254\217\322\211\257\332F\373#\367\024"
 885      39203232 
 885      AC8FD289 
 885      AFDA46FB 
 885      23F714
 886 0147 6FA74E9B 		.ascii	"o\247N\233J\304\315\270\025{\203\307B\0070\002\213\332"
 886      4AC4CDB8 
 886      157B83C7 
 886      42073002 
 886      8BDA
 887 0159 C3E5DBA9 		.ascii	"\303\345\333\251\332\036$\342\272\331d\034\202$\354"
 887      DA1E24E2 
 887      BAD9641C 
 887      8224EC
 888 0168 948A1C6A 		.ascii	"\224\212\034j\302\215\260\327\212\353\361\031\334\302"
 888      C28DB0D7 
 888      8AEBF119 
 888      DCC2
 889 0176 72E28731 		.ascii	"r\342\2071$4\324Y\371=\037\346k\325\206g\231qD|\376"
 889      2434D459 
 889      F93D1FE6 
 889      6BD58667 
ARM GAS  /tmp/cchFKnq2.s 			page 30


 889      9971447C 
 890 018b ED2856CA 		.ascii	"\355(V\312n\227\324\317b\317\311\304\360\177a\266F\360"
 890      6E97D4CF 
 890      62CFC9C4 
 890      F07F61B6 
 890      46F0
 891 019d 53507821 		.ascii	"SPx!a\317\341\374N\317\032\306W\020\304Wz\236\325\374"
 891      61CFE1FC 
 891      4ECF1AC6 
 891      5710C457 
 891      7A9ED5FC 
 892 01b1 57F0BC1F 		.ascii	"W\360\274\037\360\035\340\004\340\224g\1779+X\3057\022"
 892      F01DE004 
 892      E094677F 
 892      392B58C5 
 892      3712
 893 01c3 C4BDD973 		.ascii	"\304\275\331sT\274\036\010\025G\316\272Xm\035rm?\343"
 893      54BC1E08 
 893      1547CEBA 
 893      586D1D72 
 893      6D3FE3
 894 01d6 DB52F4CB 		.ascii	"\333R\364\313X\251\274Gfo(\3549/\253T\365+\276\016;"
 894      58A9BC47 
 894      666F28EC 
 894      392FAB54 
 894      F52BBE0E 
 895 01eb B7A1A83B 		.ascii	"\267\241\250;\3707<\210\357\341\337\361\020\036\306"
 895      F8373C88 
 895      EFE1DFF1 
 895      101EC6
 896 01fa 37F100BE 		.ascii	"7\361\000\276\213\373p/\356\307\267X\261L\357\242\254"
 896      8BFB702F 
 896      EEC7B758 
 896      B14CEFA2 
 896      AC
 897 020b 775ED1EB 		.ascii	"w^\321\353\234\211vAf/\370\260q\036\262[&;|R\361\222"
 897      9C897641 
 897      662FF8B0 
 897      711EB25B 
 897      263B7C52 
 898 0221 9D327949 		.ascii	"\2352yI!/*\344\251\231\366\335\236\335>\306\235\226"
 898      212F2AE4 
 898      A999F6DD 
 898      9EDD3EC6 
 898      9D96
 899 0233 B99ED99C 		.ascii	"\271\236\331\234\224\317y\231l\366Q\225\330v\231\275"
 899      94CF7999 
 899      6CF65195 
 899      D87699BD 
 900 0243 A6B05D4A 		.ascii	"\246\260]J\314z\231\354V\310F\205<+\223W}<%\335s2{\305"
 900      CC7A99EC 
 900      56C84685 
 900      3C2B9357 
 900      7D3C25DD 
 901 025b A7235ED7 		.ascii	"\247#^\327\006\231\374\305G\027\\\3713\320f\322\337"
 901      0699FCC5 
 901      47175CF9 
ARM GAS  /tmp/cchFKnq2.s 			page 31


 901      33D066D2 
 901      DF
 902 026c 73AF8A0B 		.ascii	"s\257\212\013\363m\316\010\376\017\335\341\310dI\327"
 902      F36DCE08 
 902      FE0FDDE1 
 902      C86449D7 
 903 027c E741CA28 		.ascii	"\347A\312(\336\227\324\377`\237\340e\030\251\253\200"
 903      DE97D4FF 
 903      609FE065 
 903      18A9AB80 
 904 028c 5B803EC0 		.ascii	"[\200>\300\035\300\010`\3343fo\301\230\271\011\377\010"
 904      1DC00860 
 904      DC33666F 
 904      C198B909 
 904      FF08
 905 029e E2CF9F2E 		.ascii	"\342\317\237.\355(\232+\215W\230w\302\236\357\220R\036"
 905      ED289A2B 
 905      8D579877 
 905      C29EEF90 
 905      521E
 906 02b0 C594FC6B 		.ascii	"\305\224\374k\302\236\310\354C\205\2359\250Q\231|\244"
 906      C29EC8EC 
 906      43859D39 
 906      A851997C 
 906      A4
 907 02c1 904AE79E 		.ascii	"\220J\347\236\356P\272*s3\307?)\223\017|T\245\230S2"
 907      EE50BA2A 
 907      7333C73F 
 907      29930F7C 
 907      54A59853 
 908 02d6 3BEEE32A 		.ascii	";\356\343*\261\0232\373\347\354\240\263G\3761\206\357"
 908      B11332FB 
 908      E7ECA0B3 
 908      47FE3186 
 908      EF
 909 02e7 1251528F 		.ascii	"\022QR\217\237\342i<\211\237\341)\374\034\027\222'\330"
 909      9FE2693C 
 909      899FE129 
 909      FC1C1792 
 909      27D8
 910 02f9 46A4419F 		.ascii	"F\244A\237\226E&\024\221\231\201|&\223c>'\022\207\370"
 910      96452614 
 910      9199817C 
 910      2693633E 
 910      271287F8 
 911 030d 49D6C349 		.ascii	"I\326\303I{\327\341W\302|\243\025\221\227\206\343\310"
 911      7BD7E157 
 911      C27CA315 
 911      919786E3 
 911      C8
 912 031e E1B6CF1A 		.ascii	"\341\266\317\032\002\225\316\331%\311b\302\270\203G"
 912      0295CED9 
 912      25C962C2 
 912      B88347
 913 032d B7D7F943 		.ascii	"\267\327\371C\235\224\266S\321\326\302;k\006i-\245\271"
 913      9D94B653 
 913      D1D6C23B 
ARM GAS  /tmp/cchFKnq2.s 			page 32


 913      6B06692D 
 913      A5B9
 914 033f B475B0AA 		.ascii	"\264u\260\252\272d\320\021\352*\004\256\326A\027U\301"
 914      BA64D011 
 914      EA2A04AE 
 914      D6411755 
 914      C1
 915 0350 767575AF 		.ascii	"vuu\257\223\270U,2\245EA\3648,\205Y\264\250\204\275"
 915      93B8552C 
 915      32A54541 
 915      F4382C85 
 915      59B4A884 
 916 0365 9785B98B 		.ascii	"\227\205\271\213\274\377z/a*\226\320Z\321\257\246\231"
 916      BCFF7A2F 
 916      612A96D0 
 916      5AD1AFA6 
 916      99
 917 0376 9654D175 		.ascii	"\226T\321u\325M\255A\260\355\264\335=YP\335{\206V\333"
 917      D54DAD41 
 917      B0EDB4DD 
 917      3D5950DD 
 917      7B8656DB 
 918 038a DB710D24 		.ascii	"\333q\015$os\323\262\327\200(\247v\207-\310\326?4\346"
 918      6F73D3B2 
 918      D78028A7 
 918      76872DC8 
 918      D63F34E6 
 919 039e 76D34E3F 		.ascii	"v\323N?`\250\323\335BC]ps\026\212\245\2416\260\336W"
 919      60A8D3DD 
 919      42435D70 
 919      73168AA5 
 919      A136B0DE 
 920 03b3 68A798D6 		.ascii	"h\247\230\326\2648\234\000\265\253F\244\256\032;\317"
 920      B4389C00 
 920      B5AB46A4 
 920      AE1A3BCF 
 921 03c3 4C58866A 		.ascii	"LX\206j\320r8!1\265\355\010\274\302\013\006\011\007"
 921      D0723821 
 921      31B5ED08 
 921      BCC20B06 
 921      0907
 922 03d5 98503575 		.ascii	"\230P5uC\276n\321\241\006-\352\242\355\016\354jb\336"
 922      43BE6ED1 
 922      A1062DEA 
 922      A2ED0EEC 
 922      6A62DE
 923 03e8 2D505D8D 		.ascii	"-P]\215X\352\202\350P&\030\023g!\215\361\374d\200\004"
 923      58EA82E8 
 923      50261813 
 923      67218DF1 
 923      FC648004 
 924 03fc A1E194AE 		.ascii	"\241\341\224\256\204O\346\301\303:\376\001;\241\261"
 924      844FE6C1 
 924      C33AFE01 
 924      3BA1B1
 925 040b E34782D1 		.ascii	"\343G\202\321\002\347J\204b\324\374>\025\233m\002\263"
 925      02E74A84 
ARM GAS  /tmp/cchFKnq2.s 			page 33


 925      62D4FC3E 
 925      159B6D02 
 925      B3
 926 041c ADE6C8A1 		.ascii	"\255\346\310\241\211\033\315\2527\300d\204\322\371\303"
 926      891BCDAA 
 926      37C06484 
 926      D2F9C3
 927 042b 6827D901 		.ascii	"h'\331\001\207[J\3208HE8\253\350\304\304\027OV\354\245"
 927      875B4AD0 
 927      38484538 
 927      ABE8C4C4 
 927      174F56EC 
 928 0440 22CB942B 		.ascii	"\"\313\224+%\016\350\025\213\342 h;)!I\3739\376\221"
 928      250EE815 
 928      8BE22068 
 928      3B292149 
 928      FB39FE91 
 929 0454 0A9AB1B7 		.ascii	"\012\232\261\267\273xbnDU\025\035\353h\333|\020lW\226"
 929      BB78626E 
 929      4455151D 
 929      EB68DB7C 
 929      106C5796 
 930 0468 9272C9B6 		.ascii	"\222r\311\266\\\262\375\222\343\0139\260-\353\352\232"
 930      5CB2FD92 
 930      E30B39B0 
 930      2DEBEA9A 
 931 0478 F263B6B5 		.ascii	"\362c\266\265\025l\\$\345\012\311\272B\262\336\315q"
 931      156C5C24 
 931      E50AC9BA 
 931      42B2DECD 
 931      71
 932 0489 E4C8BDFE 		.ascii	"\344\310\275\376\336\200\020\361%\277{.\202i\367\370"
 932      DE8010F1 
 932      25BF7B2E 
 932      8269F7F8 
 933 0499 427E1713 		.ascii	"B~\027\023-/sU\371\277\323\355\244c\327\217\347\256"
 933      2D2F7355 
 933      F9BFD3ED 
 933      A463D78F 
 933      E7AE
 934 04ab 71915D20 		.ascii	"q\221] \347\235\226]\004\273HR1\307\177\315\354\016"
 934      E79D965D 
 934      04BB4852 
 934      31C77FCD 
 934      EC0E
 935 04bd 1DF8660F 		.ascii	"\035\370f\017$\012\277\216?\014\364>\015o,rG\224\222"
 935      240ABF8E 
 935      3F0CF43E 
 935      0D6F2C72 
 935      479492
 936 04d0 DD52ECDD 		.ascii	"\335R\354\335l\352\222\312!r\335\261k\003\376\312\340"
 936      6CEA92CA 
 936      2172DDB1 
 936      6B03FECA 
 936      E0
 937 04e1 954A8357 		.ascii	"\225J\203W\311x\242\023\226EGk\274\177\272,S\272iC\212"
 937      C978A213 
ARM GAS  /tmp/cchFKnq2.s 			page 34


 937      9645476B 
 937      BC7FBA2C 
 937      53BA6943 
 938 04f6 C692A7C9 		.ascii	"\306\222\247\311\322gkr-\326\374<MJ\352\007qZ\357=)"
 938      D2676B72 
 938      2DD6FC3C 
 938      4D4AEA07 
 938      715AEF3D 
 939 050b A6A08031 		.ascii	"\246\240\2001i\331\331\031\321\006~\365\372\017\303"
 939      69D9D919 
 939      D1067EF5 
 939      FA0FC3
 940 051a 75B1CBD0 		.ascii	"u\261\313\320<e+\332\020\263t\331\022\275\376=\304o"
 940      3C652BDA 
 940      10B374D9 
 940      12BDFE3D 
 940      C46F
 941 052c 31E5E4C7 		.ascii	"1\345\344\307i\323\362U\272\024a\265&\313b6j6Y\014["
 941      69D3F255 
 941      BA1461B5 
 941      26CB6236 
 941      6A36590C 
 942 0541 AC9AADA6 		.ascii	"\254\232\255\246\014c\272>'#J\033\027\033\033e5f\033"
 942      0C63BA3E 
 942      27234A1B 
 942      171B1B65 
 942      35661B
 943 0554 F579464D 		.ascii	"\365yFM\246\311j\336\252\267\0325\351\026\2755#O\223"
 943      A6C96ADE 
 943      AAB71A35 
 943      E916BD35 
 943      234F93
 944 0567 199366B6 		.ascii	"\031\223f\266dl\311f\033\226\374l\213>\303hE+^\224\251"
 944      646CC966 
 944      1B96FC6C 
 944      8B3EC368 
 944      452B5E94 
 945 057c C162365B 		.ascii	"\301b6[r4\306\202|HrV\236y\371\3468mf\314\022m\301\322"
 945      7234C682 
 945      7C487256 
 945      9E79F9E6 
 945      386D66CC 
 946 0594 E82C1498 		.ascii	"\350,\024\230\274QHK\335\226k\\e\314\234\243KZ-\304"
 946      BC51484B 
 946      DD966B5C 
 946      65CC9CA3 
 946      4B5A2DC4 
 947 05a8 79EE5AFF 		.ascii	"y\356Z\377\3705\011BJ\252\300%\254\322\011\376\361\311"
 947      F8350942 
 947      4AAAC025 
 947      ACD209FE 
 947      F1C9
 948 05ba 09B189EB 		.ascii	"\011\261\211\353=\253\026V? a\341\33163b\017Z\366\240"
 948      3DAB1656 
 948      3F2061E1 
 948      D9363362 
 948      0F5AF6A0 
ARM GAS  /tmp/cchFKnq2.s 			page 35


 949 05ce D2AD1538 		.ascii	"\322\255\0258\346\257\322\011\332@A\247\223\245U\033"
 949      E6AFD209 
 949      DA4041A7 
 949      93A5551B 
 950 05de 12045E48 		.ascii	"\022\004^HLI\024>J\\E\342\005\222\"\370oHN}?\361c\201"
 950      4C49143E 
 950      4A5C45E2 
 950      059222F8 
 950      6F484E7D 
 951 05f6 633755BC 		.ascii	"c7U\274N\3406\012\311Bp\322\272\370\2245\212[\354R4"
 951      4EE0360A 
 951      C94270D2 
 951      BAF89435 
 951      8A5BEC52 
 952 060b 576F357F 		.ascii	"Wo5\177\2724/\312\214\002\014p\360\306\202(s\014Z$\035"
 952      BA342FCA 
 952      8C020C70 
 952      F0C68228 
 952      730C5A24 
 953 0620 6D5ABADE 		.ascii	"mZ\272\336\260iKnZ\206\305\2547\345\244\231rL\371\313"
 953      B0694B6E 
 953      5A86C5AC 
 953      37E5A499 
 953      724CF9CB 
 954 0634 FF67DB50 		.ascii	"\377g\333P\220\254\311T\324\236cJ3d[\014\233<\033!)"
 954      90ACC954 
 954      D49E634A 
 954      33645B0C 
 954      9B3C1B21 
 955 0649 DBF2F28D 		.ascii	"\333\362\362\215f\235\305j\324\261M\177\223u\363Z\330"
 955      669DC56A 
 955      D4B14D7F 
 955      9375F35A 
 955      D8
 956 065a 7FE1D9BF 		.ascii	"\177\341\331\277<\234W\326\224g\205\263\377\033$\253"
 956      3C9C57D6 
 956      946785B3 
 956      FF1B24AB 
 957 066a B9CE     		.ascii	"\271\316"
 958              		.text
 959              		.section	.gnu.lto_.symtab.ffaf428f2cf9499b,"e",%progbits
 960 0000 68616C5F 		.ascii	"hal_lld_init\000"
 960      6C6C645F 
 960      696E6974 
 960      00
 961 000d 00       		.ascii	"\000"
 962 000e 00       		.ascii	"\000"
 963 000f 00       		.ascii	"\000"
 964 0010 00000000 		.ascii	"\000\000\000\000\000\000\000\000"
 964      00000000 
 965 0018 0D010000 		.ascii	"\015\001\000\000"
 966 001c 73746D33 		.ascii	"stm32_clock_init\000"
 966      325F636C 
 966      6F636B5F 
 966      696E6974 
 966      00
 967 002d 00       		.ascii	"\000"
ARM GAS  /tmp/cchFKnq2.s 			page 36


 968 002e 00       		.ascii	"\000"
 969 002f 00       		.ascii	"\000"
 970 0030 00000000 		.ascii	"\000\000\000\000\000\000\000\000"
 970      00000000 
 971 0038 0F010000 		.ascii	"\017\001\000\000"
 972 003c 53797374 		.ascii	"SystemCoreClock\000"
 972      656D436F 
 972      7265436C 
 972      6F636B00 
 973 004c 00       		.ascii	"\000"
 974 004d 00       		.ascii	"\000"
 975 004e 00       		.ascii	"\000"
 976 004f 00000000 		.ascii	"\000\000\000\000\000\000\000\000"
 976      00000000 
 977 0057 13010000 		.ascii	"\023\001\000\000"
 978 005b 69727149 		.ascii	"irqInit\000"
 978      6E697400 
 979 0063 00       		.ascii	"\000"
 980 0064 02       		.ascii	"\002"
 981 0065 00       		.ascii	"\000"
 982 0066 00000000 		.ascii	"\000\000\000\000\000\000\000\000"
 982      00000000 
 983 006e 15010000 		.ascii	"\025\001\000\000"
 984              		.text
 985              		.section	.gnu.lto_.ext_symtab.ffaf428f2cf9499b,"e",%progbits
 986 0000 01       		.ascii	"\001"
 987 0001 01       		.ascii	"\001"
 988 0002 00       		.ascii	"\000"
 989 0003 01       		.ascii	"\001"
 990 0004 00       		.ascii	"\000"
 991 0005 02       		.ascii	"\002"
 992 0006 00       		.ascii	"\000"
 993 0007 01       		.ascii	"\001"
 994 0008 00       		.ascii	"\000"
 995              		.text
 996              		.section	.gnu.lto_.opts,"e",%progbits
 997 0000 272D666E 		.ascii	"'-fno-openmp' '-fno-openacc' '-fno-pie' '-fcf-prote"
 997      6F2D6F70 
 997      656E6D70 
 997      2720272D 
 997      666E6F2D 
 998 0033 6374696F 		.ascii	"ction=none' '-g' '-mcpu=cortex-m0' '-mthumb' '-mflo"
 998      6E3D6E6F 
 998      6E652720 
 998      272D6727 
 998      20272D6D 
 999 0066 61742D61 		.ascii	"at-abi=soft' '-mlibarch=armv6s-m' '-march=armv6s-m'"
 999      62693D73 
 999      6F667427 
 999      20272D6D 
 999      6C696261 
 1000 0099 20272D4F 		.ascii	" '-Os' '-fomit-frame-pointer' '-falign-functions=16"
 1000      73272027 
 1000      2D666F6D 
 1000      69742D66 
 1000      72616D65 
 1001 00cc 2720272D 		.ascii	"' '-fsingle-precision-constant' '-ffunction-section"
ARM GAS  /tmp/cchFKnq2.s 			page 37


 1001      6673696E 
 1001      676C652D 
 1001      70726563 
 1001      6973696F 
 1002 00ff 73272027 		.ascii	"s' '-fdata-sections' '-fno-common' '-flto' '-Xassem"
 1002      2D666461 
 1002      74612D73 
 1002      65637469 
 1002      6F6E7327 
 1003 0132 626C6572 		.ascii	"bler' '-alms=./build/lst/hal_lld.lst'\000"
 1003      2720272D 
 1003      616C6D73 
 1003      3D2E2F62 
 1003      75696C64 
 1004              		.text
 1005              		.comm	__gnu_lto_slim,1,1
 1006              		.ident	"GCC: (Arm GNU Toolchain 11.3.Rel1) 11.3.1 20220712"
ARM GAS  /tmp/cchFKnq2.s 			page 38


DEFINED SYMBOLS
                            *ABS*:0000000000000000 hal_lld.c
     /tmp/cchFKnq2.s:24     .gnu.debuglto_.debug_info:0000000000000000 hal_lld.c.c0674aa9
                            *COM*:0000000000000001 __gnu_lto_slim

NO UNDEFINED SYMBOLS
