ARM GAS  /tmp/ccHnixut.s 			page 1


   1              		.cpu cortex-m0
   2              		.arch armv6s-m
   3              		.fpu softvfp
   4              		.eabi_attribute 20, 1
   5              		.eabi_attribute 21, 1
   6              		.eabi_attribute 23, 3
   7              		.eabi_attribute 24, 1
   8              		.eabi_attribute 25, 1
   9              		.eabi_attribute 26, 1
  10              		.eabi_attribute 30, 4
  11              		.eabi_attribute 34, 0
  12              		.eabi_attribute 18, 4
  13              		.file	"hal_pal_lld.c"
  14              		.file 1 "/home/kocur/.rusefi-tools/arm-gnu-toolchain-11.3.rel1-x86_64-arm-none-eabi/arm-none-eabi/
  15              		.file 2 "/home/kocur/.rusefi-tools/arm-gnu-toolchain-11.3.rel1-x86_64-arm-none-eabi/arm-none-eabi/
  16              		.file 3 "../../../ChibiOS/os/hal/ports/STM32/LLD/GPIOv2/stm32_gpio.h"
  17              		.file 4 "../../../ChibiOS/os/hal/ports/STM32/LLD/GPIOv2/hal_pal_lld.h"
  18              		.file 5 "../../../ChibiOS/os/hal/ports/STM32/LLD/GPIOv2/hal_pal_lld.c"
  19              		.section	.gnu.debuglto_.debug_info,"e",%progbits
  20              	.Ldebug_info0:
  21              		.hidden	hal_pal_lld.c.a1c68b1a
  22              		.weak	hal_pal_lld.c.a1c68b1a
  23              	hal_pal_lld.c.a1c68b1a:
  24 0000 44020000 		.4byte	0x244
  25 0004 0500     		.2byte	0x5
  26 0006 01       		.byte	0x1
  27 0007 04       		.byte	0x4
  28 0008 00000000 		.4byte	.Ldebug_abbrev0
  29 000c 0B       		.uleb128 0xb
  30 000d A0010000 		.4byte	.LASF38
  31 0011 1D       		.byte	0x1d
  32 0012 A1020000 		.4byte	.LASF39
  33 0016 2C000000 		.4byte	.LASF40
  34 001a 00000000 		.4byte	.Ldebug_line0
  35 001e 0C       		.uleb128 0xc
  36 001f 04       		.byte	0x4
  37 0020 05       		.byte	0x5
  38 0021 696E7400 		.ascii	"int\000"
  39 0025 01       		.uleb128 0x1
  40 0026 04       		.byte	0x4
  41 0027 07       		.byte	0x7
  42 0028 19010000 		.4byte	.LASF0
  43 002c 01       		.uleb128 0x1
  44 002d 08       		.byte	0x8
  45 002e 05       		.byte	0x5
  46 002f 6C010000 		.4byte	.LASF1
  47 0033 01       		.uleb128 0x1
  48 0034 08       		.byte	0x8
  49 0035 04       		.byte	0x4
  50 0036 5A010000 		.4byte	.LASF2
  51 003a 01       		.uleb128 0x1
  52 003b 01       		.byte	0x1
  53 003c 06       		.byte	0x6
  54 003d 8F020000 		.4byte	.LASF3
  55 0041 01       		.uleb128 0x1
  56 0042 01       		.byte	0x1
  57 0043 08       		.byte	0x8
ARM GAS  /tmp/ccHnixut.s 			page 2


  58 0044 97000000 		.4byte	.LASF4
  59 0048 01       		.uleb128 0x1
  60 0049 02       		.byte	0x2
  61 004a 05       		.byte	0x5
  62 004b F3000000 		.4byte	.LASF5
  63 004f 03       		.uleb128 0x3
  64 0050 DF000000 		.4byte	.LASF8
  65 0054 01       		.byte	0x1
  66 0055 39       		.byte	0x39
  67 0056 19       		.byte	0x19
  68 0057 5B000000 		.4byte	0x5b
  69 005b 01       		.uleb128 0x1
  70 005c 02       		.byte	0x2
  71 005d 07       		.byte	0x7
  72 005e BC000000 		.4byte	.LASF6
  73 0062 01       		.uleb128 0x1
  74 0063 04       		.byte	0x4
  75 0064 05       		.byte	0x5
  76 0065 80020000 		.4byte	.LASF7
  77 0069 03       		.uleb128 0x3
  78 006a D4000000 		.4byte	.LASF9
  79 006e 01       		.byte	0x1
  80 006f 4F       		.byte	0x4f
  81 0070 19       		.byte	0x19
  82 0071 75000000 		.4byte	0x75
  83 0075 01       		.uleb128 0x1
  84 0076 04       		.byte	0x4
  85 0077 07       		.byte	0x7
  86 0078 AA000000 		.4byte	.LASF10
  87 007c 01       		.uleb128 0x1
  88 007d 08       		.byte	0x8
  89 007e 07       		.byte	0x7
  90 007f 2B010000 		.4byte	.LASF11
  91 0083 03       		.uleb128 0x3
  92 0084 97010000 		.4byte	.LASF12
  93 0088 02       		.byte	0x2
  94 0089 24       		.byte	0x24
  95 008a 14       		.byte	0x14
  96 008b 4F000000 		.4byte	0x4f
  97 008f 03       		.uleb128 0x3
  98 0090 77020000 		.4byte	.LASF13
  99 0094 02       		.byte	0x2
 100 0095 30       		.byte	0x30
 101 0096 14       		.byte	0x14
 102 0097 69000000 		.4byte	0x69
 103 009b 08       		.uleb128 0x8
 104 009c 8F000000 		.4byte	0x8f
 105 00a0 01       		.uleb128 0x1
 106 00a1 01       		.byte	0x1
 107 00a2 08       		.byte	0x8
 108 00a3 7A010000 		.4byte	.LASF14
 109 00a7 01       		.uleb128 0x1
 110 00a8 01       		.byte	0x1
 111 00a9 02       		.byte	0x2
 112 00aa 9B020000 		.4byte	.LASF15
 113 00ae 09       		.uleb128 0x9
 114 00af 04       		.byte	0x4
ARM GAS  /tmp/ccHnixut.s 			page 3


 115 00b0 5B       		.byte	0x5b
 116 00b1 05       		.byte	0x5
 117 00b2 CE000000 		.4byte	0xce
 118 00b6 06       		.uleb128 0x6
 119 00b7 73657400 		.ascii	"set\000"
 120 00bb 5C       		.byte	0x5c
 121 00bc 83000000 		.4byte	0x83
 122 00c0 00       		.byte	0
 123 00c1 02       		.uleb128 0x2
 124 00c2 08000000 		.4byte	.LASF16
 125 00c6 5D       		.byte	0x5d
 126 00c7 19       		.byte	0x19
 127 00c8 83000000 		.4byte	0x83
 128 00cc 02       		.byte	0x2
 129 00cd 00       		.byte	0
 130 00ce 0D       		.uleb128 0xd
 131 00cf 04       		.byte	0x4
 132 00d0 03       		.byte	0x3
 133 00d1 59       		.byte	0x59
 134 00d2 0C       		.byte	0xc
 135 00d3 EA000000 		.4byte	0xea
 136 00d7 0A       		.uleb128 0xa
 137 00d8 5700     		.ascii	"W\000"
 138 00da 5A       		.byte	0x5a
 139 00db 19       		.byte	0x19
 140 00dc 8F000000 		.4byte	0x8f
 141 00e0 0A       		.uleb128 0xa
 142 00e1 4800     		.ascii	"H\000"
 143 00e3 5E       		.byte	0x5e
 144 00e4 07       		.byte	0x7
 145 00e5 AE000000 		.4byte	0xae
 146 00e9 00       		.byte	0
 147 00ea 08       		.uleb128 0x8
 148 00eb CE000000 		.4byte	0xce
 149 00ef 09       		.uleb128 0x9
 150 00f0 28       		.byte	0x28
 151 00f1 51       		.byte	0x51
 152 00f2 09       		.byte	0x9
 153 00f3 6E010000 		.4byte	0x16e
 154 00f7 02       		.uleb128 0x2
 155 00f8 0E000000 		.4byte	.LASF17
 156 00fc 53       		.byte	0x53
 157 00fd 19       		.byte	0x19
 158 00fe 9B000000 		.4byte	0x9b
 159 0102 00       		.byte	0
 160 0103 02       		.uleb128 0x2
 161 0104 87000000 		.4byte	.LASF18
 162 0108 54       		.byte	0x54
 163 0109 19       		.byte	0x19
 164 010a 9B000000 		.4byte	0x9b
 165 010e 04       		.byte	0x4
 166 010f 02       		.uleb128 0x2
 167 0110 00000000 		.4byte	.LASF19
 168 0114 55       		.byte	0x55
 169 0115 19       		.byte	0x19
 170 0116 9B000000 		.4byte	0x9b
 171 011a 08       		.byte	0x8
ARM GAS  /tmp/ccHnixut.s 			page 4


 172 011b 02       		.uleb128 0x2
 173 011c 66010000 		.4byte	.LASF20
 174 0120 56       		.byte	0x56
 175 0121 19       		.byte	0x19
 176 0122 9B000000 		.4byte	0x9b
 177 0126 0C       		.byte	0xc
 178 0127 06       		.uleb128 0x6
 179 0128 49445200 		.ascii	"IDR\000"
 180 012c 57       		.byte	0x57
 181 012d 9B000000 		.4byte	0x9b
 182 0131 10       		.byte	0x10
 183 0132 06       		.uleb128 0x6
 184 0133 4F445200 		.ascii	"ODR\000"
 185 0137 58       		.byte	0x58
 186 0138 9B000000 		.4byte	0x9b
 187 013c 14       		.byte	0x14
 188 013d 02       		.uleb128 0x2
 189 013e 27000000 		.4byte	.LASF21
 190 0142 5F       		.byte	0x5f
 191 0143 05       		.byte	0x5
 192 0144 EA000000 		.4byte	0xea
 193 0148 18       		.byte	0x18
 194 0149 02       		.uleb128 0x2
 195 014a 47010000 		.4byte	.LASF22
 196 014e 60       		.byte	0x60
 197 014f 19       		.byte	0x19
 198 0150 9B000000 		.4byte	0x9b
 199 0154 1C       		.byte	0x1c
 200 0155 02       		.uleb128 0x2
 201 0156 CF000000 		.4byte	.LASF23
 202 015a 61       		.byte	0x61
 203 015b 19       		.byte	0x19
 204 015c 9B000000 		.4byte	0x9b
 205 0160 20       		.byte	0x20
 206 0161 02       		.uleb128 0x2
 207 0162 A5000000 		.4byte	.LASF24
 208 0166 62       		.byte	0x62
 209 0167 19       		.byte	0x19
 210 0168 9B000000 		.4byte	0x9b
 211 016c 24       		.byte	0x24
 212 016d 00       		.byte	0
 213 016e 03       		.uleb128 0x3
 214 016f 4D010000 		.4byte	.LASF25
 215 0173 03       		.byte	0x3
 216 0174 63       		.byte	0x63
 217 0175 03       		.byte	0x3
 218 0176 EF000000 		.4byte	0xef
 219 017a 03       		.uleb128 0x3
 220 017b 7A000000 		.4byte	.LASF26
 221 017f 04       		.byte	0x4
 222 0180 C2       		.byte	0xc2
 223 0181 12       		.byte	0x12
 224 0182 8F000000 		.4byte	0x8f
 225 0186 03       		.uleb128 0x3
 226 0187 8E000000 		.4byte	.LASF27
 227 018b 04       		.byte	0x4
 228 018c C7       		.byte	0xc7
ARM GAS  /tmp/ccHnixut.s 			page 5


 229 018d 12       		.byte	0x12
 230 018e 8F000000 		.4byte	0x8f
 231 0192 03       		.uleb128 0x3
 232 0193 8C010000 		.4byte	.LASF28
 233 0197 04       		.byte	0x4
 234 0198 D9       		.byte	0xd9
 235 0199 18       		.byte	0x18
 236 019a 9E010000 		.4byte	0x19e
 237 019e 0E       		.uleb128 0xe
 238 019f 04       		.byte	0x4
 239 01a0 6E010000 		.4byte	0x16e
 240 01a4 0F       		.uleb128 0xf
 241 01a5 03010000 		.4byte	.LASF41
 242 01a9 05       		.byte	0x5
 243 01aa 59       		.byte	0x59
 244 01ab 06       		.byte	0x6
 245 01ac 3F020000 		.4byte	0x23f
 246 01b0 07       		.uleb128 0x7
 247 01b1 87010000 		.4byte	.LASF29
 248 01b5 59       		.byte	0x59
 249 01b6 27       		.byte	0x27
 250 01b7 92010000 		.4byte	0x192
 251 01bb 07       		.uleb128 0x7
 252 01bc 22000000 		.4byte	.LASF30
 253 01c0 5A       		.byte	0x5a
 254 01c1 29       		.byte	0x29
 255 01c2 7A010000 		.4byte	0x17a
 256 01c6 07       		.uleb128 0x7
 257 01c7 42010000 		.4byte	.LASF31
 258 01cb 5B       		.byte	0x5b
 259 01cc 25       		.byte	0x25
 260 01cd 86010000 		.4byte	0x186
 261 01d1 04       		.uleb128 0x4
 262 01d2 89020000 		.4byte	.LASF32
 263 01d6 5D       		.byte	0x5d
 264 01d7 0C       		.byte	0xc
 265 01d8 8F000000 		.4byte	0x8f
 266 01dc 04       		.uleb128 0x4
 267 01dd 73000000 		.4byte	.LASF33
 268 01e1 5E       		.byte	0x5e
 269 01e2 0C       		.byte	0xc
 270 01e3 8F000000 		.4byte	0x8f
 271 01e7 04       		.uleb128 0x4
 272 01e8 7F010000 		.4byte	.LASF34
 273 01ec 5F       		.byte	0x5f
 274 01ed 0C       		.byte	0xc
 275 01ee 8F000000 		.4byte	0x8f
 276 01f2 04       		.uleb128 0x4
 277 01f3 FD000000 		.4byte	.LASF35
 278 01f7 60       		.byte	0x60
 279 01f8 0C       		.byte	0xc
 280 01f9 8F000000 		.4byte	0x8f
 281 01fd 04       		.uleb128 0x4
 282 01fe 26010000 		.4byte	.LASF36
 283 0202 61       		.byte	0x61
 284 0203 0C       		.byte	0xc
 285 0204 8F000000 		.4byte	0x8f
ARM GAS  /tmp/ccHnixut.s 			page 6


 286 0208 05       		.uleb128 0x5
 287 0209 62697400 		.ascii	"bit\000"
 288 020d 62       		.byte	0x62
 289 020e 0C       		.byte	0xc
 290 020f 8F000000 		.4byte	0x8f
 291 0213 10       		.uleb128 0x10
 292 0214 04       		.uleb128 0x4
 293 0215 EA000000 		.4byte	.LASF37
 294 0219 65       		.byte	0x65
 295 021a 10       		.byte	0x10
 296 021b 8F000000 		.4byte	0x8f
 297 021f 05       		.uleb128 0x5
 298 0220 6D3100   		.ascii	"m1\000"
 299 0223 65       		.byte	0x65
 300 0224 1A       		.byte	0x1a
 301 0225 8F000000 		.4byte	0x8f
 302 0229 05       		.uleb128 0x5
 303 022a 6D3200   		.ascii	"m2\000"
 304 022d 65       		.byte	0x65
 305 022e 1E       		.byte	0x1e
 306 022f 8F000000 		.4byte	0x8f
 307 0233 05       		.uleb128 0x5
 308 0234 6D3400   		.ascii	"m4\000"
 309 0237 65       		.byte	0x65
 310 0238 22       		.byte	0x22
 311 0239 8F000000 		.4byte	0x8f
 312 023d 00       		.byte	0
 313 023e 00       		.byte	0
 314 023f 11       		.uleb128 0x11
 315 0240 14000000 		.4byte	.LASF42
 316 0244 05       		.byte	0x5
 317 0245 41       		.byte	0x41
 318 0246 06       		.byte	0x6
 319 0247 00       		.byte	0
 320              		.section	.gnu.debuglto_.debug_abbrev,"e",%progbits
 321              	.Ldebug_abbrev0:
 322 0000 01       		.uleb128 0x1
 323 0001 24       		.uleb128 0x24
 324 0002 00       		.byte	0
 325 0003 0B       		.uleb128 0xb
 326 0004 0B       		.uleb128 0xb
 327 0005 3E       		.uleb128 0x3e
 328 0006 0B       		.uleb128 0xb
 329 0007 03       		.uleb128 0x3
 330 0008 0E       		.uleb128 0xe
 331 0009 00       		.byte	0
 332 000a 00       		.byte	0
 333 000b 02       		.uleb128 0x2
 334 000c 0D       		.uleb128 0xd
 335 000d 00       		.byte	0
 336 000e 03       		.uleb128 0x3
 337 000f 0E       		.uleb128 0xe
 338 0010 3A       		.uleb128 0x3a
 339 0011 21       		.uleb128 0x21
 340 0012 03       		.sleb128 3
 341 0013 3B       		.uleb128 0x3b
 342 0014 0B       		.uleb128 0xb
ARM GAS  /tmp/ccHnixut.s 			page 7


 343 0015 39       		.uleb128 0x39
 344 0016 0B       		.uleb128 0xb
 345 0017 49       		.uleb128 0x49
 346 0018 13       		.uleb128 0x13
 347 0019 38       		.uleb128 0x38
 348 001a 0B       		.uleb128 0xb
 349 001b 00       		.byte	0
 350 001c 00       		.byte	0
 351 001d 03       		.uleb128 0x3
 352 001e 16       		.uleb128 0x16
 353 001f 00       		.byte	0
 354 0020 03       		.uleb128 0x3
 355 0021 0E       		.uleb128 0xe
 356 0022 3A       		.uleb128 0x3a
 357 0023 0B       		.uleb128 0xb
 358 0024 3B       		.uleb128 0x3b
 359 0025 0B       		.uleb128 0xb
 360 0026 39       		.uleb128 0x39
 361 0027 0B       		.uleb128 0xb
 362 0028 49       		.uleb128 0x49
 363 0029 13       		.uleb128 0x13
 364 002a 00       		.byte	0
 365 002b 00       		.byte	0
 366 002c 04       		.uleb128 0x4
 367 002d 34       		.uleb128 0x34
 368 002e 00       		.byte	0
 369 002f 03       		.uleb128 0x3
 370 0030 0E       		.uleb128 0xe
 371 0031 3A       		.uleb128 0x3a
 372 0032 21       		.uleb128 0x21
 373 0033 05       		.sleb128 5
 374 0034 3B       		.uleb128 0x3b
 375 0035 0B       		.uleb128 0xb
 376 0036 39       		.uleb128 0x39
 377 0037 0B       		.uleb128 0xb
 378 0038 49       		.uleb128 0x49
 379 0039 13       		.uleb128 0x13
 380 003a 00       		.byte	0
 381 003b 00       		.byte	0
 382 003c 05       		.uleb128 0x5
 383 003d 34       		.uleb128 0x34
 384 003e 00       		.byte	0
 385 003f 03       		.uleb128 0x3
 386 0040 08       		.uleb128 0x8
 387 0041 3A       		.uleb128 0x3a
 388 0042 21       		.uleb128 0x21
 389 0043 05       		.sleb128 5
 390 0044 3B       		.uleb128 0x3b
 391 0045 0B       		.uleb128 0xb
 392 0046 39       		.uleb128 0x39
 393 0047 0B       		.uleb128 0xb
 394 0048 49       		.uleb128 0x49
 395 0049 13       		.uleb128 0x13
 396 004a 00       		.byte	0
 397 004b 00       		.byte	0
 398 004c 06       		.uleb128 0x6
 399 004d 0D       		.uleb128 0xd
ARM GAS  /tmp/ccHnixut.s 			page 8


 400 004e 00       		.byte	0
 401 004f 03       		.uleb128 0x3
 402 0050 08       		.uleb128 0x8
 403 0051 3A       		.uleb128 0x3a
 404 0052 21       		.uleb128 0x21
 405 0053 03       		.sleb128 3
 406 0054 3B       		.uleb128 0x3b
 407 0055 0B       		.uleb128 0xb
 408 0056 39       		.uleb128 0x39
 409 0057 21       		.uleb128 0x21
 410 0058 19       		.sleb128 25
 411 0059 49       		.uleb128 0x49
 412 005a 13       		.uleb128 0x13
 413 005b 38       		.uleb128 0x38
 414 005c 0B       		.uleb128 0xb
 415 005d 00       		.byte	0
 416 005e 00       		.byte	0
 417 005f 07       		.uleb128 0x7
 418 0060 05       		.uleb128 0x5
 419 0061 00       		.byte	0
 420 0062 03       		.uleb128 0x3
 421 0063 0E       		.uleb128 0xe
 422 0064 3A       		.uleb128 0x3a
 423 0065 21       		.uleb128 0x21
 424 0066 05       		.sleb128 5
 425 0067 3B       		.uleb128 0x3b
 426 0068 0B       		.uleb128 0xb
 427 0069 39       		.uleb128 0x39
 428 006a 0B       		.uleb128 0xb
 429 006b 49       		.uleb128 0x49
 430 006c 13       		.uleb128 0x13
 431 006d 00       		.byte	0
 432 006e 00       		.byte	0
 433 006f 08       		.uleb128 0x8
 434 0070 35       		.uleb128 0x35
 435 0071 00       		.byte	0
 436 0072 49       		.uleb128 0x49
 437 0073 13       		.uleb128 0x13
 438 0074 00       		.byte	0
 439 0075 00       		.byte	0
 440 0076 09       		.uleb128 0x9
 441 0077 13       		.uleb128 0x13
 442 0078 01       		.byte	0x1
 443 0079 0B       		.uleb128 0xb
 444 007a 0B       		.uleb128 0xb
 445 007b 3A       		.uleb128 0x3a
 446 007c 21       		.uleb128 0x21
 447 007d 03       		.sleb128 3
 448 007e 3B       		.uleb128 0x3b
 449 007f 0B       		.uleb128 0xb
 450 0080 39       		.uleb128 0x39
 451 0081 0B       		.uleb128 0xb
 452 0082 01       		.uleb128 0x1
 453 0083 13       		.uleb128 0x13
 454 0084 00       		.byte	0
 455 0085 00       		.byte	0
 456 0086 0A       		.uleb128 0xa
ARM GAS  /tmp/ccHnixut.s 			page 9


 457 0087 0D       		.uleb128 0xd
 458 0088 00       		.byte	0
 459 0089 03       		.uleb128 0x3
 460 008a 08       		.uleb128 0x8
 461 008b 3A       		.uleb128 0x3a
 462 008c 21       		.uleb128 0x21
 463 008d 03       		.sleb128 3
 464 008e 3B       		.uleb128 0x3b
 465 008f 0B       		.uleb128 0xb
 466 0090 39       		.uleb128 0x39
 467 0091 0B       		.uleb128 0xb
 468 0092 49       		.uleb128 0x49
 469 0093 13       		.uleb128 0x13
 470 0094 00       		.byte	0
 471 0095 00       		.byte	0
 472 0096 0B       		.uleb128 0xb
 473 0097 11       		.uleb128 0x11
 474 0098 01       		.byte	0x1
 475 0099 25       		.uleb128 0x25
 476 009a 0E       		.uleb128 0xe
 477 009b 13       		.uleb128 0x13
 478 009c 0B       		.uleb128 0xb
 479 009d 03       		.uleb128 0x3
 480 009e 0E       		.uleb128 0xe
 481 009f 1B       		.uleb128 0x1b
 482 00a0 0E       		.uleb128 0xe
 483 00a1 10       		.uleb128 0x10
 484 00a2 17       		.uleb128 0x17
 485 00a3 00       		.byte	0
 486 00a4 00       		.byte	0
 487 00a5 0C       		.uleb128 0xc
 488 00a6 24       		.uleb128 0x24
 489 00a7 00       		.byte	0
 490 00a8 0B       		.uleb128 0xb
 491 00a9 0B       		.uleb128 0xb
 492 00aa 3E       		.uleb128 0x3e
 493 00ab 0B       		.uleb128 0xb
 494 00ac 03       		.uleb128 0x3
 495 00ad 08       		.uleb128 0x8
 496 00ae 00       		.byte	0
 497 00af 00       		.byte	0
 498 00b0 0D       		.uleb128 0xd
 499 00b1 17       		.uleb128 0x17
 500 00b2 01       		.byte	0x1
 501 00b3 0B       		.uleb128 0xb
 502 00b4 0B       		.uleb128 0xb
 503 00b5 3A       		.uleb128 0x3a
 504 00b6 0B       		.uleb128 0xb
 505 00b7 3B       		.uleb128 0x3b
 506 00b8 0B       		.uleb128 0xb
 507 00b9 39       		.uleb128 0x39
 508 00ba 0B       		.uleb128 0xb
 509 00bb 01       		.uleb128 0x1
 510 00bc 13       		.uleb128 0x13
 511 00bd 00       		.byte	0
 512 00be 00       		.byte	0
 513 00bf 0E       		.uleb128 0xe
ARM GAS  /tmp/ccHnixut.s 			page 10


 514 00c0 0F       		.uleb128 0xf
 515 00c1 00       		.byte	0
 516 00c2 0B       		.uleb128 0xb
 517 00c3 0B       		.uleb128 0xb
 518 00c4 49       		.uleb128 0x49
 519 00c5 13       		.uleb128 0x13
 520 00c6 00       		.byte	0
 521 00c7 00       		.byte	0
 522 00c8 0F       		.uleb128 0xf
 523 00c9 2E       		.uleb128 0x2e
 524 00ca 01       		.byte	0x1
 525 00cb 3F       		.uleb128 0x3f
 526 00cc 19       		.uleb128 0x19
 527 00cd 03       		.uleb128 0x3
 528 00ce 0E       		.uleb128 0xe
 529 00cf 3A       		.uleb128 0x3a
 530 00d0 0B       		.uleb128 0xb
 531 00d1 3B       		.uleb128 0x3b
 532 00d2 0B       		.uleb128 0xb
 533 00d3 39       		.uleb128 0x39
 534 00d4 0B       		.uleb128 0xb
 535 00d5 27       		.uleb128 0x27
 536 00d6 19       		.uleb128 0x19
 537 00d7 01       		.uleb128 0x1
 538 00d8 13       		.uleb128 0x13
 539 00d9 00       		.byte	0
 540 00da 00       		.byte	0
 541 00db 10       		.uleb128 0x10
 542 00dc 0B       		.uleb128 0xb
 543 00dd 01       		.byte	0x1
 544 00de 00       		.byte	0
 545 00df 00       		.byte	0
 546 00e0 11       		.uleb128 0x11
 547 00e1 2E       		.uleb128 0x2e
 548 00e2 00       		.byte	0
 549 00e3 3F       		.uleb128 0x3f
 550 00e4 19       		.uleb128 0x19
 551 00e5 03       		.uleb128 0x3
 552 00e6 0E       		.uleb128 0xe
 553 00e7 3A       		.uleb128 0x3a
 554 00e8 0B       		.uleb128 0xb
 555 00e9 3B       		.uleb128 0x3b
 556 00ea 0B       		.uleb128 0xb
 557 00eb 39       		.uleb128 0x39
 558 00ec 0B       		.uleb128 0xb
 559 00ed 27       		.uleb128 0x27
 560 00ee 19       		.uleb128 0x19
 561 00ef 00       		.byte	0
 562 00f0 00       		.byte	0
 563 00f1 00       		.byte	0
 564              		.section	.gnu.debuglto_.debug_line,"e",%progbits
 565              	.Ldebug_line0:
 566 0000 52000000 		.4byte	.LELT0-.LSLT0
 567              	.LSLT0:
 568 0004 0500     		.2byte	0x5
 569 0006 04       		.byte	0x4
 570 0007 00       		.byte	0
ARM GAS  /tmp/ccHnixut.s 			page 11


 571 0008 4A000000 		.4byte	.LELTP0-.LASLTP0
 572              	.LASLTP0:
 573 000c 01       		.byte	0x1
 574 000d 01       		.byte	0x1
 575 000e 01       		.byte	0x1
 576 000f F6       		.byte	0xf6
 577 0010 F2       		.byte	0xf2
 578 0011 0D       		.byte	0xd
 579 0012 00       		.byte	0
 580 0013 01       		.byte	0x1
 581 0014 01       		.byte	0x1
 582 0015 01       		.byte	0x1
 583 0016 01       		.byte	0x1
 584 0017 00       		.byte	0
 585 0018 00       		.byte	0
 586 0019 00       		.byte	0
 587 001a 01       		.byte	0x1
 588 001b 00       		.byte	0
 589 001c 00       		.byte	0
 590 001d 01       		.byte	0x1
 591 001e 01       		.byte	0x1
 592 001f 01       		.uleb128 0x1
 593 0020 1F       		.uleb128 0x1f
 594 0021 04       		.uleb128 0x4
 595 0022 DC000000 		.4byte	.LASF43
 596 0026 96010000 		.4byte	.LASF44
 597 002a 23010000 		.4byte	.LASF45
 598 002e 1E000000 		.4byte	.LASF46
 599 0032 02       		.byte	0x2
 600 0033 01       		.uleb128 0x1
 601 0034 1F       		.uleb128 0x1f
 602 0035 02       		.uleb128 0x2
 603 0036 0B       		.uleb128 0xb
 604 0037 06       		.uleb128 0x6
 605 0038 9F000000 		.4byte	.LASF47
 606 003c 00       		.byte	0
 607 003d 0D000000 		.4byte	.LASF48
 608 0041 02       		.byte	0x2
 609 0042 8C010000 		.4byte	.LASF49
 610 0046 03       		.byte	0x3
 611 0047 00000000 		.4byte	.LASF50
 612 004b 01       		.byte	0x1
 613 004c 83000000 		.4byte	.LASF51
 614 0050 01       		.byte	0x1
 615 0051 91000000 		.4byte	.LASF52
 616 0055 01       		.byte	0x1
 617              	.LELTP0:
 618              	.LELT0:
 619              		.section	.gnu.debuglto_.debug_str,"eMS",%progbits,1
 620              	.LASF19:
 621 0000 4F535045 		.ascii	"OSPEEDR\000"
 621      45445200 
 622              	.LASF16:
 623 0008 636C6561 		.ascii	"clear\000"
 623      7200
 624              	.LASF17:
 625 000e 4D4F4445 		.ascii	"MODER\000"
ARM GAS  /tmp/ccHnixut.s 			page 12


 625      5200
 626              	.LASF42:
 627 0014 5F70616C 		.ascii	"_pal_lld_init\000"
 627      5F6C6C64 
 627      5F696E69 
 627      7400
 628              	.LASF30:
 629 0022 6D61736B 		.ascii	"mask\000"
 629      00
 630              	.LASF21:
 631 0027 42535252 		.ascii	"BSRR\000"
 631      00
 632              	.LASF40:
 633 002c 2F686F6D 		.ascii	"/home/kocur/wideband-2311-release/firmware/boards/f"
 633      652F6B6F 
 633      6375722F 
 633      77696465 
 633      62616E64 
 634 005f 305F6D6F 		.ascii	"0_module/bootloader\000"
 634      64756C65 
 634      2F626F6F 
 634      746C6F61 
 634      64657200 
 635              	.LASF33:
 636 0073 6F747970 		.ascii	"otyper\000"
 636      657200
 637              	.LASF26:
 638 007a 696F706F 		.ascii	"ioportmask_t\000"
 638      72746D61 
 638      736B5F74 
 638      00
 639              	.LASF18:
 640 0087 4F545950 		.ascii	"OTYPER\000"
 640      455200
 641              	.LASF27:
 642 008e 696F6D6F 		.ascii	"iomode_t\000"
 642      64655F74 
 642      00
 643              	.LASF4:
 644 0097 756E7369 		.ascii	"unsigned char\000"
 644      676E6564 
 644      20636861 
 644      7200
 645              	.LASF24:
 646 00a5 41465248 		.ascii	"AFRH\000"
 646      00
 647              	.LASF10:
 648 00aa 6C6F6E67 		.ascii	"long unsigned int\000"
 648      20756E73 
 648      69676E65 
 648      6420696E 
 648      7400
 649              	.LASF6:
 650 00bc 73686F72 		.ascii	"short unsigned int\000"
 650      7420756E 
 650      7369676E 
 650      65642069 
ARM GAS  /tmp/ccHnixut.s 			page 13


 650      6E7400
 651              	.LASF23:
 652 00cf 4146524C 		.ascii	"AFRL\000"
 652      00
 653              	.LASF9:
 654 00d4 5F5F7569 		.ascii	"__uint32_t\000"
 654      6E743332 
 654      5F7400
 655              	.LASF8:
 656 00df 5F5F7569 		.ascii	"__uint16_t\000"
 656      6E743136 
 656      5F7400
 657              	.LASF37:
 658 00ea 616C7472 		.ascii	"altrmask\000"
 658      6D61736B 
 658      00
 659              	.LASF5:
 660 00f3 73686F72 		.ascii	"short int\000"
 660      7420696E 
 660      7400
 661              	.LASF35:
 662 00fd 70757064 		.ascii	"pupdr\000"
 662      7200
 663              	.LASF41:
 664 0103 5F70616C 		.ascii	"_pal_lld_setgroupmode\000"
 664      5F6C6C64 
 664      5F736574 
 664      67726F75 
 664      706D6F64 
 665              	.LASF0:
 666 0119 756E7369 		.ascii	"unsigned int\000"
 666      676E6564 
 666      20696E74 
 666      00
 667              	.LASF36:
 668 0126 616C7472 		.ascii	"altr\000"
 668      00
 669              	.LASF11:
 670 012b 6C6F6E67 		.ascii	"long long unsigned int\000"
 670      206C6F6E 
 670      6720756E 
 670      7369676E 
 670      65642069 
 671              	.LASF31:
 672 0142 6D6F6465 		.ascii	"mode\000"
 672      00
 673              	.LASF22:
 674 0147 4C4F434B 		.ascii	"LOCKR\000"
 674      5200
 675              	.LASF25:
 676 014d 73746D33 		.ascii	"stm32_gpio_t\000"
 676      325F6770 
 676      696F5F74 
 676      00
 677              	.LASF2:
 678 015a 6C6F6E67 		.ascii	"long double\000"
 678      20646F75 
ARM GAS  /tmp/ccHnixut.s 			page 14


 678      626C6500 
 679              	.LASF20:
 680 0166 50555044 		.ascii	"PUPDR\000"
 680      5200
 681              	.LASF1:
 682 016c 6C6F6E67 		.ascii	"long long int\000"
 682      206C6F6E 
 682      6720696E 
 682      7400
 683              	.LASF14:
 684 017a 63686172 		.ascii	"char\000"
 684      00
 685              	.LASF34:
 686 017f 6F737065 		.ascii	"ospeedr\000"
 686      65647200 
 687              	.LASF29:
 688 0187 706F7274 		.ascii	"port\000"
 688      00
 689              	.LASF28:
 690 018c 696F706F 		.ascii	"ioportid_t\000"
 690      72746964 
 690      5F7400
 691              	.LASF12:
 692 0197 75696E74 		.ascii	"uint16_t\000"
 692      31365F74 
 692      00
 693              	.LASF38:
 694 01a0 474E5520 		.ascii	"GNU C17 11.3.1 20220712 -mcpu=cortex-m0 -mthumb -mf"
 694      43313720 
 694      31312E33 
 694      2E312032 
 694      30323230 
 695 01d3 6C6F6174 		.ascii	"loat-abi=soft -march=armv6s-m -ggdb -Os -fomit-fram"
 695      2D616269 
 695      3D736F66 
 695      74202D6D 
 695      61726368 
 696 0206 652D706F 		.ascii	"e-pointer -falign-functions=16 -fsingle-precision-c"
 696      696E7465 
 696      72202D66 
 696      616C6967 
 696      6E2D6675 
 697 0239 6F6E7374 		.ascii	"onstant -ffunction-sections -fdata-sections -fno-co"
 697      616E7420 
 697      2D666675 
 697      6E637469 
 697      6F6E2D73 
 698 026c 6D6D6F6E 		.ascii	"mmon -flto\000"
 698      202D666C 
 698      746F00
 699              	.LASF13:
 700 0277 75696E74 		.ascii	"uint32_t\000"
 700      33325F74 
 700      00
 701              	.LASF7:
 702 0280 6C6F6E67 		.ascii	"long int\000"
 702      20696E74 
ARM GAS  /tmp/ccHnixut.s 			page 15


 702      00
 703              	.LASF32:
 704 0289 6D6F6465 		.ascii	"moder\000"
 704      7200
 705              	.LASF3:
 706 028f 7369676E 		.ascii	"signed char\000"
 706      65642063 
 706      68617200 
 707              	.LASF15:
 708 029b 5F426F6F 		.ascii	"_Bool\000"
 708      6C00
 709              	.LASF39:
 710 02a1 2E2E2F2E 		.ascii	"../../../ChibiOS/os/hal/ports/STM32/LLD/GPIOv2/hal_"
 710      2E2F2E2E 
 710      2F436869 
 710      62694F53 
 710      2F6F732F 
 711 02d4 70616C5F 		.ascii	"pal_lld.c\000"
 711      6C6C642E 
 711      6300
 712              		.section	.gnu.debuglto_.debug_line_str,"eMS",%progbits,1
 713              	.LASF50:
 714 0000 73746D33 		.ascii	"stm32_gpio.h\000"
 714      325F6770 
 714      696F2E68 
 714      00
 715              	.LASF48:
 716 000d 5F646566 		.ascii	"_default_types.h\000"
 716      61756C74 
 716      5F747970 
 716      65732E68 
 716      00
 717              	.LASF46:
 718 001e 2F686F6D 		.ascii	"/home/kocur/.rusefi-tools/arm-gnu-toolchain-11.3.re"
 718      652F6B6F 
 718      6375722F 
 718      2E727573 
 718      6566692D 
 719 0051 6C312D78 		.ascii	"l1-x86_64-arm-none-eabi/arm-none-eabi/include/sys\000"
 719      38365F36 
 719      342D6172 
 719      6D2D6E6F 
 719      6E652D65 
 720              	.LASF51:
 721 0083 68616C5F 		.ascii	"hal_pal_lld.h\000"
 721      70616C5F 
 721      6C6C642E 
 721      6800
 722              	.LASF52:
 723 0091 68616C5F 		.ascii	"hal_pal_lld.c\000"
 723      70616C5F 
 723      6C6C642E 
 723      6300
 724              	.LASF47:
 725 009f 2E2E2F2E 		.ascii	"../../../ChibiOS/os/hal/ports/STM32/LLD/GPIOv2/hal_"
 725      2E2F2E2E 
 725      2F436869 
ARM GAS  /tmp/ccHnixut.s 			page 16


 725      62694F53 
 725      2F6F732F 
 726 00d2 70616C5F 		.ascii	"pal_lld.c\000"
 726      6C6C642E 
 726      6300
 727              	.LASF43:
 728 00dc 2F686F6D 		.ascii	"/home/kocur/wideband-2311-release/firmware/boards/f"
 728      652F6B6F 
 728      6375722F 
 728      77696465 
 728      62616E64 
 729 010f 305F6D6F 		.ascii	"0_module/bootloader\000"
 729      64756C65 
 729      2F626F6F 
 729      746C6F61 
 729      64657200 
 730              	.LASF45:
 731 0123 2F686F6D 		.ascii	"/home/kocur/.rusefi-tools/arm-gnu-toolchain-11.3.re"
 731      652F6B6F 
 731      6375722F 
 731      2E727573 
 731      6566692D 
 732 0156 6C312D78 		.ascii	"l1-x86_64-arm-none-eabi/arm-none-eabi/include/machi"
 732      38365F36 
 732      342D6172 
 732      6D2D6E6F 
 732      6E652D65 
 733 0189 6E6500   		.ascii	"ne\000"
 734              	.LASF49:
 735 018c 5F737464 		.ascii	"_stdint.h\000"
 735      696E742E 
 735      6800
 736              	.LASF44:
 737 0196 2E2E2F2E 		.ascii	"../../../ChibiOS/os/hal/ports/STM32/LLD/GPIOv2\000"
 737      2E2F2E2E 
 737      2F436869 
 737      62694F53 
 737      2F6F732F 
 738              		.text
 739              		.section	.gnu.lto_.profile.12029ae20ae17767,"e",%progbits
 740 0000 789C6362 		.ascii	"x\234cb\000\001\000\000\022\000\003"
 740      00010000 
 740      120003
 741              		.text
 742              		.section	.gnu.lto_.icf.12029ae20ae17767,"e",%progbits
 743 0000 789C8B60 		.ascii	"x\234\213`@\000&\206\377+\037,\341e`\374\362\363\320"
 743      40002686 
 743      FF2B1F2C 
 743      E16560FC 
 743      F2F3D0
 744 0013 254E1526 		.ascii	"%N\025&\006&Fj`\006\000^\236\007\235"
 744      0626466A 
 744      6006005E 
 744      9E079D
 745              		.text
 746              		.section	.gnu.lto_.ipa_sra.12029ae20ae17767,"e",%progbits
 747 0000 789C1361 		.ascii	"x\234\023a@\000&\006\006FFf$\001\006F\006\000\003\030"
ARM GAS  /tmp/ccHnixut.s 			page 17


 747      40002606 
 747      06464666 
 747      24010646 
 747      06000318 
 748 0014 001D     		.ascii	"\000\035"
 749              		.text
 750              		.section	.gnu.lto_.inline.12029ae20ae17767,"e",%progbits
 751 0000 789C458E 		.ascii	"x\234E\2161\012\0021\020E\377\374\0111\205\205\225\305"
 751      310A0231 
 751      1045FFFC 
 751      09318585 
 751      95C5
 752 0012 9EC03378 		.ascii	"\236\3003x\236u\027\264\322\003\210\202\335\036\300"
 752      9E7517B4 
 752      D2038882 
 752      DD1EC0
 753 0021 5204ED44 		.ascii	"R\004\355D\254\024\002\226\333X\0109\202V\226\026\036"
 753      AC140296 
 753      DB580839 
 753      82569616 
 753      1E
 754 0032 C0C4147E 		.ascii	"\300\304\024~\246x<\230\231\177\300?\004t\021\303R\022"
 754      A6783C98 
 754      997FC03F 
 754      047411C3 
 754      5212
 755 0044 2F23CE01 		.ascii	"/#\316\001\233\025\223\002\004w<_\355\212\023QNI;\020"
 755      9B159302 
 755      04773C5F 
 755      ED8A1351 
 755      4E493B10 
 756 0058 424A2A22 		.ascii	"BJ*\")g\244\234%\013\271\010\205i\2533\334\370\360\340"
 756      2967A49C 
 756      250BB908 
 756      8569AB33 
 756      DCF8F0E0 
 757 006c 18E8BEDB 		.ascii	"\030\350\276\333\343G\253t\254\277_\373-k\364\362\007"
 757      E347AB74 
 757      ACBF5FFB 
 757      2D6BF4F2 
 757      07
 758 007d 1D39224E 		.ascii	"\0359\"N\021\371\244\265\203Cq\013\315U+\003\003\273"
 758      11F9A4B5 
 758      8343710B 
 758      CD552B03 
 758      03BB
 759 008f F3A1D1D2 		.ascii	"\363\241\321\322\020\346W\003_\366\331&\220"
 759      10E65703 
 759      5FF6D926 
 759      90
 760              		.text
 761              		.section	.gnu.lto_.jmpfuncs.12029ae20ae17767,"e",%progbits
 762 0000 789C1361 		.ascii	"x\234\023a@\000& fdfddd\257gb\254gb\251gbb\000\000\016"
 762      40002620 
 762      66646664 
 762      6464AF67 
 762      62AC6762 
ARM GAS  /tmp/ccHnixut.s 			page 18


 763 001b 2801AF   		.ascii	"(\001\257"
 764              		.text
 765              		.section	.gnu.lto_.pureconst.12029ae20ae17767,"e",%progbits
 766 0000 789C6367 		.ascii	"x\234cg```bh`a\234\305\002\000\0041\001-"
 766      60606062 
 766      6860619C 
 766      C5020004 
 766      31012D
 767              		.text
 768              		.section	.gnu.lto_.ipa_modref.12029ae20ae17767,"e",%progbits
 769 0000 789C2B62 		.ascii	"x\234+b@\000FFf\001\006\006\005\001\001\006F&V fc`c"
 769      40004646 
 769      66010606 
 769      05010106 
 769      46265620 
 770 0018 60645050 		.ascii	"`dPPP\000\222\007\030\300\324\003\010\325\300\004\246"
 770      50009207 
 770      18C0D403 
 770      08D5C004 
 770      A6
 771 0029 16402890 		.ascii	"\026@(\220\022r410\000\000*\026\012\012"
 771      12723431 
 771      3000002A 
 771      160A0A
 772              		.text
 773              		.section	.gnu.lto_.lto.12029ae20ae17767,"e",%progbits
 774 0000 0B000300 		.ascii	"\013\000\003\000\001\000\000\000"
 774      01000000 
 775              		.text
 776              		.section	.gnu.lto__pal_lld_init.186.12029ae20ae17767,"e",%progbits
 777 0000 789CCB67 		.ascii	"x\234\313g``h\007be fdf`\2344\261\213\211\241\241\241"
 777      60606807 
 777      62652066 
 777      6466609C 
 777      34B18B89 
 778 0017 C1819D89 		.ascii	"\301\201\235\211\261qb\027'\343vF0\217\221\241\236\211"
 778      B1716217 
 778      27E37646 
 778      308F91A1 
 778      9E89
 779 0029 B19E7121 		.ascii	"\261\236q!\263>\220\373\343\350\263\011\033%\032V\034"
 779      B33E90FB 
 779      E3E8B309 
 779      1B251A56 
 779      1C
 780 003a 607CC5C0 		.ascii	"`|\305\300P\317\000\005\334\0206#\020\257\277\304z\240"
 780      50CF0005 
 780      DC103623 
 780      10AFBFC4 
 780      7AA0
 781 004c E1CFFFFE 		.ascii	"\341\317\377\376\206\206\253\217\031g)310\314c\006\231"
 781      8686AB8F 
 781      19672933 
 781      3130CC63 
 781      0699
 782 005e DAC0C2D8 		.ascii	"\332\300\302\330p\200\201a>3\023\204\323\010\344|gj"
 782      70808161 
ARM GAS  /tmp/ccHnixut.s 			page 19


 782      3E331384 
 782      D308E47C 
 782      676A
 783 0070 5062F8CF 		.ascii	"Pb\370\317\324\244\0006d\0363#B\035\003\203\273~F~n"
 783      D4A40036 
 783      641E3323 
 783      421D0383 
 783      BB7E467E 
 784 0085 AA7E767E 		.ascii	"\252~v~ri\221~yfJjRb^\212\256\221\261\241\241nQjNjb"
 784      7269917E 
 784      79664A6A 
 784      52625E8A 
 784      AE91B1A1 
 785 00a0 71AA7E5A 		.ascii	"q\252~ZfQnybQ\252~R~bQJ\261~\232A|n~Ji\016H \277$'?"
 785      66516E79 
 785      6251AA7E 
 785      527E6251 
 785      4AB17E9A 
 786 00c1 3125B588 		.ascii	"1%\265\210\301VOO\037\202\23432\2232\375\203\365\363"
 786      C1564F4F 
 786      1F829C33 
 786      329332FD 
 786      83F5F3
 787 00d4 8BF53312 		.ascii	"\213\3653\022s\364\013\362\213J\212\365\203C|\215\215"
 787      73F40BF2 
 787      8B4A8AF5 
 787      83437C8D 
 787      8D
 788 00e5 F47D7C5C 		.ascii	"\364}|\\\364\335\003<\375\313\214@R\361\005@\234\223"
 788      F4DD033C 
 788      FDCB8C40 
 788      52F10540 
 788      9C93
 789 00f7 93A297CC 		.ascii	"\223\242\227\314\000\000E{X\304"
 789      0000457B 
 789      58C4
 790              		.text
 791              		.section	.gnu.lto__pal_lld_setgroupmode.187.12029ae20ae17767,"e",%progbits
 792 0000 789C7D57 		.ascii	"x\234}WmP\224\327\025\276\347\236w?`a\321\370\0315\010"
 792      6D5094D7 
 792      15BEE79E 
 792      773F6061 
 792      D1F81935 
 793 0015 468D1FC0 		.ascii	"F\215\037\300\262\244\003hRC\332\316d2\003\002M\377"
 793      B2A40368 
 793      5243DACE 
 793      64320302 
 793      4DFF
 794 0027 A78B6C2A 		.ascii	"\247\213l*\025\272t\3012\231L\352\372\305f\354\030A"
 794      15BA74C1 
 794      32994CEA 
 794      FAC566EC 
 794      1841
 795 0039 4C131303 		.ascii	"L\023\023\003I\235vH\247\223\030\235\216\337\224\202"
 795      499D7648 
 795      A793189D 
 795      8EDF9482 
ARM GAS  /tmp/ccHnixut.s 			page 20


 796 0049 B086942A 		.ascii	"\260\206\224*\242\261\0311Nm\2551-\216\343\024MU\264"
 796      A2B11931 
 796      4E6DAD31 
 796      2D8EE314 
 796      4D55B4
 797 005c CFBDEFEE 		.ascii	"\317\275\357\356\273/3\014\216\017\234\263\3679\347"
 797      BB2F330C 
 797      8E0F9CB3 
 797      F739E7
 798 006b 39F7DCCB 		.ascii	"9\367\334\313=\340K\023\342\237B\210\273\000e\010\332"
 798      3DE04B13 
 798      E29F4288 
 798      BB006508 
 798      DA
 799 007c DDBA438A 		.ascii	"\335\272C\212H$R\342\222\324\326\232\252-\226\333Z\177"
 799      482452E2 
 799      92D4D69A 
 799      AA2D96DB 
 799      5A7F
 800 008e 25E97382 		.ascii	"%\351s\202\227e\354k\271\232M\347M\333\220\333[=\377"
 800      9765EC6B 
 800      B99A4DE7 
 800      4DDB90DB 
 800      5B3DFF
 801 00a1 D9FFF759 		.ascii	"\331\377\367Y\306\336\226\253\264g\244}\205\341\220"
 801      C6DE96AB 
 801      B467A47D 
 801      85E190
 802 00b0 CDAD1EBD 		.ascii	"\315\255\036\275\030m\365\352\357Nzg\367oHgr)3\333\314"
 802      186DF5EA 
 802      EF4E7A67 
 802      F76F4867 
 802      722933DB 
 803 00c5 EFA67DB0 		.ascii	"\357\246}\260\315L%\256\024\371n\313A3\351{H\245\215"
 803      CD4C25AE 
 803      14F96ECB 
 803      4133E97B 
 803      48A58D
 804 00d8 54C53097 		.ascii	"T\3050\227=\232l\006\246\311\367[\016f\243\234\217w"
 804      3D9A6C06 
 804      A6C9F75B 
 804      0E66A39C 
 804      8F77
 805 00ea 6D7719ED 		.ascii	"mw\031\355`\237\273u\257\330H\247\315\255;\256tz5\307"
 805      609FBB75 
 805      AFD848A7 
 805      CDAD3BAE 
 805      747A35C7 
 806 00fe 4B6D9FEE 		.ascii	"Km\237\356\270\276/_;$6I6\034N\227;%\325\223\226\356"
 806      B8BE2F5F 
 806      3B243649 
 806      361C4E97 
 806      3B25D593 
 807 0114 25B822F9 		.ascii	"%\270\"\371\357C\366\201\366m\337\277Z\016\317\215t"
 807      EF43F681 
 807      F66DDFBF 
 807      5A0ECF8D 
ARM GAS  /tmp/ccHnixut.s 			page 21


 807      74
 808 0125 76D33742 		.ascii	"v\3237Bl2W\034\344\234A\006\276\316\242,\007\271\337"
 808      6C32571C 
 808      E49C4106 
 808      BECEA22C 
 808      07B9DF
 809 0138 2091DB1D 		.ascii	" \221\333\035\211\234=s$\022I\021\257\037\243MG\351"
 809      899C3D73 
 809      24124911 
 809      AF1FA34D 
 809      47E9
 810 014a 08092169 		.ascii	"\010\011!i'\035`\020~k\022n\035\333\377ko\013\275v\302"
 810      271D6010 
 810      7E6B126E 
 810      1DDBFF6B 
 810      6F0BBD76 
 811 015f 22C89D74 		.ascii	"\"\310\235t\\\021~\037'\034\337\337\006\302\253]\026"
 811      5C117E1F 
 811      271CDFDF 
 811      06C2AB5D 
 811      16
 812 0170 8177523F 		.ascii	"\201wR?+A\367'\204\257+\025i`k\324\333\262\331\335\324"
 812      2B41F727 
 812      84AF2B15 
 812      69606BD4 
 812      DBB2D9DD 
 813 0185 9D6009B1 		.ascii	"\235`\011\261\223\336@9\356C\011\316\201\317\266F#\323"
 813      93DE4039 
 813      EE4309CE 
 813      81CFB646 
 813      23D3
 814 0197 B66535F5 		.ascii	"\266e5\365\3309\343J\352\210\3059\035\347\234\262sn"
 814      D839E34A 
 814      EA88C539 
 814      1DE79CB2 
 814      736E
 815 01a9 2B4E97C5 		.ascii	"+N\227\305\371S\234\323o\347\\W\234~\213\323\025\347"
 815      F9539CD3 
 815      6FE75C57 
 815      9C7E8BD3 
 815      15E7
 816 01bb 9CB67346 		.ascii	"\234\266sF\024g\320\342\234\214s\006\354\234!\366\210"
 816      1467D0E2 
 816      9C8C7306 
 816      EC9C21F6 
 816      88
 817 01cc CFE9338A 		.ascii	"\317\3513\212Q\037\365\322\237I\265\227\0206lmu\260"
 817      511FF5D2 
 817      9F49B597 
 817      10366C6D 
 817      75B0
 818 01de 77B7DEEA 		.ascii	"w\267\336\352\240=\354\220\332\352\027\011\316\331."
 818      A03DEC90 
 818      DAEA1709 
 818      CED92E
 819 01ed D5F5ACA6 		.ascii	"\325\365\254\2463v\312G\212\362\245E9fR\206\354\224"
 819      3376CA47 
ARM GAS  /tmp/ccHnixut.s 			page 22


 819      8AF2A545 
 819      39665286 
 819      EC94
 820 01ff 0E4519B1 		.ascii	"\016E\031\261(\235&e\330N\331cx\304y:Gg\351\257$\376"
 820      289D2665 
 820      D84ED963 
 820      78C4793A 
 820      4767E9AF 
 821 0215 42F8A4CD 		.ascii	"B\370\244\315\300R*\015\020\235&\352':E\324C\324M4L"
 821      C0522A0D 
 821      109D26EA 
 821      273A45D4 
 821      43D44D34 
 822 022a 34447486 		.ascii	"4Dt\206h\220>9\347\350\216<x\264+\022\2712\377\322\310"
 822      68903E39 
 822      E7E88E3C 
 822      78B42B12 
 822      B932FFD2 
 823 023f EF527E48 		.ascii	"\357R~HB:$\300\200\0018\000'\340\002\334B:S\360=\025"
 823      423A24C0 
 823      80013800 
 823      27E002DC 
 823      423A53F0 
 824 0255 DF3D401A 		.ascii	"\337=@\032\354t\300\013d\000\323\200\351\300c\300\014"
 824      EC74C00B 
 824      6400D380 
 824      E9C063C0 
 824      0C
 825 0266 6026300B 		.ascii	"`&0\013\230\015\314\001\346\002\217\003\363\200\371"
 825      980DCC01 
 825      E6028F03 
 825      F380F9
 826 0275 C002E009 		.ascii	"\300\002\340\011 \023X\010d\001\331\300\"\340I`1\260"
 826      20135808 
 826      6401D9C0 
 826      22E04960 
 826      31B0
 827 0287 04580A3C 		.ascii	"\004X\012<\005,\003\226\003+\200\225@\016\220+\350\004"
 827      052C0396 
 827      032B8095 
 827      400E902B 
 827      E804
 828 0299 E509ECD2 		.ascii	"\345\011\354\322'\260\317|\201\235\372\005\366Z \260"
 828      27B0CF7C 
 828      819DFA05 
 828      F65A20B0 
 829 02a9 D542A22E 		.ascii	"\325B\242.*R\253\305ju\225Z]\255V\237\021\350\305\263"
 829      2A52ABC5 
 829      6A75955A 
 829      5DAD569F 
 829      11E8C5B3 
 830 02bd 84D83502 		.ascii	"\204\3305\002\375xN\240#%\002=y^\240+\337#:F\245*s\231"
 830      FD784EA0 
 830      2325023D 
 830      795EA02B 
 830      DF233A46 
 831 02d5 0A5BABC2 		.ascii	"\012[\253\302\312UX\205JU\2512\013\321\316\342\326\275"
ARM GAS  /tmp/ccHnixut.s 			page 23


 831      CA555885 
 831      4A55A932 
 831      0BD1CEE2 
 831      D6BD
 832 02e7 CE628A74 		.ascii	"\316b\212t\013\321\301R\333\233a\337\225\221\253\367"
 832      0BD1C152 
 832      DB9B61DF 
 832      9591ABF7 
 833 02f7 71E1EECB 		.ascii	"q\341\356\313\255\357D\257\021\027q\241s\0311>\337\222"
 833      ADEF44AF 
 833      111771A1 
 833      7319313E 
 833      DF92
 834 0309 85682ED2 		.ascii	"\205h.\322\214q\223\361\260\371\232\223\011\214\021"
 834      8C7193F1 
 834      B0F99A93 
 834      098C11
 835 0318 41D20A29 		.ascii	"A\322\012)fB\010\231!\247\341\353\220G\211\220Q'K.\244"
 835      66420899 
 835      21A7E1EB 
 835      90478990 
 835      51274B2E 
 836 032d 5C8BBF8A 		.ascii	"\\\213\277\212%]\210\323\373\341jzk,\251\300\246\202"
 836      255D88D3 
 836      FBE16A7A 
 836      6B2CA9C0 
 836      A682
 837 033f C38A58CD 		.ascii	"\303\212X\315lE\234\202\253#\332\022\021}.6\314\010"
 837      6C459C82 
 837      AB23DA12 
 837      117D2E36 
 837      CC08
 838 0351 9715F10C 		.ascii	"\227\025\361\014\033\250)\303\014\351\201\257C\336\212"
 838      1BA829C3 
 838      0CE981AF 
 838      43DE8A
 839 0360 E9241FAC 		.ascii	"\351$\037\254BK\234M\372*v0\343%\212\030\361fl)Q\355"
 839      424B9C4D 
 839      FA2A7630 
 839      E3258A18 
 839      F1666C29 
 840 0376 E2029852 		.ascii	"\342\002\230RI\371\265\201*\363\265\201\335\371\264"
 840      49F9B581 
 840      2AF3B581 
 840      DDF9B4
 841 0385 81CEE469 		.ascii	"\201\316\344i\343\004q\256\316\375v,\005\357\2436\367"
 841      E30471AE 
 841      CEFD762C 
 841      05EFA336 
 841      F7
 842 0396 C6E2CD19 		.ascii	"\306\342\315\031'vp.]$qGn\373\246\267\212\035(J?sQ\316"
 842      2776702E 
 842      5D247147 
 842      6EFBA6B7 
 842      8A1D284A 
 843 03ae E567A521 		.ascii	"\345g\245!\270\324\333>\364\265\033\221Q\316\343\"\371"
 843      B8D4DB3E 
ARM GAS  /tmp/ccHnixut.s 			page 24


 843      F4B51B91 
 843      51CEE322 
 843      F9
 844 03bf D5E17AAE 		.ascii	"\325\341z\256\360>\034\252\215\262\217\213\345M\270"
 844      F03E1CAA 
 844      8DB28F8B 
 844      E54DB8
 845 03ce 65DEFECA 		.ascii	"e\336\376\312(\347\363*y\247\210\327z\277\032j\214\262"
 845      28E7F32A 
 845      79A788D7 
 845      7ABF1A6A 
 845      8CB2
 846 03e0 9F57CB37 		.ascii	"\237W\3137\217\326s\271\367\246\242\026\320%\222\037"
 846      8FD673B9 
 846      F7A6A216 
 846      D025921F 
 847 03f0 C3AFF4BE 		.ascii	"\303\257\364\2769\374c\354\311\330\214=I\353\200\337"
 847      39FC63EC 
 847      C9D88C3D 
 847      49EB80DF 
 848 0400 8B79F0E8 		.ascii	"\213y\360\350k\263=\336\243>\203\235\\\200r\264\177"
 848      6BB33DDE 
 848      A33E839D 
 848      5C8072B4 
 848      7F
 849 0411 B079D460 		.ascii	"\260y\324`\027;\341\033\312\177\320\334'y\015\272\350"
 849      173BE11B 
 849      CA7FD0DC 
 849      27790DBA 
 849      E8
 850 0422 323B384C 		.ascii	"2;8L\274F\207\177\032cs}\214\330M9h\324}\271\345a\364"
 850      BC46877F 
 850      1A63737D 
 850      8CD84D39 
 850      68D47DB9 
 851 0439 02F173EC 		.ascii	"\002\361s\3546\271C\2605\367\220\311=\330<&9EkI+6\225"
 851      36B943B0 
 851      35F790C9 
 851      3DD83C26 
 851      39456B49 
 852 0450 7239C58A 		.ascii	"r9\305\212-\341T3\366\014l\035\373\307\204\016Z\350"
 852      2DE15433 
 852      F60C6C1D 
 852      FBC7840E 
 852      5AE8
 853 0462 51479BC1 		.ascii	"QG\233\301.\213\376<\0367M\037\204\255\351\2075\275"
 853      2E8BFE3C 
 853      1E374D1F 
 853      84ADE987 
 853      35BD
 854 0474 A7EBA34C 		.ascii	"\247\353\243LN\303\354x]\275=\177Pc\314\375\363{\277"
 854      4EC3EC78 
 854      5DBD3D7F 
 854      5063CCFD 
 854      F37BBF
 855 0487 BC4AA2F0 		.ascii	"\274J\242\360C\230\241\177P\035Z\217,\357F\307\015N"
 855      4398A17F 
ARM GAS  /tmp/ccHnixut.s 			page 25


 855      501D5A8F 
 855      2CEF46C7 
 855      0D4E
 856 0499 4799BA15 		.ascii	"G\231\272\025\330\272\227\3238]y{\242\327\034\234\001"
 856      D8BA97D3 
 856      385D797B 
 856      A2D71C9C 
 856      01
 857 04aa DFA7F2DD 		.ascii	"\337\247\362\335\3361*\343\211\276N\267g\272\2462q\206"
 857      DE312AE3 
 857      89BE4EB7 
 857      67BAA632 
 857      7186
 858 04bc D63E9AD4 		.ascii	"\326>\232\324\2366\231\352u\332\220P\355s\360tlP\253"
 858      9E3699EA 
 858      75DA9050 
 858      ED73F074 
 858      6C50AB
 859 04cf 8E19FC18 		.ascii	"\216\031\374\030O\343\351\246\352\250\203g\300\317\237"
 859      4FE3E9A6 
 859      EAA88367 
 859      C0CF9F
 860 04de 52F586CA 		.ascii	"R\365\206\312\3043\264\352\361\244\352\314\311T\377"
 860      C433B4EA 
 860      F1A4EACC 
 860      C954FF
 861 04ed 4D355A55 		.ascii	"M5ZU\3758\030<\013\2723M\245\313\016\236\015\337?\245"
 861      FD38183C 
 861      0BBA334D 
 861      A5CB0E9E 
 861      0DDF3FA5 
 862 0501 D2A88AE6 		.ascii	"\322\250\212\346\331Z\351$\224p}o\364\376\224\213\350"
 862      D95AE924 
 862      94707D6F 
 862      F4FE948B 
 862      E8
 863 0512 8A797D3B 		.ascii	"\212y};\330q`\327\366\213\302\272a\303\2614E\272\334"
 863      D87160D7 
 863      F68BC2BA 
 863      61C3B134 
 863      45BADC
 864 0525 1BC64137 		.ascii	"\033\306A7\341R\231,\347\337b=+-\322\205X\272\256\371"
 864      E152992C 
 864      E7DF623D 
 864      2B2DD285 
 864      58BAAEF9 
 865 0539 4626CF99 		.ascii	"F&\317\231\254\346[\364\223D\247\320\235\2718\333D\375"
 865      ACE65BF4 
 865      9344A7D0 
 865      9DB938DB 
 865      44FD
 866 054b 8FF31C9E 		.ascii	"\217\363\034\236k\325?\017\376\032\263\3761\253\376"
 866      6BD53F0F 
 866      FE1AB3FE 
 866      31ABFE
 867 055a 0C7BA6DB 		.ascii	"\014{\246\333*\023\317\3235\270&\324\360e\262\206\371"
 867      2A13CFD3 
ARM GAS  /tmp/ccHnixut.s 			page 26


 867      35B826D4 
 867      F065B286 
 867      F9
 868 056b 93D5F05F 		.ascii	"\223\325\360_\012\332jX`\253\341\011\236\317\013\254"
 868      0ADA6A58 
 868      60ABE109 
 868      9ECF0BAC 
 869 057b 1A32E14F 		.ascii	"\0322\341O]\303\035\225\2113u\015\356\211\335\272\204"
 869      5DC31D95 
 869      8933750D 
 869      EE89DDBA 
 869      84
 870 058c 6EE9C35B 		.ascii	"n\351\303[\310\013'+\342[Z\2278<\024\221\205\303[h]"
 870      C80B272B 
 870      E25B5A97 
 870      383C1491 
 870      85C35B68 
 871 05a1 936CF879 		.ascii	"\223l\370y\246\360\270%\354\265G\337S\321\234\255\205"
 871      A6F0B825 
 871      ECB547DF 
 871      53D19CAD 
 871      85
 872 05b2 53CEE2A5 		.ascii	"S\316\342\245'Kx,)\274h2\341\007\023\204\237\204\360"
 872      274B782C 
 872      29BC6832 
 872      E1071384 
 872      9F84F0
 873 05c5 224B7831 		.ascii	"\"Kx1\374\251\205\037j\341\305Z\351\256\355B\320\315"
 873      FCA9851F 
 873      6AE1C55A 
 873      E9AEED42 
 873      D0CD
 874 05d7 C4AD49ED 		.ascii	"\304\255I\355<r\362|\262\017\377K\036\306\222\311\312"
 874      3C72F27C 
 874      B20FFF4B 
 874      1EC692C9 
 874      CA
 875 05e8 8948FB85 		.ascii	"\211H\373\205Xj;\214\247x\011/\265\016c\031\374\251"
 875      586A3B8C 
 875      A778092F 
 875      B50E6319 
 875      FCA9
 876 05fa 0F638BCA 		.ascii	"\017c\213\312\304\313t\021\236\211E\214'\213X>Y\021"
 876      C4CB7411 
 876      9E89458C 
 876      278B583E 
 876      5911
 877 060c DBA4FD46 		.ascii	"\333\244\375F\254\260\025\261\222\227\363\012\253\210"
 877      ACB015B1 
 877      9297F30A 
 877      AB88
 878 061a 1CF85317 		.ascii	"\034\370S\027\321\2542q\216.\"\315>u0\314\006R\325\364"
 878      D1AC3271 
 878      8E2E22CD 
 878      3E7530CC 
 878      0652D5F4 
 879 062e D0F30C2F 		.ascii	"\320\363\014/\\)\246F\216\371\306a\300\224\232\303k"
ARM GAS  /tmp/ccHnixut.s 			page 27


 879      5C29A646 
 879      8EF9C661 
 879      C0949AC3 
 879      6B
 880 063f 409A3F87 		.ascii	"@\232?\207U\\\352|\315\354(\022\245O\030\345o\017\260"
 880      555CEA7C 
 880      CDEC2812 
 880      A54F18E5 
 880      6F0FB0
 881 0652 7884B0F8 		.ascii	"x\204\260\370\242\267u\373\305\030[\253{\007\342/0&"
 881      A2B775FB 
 881      C5185BAB 
 881      7B07E22F 
 881      3026
 882 0664 6419FB12 		.ascii	"d\031\373\022\022\230je\346\234H\254\217\022\257\345"
 882      12986A65 
 882      E69C48AC 
 882      8F12AFE5 
 883 0674 7CFA2239 		.ascii	"|\372\"9\245\327j\302\373\011\302e\342r\366[\004L\312"
 883      A5D76AC2 
 883      FB09C265 
 883      E272F65B 
 883      044CCA
 884 0687 724DE8B0 		.ascii	"rM\350\260\021*8\317\"`^V\230\003\304$\2647\367\021"
 884      112A38CF 
 884      22605E56 
 884      9803C424 
 884      B437F711 
 885 069b 57EAB722 		.ascii	"W\352\267\"\316\300\324\255\214\017R\374}\204\337W\310"
 885      CEC0D4AD 
 885      8C0F52FC 
 885      7D84DF57 
 885      C8
 886 06ac FA7D4588 		.ascii	"\372}E\210\027|\353CuA\337\206\320\272\215a_SMu\260"
 886      177CEB43 
 886      7541DF86 
 886      D0BA8D61 
 886      5F534D75 
 887 06c1 2AF0B3EA 		.ascii	"*\360\263\352\334\202\247\375\376\334p\2606\030h\010"
 887      DC82A7FD 
 887      FEDC70B0 
 887      36186808 
 888 06d1 FA5EA909 		.ascii	"\372^\251\011\3275\005\302A_U(\020\256n\360\275\222"
 888      D73505C2 
 888      415F5528 
 888      10AE6EF0 
 888      BD92
 889 06e3 FF725DA8 		.ascii	"\377r]\250zc\255\372 \324X\033\012T\007\303\342\273"
 889      7A63ADFA 
 889      20D4581B 
 889      0A5407C3 
 889      E2BB
 890 06f5 79793EF3 		.ascii	"yy>\363\377\367\327\327T\325\224\277\344\0135\370\326"
 890      FFF7D7D7 
 890      54D594BF 
 890      E40B35F8 
 890      D6
ARM GAS  /tmp/ccHnixut.s 			page 28


 891 0706 076A7DF5 		.ascii	"\007j}\365\241pc\203\357\245\037\225=]\340+-\375\201"
 891      A1706383 
 891      EFA51F95 
 891      3D5DE02B 
 891      2DFD81
 892 0719 EF858A17 		.ascii	"\357\205\212\027\313\177Q\240\226^\256\007jk\253\363"
 892      CB7F51A0 
 892      965EAE07 
 892      6A6BABF3 
 893 0729 D60943B1 		.ascii	"\326\011C\261\346L\370,/\340_WX\\\345\017\010\243.\320"
 893      E64CF82C 
 893      2FE05F57 
 893      585CE50F 
 893      08A32ED0 
 894 073d B0C18064 		.ascii	"\260\301\200d\220\253j\032\215@mc\330Q\277\261\276:"
 894      90AB6A1A 
 894      8D406D63 
 894      D851BFB1 
 894      BE3A
 895 074f EC0A35D4 		.ascii	"\354\0125\324\007\203\325ag\250\361\325\372`\330\241"
 895      0783D561 
 895      67A8F1D5 
 895      FA60D8A1 
 896 075f 286159F7 		.ascii	"(aY\367\035YW \353\374nET\241\377\007\376\324b\024"
 896      1D595720 
 896      EBFC6E45 
 896      54A1FF07 
 896      FED46214 
 897              		.text
 898              		.section	.gnu.lto_.symbol_nodes.12029ae20ae17767,"e",%progbits
 899 0000 789C3366 		.ascii	"x\2343f\000\002\246]\214\365\354\015@\300\3028\341\034"
 899      0002A65D 
 899      8CF5EC0D 
 899      40C0C238 
 899      E11C
 900 0012 03433D03 		.ascii	"\003C=\003\303\256\206FF\220\304n\306z\216\017\277V"
 900      C3AE8646 
 900      4690C46E 
 900      C67A8E0F 
 900      BF56
 901 0024 58A08933 		.ascii	"X\240\2113\000\000\223q\016\276"
 901      00009371 
 901      0EBE
 902              		.text
 903              		.section	.gnu.lto_.refs.12029ae20ae17767,"e",%progbits
 904 0000 789C6364 		.ascii	"x\234cd\000\002\000\000\012\000\002"
 904      00020000 
 904      0A0002
 905              		.text
 906              		.section	.gnu.lto_.decls.12029ae20ae17767,"e",%progbits
 907 0000 789CA555 		.ascii	"x\234\245UmlSU\030>\357\355mw7\212\353\242\3500&\356"
 907      6D6C5355 
 907      183EEFED 
 907      6D77378A 
 907      EBA2E830 
 908 0016 1FCB92ED 		.ascii	"\037\313\222\355\256[\234\376\320\004e\223\021\207]"
 908      AE5B9CFE 
ARM GAS  /tmp/ccHnixut.s 			page 29


 908      D0046593 
 908      11875D
 909 0025 3A8831FE 		.ascii	":\2101\376\250\335VX\303\272\316\266\003\21419\375p"
 909      A8DD5658 
 909      C3BACEB6 
 909      038C3139 
 909      FD70
 910 0037 5499B38D 		.ascii	"T\231\263\215\201\214\002\261\026\243\0102&\232P6\007"
 910      818C02B1 
 910      16A30832 
 910      269A5036 
 910      07
 911 0048 976D8C32 		.ascii	"\227m\2142\005\007\014a\362\265\017>6\330\264l([@\361"
 911      05070C61 
 911      F2B50F3E 
 911      36D8B46C 
 911      285B40F1 
 912 005c 3DFD822E 		.ascii	"=\375\202.jb\274\351s\357=\347y\236\367\274\357{\357"
 912      6A62BCE9 
 912      73EF3DE7 
 912      799EF7BC 
 912      EF7BEF
 913 006f 3DB52908 		.ascii	"=\265)\010\271\012\204PB\310}<dx=\215HE\004\021a\304"
 913      B90A8450 
 913      42C87D3C 
 913      64783D8D 
 913      48450411 
 914 0085 14E208E2 		.ascii	"\024\342\010\3426b\022!!f\0212\364M# 6N\341\010I\217"
 914      36621221 
 914      21661132 
 914      F44D2320 
 914      364EE108 
 915 009b CD8763FA 		.ascii	"\315\207c\372\270w\021\342\215\207\374c\210Q\304\010"
 915      B87711E2 
 915      8D87FC63 
 915      8851C408 
 916 00ab E2266218 		.ascii	"\342&b\0301\216P<\012\274b\001d\361\334\346;\336\274"
 916      318E503C 
 916      0ABC6201 
 916      64F1DCE6 
 916      3BDEBC
 917 00be 0C89D230 		.ascii	"\014\211\3220\365w\361\331A\330\217Q\017 \004\216<C"
 917      F577F1D9 
 917      41D88F51 
 917      0F20048E 
 917      3C43
 918 00d0 23C7C8D3 		.ascii	"#\307\310\323\244\235\255MH\251\022}Y\302\233D\221\015"
 918      A49DAD4D 
 918      48A9127D 
 918      59C29B44 
 918      910D
 919 00e2 AC8A74BC 		.ascii	"\254\212t\274\022\301@x\316\343\033\374F\226>\304\302"
 919      12C14078 
 919      CEE31BFC 
 919      46963EC4 
 919      C2
 920 00f3 48AE5412 		.ascii	"H\256T\022\011#Av\007\034\202\203\200\246L\241\216\010"
ARM GAS  /tmp/ccHnixut.s 			page 30


 920      09234176 
 920      071C8283 
 920      80A64CA1 
 920      8E08
 921 0105 3622BC8D 		.ascii	"6\"\274\215\332\326\233#Ci\351\322\337k\205w\010\346"
 921      DAD69B23 
 921      4369E9D2 
 921      DF6B8577 
 921      08E6
 922 0117 A5420B27 		.ascii	"\245B\013'\274K\024\213p\035\031\236\211\340\004\264"
 922      BC4B148B 
 922      701D199E 
 922      89E004B4 
 923 0127 4E6E9ADD 		.ascii	"Nn\232\335*c\326\011*9\344$\004\307\200\034\207E\035"
 923      2A63D609 
 923      2A39E424 
 923      04C7801C 
 923      87451D
 924 013a F0037C0F 		.ascii	"\360\003|\017B\023J\024\203\241\211\275i99\231(\232"
 924      42134A14 
 924      83A189BD 
 924      69393999 
 924      289A
 925 014c 39F9C105 		.ascii	"9\371\301\005\247\350\275\336H\373\251\354\004\374\010"
 925      A7E8BDDE 
 925      48FBA9EC 
 925      04FC08
 926 015b A720E220 		.ascii	"\247 \342 jB\012\011\012\332:G\033\251\312\241<\001"
 926      6A420A09 
 926      0ADA3A47 
 926      1BA9CAA1 
 926      3C01
 927 016d 7D0F7321 		.ascii	"}\017s! X\266\213R\211\213fGNA\007\364\303I\326\005"
 927      2058B68B 
 927      52898B66 
 927      474E4107 
 927      F4C349D6 
 928 0182 5EF15177 		.ascii	"^\361Qw\353\355y9\013sP\023>8*\337)\241\367(\014@T\032"
 928      EBED7939 
 928      0B735013 
 928      3E382ADF 
 928      29A1F728 
 929 019a 89CD28B4 		.ascii	"\211\315(\264\3631\373\000\332\317\300ifge\267\357h"
 929      F331FB00 
 929      DACFC069 
 929      666765B7 
 929      EF68
 930 01ac 7EC46397 		.ascii	"~\304c\227\365\302\221d\027\317\371\332\217\357L]\350"
 930      F5C29164 
 930      17CFF9DA 
 930      8FEF4C5D 
 930      E8
 931 01bd FF4737B6 		.ascii	"\377G7\266E%l\342\210\260\205c\367\202\260\035\357w"
 931      45256CE2 
 931      88B08563 
 931      F782B01D 
 931      EF77
ARM GAS  /tmp/ccHnixut.s 			page 31


 932 01cf 207623F6 		.ascii	" v#\366E\346\262\261}\022'\0049\302?>\341l:>?\007\233"
 932      45E6B2B1 
 932      7D122704 
 932      39C23F3E 
 932      E16C3A3E 
 933 01e6 91133D86 		.ascii	"\221\023=\206\261\344>\347\006\252r)\017\3030\\\215"
 933      B1E43EE7 
 933      06AA7229 
 933      0FC3305C 
 933      8D
 934 01f7 2DFE1D22 		.ascii	"-\376\035\"\010\204\261\255q\366|\202\375\371\001\273"
 934      0884B1AD 
 934      71F67C82 
 934      FDF901BB 
 935 0207 27CE5E48 		.ascii	"'\316^Hb\013\343\355\342\311\020\\\006\366\246w\300"
 935      620BE3ED 
 935      E2C9105C 
 935      06F6A677 
 935      C0
 936 0218 0D18872B 		.ascii	"\015\030\207+0\012\327\341\032\214\301M\230\200\021"
 936      300AD7E1 
 936      1A8CC14D 
 936      988011
 937 0227 56010B13 		.ascii	"V\001\013\023\214\2079\227\010s\366\301\"{\343\354`"
 937      8C873997 
 937      0873F6C1 
 937      227BE3EC 
 937      60
 938 0238 125B483E 		.ascii	"\022[H>\305\266\034\332\361VH\202\237\240'\301uE84\206"
 938      C5B61CDA 
 938      F1564882 
 938      9FA027C1 
 938      75453834 
 939 024d BF8AB6F5 		.ascii	"\277\212\266\3650\\L\220\352D\324\335\361\250\227\036"
 939      305C4C90 
 939      EA44D4DD 
 939      F1A8971E 
 940 025d 2623C6B6 		.ascii	"&#\306\266P\234\353N\212\032s\036\213\263\235I\015+"
 940      509CEB4E 
 940      8A1A731E 
 940      8BB39D49 
 940      0D2B
 941 026f 244227F6 		.ascii	"$B'\366\230\033\273\322;\220\232\231\334\200I\370\227"
 941      981BBBD2 
 941      3B909A99 
 941      DC8049F8 
 941      97
 942 0280 0EF0DC0D 		.ascii	"\016\360\334\015\377\305\353i\211o\356\227X\320_\321"
 942      FFC5EB69 
 942      896FEE97 
 942      58D05FD1 
 943 0290 42843E16 		.ascii	"B\204>\026\263\343\330\376]\362\271\2020D\025g\230\342"
 943      B3E3D8FE 
 943      5DF2B982 
 943      30441567 
 943      98E2
 944 02a2 935DC12F 		.ascii	"\223]\301/R\346|CS\211o\350\022\223\004[\316\205\370"
ARM GAS  /tmp/ccHnixut.s 			page 32


 944      52E67C43 
 944      53896FE8 
 944      1293045B 
 944      CE85F8
 945 02b5 3992DB71 		.ascii	"9\222\333q\011\317\355\334\267\241=\345\026`\342!*\331"
 945      09CFEDDC 
 945      B7A13DE5 
 945      1660E221 
 945      2AD9
 946 02c7 7B044F60 		.ascii	"{\004O`\214\266QZO{\307Z|\215c\356\014\257\003\2716"
 946      8CB6515A 
 946      4F7BC75A 
 946      7C8D63EE 
 946      0CAF03B9 
 947 02dc 377DB205 		.ascii	"7}\262\005\247}\276!\017\347\227\261\")u*\351\267xq"
 947      A77DBE21 
 947      0FE797B1 
 947      2229752A 
 947      E9B77871 
 948 02f0 D4506723 		.ascii	"\324Pg#\0337e\372\235\321\255\242\037\250\324H\333$"
 948      1B3765FA 
 948      9DD1ADA2 
 948      1FA8D448 
 948      DB24
 949 0302 45A09B36 		.ascii	"E\240\2336\266\3202_W\257\022\247=\366k\007\326\373"
 949      B6D0325F 
 949      57AF12A7 
 949      3DF66B07 
 949      D6FB
 950 0314 868E509F 		.ascii	"\206\216P\237+\004\001\354\223\335O\233\026\"\361!u"
 950      2B0401EC 
 950      93DD4F9B 
 950      1622F121 
 950      75
 951 0325 B9ED4AFB 		.ascii	"\271\355J\373\310x\330\357\227&\345\310P\217\277\207"
 951      C878D8EF 
 951      9726E5C8 
 951      508FBF87 
 952 0335 6678F1E4 		.ascii	"fx\361\344qH\0333\354\250\376\324\341\242@\003=n\017"
 952      71481B33 
 952      ECA8FED4 
 952      E1A24003 
 952      3D6E0F
 953 0348 42E50D48 		.ascii	"B\345\015H\324\033p\011L\3022Ta,\267\007\023S\331[q"
 953      D41B7009 
 953      4CC23254 
 953      612CB707 
 953      1353D95B 
 954 035d 8803C010 		.ascii	"\210\003\300\020n\224P\025\365c\276~\311\255\302X\324"
 954      6E945015 
 954      F563BE7E 
 954      C9ADC258 
 954      D4
 955 036e 4B436EF0 		.ascii	"KCn\360v1w\017V\027\2206zqu,\023\305\234\307A\363#["
 955      7631770F 
 955      56179036 
 955      7A71752C 
ARM GAS  /tmp/ccHnixut.s 			page 33


 955      13C59CC7 
 956 0386 1C86E068 		.ascii	"\034\206\340h\026\245\213yndj\272]\230b\035\272\327"
 956      16A58B79 
 956      6E646ABA 
 956      5D98621D 
 956      BAD7
 957 0398 3A3B8F2C 		.ascii	":;\217,\360,&$_%\270d\330\334/g.t\313\236\242l#\242"
 957      F02C2624 
 957      5F25B864 
 957      D8DC2F67 
 957      2E74CB9E 
 958 03b0 8FDD886E 		.ascii	"\217\335\210nDd\026\310\255\310\003\336\354\376x\210"
 958      446416C8 
 958      ADC803DE 
 958      ECFE7888 
 959 03c0 CBDED642 		.ascii	"\313\336\326Bg\006|\357w\3036\334\254P\312\317\302\014"
 959      67067CEF 
 959      77C336DC 
 959      AC50CACF 
 959      C20C
 960 03d2 7B8278CC 		.ascii	"{\202x\314\000\271\003\277C\351!^\350g\341\366x\373"
 960      00B903BF 
 960      43E9215E 
 960      E867E1F6 
 960      78FB
 961 03e4 6678F65F 		.ascii	"fx\366_0\015\267p8r\266s`\036\033\376\006\367\360Q\235"
 961      300DB770 
 961      3872B673 
 961      601E1BFE 
 961      06F7F051 
 962 03f9 7FEFEB66 		.ascii	"\177\357\353f\310\214vX\212\356\304\177F\003\361\334"
 962      C88C7658 
 962      8AEEC47F 
 962      4603F1DC 
 963 0409 9973A1E6 		.ascii	"\231s\241\346\364$n\022\022\344\370\345\255[S\022\357"
 963      F4246E12 
 963      12E4F8E5 
 963      AD5B5312 
 963      EF
 964 041a D1FDD88B 		.ascii	"\321\375\330\213F9\306\015\034\335\342\203\271\\\030"
 964      4639C60D 
 964      1CDDE283 
 964      B95C18
 965 0429 A264F3F9 		.ascii	"\242d\363\371\351\317\323X\002v\356\017L`p\370J7?\267"
 965      E9CFD358 
 965      0276EE0F 
 965      4C6070F8 
 965      4A373FB7 
 966 043d 5A27471C 		.ascii	"Z'G\034\021\361t{\357vEvK\013m;\300>\225H\251N\356n"
 966      11F1747B 
 966      EF764576 
 966      4B0B6D3B 
 966      C03E9548 
 967 0455 ACD4BBB1 		.ascii	"\254\324\273\261R?\223\221\347\363\362\304\350oI\215"
 967      523F9391 
 967      E7F3F2C4 
 967      E86F498D 
ARM GAS  /tmp/ccHnixut.s 			page 34


 968 0465 B1D2A8A9 		.ascii	"\261\322\250\251\020\315V\261F_+\326\233-6\253X\261"
 968      10CD56B1 
 968      465F2BD6 
 968      9B2D36AB 
 968      58B1
 969 0477 62796181 		.ascii	"bya\201XVV,.-_\246Y[\300(]=\242\266\266:\257JX\372\352"
 969      5856562C 
 969      2E2D5FA6 
 969      595BC028 
 969      5D3DA2B6 
 970 0492 CAAC25EA 		.ascii	"\312\254%\352g\311\023I\323yzuU\321s\225j=\341_|Y[&"
 970      67C91349 
 970      D3797A75 
 970      55D17395 
 970      6A3DE15F 
 971 04aa 3418EB6C 		.ascii	"4\030\353l\205\005:\233\274L\263\344\025-\377R\205V"
 971      85053A9B 
 971      BC4CB3E4 
 971      152DFF52 
 971      8556
 972 04bc 0BAF41A9 		.ascii	"\013\257A\251\274\252\326\240\267DXu\221\316&\263\032"
 972      BCAAD6A0 
 972      B7445875 
 972      91CE26B3 
 972      1A
 973 04cd 6C4BC51A 		.ascii	"lK\305\032\263\311 \2561W5X\304u\306jC\245\276\256:"
 973      B3C920AE 
 973      31573558 
 973      C475C66A 
 973      43A5BEAE 
 974 04e2 B7A050AD 		.ascii	"\267\240P\255\316\265\030Pm5\210\253\214\026\323:\275"
 974      CEB51850 
 974      6D3588AB 
 974      8C16D33A 
 974      BD
 975 04f3 C520569A 		.ascii	"\305 V\232\365\226j\253\270*_g2W7\324\262\011\263\255"
 975      F5966AAB 
 975      B82A5F67 
 975      325737D4 
 975      B209B3AD 
 976 0507 D6ACAF36 		.ascii	"\326\254\2576X\376sUV\233\011\023\\]o4\347\325\020\231"
 976      58FE7355 
 976      569B0913 
 976      5C5D6F34 
 976      E7D51099 
 977 051b A6582B5B 		.ascii	"\246X+[V\254\225\227\257,/\326\246h*\312KJ\212\265\012"
 977      56AC9597 
 977      AF2C2FD6 
 977      A6682ACA 
 977      4B4A8AB5 
 978 0530 CD8AD7CB 		.ascii	"\315\212\327\313K\264\362\345\232\342\022-\253\253T"
 978      4BB4F2E5 
 978      9AE2122D 
 978      ABAB54
 979 053f F9C0A5B3 		.ascii	"\371\300\245\263\245\031\315,\266\261Zg\023\214f\314"
 979      A519CD2C 
 979      B6B15A67 
ARM GAS  /tmp/ccHnixut.s 			page 35


 979      138C66CC 
 980 054f C8A0B329 		.ascii	"\310\240\263)\243s&\275u\015\226\247.\"\251z\213im\221"
 980      A37326BD 
 980      750D96A7 
 980      2E22A97A 
 980      8B696D91 
 981 0563 35D744D2 		.ascii	"5\327D\322\252\2200\254\3175\345\223\371\361\306\351"
 981      AA9030AC 
 981      CF35E593 
 981      F9F1C6E9 
 982 0573 8C7546DB 		.ascii	"\214uF\333\013\377\347y\220\005\211X\330\314\325\026"
 982      0BFFE779 
 982      90058958 
 982      D8CCD516 
 983 0583 73433DCB 		.ascii	"sC=\313\344/\272\311!\327"
 983      E42FBAC9 
 983      21D7
 984              		.text
 985              		.section	.gnu.lto_.symtab.12029ae20ae17767,"e",%progbits
 986 0000 5F70616C 		.ascii	"_pal_lld_init\000"
 986      5F6C6C64 
 986      5F696E69 
 986      7400
 987 000e 00       		.ascii	"\000"
 988 000f 00       		.ascii	"\000"
 989 0010 00       		.ascii	"\000"
 990 0011 00000000 		.ascii	"\000\000\000\000\000\000\000\000"
 990      00000000 
 991 0019 F9000000 		.ascii	"\371\000\000\000"
 992 001d 5F70616C 		.ascii	"_pal_lld_setgroupmode\000"
 992      5F6C6C64 
 992      5F736574 
 992      67726F75 
 992      706D6F64 
 993 0033 00       		.ascii	"\000"
 994 0034 00       		.ascii	"\000"
 995 0035 00       		.ascii	"\000"
 996 0036 00000000 		.ascii	"\000\000\000\000\000\000\000\000"
 996      00000000 
 997 003e 03010000 		.ascii	"\003\001\000\000"
 998              		.text
 999              		.section	.gnu.lto_.ext_symtab.12029ae20ae17767,"e",%progbits
 1000 0000 01       		.ascii	"\001"
 1001 0001 01       		.ascii	"\001"
 1002 0002 00       		.ascii	"\000"
 1003 0003 01       		.ascii	"\001"
 1004 0004 00       		.ascii	"\000"
 1005              		.text
 1006              		.section	.gnu.lto_.opts,"e",%progbits
 1007 0000 272D666E 		.ascii	"'-fno-openmp' '-fno-openacc' '-fno-pie' '-fcf-prote"
 1007      6F2D6F70 
 1007      656E6D70 
 1007      2720272D 
 1007      666E6F2D 
 1008 0033 6374696F 		.ascii	"ction=none' '-g' '-mcpu=cortex-m0' '-mthumb' '-mflo"
 1008      6E3D6E6F 
 1008      6E652720 
ARM GAS  /tmp/ccHnixut.s 			page 36


 1008      272D6727 
 1008      20272D6D 
 1009 0066 61742D61 		.ascii	"at-abi=soft' '-mlibarch=armv6s-m' '-march=armv6s-m'"
 1009      62693D73 
 1009      6F667427 
 1009      20272D6D 
 1009      6C696261 
 1010 0099 20272D4F 		.ascii	" '-Os' '-fomit-frame-pointer' '-falign-functions=16"
 1010      73272027 
 1010      2D666F6D 
 1010      69742D66 
 1010      72616D65 
 1011 00cc 2720272D 		.ascii	"' '-fsingle-precision-constant' '-ffunction-section"
 1011      6673696E 
 1011      676C652D 
 1011      70726563 
 1011      6973696F 
 1012 00ff 73272027 		.ascii	"s' '-fdata-sections' '-fno-common' '-flto' '-Xassem"
 1012      2D666461 
 1012      74612D73 
 1012      65637469 
 1012      6F6E7327 
 1013 0132 626C6572 		.ascii	"bler' '-alms=./build/lst/hal_pal_lld.lst'\000"
 1013      2720272D 
 1013      616C6D73 
 1013      3D2E2F62 
 1013      75696C64 
 1014              		.text
 1015              		.comm	__gnu_lto_slim,1,1
 1016              		.ident	"GCC: (Arm GNU Toolchain 11.3.Rel1) 11.3.1 20220712"
ARM GAS  /tmp/ccHnixut.s 			page 37


DEFINED SYMBOLS
                            *ABS*:0000000000000000 hal_pal_lld.c
     /tmp/ccHnixut.s:23     .gnu.debuglto_.debug_info:0000000000000000 hal_pal_lld.c.a1c68b1a
                            *COM*:0000000000000001 __gnu_lto_slim

NO UNDEFINED SYMBOLS
