ARM GAS  /tmp/cc8rJ7G4.s 			page 1


   1              		.cpu cortex-m0
   2              		.arch armv6s-m
   3              		.fpu softvfp
   4              		.eabi_attribute 20, 1
   5              		.eabi_attribute 21, 1
   6              		.eabi_attribute 23, 3
   7              		.eabi_attribute 24, 1
   8              		.eabi_attribute 25, 1
   9              		.eabi_attribute 26, 1
  10              		.eabi_attribute 30, 4
  11              		.eabi_attribute 34, 0
  12              		.eabi_attribute 18, 4
  13              		.file	"nvic.c"
  14              		.file 1 "/home/kocur/.rusefi-tools/arm-gnu-toolchain-11.3.rel1-x86_64-arm-none-eabi/arm-none-eabi/
  15              		.file 2 "/home/kocur/.rusefi-tools/arm-gnu-toolchain-11.3.rel1-x86_64-arm-none-eabi/arm-none-eabi/
  16              		.file 3 "../../../ChibiOS/os/common/ext/ARM/CMSIS/Core/Include/core_cm0.h"
  17              		.file 4 "../../../ChibiOS/os/hal/ports/common/ARMCMx/nvic.c"
  18              		.section	.gnu.debuglto_.debug_info,"e",%progbits
  19              	.Ldebug_info0:
  20              		.hidden	nvic.c.a5a35838
  21              		.weak	nvic.c.a5a35838
  22              	nvic.c.a5a35838:
  23 0000 E5020000 		.4byte	0x2e5
  24 0004 0500     		.2byte	0x5
  25 0006 01       		.byte	0x1
  26 0007 04       		.byte	0x4
  27 0008 00000000 		.4byte	.Ldebug_abbrev0
  28 000c 0F       		.uleb128 0xf
  29 000d CF010000 		.4byte	.LASF39
  30 0011 1D       		.byte	0x1d
  31 0012 9C010000 		.4byte	.LASF40
  32 0016 29000000 		.4byte	.LASF41
  33 001a 00000000 		.4byte	.Ldebug_line0
  34 001e 10       		.uleb128 0x10
  35 001f 04       		.byte	0x4
  36 0020 05       		.byte	0x5
  37 0021 696E7400 		.ascii	"int\000"
  38 0025 01       		.uleb128 0x1
  39 0026 04       		.byte	0x4
  40 0027 07       		.byte	0x7
  41 0028 27010000 		.4byte	.LASF0
  42 002c 01       		.uleb128 0x1
  43 002d 08       		.byte	0x8
  44 002e 05       		.byte	0x5
  45 002f 6C010000 		.4byte	.LASF1
  46 0033 01       		.uleb128 0x1
  47 0034 08       		.byte	0x8
  48 0035 04       		.byte	0x4
  49 0036 B8020000 		.4byte	.LASF2
  50 003a 01       		.uleb128 0x1
  51 003b 01       		.byte	0x1
  52 003c 06       		.byte	0x6
  53 003d A1000000 		.4byte	.LASF3
  54 0041 01       		.uleb128 0x1
  55 0042 01       		.byte	0x1
  56 0043 08       		.byte	0x8
  57 0044 AD000000 		.4byte	.LASF4
ARM GAS  /tmp/cc8rJ7G4.s 			page 2


  58 0048 01       		.uleb128 0x1
  59 0049 02       		.byte	0x2
  60 004a 05       		.byte	0x5
  61 004b 92010000 		.4byte	.LASF5
  62 004f 01       		.uleb128 0x1
  63 0050 02       		.byte	0x2
  64 0051 07       		.byte	0x7
  65 0052 D7000000 		.4byte	.LASF6
  66 0056 07       		.uleb128 0x7
  67 0057 1F000000 		.4byte	.LASF8
  68 005b 01       		.byte	0x1
  69 005c 4D       		.byte	0x4d
  70 005d 18       		.byte	0x18
  71 005e 62000000 		.4byte	0x62
  72 0062 01       		.uleb128 0x1
  73 0063 04       		.byte	0x4
  74 0064 05       		.byte	0x5
  75 0065 AF020000 		.4byte	.LASF7
  76 0069 07       		.uleb128 0x7
  77 006a 0E010000 		.4byte	.LASF9
  78 006e 01       		.byte	0x1
  79 006f 4F       		.byte	0x4f
  80 0070 19       		.byte	0x19
  81 0071 75000000 		.4byte	0x75
  82 0075 01       		.uleb128 0x1
  83 0076 04       		.byte	0x4
  84 0077 07       		.byte	0x7
  85 0078 C5000000 		.4byte	.LASF10
  86 007c 01       		.uleb128 0x1
  87 007d 08       		.byte	0x8
  88 007e 07       		.byte	0x7
  89 007f 39010000 		.4byte	.LASF11
  90 0083 07       		.uleb128 0x7
  91 0084 8A010000 		.4byte	.LASF12
  92 0088 02       		.byte	0x2
  93 0089 2C       		.byte	0x2c
  94 008a 13       		.byte	0x13
  95 008b 56000000 		.4byte	0x56
  96 008f 07       		.uleb128 0x7
  97 0090 A6020000 		.4byte	.LASF13
  98 0094 02       		.byte	0x2
  99 0095 30       		.byte	0x30
 100 0096 14       		.byte	0x14
 101 0097 69000000 		.4byte	0x69
 102 009b 08       		.uleb128 0x8
 103 009c 8F000000 		.4byte	0x8f
 104 00a0 0A       		.uleb128 0xa
 105 00a1 9B000000 		.4byte	0x9b
 106 00a5 01       		.uleb128 0x1
 107 00a6 01       		.byte	0x1
 108 00a7 08       		.byte	0x8
 109 00a8 80010000 		.4byte	.LASF14
 110 00ac 0A       		.uleb128 0xa
 111 00ad A5000000 		.4byte	0xa5
 112 00b1 11       		.uleb128 0x11
 113 00b2 2003     		.2byte	0x320
 114 00b4 03       		.byte	0x3
ARM GAS  /tmp/cc8rJ7G4.s 			page 3


 115 00b5 3A01     		.2byte	0x13a
 116 00b7 09       		.byte	0x9
 117 00b8 3C010000 		.4byte	0x13c
 118 00bc 02       		.uleb128 0x2
 119 00bd 85010000 		.4byte	.LASF15
 120 00c1 3C01     		.2byte	0x13c
 121 00c3 4C010000 		.4byte	0x14c
 122 00c7 00       		.byte	0
 123 00c8 02       		.uleb128 0x2
 124 00c9 70000000 		.4byte	.LASF16
 125 00cd 3D01     		.2byte	0x13d
 126 00cf 51010000 		.4byte	0x151
 127 00d3 04       		.byte	0x4
 128 00d4 02       		.uleb128 0x2
 129 00d5 19010000 		.4byte	.LASF17
 130 00d9 3E01     		.2byte	0x13e
 131 00db 4C010000 		.4byte	0x14c
 132 00df 80       		.byte	0x80
 133 00e0 02       		.uleb128 0x2
 134 00e1 5B010000 		.4byte	.LASF18
 135 00e5 3F01     		.2byte	0x13f
 136 00e7 51010000 		.4byte	0x151
 137 00eb 84       		.byte	0x84
 138 00ec 05       		.uleb128 0x5
 139 00ed 34010000 		.4byte	.LASF19
 140 00f1 4001     		.2byte	0x140
 141 00f3 4C010000 		.4byte	0x14c
 142 00f7 0001     		.2byte	0x100
 143 00f9 05       		.uleb128 0x5
 144 00fa 04010000 		.4byte	.LASF20
 145 00fe 4101     		.2byte	0x141
 146 0100 51010000 		.4byte	0x151
 147 0104 0401     		.2byte	0x104
 148 0106 05       		.uleb128 0x5
 149 0107 05000000 		.4byte	.LASF21
 150 010b 4201     		.2byte	0x142
 151 010d 4C010000 		.4byte	0x14c
 152 0111 8001     		.2byte	0x180
 153 0113 05       		.uleb128 0x5
 154 0114 84000000 		.4byte	.LASF22
 155 0118 4301     		.2byte	0x143
 156 011a 51010000 		.4byte	0x151
 157 011e 8401     		.2byte	0x184
 158 0120 05       		.uleb128 0x5
 159 0121 8E000000 		.4byte	.LASF23
 160 0125 4401     		.2byte	0x144
 161 0127 61010000 		.4byte	0x161
 162 012b 0002     		.2byte	0x200
 163 012d 12       		.uleb128 0x12
 164 012e 495000   		.ascii	"IP\000"
 165 0131 03       		.byte	0x3
 166 0132 4501     		.2byte	0x145
 167 0134 12       		.byte	0x12
 168 0135 81010000 		.4byte	0x181
 169 0139 0003     		.2byte	0x300
 170 013b 00       		.byte	0
 171 013c 03       		.uleb128 0x3
ARM GAS  /tmp/cc8rJ7G4.s 			page 4


 172 013d 9B000000 		.4byte	0x9b
 173 0141 4C010000 		.4byte	0x14c
 174 0145 04       		.uleb128 0x4
 175 0146 25000000 		.4byte	0x25
 176 014a 00       		.byte	0
 177 014b 00       		.byte	0
 178 014c 08       		.uleb128 0x8
 179 014d 3C010000 		.4byte	0x13c
 180 0151 03       		.uleb128 0x3
 181 0152 8F000000 		.4byte	0x8f
 182 0156 61010000 		.4byte	0x161
 183 015a 04       		.uleb128 0x4
 184 015b 25000000 		.4byte	0x25
 185 015f 1E       		.byte	0x1e
 186 0160 00       		.byte	0
 187 0161 03       		.uleb128 0x3
 188 0162 8F000000 		.4byte	0x8f
 189 0166 71010000 		.4byte	0x171
 190 016a 04       		.uleb128 0x4
 191 016b 25000000 		.4byte	0x25
 192 016f 3F       		.byte	0x3f
 193 0170 00       		.byte	0
 194 0171 03       		.uleb128 0x3
 195 0172 9B000000 		.4byte	0x9b
 196 0176 81010000 		.4byte	0x181
 197 017a 04       		.uleb128 0x4
 198 017b 25000000 		.4byte	0x25
 199 017f 07       		.byte	0x7
 200 0180 00       		.byte	0
 201 0181 08       		.uleb128 0x8
 202 0182 71010000 		.4byte	0x171
 203 0186 0D       		.uleb128 0xd
 204 0187 BB000000 		.4byte	.LASF24
 205 018b 4601     		.2byte	0x146
 206 018d 04       		.byte	0x4
 207 018e B1000000 		.4byte	0xb1
 208 0192 13       		.uleb128 0x13
 209 0193 28       		.byte	0x28
 210 0194 03       		.byte	0x3
 211 0195 5501     		.2byte	0x155
 212 0197 09       		.byte	0x9
 213 0198 09020000 		.4byte	0x209
 214 019c 02       		.uleb128 0x2
 215 019d 7A010000 		.4byte	.LASF25
 216 01a1 5701     		.2byte	0x157
 217 01a3 A0000000 		.4byte	0xa0
 218 01a7 00       		.byte	0
 219 01a8 02       		.uleb128 0x2
 220 01a9 50010000 		.4byte	.LASF26
 221 01ad 5801     		.2byte	0x158
 222 01af 9B000000 		.4byte	0x9b
 223 01b3 04       		.byte	0x4
 224 01b4 02       		.uleb128 0x2
 225 01b5 70000000 		.4byte	.LASF16
 226 01b9 5901     		.2byte	0x159
 227 01bb 8F000000 		.4byte	0x8f
 228 01bf 08       		.byte	0x8
ARM GAS  /tmp/cc8rJ7G4.s 			page 5


 229 01c0 02       		.uleb128 0x2
 230 01c1 55010000 		.4byte	.LASF27
 231 01c5 5A01     		.2byte	0x15a
 232 01c7 9B000000 		.4byte	0x9b
 233 01cb 0C       		.byte	0xc
 234 01cc 0B       		.uleb128 0xb
 235 01cd 53435200 		.ascii	"SCR\000"
 236 01d1 5B01     		.2byte	0x15b
 237 01d3 9B000000 		.4byte	0x9b
 238 01d7 10       		.byte	0x10
 239 01d8 0B       		.uleb128 0xb
 240 01d9 43435200 		.ascii	"CCR\000"
 241 01dd 5C01     		.2byte	0x15c
 242 01df 9B000000 		.4byte	0x9b
 243 01e3 14       		.byte	0x14
 244 01e4 02       		.uleb128 0x2
 245 01e5 7A000000 		.4byte	.LASF28
 246 01e9 5D01     		.2byte	0x15d
 247 01eb 8F000000 		.4byte	0x8f
 248 01ef 18       		.byte	0x18
 249 01f0 0B       		.uleb128 0xb
 250 01f1 53485000 		.ascii	"SHP\000"
 251 01f5 5E01     		.2byte	0x15e
 252 01f7 19020000 		.4byte	0x219
 253 01fb 1C       		.byte	0x1c
 254 01fc 02       		.uleb128 0x2
 255 01fd 19000000 		.4byte	.LASF29
 256 0201 5F01     		.2byte	0x15f
 257 0203 9B000000 		.4byte	0x9b
 258 0207 24       		.byte	0x24
 259 0208 00       		.byte	0
 260 0209 03       		.uleb128 0x3
 261 020a 9B000000 		.4byte	0x9b
 262 020e 19020000 		.4byte	0x219
 263 0212 04       		.uleb128 0x4
 264 0213 25000000 		.4byte	0x25
 265 0217 01       		.byte	0x1
 266 0218 00       		.byte	0
 267 0219 08       		.uleb128 0x8
 268 021a 09020000 		.4byte	0x209
 269 021e 0D       		.uleb128 0xd
 270 021f 1E010000 		.4byte	.LASF30
 271 0223 6001     		.2byte	0x160
 272 0225 03       		.byte	0x3
 273 0226 92010000 		.4byte	0x192
 274 022a 01       		.uleb128 0x1
 275 022b 01       		.byte	0x1
 276 022c 02       		.byte	0x2
 277 022d F3020000 		.4byte	.LASF31
 278 0231 06       		.uleb128 0x6
 279 0232 0A000000 		.4byte	.LASF32
 280 0236 AD       		.byte	0xad
 281 0237 45020000 		.4byte	0x245
 282 023b 09       		.uleb128 0x9
 283 023c 6E00     		.ascii	"n\000"
 284 023e AD       		.byte	0xad
 285 023f 1E       		.byte	0x1e
ARM GAS  /tmp/cc8rJ7G4.s 			page 6


 286 0240 8F000000 		.4byte	0x8f
 287 0244 00       		.byte	0
 288 0245 06       		.uleb128 0x6
 289 0246 F3000000 		.4byte	.LASF33
 290 024a A3       		.byte	0xa3
 291 024b 59020000 		.4byte	0x259
 292 024f 09       		.uleb128 0x9
 293 0250 6E00     		.ascii	"n\000"
 294 0252 A3       		.byte	0xa3
 295 0253 20       		.byte	0x20
 296 0254 8F000000 		.4byte	0x8f
 297 0258 00       		.byte	0
 298 0259 06       		.uleb128 0x6
 299 025a D6020000 		.4byte	.LASF34
 300 025e 92       		.byte	0x92
 301 025f 83020000 		.4byte	0x283
 302 0263 0C       		.uleb128 0xc
 303 0264 64010000 		.4byte	.LASF35
 304 0268 92       		.byte	0x92
 305 0269 2C       		.byte	0x2c
 306 026a 8F000000 		.4byte	0x8f
 307 026e 0C       		.uleb128 0xc
 308 026f 00000000 		.4byte	.LASF36
 309 0273 92       		.byte	0x92
 310 0274 3E       		.byte	0x3e
 311 0275 8F000000 		.4byte	0x8f
 312 0279 14       		.uleb128 0x14
 313 027a 98000000 		.4byte	.LASF42
 314 027e 93020000 		.4byte	0x293
 315 0282 00       		.byte	0
 316 0283 03       		.uleb128 0x3
 317 0284 AC000000 		.4byte	0xac
 318 0288 93020000 		.4byte	0x293
 319 028c 04       		.uleb128 0x4
 320 028d 25000000 		.4byte	0x25
 321 0291 1C       		.byte	0x1c
 322 0292 00       		.byte	0
 323 0293 0A       		.uleb128 0xa
 324 0294 83020000 		.4byte	0x283
 325 0298 06       		.uleb128 0x6
 326 0299 C4020000 		.4byte	.LASF37
 327 029d 7D       		.byte	0x7d
 328 029e AC020000 		.4byte	0x2ac
 329 02a2 09       		.uleb128 0x9
 330 02a3 6E00     		.ascii	"n\000"
 331 02a5 7D       		.byte	0x7d
 332 02a6 21       		.byte	0x21
 333 02a7 8F000000 		.4byte	0x8f
 334 02ab 00       		.byte	0
 335 02ac 06       		.uleb128 0x6
 336 02ad F9020000 		.4byte	.LASF38
 337 02b1 66       		.byte	0x66
 338 02b2 CB020000 		.4byte	0x2cb
 339 02b6 09       		.uleb128 0x9
 340 02b7 6E00     		.ascii	"n\000"
 341 02b9 66       		.byte	0x66
 342 02ba 20       		.byte	0x20
ARM GAS  /tmp/cc8rJ7G4.s 			page 7


 343 02bb 8F000000 		.4byte	0x8f
 344 02bf 0C       		.uleb128 0xc
 345 02c0 00000000 		.4byte	.LASF36
 346 02c4 66       		.byte	0x66
 347 02c5 2C       		.byte	0x2c
 348 02c6 8F000000 		.4byte	0x8f
 349 02ca 00       		.byte	0
 350 02cb 15       		.uleb128 0x15
 351 02cc EA000000 		.4byte	.LASF43
 352 02d0 04       		.byte	0x4
 353 02d1 4F       		.byte	0x4f
 354 02d2 06       		.byte	0x6
 355 02d3 0E       		.uleb128 0xe
 356 02d4 6E00     		.ascii	"n\000"
 357 02d6 52       		.byte	0x52
 358 02d7 0C       		.byte	0xc
 359 02d8 8F000000 		.4byte	0x8f
 360 02dc 16       		.uleb128 0x16
 361 02dd 0E       		.uleb128 0xe
 362 02de 6900     		.ascii	"i\000"
 363 02e0 57       		.byte	0x57
 364 02e1 11       		.byte	0x11
 365 02e2 8F000000 		.4byte	0x8f
 366 02e6 00       		.byte	0
 367 02e7 00       		.byte	0
 368 02e8 00       		.byte	0
 369              		.section	.gnu.debuglto_.debug_abbrev,"e",%progbits
 370              	.Ldebug_abbrev0:
 371 0000 01       		.uleb128 0x1
 372 0001 24       		.uleb128 0x24
 373 0002 00       		.byte	0
 374 0003 0B       		.uleb128 0xb
 375 0004 0B       		.uleb128 0xb
 376 0005 3E       		.uleb128 0x3e
 377 0006 0B       		.uleb128 0xb
 378 0007 03       		.uleb128 0x3
 379 0008 0E       		.uleb128 0xe
 380 0009 00       		.byte	0
 381 000a 00       		.byte	0
 382 000b 02       		.uleb128 0x2
 383 000c 0D       		.uleb128 0xd
 384 000d 00       		.byte	0
 385 000e 03       		.uleb128 0x3
 386 000f 0E       		.uleb128 0xe
 387 0010 3A       		.uleb128 0x3a
 388 0011 21       		.uleb128 0x21
 389 0012 03       		.sleb128 3
 390 0013 3B       		.uleb128 0x3b
 391 0014 05       		.uleb128 0x5
 392 0015 39       		.uleb128 0x39
 393 0016 21       		.uleb128 0x21
 394 0017 12       		.sleb128 18
 395 0018 49       		.uleb128 0x49
 396 0019 13       		.uleb128 0x13
 397 001a 38       		.uleb128 0x38
 398 001b 0B       		.uleb128 0xb
 399 001c 00       		.byte	0
ARM GAS  /tmp/cc8rJ7G4.s 			page 8


 400 001d 00       		.byte	0
 401 001e 03       		.uleb128 0x3
 402 001f 01       		.uleb128 0x1
 403 0020 01       		.byte	0x1
 404 0021 49       		.uleb128 0x49
 405 0022 13       		.uleb128 0x13
 406 0023 01       		.uleb128 0x1
 407 0024 13       		.uleb128 0x13
 408 0025 00       		.byte	0
 409 0026 00       		.byte	0
 410 0027 04       		.uleb128 0x4
 411 0028 21       		.uleb128 0x21
 412 0029 00       		.byte	0
 413 002a 49       		.uleb128 0x49
 414 002b 13       		.uleb128 0x13
 415 002c 2F       		.uleb128 0x2f
 416 002d 0B       		.uleb128 0xb
 417 002e 00       		.byte	0
 418 002f 00       		.byte	0
 419 0030 05       		.uleb128 0x5
 420 0031 0D       		.uleb128 0xd
 421 0032 00       		.byte	0
 422 0033 03       		.uleb128 0x3
 423 0034 0E       		.uleb128 0xe
 424 0035 3A       		.uleb128 0x3a
 425 0036 21       		.uleb128 0x21
 426 0037 03       		.sleb128 3
 427 0038 3B       		.uleb128 0x3b
 428 0039 05       		.uleb128 0x5
 429 003a 39       		.uleb128 0x39
 430 003b 21       		.uleb128 0x21
 431 003c 12       		.sleb128 18
 432 003d 49       		.uleb128 0x49
 433 003e 13       		.uleb128 0x13
 434 003f 38       		.uleb128 0x38
 435 0040 05       		.uleb128 0x5
 436 0041 00       		.byte	0
 437 0042 00       		.byte	0
 438 0043 06       		.uleb128 0x6
 439 0044 2E       		.uleb128 0x2e
 440 0045 01       		.byte	0x1
 441 0046 3F       		.uleb128 0x3f
 442 0047 19       		.uleb128 0x19
 443 0048 03       		.uleb128 0x3
 444 0049 0E       		.uleb128 0xe
 445 004a 3A       		.uleb128 0x3a
 446 004b 21       		.uleb128 0x21
 447 004c 04       		.sleb128 4
 448 004d 3B       		.uleb128 0x3b
 449 004e 0B       		.uleb128 0xb
 450 004f 39       		.uleb128 0x39
 451 0050 21       		.uleb128 0x21
 452 0051 06       		.sleb128 6
 453 0052 27       		.uleb128 0x27
 454 0053 19       		.uleb128 0x19
 455 0054 01       		.uleb128 0x1
 456 0055 13       		.uleb128 0x13
ARM GAS  /tmp/cc8rJ7G4.s 			page 9


 457 0056 00       		.byte	0
 458 0057 00       		.byte	0
 459 0058 07       		.uleb128 0x7
 460 0059 16       		.uleb128 0x16
 461 005a 00       		.byte	0
 462 005b 03       		.uleb128 0x3
 463 005c 0E       		.uleb128 0xe
 464 005d 3A       		.uleb128 0x3a
 465 005e 0B       		.uleb128 0xb
 466 005f 3B       		.uleb128 0x3b
 467 0060 0B       		.uleb128 0xb
 468 0061 39       		.uleb128 0x39
 469 0062 0B       		.uleb128 0xb
 470 0063 49       		.uleb128 0x49
 471 0064 13       		.uleb128 0x13
 472 0065 00       		.byte	0
 473 0066 00       		.byte	0
 474 0067 08       		.uleb128 0x8
 475 0068 35       		.uleb128 0x35
 476 0069 00       		.byte	0
 477 006a 49       		.uleb128 0x49
 478 006b 13       		.uleb128 0x13
 479 006c 00       		.byte	0
 480 006d 00       		.byte	0
 481 006e 09       		.uleb128 0x9
 482 006f 05       		.uleb128 0x5
 483 0070 00       		.byte	0
 484 0071 03       		.uleb128 0x3
 485 0072 08       		.uleb128 0x8
 486 0073 3A       		.uleb128 0x3a
 487 0074 21       		.uleb128 0x21
 488 0075 04       		.sleb128 4
 489 0076 3B       		.uleb128 0x3b
 490 0077 0B       		.uleb128 0xb
 491 0078 39       		.uleb128 0x39
 492 0079 0B       		.uleb128 0xb
 493 007a 49       		.uleb128 0x49
 494 007b 13       		.uleb128 0x13
 495 007c 00       		.byte	0
 496 007d 00       		.byte	0
 497 007e 0A       		.uleb128 0xa
 498 007f 26       		.uleb128 0x26
 499 0080 00       		.byte	0
 500 0081 49       		.uleb128 0x49
 501 0082 13       		.uleb128 0x13
 502 0083 00       		.byte	0
 503 0084 00       		.byte	0
 504 0085 0B       		.uleb128 0xb
 505 0086 0D       		.uleb128 0xd
 506 0087 00       		.byte	0
 507 0088 03       		.uleb128 0x3
 508 0089 08       		.uleb128 0x8
 509 008a 3A       		.uleb128 0x3a
 510 008b 21       		.uleb128 0x21
 511 008c 03       		.sleb128 3
 512 008d 3B       		.uleb128 0x3b
 513 008e 05       		.uleb128 0x5
ARM GAS  /tmp/cc8rJ7G4.s 			page 10


 514 008f 39       		.uleb128 0x39
 515 0090 21       		.uleb128 0x21
 516 0091 12       		.sleb128 18
 517 0092 49       		.uleb128 0x49
 518 0093 13       		.uleb128 0x13
 519 0094 38       		.uleb128 0x38
 520 0095 0B       		.uleb128 0xb
 521 0096 00       		.byte	0
 522 0097 00       		.byte	0
 523 0098 0C       		.uleb128 0xc
 524 0099 05       		.uleb128 0x5
 525 009a 00       		.byte	0
 526 009b 03       		.uleb128 0x3
 527 009c 0E       		.uleb128 0xe
 528 009d 3A       		.uleb128 0x3a
 529 009e 21       		.uleb128 0x21
 530 009f 04       		.sleb128 4
 531 00a0 3B       		.uleb128 0x3b
 532 00a1 0B       		.uleb128 0xb
 533 00a2 39       		.uleb128 0x39
 534 00a3 0B       		.uleb128 0xb
 535 00a4 49       		.uleb128 0x49
 536 00a5 13       		.uleb128 0x13
 537 00a6 00       		.byte	0
 538 00a7 00       		.byte	0
 539 00a8 0D       		.uleb128 0xd
 540 00a9 16       		.uleb128 0x16
 541 00aa 00       		.byte	0
 542 00ab 03       		.uleb128 0x3
 543 00ac 0E       		.uleb128 0xe
 544 00ad 3A       		.uleb128 0x3a
 545 00ae 21       		.uleb128 0x21
 546 00af 03       		.sleb128 3
 547 00b0 3B       		.uleb128 0x3b
 548 00b1 05       		.uleb128 0x5
 549 00b2 39       		.uleb128 0x39
 550 00b3 0B       		.uleb128 0xb
 551 00b4 49       		.uleb128 0x49
 552 00b5 13       		.uleb128 0x13
 553 00b6 00       		.byte	0
 554 00b7 00       		.byte	0
 555 00b8 0E       		.uleb128 0xe
 556 00b9 34       		.uleb128 0x34
 557 00ba 00       		.byte	0
 558 00bb 03       		.uleb128 0x3
 559 00bc 08       		.uleb128 0x8
 560 00bd 3A       		.uleb128 0x3a
 561 00be 21       		.uleb128 0x21
 562 00bf 04       		.sleb128 4
 563 00c0 3B       		.uleb128 0x3b
 564 00c1 0B       		.uleb128 0xb
 565 00c2 39       		.uleb128 0x39
 566 00c3 0B       		.uleb128 0xb
 567 00c4 49       		.uleb128 0x49
 568 00c5 13       		.uleb128 0x13
 569 00c6 00       		.byte	0
 570 00c7 00       		.byte	0
ARM GAS  /tmp/cc8rJ7G4.s 			page 11


 571 00c8 0F       		.uleb128 0xf
 572 00c9 11       		.uleb128 0x11
 573 00ca 01       		.byte	0x1
 574 00cb 25       		.uleb128 0x25
 575 00cc 0E       		.uleb128 0xe
 576 00cd 13       		.uleb128 0x13
 577 00ce 0B       		.uleb128 0xb
 578 00cf 03       		.uleb128 0x3
 579 00d0 0E       		.uleb128 0xe
 580 00d1 1B       		.uleb128 0x1b
 581 00d2 0E       		.uleb128 0xe
 582 00d3 10       		.uleb128 0x10
 583 00d4 17       		.uleb128 0x17
 584 00d5 00       		.byte	0
 585 00d6 00       		.byte	0
 586 00d7 10       		.uleb128 0x10
 587 00d8 24       		.uleb128 0x24
 588 00d9 00       		.byte	0
 589 00da 0B       		.uleb128 0xb
 590 00db 0B       		.uleb128 0xb
 591 00dc 3E       		.uleb128 0x3e
 592 00dd 0B       		.uleb128 0xb
 593 00de 03       		.uleb128 0x3
 594 00df 08       		.uleb128 0x8
 595 00e0 00       		.byte	0
 596 00e1 00       		.byte	0
 597 00e2 11       		.uleb128 0x11
 598 00e3 13       		.uleb128 0x13
 599 00e4 01       		.byte	0x1
 600 00e5 0B       		.uleb128 0xb
 601 00e6 05       		.uleb128 0x5
 602 00e7 3A       		.uleb128 0x3a
 603 00e8 0B       		.uleb128 0xb
 604 00e9 3B       		.uleb128 0x3b
 605 00ea 05       		.uleb128 0x5
 606 00eb 39       		.uleb128 0x39
 607 00ec 0B       		.uleb128 0xb
 608 00ed 01       		.uleb128 0x1
 609 00ee 13       		.uleb128 0x13
 610 00ef 00       		.byte	0
 611 00f0 00       		.byte	0
 612 00f1 12       		.uleb128 0x12
 613 00f2 0D       		.uleb128 0xd
 614 00f3 00       		.byte	0
 615 00f4 03       		.uleb128 0x3
 616 00f5 08       		.uleb128 0x8
 617 00f6 3A       		.uleb128 0x3a
 618 00f7 0B       		.uleb128 0xb
 619 00f8 3B       		.uleb128 0x3b
 620 00f9 05       		.uleb128 0x5
 621 00fa 39       		.uleb128 0x39
 622 00fb 0B       		.uleb128 0xb
 623 00fc 49       		.uleb128 0x49
 624 00fd 13       		.uleb128 0x13
 625 00fe 38       		.uleb128 0x38
 626 00ff 05       		.uleb128 0x5
 627 0100 00       		.byte	0
ARM GAS  /tmp/cc8rJ7G4.s 			page 12


 628 0101 00       		.byte	0
 629 0102 13       		.uleb128 0x13
 630 0103 13       		.uleb128 0x13
 631 0104 01       		.byte	0x1
 632 0105 0B       		.uleb128 0xb
 633 0106 0B       		.uleb128 0xb
 634 0107 3A       		.uleb128 0x3a
 635 0108 0B       		.uleb128 0xb
 636 0109 3B       		.uleb128 0x3b
 637 010a 05       		.uleb128 0x5
 638 010b 39       		.uleb128 0x39
 639 010c 0B       		.uleb128 0xb
 640 010d 01       		.uleb128 0x1
 641 010e 13       		.uleb128 0x13
 642 010f 00       		.byte	0
 643 0110 00       		.byte	0
 644 0111 14       		.uleb128 0x14
 645 0112 34       		.uleb128 0x34
 646 0113 00       		.byte	0
 647 0114 03       		.uleb128 0x3
 648 0115 0E       		.uleb128 0xe
 649 0116 49       		.uleb128 0x49
 650 0117 13       		.uleb128 0x13
 651 0118 34       		.uleb128 0x34
 652 0119 19       		.uleb128 0x19
 653 011a 00       		.byte	0
 654 011b 00       		.byte	0
 655 011c 15       		.uleb128 0x15
 656 011d 2E       		.uleb128 0x2e
 657 011e 01       		.byte	0x1
 658 011f 3F       		.uleb128 0x3f
 659 0120 19       		.uleb128 0x19
 660 0121 03       		.uleb128 0x3
 661 0122 0E       		.uleb128 0xe
 662 0123 3A       		.uleb128 0x3a
 663 0124 0B       		.uleb128 0xb
 664 0125 3B       		.uleb128 0x3b
 665 0126 0B       		.uleb128 0xb
 666 0127 39       		.uleb128 0x39
 667 0128 0B       		.uleb128 0xb
 668 0129 27       		.uleb128 0x27
 669 012a 19       		.uleb128 0x19
 670 012b 00       		.byte	0
 671 012c 00       		.byte	0
 672 012d 16       		.uleb128 0x16
 673 012e 0B       		.uleb128 0xb
 674 012f 01       		.byte	0x1
 675 0130 00       		.byte	0
 676 0131 00       		.byte	0
 677 0132 00       		.byte	0
 678              		.section	.gnu.debuglto_.debug_line,"e",%progbits
 679              	.Ldebug_line0:
 680 0000 51000000 		.4byte	.LELT0-.LSLT0
 681              	.LSLT0:
 682 0004 0500     		.2byte	0x5
 683 0006 04       		.byte	0x4
 684 0007 00       		.byte	0
ARM GAS  /tmp/cc8rJ7G4.s 			page 13


 685 0008 49000000 		.4byte	.LELTP0-.LASLTP0
 686              	.LASLTP0:
 687 000c 01       		.byte	0x1
 688 000d 01       		.byte	0x1
 689 000e 01       		.byte	0x1
 690 000f F6       		.byte	0xf6
 691 0010 F2       		.byte	0xf2
 692 0011 0D       		.byte	0xd
 693 0012 00       		.byte	0
 694 0013 01       		.byte	0x1
 695 0014 01       		.byte	0x1
 696 0015 01       		.byte	0x1
 697 0016 01       		.byte	0x1
 698 0017 00       		.byte	0
 699 0018 00       		.byte	0
 700 0019 00       		.byte	0
 701 001a 01       		.byte	0x1
 702 001b 00       		.byte	0
 703 001c 00       		.byte	0
 704 001d 01       		.byte	0x1
 705 001e 01       		.byte	0x1
 706 001f 01       		.uleb128 0x1
 707 0020 1F       		.uleb128 0x1f
 708 0021 05       		.uleb128 0x5
 709 0022 F0000000 		.4byte	.LASF44
 710 0026 B0000000 		.4byte	.LASF45
 711 002a A0010000 		.4byte	.LASF46
 712 002e 37010000 		.4byte	.LASF47
 713 0032 44000000 		.4byte	.LASF48
 714 0036 02       		.byte	0x2
 715 0037 01       		.uleb128 0x1
 716 0038 1F       		.uleb128 0x1f
 717 0039 02       		.uleb128 0x2
 718 003a 0B       		.uleb128 0xb
 719 003b 05       		.uleb128 0x5
 720 003c 00000000 		.4byte	.LASF49
 721 0040 00       		.byte	0
 722 0041 33000000 		.4byte	.LASF50
 723 0045 03       		.byte	0x3
 724 0046 E6000000 		.4byte	.LASF51
 725 004a 04       		.byte	0x4
 726 004b CC010000 		.4byte	.LASF52
 727 004f 01       		.byte	0x1
 728 0050 A9000000 		.4byte	.LASF53
 729 0054 02       		.byte	0x2
 730              	.LELTP0:
 731              	.LELT0:
 732              		.section	.gnu.debuglto_.debug_str,"eMS",%progbits,1
 733              	.LASF36:
 734 0000 7072696F 		.ascii	"prio\000"
 734      00
 735              	.LASF21:
 736 0005 49435052 		.ascii	"ICPR\000"
 736      00
 737              	.LASF32:
 738 000a 6E766963 		.ascii	"nvicSetPending\000"
 738      53657450 
ARM GAS  /tmp/cc8rJ7G4.s 			page 14


 738      656E6469 
 738      6E6700
 739              	.LASF29:
 740 0019 53484353 		.ascii	"SHCSR\000"
 740      5200
 741              	.LASF8:
 742 001f 5F5F696E 		.ascii	"__int32_t\000"
 742      7433325F 
 742      7400
 743              	.LASF41:
 744 0029 2F686F6D 		.ascii	"/home/kocur/wideband-2311-release/firmware/boards/f"
 744      652F6B6F 
 744      6375722F 
 744      77696465 
 744      62616E64 
 745 005c 305F6D6F 		.ascii	"0_module/bootloader\000"
 745      64756C65 
 745      2F626F6F 
 745      746C6F61 
 745      64657200 
 746              	.LASF16:
 747 0070 52455345 		.ascii	"RESERVED0\000"
 747      52564544 
 747      3000
 748              	.LASF28:
 749 007a 52455345 		.ascii	"RESERVED1\000"
 749      52564544 
 749      3100
 750              	.LASF22:
 751 0084 52455345 		.ascii	"RESERVED3\000"
 751      52564544 
 751      3300
 752              	.LASF23:
 753 008e 52455345 		.ascii	"RESERVED4\000"
 753      52564544 
 753      3400
 754              	.LASF42:
 755 0098 5F5F6675 		.ascii	"__func__\000"
 755      6E635F5F 
 755      00
 756              	.LASF3:
 757 00a1 7369676E 		.ascii	"signed char\000"
 757      65642063 
 757      68617200 
 758              	.LASF4:
 759 00ad 756E7369 		.ascii	"unsigned char\000"
 759      676E6564 
 759      20636861 
 759      7200
 760              	.LASF24:
 761 00bb 4E564943 		.ascii	"NVIC_Type\000"
 761      5F547970 
 761      6500
 762              	.LASF10:
 763 00c5 6C6F6E67 		.ascii	"long unsigned int\000"
 763      20756E73 
 763      69676E65 
ARM GAS  /tmp/cc8rJ7G4.s 			page 15


 763      6420696E 
 763      7400
 764              	.LASF6:
 765 00d7 73686F72 		.ascii	"short unsigned int\000"
 765      7420756E 
 765      7369676E 
 765      65642069 
 765      6E7400
 766              	.LASF43:
 767 00ea 6E766963 		.ascii	"nvicInit\000"
 767      496E6974 
 767      00
 768              	.LASF33:
 769 00f3 6E766963 		.ascii	"nvicClearPending\000"
 769      436C6561 
 769      7250656E 
 769      64696E67 
 769      00
 770              	.LASF20:
 771 0104 52455345 		.ascii	"RESERVED2\000"
 771      52564544 
 771      3200
 772              	.LASF9:
 773 010e 5F5F7569 		.ascii	"__uint32_t\000"
 773      6E743332 
 773      5F7400
 774              	.LASF17:
 775 0119 49434552 		.ascii	"ICER\000"
 775      00
 776              	.LASF30:
 777 011e 5343425F 		.ascii	"SCB_Type\000"
 777      54797065 
 777      00
 778              	.LASF0:
 779 0127 756E7369 		.ascii	"unsigned int\000"
 779      676E6564 
 779      20696E74 
 779      00
 780              	.LASF19:
 781 0134 49535052 		.ascii	"ISPR\000"
 781      00
 782              	.LASF11:
 783 0139 6C6F6E67 		.ascii	"long long unsigned int\000"
 783      206C6F6E 
 783      6720756E 
 783      7369676E 
 783      65642069 
 784              	.LASF26:
 785 0150 49435352 		.ascii	"ICSR\000"
 785      00
 786              	.LASF27:
 787 0155 41495243 		.ascii	"AIRCR\000"
 787      5200
 788              	.LASF18:
 789 015b 52534552 		.ascii	"RSERVED1\000"
 789      56454431 
 789      00
ARM GAS  /tmp/cc8rJ7G4.s 			page 16


 790              	.LASF35:
 791 0164 68616E64 		.ascii	"handler\000"
 791      6C657200 
 792              	.LASF1:
 793 016c 6C6F6E67 		.ascii	"long long int\000"
 793      206C6F6E 
 793      6720696E 
 793      7400
 794              	.LASF25:
 795 017a 43505549 		.ascii	"CPUID\000"
 795      4400
 796              	.LASF14:
 797 0180 63686172 		.ascii	"char\000"
 797      00
 798              	.LASF15:
 799 0185 49534552 		.ascii	"ISER\000"
 799      00
 800              	.LASF12:
 801 018a 696E7433 		.ascii	"int32_t\000"
 801      325F7400 
 802              	.LASF5:
 803 0192 73686F72 		.ascii	"short int\000"
 803      7420696E 
 803      7400
 804              	.LASF40:
 805 019c 2E2E2F2E 		.ascii	"../../../ChibiOS/os/hal/ports/common/ARMCMx/nvic.c\000"
 805      2E2F2E2E 
 805      2F436869 
 805      62694F53 
 805      2F6F732F 
 806              	.LASF39:
 807 01cf 474E5520 		.ascii	"GNU C17 11.3.1 20220712 -mcpu=cortex-m0 -mthumb -mf"
 807      43313720 
 807      31312E33 
 807      2E312032 
 807      30323230 
 808 0202 6C6F6174 		.ascii	"loat-abi=soft -march=armv6s-m -ggdb -Os -fomit-fram"
 808      2D616269 
 808      3D736F66 
 808      74202D6D 
 808      61726368 
 809 0235 652D706F 		.ascii	"e-pointer -falign-functions=16 -fsingle-precision-c"
 809      696E7465 
 809      72202D66 
 809      616C6967 
 809      6E2D6675 
 810 0268 6F6E7374 		.ascii	"onstant -ffunction-sections -fdata-sections -fno-co"
 810      616E7420 
 810      2D666675 
 810      6E637469 
 810      6F6E2D73 
 811 029b 6D6D6F6E 		.ascii	"mmon -flto\000"
 811      202D666C 
 811      746F00
 812              	.LASF13:
 813 02a6 75696E74 		.ascii	"uint32_t\000"
 813      33325F74 
ARM GAS  /tmp/cc8rJ7G4.s 			page 17


 813      00
 814              	.LASF7:
 815 02af 6C6F6E67 		.ascii	"long int\000"
 815      20696E74 
 815      00
 816              	.LASF2:
 817 02b8 6C6F6E67 		.ascii	"long double\000"
 817      20646F75 
 817      626C6500 
 818              	.LASF37:
 819 02c4 6E766963 		.ascii	"nvicDisableVector\000"
 819      44697361 
 819      626C6556 
 819      6563746F 
 819      7200
 820              	.LASF34:
 821 02d6 6E766963 		.ascii	"nvicSetSystemHandlerPriority\000"
 821      53657453 
 821      79737465 
 821      6D48616E 
 821      646C6572 
 822              	.LASF31:
 823 02f3 5F426F6F 		.ascii	"_Bool\000"
 823      6C00
 824              	.LASF38:
 825 02f9 6E766963 		.ascii	"nvicEnableVector\000"
 825      456E6162 
 825      6C655665 
 825      63746F72 
 825      00
 826              		.section	.gnu.debuglto_.debug_line_str,"eMS",%progbits,1
 827              	.LASF49:
 828 0000 2E2E2F2E 		.ascii	"../../../ChibiOS/os/hal/ports/common/ARMCMx/nvic.c\000"
 828      2E2F2E2E 
 828      2F436869 
 828      62694F53 
 828      2F6F732F 
 829              	.LASF50:
 830 0033 5F646566 		.ascii	"_default_types.h\000"
 830      61756C74 
 830      5F747970 
 830      65732E68 
 830      00
 831              	.LASF48:
 832 0044 2F686F6D 		.ascii	"/home/kocur/.rusefi-tools/arm-gnu-toolchain-11.3.re"
 832      652F6B6F 
 832      6375722F 
 832      2E727573 
 832      6566692D 
 833 0077 6C312D78 		.ascii	"l1-x86_64-arm-none-eabi/arm-none-eabi/include/sys\000"
 833      38365F36 
 833      342D6172 
 833      6D2D6E6F 
 833      6E652D65 
 834              	.LASF53:
 835 00a9 6E766963 		.ascii	"nvic.c\000"
 835      2E6300
ARM GAS  /tmp/cc8rJ7G4.s 			page 18


 836              	.LASF45:
 837 00b0 2E2E2F2E 		.ascii	"../../../ChibiOS/os/common/ext/ARM/CMSIS/Core/Inclu"
 837      2E2F2E2E 
 837      2F436869 
 837      62694F53 
 837      2F6F732F 
 838 00e3 646500   		.ascii	"de\000"
 839              	.LASF51:
 840 00e6 5F737464 		.ascii	"_stdint.h\000"
 840      696E742E 
 840      6800
 841              	.LASF44:
 842 00f0 2F686F6D 		.ascii	"/home/kocur/wideband-2311-release/firmware/boards/f"
 842      652F6B6F 
 842      6375722F 
 842      77696465 
 842      62616E64 
 843 0123 305F6D6F 		.ascii	"0_module/bootloader\000"
 843      64756C65 
 843      2F626F6F 
 843      746C6F61 
 843      64657200 
 844              	.LASF47:
 845 0137 2F686F6D 		.ascii	"/home/kocur/.rusefi-tools/arm-gnu-toolchain-11.3.re"
 845      652F6B6F 
 845      6375722F 
 845      2E727573 
 845      6566692D 
 846 016a 6C312D78 		.ascii	"l1-x86_64-arm-none-eabi/arm-none-eabi/include/machi"
 846      38365F36 
 846      342D6172 
 846      6D2D6E6F 
 846      6E652D65 
 847 019d 6E6500   		.ascii	"ne\000"
 848              	.LASF46:
 849 01a0 2E2E2F2E 		.ascii	"../../../ChibiOS/os/hal/ports/common/ARMCMx\000"
 849      2E2F2E2E 
 849      2F436869 
 849      62694F53 
 849      2F6F732F 
 850              	.LASF52:
 851 01cc 636F7265 		.ascii	"core_cm0.h\000"
 851      5F636D30 
 851      2E6800
 852              		.text
 853              		.section	.gnu.lto_.profile.c4358b05faae1957,"e",%progbits
 854 0000 789C6362 		.ascii	"x\234cb\000\001\000\000\022\000\003"
 854      00010000 
 854      120003
 855              		.text
 856              		.section	.gnu.lto_.icf.c4358b05faae1957,"e",%progbits
 857 0000 789C4B61 		.ascii	"x\234Ka@\0006\206\3717\366}edab`b\004a\306\236M\347"
 857      40003686 
 857      F937F67D 
 857      65646162 
 857      60620461 
 858 0018 0E3271C0 		.ascii	"\0162q\300\270p\274\345f\3734~\014a\346\275o\236\357"
ARM GAS  /tmp/cc8rJ7G4.s 			page 19


 858      B870BCE5 
 858      66FB347E 
 858      0C61E6BD 
 858      6F9EEF
 859 002b 62076966 		.ascii	"b\007if\002a\226\271{go\346\0051\031Y\337\375|\336\004"
 859      026196B9 
 859      7B676FE6 
 859      05311959 
 859      DFFD7CDE 
 860 0040 16656400 		.ascii	"\026ed\000\000\307n\022\351"
 860      00C76E12 
 860      E9
 861              		.text
 862              		.section	.gnu.lto_.ipa_sra.c4358b05faae1957,"e",%progbits
 863 0000 789C3360 		.ascii	"x\2343`@\0006\006\006FF&\030\217\221\211\021L1#DX \""
 863      40003606 
 863      06464626 
 863      188F9189 
 863      114C3123 
 864 0018 AC108A01 		.ascii	"\254\020\212\001\000\016\376\000S"
 864      000EFE00 
 864      53
 865              		.text
 866              		.section	.gnu.lto_.inline.c4358b05faae1957,"e",%progbits
 867 0000 789C9D4F 		.ascii	"x\234\235OA\016\202@\020\353tA7\206\223!\221\337q@\364"
 867      410E8240 
 867      10EB7441 
 867      37869321 
 867      91DF7140 
 868 0015 1B3EC127 		.ascii	"\033>\301'\370\004\237\300S\370\011tV\331H\242\034\234"
 868      F8049FC0 
 868      53F80974 
 868      56D948A2 
 868      1C9C
 869 0027 CB4EBB6D 		.ascii	"\313N\273m\323i\015yv\300~\322\204\336\300\350\033{"
 869      D3690D79 
 869      76C07ED2 
 869      84DEC0E8 
 869      1B7B
 870 0039 B1370DCF 		.ascii	"\2617\015\317\004]c8\011\216\274\032a\014\316\274\236"
 870      045D6338 
 870      098EBC1A 
 870      610CCEBC 
 870      9E
 871 004a B2725D58 		.ascii	"\262r]X\033\232\304]P\200\211\354\020\363Vy\034Q\013"
 871      1B9AC45D 
 871      508089EC 
 871      10F35679 
 871      1C510B
 872 005d 3D1567EF 		.ascii	"=\025g\357\270p\0201\360W\216+p\024\272\177\251\020"
 872      B8701031 
 872      F0578E2B 
 872      7014BA7F 
 872      A910
 873 006f 93636D75 		.ascii	"\223cmu\355\203\033\025\012\270m\320\321\271\302\362"
 873      ED831B15 
 873      0AB86DD0 
ARM GAS  /tmp/cc8rJ7G4.s 			page 20


 873      D1B9C2F2 
 874 007f FF99B364 		.ascii	"\377\231\263d\247\012\345\037\036\314\001\321Hf"
 874      A70AE51F 
 874      1ECC01D1 
 874      4866
 875              		.text
 876              		.section	.gnu.lto_.jmpfuncs.c4358b05faae1957,"e",%progbits
 877 0000 789C3360 		.ascii	"x\2343`@\0006 fdbdd\256g\002! \213\021H1#DX \"\254\020"
 877      40003620 
 877      66646264 
 877      64AE6702 
 877      21208B11 
 878 001d 8A010061 		.ascii	"\212\001\000aV\003\371"
 878      5603F9
 879              		.text
 880              		.section	.gnu.lto_.pureconst.c4358b05faae1957,"e",%progbits
 881 0000 789C1366 		.ascii	"x\234\023f```c\230\305\3028\213\205i\026\013\363,\026"
 881      60606063 
 881      98C5C238 
 881      8B856916 
 881      0BF32C16 
 882 0014 96592CAC 		.ascii	"\226Y,\254\263X\000%\275\003\335"
 882      B3580025 
 882      BD03DD
 883              		.text
 884              		.section	.gnu.lto_.ipa_modref.c4358b05faae1957,"e",%progbits
 885 0000 789C9BC1 		.ascii	"x\234\233\301\200\000l\014\014\012\002\002\020\202\221"
 885      80006C0C 
 885      0C0A0202 
 885      108291
 886 000f 89058859 		.ascii	"\211\005\210Y\031\031\030\030Q\371\250\222L\370$\231"
 886      19191818 
 886      51F9A892 
 886      4CF82499 
 887 001f A17C3664 		.ascii	"\241|6dI(\207\201\005\233]\254\330\004\031\000\202\002"
 887      49288781 
 887      059B5DAC 
 887      D8041900 
 887      8202
 888 0031 0442     		.ascii	"\004B"
 889              		.text
 890              		.section	.gnu.lto_.lto.c4358b05faae1957,"e",%progbits
 891 0000 0B000300 		.ascii	"\013\000\003\000\001\000\000\000"
 891      01000000 
 892              		.text
 893              		.section	.gnu.lto_nvicInit.186.c4358b05faae1957,"e",%progbits
 894 0000 789C6D52 		.ascii	"x\234mR\317k\023Q\020\236\357\355n\214X\252\340\017"
 894      CF6B1351 
 894      109EEFED 
 894      6E8C58AA 
 894      E00F
 895 0012 F41604BD 		.ascii	"\364\026\004\275H\363\254\241Ro\225\036<\025\301\376"
 895      48F3ACA1 
 895      526F951E 
 895      3C15C1FE 
 896 0022 01B249B6 		.ascii	"\001\262I\266t1\311\352\246\265\212\324\2744j!\0364"
 896      7431C9EA 
ARM GAS  /tmp/cc8rJ7G4.s 			page 21


 896      A6B58AD4 
 896      BC346A21 
 896      1E34
 897 0034 A5A70AAD 		.ascii	"\245\247\012\255\325\213\024\245\024/\332\332\272V["
 897      D58B14A5 
 897      142FDADA 
 897      BA565B
 898 0043 F5AA78AB 		.ascii	"\365\252x\253(=H\364bE1\202J\234\335\355\257\203\217"
 898      283D48F4 
 898      62453182 
 898      4A9CDDED 
 898      AF838F
 899 0056 DDF7E67D 		.ascii	"\335\367\346}3\363\3157\263\333 \210\206\210(\307/\""
 899      33F3CD37 
 899      B3DB2088 
 899      868828C7 
 899      2F22
 900 0068 84A14A59 		.ascii	"\204\241JY\220R\252m\213\300p\245\\\0379\2109\004w\015"
 900      9052AA6D 
 900      8BC070A5 
 900      5C1F3988 
 900      3904770D 
 901 007c C3536B3E 		.ascii	"\303Sk>]\224*\327E\350\211\351W+\215\301i\240X)\327"
 901      5D942AD7 
 901      45E889E9 
 901      572B8DC1 
 901      69A05829 
 902 0091 6EEDC74C 		.ascii	"n\355\307L\230\001*\010\215\321\202\320\011\236\016"
 902      98012A08 
 902      8DD182D0 
 902      099E0E
 903 00a0 041BADAE 		.ascii	"\004\033\255\256qMr\324\257\205O+\017\367\252{\036\276"
 903      714D72D4 
 903      AF854F2B 
 903      0FF7AA7B 
 903      1EBE
 904 00b2 1015D67C 		.ascii	"\020\025\326|\006\";\301\231\221\335\210\031\210^f\340"
 904      06223BC1 
 904      9991DD88 
 904      19885E66 
 904      E0
 905 00c3 90A7D4CA 		.ascii	"\220\247\324\312Di\260\361f1\332?\215\302c<\012\250"
 905      4469B0F1 
 905      6631DA3F 
 905      8DC2633C 
 905      0AA8
 906 00d5 14DE1ADB 		.ascii	"\024\336\032\333h\006~28\266\202\265\340\311\273\345"
 906      68067E32 
 906      38B682B5 
 906      E0C9BBE5 
 907 00e5 20787673 		.ascii	" xvs\360{\016\236\003=\001\333K\006\203\300,&\337\030"
 907      F07B0E9E 
 907      033D01DB 
 907      4B0683C0 
 907      2C26DF18 
 908 00f9 9EFA53BF 		.ascii	"\236\372S\277\241T}\337\203\245\257\321\010\210Q\242"
 908      A1547DDF 
ARM GAS  /tmp/cc8rJ7G4.s 			page 22


 908      83A5AFD1 
 908      088851A2 
 909 0109 518D8AAC 		.ascii	"Q\215\212\254Q@yDc\232\010/E\276\324\204Z~\267\010>"
 909      51407944 
 909      639A082F 
 909      45BED484 
 909      5A7EB708 
 910 011e 076E1FC3 		.ascii	"\007n\037\3034\"\375\010\301\017\001\250\356L\351<\235"
 910      3422FD08 
 910      C10F01A8 
 910      EE4CE93C 
 910      9D
 911 012f C0DDC954 		.ascii	"\300\335\311Tx\352\227\037\323\264u\006\315\017\376"
 911      78EA971F 
 911      D3B47506 
 911      CD0FFE
 912 013e B628E8B7 		.ascii	"\266(\350\267\230\377Q\335\303\255^\362\205\363\256"
 912      98FF51DD 
 912      C3AD5EF2 
 912      85F3AE
 913 014d E64BAAD1 		.ascii	"\346K\252\321\300}\177\206\325\206\213\363x\346;\216"
 913      C07D7F86 
 913      D5868BF3 
 913      78E63B8E 
 914 015d 8E2B15ED 		.ascii	"\216+\025\355{\216^\242V6\253\273\362/\340\371\244\\"
 914      7B8E5EA2 
 914      5636ABBB 
 914      F22FE0F9 
 914      A45C
 915 016f B9CE6B7B 		.ascii	"\271\316k{P\375\373&\302\377\022\274\304\271u\202W!"
 915      50FDFB26 
 915      C2FF12BC 
 915      C4B97582 
 915      5721
 916 0181 0116102A 		.ascii	"\001\026\020*\277v\300\327\033c\271\314\031\352\325"
 916      BF76C0D7 
 916      1B63B9CC 
 916      19EAD5
 917 0190 9942E9BE 		.ascii	"\231B\351\276^\260\253\315\237\212\026\366W\013\372"
 917      5EB0ABCD 
 917      9F8A16F6 
 917      570BFA
 918 019f FB29AE7C 		.ascii	"\373)\256|n\327V\333\243\301\300\022#\006^C\233\330"
 918      6ED756DB 
 918      A3C1C012 
 918      23065E43 
 918      9BD8
 919 01b1 CAF9C6C6 		.ascii	"\312\371\306\306\304\352b\340\343\337\305(\377\033\301"
 919      C4EA62E0 
 919      E3DFC528 
 919      FF1BC1
 920 01c0 171ED5B0 		.ascii	"\027\036\325\2601Z\242\023\262\333\311Z\362\214\223"
 920      315AA213 
 920      B2DBC95A 
 920      F28C93
 921 01cf EA75659F 		.ascii	"\352ue\237\235\266\222f.\335t$\321\334\334\344Z\031"
 921      9DB69266 
ARM GAS  /tmp/cc8rJ7G4.s 			page 23


 921      2EDD7424 
 921      D1DCDCE4 
 921      5A19
 922 01e1 CBCC5BB2 		.ascii	"\313\314[\262\313v\263}\246k\311\244c\272\351\274\354"
 922      CB76B37D 
 922      A66BC9A4 
 922      63BAE9BC 
 922      EC
 923 01f2 3A7C3AEB 		.ascii	":|:\353\244{3>\340\364d\0343m\271\224\210\307e\370\264"
 923      A47B333E 
 923      E0F4641C 
 923      336DB994 
 923      88C765F8 
 924 0207 77DB49FB 		.ascii	"w\333I\373d\247t\362\262\333\314\310\263\216\333\223"
 924      64A774F2 
 924      B2DBCCC8 
 924      B38EDB93 
 925 0217 9729279B 		.ascii	"\227)'\233ur\362\370\251\216\366\216\0132w\336N\305"
 925      7572F2F8 
 925      A98EF68E 
 925      0B3277DE 
 925      4EC5
 926 0229 5384DC8E 		.ascii	"S\204\334\216\320\212\233-f\242\2455\321J\260\377\001"
 926      D08A9B2D 
 926      66A2A535 
 926      D14AB0FF 
 926      01
 927 023a 9177F3F7 		.ascii	"\221w\363\367"
 928              		.text
 929              		.section	.gnu.lto_nvicEnableVector.187.c4358b05faae1957,"e",%progbits
 930 0000 789C7D52 		.ascii	"x\234}R\315KTQ\024?\347\236yof\034\277\240\202\331\025"
 930      CD4B5451 
 930      143FE79E 
 930      796F661C 
 930      BFA082D9 
 931 0015 48D042E7 		.ascii	"H\320B\347f\203\341\262p\341J\202\372\003\3429\363\304"
 931      6683E1B2 
 931      70E14A82 
 931      FA03E239 
 931      F3C4
 932 0027 873373ED 		.ascii	"\2073s\355\215f\013k\256\012\016\270\011\243@\002\015"
 932      8D660B6B 
 932      AE0A0EB8 
 932      09A34002 
 932      0D
 933 0038 57B90882 		.ascii	"W\271\010\202\240P1\234\014\351\003\"3\254EI\022(\326"
 933      A050319C 
 933      0CE90322 
 933      33AC4549 
 933      1228D6
 934 004b A2452005 		.ascii	"\242E \005Y\323y\357\215},\352\361~\227\363;_\277s\317"
 934      59D379EF 
 934      8D7D2CEA 
 934      F17E97F3 
 934      3B5FBF73 
 935 0060 7B3705C0 		.ascii	"{7\005\3005\000h` \001^\031\037\023\240\265>\021\026"
 935      35006860 
ARM GAS  /tmp/cc8rJ7G4.s 			page 24


 935      20015E19 
 935      1F13A0B5 
 935      3E1116
 936 0073 38343E16 		.ascii	"84>\026\305\373\3503\204\202\300\002N\223d\372uykc."
 936      C5FBE833 
 936      8482C002 
 936      4E9364FA 
 936      75796B63 
 937 0088 AE674AF8 		.ascii	"\256gJ\370\021\240\000\376c\240\271\017C|\036\300C\006"
 937      11A000FE 
 937      63A0B90F 
 937      437C1EC0 
 937      4306
 938 009a 462E4153 		.ascii	"F.ASI\353\225\307\263ZG\341\342<\026\346p\026\001\004"
 938      49EB95C7 
 938      B35A47E1 
 938      E23C16E6 
 938      70160104 
 939 00ae 6ABC6770 		.ascii	"j\274gp|\034\203\204\267A\302\302\237\011\213\006@,"
 939      7C1C8384 
 939      B741C2C2 
 939      9F098B06 
 939      402C
 940 00c0 68CC1EB8 		.ascii	"h\314\036\270\275j\224\364n\371\262\326k[\370\251a?"
 940      BD6A94F4 
 940      6EF9B2D6 
 940      6B5BF8A9 
 940      613F
 941 00d2 82108241 		.ascii	"\202\020\202A\214\020\303\000A&#\314v\204\021eT1b\214"
 941      8C10C300 
 941      412623CC 
 941      76841165 
 941      5431628C 
 942 00e6 6A460DC7 		.ascii	"jF\015\307j\021\347\261\036q\201\033N\221wA\035B]\002"
 942      6A11E7B1 
 942      1E71811B 
 942      4E917741 
 942      1D425D02 
 943 00fa B8412220 		.ascii	"\270A\" CL\276\010\375\376\356#\204ob\344\307\350\232"
 943      434CBE08 
 943      FDFEEE23 
 943      846F62E4 
 943      C7E89A
 944 010d 4148B5E6 		.ascii	"AH\265\346\021\024\314\227V?4\222\340\333\015 \370\247"
 944      1114CC97 
 944      563F3492 
 944      E0DB0D20 
 944      F8A7
 945 011f 5E1AD1B5 		.ascii	"^\032\321\265\006\336\362\2663s\270\377\001\226\274"
 945      06DEF2B6 
 945      3373B8FF 
 945      0196BC
 946 012e C0F169AD 		.ascii	"\300\361i\255#\371%<\007\320\312\346v\243z\210\203\336"
 946      23F9253C 
 946      07D0CAE6 
 946      76A37A88 
 946      83DE
ARM GAS  /tmp/cc8rJ7G4.s 			page 25


 947 0140 76B8E344 		.ascii	"v\270\343Dq=N\344w$\217\337\031E\012\0211\215xtwt9N"
 947      713D4EE4 
 947      77248FDF 
 947      19450A11 
 947      318D7874 
 948 0158 86F906B0 		.ascii	"\206\371\006\260\314~\366\014_/.\207\311$#(\3361)L\336"
 948      CC7EF60C 
 948      5F2F2E87 
 948      C9242328 
 948      DE31294C 
 949 016d 45FDDC77 		.ascii	"E\375\334w\223\203\024\241z/\275\342\371nR\224]^\345"
 949      938314A1 
 949      7A2FBDE2 
 949      F96E5294 
 949      5D5EE5
 950 0180 C8D5E2EB 		.ascii	"\310\325\342\353\311W&UqE\324\033\376\363\330:Uf\335"
 950      C9572655 
 950      7145D41B 
 950      FEF3D83A 
 950      5566DD
 951 0193 A6BF677D 		.ascii	"\246\277g}\2627\353L\235z\352\317JU\376\036\026\203"
 951      B237EB4C 
 951      9D7AEACF 
 951      4A55FE1E 
 951      1683
 952 01a5 3D4C1437 		.ascii	"=L\0247C\024\363\247>X\331\213\240j\346\254l\004\312"
 952      4314F3A7 
 952      3E58D98B 
 952      A06AE6AC 
 952      6C04CA
 953 01b8 3B44351E 		.ascii	";D5\036E\212\005b\317\376!\226}\216=\225\305\324\251"
 953      458A0562 
 953      CFFE2196 
 953      7D8E3D95 
 953      C5D4A9
 954 01cb 15ECF2C4 		.ascii	"\025\354\362\304j|\261\027\276\330\377JW\321\371U\372"
 954      6A7CB117 
 954      BED8FF4A 
 954      57D1F955 
 954      FA
 955 01dc 72AFB42C 		.ascii	"r\257\264,\2067\326\333\375\337o\212\360\367G\005h\227"
 955      8637D6DB 
 955      FDDF6F8A 
 955      F0F74705 
 955      6897
 956 01ee DD2A6BCB 		.ascii	"\335*k\313\036\225\352w\345\200\223\266;\255\\\272\351"
 956      1E95EA77 
 956      E58093B6 
 956      3BAD5CBA 
 956      E9
 957 01ff 58B2B9B9 		.ascii	"X\262\271\271\311\2653\266\225\267e\227\343f\007,\327"
 957      C9B533B6 
 957      95B76597 
 957      E366072C 
 957      D7
 958 0210 969DCA72 		.ascii	"\226\235\312r\323y\331u\364lV\245\3733\236C\365e\224"
 958      D379D975 
ARM GAS  /tmp/cc8rJ7G4.s 			page 26


 958      F46C56A5 
 958      FB339E43 
 958      F56594
 959 0223 95B65D48 		.ascii	"\225\266]H&\0222x\333\272\235N\347\324\031\251\362\262"
 959      26123278 
 959      DBBA9D4E 
 959      E7D419A9 
 959      F2B2
 960 0235 DBCAC85E 		.ascii	"\333\312\310^\345\366\345eJe\263*'O\236\356h\353\270"
 960      E5F6E565 
 960      4A65B32A 
 960      274F9EEE 
 960      68EBB8
 961 0248 2073E79D 		.ascii	" s\347\235T\"\005\230\253\017\254\204\325b%[Z\223\255"
 961      54220598 
 961      AB0FAC84 
 961      D562255B 
 961      5A93AD
 962 025b 10EA751D 		.ascii	"\020\352u\035\365\023\331\334\375\314"
 962      F513D9DC 
 962      FDCC
 963              		.text
 964              		.section	.gnu.lto_nvicDisableVector.188.c4358b05faae1957,"e",%progbits
 965 0000 789C7552 		.ascii	"x\234uRAk\023A\024~o^v\263i\300\026D\350MA\005\017M"
 965      416B1341 
 965      147E6F5E 
 965      76B369C0 
 965      1644E84D 
 966 0018 C61A2A39 		.ascii	"\306\032*9*E\004\241\010\372\003d\223l\311\222lF7M#"
 966      2A4504A1 
 966      08FA0364 
 966      936CC992 
 966      6C46374D 
 967 002d 8266DA42 		.ascii	"\202f\332B\012\271h\004Az\250\324S\005A\020\204Z\017"
 967      0AB96804 
 967      417AA8D4 
 967      53054110 
 967      845A0F
 968 0040 C6489516 		.ascii	"\306H\225\026\212\241\320\223\010\"V\212\340E\020\013"
 968      8AA1D093 
 968      0822568A 
 968      E045100B 
 969 0050 B6C6995D 		.ascii	"\266\306\231]\254\025t\3317;\337[\276\357\275o\336\234"
 969      AC1574D9 
 969      373BDF5B 
 969      BEEFBD6F 
 969      DE9C
 970 0062 6100B700 		.ascii	"a\000\267\000\340\260\012$\300\333\315\006\003)\345"
 970      E0B00A24 
 970      C0DBCD06 
 970      0329E5
 971 0071 A928C389 		.ascii	"\251(\303\211f#\206\3170@\0105\2065\234#\256\340\326"
 971      662386CF 
 971      30400835 
 971      86359C23 
 971      AEE0D6
 972 0084 D2A7CEF3 		.ascii	"\322\247\316\363~9\337\302\317\0005\010\036\003\315"
ARM GAS  /tmp/cc8rJ7G4.s 			page 27


 972      7E39DFC2 
 972      CF003508 
 972      1E03CD
 973 0093 FD1851EB 		.ascii	"\375\030Q\353\001<d\240u\003\022-);\313\013R\306\340"
 973      013C64A0 
 973      7503122D 
 973      293BCB0B 
 973      52C6E0
 974 00a6 FA22D69E 		.ascii	"\372\"\326\236\342\002\0020\224x\337\000\210\207<\225"
 974      E2020230 
 974      9478DF00 
 974      88873C95 
 975 00b6 81476B46 		.ascii	"\201GkFKnwoJ\271\361\021g\216\366!0\306T\0200\212\250"
 975      4B6E776F 
 975      4AB9F111 
 975      678EF621 
 975      30C65410 
 976 00cd AFA1C254 		.ascii	"\257\241\302T\021Ua\251\\LE\217\332\307\021\027\025"
 976      115561A9 
 976      5C4C458F 
 976      DAC71117 
 976      15
 977 00de 7F9674BB 		.ascii	"\177\226t\2732\202\262\005p\217X\010&\024\370\316\344"
 977      3282B205 
 977      708F5808 
 977      2614F8CE 
 977      E4
 978 00ef 87EE6B84 		.ascii	"\207\356k\204\037l\352\356\364F\204\220\342\3461<\250"
 978      1F6CEAEE 
 978      F4468490 
 978      E2E6313C 
 978      A8
 979 0100 F1CFFA3A 		.ascii	"\361\317\372:#\246\360[@C'\266\353\337\210HC$\315h\177"
 979      23A6F05B 
 979      404327B6 
 979      EBDF8848 
 979      4324CD68 
 980 0115 6DAC9232 		.ascii	"m\254\2222SE\010V\331\236\222\373\014|\250\017c\223"
 980      53450856 
 980      D99E92FB 
 980      0C7CA80F 
 980      6393
 981 0127 2A2FB0A5 		.ascii	"*/\260\245\177\234\234\223\322*\267\361\012@Zm7{\305"
 981      7F9C9C93 
 981      D22AB7F1 
 981      0A405A6D 
 981      377BC5
 982 013a 4BBCA62C 		.ascii	"K\274\246,\021\005\305\233+{\244\376I]Bo\227\372j/\365"
 982      1105C59B 
 982      2B7BA4FE 
 982      495D426F 
 982      97FA6A2F 
 983 014f 4E40557D 		.ascii	"N@U}\256\032\024\011\372fZj\355\301\000\031\277\265"
 983      AE1A1409 
 983      FA665A6A 
 983      EDC10019 
 983      BFB5
ARM GAS  /tmp/cc8rJ7G4.s 			page 28


 984 0161 8EFCA555 		.ascii	"\216\374\245UXF7\324\232\037\020+8\256g\0228_\357'3"
 984      584637D4 
 984      9A1F102B 
 984      38AE6712 
 984      385FEF27 
 985 0176 50208D1F 		.ascii	"P \215\037\327\221\242d*h\205\276w\242di\337]\225W\231"
 985      D791A264 
 985      2A6885BE 
 985      77A26469 
 985      DF5D9557 
 986 018b C999E91D 		.ascii	"\311\231\351\035\223bd\205\344/&\365\220\241\316<\360"
 986      93626485 
 986      E42F26F5 
 986      90A1CE3C 
 986      F0
 987 019c F1EE3F3E 		.ascii	"\361\356?>\012ovk\367\212NP[\215\250\313&\337?9\027"
 987      0A6F766B 
 987      F78A4E50 
 987      5B8DA8CB 
 987      26DF3F39 
 988 01b1 5C8E59C2 		.ascii	"\\\216Y\302?C\0028\313\363\302sxAd+>\257\2729'c\227"
 988      3F430238 
 988      CBF3C273 
 988      7841642B 
 988      3EAFBA39 
 989 01c8 728913A9 		.ascii	"r\211\023\251\301\301\204\357\024\035\273\354\360Q\327"
 989      C1C184EF 
 989      141DBBEC 
 989      F051D7
 990 01d7 F7AAB6EF 		.ascii	"\367\252\266\357\360\214\260\375\\\231\217\036\277\344"
 990      F08CB0FD 
 990      5C998F1E 
 990      BFE4
 991 01e5 895CA5A8 		.ascii	"\211\\\245\250\023b\254(\354\234\343C*\231\344\341;"
 991      1362AC28 
 991      EC9CE343 
 991      2A99E4E1 
 991      3B
 992 01f6 9C7733EE 		.ascii	"\234w3\356\371\213\\\224y\336.\362\313\302\037+\363"
 992      F98B5C94 
 992      79DE2EF2 
 992      CBC21F2B 
 992      F3
 993 0207 ACF03C51 		.ascii	"\254\360<Q\342\247/\214\014\217\\\345\245q7\233\314"
 993      E2A72F8C 
 993      0C8F5CE5 
 993      A571379B 
 993      CC
 994 0218 0296FAC2 		.ascii	"\002\226\372\302]\322\036\262SC\351T\032~\001pe\340"
 994      5DD21EB2 
 994      5343E954 
 994      1A7E0170 
 994      65E0
 995 022a 39       		.ascii	"9"
 996              		.text
 997              		.section	.gnu.lto_nvicSetSystemHandlerPriority.189.c4358b05faae1957,"e",%progbits
 998 0000 789C5592 		.ascii	"x\234U\222\337K\024Q\024\307\317\271g~\354\272\332\026"
ARM GAS  /tmp/cc8rJ7G4.s 			page 29


 998      DF4B1451 
 998      14C7CFB9 
 998      677EECBA 
 998      DA16
 999 0012 116C3D45 		.ascii	"\021l=E\275\364\220{\263\325\360\261\360!\010$\250?"
 999      BDF4907B 
 999      B3D5F0B1 
 999      F0210824 
 999      A83F
 1000 0024 20C6DD91 		.ascii	" \306\335\221]\332\365\352\254\246/\265W\005\205}\011"
 1000      5DDAF5EA 
 1000      ACA62FB5 
 1000      5705857D 
 1000      09
 1001 0035 23280CB6 		.ascii	"#(\014\266|\333~@\320\223\211\301bI\320/B\220\350\007"
 1001      7CDB7E40 
 1001      D09389C1 
 1001      6249D02F 
 1001      4290E807 
 1002 0049 11863DF4 		.ascii	"\021\206=\364\320C \031\211\323\231\031\263\032\346"
 1002      D0432019 
 1002      89D39919 
 1002      B31AE6
 1003 0058 7BE67EBE 		.ascii	"{\346~\276s\356=g\016#\005\300\015\0008\310B\002\274"
 1003      73EE3D67 
 1003      0E2305C0 
 1003      0D0038C8 
 1003      4202BC
 1004 006b 325515A0 		.ascii	"2U\025\240\265>n\013\034\235\252\306\361\021\206\204"
 1004      B53E6E0B 
 1004      1C9DAAC6 
 1004      F1118684 
 1005 007b 501158C1 		.ascii	"P\021X\301\031\222\214\353\213_n-\247t\275\201_\001"
 1005      19928CEB 
 1005      8B5F6E2D 
 1005      A774BD81 
 1005      5F01
 1006 008d 2A105E26 		.ascii	"*\020^&Z\273\321\340\270\007\367\233\030\273\004\255"
 1006      5ABBD1E0 
 1006      B807F79B 
 1006      18BB04AD 
 1007 009d 0DAD5F7F 		.ascii	"\015\255_\177\230\325:\016\027\347\260\362\020g\021"
 1007      98D53A0E 
 1007      17E7B0F2 
 1007      106711
 1008 00ac 40E0047E 		.ascii	"@\340\004~\346\254\3305\214\0226\243\204\371\177\023"
 1008      E6ACD835 
 1008      8C1236A3 
 1008      84F97F13 
 1009 00bc BE190089 		.ascii	"\276\031\000\211\350`v\340\376\222\331\320\033\376e"
 1009      E86076E0 
 1009      FE92D9D0 
 1009      1BFE65
 1010 00cb AD5753AF 		.ascii	"\255WS\257\336\030\273\020\204\020,b\031,\223e\261l"
 1010      DE18BB10 
 1010      84102C62 
 1010      192C9365 
ARM GAS  /tmp/cc8rJ7G4.s 			page 30


 1010      B16C
 1011 00dd 101463C5 		.ascii	"\020\024c\305y\335\304J\260\232Y-\210s\230D\234\347"
 1011      79DDC44A 
 1011      B09A592D 
 1011      88739844 
 1011      9CE7
 1012 00ef C36A147C 		.ascii	"\303j\024|\2346P7\000n\222\210`\224\341\207\320+o\237"
 1012      9C365037 
 1012      006E9288 
 1012      6094E187 
 1012      D02B6F9F 
 1013 0103 61F03CB0 		.ascii	"a\360<\260\035V>6\301/1~}\362\245EH-\326!L\006\\\233"
 1013      1D563E36 
 1013      C12F317E 
 1013      7DF2A545 
 1013      482DD621 
 1014 011b 4012848C 		.ascii	"@\022\204\214\353\276\357\207\326&[D\202-\301\270\260"
 1014      EBBEEF87 
 1014      D6265B44 
 1014      822DC1B8 
 1014      B0
 1015 012c 74BB9D82 		.ascii	"t\273\235\202a\014#\204Q\277\033\327;L\274\027\014\263"
 1015      610C2384 
 1015      51BF1BD7 
 1015      3B4CBC17 
 1015      0CB3
 1016 013e 7E78E831 		.ascii	"~x\3501.\004/\216\315h\035+?\301\001\200N^\326\333\325"
 1016      2E042F8E 
 1016      CD681D2B 
 1016      3FC10180 
 1016      4E5ED6DB 
 1017 0153 228E04C3 		.ascii	"\"\216\004\303\214j\356#3\254I\001?\340\002\026\231"
 1017      8C6AEE23 
 1017      33AC4901 
 1017      3FE00216 
 1017      99
 1018 0164 8CB10037 		.ascii	"\214\261\0007&\326\366\222m\275\007\364\331gglzr-E1"
 1018      26D6F692 
 1018      6DBD07F4 
 1018      D967676C 
 1018      7A722D45 
 1019 0179 B2A3CDAB 		.ascii	"\262\243\315\253)\212\223A[\271O\357N#5Q2\310\267\266"
 1019      298A9341 
 1019      5BB94FEF 
 1019      4E233551 
 1019      32C8B7B6 
 1020 018d B6DB9460 		.ascii	"\266\333\224`+\244\253\223\376\235\232M\315\274%\021"
 1020      2BA4AB93 
 1020      FE9D9A4D 
 1020      CDBC2511 
 1021 019d 74FFBDBA 		.ascii	"t\377\275\272l\374i\226\376o\366\371v\263I\365\"l\226"
 1021      6CFC6996 
 1021      FE6FF6F9 
 1021      76B349F5 
 1021      226C96
 1022 01b0 9AC11763 		.ascii	"\232\301\027c\237~\236\012\177\203\032\341\337\001\003"
 1022      9F7E9E0A 
ARM GAS  /tmp/cc8rJ7G4.s 			page 31


 1022      7F831AE1 
 1022      DF0103
 1023 01bf 9C947955 		.ascii	"\234\224yUr\345y\225\035\362\344p!\347\3668}\271\326"
 1023      72E57995 
 1023      1DF2E470 
 1023      21E7F638 
 1023      7DB9D6
 1024 01d2 A399B6B6 		.ascii	"\243\231\266\266V\317-\272N\331\225\275\005\2574\354"
 1024      56CF2DBA 
 1024      4ED995BD 
 1024      05AF34EC 
 1025 01e2 78AEEC51 		.ascii	"x\256\354Q\216\227+\313\336#\347J*7T\014\0145XTN\316"
 1025      8E972BCB 
 1025      DE23E74A 
 1025      2A37540C 
 1025      0C355854 
 1026 01f8 F520934E 		.ascii	"\365 \223N\313\350\356\312\027z\012\247\317JU\226y\247"
 1026      CBE8EECA 
 1026      177A0AA7 
 1026      CF4A5596 
 1026      79A7
 1027 020a 28FB9537 		.ascii	"(\373\2257X\226YU*\251>y\342LwW\367\210\354\273P\310"
 1027      58965955 
 1027      2AA93E79 
 1027      E24C7757 
 1027      F788ECBB 
 1028 0220 A6B360E7 		.ascii	"\246\263`\347\271V\321\365vF\234v:\234LGg\246\023\214"
 1028      B956D1F5 
 1028      76469C76 
 1028      3A9C4C47 
 1028      67A6138C 
 1029 0234 7EAFA07E 		.ascii	"~\257\240~\003\266A\330\203"
 1029      03B641D8 
 1029      83
 1030              		.text
 1031              		.section	.gnu.lto_nvicClearPending.190.c4358b05faae1957,"e",%progbits
 1032 0000 789C4550 		.ascii	"x\234EP\277k\024A\024~\337\314n\274 \250 \202\235\201"
 1032      BF6B1441 
 1032      147EDFCC 
 1032      6EBC20A8 
 1032      20829D81 
 1033 0014 20587837 		.ascii	" Xx7\306%reB\012\013\011\202\376\001\262w\273\341\026"
 1033      C6257265 
 1033      420A0B09 
 1033      82FE01B2 
 1033      77BBE116 
 1034 0028 6F6F7437 		.ascii	"oot7\347\245\321{I \201k4V\0011!\235\205\240e\214\205"
 1034      E7A5D17B 
 1034      4920816B 
 1034      34560131 
 1034      219D85A0 
 1035 003f EB414010 		.ascii	"\353A@\020T\204\024\202\202\210J\260\264Q0$\276\335"
 1035      54841482 
 1035      82884AB0 
 1035      B4513024 
 1035      BEDD
 1036 0051 2B32CC7B 		.ascii	"+2\314{\363}\357\233\037\337\033\017D\017\210hT\002"
ARM GAS  /tmp/cc8rJ7G4.s 			page 32


 1036      F37DEF9B 
 1036      1FDF1B0F 
 1036      440F8868 
 1036      5402
 1037 0063 9AF070A5 		.ascii	"\232\360p\245\247\210\231'\216(\314\257\364\206\361"
 1037      A7889927 
 1037      8E28CCAF 
 1037      F486F1
 1038 0072 12050375 		.ascii	"\022\005\003u\025\272\330\320F\350\337\355\237\317?"
 1038      15BAD8D0 
 1038      46E8DFED 
 1038      9FCF3F
 1039 0081 9DE62719 		.ascii	"\235\346'\031~\021u\251\030.\206N\302\221|\012#.J\367"
 1039      7E1175A9 
 1039      182E864E 
 1039      C2917C0A 
 1039      232E4AF7 
 1040 0095 A89C317F 		.ascii	"\250\2341\177x\263\311<Lw\267\320}\201MyJ\201\361\336"
 1040      78B3C93C 
 1040      4C77B7D0 
 1040      7D814D79 
 1040      4A81F1DE 
 1041 00a9 213A3A38 		.ascii	"!::8'\025z\366\321\315x\357\340>\363\227\357xw\266\004"
 1041      27157AF6 
 1041      D1CD78EF 
 1041      E03EF397 
 1041      EF7877B6 
 1042 00be 524A91D2 		.ascii	"RJ\221\322ZVG\302\005\266d\337\232\316m\261\003\316"
 1042      5A5647C2 
 1042      05B664DF 
 1042      9ACE6DB1 
 1042      03CE
 1043 00d0 88D6B51A 		.ascii	"\210\326\265\032\220y!\177\024\177{\364\026\364O-\256"
 1043      9079217F 
 1043      147F7BF4 
 1043      16F44F2D 
 1043      AE
 1044 00e1 2EEF381A 		.ascii	".\3578\032\332\035:\20739\337[\372\241\265\302y]\250"
 1044      DA1D3A87 
 1044      3339DF5B 
 1044      FAA1B5C2 
 1044      795DA8
 1045 00f4 FB4B3B72 		.ascii	"\373K;r\255\250\237\011\256\024\026\366\227Ev\264\022"
 1045      ADA89F09 
 1045      AE1416F6 
 1045      974576B4 
 1045      12
 1046 0105 DCFFDDDB 		.ascii	"\334\377\335\333\326\342\276\003*2\367\027\371\230\213"
 1046      D6E2BE03 
 1046      2A32F717 
 1046      F9988B
 1047 0114 A779F7BB 		.ascii	"\247y\367\273\272\235\341U.\\\332`.\245\257q\233\250"
 1047      BA9DE155 
 1047      2E5CDA60 
 1047      2EA5AF71 
 1047      9BA8
 1048 0126 2A70F7B8 		.ascii	"*p\367\270\355cNz\320\016\035\250\205\257\217\257\024"
ARM GAS  /tmp/cc8rJ7G4.s 			page 33


 1048      ED634E7A 
 1048      D00E1DA8 
 1048      85AF8FAF 
 1048      14
 1049 0137 5FB1A671 		.ascii	"_\261\246qh\225\350\262i\330847m\275\235\230N\024\204"
 1049      6895E8B2 
 1049      69D83834 
 1049      376DBD9D 
 1049      984E1484 
 1050 014b 35BF1594 		.ascii	"5\277\025\224/zcc\345$l\206~\032\232\231(\211;~\022"
 1050      2F7A6363 
 1050      E5246C86 
 1050      7E1A9A99 
 1050      28893B7E 
 1051 0160 9A9AF593 		.ascii	"\232\232\365\223 53\027n\3046h7\363\202\235mZ?\010\023"
 1051      20353317 
 1051      6EC43668 
 1051      37F3829D 
 1051      6D5A3F08 
 1052 0175 F22A1533 		.ascii	"\362*\0253\230S\215\250\026]\275nlj\032~\323\334\262"
 1052      98538DA8 
 1052      165DBD6E 
 1052      6C6A1A7E 
 1052      D3DCB2
 1053 0188 C96C6AEA 		.ascii	"\311lj\3526\216m\313L^\233\236\232\2363\255;Q\275R'"
 1053      368E6DCB 
 1053      4C5E9B9E 
 1053      9A9E33AD 
 1053      3B51BD52 
 1054 019d B44E0C50 		.ascii	"\264N\014P\305\037\367\275\361\252W\245\377\242\251"
 1054      C51FF7BD 
 1054      F1AA57A5 
 1054      FFA2A9
 1055 01ac 9021     		.ascii	"\220!"
 1056              		.text
 1057              		.section	.gnu.lto_nvicSetPending.191.c4358b05faae1957,"e",%progbits
 1058 0000 789C4550 		.ascii	"x\234EP\277k\024A\024~\337\314n\274 \250 \202]\004\021"
 1058      BF6B1441 
 1058      147EDFCC 
 1058      6EBC20A8 
 1058      20825D04 
 1059 0015 2CBC1BE3 		.ascii	",\274\033\343\022\2712!E\012\011\202\376\001\262w\273"
 1059      12B93221 
 1059      450A0982 
 1059      FE01B277 
 1059      BB
 1060 0026 E1166F6F 		.ascii	"\341\026oot7\347\245\321{I \201k\222XYE\322Y\010\266"
 1060      7437E7A5 
 1060      D17B4920 
 1060      816B9258 
 1060      5945D259 
 1061 003c 3101B31E 		.ascii	"1\001\263\036\244\022!\012\251\264\020Q9,m\024\014\211"
 1061      A412210A 
 1061      A9B41051 
 1061      392C6D14 
 1061      0C89
 1062 004e 6FF70A87 		.ascii	"o\367\012\207yo\276\357}\363\343{\343\201h\235\210."
ARM GAS  /tmp/cc8rJ7G4.s 			page 34


 1062      796FBEEF 
 1062      7DF3E37B 
 1062      E381689D 
 1062      882E
 1063 0060 4B40139E 		.ascii	"K@\023\236n\364\0241\363\344)\205\305\215\336(vQ0PW"
 1063      6EF41431 
 1063      F3E42985 
 1063      C58DDE28 
 1063      76513050 
 1064 0075 A18B2D6D 		.ascii	"\241\213-m\204\376\331\377q\360\351\"\277\310\360\223"
 1064      84FED9FF 
 1064      71F0E922 
 1064      BFC8F093 
 1065 0085 A84BC570 		.ascii	"\250K\305p1r\036\216\344\013\270\344\242\364\204\312"
 1065      31721E8E 
 1065      E40BB8E4 
 1065      A2F484CA 
 1066 0095 19F3C19B 		.ascii	"\031\363\301\233m\346Qz\274\203\356kl\313S\012\214]"
 1066      6DE6517A 
 1066      BC83EE6B 
 1066      6CCB530A 
 1066      8C5D
 1067 00a7 87E8F4F0 		.ascii	"\207\350\364\360\234T\350\325G7\343\243\2235\346\367"
 1067      9C54E8D5 
 1067      4737E3A3 
 1067      9335E6F7 
 1068 00b7 DF30B852 		.ascii	"\3370\270R\002)\245Hi-\253#\341\002;\262oS\347\266\330"
 1068      0229A548 
 1068      692DAB23 
 1068      E1023BB2 
 1068      6F53E7B6 
 1069 00cc 016744CF 		.ascii	"\001gD\317\265\032\222E!\277\025\177\335{\007\372\253"
 1069      B51A9245 
 1069      21BF157F 
 1069      DD7B07FA 
 1069      AB
 1070 00dd 969FAD1E 		.ascii	"\226\237\255\036:\032\332\035\271\212\261\234\037\255"
 1070      3A1ADA1D 
 1070      B98AB19C 
 1070      1FAD
 1071 00eb 7CD75AE1 		.ascii	"|\327Z\341\232.\324\343\225C\271V\324\317\004W\012K"
 1071      9A2ED4E3 
 1071      9543B956 
 1071      D4CF0457 
 1071      0A4B
 1072 00fd C7AB223B 		.ascii	"\307\253\";Z\011\356\377\352\355kq\337\001\025\231\373"
 1072      5A09EEFF 
 1072      EAED6B71 
 1072      DF011599 
 1072      FB
 1073 010e CB7CC6C5 		.ascii	"\313|\306\305\313\274\373\201ng\330\313\205\233[\314"
 1073      CBBCFB81 
 1073      6E67D8CB 
 1073      859B5BCC 
 1074 011e A5F42D1E 		.ascii	"\245\364-\036\022U\005\016\316\332>\026\244\007\355"
 1074      1255050E 
 1074      CEDA3E16 
ARM GAS  /tmp/cc8rJ7G4.s 			page 35


 1074      A407ED
 1075 012d D0895AFA 		.ascii	"\320\211Z\372\362\341V\361\025\233\032\377\255\022\315"
 1075      F2E156F1 
 1075      159B1AFF 
 1075      AD12CD
 1076 013c 98868D43 		.ascii	"\230\206\215Cs\337\326\333\211\351DAX\363[A\371\206"
 1076      73DFD6DB 
 1076      89E94441 
 1076      58F35B41 
 1076      F986
 1077 014e 373E5E4E 		.ascii	"7>^N\302f\350\247\241\231\213\222\270\343'\241\251Y"
 1077      C266E8A7 
 1077      A1998B92 
 1077      B8E327A1 
 1077      A959
 1078 0160 3F095233 		.ascii	"?\011R3w\375^l\203v3/\330\371\246\365\2030!\257R1\303"
 1078      77FD5E6C 
 1078      8376332F 
 1078      D8F9A6F5 
 1078      833021AF 
 1079 0177 39DD886A 		.ascii	"9\335\210j\321\355\273\306\246\246\3417\315\003\233"
 1079      D1EDBBC6 
 1079      A6A6E137 
 1079      CD039B
 1080 0186 CCA7A66E 		.ascii	"\314\247\246n\343\330\266\314\324\235\331\351\331\005"
 1080      E3D8B6CC 
 1080      D49DD9E9 
 1080      D905
 1081 0194 D37A14D5 		.ascii	"\323z\024\325+uB\353\334\020U\374\011\337\233\250zU"
 1081      2B7542EB 
 1081      DC1055FC 
 1081      09DF9BA8 
 1081      7A55
 1082 01a6 FA0708FE 		.ascii	"\372\007\010\376\220\207"
 1082      9087
 1083              		.text
 1084              		.section	.gnu.lto_.symbol_nodes.c4358b05faae1957,"e",%progbits
 1085 0000 789C6DC9 		.ascii	"x\234m\311\311\015\2000\024\003Q;Bb\355\331N\007\034"
 1085      C90D8030 
 1085      1403513B 
 1085      4262EDD9 
 1085      4E071C
 1086 0013 A92524D0 		.ascii	"\251%$\320\0015\021\256\350\317q\336\201^*\324\230m"
 1086      013511AE 
 1086      E8CF71DE 
 1086      815E2AD4 
 1086      986D
 1087 0025 27EE0F20 		.ascii	"'\356\017 \2408\363\203\223\232\372\367\360\207J\315"
 1087      A038F383 
 1087      939AFAF7 
 1087      F0874ACD 
 1088 0035 21346A09 		.ascii	"!4j\011\341\242\326\020nj\213\000/\373\214)\374"
 1088      E1A2D610 
 1088      6E6A8B00 
 1088      2FFB8C29 
 1088      FC
 1089              		.text
ARM GAS  /tmp/cc8rJ7G4.s 			page 36


 1090              		.section	.gnu.lto_.refs.c4358b05faae1957,"e",%progbits
 1091 0000 789C6364 		.ascii	"x\234cd\000\002\000\000\012\000\002"
 1091      00020000 
 1091      0A0002
 1092              		.text
 1093              		.section	.gnu.lto_.decls.c4358b05faae1957,"e",%progbits
 1094 0000 789C9555 		.ascii	"x\234\225U{LSW\030?\347\364\002\007D)\361\305\036\231"
 1094      7B4C5357 
 1094      183FE7F4 
 1094      02074429 
 1094      F1C51E99 
 1095 0014 2EC68C2C 		.ascii	".\306\214,\201R\230\333\376SW\2114\233\216\264\323d"
 1095      815298DB 
 1095      FE535789 
 1095      349B8EB4 
 1095      D364
 1096 0026 8FC414B8 		.ascii	"\217\304\024\270\216f\264u\245n\232\375s\012\005\253"
 1096      8E66B475 
 1096      A56E9AFD 
 1096      730A05AB 
 1097 0036 A06B9D73 		.ascii	"\240k\235s\265\316Q1\230\251\304\341f2\300W\007\210"
 1097      B5CE5131 
 1097      98A9C4E1 
 1097      6632C057 
 1097      0788
 1098 0048 A89BF3C1 		.ascii	"\250\233\363\301\234\316\307\000\037C\304\007\352f\267"
 1098      9CCEC700 
 1098      1F43C407 
 1098      EA66B7
 1099 0057 F9D877EE 		.ascii	"\371\330w\356\275\275\224:\227\354\246\337m\317\371"
 1099      BDBD943A 
 1099      97ECA6DF 
 1099      6DCFF9
 1100 0066 FD7EDFEB 		.ascii	"\375~\337\353|\367\366.Eh\022A\350\035\214\320C\270"
 1100      7CF7F62E 
 1100      45681241 
 1100      E81D8CD0 
 1100      43B8
 1101 0078 92104227 		.ascii	"\222\020B'\300F\2035\203\335\004K\003\354\000|\337P"
 1101      C0468335 
 1101      83DD044B 
 1101      03EC007C 
 1101      DF50
 1102 008a B031B09E 		.ascii	"\2601\260\236\000\366\024\330$\260g\301\246\200M\005"
 1102      00F614D8 
 1102      24B067C1 
 1102      A6804D05 
 1103 009a CB025FE0 		.ascii	"\313\002_\340R\302\017(z\256\353\006\033P\364\375`/"
 1103      52C20F28 
 1103      7AAEEB06 
 1103      1B50F4FD 
 1103      602F
 1104 00ac 012F15C9 		.ascii	"\001/\025\311>8\3579\260\267b\370}`W\024~\267\242\271"
 1104      3E38EF39 
 1104      B0B762F8 
 1104      7D605714 
 1104      7EB7A2B9 
ARM GAS  /tmp/cc8rJ7G4.s 			page 37


 1105 00c0 0C365DD1 		.ascii	"\0146]\321Mz\214.>N\324\217\001t\311H\3165V\307k\343"
 1105      4D7A8C2E 
 1105      3E4ED48F 
 1105      0174C948 
 1105      CE3556C7 
 1106 00d6 F5DC85DF 		.ascii	"\365\334\205\337IX\326\315V\270Sb\270o\307\305\350W"
 1106      4958D6CD 
 1106      56B85362 
 1106      B86FC7C5 
 1106      E857
 1107 00e8 62BCAA70 		.ascii	"b\274\252p\247\376\007wP\341&\216\305B\342x<Y k\357"
 1107      A7FE0777 
 1107      50E1268E 
 1107      C542E278 
 1107      3C59206B 
 1108 00fd FAB3D3C3 		.ascii	"\372\263\323\303\214\335d\2416!\263\031\177\013\352"
 1108      8CDD64A1 
 1108      3621B319 
 1108      7F0BEA
 1109 010c 162C3158 		.ascii	"\026,1X\"\334&\003\215\021\276\022\370\215\360\245\226"
 1109      22DC2603 
 1109      8D11BE12 
 1109      F88DF0A5 
 1109      96
 1110 011d 128E4F17 		.ascii	"\022\216O\027\310\212\253\367\006R\322\030\227\207="
 1110      C88AABF7 
 1110      0652D218 
 1110      97873D
 1111 012c C9636579 		.ascii	"\311cey\033F\372\357pb&\346\247\230\006\337\210\246"
 1111      1B46FAEF 
 1111      706226E6 
 1111      A79806DF 
 1111      88A6
 1112 013e A2694CBA 		.ascii	"\242iL\272\372&\241\375@\201\253 \225\276\211\004\262"
 1112      FA26A1FD 
 1112      4081AB20 
 1112      95BE8904 
 1112      B2
 1113 014f FD6A5F4F 		.ascii	"\375j_OJZX\361\200$\017\007pf'\356\300\355X \233\367"
 1113      4A5A58F1 
 1113      80240F07 
 1113      706627EE 
 1113      C0ED5820 
 1114 0165 447CC913 		.ascii	"D|\311\023A\350a,D\272\360>\274\027\344\0071\017\"\345"
 1114      41E8612C 
 1114      44BAF03E 
 1114      BC17E407 
 1114      310F22E5 
 1115 0179 A881DB3D 		.ascii	"\250\201\333=\004Y\365$\321\"\276\363\214@\252\3566"
 1115      0459F524 
 1115      D122BEF3 
 1115      8C40AAEE 
 1115      36
 1116 018a 1C4C8BCF 		.ascii	"\034L\213\317\352G\310\352\010x\334\321\030\364\244"
 1116      EA47C8EA 
 1116      0878DCD1 
 1116      18F4A4
ARM GAS  /tmp/cc8rJ7G4.s 			page 38


 1117 0199 C478FC1E 		.ascii	"\304x\374\036\037\006\364(\346\004D\313 \245\225'/\006"
 1117      1F06F428 
 1117      E60444CB 
 1117      20A59527 
 1117      2F06
 1118 01ab 92E2E5C7 		.ascii	"\222\342\345\307A\256\027\310\225\246\306\335i\023%"
 1118      41AE17C8 
 1118      95A6C6DD 
 1118      691325
 1119 01ba 4C52CBE0 		.ascii	"LR\313\340\011\314q\220\372\202\247\277\321\244\365"
 1119      09CC7190 
 1119      FA82A7BF 
 1119      D1A4F5
 1120 01c9 3CAE9A9D 		.ascii	"<\256\232\235\333:\216\217Q\325\335#\325\364}D?\222"
 1120      DB3A8E8F 
 1120      51D5DD23 
 1120      D5F47D44 
 1120      3F92
 1121 01db 6AC29441 		.ascii	"j\302\224A\317\226\203\255\002\013`\276\031J\344\235"
 1121      CF9683AD 
 1121      020B60BE 
 1121      194AE49D 
 1122 01eb CFA51BA4 		.ascii	"\317\245\033\244U\222@\202\2772\377\250\370,{!\313\036"
 1122      55924082 
 1122      BF32FFA8 
 1122      F82C7B21 
 1122      CB1E
 1123 01fd 08F4E0F3 		.ascii	"\010\364\340\363\266;\261m\333\215w\001\332\2079\201"
 1123      B63BB16D 
 1123      DB8D7701 
 1123      DA873981 
 1124 020d 373DE25E 		.ascii	"7=\342^=\334\203\3568xBu[\317\200\220\361\274z\311\304"
 1124      3DDC83EE 
 1124      38784275 
 1124      5BCF8090 
 1124      F1BC7AC9 
 1125 0222 B080CEE3 		.ascii	"\260\200\316\343s@\270\210;\361o\370:\276\212\007\361"
 1125      7340B888 
 1125      3BF16FF8 
 1125      3ABE8A07 
 1125      F1
 1126 0233 357C195F 		.ascii	"5|\031_\301\375\370\022\036\340\307\012\314\210\277"
 1126      C1FDF812 
 1126      1EE0C70A 
 1126      CC88BF
 1127 0242 66B0724A 		.ascii	"f\260rJC\003c>\267\346 \016\343\213\312\241\355\001"
 1127      4303633E 
 1127      B7E6200E 
 1127      E38BCAA1 
 1127      ED01
 1128 0254 CBE38CA6 		.ascii	"\313\343\214\246\345\333\030\323zR\217\342\223\000\312"
 1128      E5DB18D3 
 1128      7A528FE2 
 1128      9300CA
 1129 0263 FDE78466 		.ascii	"\375\347\204f\2146\002zo\3712\216\376\204\317\002*\227"
 1129      8C36027A 
 1129      6FF9328E 
ARM GAS  /tmp/cc8rJ7G4.s 			page 39


 1129      FE84CF02 
 1129      2A97
 1130 0275 A58F2A6B 		.ascii	"\245\217*k\242\312\037T\345\241a\345\212\032EyLU\036"
 1130      A2CA1F54 
 1130      E5A161E5 
 1130      8A1A4579 
 1130      4C551E
 1131 0288 92827270 		.ascii	"\222\202rp\245,\275\200\177\005P.\270U\005\037Dc\376"
 1131      A52CBD80 
 1131      7F05502E 
 1131      B855051F 
 1131      4463FE
 1132 029b A22A4FA9 		.ascii	"\242*O\251\351>\334\242\004=\255\006=5\034\324\033\015"
 1132      E93EDCA2 
 1132      043DAD06 
 1132      3D351CD4 
 1132      1B0D
 1133 02ad FAB32ADD 		.ascii	"\372\263*\335\253J\357G\245gT\251^R\322\255\004\316"
 1133      AB4AEF47 
 1133      A56754A9 
 1133      5E52D2AD 
 1133      04CE
 1134 02bf A1E5D8F1 		.ascii	"\241\345\330\361\237Gg\214l\357\015\374\037\375\025"
 1134      9F47678C 
 1134      6CEF0DFC 
 1134      1FFD15
 1135 02ce 48E8F8EE 		.ascii	"H\350\370\356:A}`o*\021\207\344\247!\003\214\302\234"
 1135      3A417D60 
 1135      6F2A1187 
 1135      E4A72103 
 1135      8CC29C
 1136 02e1 8411DDC9 		.ascii	"\204\021\335\311\375_\272\336\033\034\035?#\177\300"
 1136      FD5FBADE 
 1136      1B1C1D3F 
 1136      237FC0
 1137 02f0 8CE40A64 		.ascii	"\214\344\012d\337\265\325\027p\314\210\334\301\267\371"
 1137      DFB5D517 
 1137      70CC88DC 
 1137      C1B7F9
 1138 02ff CB07739C 		.ascii	"\313\007s\234\307\351h9\237\0323\"#`\332,\275\000\264"
 1138      C7E96839 
 1138      9F1A3322 
 1138      2360DA2C 
 1138      BD00B4
 1139 0312 B48D20DA 		.ascii	"\264\215 \332\011v\010\354(\330O<\352\352P\373\341\024"
 1139      097608EC 
 1139      28D84F3C 
 1139      EAEA50FB 
 1139      E114
 1140 0324 E921083F 		.ascii	"\351!\010?\372\020\200,\223gH\350\031\340\216\333\037"
 1140      FA10802C 
 1140      936748E8 
 1140      19E08EDB 
 1140      1F
 1141 0335 DA35340A 		.ascii	"\33254\012FL\231\266^\350\331>\271\241\335\270\222,"
 1141      464C99B6 
 1141      5EE8D93E 
ARM GAS  /tmp/cc8rJ7G4.s 			page 40


 1141      B9A1DDB8 
 1141      922C
 1142 0347 2372CABB 		.ascii	"#r\312\273\344vstW\024\275\207\243\350_R\273\241%M{"
 1142      E4767374 
 1142      5714BD87 
 1142      A3E85F52 
 1142      BBA1254D 
 1143 035c 64B00BFF 		.ascii	"d\260\013\377\251\202\267\242g!\267\270\202\270\341"
 1143      A982B7A2 
 1143      6721B7B8 
 1143      82B8E1
 1144 036b 35B98C74 		.ascii	"5\271\214t\342\345d\005YIjH\025\251%\325\304K<\260/"
 1144      E2E56405 
 1144      59496A48 
 1144      15A925D5 
 1144      C44B3CB0 
 1145 0380 1DE85E79 		.ascii	"\035\350^yP\"\370wp\"\227}K\216\177\011\320\257\344"
 1145      5022F877 
 1145      7022977D 
 1145      4B8E7F09 
 1145      D0AFE4
 1146 0393 108C3C54 		.ascii	"\020\214<TCH\323\311sk\216\346\366 \026S\022o\215\202"
 1146      4348D3C9 
 1146      736B8EE6 
 1146      F6201653 
 1146      126F8D82 
 1147 03a7 F755F0F6 		.ascii	"\367U\360\366pY\273\243\350\337#\312\002\224\327\325"
 1147      7059BBA3 
 1147      E8DF23CA 
 1147      0294D7D5 
 1148 03b7 12ADEBCC 		.ascii	"\022\255\353\314\010m\036\242\275\274\341\336u]\233"
 1148      086D1EA2 
 1148      BDBCE1DE 
 1148      755D9B
 1149 03c6 933346D6 		.ascii	"\2233F\326\270\212<\266H\230\213s\267\317cu\210>V\\"
 1149      B88A3CB6 
 1149      48988B73 
 1149      B7CF6375 
 1149      883E565C 
 1150 03da FA08C7BE 		.ascii	"\372\010\307\276\374zYk\322\020\006o],\354\356\240\276"
 1150      FC7A596B 
 1150      D210066F 
 1150      5D2CECEE 
 1150      A0BE
 1151 03ec FA7ED6C4 		.ascii	"\372~\326\304\330\"\326\331\037\010V\367{\323\375\025"
 1151      D822D6D9 
 1151      1F0856F7 
 1151      7BD3FD15 
 1152 03fc 7CB2BDEC 		.ascii	"|\262\275\354\311\000l\007\203=>\022\322\360\310\214"
 1152      C9006C07 
 1152      833D3E12 
 1152      D2F0C88C 
 1153 040c 55A6B29D 		.ascii	"U\246\262\235\360UQ\312*\253\371\2726#T)\277\366\217"
 1153      F05551CA 
 1153      2AABF9BA 
 1153      36235429 
 1153      BFF68F
ARM GAS  /tmp/cc8rJ7G4.s 			page 41


 1154 041f 6216AE66 		.ascii	"b\026\256fM\341\304\372vV\035`\257\005\333:S\031\177"
 1154      4DE1C4FA 
 1154      76561D60 
 1154      AF05DB3A 
 1154      53197F
 1155 0432 435C6E59 		.ascii	"C\\nY\022\354\331\317\202\236.\\\017\311\273C\254\366"
 1155      12ECD9CF 
 1155      829E2E5C 
 1155      0FC9BB43 
 1155      ACF6
 1156 0444 09005632 		.ascii	"\011\000V2\217\327\235\352\356\273r3\024b\327\022\000"
 1156      8FD79DEA 
 1156      EEBB7233 
 1156      1462D712 
 1156      00
 1157 0455 61BE5007 		.ascii	"a\276P\007K\367\303\315W\021\256Iw\003{c\205\207aV\337"
 1157      4BF7C3CD 
 1157      5711AE49 
 1157      77037B63 
 1157      85876156 
 1158 046a E1F58169 		.ascii	"\341\365\201i\375\365a\346\257\367PN\341\031j\301\227"
 1158      FDF561E6 
 1158      AFF7504E 
 1158      E1196AC1 
 1158      97
 1159 047b D7078969 		.ascii	"\327\007\211i\335\333a\011\013\014.\274@aZ\026\342S"
 1159      DDDB6109 
 1159      0B0C2EBC 
 1159      40615A16 
 1159      E253
 1160 048d 1DF66AC1 		.ascii	"\035\366j\301\027\363\263./\366\267qu\007TW\037\256"
 1160      17F3B32E 
 1160      2FF6B771 
 1160      75075457 
 1160      1FAE
 1161 049f F1437428 		.ascii	"\361Ct(\023\310\304W\301r\244\277+pA\330d\306f\010\244"
 1161      13C8C457 
 1161      C172A4BF 
 1161      2B7041D8 
 1161      64C66608 
 1162 04b4 EFD6ED56 		.ascii	"\357\326\355Vz\213w(\262=2\012\215\367\315@(GK+5\374"
 1162      7A8B7728 
 1162      B23D320A 
 1162      8DF7CD40 
 1162      28474B2B 
 1163 04ca 99E07F90 		.ascii	"\231\340\177\220Z\201l\211\234m\327<\015\224A\306\306"
 1163      5A816C89 
 1163      9C6DD73C 
 1163      0D9441C6 
 1163      C6
 1164 04db 0DA04FC9 		.ascii	"\015\240O\311\032h\356Z\202\206\244\376\327\355\031"
 1164      1A68EE5A 
 1164      8286A4FE 
 1164      D7ED19
 1165 04ea 68D46406 		.ascii	"h\324d\006\002,\322\034\254k\307\237\2630\317XXK>\201"
 1165      022CD21C 
 1165      AC6BC79F 
ARM GAS  /tmp/cc8rJ7G4.s 			page 42


 1165      B330CF58 
 1165      584B3E81 
 1166 04fe 33E3D13E 		.ascii	"3\343\321>!h5\361\223\202\303\0114\254\001\301g\365"
 1166      216835F1 
 1166      9382C309 
 1166      34AC01C1 
 1166      67F5
 1167 0510 3B66F2FF 		.ascii	";f\362\377\366.<\004\253\310\272#\275\211\362r\035\021"
 1167      F62E3C04 
 1167      ABC8BA23 
 1167      BD89F272 
 1167      1D11
 1168 0522 8867E04C 		.ascii	"\210g\340L\025\215\217\265\236\240\240t\236\375\265"
 1168      158D8FB5 
 1168      9EA0A074 
 1168      9EFDB5
 1169 0531 37B68CE1 		.ascii	"7\266\214\341\261\232\216T\302\024I\201\326\223\200"
 1169      B19A8E54 
 1169      C2144981 
 1169      D69380
 1170 0540 1228A004 		.ascii	"\022(\240\004jL\240\307\036\015\364E\244vSr\274\347"
 1170      6A4CA0C7 
 1170      1E0DF445 
 1170      A4765372 
 1170      BCE7
 1171 0552 3A82BE90 		.ascii	":\202\276\220<\237\\\267o\020K\236\357\253\236\353\310"
 1171      3C9F5CB7 
 1171      6F104B9E 
 1171      EFAB9EEB 
 1171      C8
 1172 0563 06C5F306 		.ascii	"\006\305\363\006\305s \201^\340\236\257\256ilM\224\330"
 1172      C5732081 
 1172      5EE09EAF 
 1172      AE696C4D 
 1172      94D8
 1173 0575 5BAB86F3 		.ascii	"[\253\206\363\330\250\2607*\354\323\002e\002\260+\006"
 1173      D8A8B037 
 1173      2AECD302 
 1173      6502B02B 
 1173      06
 1174 0586 FE584B25 		.ascii	"\376XK%\366\341\252a\337\233\024\366&\205\275_\240~"
 1174      F6E1AA61 
 1174      DF9B14F6 
 1174      2685BD5F 
 1174      A07E
 1175 0598 CE3EFDB0 		.ascii	"\316>\375\260\2719Ab\237\213a7(\354\006\205\275C@\311"
 1175      B9394162 
 1175      9F8B6137 
 1175      28EC0685 
 1175      BD4340C9 
 1176 05ac A67C73BE 		.ascii	"\246|s\276i~\376\254\027r\263\263u\362\307Pj-\262\276"
 1176      697EFEAC 
 1176      1772B3B3 
 1176      75F2C750 
 1176      6A2DB2BE 
 1177 05c0 6ED639CA 		.ascii	"n\3269\312u\245\2262\335\"\207\323U\256+v\330l\016\273"
 1177      75A59632 
ARM GAS  /tmp/cc8rJ7G4.s 			page 43


 1177      DD2287D3 
 1177      55AE2B76 
 1177      D86C0EBB 
 1178 05d4 6EA6698E 		.ascii	"n\246i\216a\316\022\235\375\003kqv1\235=w\336d\203\376"
 1178      61CE129D 
 1178      FD036B71 
 1178      76319D3D 
 1178      77DE6483 
 1179 05e9 25A495D7 		.ascii	"%\244\225\327\331\226i\226\274i/\347\275\214\350b\253"
 1179      D9966996 
 1179      BC692FE7 
 1179      BD8CE862 
 1179      AB
 1180 05fa DD9597BB 		.ascii	"\335\225\227\273\300\245\372\317\023\214\206B\223\272"
 1180      C0A5FACF 
 1180      138C8642 
 1180      93BA
 1181 0608 CC158CE6 		.ascii	"\314\025\214\346B\0235\311+=\200\371\303`\016\200\371"
 1181      421335C9 
 1181      2B3D80F9 
 1181      C3600E80 
 1181      F9
 1182 0619 26622C9C 		.ascii	"&b,\234\255+u\330D\335{\216\342\305N\335\207\326\022"
 1182      AD2B75D8 
 1182      44DD7B8E 
 1182      E2C54EDD 
 1182      87D612
 1183 062c B1C8622F 		.ascii	"\261\310b/\311\312\315\323\353\263\234b\231h)\027u\013"
 1183      C9CACDD3 
 1183      EBB39C62 
 1183      99682917 
 1183      750B
 1184 063e AD4EDB87 		.ascii	"\255N\333\207\026\247\250+rX\234%\345\272\2059\013l"
 1184      16A7A82B 
 1184      72589C25 
 1184      E5BA8539 
 1184      0B6C
 1185 0650 8E92C565 		.ascii	"\216\222\305e|\303\341*sXJD'\232\371o\265)\025\211K"
 1185      7CC3E12A 
 1185      73584A44 
 1185      279AF96F 
 1185      B5291589 
 1186 0665 5CBC2A9D 		.ascii	"\\\274*\235a\216\331h\326\031\034\340\312h/.[\\\"\002"
 1186      618ED968 
 1186      D6191CE0 
 1186      CA682F2E 
 1186      5B5C2202 
 1187 0679 C3292E28 		.ascii	"\303).(\266\345d\227\242\344\271\363\215\206\005o,]"
 1187      B6E56497 
 1187      A2E4B9F3 
 1187      8D86056F 
 1187      2C5D
 1188 068b 246ACC05 		.ascii	"$j\314\005\205j\246z\215\301`\322\230\015\246\204\231"
 1188      856AA67A 
 1188      8DC160D2 
 1188      980DA684 
 1188      99
ARM GAS  /tmp/cc8rJ7G4.s 			page 44


 1189 069c 4693C104 		.ascii	"F\223\301\004e\230M\011\206\302y\306Y\011\346\002\370"
 1189      65984D09 
 1189      86C279C6 
 1189      5909E602 
 1189      F8
 1190 06ad 4DCD8657 		.ascii	"M\315\206Wd\225\376E\224lq\332>x\261<\313\206R\300\263"
 1190      6495FE45 
 1190      946C71DA 
 1190      3E78B13C 
 1190      CB8652C0 
 1191 06c2 4B5C9265 		.ascii	"K\\\222e\313A\224\267\316h\267\272\362\376\177\377\345"
 1191      CB4194B7 
 1191      CE68B7BA 
 1191      F2FE7FFF 
 1191      E5
 1192 06d3 BEE7DB2D 		.ascii	"\276\347\333-Ee\342|\261\330\345p\246\363\215Y\326\362"
 1192      4565E27C 
 1192      B1D8E570 
 1192      A6F38D59 
 1192      D6F2
 1193 06e5 E19DA7F9 		.ascii	"\341\235\247\371\216Yt\231\227\226\273D[\001\364\257"
 1193      8E597499 
 1193      9796BB44 
 1193      5B01F4AF 
 1194 06f5 4C74163A 		.ascii	"Lt\026:\255\016\247\325\265T\322\033\240\221\316B\321"
 1194      AD0EA7D5 
 1194      B554D21B 
 1194      A091CE42 
 1194      D1
 1195 0706 5E62B5BF 		.ascii	"^b\265\277;Fa+\313\177\000\220\340\013\242"
 1195      3B46612B 
 1195      CB7F0090 
 1195      E00BA2
 1196              		.text
 1197              		.section	.gnu.lto_.symtab.c4358b05faae1957,"e",%progbits
 1198 0000 6E766963 		.ascii	"nvicInit\000"
 1198      496E6974 
 1198      00
 1199 0009 00       		.ascii	"\000"
 1200 000a 00       		.ascii	"\000"
 1201 000b 00       		.ascii	"\000"
 1202 000c 00000000 		.ascii	"\000\000\000\000\000\000\000\000"
 1202      00000000 
 1203 0014 16010000 		.ascii	"\026\001\000\000"
 1204 0018 6E766963 		.ascii	"nvicEnableVector\000"
 1204      456E6162 
 1204      6C655665 
 1204      63746F72 
 1204      00
 1205 0029 00       		.ascii	"\000"
 1206 002a 00       		.ascii	"\000"
 1207 002b 00       		.ascii	"\000"
 1208 002c 00000000 		.ascii	"\000\000\000\000\000\000\000\000"
 1208      00000000 
 1209 0034 1B010000 		.ascii	"\033\001\000\000"
 1210 0038 6E766963 		.ascii	"nvicDisableVector\000"
 1210      44697361 
ARM GAS  /tmp/cc8rJ7G4.s 			page 45


 1210      626C6556 
 1210      6563746F 
 1210      7200
 1211 004a 00       		.ascii	"\000"
 1212 004b 00       		.ascii	"\000"
 1213 004c 00       		.ascii	"\000"
 1214 004d 00000000 		.ascii	"\000\000\000\000\000\000\000\000"
 1214      00000000 
 1215 0055 1F010000 		.ascii	"\037\001\000\000"
 1216 0059 6E766963 		.ascii	"nvicSetSystemHandlerPriority\000"
 1216      53657453 
 1216      79737465 
 1216      6D48616E 
 1216      646C6572 
 1217 0076 00       		.ascii	"\000"
 1218 0077 00       		.ascii	"\000"
 1219 0078 00       		.ascii	"\000"
 1220 0079 00000000 		.ascii	"\000\000\000\000\000\000\000\000"
 1220      00000000 
 1221 0081 21010000 		.ascii	"!\001\000\000"
 1222 0085 6E766963 		.ascii	"nvicClearPending\000"
 1222      436C6561 
 1222      7250656E 
 1222      64696E67 
 1222      00
 1223 0096 00       		.ascii	"\000"
 1224 0097 00       		.ascii	"\000"
 1225 0098 00       		.ascii	"\000"
 1226 0099 00000000 		.ascii	"\000\000\000\000\000\000\000\000"
 1226      00000000 
 1227 00a1 23010000 		.ascii	"#\001\000\000"
 1228 00a5 6E766963 		.ascii	"nvicSetPending\000"
 1228      53657450 
 1228      656E6469 
 1228      6E6700
 1229 00b4 00       		.ascii	"\000"
 1230 00b5 00       		.ascii	"\000"
 1231 00b6 00       		.ascii	"\000"
 1232 00b7 00000000 		.ascii	"\000\000\000\000\000\000\000\000"
 1232      00000000 
 1233 00bf 25010000 		.ascii	"%\001\000\000"
 1234              		.text
 1235              		.section	.gnu.lto_.ext_symtab.c4358b05faae1957,"e",%progbits
 1236 0000 01       		.ascii	"\001"
 1237 0001 01       		.ascii	"\001"
 1238 0002 00       		.ascii	"\000"
 1239 0003 01       		.ascii	"\001"
 1240 0004 00       		.ascii	"\000"
 1241 0005 01       		.ascii	"\001"
 1242 0006 00       		.ascii	"\000"
 1243 0007 01       		.ascii	"\001"
 1244 0008 00       		.ascii	"\000"
 1245 0009 01       		.ascii	"\001"
 1246 000a 00       		.ascii	"\000"
 1247 000b 01       		.ascii	"\001"
 1248 000c 00       		.ascii	"\000"
 1249              		.text
ARM GAS  /tmp/cc8rJ7G4.s 			page 46


 1250              		.section	.gnu.lto_.opts,"e",%progbits
 1251 0000 272D666E 		.ascii	"'-fno-openmp' '-fno-openacc' '-fno-pie' '-fcf-prote"
 1251      6F2D6F70 
 1251      656E6D70 
 1251      2720272D 
 1251      666E6F2D 
 1252 0033 6374696F 		.ascii	"ction=none' '-g' '-mcpu=cortex-m0' '-mthumb' '-mflo"
 1252      6E3D6E6F 
 1252      6E652720 
 1252      272D6727 
 1252      20272D6D 
 1253 0066 61742D61 		.ascii	"at-abi=soft' '-mlibarch=armv6s-m' '-march=armv6s-m'"
 1253      62693D73 
 1253      6F667427 
 1253      20272D6D 
 1253      6C696261 
 1254 0099 20272D4F 		.ascii	" '-Os' '-fomit-frame-pointer' '-falign-functions=16"
 1254      73272027 
 1254      2D666F6D 
 1254      69742D66 
 1254      72616D65 
 1255 00cc 2720272D 		.ascii	"' '-fsingle-precision-constant' '-ffunction-section"
 1255      6673696E 
 1255      676C652D 
 1255      70726563 
 1255      6973696F 
 1256 00ff 73272027 		.ascii	"s' '-fdata-sections' '-fno-common' '-flto' '-Xassem"
 1256      2D666461 
 1256      74612D73 
 1256      65637469 
 1256      6F6E7327 
 1257 0132 626C6572 		.ascii	"bler' '-alms=./build/lst/nvic.lst'\000"
 1257      2720272D 
 1257      616C6D73 
 1257      3D2E2F62 
 1257      75696C64 
 1258              		.text
 1259              		.comm	__gnu_lto_slim,1,1
 1260              		.ident	"GCC: (Arm GNU Toolchain 11.3.Rel1) 11.3.1 20220712"
ARM GAS  /tmp/cc8rJ7G4.s 			page 47


DEFINED SYMBOLS
                            *ABS*:0000000000000000 nvic.c
     /tmp/cc8rJ7G4.s:22     .gnu.debuglto_.debug_info:0000000000000000 nvic.c.a5a35838
                            *COM*:0000000000000001 __gnu_lto_slim

NO UNDEFINED SYMBOLS
