ARM GAS  /tmp/ccgiNYBR.s 			page 1


   1              		.cpu cortex-m0
   2              		.arch armv6s-m
   3              		.fpu softvfp
   4              		.eabi_attribute 23, 1
   5              		.eabi_attribute 24, 1
   6              		.eabi_attribute 25, 1
   7              		.eabi_attribute 26, 1
   8              		.eabi_attribute 30, 4
   9              		.eabi_attribute 34, 0
  10              		.eabi_attribute 18, 4
  11              		.file	"port_shared.cpp"
  12              		.file 1 "/home/kocur/.rusefi-tools/arm-gnu-toolchain-11.3.rel1-x86_64-arm-none-eabi/arm-none-eabi/
  13              		.file 2 "/home/kocur/.rusefi-tools/arm-gnu-toolchain-11.3.rel1-x86_64-arm-none-eabi/arm-none-eabi/
  14              		.file 3 "../../../ChibiOS/os/common/ext/ST/STM32F0xx/stm32f0xx.h"
  15              		.file 4 "../../../ChibiOS/os/hal/ports/STM32/LLD/CANv1/hal_can_lld.h"
  16              		.file 5 "../port_shared.cpp"
  17              		.section	.gnu.debuglto_.debug_info,"e",%progbits
  18              	.Ldebug_info0:
  19              		.hidden	port_shared.cpp.e762e5d9
  20              		.weak	port_shared.cpp.e762e5d9
  21              	port_shared.cpp.e762e5d9:
  22 0000 63010000 		.4byte	0x163
  23 0004 0500     		.2byte	0x5
  24 0006 01       		.byte	0x1
  25 0007 04       		.byte	0x4
  26 0008 00000000 		.4byte	.Ldebug_abbrev0
  27 000c 06       		.uleb128 0x6
  28 000d 1F010000 		.4byte	.LASF26
  29 0011 21       		.byte	0x21
  30 0012 E6000000 		.4byte	.LASF27
  31 0016 17000000 		.4byte	.LASF28
  32 001a 00000000 		.4byte	.Ldebug_line0
  33 001e 07       		.uleb128 0x7
  34 001f 04       		.byte	0x4
  35 0020 05       		.byte	0x5
  36 0021 696E7400 		.ascii	"int\000"
  37 0025 01       		.uleb128 0x1
  38 0026 04       		.byte	0x4
  39 0027 07       		.byte	0x7
  40 0028 12010000 		.4byte	.LASF0
  41 002c 01       		.uleb128 0x1
  42 002d 08       		.byte	0x8
  43 002e 05       		.byte	0x5
  44 002f 86020000 		.4byte	.LASF1
  45 0033 01       		.uleb128 0x1
  46 0034 08       		.byte	0x8
  47 0035 04       		.byte	0x4
  48 0036 CD020000 		.4byte	.LASF2
  49 003a 08       		.uleb128 0x8
  50 003b 05000000 		.4byte	.LASF29
  51 003f 01       		.uleb128 0x1
  52 0040 01       		.byte	0x1
  53 0041 06       		.byte	0x6
  54 0042 E6020000 		.4byte	.LASF3
  55 0046 01       		.uleb128 0x1
  56 0047 01       		.byte	0x1
  57 0048 08       		.byte	0x8
ARM GAS  /tmp/ccgiNYBR.s 			page 2


  58 0049 7C000000 		.4byte	.LASF4
  59 004d 01       		.uleb128 0x1
  60 004e 02       		.byte	0x2
  61 004f 05       		.byte	0x5
  62 0050 B1020000 		.4byte	.LASF5
  63 0054 01       		.uleb128 0x1
  64 0055 02       		.byte	0x2
  65 0056 07       		.byte	0x7
  66 0057 F2020000 		.4byte	.LASF6
  67 005b 01       		.uleb128 0x1
  68 005c 04       		.byte	0x4
  69 005d 05       		.byte	0x5
  70 005e C4020000 		.4byte	.LASF7
  71 0062 02       		.uleb128 0x2
  72 0063 F9000000 		.4byte	.LASF10
  73 0067 01       		.byte	0x1
  74 0068 4F       		.byte	0x4f
  75 0069 19       		.byte	0x19
  76 006a 6E000000 		.4byte	0x6e
  77 006e 01       		.uleb128 0x1
  78 006f 04       		.byte	0x4
  79 0070 07       		.byte	0x7
  80 0071 A9000000 		.4byte	.LASF8
  81 0075 01       		.uleb128 0x1
  82 0076 08       		.byte	0x8
  83 0077 07       		.byte	0x7
  84 0078 65000000 		.4byte	.LASF9
  85 007c 02       		.uleb128 0x2
  86 007d BB020000 		.4byte	.LASF11
  87 0081 02       		.byte	0x2
  88 0082 30       		.byte	0x30
  89 0083 14       		.byte	0x14
  90 0084 62000000 		.4byte	0x62
  91 0088 01       		.uleb128 0x1
  92 0089 01       		.byte	0x1
  93 008a 08       		.byte	0x8
  94 008b 71020000 		.4byte	.LASF12
  95 008f 04       		.uleb128 0x4
  96 0090 46000000 		.4byte	0x46
  97 0094 B0       		.byte	0xb0
  98 0095 D9020000 		.4byte	.LASF15
  99 0099 AA000000 		.4byte	0xaa
 100 009d 03       		.uleb128 0x3
 101 009e BB000000 		.4byte	.LASF13
 102 00a2 00       		.byte	0
 103 00a3 09       		.uleb128 0x9
 104 00a4 53455400 		.ascii	"SET\000"
 105 00a8 01       		.byte	0x1
 106 00a9 00       		.byte	0
 107 00aa 02       		.uleb128 0x2
 108 00ab 92000000 		.4byte	.LASF14
 109 00af 03       		.byte	0x3
 110 00b0 B3       		.byte	0xb3
 111 00b1 03       		.byte	0x3
 112 00b2 8F000000 		.4byte	0x8f
 113 00b6 04       		.uleb128 0x4
 114 00b7 46000000 		.4byte	0x46
ARM GAS  /tmp/ccgiNYBR.s 			page 3


 115 00bb B6       		.byte	0xb6
 116 00bc 9F020000 		.4byte	.LASF16
 117 00c0 D1000000 		.4byte	0xd1
 118 00c4 03       		.uleb128 0x3
 119 00c5 CE000000 		.4byte	.LASF17
 120 00c9 00       		.byte	0
 121 00ca 03       		.uleb128 0x3
 122 00cb 5E000000 		.4byte	.LASF18
 123 00cf 01       		.byte	0x1
 124 00d0 00       		.byte	0
 125 00d1 02       		.uleb128 0x2
 126 00d2 D6000000 		.4byte	.LASF19
 127 00d6 03       		.byte	0x3
 128 00d7 B9       		.byte	0xb9
 129 00d8 03       		.byte	0x3
 130 00d9 B6000000 		.4byte	0xb6
 131 00dd 04       		.uleb128 0x4
 132 00de 46000000 		.4byte	0x46
 133 00e2 BD       		.byte	0xbd
 134 00e3 04010000 		.4byte	.LASF20
 135 00e7 F8000000 		.4byte	0xf8
 136 00eb 03       		.uleb128 0x3
 137 00ec 80020000 		.4byte	.LASF21
 138 00f0 00       		.byte	0
 139 00f1 03       		.uleb128 0x3
 140 00f2 8A000000 		.4byte	.LASF22
 141 00f6 01       		.byte	0x1
 142 00f7 00       		.byte	0
 143 00f8 02       		.uleb128 0x2
 144 00f9 9D000000 		.4byte	.LASF23
 145 00fd 03       		.byte	0x3
 146 00fe C0       		.byte	0xc0
 147 00ff 03       		.byte	0x3
 148 0100 DD000000 		.4byte	0xdd
 149 0104 01       		.uleb128 0x1
 150 0105 01       		.byte	0x1
 151 0106 02       		.byte	0x2
 152 0107 00000000 		.4byte	.LASF24
 153 010b 0A       		.uleb128 0xa
 154 010c 08       		.byte	0x8
 155 010d 04       		.byte	0x4
 156 010e 3601     		.2byte	0x136
 157 0110 10       		.byte	0x10
 158 0111 94020000 		.4byte	.LASF30
 159 0115 32010000 		.4byte	0x132
 160 0119 05       		.uleb128 0x5
 161 011a 6D637200 		.ascii	"mcr\000"
 162 011e 3C01     		.2byte	0x13c
 163 0120 7C000000 		.4byte	0x7c
 164 0124 00       		.byte	0
 165 0125 05       		.uleb128 0x5
 166 0126 62747200 		.ascii	"btr\000"
 167 012a 4201     		.2byte	0x142
 168 012c 7C000000 		.4byte	0x7c
 169 0130 04       		.byte	0x4
 170 0131 00       		.byte	0
 171 0132 0B       		.uleb128 0xb
ARM GAS  /tmp/ccgiNYBR.s 			page 4


 172 0133 76020000 		.4byte	.LASF25
 173 0137 04       		.byte	0x4
 174 0138 4301     		.2byte	0x143
 175 013a 03       		.byte	0x3
 176 013b 0B010000 		.4byte	0x10b
 177 013f 0C       		.uleb128 0xc
 178 0140 32010000 		.4byte	0x132
 179 0144 0D       		.uleb128 0xd
 180 0145 C1000000 		.4byte	.LASF31
 181 0149 05       		.byte	0x5
 182 014a 05       		.byte	0x5
 183 014b 18       		.byte	0x18
 184 014c 3F010000 		.4byte	0x13f
 185 0150 0E       		.uleb128 0xe
 186 0151 05030000 		.4byte	.LASF32
 187 0155 05       		.byte	0x5
 188 0156 0E       		.byte	0xe
 189 0157 12       		.byte	0x12
 190 0158 12030000 		.4byte	.LASF33
 191 015c 60010000 		.4byte	0x160
 192 0160 0F       		.uleb128 0xf
 193 0161 04       		.byte	0x4
 194 0162 3F010000 		.4byte	0x13f
 195 0166 00       		.byte	0
 196              		.section	.gnu.debuglto_.debug_abbrev,"e",%progbits
 197              	.Ldebug_abbrev0:
 198 0000 01       		.uleb128 0x1
 199 0001 24       		.uleb128 0x24
 200 0002 00       		.byte	0
 201 0003 0B       		.uleb128 0xb
 202 0004 0B       		.uleb128 0xb
 203 0005 3E       		.uleb128 0x3e
 204 0006 0B       		.uleb128 0xb
 205 0007 03       		.uleb128 0x3
 206 0008 0E       		.uleb128 0xe
 207 0009 00       		.byte	0
 208 000a 00       		.byte	0
 209 000b 02       		.uleb128 0x2
 210 000c 16       		.uleb128 0x16
 211 000d 00       		.byte	0
 212 000e 03       		.uleb128 0x3
 213 000f 0E       		.uleb128 0xe
 214 0010 3A       		.uleb128 0x3a
 215 0011 0B       		.uleb128 0xb
 216 0012 3B       		.uleb128 0x3b
 217 0013 0B       		.uleb128 0xb
 218 0014 39       		.uleb128 0x39
 219 0015 0B       		.uleb128 0xb
 220 0016 49       		.uleb128 0x49
 221 0017 13       		.uleb128 0x13
 222 0018 00       		.byte	0
 223 0019 00       		.byte	0
 224 001a 03       		.uleb128 0x3
 225 001b 28       		.uleb128 0x28
 226 001c 00       		.byte	0
 227 001d 03       		.uleb128 0x3
 228 001e 0E       		.uleb128 0xe
ARM GAS  /tmp/ccgiNYBR.s 			page 5


 229 001f 1C       		.uleb128 0x1c
 230 0020 0B       		.uleb128 0xb
 231 0021 00       		.byte	0
 232 0022 00       		.byte	0
 233 0023 04       		.uleb128 0x4
 234 0024 04       		.uleb128 0x4
 235 0025 01       		.byte	0x1
 236 0026 3E       		.uleb128 0x3e
 237 0027 21       		.uleb128 0x21
 238 0028 07       		.sleb128 7
 239 0029 0B       		.uleb128 0xb
 240 002a 21       		.uleb128 0x21
 241 002b 01       		.sleb128 1
 242 002c 49       		.uleb128 0x49
 243 002d 13       		.uleb128 0x13
 244 002e 3A       		.uleb128 0x3a
 245 002f 21       		.uleb128 0x21
 246 0030 03       		.sleb128 3
 247 0031 3B       		.uleb128 0x3b
 248 0032 0B       		.uleb128 0xb
 249 0033 39       		.uleb128 0x39
 250 0034 21       		.uleb128 0x21
 251 0035 01       		.sleb128 1
 252 0036 6E       		.uleb128 0x6e
 253 0037 0E       		.uleb128 0xe
 254 0038 01       		.uleb128 0x1
 255 0039 13       		.uleb128 0x13
 256 003a 00       		.byte	0
 257 003b 00       		.byte	0
 258 003c 05       		.uleb128 0x5
 259 003d 0D       		.uleb128 0xd
 260 003e 00       		.byte	0
 261 003f 03       		.uleb128 0x3
 262 0040 08       		.uleb128 0x8
 263 0041 3A       		.uleb128 0x3a
 264 0042 21       		.uleb128 0x21
 265 0043 04       		.sleb128 4
 266 0044 3B       		.uleb128 0x3b
 267 0045 05       		.uleb128 0x5
 268 0046 39       		.uleb128 0x39
 269 0047 21       		.uleb128 0x21
 270 0048 1D       		.sleb128 29
 271 0049 49       		.uleb128 0x49
 272 004a 13       		.uleb128 0x13
 273 004b 38       		.uleb128 0x38
 274 004c 0B       		.uleb128 0xb
 275 004d 00       		.byte	0
 276 004e 00       		.byte	0
 277 004f 06       		.uleb128 0x6
 278 0050 11       		.uleb128 0x11
 279 0051 01       		.byte	0x1
 280 0052 25       		.uleb128 0x25
 281 0053 0E       		.uleb128 0xe
 282 0054 13       		.uleb128 0x13
 283 0055 0B       		.uleb128 0xb
 284 0056 03       		.uleb128 0x3
 285 0057 0E       		.uleb128 0xe
ARM GAS  /tmp/ccgiNYBR.s 			page 6


 286 0058 1B       		.uleb128 0x1b
 287 0059 0E       		.uleb128 0xe
 288 005a 10       		.uleb128 0x10
 289 005b 17       		.uleb128 0x17
 290 005c 00       		.byte	0
 291 005d 00       		.byte	0
 292 005e 07       		.uleb128 0x7
 293 005f 24       		.uleb128 0x24
 294 0060 00       		.byte	0
 295 0061 0B       		.uleb128 0xb
 296 0062 0B       		.uleb128 0xb
 297 0063 3E       		.uleb128 0x3e
 298 0064 0B       		.uleb128 0xb
 299 0065 03       		.uleb128 0x3
 300 0066 08       		.uleb128 0x8
 301 0067 00       		.byte	0
 302 0068 00       		.byte	0
 303 0069 08       		.uleb128 0x8
 304 006a 3B       		.uleb128 0x3b
 305 006b 00       		.byte	0
 306 006c 03       		.uleb128 0x3
 307 006d 0E       		.uleb128 0xe
 308 006e 00       		.byte	0
 309 006f 00       		.byte	0
 310 0070 09       		.uleb128 0x9
 311 0071 28       		.uleb128 0x28
 312 0072 00       		.byte	0
 313 0073 03       		.uleb128 0x3
 314 0074 08       		.uleb128 0x8
 315 0075 1C       		.uleb128 0x1c
 316 0076 0B       		.uleb128 0xb
 317 0077 00       		.byte	0
 318 0078 00       		.byte	0
 319 0079 0A       		.uleb128 0xa
 320 007a 13       		.uleb128 0x13
 321 007b 01       		.byte	0x1
 322 007c 0B       		.uleb128 0xb
 323 007d 0B       		.uleb128 0xb
 324 007e 3A       		.uleb128 0x3a
 325 007f 0B       		.uleb128 0xb
 326 0080 3B       		.uleb128 0x3b
 327 0081 05       		.uleb128 0x5
 328 0082 39       		.uleb128 0x39
 329 0083 0B       		.uleb128 0xb
 330 0084 6E       		.uleb128 0x6e
 331 0085 0E       		.uleb128 0xe
 332 0086 01       		.uleb128 0x1
 333 0087 13       		.uleb128 0x13
 334 0088 00       		.byte	0
 335 0089 00       		.byte	0
 336 008a 0B       		.uleb128 0xb
 337 008b 16       		.uleb128 0x16
 338 008c 00       		.byte	0
 339 008d 03       		.uleb128 0x3
 340 008e 0E       		.uleb128 0xe
 341 008f 3A       		.uleb128 0x3a
 342 0090 0B       		.uleb128 0xb
ARM GAS  /tmp/ccgiNYBR.s 			page 7


 343 0091 3B       		.uleb128 0x3b
 344 0092 05       		.uleb128 0x5
 345 0093 39       		.uleb128 0x39
 346 0094 0B       		.uleb128 0xb
 347 0095 49       		.uleb128 0x49
 348 0096 13       		.uleb128 0x13
 349 0097 00       		.byte	0
 350 0098 00       		.byte	0
 351 0099 0C       		.uleb128 0xc
 352 009a 26       		.uleb128 0x26
 353 009b 00       		.byte	0
 354 009c 49       		.uleb128 0x49
 355 009d 13       		.uleb128 0x13
 356 009e 00       		.byte	0
 357 009f 00       		.byte	0
 358 00a0 0D       		.uleb128 0xd
 359 00a1 34       		.uleb128 0x34
 360 00a2 00       		.byte	0
 361 00a3 03       		.uleb128 0x3
 362 00a4 0E       		.uleb128 0xe
 363 00a5 3A       		.uleb128 0x3a
 364 00a6 0B       		.uleb128 0xb
 365 00a7 3B       		.uleb128 0x3b
 366 00a8 0B       		.uleb128 0xb
 367 00a9 39       		.uleb128 0x39
 368 00aa 0B       		.uleb128 0xb
 369 00ab 49       		.uleb128 0x49
 370 00ac 13       		.uleb128 0x13
 371 00ad 00       		.byte	0
 372 00ae 00       		.byte	0
 373 00af 0E       		.uleb128 0xe
 374 00b0 2E       		.uleb128 0x2e
 375 00b1 00       		.byte	0
 376 00b2 3F       		.uleb128 0x3f
 377 00b3 19       		.uleb128 0x19
 378 00b4 03       		.uleb128 0x3
 379 00b5 0E       		.uleb128 0xe
 380 00b6 3A       		.uleb128 0x3a
 381 00b7 0B       		.uleb128 0xb
 382 00b8 3B       		.uleb128 0x3b
 383 00b9 0B       		.uleb128 0xb
 384 00ba 39       		.uleb128 0x39
 385 00bb 0B       		.uleb128 0xb
 386 00bc 6E       		.uleb128 0x6e
 387 00bd 0E       		.uleb128 0xe
 388 00be 49       		.uleb128 0x49
 389 00bf 13       		.uleb128 0x13
 390 00c0 00       		.byte	0
 391 00c1 00       		.byte	0
 392 00c2 0F       		.uleb128 0xf
 393 00c3 10       		.uleb128 0x10
 394 00c4 00       		.byte	0
 395 00c5 0B       		.uleb128 0xb
 396 00c6 0B       		.uleb128 0xb
 397 00c7 49       		.uleb128 0x49
 398 00c8 13       		.uleb128 0x13
 399 00c9 00       		.byte	0
ARM GAS  /tmp/ccgiNYBR.s 			page 8


 400 00ca 00       		.byte	0
 401 00cb 00       		.byte	0
 402              		.section	.gnu.debuglto_.debug_line,"e",%progbits
 403              	.Ldebug_line0:
 404 0000 5A000000 		.4byte	.LELT0-.LSLT0
 405              	.LSLT0:
 406 0004 0500     		.2byte	0x5
 407 0006 04       		.byte	0x4
 408 0007 00       		.byte	0
 409 0008 52000000 		.4byte	.LELTP0-.LASLTP0
 410              	.LASLTP0:
 411 000c 01       		.byte	0x1
 412 000d 01       		.byte	0x1
 413 000e 01       		.byte	0x1
 414 000f F6       		.byte	0xf6
 415 0010 F2       		.byte	0xf2
 416 0011 0D       		.byte	0xd
 417 0012 00       		.byte	0
 418 0013 01       		.byte	0x1
 419 0014 01       		.byte	0x1
 420 0015 01       		.byte	0x1
 421 0016 01       		.byte	0x1
 422 0017 00       		.byte	0
 423 0018 00       		.byte	0
 424 0019 00       		.byte	0
 425 001a 01       		.byte	0x1
 426 001b 00       		.byte	0
 427 001c 00       		.byte	0
 428 001d 01       		.byte	0x1
 429 001e 01       		.byte	0x1
 430 001f 01       		.uleb128 0x1
 431 0020 1F       		.uleb128 0x1f
 432 0021 06       		.uleb128 0x6
 433 0022 1A000000 		.4byte	.LASF34
 434 0026 9E000000 		.4byte	.LASF35
 435 002a 70000000 		.4byte	.LASF36
 436 002e 6D000000 		.4byte	.LASF37
 437 0032 61010000 		.4byte	.LASF38
 438 0036 FC000000 		.4byte	.LASF39
 439 003a 02       		.byte	0x2
 440 003b 01       		.uleb128 0x1
 441 003c 1F       		.uleb128 0x1f
 442 003d 02       		.uleb128 0x2
 443 003e 0B       		.uleb128 0xb
 444 003f 06       		.uleb128 0x6
 445 0040 E9000000 		.4byte	.LASF40
 446 0044 00       		.byte	0
 447 0045 CA000000 		.4byte	.LASF41
 448 0049 04       		.byte	0x4
 449 004a 00000000 		.4byte	.LASF42
 450 004e 05       		.byte	0x5
 451 004f 61000000 		.4byte	.LASF43
 452 0053 01       		.byte	0x1
 453 0054 DB000000 		.4byte	.LASF44
 454 0058 02       		.byte	0x2
 455 0059 0A000000 		.4byte	.LASF45
 456 005d 03       		.byte	0x3
ARM GAS  /tmp/ccgiNYBR.s 			page 9


 457              	.LELTP0:
 458              	.LELT0:
 459              		.section	.gnu.debuglto_.debug_str,"eMS",%progbits,1
 460              	.LASF24:
 461 0000 626F6F6C 		.ascii	"bool\000"
 461      00
 462              	.LASF29:
 463 0005 6465636C 		.ascii	"decltype(nullptr)\000"
 463      74797065 
 463      286E756C 
 463      6C707472 
 463      2900
 464              	.LASF28:
 465 0017 2F686F6D 		.ascii	"/home/kocur/wideband-2311-release/firmware/boards/f"
 465      652F6B6F 
 465      6375722F 
 465      77696465 
 465      62616E64 
 466 004a 305F6D6F 		.ascii	"0_module/bootloader\000"
 466      64756C65 
 466      2F626F6F 
 466      746C6F61 
 466      64657200 
 467              	.LASF18:
 468 005e 454E4142 		.ascii	"ENABLE\000"
 468      4C4500
 469              	.LASF9:
 470 0065 6C6F6E67 		.ascii	"long long unsigned int\000"
 470      206C6F6E 
 470      6720756E 
 470      7369676E 
 470      65642069 
 471              	.LASF4:
 472 007c 756E7369 		.ascii	"unsigned char\000"
 472      676E6564 
 472      20636861 
 472      7200
 473              	.LASF22:
 474 008a 53554343 		.ascii	"SUCCESS\000"
 474      45535300 
 475              	.LASF14:
 476 0092 466C6167 		.ascii	"FlagStatus\000"
 476      53746174 
 476      757300
 477              	.LASF23:
 478 009d 4572726F 		.ascii	"ErrorStatus\000"
 478      72537461 
 478      74757300 
 479              	.LASF8:
 480 00a9 6C6F6E67 		.ascii	"long unsigned int\000"
 480      20756E73 
 480      69676E65 
 480      6420696E 
 480      7400
 481              	.LASF13:
 482 00bb 52455345 		.ascii	"RESET\000"
 482      5400
ARM GAS  /tmp/ccgiNYBR.s 			page 10


 483              	.LASF31:
 484 00c1 63616E43 		.ascii	"canConfig500\000"
 484      6F6E6669 
 484      67353030 
 484      00
 485              	.LASF17:
 486 00ce 44495341 		.ascii	"DISABLE\000"
 486      424C4500 
 487              	.LASF19:
 488 00d6 46756E63 		.ascii	"FunctionalState\000"
 488      74696F6E 
 488      616C5374 
 488      61746500 
 489              	.LASF27:
 490 00e6 2E2E2F70 		.ascii	"../port_shared.cpp\000"
 490      6F72745F 
 490      73686172 
 490      65642E63 
 490      707000
 491              	.LASF10:
 492 00f9 5F5F7569 		.ascii	"__uint32_t\000"
 492      6E743332 
 492      5F7400
 493              	.LASF20:
 494 0104 31314572 		.ascii	"11ErrorStatus\000"
 494      726F7253 
 494      74617475 
 494      7300
 495              	.LASF0:
 496 0112 756E7369 		.ascii	"unsigned int\000"
 496      676E6564 
 496      20696E74 
 496      00
 497              	.LASF26:
 498 011f 474E5520 		.ascii	"GNU C++17 11.3.1 20220712 -mcpu=cortex-m0 -mthumb -"
 498      432B2B31 
 498      37203131 
 498      2E332E31 
 498      20323032 
 499 0152 6D666C6F 		.ascii	"mfloat-abi=soft -march=armv6s-m -ggdb -Os -std=c++1"
 499      61742D61 
 499      62693D73 
 499      6F667420 
 499      2D6D6172 
 500 0185 37202D66 		.ascii	"7 -fomit-frame-pointer -falign-functions=16 -fsingl"
 500      6F6D6974 
 500      2D667261 
 500      6D652D70 
 500      6F696E74 
 501 01b8 652D7072 		.ascii	"e-precision-constant -ffunction-sections -fdata-sec"
 501      65636973 
 501      696F6E2D 
 501      636F6E73 
 501      74616E74 
 502 01eb 74696F6E 		.ascii	"tions -fno-common -flto -fno-rtti -fno-exceptions -"
 502      73202D66 
 502      6E6F2D63 
ARM GAS  /tmp/ccgiNYBR.s 			page 11


 502      6F6D6D6F 
 502      6E202D66 
 503 021e 66666173 		.ascii	"ffast-math -funsafe-math-optimizations -fno-threads"
 503      742D6D61 
 503      7468202D 
 503      66756E73 
 503      6166652D 
 504 0251 6166652D 		.ascii	"afe-statics -fno-use-cxa-atexit\000"
 504      73746174 
 504      69637320 
 504      2D666E6F 
 504      2D757365 
 505              	.LASF12:
 506 0271 63686172 		.ascii	"char\000"
 506      00
 507              	.LASF25:
 508 0276 43414E43 		.ascii	"CANConfig\000"
 508      6F6E6669 
 508      6700
 509              	.LASF21:
 510 0280 4552524F 		.ascii	"ERROR\000"
 510      5200
 511              	.LASF1:
 512 0286 6C6F6E67 		.ascii	"long long int\000"
 512      206C6F6E 
 512      6720696E 
 512      7400
 513              	.LASF30:
 514 0294 3943414E 		.ascii	"9CANConfig\000"
 514      436F6E66 
 514      696700
 515              	.LASF16:
 516 029f 31354675 		.ascii	"15FunctionalState\000"
 516      6E637469 
 516      6F6E616C 
 516      53746174 
 516      6500
 517              	.LASF5:
 518 02b1 73686F72 		.ascii	"short int\000"
 518      7420696E 
 518      7400
 519              	.LASF11:
 520 02bb 75696E74 		.ascii	"uint32_t\000"
 520      33325F74 
 520      00
 521              	.LASF7:
 522 02c4 6C6F6E67 		.ascii	"long int\000"
 522      20696E74 
 522      00
 523              	.LASF2:
 524 02cd 6C6F6E67 		.ascii	"long double\000"
 524      20646F75 
 524      626C6500 
 525              	.LASF15:
 526 02d9 3130466C 		.ascii	"10FlagStatus\000"
 526      61675374 
 526      61747573 
ARM GAS  /tmp/ccgiNYBR.s 			page 12


 526      00
 527              	.LASF3:
 528 02e6 7369676E 		.ascii	"signed char\000"
 528      65642063 
 528      68617200 
 529              	.LASF6:
 530 02f2 73686F72 		.ascii	"short unsigned int\000"
 530      7420756E 
 530      7369676E 
 530      65642069 
 530      6E7400
 531              	.LASF32:
 532 0305 47657443 		.ascii	"GetCanConfig\000"
 532      616E436F 
 532      6E666967 
 532      00
 533              	.LASF33:
 534 0312 5F5A3132 		.ascii	"_Z12GetCanConfigv\000"
 534      47657443 
 534      616E436F 
 534      6E666967 
 534      7600
 535              		.section	.gnu.debuglto_.debug_line_str,"eMS",%progbits,1
 536              	.LASF42:
 537 0000 5F737464 		.ascii	"_stdint.h\000"
 537      696E742E 
 537      6800
 538              	.LASF45:
 539 000a 706F7274 		.ascii	"port_shared.cpp\000"
 539      5F736861 
 539      7265642E 
 539      63707000 
 540              	.LASF34:
 541 001a 2F686F6D 		.ascii	"/home/kocur/wideband-2311-release/firmware/boards/f"
 541      652F6B6F 
 541      6375722F 
 541      77696465 
 541      62616E64 
 542 004d 305F6D6F 		.ascii	"0_module/bootloader\000"
 542      64756C65 
 542      2F626F6F 
 542      746C6F61 
 542      64657200 
 543              	.LASF43:
 544 0061 73746D33 		.ascii	"stm32f0xx.h\000"
 544      32663078 
 544      782E6800 
 545              	.LASF37:
 546 006d 2E2E00   		.ascii	"..\000"
 547              	.LASF36:
 548 0070 2E2E2F2E 		.ascii	"../../../ChibiOS/os/hal/ports/STM32/LLD/CANv1\000"
 548      2E2F2E2E 
 548      2F436869 
 548      62694F53 
 548      2F6F732F 
 549              	.LASF35:
 550 009e 2E2E2F2E 		.ascii	"../../../ChibiOS/os/common/ext/ST/STM32F0xx\000"
ARM GAS  /tmp/ccgiNYBR.s 			page 13


 550      2E2F2E2E 
 550      2F436869 
 550      62694F53 
 550      2F6F732F 
 551              	.LASF41:
 552 00ca 5F646566 		.ascii	"_default_types.h\000"
 552      61756C74 
 552      5F747970 
 552      65732E68 
 552      00
 553              	.LASF44:
 554 00db 68616C5F 		.ascii	"hal_can_lld.h\000"
 554      63616E5F 
 554      6C6C642E 
 554      6800
 555              	.LASF40:
 556 00e9 2E2E2F70 		.ascii	"../port_shared.cpp\000"
 556      6F72745F 
 556      73686172 
 556      65642E63 
 556      707000
 557              	.LASF39:
 558 00fc 2F686F6D 		.ascii	"/home/kocur/.rusefi-tools/arm-gnu-toolchain-11.3.re"
 558      652F6B6F 
 558      6375722F 
 558      2E727573 
 558      6566692D 
 559 012f 6C312D78 		.ascii	"l1-x86_64-arm-none-eabi/arm-none-eabi/include/sys\000"
 559      38365F36 
 559      342D6172 
 559      6D2D6E6F 
 559      6E652D65 
 560              	.LASF38:
 561 0161 2F686F6D 		.ascii	"/home/kocur/.rusefi-tools/arm-gnu-toolchain-11.3.re"
 561      652F6B6F 
 561      6375722F 
 561      2E727573 
 561      6566692D 
 562 0194 6C312D78 		.ascii	"l1-x86_64-arm-none-eabi/arm-none-eabi/include/machi"
 562      38365F36 
 562      342D6172 
 562      6D2D6E6F 
 562      6E652D65 
 563 01c7 6E6500   		.ascii	"ne\000"
 564              		.text
 565              		.section	.gnu.lto_.profile.88036991fe4c664f,"e",%progbits
 566 0000 789C6362 		.ascii	"x\234cb\000\001\000\000\022\000\003"
 566      00010000 
 566      120003
 567              		.text
 568              		.section	.gnu.lto_.icf.88036991fe4c664f,"e",%progbits
 569 0000 789CE367 		.ascii	"x\234\343g@\000&\206\277\215\217.\36100\316?\363j.'"
 569      40002686 
 569      BF8D8F2E 
 569      F13030CE 
 569      3FF36A2E 
 570 0015 03003457 		.ascii	"\003\0004W\006L"
ARM GAS  /tmp/ccgiNYBR.s 			page 14


 570      064C
 571              		.text
 572              		.section	.gnu.lto_.ipa_sra.88036991fe4c664f,"e",%progbits
 573 0000 789C6365 		.ascii	"x\234ce@\000F\006\006f\006\000\000q\000\012"
 573      40004606 
 573      06660600 
 573      0071000A 
 574              		.text
 575              		.section	.gnu.lto_.inline.88036991fe4c664f,"e",%progbits
 576 0000 789C5365 		.ascii	"x\234Se@\000F\006\006\346\006 `Jad`b`h\0042\353\030"
 576      40004606 
 576      06E60620 
 576      604A6164 
 576      60626068 
 577 0018 18D82042 		.ascii	"\030\330 BL ! \000\000\241H\007\202"
 577      4C202120 
 577      0000A148 
 577      0782
 578              		.text
 579              		.section	.gnu.lto_.jmpfuncs.88036991fe4c664f,"e",%progbits
 580 0000 789C6365 		.ascii	"x\234ce@\000F\020\001\000\000k\000\007"
 580      40004610 
 580      0100006B 
 580      0007
 581              		.text
 582              		.section	.gnu.lto_.pureconst.88036991fe4c664f,"e",%progbits
 583 0000 789C6361 		.ascii	"x\234ca```dh`\001\000\0010\000\212"
 583      60606064 
 583      68600100 
 583      0130008A 
 584              		.text
 585              		.section	.gnu.lto_.ipa_modref.88036991fe4c664f,"e",%progbits
 586 0000 789C6362 		.ascii	"x\234cb@\006\000\000*\000\003"
 586      40060000 
 586      2A0003
 587              		.text
 588              		.section	.gnu.lto_.lto.88036991fe4c664f,"e",%progbits
 589 0000 0B000300 		.ascii	"\013\000\003\000\001\000\000\000"
 589      01000000 
 590              		.text
 591              		.section	.gnu.lto__ZL12canConfig500.186.88036991fe4c664f,"e",%progbits
 592 0000 789C9361 		.ascii	"x\234\223a```d\200\000VF\266z\306\326\206\017\020\306"
 592      60606064 
 592      80005646 
 592      B67AC6D6 
 592      860F10C6 
 593 0014 1306FBA6 		.ascii	"\023\006\373\246\216\006\216\332\352\035\214\225\333"
 593      8E068EDA 
 593      EA1D8C95 
 593      DB
 594 0021 1919007A 		.ascii	"\031\031\000z~\010\302"
 594      7E08C2
 595              		.text
 596              		.section	.gnu.lto__Z12GetCanConfigv.187.88036991fe4c664f,"e",%progbits
 597 0000 789C454D 		.ascii	"x\234EM\261J\003A\024|o\357N\213\024\026\301^\020\313"
 597      B14A0341 
 597      147C6FEF 
ARM GAS  /tmp/ccgiNYBR.s 			page 15


 597      4E8B1416 
 597      C15E10CB 
 598 0014 DC1AADEC 		.ascii	"\334\032\255\354\354\374\012\011\233\354\206\004\357"
 598      ECFC0A09 
 598      9BEC8604 
 598      EF
 599 0021 DC632FE1 		.ascii	"\334c/\341\020\011\367by\215\304Z\243\246J!X\252\250"
 599      1009F762 
 599      798DC45A 
 599      A3A64A21 
 599      58AAA8
 600 0034 70829636 		.ascii	"p\202\2266~\201\240\370\013Z\010\347^R\370`\3360\303"
 600      7E81A0F8 
 600      0B5A08E7 
 600      5E52F860 
 600      DE30C3
 601 0047 30730600 		.ascii	"0s\006\000\273\026k\026\350\000\236\2142\006D\264\275"
 601      BB166B16 
 601      E8009E8C 
 601      320644B4 
 601      BD
 602 0058 C87038CA 		.ascii	"\310p8\312\212\247U\274\303\231FH\031\246x\351x\270"
 602      8AA755BC 
 602      C3994648 
 602      19A678E9 
 602      78B8
 603 006a 5045D7FE 		.ascii	"PE\327\376e\\\341\317D?/_\357\037K\247\323\334Map\213"
 603      655CE1CF 
 603      443F2F5F 
 603      EF1F4BA7 
 603      D3DC4D61 
 604 0080 3708B3AB 		.ascii	"7\010\263\253\000\014\312R\213\3537/\247\337\342\230"
 604      000CCA52 
 604      8BEB372F 
 604      A7DFE298 
 605 0090 E8F513A7 		.ascii	"\350\365\023\247\214\001\214\235r\204\\\244\034\340"
 605      8C018C9D 
 605      72845CA4 
 605      1CE0
 606 009e DC617331 		.ascii	"\334as1\264\342\233\321\244\002\005;\272\330\262\023"
 606      B4E29BD1 
 606      A402053B 
 606      BAD8B213 
 607 00ae 87081E66 		.ascii	"\207\010\036f\226\017,_\241\233<\340=Bi<\316g\306\016"
 607      960F2C5F 
 607      A19B3CE0 
 607      3D42693C 
 607      CE67C60E 
 608 00c2 FE1701EC 		.ascii	"\376\027\001\354\360\216\016\025\337\323\255\276\341"
 608      F08E0E15 
 608      DFD3ADBE 
 608      E1
 609 00cf 4957AAA6 		.ascii	"IW\252\246\330\227\265\215\315z\275fT\240D\254x\273"
 609      D897B58D 
 609      CD7ABD66 
 609      54A044AC 
 609      78BB
ARM GAS  /tmp/ccgiNYBR.s 			page 16


 610 00e1 6BC24418 		.ascii	"k\302D\030\305\233Z\030\031\363\366z#\324\262\037\224"
 610      C59B5A18 
 610      19F3F67A 
 610      23D4B21F 
 610      94
 611 00f2 86EE055A 		.ascii	"\206\356\005ZHe\240\352\373<\322\246\327\210;6*\375"
 611      4865A0EA 
 611      FB3CD2A6 
 611      D7883B36 
 611      2AFD
 612 0104 5614C11F 		.ascii	"V\024\301\037f\\XB"
 612      665C5842 
 613              		.text
 614              		.section	.gnu.lto_.symbol_nodes.88036991fe4c664f,"e",%progbits
 615 0000 789C5361 		.ascii	"x\234Sa\000\002\246\335\214\365\014\015@\300\3028\341"
 615      0002A6DD 
 615      8CF50C0D 
 615      40C0C238 
 615      E1
 616 0011 1C03433D 		.ascii	"\034\003C=\003\303\256\206FF\240\004\353.F\306\006'"
 616      03C3AE86 
 616      4646A004 
 616      EB2E46C6 
 616      0627
 617 0023 06066606 		.ascii	"\006\006f\006\000\271f\010\206"
 617      00B96608 
 617      86
 618              		.text
 619              		.section	.gnu.lto_.refs.88036991fe4c664f,"e",%progbits
 620 0000 789C6367 		.ascii	"x\234cg```d`bdb`\000\000\000s\000\016"
 620      60606064 
 620      60626462 
 620      60000000 
 620      73000E
 621              		.text
 622              		.section	.gnu.lto_.decls.88036991fe4c664f,"e",%progbits
 623 0000 789C6552 		.ascii	"x\234eR_h[e\024\377\316\315\265\273\355\"i\366\0072"
 623      5F685B65 
 623      14FFCECD 
 623      B5BBED22 
 623      69F60732 
 624 0014 F5A1F862 		.ascii	"\365\241\370bYIn\222\322\216\201\017\225\014:h\335\036"
 624      59496E92 
 624      D28E810F 
 624      950C3A68 
 624      DD1E
 625 0026 365F7C09 		.ascii	"6_|\011\371sk\302\362\247\334\244\335^\204s\323\273"
 625      F9736BC2 
 625      F2A7DCA4 
 625      DD5E8473 
 625      D3BB
 626 0038 18DCEC6E 		.ascii	"\030\334\354nDX\010\245^\202{\030\202\026Ql;\267^\323"
 626      445808A5 
 626      5E827B18 
 626      8216516C 
 626      3BB75ED3 
 627 004c B49DB56E 		.ascii	"\264\235\265n\335\326\255\233\372P\252H\305Q\273\011"
ARM GAS  /tmp/ccgiNYBR.s 			page 17


 627      DDD6AD9B 
 627      FA50AA48 
 627      C551BB09 
 628 005c D287393D 		.ascii	"\322\2079=7\311J\230\227\234\234\357;\277\363\373}\347"
 628      37C94A98 
 628      979C9CEF 
 628      3BBFF3FB 
 628      7DE7
 629 006e FBDDEBB7 		.ascii	"\373\335\353\2670v\034\030;\312\030\373\227\036\332"
 629      30761C18 
 629      3BCA18FB 
 629      971EDA
 630 007d B23B141C 		.ascii	"\262;\024\034\305\002\305*\305\347\204\363\224\227\353"
 630      C502C52A 
 630      C5E784F3 
 630      9497EB
 631 008c D85D8ADB 		.ascii	"\330]\212\333\024\027\250\376\002\345\373\365\336\007"
 631      1417A8FE 
 631      02E5FBF5 
 631      DE07
 632 009a F5FE7B14 		.ascii	"\365\376{\024<7~\371\352\305\335\217\000\021\257\243"
 632      3C377EF9 
 632      EAC5DD8F 
 632      0011AFA3 
 633 00aa A15404AD 		.ascii	"\241T\004\255\264\201\023\210\2038\277Q(f7r\366|\206"
 633      B4811388 
 633      8338BF51 
 633      28663772 
 633      F67C86
 634 00bd B0891CBE 		.ascii	"\260\211\034\276T\240r\261\270\246q\272\005U\252\341"
 634      54A072B1 
 634      B8A671BA 
 634      0555AAE1 
 635 00cd 8815BFA4 		.ascii	"\210\025\277\244\224\211\340H\326\334\237w\350#X}\226"
 635      9489E048 
 635      D6DC9F77 
 635      E823587D 
 635      96
 636 00de 018D2C4E 		.ascii	"\001\215,N\030M\245Y\314\026\260\277X\236\267RYS~\233"
 636      184DA559 
 636      CC16B0BF 
 636      589EB752 
 636      59537E9B 
 637 00f2 3A535C9B 		.ascii	":S\\\233\303\242z\035JH\347\351x\376\000\001\037\240"
 637      C3A27A1D 
 637      4A48E7E9 
 637      78FE0001 
 637      1FA0
 638 0104 9A53ACCA 		.ascii	"\232S\254\312\372\357[\272\216\200\272\221\323JF\316"
 638      FAEF5BBA 
 638      8E80BA91 
 638      D34A46CE 
 639 0114 6EFE296B 		.ascii	"n\376)ks9\310\227\014M\311\364\344Kj\316\014{\236:\362"
 639      7339C897 
 639      0C4DC9F4 
 639      E44B6ACE 
 639      0C7B9E3A 
ARM GAS  /tmp/ccgiNYBR.s 			page 18


 640 0129 1915A903 		.ascii	"\031\025\251\003\025\342\013\032\011`\006sp\221F\323"
 640      15E20B1A 
 640      09600673 
 640      709146D3 
 641 0139 F08856AA 		.ascii	"\360\210V\252P\003\325ixMW\261U!\006~RA\273\216D%\324"
 641      5003D569 
 641      784D57B1 
 641      5521067E 
 641      5241BB8E 
 642 0150 9E2761CC 		.ascii	"\236'a\314\320B\241\235\202\006\365\240\203,a\244\307"
 642      D042A19D 
 642      8206F5A0 
 642      832C61A4 
 642      C7
 643 0161 99D7426C 		.ascii	"\231\327BlC\035i\034\245\207\347\326\037\3775-<6m*\354"
 643      431D691C 
 643      A587E7D6 
 643      1FFF352D 
 643      3C366D2A 
 644 0176 63FBB51E 		.ascii	"c\373\265\036\306\334\255\302\313Lp\262\256\332\225"
 644      C6DCADC2 
 644      CB4C70B2 
 644      AEDA95
 645 0185 3341360D 		.ascii	"3A6\015&\235\365Y\005\2115\355\005\256i?\264R\346)\267"
 645      269DF559 
 645      058935ED 
 645      05AE693F 
 645      B452E629 
 646 019a 093213DE 		.ascii	"\0112\023\336e<\277\262\364w\326\346pU)9\243J\250\300"
 646      653CBFB2 
 646      F477D6E6 
 646      70552939 
 646      A34AA8C0 
 647 01ae 2C5C81DA 		.ascii	",\\\201\332\301\333\037/\336\374\345\325\256Y(\327J"
 647      C1DB1F2F 
 647      DEFCE5D5 
 647      AE5928D7 
 647      4A
 648 01bf EC5BA077 		.ascii	"\354[\240w\244\236\373\347\306n\207I1\352\234\3623\016"
 648      A49EFBE7 
 648      C66E8749 
 648      31EA9CF2 
 648      330E
 649 01d1 CF8D4EBF 		.ascii	"\317\215N\277\227m\336c n\241^\346\347\300\200\031\002"
 649      976DDE63 
 649      206EA15E 
 649      E6E7C080 
 649      1902
 650 01e3 E6CD8F81 		.ascii	"\346\315\217\201\333|\362\323\342\256W\210\367\020q"
 650      DB7CF2D3 
 650      E2AE5788 
 650      F71071
 651 01f2 DF3C5C83 		.ascii	"\337<\\\203\253T^\000\366\250\312\314o\252\343\273\332"
 651      AB545E00 
 651      F6A8CACC 
 651      6FAAE3BB 
 651      DA
ARM GAS  /tmp/ccgiNYBR.s 			page 19


 652 0203 C70AB83D 		.ascii	"\307\012\270=\371\341\370\31114\3147\315/\3007\365\263"
 652      F9E1F8C9 
 652      3134CC37 
 652      CD2FC037 
 652      F5B3
 653 0215 A7804DC2 		.ascii	"\247\200M\302\327\320\267\314\011:g\336H\240\233\030"
 653      D7D0B7CC 
 653      093A67DE 
 653      48A09B18 
 654 0225 4CF88263 		.ascii	"L\370\202c\302\014\025\332\301\374\024m\224\2310\313"
 654      C20C15DA 
 654      C1FC146D 
 654      949930CB 
 655 0235 91E0677F 		.ascii	"\221\340g\177\254\257\265\330\252\243\030j3\253N\262"
 655      ACAFB5D8 
 655      AAA3186A 
 655      33AB4EB2 
 656 0245 0CEDEC26 		.ascii	"\014\355\354&\334\000a\211:\204\251?7\037\302A\207\353"
 656      DC006189 
 656      3A84A93F 
 656      371FC241 
 656      87EB
 657 0257 20356D5F 		.ascii	" 5m_\033}\377S\333X\306P\255\267\3406\254\324'\3670"
 657      1B7DFF53 
 657      DB58C650 
 657      ADB7E036 
 657      ACD427F7 
 658 026c 229A5EA8 		.ascii	"\"\232^\250d\020\317\276\207E`w\011\275\002\367\340"
 658      6410CFBE 
 658      87456077 
 658      09BD02F7 
 658      E0
 659 027d 4EDDA6AD 		.ascii	"N\335\246\255s\247\330J\243G\346\231O._\030\005M\261"
 659      73A7D84A 
 659      A347E699 
 659      4F2E5F18 
 659      054DB1
 660 0290 DC821F1A 		.ascii	"\334\202\037\032\305:i\260\263\227\346f^4\015T\215\035"
 660      C53A69B0 
 660      B397E666 
 660      5E340D54 
 660      8D1D
 661 02a2 CD72A366 		.ascii	"\315r\243f\307G\232\351\302\331\327\360\350*,Q\275\332"
 661      C7479AE9 
 661      C2D9D7F0 
 661      E82A2C51 
 661      BDDA
 662 02b4 C2BE03F8 		.ascii	"\302\276\003\370\012\372*\034\317=}z\351W\313\216\313"
 662      0AFA2A1C 
 662      CF3D7D7A 
 662      E957CB8E 
 662      CB
 663 02c5 AB75F907 		.ascii	"\253u\371\007U\227'7\357\377l\263?\217\375h\352Z<\335"
 663      55972737 
 663      EFFF6CB3 
 663      3F8FFD68 
 663      EA5A3CDD 
ARM GAS  /tmp/ccgiNYBR.s 			page 20


 664 02d9 AC3920C7 		.ascii	"\2549 \307\207\273S\3168k\011%\345\264t\306\031w3\273"
 664      87BB53CE 
 664      386B0925 
 664      E5B474C6 
 664      197733BB 
 665 02ed FF6D8FB7 		.ascii	"\377m\217\267WJ\373\002\011_21\020}gx\217\313%\016\022"
 665      574AFB02 
 665      095F3231 
 665      107D6778 
 665      8FCB250E 
 666 0302 EE4F4502 		.ascii	"\356OE\002\262\024v\205\006\007[z\217\275\325\346\353"
 666      B2147685 
 666      06075B7A 
 666      8FBDD5E6 
 666      EB
 667 0313 E8F01C62 		.ascii	"\350\360\034b\007\236\203\\\322\241n\257\324\025>\314"
 667      079E835C 
 667      D2A16EAF 
 667      D4153ECC 
 668 0323 AC8D2A2D 		.ascii	"\254\215*-\207}o\034\253-\233wV\275b$\031\227\304S\311"
 668      877D6F1C 
 668      AB2D9B77 
 668      56BD6224 
 668      1997C453 
 669 0338 D0902C9E 		.ascii	"\320\220,\236\216\206\245` \021vz;=\036\247,\305\244"
 669      8E86A560 
 669      2011767A 
 669      3B3D1EA7 
 669      2CC5A4
 670 034b 404A1207 		.ascii	"@J\022\007\242r\3744i\213\301d@\016\247\304\001\267"
 670      A272FC34 
 670      698BC164 
 670      400EA7C4 
 670      01B7
 671 035d 3F9E0C0F 		.ascii	"?\236\014\017\305\314B2\035K\006\302\222\314^\247\011"
 671      C5CC4232 
 671      1D4B06C2 
 671      92CC5EA7 
 671      09
 672 036e 6B3F5F24 		.ascii	"k?_$\032\214\036?!&Sb$\020\253\216\235\022O\234|\263"
 672      1A8C1E3F 
 672      21265362 
 672      2410AB8E 
 672      9D124F9C 
 673 0384 D32BF6F7 		.ascii	"\323+\366\367\037\021\351\344a\217\211\370C\201\204"
 673      1F11E9E4 
 673      618F89F8 
 673      438184
 674 0393 3F160BBB 		.ascii	"?\026\013\273\"l\357\377\257g\232\320\357\361\206\236"
 674      226CEFFF 
 674      AF679AD0 
 674      EFF1869E 
 675 03a3 0DDFE576 		.ascii	"\015\337\345v[\0337\226xH\026\206\242\211t\247\327\237"
 675      5B1B3796 
 675      78481686 
 675      A28974A7 
 675      D79F
ARM GAS  /tmp/ccgiNYBR.s 			page 21


 676 03b5 B604D3F2 		.ascii	"\266\004\323\362\177\316R\323\202"
 676      7FCE52D3 
 676      82
 677              		.text
 678              		.section	.gnu.lto_.symtab.88036991fe4c664f,"e",%progbits
 679 0000 5F5A3132 		.ascii	"_Z12GetCanConfigv\000"
 679      47657443 
 679      616E436F 
 679      6E666967 
 679      7600
 680 0012 00       		.ascii	"\000"
 681 0013 00       		.ascii	"\000"
 682 0014 00       		.ascii	"\000"
 683 0015 00000000 		.ascii	"\000\000\000\000\000\000\000\000"
 683      00000000 
 684 001d C7000000 		.ascii	"\307\000\000\000"
 685              		.text
 686              		.section	.gnu.lto_.ext_symtab.88036991fe4c664f,"e",%progbits
 687 0000 01       		.ascii	"\001"
 688 0001 01       		.ascii	"\001"
 689 0002 00       		.ascii	"\000"
 690              		.text
 691              		.section	.gnu.lto_.opts,"e",%progbits
 692 0000 272D666E 		.ascii	"'-fno-openmp' '-fno-openacc' '-fno-pie' '-fcf-prote"
 692      6F2D6F70 
 692      656E6D70 
 692      2720272D 
 692      666E6F2D 
 693 0033 6374696F 		.ascii	"ction=none' '-g' '-mcpu=cortex-m0' '-mthumb' '-mflo"
 693      6E3D6E6F 
 693      6E652720 
 693      272D6727 
 693      20272D6D 
 694 0066 61742D61 		.ascii	"at-abi=soft' '-mlibarch=armv6s-m' '-march=armv6s-m'"
 694      62693D73 
 694      6F667427 
 694      20272D6D 
 694      6C696261 
 695 0099 20272D4F 		.ascii	" '-Os' '-fomit-frame-pointer' '-falign-functions=16"
 695      73272027 
 695      2D666F6D 
 695      69742D66 
 695      72616D65 
 696 00cc 2720272D 		.ascii	"' '-fsingle-precision-constant' '-ffunction-section"
 696      6673696E 
 696      676C652D 
 696      70726563 
 696      6973696F 
 697 00ff 73272027 		.ascii	"s' '-fdata-sections' '-fno-common' '-flto' '-fno-ex"
 697      2D666461 
 697      74612D73 
 697      65637469 
 697      6F6E7327 
 698 0132 63657074 		.ascii	"ceptions' '-ffast-math' '-funsafe-math-optimization"
 698      696F6E73 
 698      2720272D 
 698      66666173 
ARM GAS  /tmp/ccgiNYBR.s 			page 22


 698      742D6D61 
 699 0165 73272027 		.ascii	"s' '-Xassembler' '-alms=./build/lst/port_shared.lst"
 699      2D586173 
 699      73656D62 
 699      6C657227 
 699      20272D61 
 700 0198 2700     		.ascii	"'\000"
 701              		.text
 702              		.comm	__gnu_lto_slim,1,1
 703              		.ident	"GCC: (Arm GNU Toolchain 11.3.Rel1) 11.3.1 20220712"
ARM GAS  /tmp/ccgiNYBR.s 			page 23


DEFINED SYMBOLS
                            *ABS*:0000000000000000 port_shared.cpp
     /tmp/ccgiNYBR.s:21     .gnu.debuglto_.debug_info:0000000000000000 port_shared.cpp.e762e5d9
                            *COM*:0000000000000001 __gnu_lto_slim

NO UNDEFINED SYMBOLS
