ARM GAS  /tmp/ccQ8aByk.s 			page 1


   1              		.cpu cortex-m0
   2              		.arch armv6s-m
   3              		.fpu softvfp
   4              		.eabi_attribute 20, 1
   5              		.eabi_attribute 21, 1
   6              		.eabi_attribute 23, 3
   7              		.eabi_attribute 24, 1
   8              		.eabi_attribute 25, 1
   9              		.eabi_attribute 26, 1
  10              		.eabi_attribute 30, 4
  11              		.eabi_attribute 34, 0
  12              		.eabi_attribute 18, 4
  13              		.file	"stm32_isr.c"
  14              		.file 1 "/home/kocur/.rusefi-tools/arm-gnu-toolchain-11.3.rel1-x86_64-arm-none-eabi/arm-none-eabi/
  15              		.file 2 "/home/kocur/.rusefi-tools/arm-gnu-toolchain-11.3.rel1-x86_64-arm-none-eabi/arm-none-eabi/
  16              		.file 3 "../../../ChibiOS/os/hal/ports/common/ARMCMx/nvic.h"
  17              		.file 4 "../../../ChibiOS/os/hal/ports/STM32/STM32F0xx/stm32_isr.c"
  18              		.file 5 "../../../ChibiOS/os/common/ext/ST/STM32F0xx/stm32f042x6.h"
  19              		.section	.gnu.debuglto_.debug_info,"e",%progbits
  20              	.Ldebug_info0:
  21              		.hidden	stm32_isr.c.18c4c6f6
  22              		.weak	stm32_isr.c.18c4c6f6
  23              	stm32_isr.c.18c4c6f6:
  24 0000 93010000 		.4byte	0x193
  25 0004 0500     		.2byte	0x5
  26 0006 01       		.byte	0x1
  27 0007 04       		.byte	0x4
  28 0008 00000000 		.4byte	.Ldebug_abbrev0
  29 000c 07       		.uleb128 0x7
  30 000d 90020000 		.4byte	.LASF50
  31 0011 1D       		.byte	0x1d
  32 0012 2B020000 		.4byte	.LASF51
  33 0016 3A000000 		.4byte	.LASF52
  34 001a 00000000 		.4byte	.Ldebug_line0
  35 001e 08       		.uleb128 0x8
  36 001f 04       		.byte	0x4
  37 0020 05       		.byte	0x5
  38 0021 696E7400 		.ascii	"int\000"
  39 0025 02       		.uleb128 0x2
  40 0026 04       		.byte	0x4
  41 0027 07       		.byte	0x7
  42 0028 C8010000 		.4byte	.LASF0
  43 002c 02       		.uleb128 0x2
  44 002d 08       		.byte	0x8
  45 002e 05       		.byte	0x5
  46 002f 0E020000 		.4byte	.LASF1
  47 0033 02       		.uleb128 0x2
  48 0034 08       		.byte	0x8
  49 0035 04       		.byte	0x4
  50 0036 79030000 		.4byte	.LASF2
  51 003a 02       		.uleb128 0x2
  52 003b 01       		.byte	0x1
  53 003c 06       		.byte	0x6
  54 003d EC010000 		.4byte	.LASF3
  55 0041 02       		.uleb128 0x2
  56 0042 01       		.byte	0x1
  57 0043 08       		.byte	0x8
ARM GAS  /tmp/ccQ8aByk.s 			page 2


  58 0044 F2000000 		.4byte	.LASF4
  59 0048 02       		.uleb128 0x2
  60 0049 02       		.byte	0x2
  61 004a 05       		.byte	0x5
  62 004b 77010000 		.4byte	.LASF5
  63 004f 02       		.uleb128 0x2
  64 0050 02       		.byte	0x2
  65 0051 07       		.byte	0x7
  66 0052 26010000 		.4byte	.LASF6
  67 0056 02       		.uleb128 0x2
  68 0057 04       		.byte	0x4
  69 0058 05       		.byte	0x5
  70 0059 70030000 		.4byte	.LASF7
  71 005d 05       		.uleb128 0x5
  72 005e 39010000 		.4byte	.LASF10
  73 0062 01       		.byte	0x1
  74 0063 4F       		.byte	0x4f
  75 0064 19       		.byte	0x19
  76 0065 69000000 		.4byte	0x69
  77 0069 02       		.uleb128 0x2
  78 006a 04       		.byte	0x4
  79 006b 07       		.byte	0x7
  80 006c 4D010000 		.4byte	.LASF8
  81 0070 02       		.uleb128 0x2
  82 0071 08       		.byte	0x8
  83 0072 07       		.byte	0x7
  84 0073 D5010000 		.4byte	.LASF9
  85 0077 05       		.uleb128 0x5
  86 0078 67030000 		.4byte	.LASF11
  87 007c 02       		.byte	0x2
  88 007d 30       		.byte	0x30
  89 007e 14       		.byte	0x14
  90 007f 5D000000 		.4byte	0x5d
  91 0083 02       		.uleb128 0x2
  92 0084 01       		.byte	0x1
  93 0085 08       		.byte	0x8
  94 0086 1C020000 		.4byte	.LASF12
  95 008a 09       		.uleb128 0x9
  96 008b 05       		.byte	0x5
  97 008c 01       		.byte	0x1
  98 008d 3A000000 		.4byte	0x3a
  99 0091 05       		.byte	0x5
 100 0092 55       		.byte	0x55
 101 0093 01       		.byte	0x1
 102 0094 59010000 		.4byte	0x159
 103 0098 03       		.uleb128 0x3
 104 0099 8B000000 		.4byte	.LASF13
 105 009d 72       		.sleb128 -14
 106 009e 03       		.uleb128 0x3
 107 009f B9010000 		.4byte	.LASF14
 108 00a3 73       		.sleb128 -13
 109 00a4 03       		.uleb128 0x3
 110 00a5 0A010000 		.4byte	.LASF15
 111 00a9 7B       		.sleb128 -5
 112 00aa 03       		.uleb128 0x3
 113 00ab AD010000 		.4byte	.LASF16
 114 00af 7E       		.sleb128 -2
ARM GAS  /tmp/ccQ8aByk.s 			page 3


 115 00b0 03       		.uleb128 0x3
 116 00b1 A9000000 		.4byte	.LASF17
 117 00b5 7F       		.sleb128 -1
 118 00b6 01       		.uleb128 0x1
 119 00b7 00010000 		.4byte	.LASF18
 120 00bb 00       		.byte	0
 121 00bc 01       		.uleb128 0x1
 122 00bd B6000000 		.4byte	.LASF19
 123 00c1 01       		.byte	0x1
 124 00c2 01       		.uleb128 0x1
 125 00c3 44010000 		.4byte	.LASF20
 126 00c7 02       		.byte	0x2
 127 00c8 01       		.uleb128 0x1
 128 00c9 03020000 		.4byte	.LASF21
 129 00cd 03       		.byte	0x3
 130 00ce 01       		.uleb128 0x1
 131 00cf 83020000 		.4byte	.LASF22
 132 00d3 04       		.byte	0x4
 133 00d4 01       		.uleb128 0x1
 134 00d5 2D000000 		.4byte	.LASF23
 135 00d9 05       		.byte	0x5
 136 00da 01       		.uleb128 0x1
 137 00db 13000000 		.4byte	.LASF24
 138 00df 06       		.byte	0x6
 139 00e0 01       		.uleb128 0x1
 140 00e1 5F010000 		.4byte	.LASF25
 141 00e5 07       		.byte	0x7
 142 00e6 01       		.uleb128 0x1
 143 00e7 13010000 		.4byte	.LASF26
 144 00eb 08       		.byte	0x8
 145 00ec 01       		.uleb128 0x1
 146 00ed 00000000 		.4byte	.LASF27
 147 00f1 09       		.byte	0x9
 148 00f2 01       		.uleb128 0x1
 149 00f3 D2000000 		.4byte	.LASF28
 150 00f7 0A       		.byte	0xa
 151 00f8 01       		.uleb128 0x1
 152 00f9 81010000 		.4byte	.LASF29
 153 00fd 0B       		.byte	0xb
 154 00fe 01       		.uleb128 0x1
 155 00ff 1C010000 		.4byte	.LASF30
 156 0103 0C       		.byte	0xc
 157 0104 01       		.uleb128 0x1
 158 0105 C2030000 		.4byte	.LASF31
 159 0109 0D       		.byte	0xd
 160 010a 01       		.uleb128 0x1
 161 010b 20000000 		.4byte	.LASF32
 162 010f 0E       		.byte	0xe
 163 0110 01       		.uleb128 0x1
 164 0111 6D010000 		.4byte	.LASF33
 165 0115 0F       		.byte	0xf
 166 0116 01       		.uleb128 0x1
 167 0117 9F000000 		.4byte	.LASF34
 168 011b 10       		.byte	0x10
 169 011c 01       		.uleb128 0x1
 170 011d F8010000 		.4byte	.LASF35
 171 0121 13       		.byte	0x13
ARM GAS  /tmp/ccQ8aByk.s 			page 4


 172 0122 01       		.uleb128 0x1
 173 0123 65020000 		.4byte	.LASF36
 174 0127 15       		.byte	0x15
 175 0128 01       		.uleb128 0x1
 176 0129 E7000000 		.4byte	.LASF37
 177 012d 16       		.byte	0x16
 178 012e 01       		.uleb128 0x1
 179 012f 79020000 		.4byte	.LASF38
 180 0133 17       		.byte	0x17
 181 0134 01       		.uleb128 0x1
 182 0135 A3010000 		.4byte	.LASF39
 183 0139 19       		.byte	0x19
 184 013a 01       		.uleb128 0x1
 185 013b 21020000 		.4byte	.LASF40
 186 013f 1A       		.byte	0x1a
 187 0140 01       		.uleb128 0x1
 188 0141 85030000 		.4byte	.LASF41
 189 0145 1B       		.byte	0x1b
 190 0146 01       		.uleb128 0x1
 191 0147 C6000000 		.4byte	.LASF42
 192 014b 1C       		.byte	0x1c
 193 014c 01       		.uleb128 0x1
 194 014d 96010000 		.4byte	.LASF43
 195 0151 1E       		.byte	0x1e
 196 0152 01       		.uleb128 0x1
 197 0153 70020000 		.4byte	.LASF44
 198 0157 1F       		.byte	0x1f
 199 0158 00       		.byte	0
 200 0159 02       		.uleb128 0x2
 201 015a 01       		.byte	0x1
 202 015b 02       		.byte	0x2
 203 015c A3030000 		.4byte	.LASF45
 204 0160 06       		.uleb128 0x6
 205 0161 91030000 		.4byte	.LASF46
 206 0165 50       		.byte	0x50
 207 0166 70010000 		.4byte	0x170
 208 016a 04       		.uleb128 0x4
 209 016b 77000000 		.4byte	0x77
 210 016f 00       		.byte	0
 211 0170 06       		.uleb128 0x6
 212 0171 A9030000 		.4byte	.LASF47
 213 0175 4F       		.byte	0x4f
 214 0176 85010000 		.4byte	0x185
 215 017a 04       		.uleb128 0x4
 216 017b 77000000 		.4byte	0x77
 217 017f 04       		.uleb128 0x4
 218 0180 77000000 		.4byte	0x77
 219 0184 00       		.byte	0
 220 0185 0A       		.uleb128 0xa
 221 0186 81000000 		.4byte	.LASF48
 222 018a 04       		.byte	0x4
 223 018b 0F01     		.2byte	0x10f
 224 018d 06       		.byte	0x6
 225 018e 0B       		.uleb128 0xb
 226 018f BA030000 		.4byte	.LASF49
 227 0193 04       		.byte	0x4
 228 0194 FB       		.byte	0xfb
ARM GAS  /tmp/ccQ8aByk.s 			page 5


 229 0195 06       		.byte	0x6
 230 0196 00       		.byte	0
 231              		.section	.gnu.debuglto_.debug_abbrev,"e",%progbits
 232              	.Ldebug_abbrev0:
 233 0000 01       		.uleb128 0x1
 234 0001 28       		.uleb128 0x28
 235 0002 00       		.byte	0
 236 0003 03       		.uleb128 0x3
 237 0004 0E       		.uleb128 0xe
 238 0005 1C       		.uleb128 0x1c
 239 0006 0B       		.uleb128 0xb
 240 0007 00       		.byte	0
 241 0008 00       		.byte	0
 242 0009 02       		.uleb128 0x2
 243 000a 24       		.uleb128 0x24
 244 000b 00       		.byte	0
 245 000c 0B       		.uleb128 0xb
 246 000d 0B       		.uleb128 0xb
 247 000e 3E       		.uleb128 0x3e
 248 000f 0B       		.uleb128 0xb
 249 0010 03       		.uleb128 0x3
 250 0011 0E       		.uleb128 0xe
 251 0012 00       		.byte	0
 252 0013 00       		.byte	0
 253 0014 03       		.uleb128 0x3
 254 0015 28       		.uleb128 0x28
 255 0016 00       		.byte	0
 256 0017 03       		.uleb128 0x3
 257 0018 0E       		.uleb128 0xe
 258 0019 1C       		.uleb128 0x1c
 259 001a 0D       		.uleb128 0xd
 260 001b 00       		.byte	0
 261 001c 00       		.byte	0
 262 001d 04       		.uleb128 0x4
 263 001e 05       		.uleb128 0x5
 264 001f 00       		.byte	0
 265 0020 49       		.uleb128 0x49
 266 0021 13       		.uleb128 0x13
 267 0022 00       		.byte	0
 268 0023 00       		.byte	0
 269 0024 05       		.uleb128 0x5
 270 0025 16       		.uleb128 0x16
 271 0026 00       		.byte	0
 272 0027 03       		.uleb128 0x3
 273 0028 0E       		.uleb128 0xe
 274 0029 3A       		.uleb128 0x3a
 275 002a 0B       		.uleb128 0xb
 276 002b 3B       		.uleb128 0x3b
 277 002c 0B       		.uleb128 0xb
 278 002d 39       		.uleb128 0x39
 279 002e 0B       		.uleb128 0xb
 280 002f 49       		.uleb128 0x49
 281 0030 13       		.uleb128 0x13
 282 0031 00       		.byte	0
 283 0032 00       		.byte	0
 284 0033 06       		.uleb128 0x6
 285 0034 2E       		.uleb128 0x2e
ARM GAS  /tmp/ccQ8aByk.s 			page 6


 286 0035 01       		.byte	0x1
 287 0036 3F       		.uleb128 0x3f
 288 0037 19       		.uleb128 0x19
 289 0038 03       		.uleb128 0x3
 290 0039 0E       		.uleb128 0xe
 291 003a 3A       		.uleb128 0x3a
 292 003b 21       		.uleb128 0x21
 293 003c 03       		.sleb128 3
 294 003d 3B       		.uleb128 0x3b
 295 003e 0B       		.uleb128 0xb
 296 003f 39       		.uleb128 0x39
 297 0040 21       		.uleb128 0x21
 298 0041 08       		.sleb128 8
 299 0042 27       		.uleb128 0x27
 300 0043 19       		.uleb128 0x19
 301 0044 3C       		.uleb128 0x3c
 302 0045 19       		.uleb128 0x19
 303 0046 01       		.uleb128 0x1
 304 0047 13       		.uleb128 0x13
 305 0048 00       		.byte	0
 306 0049 00       		.byte	0
 307 004a 07       		.uleb128 0x7
 308 004b 11       		.uleb128 0x11
 309 004c 01       		.byte	0x1
 310 004d 25       		.uleb128 0x25
 311 004e 0E       		.uleb128 0xe
 312 004f 13       		.uleb128 0x13
 313 0050 0B       		.uleb128 0xb
 314 0051 03       		.uleb128 0x3
 315 0052 0E       		.uleb128 0xe
 316 0053 1B       		.uleb128 0x1b
 317 0054 0E       		.uleb128 0xe
 318 0055 10       		.uleb128 0x10
 319 0056 17       		.uleb128 0x17
 320 0057 00       		.byte	0
 321 0058 00       		.byte	0
 322 0059 08       		.uleb128 0x8
 323 005a 24       		.uleb128 0x24
 324 005b 00       		.byte	0
 325 005c 0B       		.uleb128 0xb
 326 005d 0B       		.uleb128 0xb
 327 005e 3E       		.uleb128 0x3e
 328 005f 0B       		.uleb128 0xb
 329 0060 03       		.uleb128 0x3
 330 0061 08       		.uleb128 0x8
 331 0062 00       		.byte	0
 332 0063 00       		.byte	0
 333 0064 09       		.uleb128 0x9
 334 0065 04       		.uleb128 0x4
 335 0066 01       		.byte	0x1
 336 0067 3E       		.uleb128 0x3e
 337 0068 0B       		.uleb128 0xb
 338 0069 0B       		.uleb128 0xb
 339 006a 0B       		.uleb128 0xb
 340 006b 49       		.uleb128 0x49
 341 006c 13       		.uleb128 0x13
 342 006d 3A       		.uleb128 0x3a
ARM GAS  /tmp/ccQ8aByk.s 			page 7


 343 006e 0B       		.uleb128 0xb
 344 006f 3B       		.uleb128 0x3b
 345 0070 0B       		.uleb128 0xb
 346 0071 39       		.uleb128 0x39
 347 0072 0B       		.uleb128 0xb
 348 0073 01       		.uleb128 0x1
 349 0074 13       		.uleb128 0x13
 350 0075 00       		.byte	0
 351 0076 00       		.byte	0
 352 0077 0A       		.uleb128 0xa
 353 0078 2E       		.uleb128 0x2e
 354 0079 00       		.byte	0
 355 007a 3F       		.uleb128 0x3f
 356 007b 19       		.uleb128 0x19
 357 007c 03       		.uleb128 0x3
 358 007d 0E       		.uleb128 0xe
 359 007e 3A       		.uleb128 0x3a
 360 007f 0B       		.uleb128 0xb
 361 0080 3B       		.uleb128 0x3b
 362 0081 05       		.uleb128 0x5
 363 0082 39       		.uleb128 0x39
 364 0083 0B       		.uleb128 0xb
 365 0084 27       		.uleb128 0x27
 366 0085 19       		.uleb128 0x19
 367 0086 00       		.byte	0
 368 0087 00       		.byte	0
 369 0088 0B       		.uleb128 0xb
 370 0089 2E       		.uleb128 0x2e
 371 008a 00       		.byte	0
 372 008b 3F       		.uleb128 0x3f
 373 008c 19       		.uleb128 0x19
 374 008d 03       		.uleb128 0x3
 375 008e 0E       		.uleb128 0xe
 376 008f 3A       		.uleb128 0x3a
 377 0090 0B       		.uleb128 0xb
 378 0091 3B       		.uleb128 0x3b
 379 0092 0B       		.uleb128 0xb
 380 0093 39       		.uleb128 0x39
 381 0094 0B       		.uleb128 0xb
 382 0095 27       		.uleb128 0x27
 383 0096 19       		.uleb128 0x19
 384 0097 00       		.byte	0
 385 0098 00       		.byte	0
 386 0099 00       		.byte	0
 387              		.section	.gnu.debuglto_.debug_line,"e",%progbits
 388              	.Ldebug_line0:
 389 0000 5A000000 		.4byte	.LELT0-.LSLT0
 390              	.LSLT0:
 391 0004 0500     		.2byte	0x5
 392 0006 04       		.byte	0x4
 393 0007 00       		.byte	0
 394 0008 52000000 		.4byte	.LELTP0-.LASLTP0
 395              	.LASLTP0:
 396 000c 01       		.byte	0x1
 397 000d 01       		.byte	0x1
 398 000e 01       		.byte	0x1
 399 000f F6       		.byte	0xf6
ARM GAS  /tmp/ccQ8aByk.s 			page 8


 400 0010 F2       		.byte	0xf2
 401 0011 0D       		.byte	0xd
 402 0012 00       		.byte	0
 403 0013 01       		.byte	0x1
 404 0014 01       		.byte	0x1
 405 0015 01       		.byte	0x1
 406 0016 01       		.byte	0x1
 407 0017 00       		.byte	0
 408 0018 00       		.byte	0
 409 0019 00       		.byte	0
 410 001a 01       		.byte	0x1
 411 001b 00       		.byte	0
 412 001c 00       		.byte	0
 413 001d 01       		.byte	0x1
 414 001e 01       		.byte	0x1
 415 001f 01       		.uleb128 0x1
 416 0020 1F       		.uleb128 0x1f
 417 0021 06       		.uleb128 0x6
 418 0022 18000000 		.4byte	.LASF53
 419 0026 5F000000 		.4byte	.LASF54
 420 002a 96010000 		.4byte	.LASF55
 421 002e 8B000000 		.4byte	.LASF56
 422 0032 B7000000 		.4byte	.LASF57
 423 0036 31010000 		.4byte	.LASF58
 424 003a 02       		.byte	0x2
 425 003b 01       		.uleb128 0x1
 426 003c 1F       		.uleb128 0x1f
 427 003d 02       		.uleb128 0x2
 428 003e 0B       		.uleb128 0xb
 429 003f 06       		.uleb128 0x6
 430 0040 D7010000 		.4byte	.LASF59
 431 0044 00       		.byte	0
 432 0045 20010000 		.4byte	.LASF60
 433 0049 04       		.byte	0x4
 434 004a 00000000 		.4byte	.LASF61
 435 004e 05       		.byte	0x5
 436 004f D0010000 		.4byte	.LASF62
 437 0053 03       		.byte	0x3
 438 0054 C4010000 		.4byte	.LASF63
 439 0058 02       		.byte	0x2
 440 0059 0A000000 		.4byte	.LASF64
 441 005d 01       		.byte	0x1
 442              	.LELTP0:
 443              	.LELT0:
 444              		.section	.gnu.debuglto_.debug_str,"eMS",%progbits,1
 445              	.LASF27:
 446 0000 444D4131 		.ascii	"DMA1_Channel1_IRQn\000"
 446      5F436861 
 446      6E6E656C 
 446      315F4952 
 446      516E00
 447              	.LASF24:
 448 0013 45585449 		.ascii	"EXTI2_3_IRQn\000"
 448      325F335F 
 448      4952516E 
 448      00
 449              	.LASF32:
ARM GAS  /tmp/ccQ8aByk.s 			page 9


 450 0020 54494D31 		.ascii	"TIM1_CC_IRQn\000"
 450      5F43435F 
 450      4952516E 
 450      00
 451              	.LASF23:
 452 002d 45585449 		.ascii	"EXTI0_1_IRQn\000"
 452      305F315F 
 452      4952516E 
 452      00
 453              	.LASF52:
 454 003a 2F686F6D 		.ascii	"/home/kocur/wideband-2311-release/firmware/boards/f"
 454      652F6B6F 
 454      6375722F 
 454      77696465 
 454      62616E64 
 455 006d 305F6D6F 		.ascii	"0_module/bootloader\000"
 455      64756C65 
 455      2F626F6F 
 455      746C6F61 
 455      64657200 
 456              	.LASF48:
 457 0081 69727144 		.ascii	"irqDeinit\000"
 457      65696E69 
 457      7400
 458              	.LASF13:
 459 008b 4E6F6E4D 		.ascii	"NonMaskableInt_IRQn\000"
 459      61736B61 
 459      626C6549 
 459      6E745F49 
 459      52516E00 
 460              	.LASF34:
 461 009f 54494D33 		.ascii	"TIM3_IRQn\000"
 461      5F495251 
 461      6E00
 462              	.LASF17:
 463 00a9 53797354 		.ascii	"SysTick_IRQn\000"
 463      69636B5F 
 463      4952516E 
 463      00
 464              	.LASF19:
 465 00b6 5056445F 		.ascii	"PVD_VDDIO2_IRQn\000"
 465      56444449 
 465      4F325F49 
 465      52516E00 
 466              	.LASF42:
 467 00c6 55534152 		.ascii	"USART2_IRQn\000"
 467      54325F49 
 467      52516E00 
 468              	.LASF28:
 469 00d2 444D4131 		.ascii	"DMA1_Channel2_3_IRQn\000"
 469      5F436861 
 469      6E6E656C 
 469      325F335F 
 469      4952516E 
 470              	.LASF37:
 471 00e7 54494D31 		.ascii	"TIM17_IRQn\000"
 471      375F4952 
ARM GAS  /tmp/ccQ8aByk.s 			page 10


 471      516E00
 472              	.LASF4:
 473 00f2 756E7369 		.ascii	"unsigned char\000"
 473      676E6564 
 473      20636861 
 473      7200
 474              	.LASF18:
 475 0100 57574447 		.ascii	"WWDG_IRQn\000"
 475      5F495251 
 475      6E00
 476              	.LASF15:
 477 010a 5356435F 		.ascii	"SVC_IRQn\000"
 477      4952516E 
 477      00
 478              	.LASF26:
 479 0113 5453435F 		.ascii	"TSC_IRQn\000"
 479      4952516E 
 479      00
 480              	.LASF30:
 481 011c 41444331 		.ascii	"ADC1_IRQn\000"
 481      5F495251 
 481      6E00
 482              	.LASF6:
 483 0126 73686F72 		.ascii	"short unsigned int\000"
 483      7420756E 
 483      7369676E 
 483      65642069 
 483      6E7400
 484              	.LASF10:
 485 0139 5F5F7569 		.ascii	"__uint32_t\000"
 485      6E743332 
 485      5F7400
 486              	.LASF20:
 487 0144 5254435F 		.ascii	"RTC_IRQn\000"
 487      4952516E 
 487      00
 488              	.LASF8:
 489 014d 6C6F6E67 		.ascii	"long unsigned int\000"
 489      20756E73 
 489      69676E65 
 489      6420696E 
 489      7400
 490              	.LASF25:
 491 015f 45585449 		.ascii	"EXTI4_15_IRQn\000"
 491      345F3135 
 491      5F495251 
 491      6E00
 492              	.LASF33:
 493 016d 54494D32 		.ascii	"TIM2_IRQn\000"
 493      5F495251 
 493      6E00
 494              	.LASF5:
 495 0177 73686F72 		.ascii	"short int\000"
 495      7420696E 
 495      7400
 496              	.LASF29:
 497 0181 444D4131 		.ascii	"DMA1_Channel4_5_IRQn\000"
ARM GAS  /tmp/ccQ8aByk.s 			page 11


 497      5F436861 
 497      6E6E656C 
 497      345F355F 
 497      4952516E 
 498              	.LASF43:
 499 0196 4345435F 		.ascii	"CEC_CAN_IRQn\000"
 499      43414E5F 
 499      4952516E 
 499      00
 500              	.LASF39:
 501 01a3 53504931 		.ascii	"SPI1_IRQn\000"
 501      5F495251 
 501      6E00
 502              	.LASF16:
 503 01ad 50656E64 		.ascii	"PendSV_IRQn\000"
 503      53565F49 
 503      52516E00 
 504              	.LASF14:
 505 01b9 48617264 		.ascii	"HardFault_IRQn\000"
 505      4661756C 
 505      745F4952 
 505      516E00
 506              	.LASF0:
 507 01c8 756E7369 		.ascii	"unsigned int\000"
 507      676E6564 
 507      20696E74 
 507      00
 508              	.LASF9:
 509 01d5 6C6F6E67 		.ascii	"long long unsigned int\000"
 509      206C6F6E 
 509      6720756E 
 509      7369676E 
 509      65642069 
 510              	.LASF3:
 511 01ec 7369676E 		.ascii	"signed char\000"
 511      65642063 
 511      68617200 
 512              	.LASF35:
 513 01f8 54494D31 		.ascii	"TIM14_IRQn\000"
 513      345F4952 
 513      516E00
 514              	.LASF21:
 515 0203 464C4153 		.ascii	"FLASH_IRQn\000"
 515      485F4952 
 515      516E00
 516              	.LASF1:
 517 020e 6C6F6E67 		.ascii	"long long int\000"
 517      206C6F6E 
 517      6720696E 
 517      7400
 518              	.LASF12:
 519 021c 63686172 		.ascii	"char\000"
 519      00
 520              	.LASF40:
 521 0221 53504932 		.ascii	"SPI2_IRQn\000"
 521      5F495251 
 521      6E00
ARM GAS  /tmp/ccQ8aByk.s 			page 12


 522              	.LASF51:
 523 022b 2E2E2F2E 		.ascii	"../../../ChibiOS/os/hal/ports/STM32/STM32F0xx/stm32"
 523      2E2F2E2E 
 523      2F436869 
 523      62694F53 
 523      2F6F732F 
 524 025e 5F697372 		.ascii	"_isr.c\000"
 524      2E6300
 525              	.LASF36:
 526 0265 54494D31 		.ascii	"TIM16_IRQn\000"
 526      365F4952 
 526      516E00
 527              	.LASF44:
 528 0270 5553425F 		.ascii	"USB_IRQn\000"
 528      4952516E 
 528      00
 529              	.LASF38:
 530 0279 49324331 		.ascii	"I2C1_IRQn\000"
 530      5F495251 
 530      6E00
 531              	.LASF22:
 532 0283 5243435F 		.ascii	"RCC_CRS_IRQn\000"
 532      4352535F 
 532      4952516E 
 532      00
 533              	.LASF50:
 534 0290 474E5520 		.ascii	"GNU C17 11.3.1 20220712 -mcpu=cortex-m0 -mthumb -mf"
 534      43313720 
 534      31312E33 
 534      2E312032 
 534      30323230 
 535 02c3 6C6F6174 		.ascii	"loat-abi=soft -march=armv6s-m -ggdb -Os -fomit-fram"
 535      2D616269 
 535      3D736F66 
 535      74202D6D 
 535      61726368 
 536 02f6 652D706F 		.ascii	"e-pointer -falign-functions=16 -fsingle-precision-c"
 536      696E7465 
 536      72202D66 
 536      616C6967 
 536      6E2D6675 
 537 0329 6F6E7374 		.ascii	"onstant -ffunction-sections -fdata-sections -fno-co"
 537      616E7420 
 537      2D666675 
 537      6E637469 
 537      6F6E2D73 
 538 035c 6D6D6F6E 		.ascii	"mmon -flto\000"
 538      202D666C 
 538      746F00
 539              	.LASF11:
 540 0367 75696E74 		.ascii	"uint32_t\000"
 540      33325F74 
 540      00
 541              	.LASF7:
 542 0370 6C6F6E67 		.ascii	"long int\000"
 542      20696E74 
 542      00
ARM GAS  /tmp/ccQ8aByk.s 			page 13


 543              	.LASF2:
 544 0379 6C6F6E67 		.ascii	"long double\000"
 544      20646F75 
 544      626C6500 
 545              	.LASF41:
 546 0385 55534152 		.ascii	"USART1_IRQn\000"
 546      54315F49 
 546      52516E00 
 547              	.LASF46:
 548 0391 6E766963 		.ascii	"nvicDisableVector\000"
 548      44697361 
 548      626C6556 
 548      6563746F 
 548      7200
 549              	.LASF45:
 550 03a3 5F426F6F 		.ascii	"_Bool\000"
 550      6C00
 551              	.LASF47:
 552 03a9 6E766963 		.ascii	"nvicEnableVector\000"
 552      456E6162 
 552      6C655665 
 552      63746F72 
 552      00
 553              	.LASF49:
 554 03ba 69727149 		.ascii	"irqInit\000"
 554      6E697400 
 555              	.LASF31:
 556 03c2 54494D31 		.ascii	"TIM1_BRK_UP_TRG_COM_IRQn\000"
 556      5F42524B 
 556      5F55505F 
 556      5452475F 
 556      434F4D5F 
 557              		.section	.gnu.debuglto_.debug_line_str,"eMS",%progbits,1
 558              	.LASF61:
 559 0000 5F737464 		.ascii	"_stdint.h\000"
 559      696E742E 
 559      6800
 560              	.LASF64:
 561 000a 73746D33 		.ascii	"stm32f042x6.h\000"
 561      32663034 
 561      3278362E 
 561      6800
 562              	.LASF53:
 563 0018 2F686F6D 		.ascii	"/home/kocur/wideband-2311-release/firmware/boards/f"
 563      652F6B6F 
 563      6375722F 
 563      77696465 
 563      62616E64 
 564 004b 305F6D6F 		.ascii	"0_module/bootloader\000"
 564      64756C65 
 564      2F626F6F 
 564      746C6F61 
 564      64657200 
 565              	.LASF54:
 566 005f 2E2E2F2E 		.ascii	"../../../ChibiOS/os/common/ext/ST/STM32F0xx\000"
 566      2E2F2E2E 
 566      2F436869 
ARM GAS  /tmp/ccQ8aByk.s 			page 14


 566      62694F53 
 566      2F6F732F 
 567              	.LASF56:
 568 008b 2E2E2F2E 		.ascii	"../../../ChibiOS/os/hal/ports/common/ARMCMx\000"
 568      2E2F2E2E 
 568      2F436869 
 568      62694F53 
 568      2F6F732F 
 569              	.LASF57:
 570 00b7 2F686F6D 		.ascii	"/home/kocur/.rusefi-tools/arm-gnu-toolchain-11.3.re"
 570      652F6B6F 
 570      6375722F 
 570      2E727573 
 570      6566692D 
 571 00ea 6C312D78 		.ascii	"l1-x86_64-arm-none-eabi/arm-none-eabi/include/machi"
 571      38365F36 
 571      342D6172 
 571      6D2D6E6F 
 571      6E652D65 
 572 011d 6E6500   		.ascii	"ne\000"
 573              	.LASF60:
 574 0120 5F646566 		.ascii	"_default_types.h\000"
 574      61756C74 
 574      5F747970 
 574      65732E68 
 574      00
 575              	.LASF58:
 576 0131 2F686F6D 		.ascii	"/home/kocur/.rusefi-tools/arm-gnu-toolchain-11.3.re"
 576      652F6B6F 
 576      6375722F 
 576      2E727573 
 576      6566692D 
 577 0164 6C312D78 		.ascii	"l1-x86_64-arm-none-eabi/arm-none-eabi/include/sys\000"
 577      38365F36 
 577      342D6172 
 577      6D2D6E6F 
 577      6E652D65 
 578              	.LASF55:
 579 0196 2E2E2F2E 		.ascii	"../../../ChibiOS/os/hal/ports/STM32/STM32F0xx\000"
 579      2E2F2E2E 
 579      2F436869 
 579      62694F53 
 579      2F6F732F 
 580              	.LASF63:
 581 01c4 73746D33 		.ascii	"stm32_isr.c\000"
 581      325F6973 
 581      722E6300 
 582              	.LASF62:
 583 01d0 6E766963 		.ascii	"nvic.h\000"
 583      2E6800
 584              	.LASF59:
 585 01d7 2E2E2F2E 		.ascii	"../../../ChibiOS/os/hal/ports/STM32/STM32F0xx/stm32"
 585      2E2F2E2E 
 585      2F436869 
 585      62694F53 
 585      2F6F732F 
 586 020a 5F697372 		.ascii	"_isr.c\000"
ARM GAS  /tmp/ccQ8aByk.s 			page 15


 586      2E6300
 587              		.text
 588              		.section	.gnu.lto_.profile.724a6813dc1d3760,"e",%progbits
 589 0000 789C6362 		.ascii	"x\234cb\000\001\000\000\022\000\003"
 589      00010000 
 589      120003
 590              		.text
 591              		.section	.gnu.lto_.icf.724a6813dc1d3760,"e",%progbits
 592 0000 789CE367 		.ascii	"x\234\343g@\000&\206\236\345?\317\36220\276\270\177"
 592      40002686 
 592      9EE53FCF 
 592      F23230BE 
 592      B87F
 593 0012 99978101 		.ascii	"\231\227\201\001\0001-\005\300"
 593      00312D05 
 593      C0
 594              		.text
 595              		.section	.gnu.lto_.ipa_sra.724a6813dc1d3760,"e",%progbits
 596 0000 789C1361 		.ascii	"x\234\023a@\000&\006\006F\010d\2041\030\000\003\036"
 596      40002606 
 596      06460864 
 596      84311800 
 596      031E
 597 0012 0020     		.ascii	"\000 "
 598              		.text
 599              		.section	.gnu.lto_.inline.724a6813dc1d3760,"e",%progbits
 600 0000 789CAB63 		.ascii	"x\234\253c@\000&\006\006\236\206\206\206\015L\031\214"
 600      40002606 
 600      069E8686 
 600      860D4C19 
 600      8C
 601 0011 20762390 		.ascii	" v#\220]\307\300\300\006\244\032\230R\230@B\014\014"
 601      5DC7C0C0 
 601      06A41A98 
 601      52984042 
 601      0C0C
 602 0023 CC3C1085 		.ascii	"\314<\020\205\330Y\214\014\234@\3053\360\031\300\304"
 602      D8598C0C 
 602      9C40C533 
 602      F019C0C4 
 603 0033 0D568741 		.ascii	"\015V\207A3\000\000\356\312\017\364"
 603      330000EE 
 603      CA0FF4
 604              		.text
 605              		.section	.gnu.lto_.jmpfuncs.724a6813dc1d3760,"e",%progbits
 606 0000 789C6D8D 		.ascii	"x\234m\215\313\015\3000\010Cy$!cw\216.\322\317\255\243"
 606      CB0DC030 
 606      08437924 
 606      2163778E 
 606      2ED2CFAD 
 607 0015 85924350 		.ascii	"\205\222CPU$\037\374l\231]\326\251\253\252mt\341\251"
 607      55241FFC 
 607      6C995DD6 
 607      A9ABAA6D 
 607      74E1A9
 608 0028 749743F7 		.ascii	"t\227C\367%|\011\037\005\013`\263\300\3117o\001\332"
 608      257C091F 
ARM GAS  /tmp/ccQ8aByk.s 			page 16


 608      050B60B3 
 608      C0C9376F 
 608      01DA
 609 003a 5FFE12E5 		.ascii	"_\376\022\345 \277P.\362\242r\223\026d\0003\241\024"
 609      20BF502E 
 609      F2A27293 
 609      16640033 
 609      A114
 610 004c 9D       		.ascii	"\235"
 611              		.text
 612              		.section	.gnu.lto_.pureconst.724a6813dc1d3760,"e",%progbits
 613 0000 789C6367 		.ascii	"x\234cg```b\230\301\3028\203\005\000\004\245\001C"
 613      60606062 
 613      98C1C238 
 613      83050004 
 613      A50143
 614              		.text
 615              		.section	.gnu.lto_.ipa_modref.724a6813dc1d3760,"e",%progbits
 616 0000 789C9361 		.ascii	"x\234\223a@\000&\006\006\005\001\001(\301\300\210\314"
 616      40002606 
 616      06050101 
 616      28C1C088 
 616      CC
 617 0011 61000014 		.ascii	"a\000\000\024\016\001 "
 617      0E0120
 618              		.text
 619              		.section	.gnu.lto_.lto.724a6813dc1d3760,"e",%progbits
 620 0000 0B000300 		.ascii	"\013\000\003\000\001\000\000\000"
 620      01000000 
 621              		.text
 622              		.section	.gnu.lto_irqInit.186.724a6813dc1d3760,"e",%progbits
 623 0000 789C3BCA 		.ascii	"x\234;\312\300\300\320\002\304\312@\314\310\314\300"
 623      C0C0D002 
 623      C4CA40CC 
 623      C8CCC0
 624 000f 38696217 		.ascii	"8ib\027\023CCC\203\003;\023c\343\304.N\306\355\214`"
 624      13434343 
 624      83033B13 
 624      63E3C42E 
 624      4EC6ED8C 
 625 0024 1E23433D 		.ascii	"\036#C=\023c=\343Bf} \367\307\321g\033\376K4\2548\300"
 625      13633DE3 
 625      42667D20 
 625      F7C7D167 
 625      1BFE4B34 
 626 003b F88A81A1 		.ascii	"\370\212\201\241\236\001\012\270!lF ^\177\211\365@\303"
 626      9E010AB8 
 626      216C4620 
 626      5E7F89F5 
 626      40C3
 627 004d 9FFFFD0D 		.ascii	"\237\377\375\015\015O\0371\316\320de`\230\307\0142\265"
 627      0D4F1F31 
 627      CED06465 
 627      6098C70C 
 627      32B5
 628 005f 8185B1E1 		.ascii	"\201\205\261\341\000\003\303|f&\010\247\021\310\371"
 628      0003C37C 
ARM GAS  /tmp/ccQ8aByk.s 			page 17


 628      662608A7 
 628      11C8F9
 629 006e CED4F0E8 		.ascii	"\316\324\360\350\357yF\206\277L\255\012\014]\214L\265"
 629      EF794686 
 629      BF4CAD0A 
 629      0C5D8C4C 
 629      B5
 630 007f D50C0C6C 		.ascii	"\325\014\014l\225\214\254@\314\314\304\002\226\376\307"
 630      958CAC40 
 630      CCCCC402 
 630      96FEC7
 631 008e 8F2ECBC6 		.ascii	"\217.\313\306\270\213\021*9A\010]\222\035\"\371\237"
 631      B88B112A 
 631      3941085D 
 631      921D22F9 
 631      9F
 632 009f A9E9C1C6 		.ascii	"\251\351\301\306 \260\323\34613\"lg`p\327\317\310\317"
 632      20B0D3E6 
 632      3133226C 
 632      676070D7 
 632      CFC8CF
 633 00b2 4DD5CFCE 		.ascii	"M\325\317\316O.-\322/\317LIMJ\314K\3215264\324-J\315"
 633      4F2E2DD2 
 633      2FCF4C49 
 633      4D4ACC4B 
 633      D1353236 
 634 00cb 494D2C4E 		.ascii	"IM,N\325O\313,\312-O,J\325O\312O,J)\326O3\210\317\315"
 634      D54FCB2C 
 634      CA2D4F2C 
 634      4AD54FCA 
 634      4F2C4A29 
 635 00e5 4F29CD01 		.ascii	"O)\315\001\011\344\227\344\344'\246\244\0261X\351\351"
 635      09E497E4 
 635      E427A6A4 
 635      163158E9 
 635      E9
 636 00f6 E9439073 		.ascii	"\351C\220sFfR\246\177\260~~\261~Fb\216~A~QI\261~p\210"
 636      466652A6 
 636      7FB07E7E 
 636      B17E4662 
 636      8E7E417E 
 637 0110 AFB11184 		.ascii	"\257\261\021\204t3\250\250\320/.\31156\212\317,.\322"
 637      7433A8A8 
 637      D02F2EC9 
 637      35368ACF 
 637      2C2ED2
 638 0123 4B660000 		.ascii	"Kf\000\000\341\032p>"
 638      E11A703E 
 639              		.text
 640              		.section	.gnu.lto_irqDeinit.187.724a6813dc1d3760,"e",%progbits
 641 0000 789CDBCD 		.ascii	"x\234\333\315\300\300\320\002\304\312@\314\310\314\300"
 641      C0C0D002 
 641      C4CA40CC 
 641      C8CCC0
 642 000f 38696217 		.ascii	"8ib\027\023CCC\203\003;\023c\343\304.N\306\355\214`"
 642      13434343 
 642      83033B13 
ARM GAS  /tmp/ccQ8aByk.s 			page 18


 642      63E3C42E 
 642      4EC6ED8C 
 643 0024 1E23433D 		.ascii	"\036#C=\023c=\343Bf} \367\307\321g\037&K6\2548\300\370"
 643      13633DE3 
 643      42667D20 
 643      F7C7D167 
 643      1F264B36 
 644 003c 8A81A19E 		.ascii	"\212\201\241\236\001\012\270!lF ^\177\211\365@\303\237"
 644      010AB821 
 644      6C46205E 
 644      7F89F540 
 644      C39F
 645 004e FFFD0D0D 		.ascii	"\377\375\015\015_\0371\356\321de`\230\307\0142\265\201"
 645      5F1F31EE 
 645      D1646560 
 645      98C70C32 
 645      B581
 646 0060 85B1E100 		.ascii	"\205\261\341\000\003\303|f&\010\247\021\310\371\316"
 646      03C37C66 
 646      2608A711 
 646      C8F9CE
 647 006f D4F0E8EA 		.ascii	"\324\360\350\352%F\206\277L-\012\014]\214L\265\325\014"
 647      254686BF 
 647      4C2D0A0C 
 647      5D8C4CB5 
 647      D50C
 648 0081 0C6C958C 		.ascii	"\014l\225\214\254L,`\251kB\3502lP\231\033\0302\354@"
 648      AC4C2C60 
 648      A96B42E8 
 648      326C5099 
 648      1B1832EC 
 649 0096 99FF4C4D 		.ascii	"\231\377LM\017~\006\201\0354\217\231\021a'\003\203\273"
 649      0F7E0681 
 649      1D348F99 
 649      11612703 
 649      83BB
 650 00a8 7E467E6E 		.ascii	"~F~n\252~v~ri\221~yfJjRb^\212\256\221\261\241\241nQ"
 650      AA7E767E 
 650      7269917E 
 650      79664A6A 
 650      52625E8A 
 651 00c3 6A4E6A62 		.ascii	"jNjbq\252~ZfQnybQ\252~R~bQJ\261~\232A|n~Ji\016H \277"
 651      71AA7E5A 
 651      66516E79 
 651      6251AA7E 
 651      527E6251 
 652 00e5 24273F31 		.ascii	"$'?1%\265\210\301JOO\037\202\23432\2232\375\203\365"
 652      25B588C1 
 652      4A4F4F1F 
 652      829C3332 
 652      9332FD83 
 653 00fa F38BF533 		.ascii	"\363\213\3653\022s\364\013\362\213J\212\365\203C|\215"
 653      1273F40B 
 653      F28B4A8A 
 653      F583437C 
 653      8D
 654 010b 8D20A49B 		.ascii	"\215 \244\233AE\205~qI\256\261Q|fq\221^2\003\000z;n"
ARM GAS  /tmp/ccQ8aByk.s 			page 19


 654      4145857E 
 654      7149AEB1 
 654      517C6671 
 654      915E3203 
 655 0123 85       		.ascii	"\205"
 656              		.text
 657              		.section	.gnu.lto_.symbol_nodes.724a6813dc1d3760,"e",%progbits
 658 0000 789C758C 		.ascii	"x\234u\214\301\021\200 \014\004\357\010}\330\214}\005"
 658      C1118020 
 658      0C04EF08 
 658      7DD88C7D 
 658      05
 659 0011 6728C042 		.ascii	"g(\300B\254\000\361\307\333\22642\200\037\335\327N\366"
 659      AC00F1C7 
 659      DB963432 
 659      801FDDD7 
 659      4EF6
 660 0023 261B0C97 		.ascii	"&\033\014\227\250\014\206\347z\002\012\244\260\360\011"
 660      A80C86E7 
 660      7A020AA4 
 660      B0F009
 661 0032 3BD57D05 		.ascii	";\325}\005f\252\\\215\251F\300v\265\035T\377\323\004"
 661      66AA5C8D 
 661      A946C076 
 661      B51D54FF 
 661      D304
 662 0044 EDDD3C2C 		.ascii	"\355\335<,rh\241Pz\357\026\337c!n\226U63"
 662      7268A150 
 662      7AEF16DF 
 662      63216E96 
 662      553633
 663              		.text
 664              		.section	.gnu.lto_.refs.724a6813dc1d3760,"e",%progbits
 665 0000 789C6364 		.ascii	"x\234cd\000\002\000\000\012\000\002"
 665      00020000 
 665      0A0002
 666              		.text
 667              		.section	.gnu.lto_.decls.724a6813dc1d3760,"e",%progbits
 668 0000 789C9D52 		.ascii	"x\234\235RMl\033E\024\236\031/\316\272\262\324\265 "
 668      4D6C1B45 
 668      149E192F 
 668      CEBAB2D4 
 668      B520
 669 0012 528B2A91 		.ascii	"R\213*\221c.\361\332I\011\320\003j\225\206\012\211\200"
 669      632EF1DA 
 669      4909D003 
 669      6A95860A 
 669      8980
 670 0024 44012171 		.ascii	"D\001!q\250\034{#\257\360z\313\332i}\251\364\374\223"
 670      A81C7B23 
 670      AFF07ACB 
 670      DA697DA9 
 670      F4FC93
 671 0037 64ABA6D5 		.ascii	"d\253\246\325\032\020\030\203\232e\271\264\022\252L"
 671      1A101883 
 671      9A65B9B4 
 671      12AA4C
ARM GAS  /tmp/ccQ8aByk.s 			page 20


 672 0046 05220DB4 		.ascii	"\005\"\015\264\335:\3062\011IZ8\000\"\007\223\212*\004"
 672      DD3AC632 
 672      09495A38 
 672      00220793 
 672      8A2A04
 673 0059 0E49B9F8 		.ascii	"\016I\271\370Txc[\024\025\211\003\243\375f\364\336\373"
 673      5478635B 
 673      14158903 
 673      A3FD66F4 
 673      DEFB
 674 006b DEF7DECC 		.ascii	"\336\367\336\314\333{\214\2208%\344UB\310\237\270<x"
 674      DB7B8C90 
 674      3825E455 
 674      42C89FB8 
 674      3C78
 675 007d 7E877808 		.ascii	"~\207x\010q\025QC\324\021\313\2105\304i\332\211q\377"
 675      71155143 
 675      D411CB88 
 675      35C469DA 
 675      8971FF
 676 0090 CDAE9FF3 		.ascii	"\315\256\237\363\226\020g\2731\316\277\325\345\363\330"
 676      961067BB 
 676      31CEBFD5 
 676      E5F3D8
 677 009f 2AC2DB4F 		.ascii	"*\302\333O\271\374n<\211\310\310\343\320^\271\307\310"
 677      B9FC6E3C 
 677      89C8C8E3 
 677      D05EB9C7 
 677      C8
 678 00b0 154CC235 		.ascii	"\025L\3025\352\027_#\336\207\251\340\355\245}\002\273"
 678      EA175F23 
 678      DE87A9E0 
 678      EDA57D02 
 678      BB
 679 00c1 F4DB4673 		.ascii	"\364\333Fs\327n\027`\033\334\202\217\\\245_R\362\005"
 679      D76E1760 
 679      1BDC828F 
 679      5CA55F52 
 679      F205
 680 00d3 ED5FA0F3 		.ascii	"\355_\240\363\364s*\260\013\227g\026zv(*4\300\315\326"
 680      F4732AB0 
 680      0B976716 
 680      7A76282A 
 680      34C0CDD6 
 681 00e7 44CBD984 		.ascii	"D\313\331\204\012\300q\250o\226\312\323\233f\240\230"
 681      0AC071A8 
 681      6F96CAD3 
 681      9B66A098 
 682 00f7 C358C584 		.ascii	"\303X\305\204GK\350.\227\233\026\263=P\340%\363~\370"
 682      474BE82E 
 682      979B16B3 
 682      3D50E025 
 682      F37EF8
 683 010a 94578E43 		.ascii	"\224W\216C~\232\333\263{\354|\247\231\233\024\334i\250"
 683      7E9ADBB3 
 683      7BEC7CA7 
 683      999B14DC 
ARM GAS  /tmp/ccQ8aByk.s 			page 21


 683      69A8
 684 011c B85E6711 		.ascii	"\270^g\021\246K\360\\\271Z\367\243\333\312\336\271\222"
 684      A64BF05C 
 684      B95AF7A3 
 684      DBCADEB9 
 684      92
 685 012d 2937BF82 		.ascii	")7\277\202r\241A\035\300z6\314\356\305\300Y(\230Y\177"
 685      72A1411D 
 685      C07A36CC 
 685      EEC5C059 
 685      2898597F 
 686 0141 76E3D76D 		.ascii	"v\343\327m\333\206;\330\214\013\226]\203@\0217+\347"
 686      DB863BD8 
 686      8C0B965D 
 686      83401137 
 686      2BE7
 687 0153 9E096491 		.ascii	"\236\011d\221\375a\256\000\024\234\232i!\244\242\343"
 687      FD61AE00 
 687      149C9A69 
 687      21A4A2E3 
 688 0163 42D12988 		.ascii	"B\321)\210\234\302;\224P\313\264\2601){\011M4(J\230"
 688      9CC23B94 
 688      50CBB4B0 
 688      31297B09 
 688      4D34284A 
 689 0178 4801096C 		.ascii	"H\001\011l\354\327vM\011\265\240\010\015\223\026\253"
 689      ECD7764D 
 689      09B5A008 
 689      0D9316AB 
 690 0188 3CBB86B7 		.ascii	"<\273\206\267s\3343E\254\216\327D2\263r\020j?\"J0\350"
 690      73DC3345 
 690      AC8ED744 
 690      32B37210 
 690      6A3F224A 
 691 019e 033828B0 		.ascii	"\0038(\260\215\273\177,\210w\371\0135\317myH\257u\220"
 691      8DBB7F2C 
 691      8877F90B 
 691      35CF6D79 
 691      48AF7590 
 692 01b2 9090249E 		.ascii	"\220\220$\236\342o\314\360\215%\201]l\255/z\366!\343"
 692      E26FCCF0 
 692      8D25815D 
 692      6CAD2F7A 
 692      F621E3
 693 01c5 778047B6 		.ascii	"w\200G\266\310\"\255\342(j\224\354\240\222\300v\336"
 693      C822ADE2 
 693      286A94EC 
 693      A092C076 
 693      DE
 694 01d6 FEF1636F 		.ascii	"\376\361co\177\251\004\255\367\227Vo?}{\036`\012\271"
 694      7FA904AD 
 694      F797566F 
 694      3F7D7B1E 
 694      600AB9
 695 01e9 22326ED0 		.ascii	"\"2n\320\205\366\320nP\342\322\353t\364\234G4\031\246"
 695      85F6D06E 
 695      50E2D2EB 
ARM GAS  /tmp/ccQ8aByk.s 			page 22


 695      74F49C47 
 695      3419A6
 696 01fc AC5FAC6E 		.ascii	"\254_\254n\372yJe\356\364\014H\374\202B\215\326\273"
 696      FA794A65 
 696      EEF40C48 
 696      FC82428D 
 696      D6BB
 697 020e EC7A973D 		.ascii	"\354z\227=\345\021\337\344\354w\235O\016\371\320\177"
 697      E511DFE4 
 697      EC779D4F 
 697      0EF9D07F 
 698 021e 8DEEA0D5 		.ascii	"\215\356\240\325zo\365go\307\374\032\007\\\330\372i"
 698      7A6FF567 
 698      6FC7FC1A 
 698      075CD8FA 
 698      69
 699 022f 4A7CB0B7 		.ascii	"J|\260\267eJ\226(\357me~\375\032\026\002h\275\363\326"
 699      654A9628 
 699      EF6D657E 
 699      FD1A1602 
 699      68BDF3D6 
 700 0243 5CDEFB01 		.ascii	"\\\336\373\001T\3312mt\3534\370>\272\315\304\357\377"
 700      54D9326D 
 700      74EB34F8 
 700      3EBACDC4 
 700      EFFF
 701 0255 5DE57C6B 		.ascii	"]\345|k\366#\337\203\262k\224\254\266e/\317\341\204"
 701      F623DF83 
 701      B26B94AC 
 701      B6652FCF 
 701      E184
 702 0267 B96CE542 		.ascii	"\271l\345B~\306\225\330\032]\351j\256\2645\233L`?\234"
 702      7EC695D8 
 702      1A5DE96A 
 702      AEB4359B 
 702      4C603F9C 
 703 027b FFC61103 		.ascii	"\377\306\021\003\355\037\323\256\012\313\264\375g\222"
 703      ED1FD3AE 
 703      0ACBB4FD 
 703      6792
 704 0289 5BEDFC5F 		.ascii	"[\355\374_>\273\267\336\363wl\255\033\373\226\347>\025"
 704      3EBBB7DE 
 704      F3776CAD 
 704      1BFB96E7 
 704      3E15
 705 029b 0CCA9D6F 		.ascii	"\014\312\235o$\256\216\253/\034\225\365\224\034\217"
 705      24AE8EAB 
 705      2F1C95F5 
 705      941C8F
 706 02aa 24E4E3BA 		.ascii	"$\344\343\272\221N\311G_\032\033\032\354\354\317\204"
 706      914EC947 
 706      5F1A1B1A 
 706      ECECCF84 
 707 02ba 32193995 		.ascii	"2\0319\225\326\206\006\217\251)#\030\025\217<\377r\337"
 707      D686068F 
 707      A9292318 
 707      158F3CFF 
ARM GAS  /tmp/ccQ8aByk.s 			page 23


 707      72DF
 708 02cc 48F809D2 		.ascii	"H\370\011\322\373\017g0\374dt\177txb\230\210\223j2\215"
 708      FB0F6730 
 708      FC64747F 
 708      74786298 
 708      88936A32 
 709 02e1 EEB4273C 		.ascii	"\356\264'<L|\021C;1\234\032\320\310\256(\352*\231\001"
 709      4C7C1143 
 709      3B319C1A 
 709      D0C8AE28 
 709      EA2A9901 
 710 02f5 2D447A54 		.ascii	"-DzT\343\215g\223j\372\210\034\3275E~]\217N\032\362"
 710      E38D6793 
 710      6AFA881C 
 710      D735457E 
 710      5D8F4E1A 
 711 030a 4935A68C 		.ascii	"I5\246\214G\222\261\201\301\241px\300P\022J$\245\310"
 711      4792B181 
 711      C1A17078 
 711      C050124A 
 711      24A5C8
 712 031d 13AAA19D 		.ascii	"\023\252\241\235\214\030\212<\256G\214XJ\236\010\035"
 712      8C188A3C 
 712      AE478C58 
 712      4A9E081D 
 713 032d D3F4D864 		.ascii	"\323\364\330d\202;\364tB\217\304\024\203\034\370\337"
 713      823BF474 
 713      428FC414 
 713      831CF8DF 
 714 033d 57213E6C 		.ascii	"W!>l\345\260\242b3R\362\204\032\035MF\306\023\312+J"
 714      E5B0A262 
 714      3352F284 
 714      1A1D4D46 
 714      C613CA2B 
 715 0352 34AD1B43 		.ascii	"4\255\033C\377\255\032\3255MO\312\207^\034\033\031\313"
 715      FFAD1AD5 
 715      354D4FCA 
 715      875E1C1B 
 715      19CB
 716 0364 C83C3918 		.ascii	"\310<9\030'\001~\036VS\367U\376\002\231\334\275("
 716      27017E1E 
 716      5653F755 
 716      FE0299DC 
 716      BD28
 717              		.text
 718              		.section	.gnu.lto_.symtab.724a6813dc1d3760,"e",%progbits
 719 0000 69727149 		.ascii	"irqInit\000"
 719      6E697400 
 720 0008 00       		.ascii	"\000"
 721 0009 00       		.ascii	"\000"
 722 000a 00       		.ascii	"\000"
 723 000b 00000000 		.ascii	"\000\000\000\000\000\000\000\000"
 723      00000000 
 724 0013 C4000000 		.ascii	"\304\000\000\000"
 725 0017 69727144 		.ascii	"irqDeinit\000"
 725      65696E69 
 725      7400
ARM GAS  /tmp/ccQ8aByk.s 			page 24


 726 0021 00       		.ascii	"\000"
 727 0022 00       		.ascii	"\000"
 728 0023 00       		.ascii	"\000"
 729 0024 00000000 		.ascii	"\000\000\000\000\000\000\000\000"
 729      00000000 
 730 002c C6000000 		.ascii	"\306\000\000\000"
 731 0030 6E766963 		.ascii	"nvicEnableVector\000"
 731      456E6162 
 731      6C655665 
 731      63746F72 
 731      00
 732 0041 00       		.ascii	"\000"
 733 0042 02       		.ascii	"\002"
 734 0043 00       		.ascii	"\000"
 735 0044 00000000 		.ascii	"\000\000\000\000\000\000\000\000"
 735      00000000 
 736 004c CB000000 		.ascii	"\313\000\000\000"
 737 0050 6E766963 		.ascii	"nvicDisableVector\000"
 737      44697361 
 737      626C6556 
 737      6563746F 
 737      7200
 738 0062 00       		.ascii	"\000"
 739 0063 02       		.ascii	"\002"
 740 0064 00       		.ascii	"\000"
 741 0065 00000000 		.ascii	"\000\000\000\000\000\000\000\000"
 741      00000000 
 742 006d CF000000 		.ascii	"\317\000\000\000"
 743              		.text
 744              		.section	.gnu.lto_.ext_symtab.724a6813dc1d3760,"e",%progbits
 745 0000 01       		.ascii	"\001"
 746 0001 01       		.ascii	"\001"
 747 0002 00       		.ascii	"\000"
 748 0003 01       		.ascii	"\001"
 749 0004 00       		.ascii	"\000"
 750 0005 01       		.ascii	"\001"
 751 0006 00       		.ascii	"\000"
 752 0007 01       		.ascii	"\001"
 753 0008 00       		.ascii	"\000"
 754              		.text
 755              		.section	.gnu.lto_.opts,"e",%progbits
 756 0000 272D666E 		.ascii	"'-fno-openmp' '-fno-openacc' '-fno-pie' '-fcf-prote"
 756      6F2D6F70 
 756      656E6D70 
 756      2720272D 
 756      666E6F2D 
 757 0033 6374696F 		.ascii	"ction=none' '-g' '-mcpu=cortex-m0' '-mthumb' '-mflo"
 757      6E3D6E6F 
 757      6E652720 
 757      272D6727 
 757      20272D6D 
 758 0066 61742D61 		.ascii	"at-abi=soft' '-mlibarch=armv6s-m' '-march=armv6s-m'"
 758      62693D73 
 758      6F667427 
 758      20272D6D 
 758      6C696261 
 759 0099 20272D4F 		.ascii	" '-Os' '-fomit-frame-pointer' '-falign-functions=16"
ARM GAS  /tmp/ccQ8aByk.s 			page 25


 759      73272027 
 759      2D666F6D 
 759      69742D66 
 759      72616D65 
 760 00cc 2720272D 		.ascii	"' '-fsingle-precision-constant' '-ffunction-section"
 760      6673696E 
 760      676C652D 
 760      70726563 
 760      6973696F 
 761 00ff 73272027 		.ascii	"s' '-fdata-sections' '-fno-common' '-flto' '-Xassem"
 761      2D666461 
 761      74612D73 
 761      65637469 
 761      6F6E7327 
 762 0132 626C6572 		.ascii	"bler' '-alms=./build/lst/stm32_isr.lst'\000"
 762      2720272D 
 762      616C6D73 
 762      3D2E2F62 
 762      75696C64 
 763              		.text
 764              		.comm	__gnu_lto_slim,1,1
 765              		.ident	"GCC: (Arm GNU Toolchain 11.3.Rel1) 11.3.1 20220712"
ARM GAS  /tmp/ccQ8aByk.s 			page 26


DEFINED SYMBOLS
                            *ABS*:0000000000000000 stm32_isr.c
     /tmp/ccQ8aByk.s:23     .gnu.debuglto_.debug_info:0000000000000000 stm32_isr.c.18c4c6f6
                            *COM*:0000000000000001 __gnu_lto_slim

NO UNDEFINED SYMBOLS
