ARM GAS  /tmp/ccRGe3zm.s 			page 1


   1              		.cpu cortex-m0
   2              		.arch armv6s-m
   3              		.fpu softvfp
   4              		.eabi_attribute 20, 1
   5              		.eabi_attribute 21, 1
   6              		.eabi_attribute 23, 3
   7              		.eabi_attribute 24, 1
   8              		.eabi_attribute 25, 1
   9              		.eabi_attribute 26, 1
  10              		.eabi_attribute 30, 2
  11              		.eabi_attribute 34, 0
  12              		.eabi_attribute 18, 4
  13              		.file	"crt1.c"
  14              		.file 1 "/home/kocur/.rusefi-tools/arm-gnu-toolchain-11.3.rel1-x86_64-arm-none-eabi/arm-none-eabi/
  15              		.file 2 "/home/kocur/.rusefi-tools/arm-gnu-toolchain-11.3.rel1-x86_64-arm-none-eabi/arm-none-eabi/
  16              		.file 3 "ChibiOS/os/common/startup/ARMCMx/compilers/GCC/crt1.c"
  17              		.section	.gnu.debuglto_.debug_info,"e",%progbits
  18              	.Ldebug_info0:
  19              		.hidden	crt1.c.1e4bb898
  20              		.weak	crt1.c.1e4bb898
  21              	crt1.c.1e4bb898:
  22 0000 92020000 		.4byte	0x292
  23 0004 0500     		.2byte	0x5
  24 0006 01       		.byte	0x1
  25 0007 04       		.byte	0x4
  26 0008 00000000 		.4byte	.Ldebug_abbrev0
  27 000c 09       		.uleb128 0x9
  28 000d 98020000 		.4byte	.LASF52
  29 0011 1D       		.byte	0x1d
  30 0012 1B020000 		.4byte	.LASF53
  31 0016 66010000 		.4byte	.LASF54
  32 001a 00000000 		.4byte	.Ldebug_line0
  33 001e 02       		.uleb128 0x2
  34 001f 01       		.byte	0x1
  35 0020 06       		.byte	0x6
  36 0021 45040000 		.4byte	.LASF0
  37 0025 02       		.uleb128 0x2
  38 0026 01       		.byte	0x1
  39 0027 08       		.byte	0x8
  40 0028 A0010000 		.4byte	.LASF1
  41 002c 02       		.uleb128 0x2
  42 002d 02       		.byte	0x2
  43 002e 05       		.byte	0x5
  44 002f FB030000 		.4byte	.LASF2
  45 0033 02       		.uleb128 0x2
  46 0034 02       		.byte	0x2
  47 0035 07       		.byte	0x7
  48 0036 74000000 		.4byte	.LASF3
  49 003a 02       		.uleb128 0x2
  50 003b 04       		.byte	0x4
  51 003c 05       		.byte	0x5
  52 003d 2C040000 		.4byte	.LASF4
  53 0041 04       		.uleb128 0x4
  54 0042 D0010000 		.4byte	.LASF9
  55 0046 01       		.byte	0x1
  56 0047 4F       		.byte	0x4f
  57 0048 19       		.byte	0x19
ARM GAS  /tmp/ccRGe3zm.s 			page 2


  58 0049 4D000000 		.4byte	0x4d
  59 004d 02       		.uleb128 0x2
  60 004e 04       		.byte	0x4
  61 004f 07       		.byte	0x7
  62 0050 19010000 		.4byte	.LASF5
  63 0054 02       		.uleb128 0x2
  64 0055 08       		.byte	0x8
  65 0056 05       		.byte	0x5
  66 0057 A8030000 		.4byte	.LASF6
  67 005b 02       		.uleb128 0x2
  68 005c 08       		.byte	0x8
  69 005d 07       		.byte	0x7
  70 005e 6E020000 		.4byte	.LASF7
  71 0062 0A       		.uleb128 0xa
  72 0063 04       		.byte	0x4
  73 0064 05       		.byte	0x5
  74 0065 696E7400 		.ascii	"int\000"
  75 0069 02       		.uleb128 0x2
  76 006a 04       		.byte	0x4
  77 006b 07       		.byte	0x7
  78 006c 61020000 		.4byte	.LASF8
  79 0070 04       		.uleb128 0x4
  80 0071 23040000 		.4byte	.LASF10
  81 0075 02       		.byte	0x2
  82 0076 30       		.byte	0x30
  83 0077 14       		.byte	0x14
  84 0078 41000000 		.4byte	0x41
  85 007c 0B       		.uleb128 0xb
  86 007d 10       		.byte	0x10
  87 007e 03       		.byte	0x3
  88 007f 35       		.byte	0x35
  89 0080 09       		.byte	0x9
  90 0081 B2000000 		.4byte	0xb2
  91 0085 03       		.uleb128 0x3
  92 0086 05040000 		.4byte	.LASF11
  93 008a 36       		.byte	0x36
  94 008b B2000000 		.4byte	0xb2
  95 008f 00       		.byte	0
  96 0090 03       		.uleb128 0x3
  97 0091 4D000000 		.4byte	.LASF12
  98 0095 37       		.byte	0x37
  99 0096 B2000000 		.4byte	0xb2
 100 009a 04       		.byte	0x4
 101 009b 03       		.uleb128 0x3
 102 009c F3000000 		.4byte	.LASF13
 103 00a0 38       		.byte	0x38
 104 00a1 B2000000 		.4byte	0xb2
 105 00a5 08       		.byte	0x8
 106 00a6 03       		.uleb128 0x3
 107 00a7 8B030000 		.4byte	.LASF14
 108 00ab 39       		.byte	0x39
 109 00ac B2000000 		.4byte	0xb2
 110 00b0 0C       		.byte	0xc
 111 00b1 00       		.byte	0
 112 00b2 07       		.uleb128 0x7
 113 00b3 70000000 		.4byte	0x70
 114 00b7 04       		.uleb128 0x4
ARM GAS  /tmp/ccRGe3zm.s 			page 3


 115 00b8 DB010000 		.4byte	.LASF15
 116 00bc 03       		.byte	0x3
 117 00bd 3A       		.byte	0x3a
 118 00be 03       		.byte	0x3
 119 00bf 7C000000 		.4byte	0x7c
 120 00c3 08       		.uleb128 0x8
 121 00c4 B7000000 		.4byte	0xb7
 122 00c8 01       		.uleb128 0x1
 123 00c9 61000000 		.4byte	.LASF16
 124 00cd 41       		.byte	0x41
 125 00ce 11       		.byte	0x11
 126 00cf 70000000 		.4byte	0x70
 127 00d3 01       		.uleb128 0x1
 128 00d4 2B010000 		.4byte	.LASF17
 129 00d8 41       		.byte	0x41
 130 00d9 25       		.byte	0x25
 131 00da 70000000 		.4byte	0x70
 132 00de 01       		.uleb128 0x1
 133 00df 14040000 		.4byte	.LASF18
 134 00e3 41       		.byte	0x41
 135 00e4 34       		.byte	0x34
 136 00e5 70000000 		.4byte	0x70
 137 00e9 01       		.uleb128 0x1
 138 00ea 2D000000 		.4byte	.LASF19
 139 00ee 41       		.byte	0x41
 140 00ef 44       		.byte	0x44
 141 00f0 70000000 		.4byte	0x70
 142 00f4 01       		.uleb128 0x1
 143 00f5 C6030000 		.4byte	.LASF20
 144 00f9 44       		.byte	0x44
 145 00fa 11       		.byte	0x11
 146 00fb 70000000 		.4byte	0x70
 147 00ff 01       		.uleb128 0x1
 148 0100 92000000 		.4byte	.LASF21
 149 0104 44       		.byte	0x44
 150 0105 25       		.byte	0x25
 151 0106 70000000 		.4byte	0x70
 152 010a 01       		.uleb128 0x1
 153 010b 47010000 		.4byte	.LASF22
 154 010f 44       		.byte	0x44
 155 0110 34       		.byte	0x34
 156 0111 70000000 		.4byte	0x70
 157 0115 01       		.uleb128 0x1
 158 0116 35040000 		.4byte	.LASF23
 159 011a 44       		.byte	0x44
 160 011b 44       		.byte	0x44
 161 011c 70000000 		.4byte	0x70
 162 0120 01       		.uleb128 0x1
 163 0121 BD010000 		.4byte	.LASF24
 164 0125 47       		.byte	0x47
 165 0126 11       		.byte	0x11
 166 0127 70000000 		.4byte	0x70
 167 012b 01       		.uleb128 0x1
 168 012c 11000000 		.4byte	.LASF25
 169 0130 47       		.byte	0x47
 170 0131 25       		.byte	0x25
 171 0132 70000000 		.4byte	0x70
ARM GAS  /tmp/ccRGe3zm.s 			page 4


 172 0136 01       		.uleb128 0x1
 173 0137 D9030000 		.4byte	.LASF26
 174 013b 47       		.byte	0x47
 175 013c 34       		.byte	0x34
 176 013d 70000000 		.4byte	0x70
 177 0141 01       		.uleb128 0x1
 178 0142 B6030000 		.4byte	.LASF27
 179 0146 47       		.byte	0x47
 180 0147 44       		.byte	0x44
 181 0148 70000000 		.4byte	0x70
 182 014c 01       		.uleb128 0x1
 183 014d E0000000 		.4byte	.LASF28
 184 0151 4A       		.byte	0x4a
 185 0152 11       		.byte	0x11
 186 0153 70000000 		.4byte	0x70
 187 0157 01       		.uleb128 0x1
 188 0158 92010000 		.4byte	.LASF29
 189 015c 4A       		.byte	0x4a
 190 015d 25       		.byte	0x25
 191 015e 70000000 		.4byte	0x70
 192 0162 01       		.uleb128 0x1
 193 0163 C1000000 		.4byte	.LASF30
 194 0167 4A       		.byte	0x4a
 195 0168 34       		.byte	0x34
 196 0169 70000000 		.4byte	0x70
 197 016d 01       		.uleb128 0x1
 198 016e 98030000 		.4byte	.LASF31
 199 0172 4A       		.byte	0x4a
 200 0173 44       		.byte	0x44
 201 0174 70000000 		.4byte	0x70
 202 0178 01       		.uleb128 0x1
 203 0179 E8030000 		.4byte	.LASF32
 204 017d 4D       		.byte	0x4d
 205 017e 11       		.byte	0x11
 206 017f 70000000 		.4byte	0x70
 207 0183 01       		.uleb128 0x1
 208 0184 0D020000 		.4byte	.LASF33
 209 0188 4D       		.byte	0x4d
 210 0189 25       		.byte	0x25
 211 018a 70000000 		.4byte	0x70
 212 018e 01       		.uleb128 0x1
 213 018f 7C030000 		.4byte	.LASF34
 214 0193 4D       		.byte	0x4d
 215 0194 34       		.byte	0x34
 216 0195 70000000 		.4byte	0x70
 217 0199 01       		.uleb128 0x1
 218 019a 51020000 		.4byte	.LASF35
 219 019e 4D       		.byte	0x4d
 220 019f 44       		.byte	0x44
 221 01a0 70000000 		.4byte	0x70
 222 01a4 01       		.uleb128 0x1
 223 01a5 EB010000 		.4byte	.LASF36
 224 01a9 50       		.byte	0x50
 225 01aa 11       		.byte	0x11
 226 01ab 70000000 		.4byte	0x70
 227 01af 01       		.uleb128 0x1
 228 01b0 39010000 		.4byte	.LASF37
ARM GAS  /tmp/ccRGe3zm.s 			page 5


 229 01b4 50       		.byte	0x50
 230 01b5 25       		.byte	0x25
 231 01b6 70000000 		.4byte	0x70
 232 01ba 01       		.uleb128 0x1
 233 01bb 51040000 		.4byte	.LASF38
 234 01bf 50       		.byte	0x50
 235 01c0 34       		.byte	0x34
 236 01c1 70000000 		.4byte	0x70
 237 01c5 01       		.uleb128 0x1
 238 01c6 56010000 		.4byte	.LASF39
 239 01ca 50       		.byte	0x50
 240 01cb 44       		.byte	0x44
 241 01cc 70000000 		.4byte	0x70
 242 01d0 01       		.uleb128 0x1
 243 01d1 AE000000 		.4byte	.LASF40
 244 01d5 53       		.byte	0x53
 245 01d6 11       		.byte	0x11
 246 01d7 70000000 		.4byte	0x70
 247 01db 01       		.uleb128 0x1
 248 01dc A0000000 		.4byte	.LASF41
 249 01e0 53       		.byte	0x53
 250 01e1 25       		.byte	0x25
 251 01e2 70000000 		.4byte	0x70
 252 01e6 01       		.uleb128 0x1
 253 01e7 0A010000 		.4byte	.LASF42
 254 01eb 53       		.byte	0x53
 255 01ec 34       		.byte	0x34
 256 01ed 70000000 		.4byte	0x70
 257 01f1 01       		.uleb128 0x1
 258 01f2 D0000000 		.4byte	.LASF43
 259 01f6 53       		.byte	0x53
 260 01f7 44       		.byte	0x44
 261 01f8 70000000 		.4byte	0x70
 262 01fc 01       		.uleb128 0x1
 263 01fd 85020000 		.4byte	.LASF44
 264 0201 56       		.byte	0x56
 265 0202 11       		.byte	0x11
 266 0203 70000000 		.4byte	0x70
 267 0207 01       		.uleb128 0x1
 268 0208 1F000000 		.4byte	.LASF45
 269 020c 56       		.byte	0x56
 270 020d 25       		.byte	0x25
 271 020e 70000000 		.4byte	0x70
 272 0212 01       		.uleb128 0x1
 273 0213 FE010000 		.4byte	.LASF46
 274 0217 56       		.byte	0x56
 275 0218 34       		.byte	0x34
 276 0219 70000000 		.4byte	0x70
 277 021d 01       		.uleb128 0x1
 278 021e 3D000000 		.4byte	.LASF47
 279 0222 56       		.byte	0x56
 280 0223 44       		.byte	0x44
 281 0224 70000000 		.4byte	0x70
 282 0228 0C       		.uleb128 0xc
 283 0229 C3000000 		.4byte	0xc3
 284 022d 38020000 		.4byte	0x238
 285 0231 0D       		.uleb128 0xd
ARM GAS  /tmp/ccRGe3zm.s 			page 6


 286 0232 69000000 		.4byte	0x69
 287 0236 07       		.byte	0x7
 288 0237 00       		.byte	0
 289 0238 08       		.uleb128 0x8
 290 0239 28020000 		.4byte	0x228
 291 023d 0E       		.uleb128 0xe
 292 023e 57000000 		.4byte	.LASF48
 293 0242 03       		.byte	0x3
 294 0243 5D       		.byte	0x5d
 295 0244 1E       		.byte	0x1e
 296 0245 38020000 		.4byte	0x238
 297 0249 0F       		.uleb128 0xf
 298 024a 00000000 		.4byte	.LASF55
 299 024e 03       		.byte	0x3
 300 024f C1       		.byte	0xc1
 301 0250 06       		.byte	0x6
 302 0251 76020000 		.4byte	0x276
 303 0255 05       		.uleb128 0x5
 304 0256 72617000 		.ascii	"rap\000"
 305 025a C3       		.byte	0xc3
 306 025b 1A       		.byte	0x1a
 307 025c 76020000 		.4byte	0x276
 308 0260 10       		.uleb128 0x10
 309 0261 05       		.uleb128 0x5
 310 0262 747000   		.ascii	"tp\000"
 311 0265 C6       		.byte	0xc6
 312 0266 0F       		.byte	0xf
 313 0267 B2000000 		.4byte	0xb2
 314 026b 05       		.uleb128 0x5
 315 026c 7000     		.ascii	"p\000"
 316 026e C7       		.byte	0xc7
 317 026f 0F       		.byte	0xf
 318 0270 B2000000 		.4byte	0xb2
 319 0274 00       		.byte	0
 320 0275 00       		.byte	0
 321 0276 07       		.uleb128 0x7
 322 0277 C3000000 		.4byte	0xc3
 323 027b 11       		.uleb128 0x11
 324 027c AE010000 		.4byte	.LASF56
 325 0280 03       		.byte	0x3
 326 0281 B7       		.byte	0xb7
 327 0282 06       		.byte	0x6
 328 0283 06       		.uleb128 0x6
 329 0284 FE000000 		.4byte	.LASF49
 330 0288 AA       		.byte	0xaa
 331 0289 06       		.uleb128 0x6
 332 028a 6F030000 		.4byte	.LASF50
 333 028e 9C       		.byte	0x9c
 334 028f 06       		.uleb128 0x6
 335 0290 87000000 		.4byte	.LASF51
 336 0294 89       		.byte	0x89
 337 0295 00       		.byte	0
 338              		.section	.gnu.debuglto_.debug_abbrev,"e",%progbits
 339              	.Ldebug_abbrev0:
 340 0000 01       		.uleb128 0x1
 341 0001 34       		.uleb128 0x34
 342 0002 00       		.byte	0
ARM GAS  /tmp/ccRGe3zm.s 			page 7


 343 0003 03       		.uleb128 0x3
 344 0004 0E       		.uleb128 0xe
 345 0005 3A       		.uleb128 0x3a
 346 0006 21       		.uleb128 0x21
 347 0007 03       		.sleb128 3
 348 0008 3B       		.uleb128 0x3b
 349 0009 0B       		.uleb128 0xb
 350 000a 39       		.uleb128 0x39
 351 000b 0B       		.uleb128 0xb
 352 000c 49       		.uleb128 0x49
 353 000d 13       		.uleb128 0x13
 354 000e 3F       		.uleb128 0x3f
 355 000f 19       		.uleb128 0x19
 356 0010 3C       		.uleb128 0x3c
 357 0011 19       		.uleb128 0x19
 358 0012 00       		.byte	0
 359 0013 00       		.byte	0
 360 0014 02       		.uleb128 0x2
 361 0015 24       		.uleb128 0x24
 362 0016 00       		.byte	0
 363 0017 0B       		.uleb128 0xb
 364 0018 0B       		.uleb128 0xb
 365 0019 3E       		.uleb128 0x3e
 366 001a 0B       		.uleb128 0xb
 367 001b 03       		.uleb128 0x3
 368 001c 0E       		.uleb128 0xe
 369 001d 00       		.byte	0
 370 001e 00       		.byte	0
 371 001f 03       		.uleb128 0x3
 372 0020 0D       		.uleb128 0xd
 373 0021 00       		.byte	0
 374 0022 03       		.uleb128 0x3
 375 0023 0E       		.uleb128 0xe
 376 0024 3A       		.uleb128 0x3a
 377 0025 21       		.uleb128 0x21
 378 0026 03       		.sleb128 3
 379 0027 3B       		.uleb128 0x3b
 380 0028 0B       		.uleb128 0xb
 381 0029 39       		.uleb128 0x39
 382 002a 21       		.uleb128 0x21
 383 002b 1A       		.sleb128 26
 384 002c 49       		.uleb128 0x49
 385 002d 13       		.uleb128 0x13
 386 002e 38       		.uleb128 0x38
 387 002f 0B       		.uleb128 0xb
 388 0030 00       		.byte	0
 389 0031 00       		.byte	0
 390 0032 04       		.uleb128 0x4
 391 0033 16       		.uleb128 0x16
 392 0034 00       		.byte	0
 393 0035 03       		.uleb128 0x3
 394 0036 0E       		.uleb128 0xe
 395 0037 3A       		.uleb128 0x3a
 396 0038 0B       		.uleb128 0xb
 397 0039 3B       		.uleb128 0x3b
 398 003a 0B       		.uleb128 0xb
 399 003b 39       		.uleb128 0x39
ARM GAS  /tmp/ccRGe3zm.s 			page 8


 400 003c 0B       		.uleb128 0xb
 401 003d 49       		.uleb128 0x49
 402 003e 13       		.uleb128 0x13
 403 003f 00       		.byte	0
 404 0040 00       		.byte	0
 405 0041 05       		.uleb128 0x5
 406 0042 34       		.uleb128 0x34
 407 0043 00       		.byte	0
 408 0044 03       		.uleb128 0x3
 409 0045 08       		.uleb128 0x8
 410 0046 3A       		.uleb128 0x3a
 411 0047 21       		.uleb128 0x21
 412 0048 03       		.sleb128 3
 413 0049 3B       		.uleb128 0x3b
 414 004a 0B       		.uleb128 0xb
 415 004b 39       		.uleb128 0x39
 416 004c 0B       		.uleb128 0xb
 417 004d 49       		.uleb128 0x49
 418 004e 13       		.uleb128 0x13
 419 004f 00       		.byte	0
 420 0050 00       		.byte	0
 421 0051 06       		.uleb128 0x6
 422 0052 2E       		.uleb128 0x2e
 423 0053 00       		.byte	0
 424 0054 3F       		.uleb128 0x3f
 425 0055 19       		.uleb128 0x19
 426 0056 03       		.uleb128 0x3
 427 0057 0E       		.uleb128 0xe
 428 0058 3A       		.uleb128 0x3a
 429 0059 21       		.uleb128 0x21
 430 005a 03       		.sleb128 3
 431 005b 3B       		.uleb128 0x3b
 432 005c 0B       		.uleb128 0xb
 433 005d 39       		.uleb128 0x39
 434 005e 21       		.uleb128 0x21
 435 005f 06       		.sleb128 6
 436 0060 27       		.uleb128 0x27
 437 0061 19       		.uleb128 0x19
 438 0062 00       		.byte	0
 439 0063 00       		.byte	0
 440 0064 07       		.uleb128 0x7
 441 0065 0F       		.uleb128 0xf
 442 0066 00       		.byte	0
 443 0067 0B       		.uleb128 0xb
 444 0068 21       		.uleb128 0x21
 445 0069 04       		.sleb128 4
 446 006a 49       		.uleb128 0x49
 447 006b 13       		.uleb128 0x13
 448 006c 00       		.byte	0
 449 006d 00       		.byte	0
 450 006e 08       		.uleb128 0x8
 451 006f 26       		.uleb128 0x26
 452 0070 00       		.byte	0
 453 0071 49       		.uleb128 0x49
 454 0072 13       		.uleb128 0x13
 455 0073 00       		.byte	0
 456 0074 00       		.byte	0
ARM GAS  /tmp/ccRGe3zm.s 			page 9


 457 0075 09       		.uleb128 0x9
 458 0076 11       		.uleb128 0x11
 459 0077 01       		.byte	0x1
 460 0078 25       		.uleb128 0x25
 461 0079 0E       		.uleb128 0xe
 462 007a 13       		.uleb128 0x13
 463 007b 0B       		.uleb128 0xb
 464 007c 03       		.uleb128 0x3
 465 007d 0E       		.uleb128 0xe
 466 007e 1B       		.uleb128 0x1b
 467 007f 0E       		.uleb128 0xe
 468 0080 10       		.uleb128 0x10
 469 0081 17       		.uleb128 0x17
 470 0082 00       		.byte	0
 471 0083 00       		.byte	0
 472 0084 0A       		.uleb128 0xa
 473 0085 24       		.uleb128 0x24
 474 0086 00       		.byte	0
 475 0087 0B       		.uleb128 0xb
 476 0088 0B       		.uleb128 0xb
 477 0089 3E       		.uleb128 0x3e
 478 008a 0B       		.uleb128 0xb
 479 008b 03       		.uleb128 0x3
 480 008c 08       		.uleb128 0x8
 481 008d 00       		.byte	0
 482 008e 00       		.byte	0
 483 008f 0B       		.uleb128 0xb
 484 0090 13       		.uleb128 0x13
 485 0091 01       		.byte	0x1
 486 0092 0B       		.uleb128 0xb
 487 0093 0B       		.uleb128 0xb
 488 0094 3A       		.uleb128 0x3a
 489 0095 0B       		.uleb128 0xb
 490 0096 3B       		.uleb128 0x3b
 491 0097 0B       		.uleb128 0xb
 492 0098 39       		.uleb128 0x39
 493 0099 0B       		.uleb128 0xb
 494 009a 01       		.uleb128 0x1
 495 009b 13       		.uleb128 0x13
 496 009c 00       		.byte	0
 497 009d 00       		.byte	0
 498 009e 0C       		.uleb128 0xc
 499 009f 01       		.uleb128 0x1
 500 00a0 01       		.byte	0x1
 501 00a1 49       		.uleb128 0x49
 502 00a2 13       		.uleb128 0x13
 503 00a3 01       		.uleb128 0x1
 504 00a4 13       		.uleb128 0x13
 505 00a5 00       		.byte	0
 506 00a6 00       		.byte	0
 507 00a7 0D       		.uleb128 0xd
 508 00a8 21       		.uleb128 0x21
 509 00a9 00       		.byte	0
 510 00aa 49       		.uleb128 0x49
 511 00ab 13       		.uleb128 0x13
 512 00ac 2F       		.uleb128 0x2f
 513 00ad 0B       		.uleb128 0xb
ARM GAS  /tmp/ccRGe3zm.s 			page 10


 514 00ae 00       		.byte	0
 515 00af 00       		.byte	0
 516 00b0 0E       		.uleb128 0xe
 517 00b1 34       		.uleb128 0x34
 518 00b2 00       		.byte	0
 519 00b3 03       		.uleb128 0x3
 520 00b4 0E       		.uleb128 0xe
 521 00b5 3A       		.uleb128 0x3a
 522 00b6 0B       		.uleb128 0xb
 523 00b7 3B       		.uleb128 0x3b
 524 00b8 0B       		.uleb128 0xb
 525 00b9 39       		.uleb128 0x39
 526 00ba 0B       		.uleb128 0xb
 527 00bb 49       		.uleb128 0x49
 528 00bc 13       		.uleb128 0x13
 529 00bd 00       		.byte	0
 530 00be 00       		.byte	0
 531 00bf 0F       		.uleb128 0xf
 532 00c0 2E       		.uleb128 0x2e
 533 00c1 01       		.byte	0x1
 534 00c2 3F       		.uleb128 0x3f
 535 00c3 19       		.uleb128 0x19
 536 00c4 03       		.uleb128 0x3
 537 00c5 0E       		.uleb128 0xe
 538 00c6 3A       		.uleb128 0x3a
 539 00c7 0B       		.uleb128 0xb
 540 00c8 3B       		.uleb128 0x3b
 541 00c9 0B       		.uleb128 0xb
 542 00ca 39       		.uleb128 0x39
 543 00cb 0B       		.uleb128 0xb
 544 00cc 27       		.uleb128 0x27
 545 00cd 19       		.uleb128 0x19
 546 00ce 01       		.uleb128 0x1
 547 00cf 13       		.uleb128 0x13
 548 00d0 00       		.byte	0
 549 00d1 00       		.byte	0
 550 00d2 10       		.uleb128 0x10
 551 00d3 0B       		.uleb128 0xb
 552 00d4 01       		.byte	0x1
 553 00d5 00       		.byte	0
 554 00d6 00       		.byte	0
 555 00d7 11       		.uleb128 0x11
 556 00d8 2E       		.uleb128 0x2e
 557 00d9 00       		.byte	0
 558 00da 3F       		.uleb128 0x3f
 559 00db 19       		.uleb128 0x19
 560 00dc 03       		.uleb128 0x3
 561 00dd 0E       		.uleb128 0xe
 562 00de 3A       		.uleb128 0x3a
 563 00df 0B       		.uleb128 0xb
 564 00e0 3B       		.uleb128 0x3b
 565 00e1 0B       		.uleb128 0xb
 566 00e2 39       		.uleb128 0x39
 567 00e3 0B       		.uleb128 0xb
 568 00e4 27       		.uleb128 0x27
 569 00e5 19       		.uleb128 0x19
 570 00e6 8701     		.uleb128 0x87
ARM GAS  /tmp/ccRGe3zm.s 			page 11


 571 00e8 19       		.uleb128 0x19
 572 00e9 00       		.byte	0
 573 00ea 00       		.byte	0
 574 00eb 00       		.byte	0
 575              		.section	.gnu.debuglto_.debug_line,"e",%progbits
 576              	.Ldebug_line0:
 577 0000 48000000 		.4byte	.LELT0-.LSLT0
 578              	.LSLT0:
 579 0004 0500     		.2byte	0x5
 580 0006 04       		.byte	0x4
 581 0007 00       		.byte	0
 582 0008 40000000 		.4byte	.LELTP0-.LASLTP0
 583              	.LASLTP0:
 584 000c 01       		.byte	0x1
 585 000d 01       		.byte	0x1
 586 000e 01       		.byte	0x1
 587 000f F6       		.byte	0xf6
 588 0010 F2       		.byte	0xf2
 589 0011 0D       		.byte	0xd
 590 0012 00       		.byte	0
 591 0013 01       		.byte	0x1
 592 0014 01       		.byte	0x1
 593 0015 01       		.byte	0x1
 594 0016 01       		.byte	0x1
 595 0017 00       		.byte	0
 596 0018 00       		.byte	0
 597 0019 00       		.byte	0
 598 001a 01       		.byte	0x1
 599 001b 00       		.byte	0
 600 001c 00       		.byte	0
 601 001d 01       		.byte	0x1
 602 001e 01       		.byte	0x1
 603 001f 01       		.uleb128 0x1
 604 0020 1F       		.uleb128 0x1f
 605 0021 04       		.uleb128 0x4
 606 0022 36000000 		.4byte	.LASF57
 607 0026 69000000 		.4byte	.LASF58
 608 002a 0E010000 		.4byte	.LASF59
 609 002e 98000000 		.4byte	.LASF60
 610 0032 02       		.byte	0x2
 611 0033 01       		.uleb128 0x1
 612 0034 1F       		.uleb128 0x1f
 613 0035 02       		.uleb128 0x2
 614 0036 0B       		.uleb128 0xb
 615 0037 04       		.uleb128 0x4
 616 0038 00000000 		.4byte	.LASF61
 617 003c 00       		.byte	0
 618 003d FD000000 		.4byte	.LASF62
 619 0041 02       		.byte	0x2
 620 0042 77010000 		.4byte	.LASF63
 621 0046 03       		.byte	0x3
 622 0047 62000000 		.4byte	.LASF64
 623 004b 01       		.byte	0x1
 624              	.LELTP0:
 625              	.LELT0:
 626              		.section	.gnu.debuglto_.debug_str,"eMS",%progbits,1
 627              	.LASF55:
ARM GAS  /tmp/ccRGe3zm.s 			page 12


 628 0000 5F5F696E 		.ascii	"__init_ram_areas\000"
 628      69745F72 
 628      616D5F61 
 628      72656173 
 628      00
 629              	.LASF25:
 630 0011 5F5F7261 		.ascii	"__ram2_init__\000"
 630      6D325F69 
 630      6E69745F 
 630      5F00
 631              	.LASF45:
 632 001f 5F5F7261 		.ascii	"__ram7_init__\000"
 632      6D375F69 
 632      6E69745F 
 632      5F00
 633              	.LASF19:
 634 002d 5F5F7261 		.ascii	"__ram0_noinit__\000"
 634      6D305F6E 
 634      6F696E69 
 634      745F5F00 
 635              	.LASF47:
 636 003d 5F5F7261 		.ascii	"__ram7_noinit__\000"
 636      6D375F6E 
 636      6F696E69 
 636      745F5F00 
 637              	.LASF12:
 638 004d 696E6974 		.ascii	"init_area\000"
 638      5F617265 
 638      6100
 639              	.LASF48:
 640 0057 72616D5F 		.ascii	"ram_areas\000"
 640      61726561 
 640      7300
 641              	.LASF16:
 642 0061 5F5F7261 		.ascii	"__ram0_init_text__\000"
 642      6D305F69 
 642      6E69745F 
 642      74657874 
 642      5F5F00
 643              	.LASF3:
 644 0074 73686F72 		.ascii	"short unsigned int\000"
 644      7420756E 
 644      7369676E 
 644      65642069 
 644      6E7400
 645              	.LASF51:
 646 0087 5F5F6370 		.ascii	"__cpu_init\000"
 646      755F696E 
 646      697400
 647              	.LASF21:
 648 0092 5F5F7261 		.ascii	"__ram1_init__\000"
 648      6D315F69 
 648      6E69745F 
 648      5F00
 649              	.LASF41:
 650 00a0 5F5F7261 		.ascii	"__ram6_init__\000"
 650      6D365F69 
ARM GAS  /tmp/ccRGe3zm.s 			page 13


 650      6E69745F 
 650      5F00
 651              	.LASF40:
 652 00ae 5F5F7261 		.ascii	"__ram6_init_text__\000"
 652      6D365F69 
 652      6E69745F 
 652      74657874 
 652      5F5F00
 653              	.LASF30:
 654 00c1 5F5F7261 		.ascii	"__ram3_clear__\000"
 654      6D335F63 
 654      6C656172 
 654      5F5F00
 655              	.LASF43:
 656 00d0 5F5F7261 		.ascii	"__ram6_noinit__\000"
 656      6D365F6E 
 656      6F696E69 
 656      745F5F00 
 657              	.LASF28:
 658 00e0 5F5F7261 		.ascii	"__ram3_init_text__\000"
 658      6D335F69 
 658      6E69745F 
 658      74657874 
 658      5F5F00
 659              	.LASF13:
 660 00f3 636C6561 		.ascii	"clear_area\000"
 660      725F6172 
 660      656100
 661              	.LASF49:
 662 00fe 5F5F6C61 		.ascii	"__late_init\000"
 662      74655F69 
 662      6E697400 
 663              	.LASF42:
 664 010a 5F5F7261 		.ascii	"__ram6_clear__\000"
 664      6D365F63 
 664      6C656172 
 664      5F5F00
 665              	.LASF5:
 666 0119 6C6F6E67 		.ascii	"long unsigned int\000"
 666      20756E73 
 666      69676E65 
 666      6420696E 
 666      7400
 667              	.LASF17:
 668 012b 5F5F7261 		.ascii	"__ram0_init__\000"
 668      6D305F69 
 668      6E69745F 
 668      5F00
 669              	.LASF37:
 670 0139 5F5F7261 		.ascii	"__ram5_init__\000"
 670      6D355F69 
 670      6E69745F 
 670      5F00
 671              	.LASF22:
 672 0147 5F5F7261 		.ascii	"__ram1_clear__\000"
 672      6D315F63 
 672      6C656172 
ARM GAS  /tmp/ccRGe3zm.s 			page 14


 672      5F5F00
 673              	.LASF39:
 674 0156 5F5F7261 		.ascii	"__ram5_noinit__\000"
 674      6D355F6E 
 674      6F696E69 
 674      745F5F00 
 675              	.LASF54:
 676 0166 2F686F6D 		.ascii	"/home/kocur/wideband-2311-f0_addon/firmware\000"
 676      652F6B6F 
 676      6375722F 
 676      77696465 
 676      62616E64 
 677              	.LASF29:
 678 0192 5F5F7261 		.ascii	"__ram3_init__\000"
 678      6D335F69 
 678      6E69745F 
 678      5F00
 679              	.LASF1:
 680 01a0 756E7369 		.ascii	"unsigned char\000"
 680      676E6564 
 680      20636861 
 680      7200
 681              	.LASF56:
 682 01ae 5F5F6465 		.ascii	"__default_exit\000"
 682      6661756C 
 682      745F6578 
 682      697400
 683              	.LASF24:
 684 01bd 5F5F7261 		.ascii	"__ram2_init_text__\000"
 684      6D325F69 
 684      6E69745F 
 684      74657874 
 684      5F5F00
 685              	.LASF9:
 686 01d0 5F5F7569 		.ascii	"__uint32_t\000"
 686      6E743332 
 686      5F7400
 687              	.LASF15:
 688 01db 72616D5F 		.ascii	"ram_init_area_t\000"
 688      696E6974 
 688      5F617265 
 688      615F7400 
 689              	.LASF36:
 690 01eb 5F5F7261 		.ascii	"__ram5_init_text__\000"
 690      6D355F69 
 690      6E69745F 
 690      74657874 
 690      5F5F00
 691              	.LASF46:
 692 01fe 5F5F7261 		.ascii	"__ram7_clear__\000"
 692      6D375F63 
 692      6C656172 
 692      5F5F00
 693              	.LASF33:
 694 020d 5F5F7261 		.ascii	"__ram4_init__\000"
 694      6D345F69 
 694      6E69745F 
ARM GAS  /tmp/ccRGe3zm.s 			page 15


 694      5F00
 695              	.LASF53:
 696 021b 43686962 		.ascii	"ChibiOS/os/common/startup/ARMCMx/compilers/GCC/crt1"
 696      694F532F 
 696      6F732F63 
 696      6F6D6D6F 
 696      6E2F7374 
 697 024e 2E6300   		.ascii	".c\000"
 698              	.LASF35:
 699 0251 5F5F7261 		.ascii	"__ram4_noinit__\000"
 699      6D345F6E 
 699      6F696E69 
 699      745F5F00 
 700              	.LASF8:
 701 0261 756E7369 		.ascii	"unsigned int\000"
 701      676E6564 
 701      20696E74 
 701      00
 702              	.LASF7:
 703 026e 6C6F6E67 		.ascii	"long long unsigned int\000"
 703      206C6F6E 
 703      6720756E 
 703      7369676E 
 703      65642069 
 704              	.LASF44:
 705 0285 5F5F7261 		.ascii	"__ram7_init_text__\000"
 705      6D375F69 
 705      6E69745F 
 705      74657874 
 705      5F5F00
 706              	.LASF52:
 707 0298 474E5520 		.ascii	"GNU C17 11.3.1 20220712 -mcpu=cortex-m0 -mthumb -mf"
 707      43313720 
 707      31312E33 
 707      2E312032 
 707      30323230 
 708 02cb 6C6F6174 		.ascii	"loat-abi=soft -march=armv6s-m -ggdb -O2 -fomit-fram"
 708      2D616269 
 708      3D736F66 
 708      74202D6D 
 708      61726368 
 709 02fe 652D706F 		.ascii	"e-pointer -falign-functions=16 -fsingle-precision-c"
 709      696E7465 
 709      72202D66 
 709      616C6967 
 709      6E2D6675 
 710 0331 6F6E7374 		.ascii	"onstant -ffunction-sections -fdata-sections -fno-co"
 710      616E7420 
 710      2D666675 
 710      6E637469 
 710      6F6E2D73 
 711 0364 6D6D6F6E 		.ascii	"mmon -flto\000"
 711      202D666C 
 711      746F00
 712              	.LASF50:
 713 036f 5F5F6561 		.ascii	"__early_init\000"
 713      726C795F 
ARM GAS  /tmp/ccRGe3zm.s 			page 16


 713      696E6974 
 713      00
 714              	.LASF34:
 715 037c 5F5F7261 		.ascii	"__ram4_clear__\000"
 715      6D345F63 
 715      6C656172 
 715      5F5F00
 716              	.LASF14:
 717 038b 6E6F5F69 		.ascii	"no_init_area\000"
 717      6E69745F 
 717      61726561 
 717      00
 718              	.LASF31:
 719 0398 5F5F7261 		.ascii	"__ram3_noinit__\000"
 719      6D335F6E 
 719      6F696E69 
 719      745F5F00 
 720              	.LASF6:
 721 03a8 6C6F6E67 		.ascii	"long long int\000"
 721      206C6F6E 
 721      6720696E 
 721      7400
 722              	.LASF27:
 723 03b6 5F5F7261 		.ascii	"__ram2_noinit__\000"
 723      6D325F6E 
 723      6F696E69 
 723      745F5F00 
 724              	.LASF20:
 725 03c6 5F5F7261 		.ascii	"__ram1_init_text__\000"
 725      6D315F69 
 725      6E69745F 
 725      74657874 
 725      5F5F00
 726              	.LASF26:
 727 03d9 5F5F7261 		.ascii	"__ram2_clear__\000"
 727      6D325F63 
 727      6C656172 
 727      5F5F00
 728              	.LASF32:
 729 03e8 5F5F7261 		.ascii	"__ram4_init_text__\000"
 729      6D345F69 
 729      6E69745F 
 729      74657874 
 729      5F5F00
 730              	.LASF2:
 731 03fb 73686F72 		.ascii	"short int\000"
 731      7420696E 
 731      7400
 732              	.LASF11:
 733 0405 696E6974 		.ascii	"init_text_area\000"
 733      5F746578 
 733      745F6172 
 733      656100
 734              	.LASF18:
 735 0414 5F5F7261 		.ascii	"__ram0_clear__\000"
 735      6D305F63 
 735      6C656172 
ARM GAS  /tmp/ccRGe3zm.s 			page 17


 735      5F5F00
 736              	.LASF10:
 737 0423 75696E74 		.ascii	"uint32_t\000"
 737      33325F74 
 737      00
 738              	.LASF4:
 739 042c 6C6F6E67 		.ascii	"long int\000"
 739      20696E74 
 739      00
 740              	.LASF23:
 741 0435 5F5F7261 		.ascii	"__ram1_noinit__\000"
 741      6D315F6E 
 741      6F696E69 
 741      745F5F00 
 742              	.LASF0:
 743 0445 7369676E 		.ascii	"signed char\000"
 743      65642063 
 743      68617200 
 744              	.LASF38:
 745 0451 5F5F7261 		.ascii	"__ram5_clear__\000"
 745      6D355F63 
 745      6C656172 
 745      5F5F00
 746              		.section	.gnu.debuglto_.debug_line_str,"eMS",%progbits,1
 747              	.LASF61:
 748 0000 43686962 		.ascii	"ChibiOS/os/common/startup/ARMCMx/compilers/GCC/crt1"
 748      694F532F 
 748      6F732F63 
 748      6F6D6D6F 
 748      6E2F7374 
 749 0033 2E6300   		.ascii	".c\000"
 750              	.LASF57:
 751 0036 2F686F6D 		.ascii	"/home/kocur/wideband-2311-f0_addon/firmware\000"
 751      652F6B6F 
 751      6375722F 
 751      77696465 
 751      62616E64 
 752              	.LASF64:
 753 0062 63727431 		.ascii	"crt1.c\000"
 753      2E6300
 754              	.LASF58:
 755 0069 43686962 		.ascii	"ChibiOS/os/common/startup/ARMCMx/compilers/GCC\000"
 755      694F532F 
 755      6F732F63 
 755      6F6D6D6F 
 755      6E2F7374 
 756              	.LASF60:
 757 0098 2F686F6D 		.ascii	"/home/kocur/.rusefi-tools/arm-gnu-toolchain-11.3.re"
 757      652F6B6F 
 757      6375722F 
 757      2E727573 
 757      6566692D 
 758 00cb 6C312D78 		.ascii	"l1-x86_64-arm-none-eabi/arm-none-eabi/include/sys\000"
 758      38365F36 
 758      342D6172 
 758      6D2D6E6F 
 758      6E652D65 
ARM GAS  /tmp/ccRGe3zm.s 			page 18


 759              	.LASF62:
 760 00fd 5F646566 		.ascii	"_default_types.h\000"
 760      61756C74 
 760      5F747970 
 760      65732E68 
 760      00
 761              	.LASF59:
 762 010e 2F686F6D 		.ascii	"/home/kocur/.rusefi-tools/arm-gnu-toolchain-11.3.re"
 762      652F6B6F 
 762      6375722F 
 762      2E727573 
 762      6566692D 
 763 0141 6C312D78 		.ascii	"l1-x86_64-arm-none-eabi/arm-none-eabi/include/machi"
 763      38365F36 
 763      342D6172 
 763      6D2D6E6F 
 763      6E652D65 
 764 0174 6E6500   		.ascii	"ne\000"
 765              	.LASF63:
 766 0177 5F737464 		.ascii	"_stdint.h\000"
 766      696E742E 
 766      6800
 767              		.text
 768              		.section	.gnu.lto_.profile.f90f35a4bec3c81b,"e",%progbits
 769 0000 789C6362 		.ascii	"x\234cb\000\001\000\000\022\000\003"
 769      00010000 
 769      120003
 770              		.text
 771              		.section	.gnu.lto_.icf.f90f35a4bec3c81b,"e",%progbits
 772 0000 789C7367 		.ascii	"x\234sg@\0006\206U\267\357/gg`\204PL\020\212y\363\361"
 772      40003686 
 772      55B7EF2F 
 772      67676084 
 772      504C108A 
 773 0017 CE37EC0C 		.ascii	"\3167\354\014,+\346\365\336\341\345cb`b\004c\030\200"
 773      2C2BE6F5 
 773      DEE1E563 
 773      62606204 
 773      631880
 774 002a B18134EB 		.ascii	"\261\2014\353\375;;\177\2631\000\000R\\\022\364"
 774      FD3B3B7F 
 774      B3310000 
 774      525C12F4 
 775              		.text
 776              		.section	.gnu.lto_.ipa_sra.f90f35a4bec3c81b,"e",%progbits
 777 0000 789C1364 		.ascii	"x\234\023d@\000V\006\006FF\006F&\006Ff\006F\026\006"
 777      40005606 
 777      06464606 
 777      46260646 
 777      66064616 
 778 0015 46060002 		.ascii	"F\006\000\002\315\000&"
 778      CD0026
 779              		.text
 780              		.section	.gnu.lto_.inline.f90f35a4bec3c81b,"e",%progbits
 781 0000 789CDBC8 		.ascii	"x\234\333\310\200\000\254\014\014\314\015@\300\224\302"
 781      8000AC0C 
 781      0CCC0D40 
ARM GAS  /tmp/ccRGe3zm.s 			page 19


 781      C094C2
 782 000f C8C0C4C0 		.ascii	"\310\300\304\300\320\010d\32610\260A\204\230@B\014\014"
 782      D00864D6 
 782      3130B041 
 782      84984042 
 782      0C0C
 783 0021 8C849530 		.ascii	"\214\204\2250\021V\302\014\244\300\022\310JX \014\250"
 783      1156C20C 
 783      A4C012C8 
 783      4A58200C 
 783      A8
 784 0032 12160691 		.ascii	"\022\026\006\221wG\327md\316\001*Q\002\26260\347\240"
 784      7747D76D 
 784      64CE012A 
 784      5102B236 
 784      30E7A0
 785 0045 9BC20000 		.ascii	"\233\302\000\000\340\263(\006"
 785      E0B32806 
 786              		.text
 787              		.section	.gnu.lto_.jmpfuncs.f90f35a4bec3c81b,"e",%progbits
 788 0000 789C1364 		.ascii	"x\234\023d@\000V fd``b``f``\001r\000\002\245\000!"
 788      40005620 
 788      66646060 
 788      62606066 
 788      60600172 
 789              		.text
 790              		.section	.gnu.lto_.pureconst.f90f35a4bec3c81b,"e",%progbits
 791 0000 789C1360 		.ascii	"x\234\023````e\230\301\3028\203\205i\006\013\363\026"
 791      60606065 
 791      98C1C238 
 791      83856906 
 791      0BF316
 792 0013 1696592C 		.ascii	"\026\226Y,\000\032\274\003J"
 792      001ABC03 
 792      4A
 793              		.text
 794              		.section	.gnu.lto_.ipa_modref.f90f35a4bec3c81b,"e",%progbits
 795 0000 789C8B66 		.ascii	"x\234\213f@\000V\006\006\005\001\001(\301\300\210\314"
 795      40005606 
 795      06050101 
 795      28C1C088 
 795      CC
 796 0011 6142E630 		.ascii	"aB\3460#sX\3004\023\0233\003#\023\013#\003\023+\220"
 796      237358C0 
 796      34131333 
 796      0323130B 
 796      2303132B 
 797 0026 6685E865 		.ascii	"f\205\350e\204q\030\030\000\273\021\003\033"
 797      84711818 
 797      00BB1103 
 797      1B
 798              		.text
 799              		.section	.gnu.lto_.lto.f90f35a4bec3c81b,"e",%progbits
 800 0000 0B000300 		.ascii	"\013\000\003\000\001\000\000\000"
 800      01000000 
 801              		.text
 802              		.section	.gnu.lto_ram_areas.40.f90f35a4bec3c81b,"e",%progbits
ARM GAS  /tmp/ccRGe3zm.s 			page 20


 803 0000 789C4DCE 		.ascii	"x\234M\316\313O\023Q\024\006\360\371\212\205%n\334\371"
 803      CB4F1351 
 803      1406F0F9 
 803      8A85256E 
 803      DCF9
 804 0012 2780D752 		.ascii	"'\200\327R\303\3264\023B\214i\010\022C\210!e\230\031"
 804      C3D63413 
 804      428C6908 
 804      12438821 
 804      659819
 805 0025 ECA4DE5E 		.ascii	"\354\244\336^f\246M5\206\334\332\225\201\277\302\235"
 805      66A64D35 
 805      86DCDA95 
 805      81BFC29D 
 806 0035 7B62DA52 		.ascii	"{b\332R\036>\360\311\303\027OE\361Q\243\013#\011\011"
 806      1E3EF0C9 
 806      C3174F45 
 806      F151A30B 
 806      230909
 807 0048 090B165E 		.ascii	"\011\013\026^\034\3069w\365\335sN~\371\356\3044\315"
 807      1CC63977 
 807      F5DD734E 
 807      7EF9EEC4 
 807      34CD
 808 005a D68217C7 		.ascii	"\326\202\027\307$*\345\362\321\376\324\301\275v9\021"
 808      242AE5F2 
 808      D1FED4C1 
 808      BD763911 
 809 006a FE7F75C8 		.ascii	"\376\177u\310\333\377\363Yy+\314\367c\262\244\362\305"
 809      DBFFF359 
 809      792BCCF7 
 809      63B2A4F2 
 809      C5
 810 007b CADDF2E9 		.ascii	"\312\335\362\351\242?\003\267\016Q\003\257\"\216\326"
 810      A23F03B7 
 810      0E5103AF 
 810      228ED6
 811 008a 33683BB9 		.ascii	"3h;\271:\334SV\216X\016\261\256\023\313\216\254\207"
 811      3ADC5356 
 811      8E580EB1 
 811      AE13CB8E 
 811      AC87
 812 009c 701720E6 		.ascii	"p\027 \346\301\347\002\253\365\344\252\366GY&\261\014"
 812      C1E702AB 
 812      F5E4AAF6 
 812      475926B1 
 812      0C
 813 00ad 62658835 		.ascii	"be\2105\034Y\317\340>\205X\004\177\022X\361\260\327"
 813      1C59CFE0 
 813      3E855804 
 813      7F1258F1 
 813      B0D7
 814 00bf 6F655D23 		.ascii	"oe]#\326\020\261\006\211u5\262\226\341.A\274\002\177"
 814      D610B106 
 814      897535B2 
 814      96E12E41 
 814      BC027F
ARM GAS  /tmp/ccRGe3zm.s 			page 21


 815 00d2 1958A7C2 		.ascii	"\031X\247\302^?\2255@\254~b\365\021+\035Y\357\340\276"
 815      5E3F9535 
 815      40AC7E62 
 815      F5112B1D 
 815      59EFE0BE 
 816 00e6 857803FE 		.ascii	"\205x\003\376:\260Z\302^?\224u\231X\227\210\325K\254"
 816      3AB05AC2 
 816      5E3F9475 
 816      99589788 
 816      D54BAC
 817 00f9 9EC8DA82 		.ascii	"\236\310\332\202\273\011\261\001\276\036X\261\260WS"
 817      BB09B101 
 817      BE1E58B1 
 817      B05753
 818 0108 593AB152 		.ascii	"Y:\261R\304Z\220\004\233\223\221\366\031\356'\210\035"
 818      C45A9004 
 818      9B9391F6 
 818      19EE2788 
 818      1D
 819 0119 F08F089D 		.ascii	"\360\217\010\235]\3454$\201\352\222HU*= \322w\270\337"
 819      5DE53424 
 819      81EA9248 
 819      552A3D20 
 819      D277B8DF 
 820 012d 20BE827F 		.ascii	" \276\202\177\3717\031\231\226\311&.\354\342\003\266"
 820      F9371999 
 820      96C9262E 
 820      ECE203B6 
 821 013d B186F758 		.ascii	"\261\206\367X\305\012^\3409\036\343\021f\321\200\326"
 821      C50A5EE0 
 821      391EE311 
 821      66D180D6 
 822 014d C1B282DB 		.ascii	"\301\262\202\333,'\314\242\307J\216e\217\032y\253\263"
 822      2C27CCA2 
 822      C74A8E65 
 822      8F1A79AB 
 822      B3
 823 015e 2B994874 		.ascii	"+\231Ht\216\235\317\030\226%\362l\314\361x\311\360l"
 823      8E9DCF18 
 823      9625F26C 
 823      CCF178C9 
 823      F06C
 824 0170 AD5BCF3A 		.ascii	"\255[\317:\243N\337\000\023>3\005\347j\347\027\014\257"
 824      A34EDF00 
 824      133E3305 
 824      E76AE717 
 824      0CAF
 825 0182 501C67A9 		.ascii	"P\034g\251+i=}\363x:\356\334\260=\237\365\352:3\275"
 825      2B693D7D 
 825      F3783AEE 
 825      DCB03D9F 
 825      F5EA3A33 
 826 0197 42E29CA9 		.ascii	"B\342\234\251\375\005\234\363\373\305"
 826      FD059CF3 
 826      FBC5
 827              		.text
 828              		.section	.gnu.lto___cpu_init.41.f90f35a4bec3c81b,"e",%progbits
ARM GAS  /tmp/ccRGe3zm.s 			page 22


 829 0000 789CCB67 		.ascii	"x\234\313g``H\005be fdf`\2344\261\213\211\241\241\241"
 829      60604805 
 829      62652066 
 829      6466609C 
 829      34B18B89 
 830 0017 C1819D89 		.ascii	"\301\201\235\211\261qb\027'\343vF0\217\221\241\236\211"
 830      B1716217 
 830      27E37646 
 830      308F91A1 
 830      9E89
 831 0029 B19E7121 		.ascii	"\261\236q!\263>\220\373\343\351\364\231G\031\033V\034"
 831      B33E90FB 
 831      E3E9F499 
 831      47191B56 
 831      1C
 832 003a 607CC5C0 		.ascii	"`|\305\300P\317\000\005\334\0206#\020\257\277\304z\240"
 832      50CF0005 
 832      DC103623 
 832      10AFBFC4 
 832      7AA0
 833 004c E1CFFFFE 		.ascii	"\341\317\377\376\206\206\277\217\030\347\253210\314"
 833      8686BF8F 
 833      18E7AB32 
 833      3130CC
 834 005b 630699DA 		.ascii	"c\006\231\332\300\302\330p\200\201a>3\023\204\323\010"
 834      C0C2D870 
 834      8081613E 
 834      331384D3 
 834      08
 835 006c E47C676A 		.ascii	"\344|gjPb\370\317\324\244\0006d\0363#B\035\003\203\216"
 835      5062F8CF 
 835      D4A40036 
 835      641E3323 
 835      421D0383 
 836 0081 7E467E6E 		.ascii	"~F~n\252~v~ri\221~yfJjRb^\212\256\221\261\241\241n\232"
 836      AA7E767E 
 836      7269917E 
 836      79664A6A 
 836      52625E8A 
 837 009c 417C624A 		.ascii	"A|bJJ~\236~ZfQnybQ*\203\231sFfR\246\177\260~~\261~r"
 837      4A7E9E7E 
 837      5A66516E 
 837      7962512A 
 837      83997346 
 838 00ba 7E6E2E50 		.ascii	"~n.P\256\270$\261\250\244\264@\3371\310\327\331\267"
 838      AEB824B1 
 838      A8A4B440 
 838      DF31C8D7 
 838      D9B7
 839 00cc 02245A90 		.ascii	"\002$Z\220\231\223ZT\254\357\356\354\254\237\\Tb\250"
 839      99935A54 
 839      ACEFEEEC 
 839      AC9F5C54 
 839      62A8
 840 00de 97CC0000 		.ascii	"\227\314\000\000\363@N\004"
 840      F3404E04 
 841              		.text
ARM GAS  /tmp/ccRGe3zm.s 			page 23


 842              		.section	.gnu.lto___early_init.42.f90f35a4bec3c81b,"e",%progbits
 843 0000 789CCB63 		.ascii	"x\234\313c``H\005be fdf`\2344\261\213\211\241\241\241"
 843      60604805 
 843      62652066 
 843      6466609C 
 843      34B18B89 
 844 0017 C1819D89 		.ascii	"\301\201\235\211\261qb\027'\343vF0\217\221\241\236\211"
 844      B1716217 
 844      27E37646 
 844      308F91A1 
 844      9E89
 845 0029 B19E7121 		.ascii	"\261\236q!\263>\220\373\343\351\364=G\031\033V\034`"
 845      B33E90FB 
 845      E3E9F43D 
 845      47191B56 
 845      1C60
 846 003b 7CC5C050 		.ascii	"|\305\300P\317\000\005\334\0206#\020\257\277\304z\240"
 846      CF0005DC 
 846      10362310 
 846      AFBFC47A 
 846      A0
 847 004c E1CFFFFE 		.ascii	"\341\317\377\376\206\206\263\213\031\255\230\030\030"
 847      8686B38B 
 847      19AD9818 
 847      18
 848 0059 E631830C 		.ascii	"\3461\203\014m`al8\300\3000\237\231\011\302i\004r\276"
 848      6D60616C 
 848      38C0C030 
 848      9F9909C2 
 848      690472BE 
 849 006d 33352831 		.ascii	"35(1\374gjR\000\2331\217\231\021\241\216\201AG?#?7U"
 849      FC676A52 
 849      009B318F 
 849      9911A18E 
 849      8141473F 
 850 0085 3F3B3FB9 		.ascii	"?;?\271\264H\277<3%5)1/E\327\310\330\320P7\315 >1%%"
 850      B448BF3C 
 850      33253529 
 850      312F45D7 
 850      C8D8D050 
 851 00a0 3F4F3F2D 		.ascii	"?O?-\263(\267<\261(\225\301\3149#3)\323?X?\277X?9?7"
 851      B328B73C 
 851      B12895C1 
 851      CC392333 
 851      29D33F58 
 852 00bb 1728575C 		.ascii	"\027(W\\\222XTRZ\240\357\030\344\353\354[\001\022-\310"
 852      92585452 
 852      5AA0EF18 
 852      E4EBEC5B 
 852      01122DC8 
 853 00cf CC492D2A 		.ascii	"\314I-*\326wwv\326O.*1\324Kf\000\000U\267M-"
 853      D6777776 
 853      D64F2E2A 
 853      31D44B66 
 853      000055B7 
 854              		.text
 855              		.section	.gnu.lto___late_init.43.f90f35a4bec3c81b,"e",%progbits
ARM GAS  /tmp/ccRGe3zm.s 			page 24


 856 0000 789CCB63 		.ascii	"x\234\313c``H\005be fdf`\2344\261\213\211\241\241\241"
 856      60604805 
 856      62652066 
 856      6466609C 
 856      34B18B89 
 857 0017 C1819D89 		.ascii	"\301\201\235\211\261qb\027'\343vF0\217\221\241\236\211"
 857      B1716217 
 857      27E37646 
 857      308F91A1 
 857      9E89
 858 0029 B19E7121 		.ascii	"\261\236q!\263>\220\373\343\351\364[G\031\033V\034`"
 858      B33E90FB 
 858      E3E9F45B 
 858      47191B56 
 858      1C60
 859 003b 7CC5C050 		.ascii	"|\305\300P\317\000\005\334\0206#\020\257\277\304z\240"
 859      CF0005DC 
 859      10362310 
 859      AFBFC47A 
 859      A0
 860 004c E1CFFFFE 		.ascii	"\341\317\377\376\206\206\243\213\031-\231\030\030\346"
 860      8686A38B 
 860      192D9918 
 860      18E6
 861 005a 31830C6D 		.ascii	"1\203\014m`al8\300\3000\237\231\011\302i\004r\27635"
 861      60616C38 
 861      C0C0309F 
 861      9909C269 
 861      0472BE33 
 862 006f 2831FC67 		.ascii	"(1\374gjR\000\2331\217\231\021\241\216\201AG?#?7U?;"
 862      6A52009B 
 862      318F9911 
 862      A18E8141 
 862      473F233F 
 863 0087 3FB9B448 		.ascii	"?\271\264H\277<3%5)1/E\327\310\330\320P7\315 >1%%?O"
 863      BF3C3325 
 863      3529312F 
 863      45D7C8D8 
 863      D05037CD 
 864 00a2 3F2DB328 		.ascii	"?-\263(\267<\261(\225\301\3149#3)\323?X?\277X?9?7\027"
 864      B73CB128 
 864      95C1CC39 
 864      233329D3 
 864      3F583FBF 
 865 00bc 28575C92 		.ascii	"(W\\\222XTRZ\240\357\030\344\353\354[\001\022-\310\314"
 865      5854525A 
 865      A0EF18E4 
 865      EBEC5B01 
 865      122DC8CC 
 866 00d0 492D2AD6 		.ascii	"I-*\326wwv\326O.*1\324Kf\000\000g\264MB"
 866      777776D6 
 866      4F2E2A31 
 866      D44B6600 
 866      0067B44D 
 867              		.text
 868              		.section	.gnu.lto___default_exit.44.f90f35a4bec3c81b,"e",%progbits
 869 0000 789CEB65 		.ascii	"x\234\353e``H\005b\007 fde`\2344\261\213\211\241\241"
ARM GAS  /tmp/ccRGe3zm.s 			page 25


 869      60604805 
 869      62072066 
 869      6465609C 
 869      34B18B89 
 870 0016 A1C1819D 		.ascii	"\241\301\201\235\211q\362D.0\213\231q\012\224\305\302"
 870      8971F244 
 870      2E308B99 
 870      710A94C5 
 870      C2
 871 0027 38D910CC 		.ascii	"8\331\020\314`d\250gbfa\004\022\014\010\260\220Y\037"
 871      6064A867 
 871      62666104 
 871      120C08B0 
 871      90591F
 872 003a 28F9E3E9 		.ascii	"(\371\343\351\364\367G\031\033V\034`|\305\300P\017\223"
 872      F4F74719 
 872      1B561C60 
 872      7CC5C050 
 872      0F93
 873 004c E386B019 		.ascii	"\343\206\260\031\201x\375%\326\003\015\177\376\3677"
 873      8178FD25 
 873      D6030D7F 
 873      FEF737
 874 005b 34DC7DCC 		.ascii	"4\334}\314\370G\025(4\217\231\341\310\373\016V\306\206"
 874      F8471528 
 874      348F99E1 
 874      C8FB0E56 
 874      C686
 875 006d 03203613 		.ascii	"\003 6\023\230\335\010d\317gf\006\032\330\300\002\342"
 875      98DD0864 
 875      CF676606 
 875      1AD8C002 
 875      E2
 876 007e 307E676A 		.ascii	"0~gjx\364\3654'\343vF\006\020\363\0337\003D\204\207"
 876      78F4F534 
 876      27E37646 
 876      0610F31B 
 876      37034484 
 877 0093 01A48905 		.ascii	"\001\244\211\005\242\220\021\310dd`\007\331\250\243"
 877      A29011C8 
 877      64646007 
 877      D9A8A3
 878 00a2 9F919F9B 		.ascii	"\237\221\237\233\252\237\235\237\\Z\244_\236\231\222"
 878      AA9F9D9F 
 878      5C5AA45F 
 878      9E9992
 879 00b1 9A949897 		.ascii	"\232\224\230\227\242kdlh\250\233f\020\237\230\222\222"
 879      A26B646C 
 879      68A89B66 
 879      109F9892 
 879      92
 880 00c2 9FA79F96 		.ascii	"\237\247\237\226Y\224[\236X\224\312`\346\234\221\231"
 880      59945B9E 
 880      5894CA60 
 880      E69C9199 
 881 00d2 94E91FAC 		.ascii	"\224\351\037\254\237_\254\237\234\237\233\013\224+."
 881      9F5FAC9F 
ARM GAS  /tmp/ccRGe3zm.s 			page 26


 881      9C9F9B0B 
 881      942B2E
 882 00e1 492C2A29 		.ascii	"I,*)-\320w\014\362u\366\255\000\211\026d\346\244\026"
 882      2DD0770C 
 882      F275F6AD 
 882      00891664 
 882      E6A416
 883 00f4 15EBBB3B 		.ascii	"\025\353\273;;\353'\027\225\030\352%3\000\0005\307`"
 883      3BEB2717 
 883      9518EA25 
 883      33000035 
 883      C760
 884 0106 2B       		.ascii	"+"
 885              		.text
 886              		.section	.gnu.lto___init_ram_areas.45.f90f35a4bec3c81b,"e",%progbits
 887 0000 789C6D54 		.ascii	"x\234mT\355k[e\024?\3479\317\315\275y5\264\033~\022"
 887      ED6B5B65 
 887      143FE739 
 887      CFCDBD79 
 887      35B41B7E 
 888 0015 AA087ED0 		.ascii	"\252\010~\320\355\032\225\021?Y\311\007?MA\377\000M"
 888      ED1A9511 
 888      3F59C907 
 888      3F4D41FF 
 888      004D
 889 0027 9BD46533 		.ascii	"\233\324e3K\226\246VVKo\263n\301\024\332fcln\272N\004"
 889      4B96A656 
 889      564B6FB3 
 889      6EC114DA 
 889      66636C6E 
 890 003e 0922EA44 		.ascii	"\011\"\352D\335K\327.l\316\"h\012\033]\025G\255\205"
 890      DD4BD72E 
 890      6CCE2268 
 890      0A1B5D15 
 890      47AD85
 891 0051 E14B6154 		.ascii	"\341KaT\353\313\230\342<\317s\2234\205]\270\367\236"
 891      EBCB98E2 
 891      3CCF7393 
 891      34855DB8 
 891      F79E
 892 0063 3CE7777E 		.ascii	"<\347w~\317\371\375\236s\263W\002\014\001\300\012\337"
 892      CFF9FD9E 
 892      73B35702 
 892      0C01C00A 
 892      DF
 893 0074 18043C58 		.ascii	"\030\004<X.\011p\034\247\323\024x\250\354\323\021\341"
 893      2E09701C 
 893      A7D31478 
 893      A8ECD311 
 893      E1
 894 0085 E17269E1 		.ascii	"\341ri\341\354\347\022\253\250\027$\036>\325\200\031"
 894      ECE712AB 
 894      A817241E 
 894      3ED58019 
 895 0095 62A43C2A 		.ascii	"b\244<*8se\365vT\036\237X\306\017\307\367\233\322\217"
 895      387365F5 
 895      76541E9F 
ARM GAS  /tmp/ccRGe3zm.s 			page 27


 895      58C60FC7 
 895      F79BD28F 
 896 00a9 470BE822 		.ascii	"G\013\350\"L<z\360=\267\320\022\305\026\360\233\015"
 896      4C3C7AF0 
 896      3DB7D012 
 896      C516F09B 
 896      0D
 897 00ba B057BC35 		.ascii	"\260W\2745\361\311\3758\245@Qy\214\2279\260d\000\017"
 897      F1C9FD38 
 897      A5405179 
 897      8C9739B0 
 897      64000F
 898 00cd 9D0ABB1C 		.ascii	"\235\012\273\034>\034.\227\346\246\036p1\235&\302\220"
 898      3E1C2E97 
 898      E6A61E70 
 898      319D26C2 
 898      90
 899 00de 2069F84D 		.ascii	" i\370M\313\033\360\341\220$\300\252Ds\375\001\356e"
 899      CB1BF0E1 
 899      9024C0AA 
 899      4473FD01 
 899      EE65
 900 00f0 C0FA65B5 		.ascii	"\300\372e\265\304\357\220\315<\267n\034yc\026\235J\025"
 900      C4EF90CD 
 900      3CB76E1C 
 900      7963169D 
 900      4A15
 901 0102 7F755D70 		.ascii	"\177u]pk\320\323\216\222\237\233\261\303@\253\207\027"
 901      6BD0D38E 
 901      929F9BB1 
 901      C340AB87 
 901      17
 902 0113 1EAE3ACE 		.ascii	"\036\256:\316\352\350\354Xhb\330\032<\207Cg\361\014"
 902      EAE8EC58 
 902      6862D81A 
 902      3C874367 
 902      F10C
 903 0125 2AE8CE79 		.ascii	"*\350\316y\351\207)T\265\310\320\201\006t\374\247\242"
 903      E9872954 
 903      B5C8D081 
 903      0674FCA7 
 903      A2
 904 0136 820E4CB7 		.ascii	"\202\016L\267@W\230\322\032\254#>\036+\026\235\360H"
 904      405798D2 
 904      1AAC233E 
 904      1E2B169D 
 904      F048
 905 0148 C7C08516 		.ascii	"\307\300\205\026\304\217LV\305\031\204\363\010;\227"
 905      C48F4C56 
 905      C51984F3 
 905      083B97
 906 0157 242F129E 		.ascii	"$/\022\236C\274\2008\215\037]1\252\316\277w\306\035"
 906      43BC8038 
 906      8D1F5D31 
 906      AACEBF77 
 906      C61D
 907 0169 672E3A7D 		.ascii	"g.:}\376\246w\023\202 \001B\020\337\022\030g\000#=\300"
ARM GAS  /tmp/ccRGe3zm.s 			page 28


 907      FEA67713 
 907      82200142 
 907      10DF1218 
 907      6700233D 
 908 017e 58533D02 		.ascii	"XS=\002\352gPE!\225\015\253\250M=\332U\002\340\004\201"
 908      EA675045 
 908      21950DAB 
 908      A84D3DDA 
 908      5502E004 
 909 0193 F21E9D2A 		.ascii	"\362\036\235*\300$\011\035\017s\374\267p\226\217\324"
 909      C024091D 
 909      0F73FCB7 
 909      70968FD4 
 910 01a3 90DF8593 		.ascii	"\220\337\205\223}\212\026=\375\310]\227\370\335\307"
 910      7D8A163D 
 910      FDC85D97 
 910      F8DDC7
 911 01b2 EF0F50F6 		.ascii	"\357\017P\366^\302\213\010%<\3408\225\007\373\277\320"
 911      5EC28B08 
 911      253CE038 
 911      9507FBBF 
 911      D0
 912 01c3 CD4F12AD 		.ascii	"\315O\022\255\336\256D\353\024\205N\265'I\315v\274\346"
 912      DEAE44EB 
 912      14854EB5 
 912      2749CD76 
 912      BCE6
 913 01d5 E563D3E1 		.ascii	"\345c\323\341\3335\037\037>\374#\0123\277\334C\001\346"
 913      DB351F1F 
 913      3EFC230A 
 913      33BFDC43 
 913      01E6
 914 01e7 1E44CDC9 		.ascii	"\036D\315\311\207\361\363\275{^\375\022a\333\010\037"
 914      87F1F3BD 
 914      7B5EFD12 
 914      61DB081F 
 915 01f7 7D6616D3 		.ascii	"}f\026\323\240\211N>\305\335R@WO\326D\2434X/\252\264"
 915      A0894E3E 
 915      C5DD5240 
 915      574FD644 
 915      A334582F 
 916 020d 167D85BB 		.ascii	"\026}\205\273\232E\323HA]\364\031\027A\221\244n\367"
 916      9A45D348 
 916      415DF419 
 916      174191A4 
 916      6EF7
 917 021f D6E57D5E 		.ascii	"\326\345}^V!\336\177\210;\242P`\361\317%K54I\262\274"
 917      5621DE7F 
 917      883BA250 
 917      60F1CF25 
 917      4B353449 
 918 0235 7F61969A 		.ascii	"\177a\226\232\016\234\256\221\332\352\330\350\015$e"
 918      0E9CAE91 
 918      DAEAD8E8 
 918      0D2465
 919 0244 C10082DE 		.ascii	"\301\000\202\336\317J\345\277f\275\234\372\2754_\357"
 919      CF4AE5BF 
ARM GAS  /tmp/ccRGe3zm.s 			page 29


 919      66BD9CFA 
 919      BD345FEF 
 920 0254 9B52395E 		.ascii	"\233R9^#W\341\231\020'\367}z\3402R\033y\360\2646\262"
 920      2357E199 
 920      1027F77D 
 920      7AE03252 
 920      1B79F0B4 
 921 026a 43B5D3A6 		.ascii	"C\265\323\246\363S\232\230\001\337 \265\223\321\004"
 921      F3539A98 
 921      01DF20B5 
 921      93D104
 922 0279 B0C8766D 		.ascii	"\260\310vm\243\301\224\216l\361\221K=\034\012\0051\\"
 922      A3C1948E 
 922      6CF1914B 
 922      3D1C0A05 
 922      315C
 923 028b 4963E3D8 		.ascii	"Ic\343\330\264q3\211\272\027V\213\025s\3702\263\375"
 923      B4713389 
 923      BA17568B 
 923      1573F832 
 923      B3FD
 924 029d 2546162F 		.ascii	"%F\026/\355%\301\004\240L0(@7\177{\235\332\345\342Z"
 924      ED25C104 
 924      A04C3028 
 924      40377F7B 
 924      9DDAE5E2 
 925 02b2 A2481E0A 		.ascii	"\242H\036\012\322\177\374\263M\326\326^\342\201\360"
 925      D27FFCB3 
 925      4DD6D65E 
 925      E281F0
 926 02c1 EB13546E 		.ascii	"\353\023Tn\230\033\335\230w\335\370\243\022l(\316\262"
 926      981BDD98 
 926      77DDF8A3 
 926      126C28CE 
 926      B2
 927 02d2 624F0ADD 		.ascii	"bO\012\335\364\265u\315a2[5\207\265$\353.\222L]yu\243"
 927      F4B575CD 
 927      61325B35 
 927      87B524EB 
 927      2E924C5D 
 928 02e9 12BA8B92 		.ascii	"\022\272\213\222\253\230\\WBd\272JL\362\370%P\330\234"
 928      AB985C57 
 928      4264BA4A 
 928      4CF2F825 
 928      50D89C
 929 02fc 699EA0B7 		.ascii	"i\236\240\267e\376\234\345\357\365\254\270M\205H\362"
 929      65FE9CE5 
 929      EFF5ACB8 
 929      4D8548F2 
 930 030c 171D76BB 		.ascii	"\027\035v\273\342\261\014i\304\017jo\236K\246\276\036"
 930      E2B10C69 
 930      C40F6A6F 
 930      9E4BA6BE 
 930      1E
 931 031d A3101FF2 		.ascii	"\243\020\037\362u@k\343\240/\250A70\312\235T\356\333"
 931      75406BE3 
 931      A02FA841 
ARM GAS  /tmp/ccRGe3zm.s 			page 30


 931      3730CA9D 
 931      54EEDB
 932 0330 F32D5E53 		.ascii	"\363-^S\263\356\016\376\246\301\357\320\375\2778A\201"
 932      B3EE0EFE 
 932      A6C1EFD0 
 932      FDBF3841 
 932      81
 933 0341 8B2BEF46 		.ascii	"\213+\357F\264q\276\346wtG\024\226\326\236\255\003\260"
 933      B471BEE6 
 933      77744714 
 933      96D69EAD 
 933      03B0
 934 0353 F9A9013C 		.ascii	"\371\251\001<b\357\310\244\223\366\256Lw_\316\356O%"
 934      62EFC8A4 
 934      93F6AE4C 
 934      775FCEEE 
 934      4F25
 935 0365 925DF1DD 		.ascii	"\222]\361\335\211-\217=\036\211l\351y\364\305x\"\221"
 935      892D8F3D 
 935      1E896CE9 
 935      79F4C578 
 935      2291
 936 0377 D96DF7A4 		.ascii	"\331m\367\244r\351\376x.\011\333b;R]\251\347^\2603\275"
 936      72E9FE78 
 936      2E09DB62 
 936      3B525DA9 
 936      E75EB033 
 937 038c 7677269D 		.ascii	"vw&\235\346\\o>\236\313\367e\355\247\237\337\036\333"
 937      E65C6F3E 
 937      9ECBF765 
 937      EDA79FDF 
 937      1EDB
 938 039e FE9A5ACD 		.ascii	"\376\232Z\315\246^I\346z\355gb1\273;\227\217l\355\006"
 938      A65E49E6 
 938      7AED6762 
 938      31BB3B97 
 938      8F6CED06 
 939 03b2 CAC5B361 		.ascii	"\312\305\263a7\336\032I>\321\325\025}2\012\230\025\371"
 939      37DE1A49 
 939      3ED1D515 
 939      7D320A98 
 939      15F9
 940 03c4 ECFF72EA 		.ascii	"\354\377r\352\307\331"
 940      C7D9
 941              		.text
 942              		.section	.gnu.lto_.symbol_nodes.f90f35a4bec3c81b,"e",%progbits
 943 0000 789C6DCA 		.ascii	"x\234m\312GNBa\030\205\341C\2714\351U\220r\351]@i\012"
 943      474E4261 
 943      1885E143 
 943      B934E955 
 943      9072E95D 
 944 0017 4A603FAC 		.ascii	"J`?\254\341\277\014H\230\301J\\\000#\232H\323\255\270"
 944      E1BF0C48 
 944      98C14A5C 
 944      00239A48 
 944      D3ADB8
 945 002a 05B86742 		.ascii	"\005\270gBB\370&O\2767g\250\001\240\315\013\203r9\275"
ARM GAS  /tmp/ccRGe3zm.s 			page 31


 945      42F8264F 
 945      BE3767A8 
 945      01A0CD0B 
 945      837239BD 
 946 003e 66F60708 		.ascii	"f\366\007\010`\256\214\330\013\302x\267\027\205\351"
 946      60AE8CD8 
 946      0BC278B7 
 946      1785E9
 947 004d 6E2F09F3 		.ascii	"n/\011\363\346\177\"]s_\255ea\371\232\216\2157c)\367"
 947      E67F225D 
 947      735FAD65 
 947      61F99A8E 
 947      8D376329 
 948 0062 A00C009D 		.ascii	"\240\014\000\235\364l\225\325\267b#U;\2519\310\213\223"
 948      F46C95D5 
 948      B7622355 
 948      3BA939C8 
 948      8B93
 949 0074 BCBA48DD 		.ascii	"\274\272H\335M\032\036\322\364\222\226\217\264\375\344"
 949      4D1A1ED2 
 949      F492968F 
 949      B4FDE4
 950 0083 2D40DE1F 		.ascii	"-@\336\037I'H\272!\362\361D>\303\244\027!\013D\351\022"
 950      492748BA 
 950      21F2F144 
 950      3EC3A417 
 950      210B44E9 
 951 0098 31BA824C 		.ascii	"1\272\202L\327\210\323\015\022\364\033I\272E\212\376"
 951      D788D30D 
 951      12F41B49 
 951      BA458AFE 
 952 00a8 204D77C8 		.ascii	" Mw\310\320=\262\364\200\034=\"OO(\320_\024Uq\006\351"
 952      D03DB2F4 
 952      801C3D22 
 952      4F4F28D0 
 952      5F145571 
 953 00be D33786   		.ascii	"\3237\206"
 954              		.text
 955              		.section	.gnu.lto_.refs.f90f35a4bec3c81b,"e",%progbits
 956 0000 789C05C1 		.ascii	"x\234\005\301i\032B`\030\000\300\367\231|h\221\222h"
 956      691A4260 
 956      1800C0F7 
 956      997C6891 
 956      9268
 957 0012 A7C52F67 		.ascii	"\247\305/gq\377\3534\263D\204LZ\2054\307\230\344\012"
 957      71FFEB34 
 957      B344844C 
 957      5A8534C7 
 957      98E40A
 958 0025 A5B58DAD 		.ascii	"\245\265\215\255\235\312^\355\340\250q\322:\353\364"
 958      9DCA5EED 
 958      E0A871D2 
 958      3AEBF4
 959 0034 2EAE6EEE 		.ascii	".\256n\356\036\236^\006\243\267\217\257\237)\376\200"
 959      1E9E5E06 
 959      A3B78FAF 
 959      9F29FE80 
ARM GAS  /tmp/ccRGe3zm.s 			page 32


 960 0044 6803A5   		.ascii	"h\003\245"
 961              		.text
 962              		.section	.gnu.lto_.decls.f90f35a4bec3c81b,"e",%progbits
 963 0000 789C9D96 		.ascii	"x\234\235\226mPT\327\031\307\317\271{Y\317\002\262K"
 963      6D5054D7 
 963      19C7CFB9 
 963      7B59CF02 
 963      B24B
 964 0012 625A9ADA 		.ascii	"bZ\232\332\014\223\311\264\214Q\327\3455\375&Cg\322"
 964      0C93C9B4 
 964      8C51D7E5 
 964      35FD2643 
 964      67D2
 965 0024 0F4D334D 		.ascii	"\017M3M\247\237\372\341\316\012\353\310\310[\227\245"
 965      A79FFAE1 
 965      CE0AEBC8 
 965      C85B97A5 
 966 0034 DA4F3DEC 		.ascii	"\332O=\354\",Hq\027-\263R\264\333\025\021\242!k,\021"
 966      222C4871 
 966      172DB352 
 966      B4DB1511 
 966      A2216B2C 
 967 0049 A8C02AA8 		.ascii	"\250\300*\250\253\361\205U\213D\320l\2404\370\002\001"
 967      ABF18555 
 967      8B44D06C 
 967      A034F802 
 967      01
 968 005a 04429042 		.ascii	"\004B\220B\237s\367z\302\205~\352\316\374\365\334\373"
 968      9F73F77A 
 968      C2857EEA 
 968      CEFCF5DC 
 968      FB
 969 006b FCFEE7FC 		.ascii	"\374\376\347\374\317s\356\275\2721\032!\233\006\241"
 969      CF73EEBD 
 969      BA311A21 
 969      9B06A1
 970 007a 7E8CD00A 		.ascii	"~\214\320\012\3746 \204\356\202\266\202z@\267@\335\240"
 970      FC362084 
 970      EE82B682 
 970      7A40B740 
 970      DDA0
 971 008c 9BA0DBA0 		.ascii	"\233\240\333\240.\320 h\010\364\0104\012\032\003M\202"
 971      2ED02068 
 971      08F40834 
 971      0A1A034D 
 971      82
 972 009d A64033A0 		.ascii	"\246@3\240Y\320<h\001\264\010Z\002-\203\020\254!\200"
 972      59D03C68 
 972      01B4085A 
 972      022D8310 
 972      AC2180
 973 00b0 44901644 		.ascii	"D\220\026D@\321\240XP\034\310\000z\005\264\011\364="
 973      40D1A058 
 973      501CC800 
 973      7A05B409 
 973      F43D
 974 00c2 5002E875 		.ascii	"P\002\350u\320f\320\033\240D\320\233\240\267@?\006%"
ARM GAS  /tmp/ccRGe3zm.s 			page 33


 974      D066D01B 
 974      A044D09B 
 974      A0B7403F 
 974      0625
 975 00d4 81B680B6 		.ascii	"\201\266\200\266\202\266\203\036\202~\242\344\335\256"
 975      82B6831E 
 975      827EA2E4 
 975      DDAE
 976 00e2 DCDFA270 		.ascii	"\334\337\242p,\377u\320U\3205P\020E\346xK\2313QYc\263"
 976      2CFF75D0 
 976      55D03550 
 976      1045E678 
 976      4B993351 
 977 00f9 B2668292 		.ascii	"\262f\202\222a\223\222\311\240d\214U2\023e\017\242\262"
 977      619392C9 
 977      A0648C55 
 977      3213650F 
 977      A2B2
 978 010b 27B6B765 		.ascii	"'\266\267ee\257\213\312\336\347\225^\314(\275\231\000"
 978      65AF8BCA 
 978      DEE7955E 
 978      CC28BD99 
 978      00
 979 011c 9DC5322A 		.ascii	"\235\3052*\367\360\2742f\275\354R\306\254\247W\2251"
 979      F7F0BC32 
 979      66BDEC52 
 979      C6ACA757 
 979      9531
 980 012e EBED676C 		.ascii	"\353\355gl]\245\307/\317\202\355\321\210#=\237Xu6/\367"
 980      5DA5C72F 
 980      CF82EDD1 
 980      88233D9F 
 980      5875362F 
 981 0143 D7B56A8F 		.ascii	"\327\265j\217\332W\261\250}\015'j\2230;^=\374\215\210"
 981      DA57B1A8 
 981      7D0D276A 
 981      93303B5E 
 981      3DFC8D88 
 982 0157 80D2A8FC 		.ascii	"\200\322\250\374\263\277\201\376\301VB(3\226|\200D\241"
 982      B3BF81FE 
 982      C1564228 
 982      33967C80 
 982      44A1
 983 0169 F5E94838 		.ascii	"\365\351H8Z\037\240t\212\006\312t\250\035C\306.\234"
 983      5A1FA074 
 983      8A06CA74 
 983      A81D43C6 
 983      2E9C
 984 017b 740177E2 		.ascii	"t\001w\342\016,\012M\323\267Z\242\343\345\262\367\222"
 984      0E2C0A4D 
 984      D3B75AA2 
 984      E3E5B2F7 
 984      92
 985 018c D88DE53A 		.ascii	"\330\215\345:\352a}\020&\272\355\303\002\257\365(\265"
 985      EA617D10 
 985      26BAEDC3 
 985      02AFF528 
ARM GAS  /tmp/ccRGe3zm.s 			page 34


 985      B5
 986 019d 00963310 		.ascii	"\000\2263\020\362[Dv#R\304.\014\020\210b\362G$F\277"
 986      F25B4476 
 986      2352C42E 
 986      0C108862 
 986      F2472446 
 987 01b2 38FFB709 		.ascii	"8\377\267\011\375\026\370%\200q\241\343\372\322\310"
 987      FD16F825 
 987      8071A1E3 
 987      FAD2C8
 988 01c1 0F3BDB29 		.ascii	"\017;\333)\255L\350\301\275\370\2062\207\011A\020\004"
 988      AD4CE8C1 
 988      BDF88632 
 988      87094110 
 988      04
 989 01d2 80FF5BA8 		.ascii	"\200\377[\250\351b{\360U^\273\210yqA)^R\025S\344\332"
 989      E9627BF0 
 989      555EBB88 
 989      79714129 
 989      5E521553 
 990 01e8 A452EB5B 		.ascii	"\244R\353[=i\012\202\026\224Q\032\020\321\025|\031\356"
 990      3D690A82 
 990      1694511A 
 990      10D1157C 
 990      19EE
 991 01fa DDC017F0 		.ascii	"\335\300\027\360g8\210\257\343k\254+d\012\303\276\306"
 991      673888AF 
 991      E36BAC2B 
 991      640AC3BE 
 991      C6
 992 020b AFD44C69 		.ascii	"\257\324Li\023\030\031\340\344M\274\006\025\205\316"
 992      131819E0 
 992      E44DBC06 
 992      1585CE
 993 021a 60D559CC 		.ascii	"`\325Y\314\267\177KY\345\266\334\232\313=\213_l\224"
 993      B77F4B59 
 993      E5B6DC9A 
 993      CB3D8B5F 
 993      6C94
 994 022c 6B81756D 		.ascii	"k\201um\013\314~\3649\236\3060\277\223\006J\373\210"
 994      0BCC7EF4 
 994      399EC630 
 994      BF93064A 
 994      FB88
 995 023e CB374EFD 		.ascii	"\3137N\375\224\026\321+\343\236\372\362qg\274\333\016"
 995      9416D12B 
 995      E39EFAF2 
 995      7167BCDB 
 995      0E
 996 024f 35BF93BE 		.ascii	"5\277\223\276\356\201\333\365\365a\227\340\325\260\324"
 996      EE81DBF5 
 996      F56197E0 
 996      D5B0D4
 997 025e 943A62E9 		.ascii	"\224:b\351\337\331!\356\241\216rv]\235\340uD\316\265"
 997      DFD921EE 
 997      A18E7276 
 997      5D9DE075 
ARM GAS  /tmp/ccRGe3zm.s 			page 35


 997      44CEB5
 998 0271 1FD34039 		.ascii	"\037\323@9\365\007\264\276^Z\356\241\277\250\257\037"
 998      F507B4BE 
 998      5E5AEEA1 
 998      BFA8AF1F 
 999 0281 0FB22568 		.ascii	"\017\262%hm\270\241B\357u\014;\275\275\364\007^\230"
 999      6DB8A142 
 999      EF750C3B 
 999      BDBDF407 
 999      5E98
 1000 0293 C503DB72 		.ascii	"\305\003\333r\343R\260\224\006\250;\200]\336\206?\325"
 1000      E352B094 
 1000      06A83B80 
 1000      5DDE863F 
 1000      D5
 1001 02a4 94F5057E 		.ascii	"\224\365\005~^j/sR{\237\323\340\202?\250\217\266\307"
 1001      5E6A2F73 
 1001      527B9FD3 
 1001      E0823FA8 
 1001      8FB6C7
 1002 02b7 BB817735 		.ascii	"\273\201w5\006\250\201z\373\234\245\276>'v\373\312\234"
 1002      06A8817A 
 1002      FB9CA5BE 
 1002      3E2776FB 
 1002      CA9C
 1003 02c9 2E5F1FC5 		.ascii	"._\037\305\265\300$\272!U\251o\247;|\000\026\352\243"
 1003      B5C024BA 
 1003      2155A96F 
 1003      A73B7C00 
 1003      16EAA3
 1004 02dc F1CCEDF6 		.ascii	"\361\314\355\366\375\254\024\306\320<'.\365Q\247\313"
 1004      FDAC14C6 
 1004      D03C272E 
 1004      F551A7CB 
 1005 02ec 4E2BE35D 		.ascii	"N+\343]>'\263\301\326|e\355n{\200\302 \340t\277\011"
 1005      3E27B3C1 
 1005      D67C65ED 
 1005      6E7B80C2 
 1005      20E074BF 
 1006 0301 AB50ADFC 		.ascii	"\253P\255\3744\202A\240\211\224\356\024\205\221\231"
 1006      348241A0 
 1006      8994EE14 
 1006      859199
 1007 0310 E79D6486 		.ascii	"\347\235d\206\205\3677\036\327\241\327\\;\021\332a "
 1007      85F7371E 
 1007      D7A1D75C 
 1007      3B11DA61 
 1007      20
 1008 0321 4705441A 		.ascii	"G\005D\032\005\350\237\277a)Dt\010\335\213<h\002<[\006"
 1008      05E89FBF 
 1008      61294474 
 1008      08DD8B3C 
 1008      68023C5B 
 1009 0336 51685918 		.ascii	"QhY\030\356\325l\006\3233J7=A\367\361\000\224\0071\232"
 1009      EED56C06 
 1009      D3334A37 
 1009      3D41F7F1 
ARM GAS  /tmp/ccRGe3zm.s 			page 36


 1009      00940731 
 1010 034b 96CFEAE3 		.ascii	"\226\317\352\343oO\237\212J\362\270\350\324\321\313"
 1010      6F4F9F8A 
 1010      4AF2B8E8 
 1010      D4D1CB
 1011 035a BF6B76C1 		.ascii	"\277kv\301:\203\370.\034(B\377\304\350.Fwp\010g\036"
 1011      3A83F82E 
 1011      1C2842FF 
 1011      C4E82E46 
 1011      77700867 
 1012 036f 8A222D6B 		.ascii	"\212\"-k\027\020\205\352\233\313\207u\314\352\277p\240"
 1012      171085EA 
 1012      9BCB8775 
 1012      CCEABF70 
 1012      A0
 1013 0380 821AECD0 		.ascii	"\202\032\354\3209q\020?\220\315C\030=P\314\225Q\344"
 1013      3971103F 
 1013      90CD4318 
 1013      3D50CC95 
 1013      51E4
 1014 0392 D3F5E696 		.ascii	"\323\365\346\226g~\207^6?Xe~(\233\037a\366\375\222\315"
 1014      677E875E 
 1014      363F5865 
 1014      7E289B1F 
 1014      61F6FD92 
 1015 03a7 8E287209 		.ascii	"\216(r\011\266\027b\023<\036\2777\244\207\011\276\224"
 1015      B6176213 
 1015      3C1EBF37 
 1015      A48709BE 
 1015      94
 1016 03b8 2718AD0C 		.ascii	"'\030\255\014]\320E\246\033\201\327\321>|\351\257bR"
 1016      5DD045A6 
 1016      1B81D7D1 
 1016      3E7CE9AF 
 1016      6252
 1017 03ca 3BCCF7F5 		.ascii	";\314\367\365\252\371\302\362|\243\030\205\225\371^"
 1017      AAF9C2F2 
 1017      7CA31885 
 1017      95F95E
 1018 03d9 88E4019B 		.ascii	"\210\344\001\233\353\320\355\261S$\311\343\241\376\312"
 1018      EBD0EDB1 
 1018      5324C9E3 
 1018      A1FECA
 1019 03e8 0A865319 		.ascii	"\012\206S\031\037\223q\370\302(\3645\221<\025X+)f\357"
 1019      1F9371F8 
 1019      C228F435 
 1019      913C1558 
 1019      2B2966EF 
 1020 03fc 2981D106 		.ascii	")\201\321\006Q\250\377\202\272c\364T\3710\274\032y\202"
 1020      51A8FF82 
 1020      BA63F454 
 1020      F930BC1A 
 1020      7982
 1021 040e 9F62647A 		.ascii	"\237bdz\0029\\\377\011>\026\022\324/\323\377xEzCs{\277"
 1021      02395CFF 
 1021      093E1612 
 1021      D42FD3FF 
ARM GAS  /tmp/ccRGe3zm.s 			page 37


 1021      78457A43 
 1022 0425 1FA1BCC2 		.ascii	"\037\241\274\3023\374\030\217\303\375\011\314\246\201"
 1022      33FC188F 
 1022      C3FD09CC 
 1022      A681
 1023 0433 EACC93D2 		.ascii	"\352\314\223\322T^\275\245\256\276}\004\316\252\253"
 1023      545EBDA5 
 1023      AEBE7D04 
 1023      CEAAAB
 1024 0442 F77D179E 		.ascii	"\367}\027\236\304_\301\264\221\342W\030\267\341\314"
 1024      C45FC1B4 
 1024      91E25718 
 1024      B7E1CC
 1025 0451 2E91CCB1 		.ascii	".\221\314\261\335}R\335{N\363\366 $\254<QUC\261\013"
 1025      DD7D52DD 
 1025      7B4EF3F6 
 1025      2024AC3C 
 1025      515543B1 
 1026 0466 77E32960 		.ascii	"w\343)`#Q\341U\316\014b\342\324\000y\340\340\201\245"
 1026      2351E155 
 1026      CE0C62E2 
 1026      D40079E0 
 1026      E081A5
 1027 0479 5846F6DF 		.ascii	"XF\366\337l\247\360\225\353\3063\234\233\001\356.&u"
 1027      6CA7F095 
 1027      EBC6339C 
 1027      9B01EE2E 
 1027      2675
 1028 048b 8C3BFDE5 		.ascii	"\214;\375\345\231\201\0152\367L\341f97\013\334#LN2\356"
 1028      99810D32 
 1028      F74CE166 
 1028      39370BDC 
 1028      234C4E32 
 1029 04a0 494DF368 		.ascii	"IM\363h\204\253vT\004\014\360\202\317sn\036\270\307"
 1029      84AB7654 
 1029      040CF082 
 1029      CF736E1E 
 1029      B8C7
 1030 04b2 98B4316E 		.ascii	"\230\2641ne\376pE\214\234\260\232'\\\340\344\002\220"
 1030      65FE7045 
 1030      8C9CB09A 
 1030      275CE0E4 
 1030      0290
 1031 04c4 B3980419 		.ascii	"\263\230\004\031\3314s\266_\253J\270\310\271E\340V0"
 1031      D93473B6 
 1031      5FAB4AB8 
 1031      C8B945E0 
 1031      5630
 1032 04d6 1960DCB9 		.ascii	"\031`\334\271\231\020Q\005\\\342\330\022`U\002\031c"
 1032      99105105 
 1032      5CE2D812 
 1032      60550219 
 1032      63
 1033 04e7 58DF99EA 		.ascii	"X\337\231\352+\352\200\313\234[\006\356\317\002\231"
 1033      2BEA80CB 
 1033      9C5B06EE 
 1033      CF0299
ARM GAS  /tmp/ccRGe3zm.s 			page 38


 1034 04f6 63DCD8B1 		.ascii	"c\334\330\261\301\207qr\300C< \025^\222T@\231^\2018"
 1034      C1877172 
 1034      C0433C20 
 1034      155E9254 
 1034      40995E81 
 1035 050b 45F606D5 		.ascii	"E\366\006\325\015\365\023U@;\347\354\300\235\026H\035"
 1035      0DF51355 
 1035      403BE7EC 
 1035      C09D1648 
 1035      1D
 1036 051c E3867A1C 		.ascii	"\343\206z\034C\352\204e\234+\003\356S\201\234d\\\307"
 1036      43EA8465 
 1036      9C2B03EE 
 1036      53819C64 
 1036      5CC7
 1037 052e 89531D3A 		.ascii	"\211S\035:U\302r\316\225\003wQ m\214;\033\376\344_z"
 1037      55C272CE 
 1037      95037751 
 1037      206D8C3B 
 1037      1BFEE45F 
 1038 0543 39613D4F 		.ascii	"9a=O\350\344\244\023\310\033\002\0112r%\374\342\236"
 1038      E8E4A413 
 1038      C81B0209 
 1038      327225FC 
 1038      E29E
 1039 0555 A84A58C5 		.ascii	"\250JX\305\271*\340\356\013d\200qu\007\347\177\244\012"
 1039      B92AE0EE 
 1039      0B648071 
 1039      7507E77F 
 1039      A40A
 1040 0567 58CDB16A 		.ascii	"X\315\261j\300F\240\205\014;\\\3216\020\247\012X\303"
 1040      C046A085 
 1040      0C3B5CD1 
 1040      3610A70A 
 1040      58C3
 1041 0579 B91AE026 		.ascii	"\271\032\340&\240\205\214\013}~\361ky\331\251c<\240"
 1041      A0858C0B 
 1041      7D7EF16B 
 1041      79D9A963 
 1041      3CA0
 1042 058b 8B932E20 		.ascii	"\213\223. \027\240\205Q@\332[zjcT\001k9W\013\234CC\352"
 1042      17A08551 
 1042      40DA5B7A 
 1042      6A635401 
 1042      6B39570B 
 1043 05a3 18F73CD4 		.ascii	"\030\367<\324=-\250\022\036\341\334\021\340j4\344$\343"
 1043      3D2DA812 
 1043      1EE1DC11 
 1043      E06A34E4 
 1043      24E3
 1044 05b5 8EDB3B8E 		.ascii	"\216\333;\216\020U\302:\316\325\001wTC\332\030w\352"
 1044      1055C23A 
 1044      CED50177 
 1044      5443DA18 
 1044      77EA
 1045 05c7 D8B9CE28 		.ascii	"\330\271\316(9a3O\350\341\244\007\310F\015\0112\262"
 1045      3961334F 
ARM GAS  /tmp/ccRGe3zm.s 			page 39


 1045      E8E1A407 
 1045      C8460D09 
 1045      32B2
 1046 05d9 63D97147 		.ascii	"c\331qG\243JX\317\271z\340>\326\220\001\306\315\367"
 1046      A34A58CF 
 1046      B97AE03E 
 1046      D69001C6 
 1046      CDF7
 1047 05eb 847EA50A 		.ascii	"\204~\245\012\330\300\261\006\300:5d\214a\341\305\023"
 1047      D8C0B106 
 1047      C03A3564 
 1047      8C61E1C5 
 1047      13
 1048 05fc CFA35501 		.ascii	"\317\243U\001\217s\3568p\2275d\216q\241\271\246\363"
 1048      8F73EE38 
 1048      70973564 
 1048      8E71A1B9 
 1048      A6F3
 1049 060e 91A7F034 		.ascii	"\221\247\3604\017\350\345\244\027\310~\015qj\201\364"
 1049      0FE8E5A4 
 1049      17C87E0D 
 1049      716A81F4 
 1050 061e 1C0F7C23 		.ascii	"\034\017|#\250\002\3728\347\003n\010Z\310\270o\302'"
 1050      A802FA38 
 1050      E7036E08 
 1050      5AC8B86F 
 1050      C227
 1051 0630 46D54F61 		.ascii	"F\325Oa#\347\340\037\221\314\177C\013\0317\354\355\276"
 1051      23E7E01F 
 1051      91CC7F43 
 1051      0B1937EC 
 1051      EDBE
 1052 0642 AA55256C 		.ascii	"\252U%l\342\\\023p\323\320B\306M:?:\0309\344V\236\260"
 1052      E25C1370 
 1052      D3D042C6 
 1052      4D3A3F3A 
 1052      1839E456 
 1053 0658 9993CD40 		.ascii	"\231\223\315@.A\013\031\351\030hiU\037\362\207\234\373"
 1053      2E410B19 
 1053      E9186869 
 1053      551FF287 
 1053      9CFB
 1054 066a 10B80A91 		.ascii	"\020\270\012\221\0140.x\2477\034\245Jx\206sg\200\253"
 1054      0C302E78 
 1054      A7371CA5 
 1054      4A788673 
 1054      6780AB
 1055 067d 15C918E3 		.ascii	"\025\311\030\343\006\377\322\272\022\243J\330\312\271"
 1055      06FFD2BA 
 1055      12A34AD8 
 1055      CAB9
 1056 068b 56E08E89 		.ascii	"V\340\216\211\242p\177n\341\221\206\377OdR\251\372\005"
 1056      A2707F6E 
 1056      E19186FF 
 1056      4F6452A9 
 1056      FA05
 1057 069d F806A765 		.ascii	"\370\006\247e\355\311\335\225\373\376\257\215\205\305"
ARM GAS  /tmp/ccRGe3zm.s 			page 40


 1057      EDC9DD95 
 1057      FBFEAF8D 
 1057      85C5
 1058 06ab C6ECC2FC 		.ascii	"\306\354\302\374\374\302\002c\261\315l\265\225\024\031"
 1058      FCC20263 
 1058      B1CD6CB5 
 1058      951419
 1059 06ba 333F782F 		.ascii	"3?x/\353\275\375\354nQn\236\305Zl|7+\313\230m\265\231"
 1059      EBBDFDEC 
 1059      6E516E9E 
 1059      C55A6C7C 
 1059      372BCB98 
 1060 06d1 B6679377 		.ascii	"\266g\223w\177\371\233\304,S\0062D\256\267\233,\251"
 1060      7FF99BC4 
 1060      2C530632 
 1060      44AEB79B 
 1060      2CA9
 1061 06e3 BB76BDF3 		.ascii	"\273v\275\363\323w\020)\311-\260\245$K\266\350\354<"
 1061      D3771029 
 1061      C92DB0A5 
 1061      244BB6E8 
 1061      EC3C
 1062 06f5 8BD92A99 		.ascii	"\213\331*\231\255\026\263.\267 \327&\217\342\344\221"
 1062      AD16B32E 
 1062      B720D726 
 1062      8FE2E491 
 1063 0705 CDB23F72 		.ascii	"\315\262?r\031[P(\361\332V\343\236\302|\213qoav\211"
 1063      195B5028 
 1063      F1DA56E3 
 1063      9EC27C8B 
 1063      716F6176 
 1064 071a D5B82F37 		.ascii	"\325\270/7\307\262\313\\\220\263-9\305d\332\266{\207"
 1064      C7B2CB5C 
 1064      90B32D39 
 1064      C564DAB6 
 1064      7B87
 1065 072c 64CEC981 		.ascii	"d\316\311\201h\273s\255\371\373\000F\351\377Wl\244\267"
 1065      68BB73AD 
 1065      F9FB0046 
 1065      E9FF576C 
 1065      A4B7
 1066 073e 9AF3BF5B 		.ascii	"\232\363\277[Q\262iL\351Hg\266\346\377>\275x[>\212\316"
 1066      51B2694C 
 1066      E94867B6 
 1066      E6FF3EBD 
 1066      785B3E8A 
 1067 0753 2EB442B6 		.ascii	".\264B\266m\371;P\264$e\027\225\310\250\270\317b\336"
 1067      6DF93B50 
 1067      B4246517 
 1067      95C8A8B8 
 1067      CF62DE
 1068 0766 1B2B49B0 		.ascii	"\033+I\260\233\274?\310wb$)\317l\263\310\3438I\312\261"
 1068      9BBC3FC8 
 1068      77622429 
 1068      CF6CB3C8 
 1068      E33849CA 
 1069 077b EC3697E4 		.ascii	"\3546\227\344\331$\313\376\\\033)(\264Zl%\326\002\203"
ARM GAS  /tmp/ccRGe3zm.s 			page 41


 1069      D924CBFE 
 1069      5C1B2928 
 1069      B45A6C25 
 1069      D60283
 1070 078e 1459872D 		.ascii	"\024Y\207-\310\326*\326\361\321+\022\273\273C\372\256"
 1070      C8D62AD6 
 1070      F1D12B12 
 1070      BBBB43FA 
 1070      AE
 1071 079f 17D2C6D5 		.ascii	"\027\322\306\325\267\2448\345*\322AI\257\\\026\024F"
 1071      B7A438E5 
 1071      2AD24149 
 1071      AF5C1614 
 1071      46
 1072 07b0 CA11BF69 		.ascii	"\312\021\277i\275\337\244\362\233\324~\323\032\177\362"
 1072      BDDFA4F2 
 1072      9BD47ED3 
 1072      1A7FF2
 1073 07bf 7A7FB2CA 		.ascii	"z\177\262\312\237\254\366'\257\361\247\254\367\247\250"
 1073      9FACF627 
 1073      AFF1A7AC 
 1073      F7A7A8
 1074 07ce FC29     		.ascii	"\374)"
 1075 07d0 6A7FCA1A 		.ascii	"j\177\312\032\177\352z\177\252\312\237\252\366\247\256"
 1075      7FEA7A7F 
 1075      AACA9FAA 
 1075      F6A7AE
 1076 07df F1A7ADF7 		.ascii	"\361\247\255\367\247\251\374ij\177\332\032\177\372z"
 1076      A7A9FC69 
 1076      6A7FDA1A 
 1076      7FFA7A
 1077 07ee 7FBACA9F 		.ascii	"\177\272\312\237\256\366\247\257\361g\254\367g\250\374"
 1077      AEF6A7AF 
 1077      F167ACF7 
 1077      67A8FC
 1078 07fd 196A7F06 		.ascii	"\031j\177\006\367\377\027\215\030;\254"
 1078      F7FF178D 
 1078      183BAC
 1079              		.text
 1080              		.section	.gnu.lto_.symtab.f90f35a4bec3c81b,"e",%progbits
 1081 0000 5F5F6370 		.ascii	"__cpu_init\000"
 1081      755F696E 
 1081      697400
 1082 000b 00       		.ascii	"\000"
 1083 000c 01       		.ascii	"\001"
 1084 000d 00       		.ascii	"\000"
 1085 000e 00000000 		.ascii	"\000\000\000\000\000\000\000\000"
 1085      00000000 
 1086 0016 D8000000 		.ascii	"\330\000\000\000"
 1087 001a 5F5F6561 		.ascii	"__early_init\000"
 1087      726C795F 
 1087      696E6974 
 1087      00
 1088 0027 00       		.ascii	"\000"
 1089 0028 01       		.ascii	"\001"
 1090 0029 00       		.ascii	"\000"
 1091 002a 00000000 		.ascii	"\000\000\000\000\000\000\000\000"
ARM GAS  /tmp/ccRGe3zm.s 			page 42


 1091      00000000 
 1092 0032 DB000000 		.ascii	"\333\000\000\000"
 1093 0036 5F5F6C61 		.ascii	"__late_init\000"
 1093      74655F69 
 1093      6E697400 
 1094 0042 00       		.ascii	"\000"
 1095 0043 01       		.ascii	"\001"
 1096 0044 00       		.ascii	"\000"
 1097 0045 00000000 		.ascii	"\000\000\000\000\000\000\000\000"
 1097      00000000 
 1098 004d DE000000 		.ascii	"\336\000\000\000"
 1099 0051 5F5F6465 		.ascii	"__default_exit\000"
 1099      6661756C 
 1099      745F6578 
 1099      697400
 1100 0060 00       		.ascii	"\000"
 1101 0061 01       		.ascii	"\001"
 1102 0062 00       		.ascii	"\000"
 1103 0063 00000000 		.ascii	"\000\000\000\000\000\000\000\000"
 1103      00000000 
 1104 006b E3000000 		.ascii	"\343\000\000\000"
 1105 006f 5F5F696E 		.ascii	"__init_ram_areas\000"
 1105      69745F72 
 1105      616D5F61 
 1105      72656173 
 1105      00
 1106 0080 00       		.ascii	"\000"
 1107 0081 00       		.ascii	"\000"
 1108 0082 00       		.ascii	"\000"
 1109 0083 00000000 		.ascii	"\000\000\000\000\000\000\000\000"
 1109      00000000 
 1110 008b E5000000 		.ascii	"\345\000\000\000"
 1111 008f 5F5F7261 		.ascii	"__ram0_init_text__\000"
 1111      6D305F69 
 1111      6E69745F 
 1111      74657874 
 1111      5F5F00
 1112 00a2 00       		.ascii	"\000"
 1113 00a3 02       		.ascii	"\002"
 1114 00a4 00       		.ascii	"\000"
 1115 00a5 00000000 		.ascii	"\000\000\000\000\000\000\000\000"
 1115      00000000 
 1116 00ad F0000000 		.ascii	"\360\000\000\000"
 1117 00b1 5F5F7261 		.ascii	"__ram0_init__\000"
 1117      6D305F69 
 1117      6E69745F 
 1117      5F00
 1118 00bf 00       		.ascii	"\000"
 1119 00c0 02       		.ascii	"\002"
 1120 00c1 00       		.ascii	"\000"
 1121 00c2 00000000 		.ascii	"\000\000\000\000\000\000\000\000"
 1121      00000000 
 1122 00ca F2000000 		.ascii	"\362\000\000\000"
 1123 00ce 5F5F7261 		.ascii	"__ram0_clear__\000"
 1123      6D305F63 
 1123      6C656172 
 1123      5F5F00
ARM GAS  /tmp/ccRGe3zm.s 			page 43


 1124 00dd 00       		.ascii	"\000"
 1125 00de 02       		.ascii	"\002"
 1126 00df 00       		.ascii	"\000"
 1127 00e0 00000000 		.ascii	"\000\000\000\000\000\000\000\000"
 1127      00000000 
 1128 00e8 F4000000 		.ascii	"\364\000\000\000"
 1129 00ec 5F5F7261 		.ascii	"__ram0_noinit__\000"
 1129      6D305F6E 
 1129      6F696E69 
 1129      745F5F00 
 1130 00fc 00       		.ascii	"\000"
 1131 00fd 02       		.ascii	"\002"
 1132 00fe 00       		.ascii	"\000"
 1133 00ff 00000000 		.ascii	"\000\000\000\000\000\000\000\000"
 1133      00000000 
 1134 0107 F6000000 		.ascii	"\366\000\000\000"
 1135 010b 5F5F7261 		.ascii	"__ram1_init_text__\000"
 1135      6D315F69 
 1135      6E69745F 
 1135      74657874 
 1135      5F5F00
 1136 011e 00       		.ascii	"\000"
 1137 011f 02       		.ascii	"\002"
 1138 0120 00       		.ascii	"\000"
 1139 0121 00000000 		.ascii	"\000\000\000\000\000\000\000\000"
 1139      00000000 
 1140 0129 F8000000 		.ascii	"\370\000\000\000"
 1141 012d 5F5F7261 		.ascii	"__ram1_init__\000"
 1141      6D315F69 
 1141      6E69745F 
 1141      5F00
 1142 013b 00       		.ascii	"\000"
 1143 013c 02       		.ascii	"\002"
 1144 013d 00       		.ascii	"\000"
 1145 013e 00000000 		.ascii	"\000\000\000\000\000\000\000\000"
 1145      00000000 
 1146 0146 FA000000 		.ascii	"\372\000\000\000"
 1147 014a 5F5F7261 		.ascii	"__ram1_clear__\000"
 1147      6D315F63 
 1147      6C656172 
 1147      5F5F00
 1148 0159 00       		.ascii	"\000"
 1149 015a 02       		.ascii	"\002"
 1150 015b 00       		.ascii	"\000"
 1151 015c 00000000 		.ascii	"\000\000\000\000\000\000\000\000"
 1151      00000000 
 1152 0164 FC000000 		.ascii	"\374\000\000\000"
 1153 0168 5F5F7261 		.ascii	"__ram1_noinit__\000"
 1153      6D315F6E 
 1153      6F696E69 
 1153      745F5F00 
 1154 0178 00       		.ascii	"\000"
 1155 0179 02       		.ascii	"\002"
 1156 017a 00       		.ascii	"\000"
 1157 017b 00000000 		.ascii	"\000\000\000\000\000\000\000\000"
 1157      00000000 
 1158 0183 FE000000 		.ascii	"\376\000\000\000"
ARM GAS  /tmp/ccRGe3zm.s 			page 44


 1159 0187 5F5F7261 		.ascii	"__ram2_init_text__\000"
 1159      6D325F69 
 1159      6E69745F 
 1159      74657874 
 1159      5F5F00
 1160 019a 00       		.ascii	"\000"
 1161 019b 02       		.ascii	"\002"
 1162 019c 00       		.ascii	"\000"
 1163 019d 00000000 		.ascii	"\000\000\000\000\000\000\000\000"
 1163      00000000 
 1164 01a5 00010000 		.ascii	"\000\001\000\000"
 1165 01a9 5F5F7261 		.ascii	"__ram2_init__\000"
 1165      6D325F69 
 1165      6E69745F 
 1165      5F00
 1166 01b7 00       		.ascii	"\000"
 1167 01b8 02       		.ascii	"\002"
 1168 01b9 00       		.ascii	"\000"
 1169 01ba 00000000 		.ascii	"\000\000\000\000\000\000\000\000"
 1169      00000000 
 1170 01c2 02010000 		.ascii	"\002\001\000\000"
 1171 01c6 5F5F7261 		.ascii	"__ram2_clear__\000"
 1171      6D325F63 
 1171      6C656172 
 1171      5F5F00
 1172 01d5 00       		.ascii	"\000"
 1173 01d6 02       		.ascii	"\002"
 1174 01d7 00       		.ascii	"\000"
 1175 01d8 00000000 		.ascii	"\000\000\000\000\000\000\000\000"
 1175      00000000 
 1176 01e0 04010000 		.ascii	"\004\001\000\000"
 1177 01e4 5F5F7261 		.ascii	"__ram2_noinit__\000"
 1177      6D325F6E 
 1177      6F696E69 
 1177      745F5F00 
 1178 01f4 00       		.ascii	"\000"
 1179 01f5 02       		.ascii	"\002"
 1180 01f6 00       		.ascii	"\000"
 1181 01f7 00000000 		.ascii	"\000\000\000\000\000\000\000\000"
 1181      00000000 
 1182 01ff 06010000 		.ascii	"\006\001\000\000"
 1183 0203 5F5F7261 		.ascii	"__ram3_init_text__\000"
 1183      6D335F69 
 1183      6E69745F 
 1183      74657874 
 1183      5F5F00
 1184 0216 00       		.ascii	"\000"
 1185 0217 02       		.ascii	"\002"
 1186 0218 00       		.ascii	"\000"
 1187 0219 00000000 		.ascii	"\000\000\000\000\000\000\000\000"
 1187      00000000 
 1188 0221 08010000 		.ascii	"\010\001\000\000"
 1189 0225 5F5F7261 		.ascii	"__ram3_init__\000"
 1189      6D335F69 
 1189      6E69745F 
 1189      5F00
 1190 0233 00       		.ascii	"\000"
ARM GAS  /tmp/ccRGe3zm.s 			page 45


 1191 0234 02       		.ascii	"\002"
 1192 0235 00       		.ascii	"\000"
 1193 0236 00000000 		.ascii	"\000\000\000\000\000\000\000\000"
 1193      00000000 
 1194 023e 0A010000 		.ascii	"\012\001\000\000"
 1195 0242 5F5F7261 		.ascii	"__ram3_clear__\000"
 1195      6D335F63 
 1195      6C656172 
 1195      5F5F00
 1196 0251 00       		.ascii	"\000"
 1197 0252 02       		.ascii	"\002"
 1198 0253 00       		.ascii	"\000"
 1199 0254 00000000 		.ascii	"\000\000\000\000\000\000\000\000"
 1199      00000000 
 1200 025c 0C010000 		.ascii	"\014\001\000\000"
 1201 0260 5F5F7261 		.ascii	"__ram3_noinit__\000"
 1201      6D335F6E 
 1201      6F696E69 
 1201      745F5F00 
 1202 0270 00       		.ascii	"\000"
 1203 0271 02       		.ascii	"\002"
 1204 0272 00       		.ascii	"\000"
 1205 0273 00000000 		.ascii	"\000\000\000\000\000\000\000\000"
 1205      00000000 
 1206 027b 0E010000 		.ascii	"\016\001\000\000"
 1207 027f 5F5F7261 		.ascii	"__ram4_init_text__\000"
 1207      6D345F69 
 1207      6E69745F 
 1207      74657874 
 1207      5F5F00
 1208 0292 00       		.ascii	"\000"
 1209 0293 02       		.ascii	"\002"
 1210 0294 00       		.ascii	"\000"
 1211 0295 00000000 		.ascii	"\000\000\000\000\000\000\000\000"
 1211      00000000 
 1212 029d 10010000 		.ascii	"\020\001\000\000"
 1213 02a1 5F5F7261 		.ascii	"__ram4_init__\000"
 1213      6D345F69 
 1213      6E69745F 
 1213      5F00
 1214 02af 00       		.ascii	"\000"
 1215 02b0 02       		.ascii	"\002"
 1216 02b1 00       		.ascii	"\000"
 1217 02b2 00000000 		.ascii	"\000\000\000\000\000\000\000\000"
 1217      00000000 
 1218 02ba 12010000 		.ascii	"\022\001\000\000"
 1219 02be 5F5F7261 		.ascii	"__ram4_clear__\000"
 1219      6D345F63 
 1219      6C656172 
 1219      5F5F00
 1220 02cd 00       		.ascii	"\000"
 1221 02ce 02       		.ascii	"\002"
 1222 02cf 00       		.ascii	"\000"
 1223 02d0 00000000 		.ascii	"\000\000\000\000\000\000\000\000"
 1223      00000000 
 1224 02d8 14010000 		.ascii	"\024\001\000\000"
 1225 02dc 5F5F7261 		.ascii	"__ram4_noinit__\000"
ARM GAS  /tmp/ccRGe3zm.s 			page 46


 1225      6D345F6E 
 1225      6F696E69 
 1225      745F5F00 
 1226 02ec 00       		.ascii	"\000"
 1227 02ed 02       		.ascii	"\002"
 1228 02ee 00       		.ascii	"\000"
 1229 02ef 00000000 		.ascii	"\000\000\000\000\000\000\000\000"
 1229      00000000 
 1230 02f7 16010000 		.ascii	"\026\001\000\000"
 1231 02fb 5F5F7261 		.ascii	"__ram5_init_text__\000"
 1231      6D355F69 
 1231      6E69745F 
 1231      74657874 
 1231      5F5F00
 1232 030e 00       		.ascii	"\000"
 1233 030f 02       		.ascii	"\002"
 1234 0310 00       		.ascii	"\000"
 1235 0311 00000000 		.ascii	"\000\000\000\000\000\000\000\000"
 1235      00000000 
 1236 0319 18010000 		.ascii	"\030\001\000\000"
 1237 031d 5F5F7261 		.ascii	"__ram5_init__\000"
 1237      6D355F69 
 1237      6E69745F 
 1237      5F00
 1238 032b 00       		.ascii	"\000"
 1239 032c 02       		.ascii	"\002"
 1240 032d 00       		.ascii	"\000"
 1241 032e 00000000 		.ascii	"\000\000\000\000\000\000\000\000"
 1241      00000000 
 1242 0336 1A010000 		.ascii	"\032\001\000\000"
 1243 033a 5F5F7261 		.ascii	"__ram5_clear__\000"
 1243      6D355F63 
 1243      6C656172 
 1243      5F5F00
 1244 0349 00       		.ascii	"\000"
 1245 034a 02       		.ascii	"\002"
 1246 034b 00       		.ascii	"\000"
 1247 034c 00000000 		.ascii	"\000\000\000\000\000\000\000\000"
 1247      00000000 
 1248 0354 1C010000 		.ascii	"\034\001\000\000"
 1249 0358 5F5F7261 		.ascii	"__ram5_noinit__\000"
 1249      6D355F6E 
 1249      6F696E69 
 1249      745F5F00 
 1250 0368 00       		.ascii	"\000"
 1251 0369 02       		.ascii	"\002"
 1252 036a 00       		.ascii	"\000"
 1253 036b 00000000 		.ascii	"\000\000\000\000\000\000\000\000"
 1253      00000000 
 1254 0373 1E010000 		.ascii	"\036\001\000\000"
 1255 0377 5F5F7261 		.ascii	"__ram6_init_text__\000"
 1255      6D365F69 
 1255      6E69745F 
 1255      74657874 
 1255      5F5F00
 1256 038a 00       		.ascii	"\000"
 1257 038b 02       		.ascii	"\002"
ARM GAS  /tmp/ccRGe3zm.s 			page 47


 1258 038c 00       		.ascii	"\000"
 1259 038d 00000000 		.ascii	"\000\000\000\000\000\000\000\000"
 1259      00000000 
 1260 0395 20010000 		.ascii	" \001\000\000"
 1261 0399 5F5F7261 		.ascii	"__ram6_init__\000"
 1261      6D365F69 
 1261      6E69745F 
 1261      5F00
 1262 03a7 00       		.ascii	"\000"
 1263 03a8 02       		.ascii	"\002"
 1264 03a9 00       		.ascii	"\000"
 1265 03aa 00000000 		.ascii	"\000\000\000\000\000\000\000\000"
 1265      00000000 
 1266 03b2 22010000 		.ascii	"\"\001\000\000"
 1267 03b6 5F5F7261 		.ascii	"__ram6_clear__\000"
 1267      6D365F63 
 1267      6C656172 
 1267      5F5F00
 1268 03c5 00       		.ascii	"\000"
 1269 03c6 02       		.ascii	"\002"
 1270 03c7 00       		.ascii	"\000"
 1271 03c8 00000000 		.ascii	"\000\000\000\000\000\000\000\000"
 1271      00000000 
 1272 03d0 24010000 		.ascii	"$\001\000\000"
 1273 03d4 5F5F7261 		.ascii	"__ram6_noinit__\000"
 1273      6D365F6E 
 1273      6F696E69 
 1273      745F5F00 
 1274 03e4 00       		.ascii	"\000"
 1275 03e5 02       		.ascii	"\002"
 1276 03e6 00       		.ascii	"\000"
 1277 03e7 00000000 		.ascii	"\000\000\000\000\000\000\000\000"
 1277      00000000 
 1278 03ef 26010000 		.ascii	"&\001\000\000"
 1279 03f3 5F5F7261 		.ascii	"__ram7_init_text__\000"
 1279      6D375F69 
 1279      6E69745F 
 1279      74657874 
 1279      5F5F00
 1280 0406 00       		.ascii	"\000"
 1281 0407 02       		.ascii	"\002"
 1282 0408 00       		.ascii	"\000"
 1283 0409 00000000 		.ascii	"\000\000\000\000\000\000\000\000"
 1283      00000000 
 1284 0411 28010000 		.ascii	"(\001\000\000"
 1285 0415 5F5F7261 		.ascii	"__ram7_init__\000"
 1285      6D375F69 
 1285      6E69745F 
 1285      5F00
 1286 0423 00       		.ascii	"\000"
 1287 0424 02       		.ascii	"\002"
 1288 0425 00       		.ascii	"\000"
 1289 0426 00000000 		.ascii	"\000\000\000\000\000\000\000\000"
 1289      00000000 
 1290 042e 2A010000 		.ascii	"*\001\000\000"
 1291 0432 5F5F7261 		.ascii	"__ram7_clear__\000"
 1291      6D375F63 
ARM GAS  /tmp/ccRGe3zm.s 			page 48


 1291      6C656172 
 1291      5F5F00
 1292 0441 00       		.ascii	"\000"
 1293 0442 02       		.ascii	"\002"
 1294 0443 00       		.ascii	"\000"
 1295 0444 00000000 		.ascii	"\000\000\000\000\000\000\000\000"
 1295      00000000 
 1296 044c 2C010000 		.ascii	",\001\000\000"
 1297 0450 5F5F7261 		.ascii	"__ram7_noinit__\000"
 1297      6D375F6E 
 1297      6F696E69 
 1297      745F5F00 
 1298 0460 00       		.ascii	"\000"
 1299 0461 02       		.ascii	"\002"
 1300 0462 00       		.ascii	"\000"
 1301 0463 00000000 		.ascii	"\000\000\000\000\000\000\000\000"
 1301      00000000 
 1302 046b 2E010000 		.ascii	".\001\000\000"
 1303              		.text
 1304              		.section	.gnu.lto_.ext_symtab.f90f35a4bec3c81b,"e",%progbits
 1305 0000 01       		.ascii	"\001"
 1306 0001 01       		.ascii	"\001"
 1307 0002 00       		.ascii	"\000"
 1308 0003 01       		.ascii	"\001"
 1309 0004 00       		.ascii	"\000"
 1310 0005 01       		.ascii	"\001"
 1311 0006 00       		.ascii	"\000"
 1312 0007 01       		.ascii	"\001"
 1313 0008 00       		.ascii	"\000"
 1314 0009 01       		.ascii	"\001"
 1315 000a 00       		.ascii	"\000"
 1316 000b 02       		.ascii	"\002"
 1317 000c 01       		.ascii	"\001"
 1318 000d 02       		.ascii	"\002"
 1319 000e 01       		.ascii	"\001"
 1320 000f 02       		.ascii	"\002"
 1321 0010 01       		.ascii	"\001"
 1322 0011 02       		.ascii	"\002"
 1323 0012 01       		.ascii	"\001"
 1324 0013 02       		.ascii	"\002"
 1325 0014 01       		.ascii	"\001"
 1326 0015 02       		.ascii	"\002"
 1327 0016 01       		.ascii	"\001"
 1328 0017 02       		.ascii	"\002"
 1329 0018 01       		.ascii	"\001"
 1330 0019 02       		.ascii	"\002"
 1331 001a 01       		.ascii	"\001"
 1332 001b 02       		.ascii	"\002"
 1333 001c 01       		.ascii	"\001"
 1334 001d 02       		.ascii	"\002"
 1335 001e 01       		.ascii	"\001"
 1336 001f 02       		.ascii	"\002"
 1337 0020 01       		.ascii	"\001"
 1338 0021 02       		.ascii	"\002"
 1339 0022 01       		.ascii	"\001"
 1340 0023 02       		.ascii	"\002"
 1341 0024 01       		.ascii	"\001"
ARM GAS  /tmp/ccRGe3zm.s 			page 49


 1342 0025 02       		.ascii	"\002"
 1343 0026 01       		.ascii	"\001"
 1344 0027 02       		.ascii	"\002"
 1345 0028 01       		.ascii	"\001"
 1346 0029 02       		.ascii	"\002"
 1347 002a 01       		.ascii	"\001"
 1348 002b 02       		.ascii	"\002"
 1349 002c 01       		.ascii	"\001"
 1350 002d 02       		.ascii	"\002"
 1351 002e 01       		.ascii	"\001"
 1352 002f 02       		.ascii	"\002"
 1353 0030 01       		.ascii	"\001"
 1354 0031 02       		.ascii	"\002"
 1355 0032 01       		.ascii	"\001"
 1356 0033 02       		.ascii	"\002"
 1357 0034 01       		.ascii	"\001"
 1358 0035 02       		.ascii	"\002"
 1359 0036 01       		.ascii	"\001"
 1360 0037 02       		.ascii	"\002"
 1361 0038 01       		.ascii	"\001"
 1362 0039 02       		.ascii	"\002"
 1363 003a 01       		.ascii	"\001"
 1364 003b 02       		.ascii	"\002"
 1365 003c 01       		.ascii	"\001"
 1366 003d 02       		.ascii	"\002"
 1367 003e 01       		.ascii	"\001"
 1368 003f 02       		.ascii	"\002"
 1369 0040 01       		.ascii	"\001"
 1370 0041 02       		.ascii	"\002"
 1371 0042 01       		.ascii	"\001"
 1372 0043 02       		.ascii	"\002"
 1373 0044 01       		.ascii	"\001"
 1374 0045 02       		.ascii	"\002"
 1375 0046 01       		.ascii	"\001"
 1376 0047 02       		.ascii	"\002"
 1377 0048 01       		.ascii	"\001"
 1378 0049 02       		.ascii	"\002"
 1379 004a 01       		.ascii	"\001"
 1380              		.text
 1381              		.section	.gnu.lto_.opts,"e",%progbits
 1382 0000 272D666E 		.ascii	"'-fno-openmp' '-fno-openacc' '-fno-pie' '-fcf-prote"
 1382      6F2D6F70 
 1382      656E6D70 
 1382      2720272D 
 1382      666E6F2D 
 1383 0033 6374696F 		.ascii	"ction=none' '-g' '-mcpu=cortex-m0' '-mthumb' '-mflo"
 1383      6E3D6E6F 
 1383      6E652720 
 1383      272D6727 
 1383      20272D6D 
 1384 0066 61742D61 		.ascii	"at-abi=soft' '-mlibarch=armv6s-m' '-march=armv6s-m'"
 1384      62693D73 
 1384      6F667427 
 1384      20272D6D 
 1384      6C696261 
 1385 0099 20272D4F 		.ascii	" '-O2' '-fomit-frame-pointer' '-falign-functions=16"
 1385      32272027 
ARM GAS  /tmp/ccRGe3zm.s 			page 50


 1385      2D666F6D 
 1385      69742D66 
 1385      72616D65 
 1386 00cc 2720272D 		.ascii	"' '-fsingle-precision-constant' '-ffunction-section"
 1386      6673696E 
 1386      676C652D 
 1386      70726563 
 1386      6973696F 
 1387 00ff 73272027 		.ascii	"s' '-fdata-sections' '-fno-common' '-flto' '-Xassem"
 1387      2D666461 
 1387      74612D73 
 1387      65637469 
 1387      6F6E7327 
 1388 0132 626C6572 		.ascii	"bler' '-alms=./build/lst/crt1.lst'\000"
 1388      2720272D 
 1388      616C6D73 
 1388      3D2E2F62 
 1388      75696C64 
 1389              		.text
 1390              		.comm	__gnu_lto_slim,1,1
 1391              		.ident	"GCC: (Arm GNU Toolchain 11.3.Rel1) 11.3.1 20220712"
ARM GAS  /tmp/ccRGe3zm.s 			page 51


DEFINED SYMBOLS
                            *ABS*:0000000000000000 crt1.c
     /tmp/ccRGe3zm.s:21     .gnu.debuglto_.debug_info:0000000000000000 crt1.c.1e4bb898
                            *COM*:0000000000000001 __gnu_lto_slim

NO UNDEFINED SYMBOLS
