ARM GAS  /tmp/ccuyFzuo.s 			page 1


   1              		.cpu cortex-m0
   2              		.arch armv6s-m
   3              		.fpu softvfp
   4              		.eabi_attribute 20, 1
   5              		.eabi_attribute 21, 1
   6              		.eabi_attribute 23, 3
   7              		.eabi_attribute 24, 1
   8              		.eabi_attribute 25, 1
   9              		.eabi_attribute 26, 1
  10              		.eabi_attribute 30, 2
  11              		.eabi_attribute 34, 0
  12              		.eabi_attribute 18, 4
  13              		.file	"hal.c"
  14              		.file 1 "ChibiOS/os/hal/include/hal_st.h"
  15              		.file 2 "boards/f0_addon/board.h"
  16              		.file 3 "ChibiOS/os/hal/include/hal_uart.h"
  17              		.file 4 "ChibiOS/os/hal/include/hal_pwm.h"
  18              		.file 5 "ChibiOS/os/hal/include/hal_dac.h"
  19              		.file 6 "ChibiOS/os/hal/include/hal_can.h"
  20              		.file 7 "ChibiOS/os/hal/include/hal_adc.h"
  21              		.file 8 "ChibiOS/os/hal/ports/STM32/LLD/GPIOv2/hal_pal_lld.h"
  22              		.file 9 "ChibiOS/os/hal/ports/STM32/STM32F0xx/hal_lld.h"
  23              		.file 10 "ChibiOS/os/hal/src/hal.c"
  24              		.file 11 "ChibiOS/os/hal/osal/rt-nil/osal.h"
  25              		.section	.gnu.debuglto_.debug_info,"e",%progbits
  26              	.Ldebug_info0:
  27              		.hidden	hal.c.9b80cfed
  28              		.weak	hal.c.9b80cfed
  29              	hal.c.9b80cfed:
  30 0000 CD000000 		.4byte	0xcd
  31 0004 0500     		.2byte	0x5
  32 0006 01       		.byte	0x1
  33 0007 04       		.byte	0x4
  34 0008 00000000 		.4byte	.Ldebug_abbrev0
  35 000c 04       		.uleb128 0x4
  36 000d 66000000 		.4byte	.LASF21
  37 0011 1D       		.byte	0x1d
  38 0012 FC010000 		.4byte	.LASF22
  39 0016 3D010000 		.4byte	.LASF23
  40 001a 00000000 		.4byte	.Ldebug_line0
  41 001e 05       		.uleb128 0x5
  42 001f 04       		.byte	0x4
  43 0020 05       		.byte	0x5
  44 0021 696E7400 		.ascii	"int\000"
  45 0025 01       		.uleb128 0x1
  46 0026 04       		.byte	0x4
  47 0027 07       		.byte	0x7
  48 0028 21000000 		.4byte	.LASF0
  49 002c 01       		.uleb128 0x1
  50 002d 08       		.byte	0x8
  51 002e 05       		.byte	0x5
  52 002f 00000000 		.4byte	.LASF1
  53 0033 01       		.uleb128 0x1
  54 0034 08       		.byte	0x8
  55 0035 04       		.byte	0x4
  56 0036 D9010000 		.4byte	.LASF2
  57 003a 01       		.uleb128 0x1
ARM GAS  /tmp/ccuyFzuo.s 			page 2


  58 003b 01       		.byte	0x1
  59 003c 06       		.byte	0x6
  60 003d C4010000 		.4byte	.LASF3
  61 0041 01       		.uleb128 0x1
  62 0042 01       		.byte	0x1
  63 0043 08       		.byte	0x8
  64 0044 71010000 		.4byte	.LASF4
  65 0048 01       		.uleb128 0x1
  66 0049 02       		.byte	0x2
  67 004a 05       		.byte	0x5
  68 004b 95010000 		.4byte	.LASF5
  69 004f 01       		.uleb128 0x1
  70 0050 02       		.byte	0x2
  71 0051 07       		.byte	0x7
  72 0052 0E000000 		.4byte	.LASF6
  73 0056 01       		.uleb128 0x1
  74 0057 04       		.byte	0x4
  75 0058 05       		.byte	0x5
  76 0059 84010000 		.4byte	.LASF7
  77 005d 01       		.uleb128 0x1
  78 005e 04       		.byte	0x4
  79 005f 07       		.byte	0x7
  80 0060 3D000000 		.4byte	.LASF8
  81 0064 01       		.uleb128 0x1
  82 0065 08       		.byte	0x8
  83 0066 07       		.byte	0x7
  84 0067 4F000000 		.4byte	.LASF9
  85 006b 01       		.uleb128 0x1
  86 006c 01       		.byte	0x1
  87 006d 08       		.byte	0x8
  88 006e 7F010000 		.4byte	.LASF10
  89 0072 01       		.uleb128 0x1
  90 0073 01       		.byte	0x1
  91 0074 02       		.byte	0x2
  92 0075 9F010000 		.4byte	.LASF11
  93 0079 03       		.uleb128 0x3
  94 007a 36000000 		.4byte	.LASF12
  95 007e 01       		.byte	0x1
  96 007f 46       		.byte	0x46
  97 0080 02       		.uleb128 0x2
  98 0081 BA010000 		.4byte	.LASF13
  99 0085 02       		.byte	0x2
 100 0086 6202     		.2byte	0x262
 101 0088 02       		.uleb128 0x2
 102 0089 F3010000 		.4byte	.LASF14
 103 008d 03       		.byte	0x3
 104 008e 8901     		.2byte	0x189
 105 0090 02       		.uleb128 0x2
 106 0091 15020000 		.4byte	.LASF15
 107 0095 04       		.byte	0x4
 108 0096 1F01     		.2byte	0x11f
 109 0098 02       		.uleb128 0x2
 110 0099 69010000 		.4byte	.LASF16
 111 009d 05       		.byte	0x5
 112 009e 5E01     		.2byte	0x15e
 113 00a0 03       		.uleb128 0x3
 114 00a1 A5010000 		.4byte	.LASF17
ARM GAS  /tmp/ccuyFzuo.s 			page 3


 115 00a5 06       		.byte	0x6
 116 00a6 E1       		.byte	0xe1
 117 00a7 02       		.uleb128 0x2
 118 00a8 2E000000 		.4byte	.LASF18
 119 00ac 07       		.byte	0x7
 120 00ad 8001     		.2byte	0x180
 121 00af 02       		.uleb128 0x2
 122 00b0 E5010000 		.4byte	.LASF19
 123 00b4 08       		.byte	0x8
 124 00b5 F201     		.2byte	0x1f2
 125 00b7 02       		.uleb128 0x2
 126 00b8 AD010000 		.4byte	.LASF20
 127 00bc 09       		.byte	0x9
 128 00bd E603     		.2byte	0x3e6
 129 00bf 06       		.uleb128 0x6
 130 00c0 8D010000 		.4byte	.LASF24
 131 00c4 0A       		.byte	0xa
 132 00c5 38       		.byte	0x38
 133 00c6 06       		.byte	0x6
 134 00c7 07       		.uleb128 0x7
 135 00c8 D0010000 		.4byte	.LASF25
 136 00cc 0B       		.byte	0xb
 137 00cd 1202     		.2byte	0x212
 138 00cf 14       		.byte	0x14
 139 00d0 00       		.byte	0
 140              		.section	.gnu.debuglto_.debug_abbrev,"e",%progbits
 141              	.Ldebug_abbrev0:
 142 0000 01       		.uleb128 0x1
 143 0001 24       		.uleb128 0x24
 144 0002 00       		.byte	0
 145 0003 0B       		.uleb128 0xb
 146 0004 0B       		.uleb128 0xb
 147 0005 3E       		.uleb128 0x3e
 148 0006 0B       		.uleb128 0xb
 149 0007 03       		.uleb128 0x3
 150 0008 0E       		.uleb128 0xe
 151 0009 00       		.byte	0
 152 000a 00       		.byte	0
 153 000b 02       		.uleb128 0x2
 154 000c 2E       		.uleb128 0x2e
 155 000d 00       		.byte	0
 156 000e 3F       		.uleb128 0x3f
 157 000f 19       		.uleb128 0x19
 158 0010 03       		.uleb128 0x3
 159 0011 0E       		.uleb128 0xe
 160 0012 3A       		.uleb128 0x3a
 161 0013 0B       		.uleb128 0xb
 162 0014 3B       		.uleb128 0x3b
 163 0015 05       		.uleb128 0x5
 164 0016 39       		.uleb128 0x39
 165 0017 21       		.uleb128 0x21
 166 0018 08       		.sleb128 8
 167 0019 27       		.uleb128 0x27
 168 001a 19       		.uleb128 0x19
 169 001b 3C       		.uleb128 0x3c
 170 001c 19       		.uleb128 0x19
 171 001d 00       		.byte	0
ARM GAS  /tmp/ccuyFzuo.s 			page 4


 172 001e 00       		.byte	0
 173 001f 03       		.uleb128 0x3
 174 0020 2E       		.uleb128 0x2e
 175 0021 00       		.byte	0
 176 0022 3F       		.uleb128 0x3f
 177 0023 19       		.uleb128 0x19
 178 0024 03       		.uleb128 0x3
 179 0025 0E       		.uleb128 0xe
 180 0026 3A       		.uleb128 0x3a
 181 0027 0B       		.uleb128 0xb
 182 0028 3B       		.uleb128 0x3b
 183 0029 0B       		.uleb128 0xb
 184 002a 39       		.uleb128 0x39
 185 002b 21       		.uleb128 0x21
 186 002c 08       		.sleb128 8
 187 002d 27       		.uleb128 0x27
 188 002e 19       		.uleb128 0x19
 189 002f 3C       		.uleb128 0x3c
 190 0030 19       		.uleb128 0x19
 191 0031 00       		.byte	0
 192 0032 00       		.byte	0
 193 0033 04       		.uleb128 0x4
 194 0034 11       		.uleb128 0x11
 195 0035 01       		.byte	0x1
 196 0036 25       		.uleb128 0x25
 197 0037 0E       		.uleb128 0xe
 198 0038 13       		.uleb128 0x13
 199 0039 0B       		.uleb128 0xb
 200 003a 03       		.uleb128 0x3
 201 003b 0E       		.uleb128 0xe
 202 003c 1B       		.uleb128 0x1b
 203 003d 0E       		.uleb128 0xe
 204 003e 10       		.uleb128 0x10
 205 003f 17       		.uleb128 0x17
 206 0040 00       		.byte	0
 207 0041 00       		.byte	0
 208 0042 05       		.uleb128 0x5
 209 0043 24       		.uleb128 0x24
 210 0044 00       		.byte	0
 211 0045 0B       		.uleb128 0xb
 212 0046 0B       		.uleb128 0xb
 213 0047 3E       		.uleb128 0x3e
 214 0048 0B       		.uleb128 0xb
 215 0049 03       		.uleb128 0x3
 216 004a 08       		.uleb128 0x8
 217 004b 00       		.byte	0
 218 004c 00       		.byte	0
 219 004d 06       		.uleb128 0x6
 220 004e 2E       		.uleb128 0x2e
 221 004f 00       		.byte	0
 222 0050 3F       		.uleb128 0x3f
 223 0051 19       		.uleb128 0x19
 224 0052 03       		.uleb128 0x3
 225 0053 0E       		.uleb128 0xe
 226 0054 3A       		.uleb128 0x3a
 227 0055 0B       		.uleb128 0xb
 228 0056 3B       		.uleb128 0x3b
ARM GAS  /tmp/ccuyFzuo.s 			page 5


 229 0057 0B       		.uleb128 0xb
 230 0058 39       		.uleb128 0x39
 231 0059 0B       		.uleb128 0xb
 232 005a 27       		.uleb128 0x27
 233 005b 19       		.uleb128 0x19
 234 005c 00       		.byte	0
 235 005d 00       		.byte	0
 236 005e 07       		.uleb128 0x7
 237 005f 2E       		.uleb128 0x2e
 238 0060 00       		.byte	0
 239 0061 03       		.uleb128 0x3
 240 0062 0E       		.uleb128 0xe
 241 0063 3A       		.uleb128 0x3a
 242 0064 0B       		.uleb128 0xb
 243 0065 3B       		.uleb128 0x3b
 244 0066 05       		.uleb128 0x5
 245 0067 39       		.uleb128 0x39
 246 0068 0B       		.uleb128 0xb
 247 0069 27       		.uleb128 0x27
 248 006a 19       		.uleb128 0x19
 249 006b 00       		.byte	0
 250 006c 00       		.byte	0
 251 006d 00       		.byte	0
 252              		.section	.gnu.debuglto_.debug_line,"e",%progbits
 253              	.Ldebug_line0:
 254 0000 7C000000 		.4byte	.LELT0-.LSLT0
 255              	.LSLT0:
 256 0004 0500     		.2byte	0x5
 257 0006 04       		.byte	0x4
 258 0007 00       		.byte	0
 259 0008 74000000 		.4byte	.LELTP0-.LASLTP0
 260              	.LASLTP0:
 261 000c 01       		.byte	0x1
 262 000d 01       		.byte	0x1
 263 000e 01       		.byte	0x1
 264 000f F6       		.byte	0xf6
 265 0010 F2       		.byte	0xf2
 266 0011 0D       		.byte	0xd
 267 0012 00       		.byte	0
 268 0013 01       		.byte	0x1
 269 0014 01       		.byte	0x1
 270 0015 01       		.byte	0x1
 271 0016 01       		.byte	0x1
 272 0017 00       		.byte	0
 273 0018 00       		.byte	0
 274 0019 00       		.byte	0
 275 001a 01       		.byte	0x1
 276 001b 00       		.byte	0
 277 001c 00       		.byte	0
 278 001d 01       		.byte	0x1
 279 001e 01       		.byte	0x1
 280 001f 01       		.uleb128 0x1
 281 0020 1F       		.uleb128 0x1f
 282 0021 07       		.uleb128 0x7
 283 0022 BD000000 		.4byte	.LASF26
 284 0026 14000000 		.4byte	.LASF27
 285 002a 74000000 		.4byte	.LASF28
ARM GAS  /tmp/ccuyFzuo.s 			page 6


 286 002e 28010000 		.4byte	.LASF29
 287 0032 4F000000 		.4byte	.LASF30
 288 0036 32000000 		.4byte	.LASF31
 289 003a A3000000 		.4byte	.LASF32
 290 003e 02       		.byte	0x2
 291 003f 01       		.uleb128 0x1
 292 0040 1F       		.uleb128 0x1f
 293 0041 02       		.uleb128 0x2
 294 0042 0B       		.uleb128 0xb
 295 0043 0C       		.uleb128 0xc
 296 0044 F7000000 		.4byte	.LASF33
 297 0048 00       		.byte	0
 298 0049 8F000000 		.4byte	.LASF34
 299 004d 01       		.byte	0x1
 300 004e 10010000 		.4byte	.LASF35
 301 0052 06       		.byte	0x6
 302 0053 98000000 		.4byte	.LASF36
 303 0057 01       		.byte	0x1
 304 0058 00000000 		.4byte	.LASF37
 305 005c 01       		.byte	0x1
 306 005d 45000000 		.4byte	.LASF38
 307 0061 01       		.byte	0x1
 308 0062 B3000000 		.4byte	.LASF39
 309 0066 01       		.byte	0x1
 310 0067 1E010000 		.4byte	.LASF40
 311 006b 01       		.byte	0x1
 312 006c E9000000 		.4byte	.LASF41
 313 0070 03       		.byte	0x3
 314 0071 0A000000 		.4byte	.LASF42
 315 0075 04       		.byte	0x4
 316 0076 18010000 		.4byte	.LASF43
 317 007a 05       		.byte	0x5
 318 007b 2B000000 		.4byte	.LASF44
 319 007f 02       		.byte	0x2
 320              	.LELTP0:
 321              	.LELT0:
 322              		.section	.gnu.debuglto_.debug_str,"eMS",%progbits,1
 323              	.LASF1:
 324 0000 6C6F6E67 		.ascii	"long long int\000"
 324      206C6F6E 
 324      6720696E 
 324      7400
 325              	.LASF6:
 326 000e 73686F72 		.ascii	"short unsigned int\000"
 326      7420756E 
 326      7369676E 
 326      65642069 
 326      6E7400
 327              	.LASF0:
 328 0021 756E7369 		.ascii	"unsigned int\000"
 328      676E6564 
 328      20696E74 
 328      00
 329              	.LASF18:
 330 002e 61646349 		.ascii	"adcInit\000"
 330      6E697400 
 331              	.LASF12:
ARM GAS  /tmp/ccuyFzuo.s 			page 7


 332 0036 7374496E 		.ascii	"stInit\000"
 332      697400
 333              	.LASF8:
 334 003d 6C6F6E67 		.ascii	"long unsigned int\000"
 334      20756E73 
 334      69676E65 
 334      6420696E 
 334      7400
 335              	.LASF9:
 336 004f 6C6F6E67 		.ascii	"long long unsigned int\000"
 336      206C6F6E 
 336      6720756E 
 336      7369676E 
 336      65642069 
 337              	.LASF21:
 338 0066 474E5520 		.ascii	"GNU C17 11.3.1 20220712 -mcpu=cortex-m0 -mthumb -mf"
 338      43313720 
 338      31312E33 
 338      2E312032 
 338      30323230 
 339 0099 6C6F6174 		.ascii	"loat-abi=soft -march=armv6s-m -ggdb -O2 -fomit-fram"
 339      2D616269 
 339      3D736F66 
 339      74202D6D 
 339      61726368 
 340 00cc 652D706F 		.ascii	"e-pointer -falign-functions=16 -fsingle-precision-c"
 340      696E7465 
 340      72202D66 
 340      616C6967 
 340      6E2D6675 
 341 00ff 6F6E7374 		.ascii	"onstant -ffunction-sections -fdata-sections -fno-co"
 341      616E7420 
 341      2D666675 
 341      6E637469 
 341      6F6E2D73 
 342 0132 6D6D6F6E 		.ascii	"mmon -flto\000"
 342      202D666C 
 342      746F00
 343              	.LASF23:
 344 013d 2F686F6D 		.ascii	"/home/kocur/wideband-2311-f0_addon/firmware\000"
 344      652F6B6F 
 344      6375722F 
 344      77696465 
 344      62616E64 
 345              	.LASF16:
 346 0169 64616349 		.ascii	"dacInit\000"
 346      6E697400 
 347              	.LASF4:
 348 0171 756E7369 		.ascii	"unsigned char\000"
 348      676E6564 
 348      20636861 
 348      7200
 349              	.LASF10:
 350 017f 63686172 		.ascii	"char\000"
 350      00
 351              	.LASF7:
 352 0184 6C6F6E67 		.ascii	"long int\000"
ARM GAS  /tmp/ccuyFzuo.s 			page 8


 352      20696E74 
 352      00
 353              	.LASF24:
 354 018d 68616C49 		.ascii	"halInit\000"
 354      6E697400 
 355              	.LASF5:
 356 0195 73686F72 		.ascii	"short int\000"
 356      7420696E 
 356      7400
 357              	.LASF11:
 358 019f 5F426F6F 		.ascii	"_Bool\000"
 358      6C00
 359              	.LASF17:
 360 01a5 63616E49 		.ascii	"canInit\000"
 360      6E697400 
 361              	.LASF20:
 362 01ad 68616C5F 		.ascii	"hal_lld_init\000"
 362      6C6C645F 
 362      696E6974 
 362      00
 363              	.LASF13:
 364 01ba 626F6172 		.ascii	"boardInit\000"
 364      64496E69 
 364      7400
 365              	.LASF3:
 366 01c4 7369676E 		.ascii	"signed char\000"
 366      65642063 
 366      68617200 
 367              	.LASF25:
 368 01d0 6F73616C 		.ascii	"osalInit\000"
 368      496E6974 
 368      00
 369              	.LASF2:
 370 01d9 6C6F6E67 		.ascii	"long double\000"
 370      20646F75 
 370      626C6500 
 371              	.LASF19:
 372 01e5 5F70616C 		.ascii	"_pal_lld_init\000"
 372      5F6C6C64 
 372      5F696E69 
 372      7400
 373              	.LASF14:
 374 01f3 75617274 		.ascii	"uartInit\000"
 374      496E6974 
 374      00
 375              	.LASF22:
 376 01fc 43686962 		.ascii	"ChibiOS/os/hal/src/hal.c\000"
 376      694F532F 
 376      6F732F68 
 376      616C2F73 
 376      72632F68 
 377              	.LASF15:
 378 0215 70776D49 		.ascii	"pwmInit\000"
 378      6E697400 
 379              		.section	.gnu.debuglto_.debug_line_str,"eMS",%progbits,1
 380              	.LASF37:
 381 0000 68616C5F 		.ascii	"hal_pwm.h\000"
ARM GAS  /tmp/ccuyFzuo.s 			page 9


 381      70776D2E 
 381      6800
 382              	.LASF42:
 383 000a 68616C5F 		.ascii	"hal_lld.h\000"
 383      6C6C642E 
 383      6800
 384              	.LASF27:
 385 0014 43686962 		.ascii	"ChibiOS/os/hal/include\000"
 385      694F532F 
 385      6F732F68 
 385      616C2F69 
 385      6E636C75 
 386              	.LASF44:
 387 002b 6F73616C 		.ascii	"osal.h\000"
 387      2E6800
 388              	.LASF31:
 389 0032 43686962 		.ascii	"ChibiOS/os/hal/src\000"
 389      694F532F 
 389      6F732F68 
 389      616C2F73 
 389      726300
 390              	.LASF38:
 391 0045 68616C5F 		.ascii	"hal_dac.h\000"
 391      6461632E 
 391      6800
 392              	.LASF30:
 393 004f 43686962 		.ascii	"ChibiOS/os/hal/ports/STM32/STM32F0xx\000"
 393      694F532F 
 393      6F732F68 
 393      616C2F70 
 393      6F727473 
 394              	.LASF28:
 395 0074 43686962 		.ascii	"ChibiOS/os/hal/osal/rt-nil\000"
 395      694F532F 
 395      6F732F68 
 395      616C2F6F 
 395      73616C2F 
 396              	.LASF34:
 397 008f 68616C5F 		.ascii	"hal_st.h\000"
 397      73742E68 
 397      00
 398              	.LASF36:
 399 0098 68616C5F 		.ascii	"hal_uart.h\000"
 399      75617274 
 399      2E6800
 400              	.LASF32:
 401 00a3 626F6172 		.ascii	"boards/f0_addon\000"
 401      64732F66 
 401      305F6164 
 401      646F6E00 
 402              	.LASF39:
 403 00b3 68616C5F 		.ascii	"hal_can.h\000"
 403      63616E2E 
 403      6800
 404              	.LASF26:
 405 00bd 2F686F6D 		.ascii	"/home/kocur/wideband-2311-f0_addon/firmware\000"
 405      652F6B6F 
ARM GAS  /tmp/ccuyFzuo.s 			page 10


 405      6375722F 
 405      77696465 
 405      62616E64 
 406              	.LASF41:
 407 00e9 68616C5F 		.ascii	"hal_pal_lld.h\000"
 407      70616C5F 
 407      6C6C642E 
 407      6800
 408              	.LASF33:
 409 00f7 43686962 		.ascii	"ChibiOS/os/hal/src/hal.c\000"
 409      694F532F 
 409      6F732F68 
 409      616C2F73 
 409      72632F68 
 410              	.LASF35:
 411 0110 626F6172 		.ascii	"board.h\000"
 411      642E6800 
 412              	.LASF43:
 413 0118 68616C2E 		.ascii	"hal.c\000"
 413      6300
 414              	.LASF40:
 415 011e 68616C5F 		.ascii	"hal_adc.h\000"
 415      6164632E 
 415      6800
 416              	.LASF29:
 417 0128 43686962 		.ascii	"ChibiOS/os/hal/ports/STM32/LLD/GPIOv2\000"
 417      694F532F 
 417      6F732F68 
 417      616C2F70 
 417      6F727473 
 418              		.text
 419              		.section	.gnu.lto_.profile.33c3ce6197235ce1,"e",%progbits
 420 0000 789C6362 		.ascii	"x\234cb\000\001\000\000\022\000\003"
 420      00010000 
 420      120003
 421              		.text
 422              		.section	.gnu.lto_.icf.33c3ce6197235ce1,"e",%progbits
 423 0000 789CE364 		.ascii	"x\234\343d@\000F\206\245m[\027p30\000\000\016\254\002"
 423      40004686 
 423      A56D5B17 
 423      70333000 
 423      000EAC02 
 424 0014 96       		.ascii	"\226"
 425              		.text
 426              		.section	.gnu.lto_.ipa_sra.33c3ce6197235ce1,"e",%progbits
 427 0000 789C1367 		.ascii	"x\234\023g@\000F\020\302\204\000\003\315\000#"
 427      40004610 
 427      C2840003 
 427      CD0023
 428              		.text
 429              		.section	.gnu.lto_.inline.33c3ce6197235ce1,"e",%progbits
 430 0000 789C8B66 		.ascii	"x\234\213f@\000F\006\006\236\206\206\206\017L\231\214"
 430      40004606 
 430      069E8686 
 430      860F4C99 
 430      8C
 431 0011 0C4C0C0C 		.ascii	"\014L\014\014\215@v\035\003\003\033\220j`Ja\002\011"
ARM GAS  /tmp/ccuyFzuo.s 			page 11


 431      8D40761D 
 431      03031B90 
 431      6A604A61 
 431      0209
 432 0023 01D57091 		.ascii	"\001\325p\221C2\000\000\201\241\010\231"
 432      43320000 
 432      81A10899 
 433              		.text
 434              		.section	.gnu.lto_.jmpfuncs.33c3ce6197235ce1,"e",%progbits
 435 0000 789CE363 		.ascii	"x\234\343c@\000F\006d\000\000\001\224\000\020"
 435      40004606 
 435      64000001 
 435      940010
 436              		.text
 437              		.section	.gnu.lto_.pureconst.33c3ce6197235ce1,"e",%progbits
 438 0000 789C6361 		.ascii	"x\234ca```d\230\301\002\000\001`\000\242"
 438      60606064 
 438      98C10200 
 438      016000A2 
 439              		.text
 440              		.section	.gnu.lto_.ipa_modref.33c3ce6197235ce1,"e",%progbits
 441 0000 789CE367 		.ascii	"x\234\343g@\000F\006\006\005\001\001(\301\300\000\000"
 441      40004606 
 441      06050101 
 441      28C1C000 
 441      00
 442 0011 061F0091 		.ascii	"\006\037\000\221"
 443              		.text
 444              		.section	.gnu.lto_.lto.33c3ce6197235ce1,"e",%progbits
 445 0000 0B000300 		.ascii	"\013\000\003\000\001\000\000\000"
 445      01000000 
 446              		.text
 447              		.section	.gnu.lto_halInit.158.33c3ce6197235ce1,"e",%progbits
 448 0000 789C3363 		.ascii	"x\2343cd`\360```P\006bFf\006\306I\023\273\230\030\032"
 448      6460F060 
 448      60605006 
 448      62466606 
 448      C64913BB 
 449 0017 1A1A1CD8 		.ascii	"\032\032\034\330\231\030\033'vq2ng\004\363\030\031\352"
 449      99181B27 
 449      7671326E 
 449      6704F318 
 449      19EA
 450 0029 9918EB19 		.ascii	"\231\030\353\031\0272\353\003\271?\236N\377\301\323"
 450      1732EB03 
 450      B93F9E4E 
 450      FFC1D3
 451 0038 2AF18A81 		.ascii	"*\361\212\201\241\236\001\012\270!l\240i\014\353/\261"
 451      A19E010A 
 451      B8216CA0 
 451      690CEB2F 
 451      B1
 452 0049 1E68F8F3 		.ascii	"\036h\370\363\277\277\241\341\351#\306}\252@\231y\314"
 452      BFBFA1E1 
 452      E923C67D 
 452      AA409979 
 452      CC
ARM GAS  /tmp/ccuyFzuo.s 			page 12


 453 005a 20231B58 		.ascii	" #\033X\030\033\01600\314gf\202p\232\201\234\357L\015"
 453      181B0E30 
 453      30CC6766 
 453      82709A81 
 453      9CEF4C0D 
 454 006e 8FBEF382 		.ascii	"\217\276\363\202\251?\214\014\177\231\232\025\030\272"
 454      A93F8C0C 
 454      7F999A15 
 454      18BA
 455 007c 18996AAB 		.ascii	"\030\231j\253\031\030\230\230\301\242S\330\020\242\345"
 455      19189898 
 455      C1A253D8 
 455      10A2E5
 456 008b 70D10D48 		.ascii	"p\321\015H\242\245p\321mH\242\305p\321KH\242\205p\321"
 456      A2A570D1 
 456      6D48A2C5 
 456      70D14B48 
 456      A28570D1 
 457 009f 39EC08D1 		.ascii	"9\354\010\321|\270\350\007$\321\\\270\350-.\204h6\\"
 457      7CB8E807 
 457      24D15CB8 
 457      E82D2E84 
 457      68365C
 458 00b2 F4079268 		.ascii	"\364\007\222h&X\364?S\323\203\277^\340\340\230\307\314"
 458      2658F43F 
 458      53D383BF 
 458      5EE0E098 
 458      C7CC
 459 00c4 08F164D3 		.ascii	"\010\361d\323\001\020WG?#?7U?;?\271\264H\277<3%5)1/"
 459      01105747 
 459      3F233F37 
 459      553F3B3F 
 459      B9B448BF 
 460 00df 45D7C8D8 		.ascii	"E\327\310\330\320P7\315 >1%%?O?-\263(\267<\261(\225"
 460      D05037CD 
 460      203E3125 
 460      253F4F3F 
 460      2DB328B7 
 461 00f7 41D23923 		.ascii	"A\3229#3)\323?X?\277X?#1G\277\270(\031D\353%3\000\000"
 461      3329D33F 
 461      583FBF58 
 461      3F233147 
 461      BFB82819 
 462 0111 BB027E1E 		.ascii	"\273\002~\036"
 463              		.text
 464              		.section	.gnu.lto_.symbol_nodes.33c3ce6197235ce1,"e",%progbits
 465 0000 789C75D0 		.ascii	"x\234u\320\315\031\2020\020\204\341\0316\020\240\011"
 465      CD198230 
 465      1084E119 
 465      3610A009 
 466 0010 9BB3094F 		.ascii	"\233\263\011O\203\035X\201\277\250=X\204U\330\007\006"
 466      831D5881 
 466      BFA83D58 
 466      8455D807 
 466      06
 467 0021 B2D7DDD3 		.ascii	"\262\327\335\323<\337\233S\016\004\320\234)L\345\022"
 467      3CDF9B53 
ARM GAS  /tmp/ccuyFzuo.s 			page 13


 467      0E04D09C 
 467      294CE512 
 468 0031 4F5F40C0 		.ascii	"O_@\300g:\256\3007\305\305o\267!\326\207\233\275\250"
 468      673AAEC0 
 468      37C5C56F 
 468      B721D687 
 468      9BBDA8
 469 0044 26B22765 		.ascii	"&\262'e\221\315T\212\354A\265\221\335\251.\262\033\225"
 469      91CD548A 
 469      EC41B591 
 469      DDA92EB2 
 469      1B95
 470 0056 23BB527D 		.ascii	"#\273R}d\027j\010\3140\324/\331\033\372\272f\032r\235"
 470      64176A08 
 470      CC30D42F 
 470      D91BFABA 
 470      661A729D 
 471 006a BF323BAF 		.ascii	"\2772;\257\235\241\365Zf\362\232\015\346\265\314\306"
 471      9DA1F55A 
 471      66F29A0D 
 471      E6B5CCC6 
 472 007a EB68A0D7 		.ascii	"\353h\240\327\021\177\250\357\215\202"
 472      117FA8EF 
 472      8D82
 473              		.text
 474              		.section	.gnu.lto_.refs.33c3ce6197235ce1,"e",%progbits
 475 0000 789C6364 		.ascii	"x\234cd\000\002\000\000\012\000\002"
 475      00020000 
 475      0A0002
 476              		.text
 477              		.section	.gnu.lto_.decls.33c3ce6197235ce1,"e",%progbits
 478 0000 789C85D1 		.ascii	"x\234\205\321]l\024U\024\000\340{g\227\335).\322*$\240"
 478      5D6C1455 
 478      1400E07B 
 478      6797DD29 
 478      2ED22A24 
 479 0015 44ABBCF0 		.ascii	"D\253\274\360@;\333V\361\347\305&X\010I\025\023\364"
 479      403BDB56 
 479      F1E7C526 
 479      58084915 
 479      13F4
 480 0027 B999EE6C 		.ascii	"\271\231\356l\263\033\367\247\331mi}09\373\223eLm\331"
 480      B31BF7A7 
 480      D96D697D 
 480      3039FB93 
 480      654C6DD9 
 481 003b A911864D 		.ascii	"\251\021\206M\301\311\276 &\325\"F\240\320e\262\035"
 481      C1C9BE20 
 481      26D52246 
 481      A0D065B2 
 481      1D
 482 004c 36EB6653 		.ascii	"6\353fS7\324h\214M\332\300\203k\341\001\252\321\372"
 482      37D4688C 
 482      4DDAC083 
 482      6BE101AA 
 482      D1FA
 483 005e E0CFB977 		.ascii	"\340\317\271w'\304\220\330Nrf\356\275\363\235s\317\314"
ARM GAS  /tmp/ccuyFzuo.s 			page 14


 483      27C490D8 
 483      4E7266EE 
 483      BDF39D73 
 483      CFCC
 484 0070 7DCD41C8 		.ascii	"}\315A\310\253\002!!B\310?x\341\220,bl\305(`\230\030"
 484      AB022121 
 484      42C83F78 
 484      E1902C62 
 484      6CC52860 
 485 0086 450C0BA3 		.ascii	"E\014\013\243\204Q\306\250`T1\0260j\030\357SB<\266_"
 485      8451C6A8 
 485      60543116 
 485      306A18EF 
 485      53423CB6 
 486 009b B4D7E6EC 		.ascii	"\264\327\346\354\367U\333\227\355|\313\256\307\352:"
 486      F755DB97 
 486      ED7CCBAE 
 486      C7EA3A
 487 00aa 05F3B7E9 		.ascii	"\005\363\267\351\037\351\003\012\000*\230\011K\314\346"
 487      1FE9030A 
 487      002A9809 
 487      4BCCE6
 488 00b9 EB300330 		.ascii	"\3530\0030\010\245\272\236\313\324\325\026-\211\357"
 488      08A5BA9E 
 488      CBD4D516 
 488      2D89EF
 489 00c8 6654784A 		.ascii	"fTxJ\307\345\\n%+\030\016H\343\032\244<\360\025>\222"
 489      C7E55C6E 
 489      252B180E 
 489      48E31AA4 
 489      3CF0153E 
 490 00dd 014865D8 		.ascii	"\001He\330\374\303]F\012\370U\243`f`\306t\345\347!\243"
 490      FCC35D46 
 490      0AF855A3 
 490      606660C6 
 490      74E5E721 
 491 00f2 436F2E57 		.ascii	"Co.W/\263-`re\352\304v#\265\244\032\363\260\333\300"
 491      2FB32D60 
 491      7265EAC4 
 491      7623B5A4 
 491      1AF3B0DB 
 492 0107 2A3AA44D 		.ascii	"*:\244M\215&0%a\202f\322\25415>\221\266\2624\221LC\""
 492      8D263025 
 492      618266D2 
 492      AC31353E 
 492      91B6B234 
 493 011f 9F569BF1 		.ascii	"\237V\233\361\006\032,\251-\331$\250\223\006`\207\026"
 493      061A2CA9 
 493      2DD924A8 
 493      93066087 
 493      16
 494 0130 6818D859 		.ascii	"h\030\330YZ\325\362&<\201$\313\252\267@\022\213\030"
 494      5AD5F226 
 494      3C8124CB 
 494      AAB74012 
 494      8B18
 495 0142 38B8CF9A 		.ascii	"8\270\317\232\316\233b\"o!\001\240\220g\235Z@5H\253"
ARM GAS  /tmp/ccuyFzuo.s 			page 15


 495      CE9B6222 
 495      6F2101A0 
 495      90679D5A 
 495      403548AB 
 496 0156 09D3529B 		.ascii	"\011\323R\233\2654\313\266\330\007.\251\011\303\304"
 496      B534CBB6 
 496      D8072EA9 
 496      09C3C4
 497 0165 81C16600 		.ascii	"\201\301f\000x\036x\241\027\240\025\240\333)\334^\373"
 497      781E78A1 
 497      17A015A0 
 497      DB29DC5E 
 497      FB
 498 0176 75565C63 		.ascii	"uV\\c\037\240\357 ;\263\335\204x\233\305\247\211\270"
 498      1FA0EF20 
 498      3BB3DD84 
 498      789BC5A7 
 498      89B8
 499 0188 97BCD8F8 		.ascii	"\227\274\330\370\336\344\263d\226\362\254\036\217\353"
 499      DEE4B364 
 499      96F2AC1E 
 499      8FEB
 500 0196 492AB876 		.ascii	"I*\270v\322f\247pa}i\336\261\007_\337\003\330\261J\346"
 500      D266A770 
 500      617D69DE 
 500      B1075FDF 
 500      03D8B14A 
 501 01ab E8753405 		.ascii	"\350u4\005J\036\360\037\377\313\347\337N\323}\272\016"
 501      4A1EF01F 
 501      FFCBE7DF 
 501      4ED37DBA 
 501      0E
 502 01bc EB3F656E 		.ascii	"\353?en&\237)\245\340S\244\335\005z\225^\343\265\256"
 502      269F29A5 
 502      E053A4DD 
 502      057A955E 
 502      E3B5AE
 503 01cf 5272855E 		.ascii	"Rr\205^\246=7\2508E1!y6_\305\004\200\365Sc\023)\327"
 503      A63D37A8 
 503      38453121 
 503      79365FC5 
 503      0480F553 
 504 01e7 14148502 		.ascii	"\024\024\205\0025ml\262{\317{\242\305\344\364\352\235"
 504      356D6CB2 
 504      7BCF7BA2 
 504      C5E4F4EA 
 504      9D
 505 01f8 4B8F3179 		.ascii	"K\2171y\345\372D\245\253\001\2136,r\010T\374\231\311"
 505      E5FA44A5 
 505      AB018B36 
 505      2C720854 
 505      FC99C9
 506 020b 737797C7 		.ascii	"sw\227\307\036\347\262v\362\314\270\333\330W\240\226"
 506      1EE7B276 
 506      F2CCB8DB 
 506      D857A096 
 507 021b 0D2D0E55 		.ascii	"\015-\016U*~$ \034_\230[vq\370\373\344\215\0178,\331"
ARM GAS  /tmp/ccuyFzuo.s 			page 16


 507      2A7E2420 
 507      1C5F985B 
 507      7671F8FB 
 507      E48D0F38 
 508 0231 B0C46196 		.ascii	"\260\304a\226\212s\014\336\272y\361\007\017\207\271"
 508      8A730CDE 
 508      BA79F107 
 508      0F87B9
 509 0240 5385310E 		.ascii	"S\2051\016\3136,s\250\343\326\014\326kz\255\211\303"
 509      CB362C73 
 509      A8E3D60C 
 509      D66B7AAD 
 509      89C3
 510 0252 C2E96F4E 		.ascii	"\302\351oNpX\261a\205C\203\212\232\003a\345\343O\376"
 510      7058B161 
 510      8543838A 
 510      9A0361E5 
 510      E34FFE
 511 0265 7073B896 		.ascii	"ps\270\226S\033=VmX\345\360<\025\2571x\357\302\330g"
 511      531B3D56 
 511      6D58E5F0 
 511      3C15AF31 
 511      78EFC2D8 
 512 027a 0E0EBF3C 		.ascii	"\016\016\277<\267z\222\303\005\033.p\370\005\025\377"
 512      B77A92C3 
 512      051B2E70 
 512      F80515FF 
 513 028a 66703977 		.ascii	"fp9w\367\257-\034~}{\345Ow\343\007\325lZ\343\3642\305"
 513      F7AF2D1C 
 513      7E7D7BE5 
 513      4F77E307 
 513      D56C5AE3 
 514 02a1 7374E239 		.ascii	"st\3429\266:\205\331K\337\337q\267\230\000\367\301("
 514      B63A85D9 
 514      4BDFDF71 
 514      B79800F7 
 514      C128
 515 02b3 3A0B7491 		.ascii	":\013t\221\336B\363\035s\216\216\003\244I\216\205\217"
 515      DE42F31D 
 515      738E8E03 
 515      A4498E85 
 515      8F
 516 02c4 1F88B785 		.ascii	"\037\210\267\205\311V_46\344\037m\013{\211; \207\216"
 516      C9565F34 
 516      36E41F6D 
 516      0B7B893B 
 516      20878E
 517 02d7 448243BB 		.ascii	"D\202C\273\016\006\202\375\301\243\307\244h\\\302%)"
 517      0E0682FD 
 517      C1A3C7A4 
 517      685CC225 
 517      29
 518 02e8 1EF3B167 		.ascii	"\036\363\261g\273O<\374\346;\255\007;^\"\333\371\264"
 518      BB4F3CFC 
 518      E63BAD07 
 518      3B5E22DB 
 518      F9B4
ARM GAS  /tmp/ccuyFzuo.s 			page 17


 519 02fa FD95FE97 		.ascii	"\375\225\376\227\275\276\001\277B\366K\201h\330/\275"
 519      BDBE01BF 
 519      42F64B81 
 519      68D82FBD 
 520 030a 1BF50DC7 		.ascii	"\033\365\015\307\244\221\240\342\357\227#J[gWGG\333"
 520      A491A0E2 
 520      EF97234A 
 520      5B675747 
 520      47DB
 521 031c 80B74F56 		.ascii	"\200\267OV\224hD\032\010\306\302#r\314Ov\377_y\342\212"
 521      9468441A 
 521      08C6C223 
 521      72CC4F76 
 521      FF5F79E2 
 522 0331 0FB1FD5B 		.ascii	"\017\261\375[\037\001\301\210/4\254\370\331\270/>\324"
 522      1F01C188 
 522      2F34ACF8 
 522      D9B82F3E 
 522      D4
 523 0342 1E204DFD 		.ascii	"\036 M\375Q9\246\360V\371(.=\334\205\317\221\210\303"
 523      5139A6F0 
 523      56F9282E 
 523      3DDC85CF 
 523      9188C3
 524 0355 728C177B 		.ascii	"r\214\027{~\203b\314\240u\017\216\204\031}n\003\212"
 524      7E8362CC 
 524      A0750F8E 
 524      84197D6E 
 524      038A
 525 0367 844945F6 		.ascii	"\204IE\366m&\2210\351\223#\233I$L\312\312\2465\221\240"
 525      6D269130 
 525      E993239B 
 525      49244CCA 
 525      CAA63591 
 526 037c DCD63788 		.ascii	"\334\3267\210\343PH\351\013\242\177\341\021?\210\347"
 526      E35048E9 
 526      0BA27FE1 
 526      113F88E7 
 527 038c 18978EBD 		.ascii	"\030\227\216\275\375FW\247\324\333\373\272t\370\255"
 527      FD4657A7 
 527      D4DBFBBA 
 527      74F8AD
 528 039b 23478F77 		.ascii	"#G\217w6\232o\244a\011O\340?\025\244\015*\360\373!\357"
 528      369A6FA4 
 528      61094FE0 
 528      3F15A40D 
 528      2AF0FB21 
 529 03b0 E8A81478 		.ascii	"\350\250\024x\230\374/\333\214\036\014"
 529      98FC2FDB 
 529      8C1E0C
 530              		.text
 531              		.section	.gnu.lto_.symtab.33c3ce6197235ce1,"e",%progbits
 532 0000 68616C49 		.ascii	"halInit\000"
 532      6E697400 
 533 0008 00       		.ascii	"\000"
 534 0009 00       		.ascii	"\000"
 535 000a 00       		.ascii	"\000"
ARM GAS  /tmp/ccuyFzuo.s 			page 18


 536 000b 00000000 		.ascii	"\000\000\000\000\000\000\000\000"
 536      00000000 
 537 0013 BE000000 		.ascii	"\276\000\000\000"
 538 0017 7374496E 		.ascii	"stInit\000"
 538      697400
 539 001e 00       		.ascii	"\000"
 540 001f 02       		.ascii	"\002"
 541 0020 00       		.ascii	"\000"
 542 0021 00000000 		.ascii	"\000\000\000\000\000\000\000\000"
 542      00000000 
 543 0029 C0000000 		.ascii	"\300\000\000\000"
 544 002d 626F6172 		.ascii	"boardInit\000"
 544      64496E69 
 544      7400
 545 0037 00       		.ascii	"\000"
 546 0038 02       		.ascii	"\002"
 547 0039 00       		.ascii	"\000"
 548 003a 00000000 		.ascii	"\000\000\000\000\000\000\000\000"
 548      00000000 
 549 0042 C2000000 		.ascii	"\302\000\000\000"
 550 0046 75617274 		.ascii	"uartInit\000"
 550      496E6974 
 550      00
 551 004f 00       		.ascii	"\000"
 552 0050 02       		.ascii	"\002"
 553 0051 00       		.ascii	"\000"
 554 0052 00000000 		.ascii	"\000\000\000\000\000\000\000\000"
 554      00000000 
 555 005a C4000000 		.ascii	"\304\000\000\000"
 556 005e 70776D49 		.ascii	"pwmInit\000"
 556      6E697400 
 557 0066 00       		.ascii	"\000"
 558 0067 02       		.ascii	"\002"
 559 0068 00       		.ascii	"\000"
 560 0069 00000000 		.ascii	"\000\000\000\000\000\000\000\000"
 560      00000000 
 561 0071 C6000000 		.ascii	"\306\000\000\000"
 562 0075 64616349 		.ascii	"dacInit\000"
 562      6E697400 
 563 007d 00       		.ascii	"\000"
 564 007e 02       		.ascii	"\002"
 565 007f 00       		.ascii	"\000"
 566 0080 00000000 		.ascii	"\000\000\000\000\000\000\000\000"
 566      00000000 
 567 0088 C8000000 		.ascii	"\310\000\000\000"
 568 008c 63616E49 		.ascii	"canInit\000"
 568      6E697400 
 569 0094 00       		.ascii	"\000"
 570 0095 02       		.ascii	"\002"
 571 0096 00       		.ascii	"\000"
 572 0097 00000000 		.ascii	"\000\000\000\000\000\000\000\000"
 572      00000000 
 573 009f CA000000 		.ascii	"\312\000\000\000"
 574 00a3 61646349 		.ascii	"adcInit\000"
 574      6E697400 
 575 00ab 00       		.ascii	"\000"
 576 00ac 02       		.ascii	"\002"
ARM GAS  /tmp/ccuyFzuo.s 			page 19


 577 00ad 00       		.ascii	"\000"
 578 00ae 00000000 		.ascii	"\000\000\000\000\000\000\000\000"
 578      00000000 
 579 00b6 CC000000 		.ascii	"\314\000\000\000"
 580 00ba 5F70616C 		.ascii	"_pal_lld_init\000"
 580      5F6C6C64 
 580      5F696E69 
 580      7400
 581 00c8 00       		.ascii	"\000"
 582 00c9 02       		.ascii	"\002"
 583 00ca 00       		.ascii	"\000"
 584 00cb 00000000 		.ascii	"\000\000\000\000\000\000\000\000"
 584      00000000 
 585 00d3 CE000000 		.ascii	"\316\000\000\000"
 586 00d7 68616C5F 		.ascii	"hal_lld_init\000"
 586      6C6C645F 
 586      696E6974 
 586      00
 587 00e4 00       		.ascii	"\000"
 588 00e5 02       		.ascii	"\002"
 589 00e6 00       		.ascii	"\000"
 590 00e7 00000000 		.ascii	"\000\000\000\000\000\000\000\000"
 590      00000000 
 591 00ef D0000000 		.ascii	"\320\000\000\000"
 592              		.text
 593              		.section	.gnu.lto_.ext_symtab.33c3ce6197235ce1,"e",%progbits
 594 0000 01       		.ascii	"\001"
 595 0001 01       		.ascii	"\001"
 596 0002 00       		.ascii	"\000"
 597 0003 01       		.ascii	"\001"
 598 0004 00       		.ascii	"\000"
 599 0005 01       		.ascii	"\001"
 600 0006 00       		.ascii	"\000"
 601 0007 01       		.ascii	"\001"
 602 0008 00       		.ascii	"\000"
 603 0009 01       		.ascii	"\001"
 604 000a 00       		.ascii	"\000"
 605 000b 01       		.ascii	"\001"
 606 000c 00       		.ascii	"\000"
 607 000d 01       		.ascii	"\001"
 608 000e 00       		.ascii	"\000"
 609 000f 01       		.ascii	"\001"
 610 0010 00       		.ascii	"\000"
 611 0011 01       		.ascii	"\001"
 612 0012 00       		.ascii	"\000"
 613 0013 01       		.ascii	"\001"
 614 0014 00       		.ascii	"\000"
 615              		.text
 616              		.section	.gnu.lto_.opts,"e",%progbits
 617 0000 272D666E 		.ascii	"'-fno-openmp' '-fno-openacc' '-fno-pie' '-fcf-prote"
 617      6F2D6F70 
 617      656E6D70 
 617      2720272D 
 617      666E6F2D 
 618 0033 6374696F 		.ascii	"ction=none' '-g' '-mcpu=cortex-m0' '-mthumb' '-mflo"
 618      6E3D6E6F 
 618      6E652720 
ARM GAS  /tmp/ccuyFzuo.s 			page 20


 618      272D6727 
 618      20272D6D 
 619 0066 61742D61 		.ascii	"at-abi=soft' '-mlibarch=armv6s-m' '-march=armv6s-m'"
 619      62693D73 
 619      6F667427 
 619      20272D6D 
 619      6C696261 
 620 0099 20272D4F 		.ascii	" '-O2' '-fomit-frame-pointer' '-falign-functions=16"
 620      32272027 
 620      2D666F6D 
 620      69742D66 
 620      72616D65 
 621 00cc 2720272D 		.ascii	"' '-fsingle-precision-constant' '-ffunction-section"
 621      6673696E 
 621      676C652D 
 621      70726563 
 621      6973696F 
 622 00ff 73272027 		.ascii	"s' '-fdata-sections' '-fno-common' '-flto' '-Xassem"
 622      2D666461 
 622      74612D73 
 622      65637469 
 622      6F6E7327 
 623 0132 626C6572 		.ascii	"bler' '-alms=./build/lst/hal.lst'\000"
 623      2720272D 
 623      616C6D73 
 623      3D2E2F62 
 623      75696C64 
 624              		.text
 625              		.comm	__gnu_lto_slim,1,1
 626              		.ident	"GCC: (Arm GNU Toolchain 11.3.Rel1) 11.3.1 20220712"
ARM GAS  /tmp/ccuyFzuo.s 			page 21


DEFINED SYMBOLS
                            *ABS*:0000000000000000 hal.c
     /tmp/ccuyFzuo.s:29     .gnu.debuglto_.debug_info:0000000000000000 hal.c.9b80cfed
                            *COM*:0000000000000001 __gnu_lto_slim

NO UNDEFINED SYMBOLS
