ARM GAS  /tmp/ccZe9BcT.s 			page 1


   1              		.cpu cortex-m0
   2              		.arch armv6s-m
   3              		.fpu softvfp
   4              		.eabi_attribute 20, 1
   5              		.eabi_attribute 21, 1
   6              		.eabi_attribute 23, 3
   7              		.eabi_attribute 24, 1
   8              		.eabi_attribute 25, 1
   9              		.eabi_attribute 26, 1
  10              		.eabi_attribute 30, 2
  11              		.eabi_attribute 34, 0
  12              		.eabi_attribute 18, 4
  13              		.file	"hal_pal.c"
  14              		.file 1 "/home/kocur/.rusefi-tools/arm-gnu-toolchain-11.3.rel1-x86_64-arm-none-eabi/arm-none-eabi/
  15              		.file 2 "/home/kocur/.rusefi-tools/arm-gnu-toolchain-11.3.rel1-x86_64-arm-none-eabi/arm-none-eabi/
  16              		.file 3 "/home/kocur/.rusefi-tools/arm-gnu-toolchain-11.3.rel1-x86_64-arm-none-eabi/arm-none-eabi/
  17              		.file 4 "ChibiOS/os/hal/ports/STM32/LLD/GPIOv2/stm32_gpio.h"
  18              		.file 5 "ChibiOS/os/hal/ports/STM32/LLD/GPIOv2/hal_pal_lld.h"
  19              		.file 6 "ChibiOS/os/hal/include/hal_pal.h"
  20              		.file 7 "ChibiOS/os/rt/include/chearly.h"
  21              		.file 8 "ChibiOS/os/hal/src/hal_pal.c"
  22              		.section	.gnu.debuglto_.debug_info,"e",%progbits
  23              	.Ldebug_info0:
  24              		.hidden	hal_pal.c.66edc122
  25              		.weak	hal_pal.c.66edc122
  26              	hal_pal.c.66edc122:
  27 0000 FB020000 		.4byte	0x2fb
  28 0004 0500     		.2byte	0x5
  29 0006 01       		.byte	0x1
  30 0007 04       		.byte	0x4
  31 0008 00000000 		.4byte	.Ldebug_abbrev0
  32 000c 11       		.uleb128 0x11
  33 000d 72010000 		.4byte	.LASF42
  34 0011 1D       		.byte	0x1d
  35 0012 82000000 		.4byte	.LASF43
  36 0016 DC000000 		.4byte	.LASF44
  37 001a 00000000 		.4byte	.Ldebug_line0
  38 001e 12       		.uleb128 0x12
  39 001f 04       		.byte	0x4
  40 0020 05       		.byte	0x5
  41 0021 696E7400 		.ascii	"int\000"
  42 0025 01       		.uleb128 0x1
  43 0026 04       		.byte	0x4
  44 0027 07       		.byte	0x7
  45 0028 34010000 		.4byte	.LASF0
  46 002c 01       		.uleb128 0x1
  47 002d 08       		.byte	0x8
  48 002e 05       		.byte	0x5
  49 002f 64010000 		.4byte	.LASF1
  50 0033 01       		.uleb128 0x1
  51 0034 08       		.byte	0x8
  52 0035 04       		.byte	0x4
  53 0036 8A020000 		.4byte	.LASF2
  54 003a 01       		.uleb128 0x1
  55 003b 01       		.byte	0x1
  56 003c 06       		.byte	0x6
  57 003d 96020000 		.4byte	.LASF3
ARM GAS  /tmp/ccZe9BcT.s 			page 2


  58 0041 01       		.uleb128 0x1
  59 0042 01       		.byte	0x1
  60 0043 08       		.byte	0x8
  61 0044 9F000000 		.4byte	.LASF4
  62 0048 01       		.uleb128 0x1
  63 0049 02       		.byte	0x2
  64 004a 05       		.byte	0x5
  65 004b 46000000 		.4byte	.LASF5
  66 004f 03       		.uleb128 0x3
  67 0050 08010000 		.4byte	.LASF8
  68 0054 01       		.byte	0x1
  69 0055 39       		.byte	0x39
  70 0056 19       		.byte	0x19
  71 0057 5B000000 		.4byte	0x5b
  72 005b 01       		.uleb128 0x1
  73 005c 02       		.byte	0x2
  74 005d 07       		.byte	0x7
  75 005e C4000000 		.4byte	.LASF6
  76 0062 01       		.uleb128 0x1
  77 0063 04       		.byte	0x4
  78 0064 05       		.byte	0x5
  79 0065 81020000 		.4byte	.LASF7
  80 0069 03       		.uleb128 0x3
  81 006a 13010000 		.4byte	.LASF9
  82 006e 01       		.byte	0x1
  83 006f 4F       		.byte	0x4f
  84 0070 19       		.byte	0x19
  85 0071 75000000 		.4byte	0x75
  86 0075 01       		.uleb128 0x1
  87 0076 04       		.byte	0x4
  88 0077 07       		.byte	0x7
  89 0078 B2000000 		.4byte	.LASF10
  90 007c 01       		.uleb128 0x1
  91 007d 08       		.byte	0x8
  92 007e 07       		.byte	0x7
  93 007f A8020000 		.4byte	.LASF11
  94 0083 03       		.uleb128 0x3
  95 0084 65020000 		.4byte	.LASF12
  96 0088 02       		.byte	0x2
  97 0089 24       		.byte	0x24
  98 008a 14       		.byte	0x14
  99 008b 4F000000 		.4byte	0x4f
 100 008f 03       		.uleb128 0x3
 101 0090 78020000 		.4byte	.LASF13
 102 0094 02       		.byte	0x2
 103 0095 30       		.byte	0x30
 104 0096 14       		.byte	0x14
 105 0097 69000000 		.4byte	0x69
 106 009b 0D       		.uleb128 0xd
 107 009c 8F000000 		.4byte	0x8f
 108 00a0 03       		.uleb128 0x3
 109 00a1 1F000000 		.4byte	.LASF14
 110 00a5 03       		.byte	0x3
 111 00a6 34       		.byte	0x34
 112 00a7 1F       		.byte	0x1f
 113 00a8 25000000 		.4byte	0x25
 114 00ac 06       		.uleb128 0x6
ARM GAS  /tmp/ccZe9BcT.s 			page 3


 115 00ad B8000000 		.4byte	0xb8
 116 00b1 01       		.uleb128 0x1
 117 00b2 01       		.byte	0x1
 118 00b3 08       		.byte	0x8
 119 00b4 41010000 		.4byte	.LASF15
 120 00b8 04       		.uleb128 0x4
 121 00b9 B1000000 		.4byte	0xb1
 122 00bd 01       		.uleb128 0x1
 123 00be 01       		.byte	0x1
 124 00bf 02       		.byte	0x2
 125 00c0 A2020000 		.4byte	.LASF16
 126 00c4 07       		.uleb128 0x7
 127 00c5 04       		.byte	0x4
 128 00c6 04       		.byte	0x4
 129 00c7 5B       		.byte	0x5b
 130 00c8 05       		.byte	0x5
 131 00c9 E6000000 		.4byte	0xe6
 132 00cd 08       		.uleb128 0x8
 133 00ce 73657400 		.ascii	"set\000"
 134 00d2 5C       		.byte	0x5c
 135 00d3 83000000 		.4byte	0x83
 136 00d7 00       		.byte	0
 137 00d8 02       		.uleb128 0x2
 138 00d9 08000000 		.4byte	.LASF17
 139 00dd 04       		.byte	0x4
 140 00de 5D       		.byte	0x5d
 141 00df 19       		.byte	0x19
 142 00e0 83000000 		.4byte	0x83
 143 00e4 02       		.byte	0x2
 144 00e5 00       		.byte	0
 145 00e6 13       		.uleb128 0x13
 146 00e7 04       		.byte	0x4
 147 00e8 04       		.byte	0x4
 148 00e9 59       		.byte	0x59
 149 00ea 0C       		.byte	0xc
 150 00eb 02010000 		.4byte	0x102
 151 00ef 0E       		.uleb128 0xe
 152 00f0 5700     		.ascii	"W\000"
 153 00f2 5A       		.byte	0x5a
 154 00f3 19       		.byte	0x19
 155 00f4 8F000000 		.4byte	0x8f
 156 00f8 0E       		.uleb128 0xe
 157 00f9 4800     		.ascii	"H\000"
 158 00fb 5E       		.byte	0x5e
 159 00fc 07       		.byte	0x7
 160 00fd C4000000 		.4byte	0xc4
 161 0101 00       		.byte	0
 162 0102 0D       		.uleb128 0xd
 163 0103 E6000000 		.4byte	0xe6
 164 0107 07       		.uleb128 0x7
 165 0108 28       		.byte	0x28
 166 0109 04       		.byte	0x4
 167 010a 51       		.byte	0x51
 168 010b 09       		.byte	0x9
 169 010c 8F010000 		.4byte	0x18f
 170 0110 02       		.uleb128 0x2
 171 0111 0E000000 		.4byte	.LASF18
ARM GAS  /tmp/ccZe9BcT.s 			page 4


 172 0115 04       		.byte	0x4
 173 0116 53       		.byte	0x53
 174 0117 19       		.byte	0x19
 175 0118 9B000000 		.4byte	0x9b
 176 011c 00       		.byte	0
 177 011d 02       		.uleb128 0x2
 178 011e 7B000000 		.4byte	.LASF19
 179 0122 04       		.byte	0x4
 180 0123 54       		.byte	0x54
 181 0124 19       		.byte	0x19
 182 0125 9B000000 		.4byte	0x9b
 183 0129 04       		.byte	0x4
 184 012a 02       		.uleb128 0x2
 185 012b 00000000 		.4byte	.LASF20
 186 012f 04       		.byte	0x4
 187 0130 55       		.byte	0x55
 188 0131 19       		.byte	0x19
 189 0132 9B000000 		.4byte	0x9b
 190 0136 08       		.byte	0x8
 191 0137 02       		.uleb128 0x2
 192 0138 5E010000 		.4byte	.LASF21
 193 013c 04       		.byte	0x4
 194 013d 56       		.byte	0x56
 195 013e 19       		.byte	0x19
 196 013f 9B000000 		.4byte	0x9b
 197 0143 0C       		.byte	0xc
 198 0144 08       		.uleb128 0x8
 199 0145 49445200 		.ascii	"IDR\000"
 200 0149 57       		.byte	0x57
 201 014a 9B000000 		.4byte	0x9b
 202 014e 10       		.byte	0x10
 203 014f 08       		.uleb128 0x8
 204 0150 4F445200 		.ascii	"ODR\000"
 205 0154 58       		.byte	0x58
 206 0155 9B000000 		.4byte	0x9b
 207 0159 14       		.byte	0x14
 208 015a 02       		.uleb128 0x2
 209 015b 2C000000 		.4byte	.LASF22
 210 015f 04       		.byte	0x4
 211 0160 5F       		.byte	0x5f
 212 0161 05       		.byte	0x5
 213 0162 02010000 		.4byte	0x102
 214 0166 18       		.byte	0x18
 215 0167 02       		.uleb128 0x2
 216 0168 4B010000 		.4byte	.LASF23
 217 016c 04       		.byte	0x4
 218 016d 60       		.byte	0x60
 219 016e 19       		.byte	0x19
 220 016f 9B000000 		.4byte	0x9b
 221 0173 1C       		.byte	0x1c
 222 0174 02       		.uleb128 0x2
 223 0175 D7000000 		.4byte	.LASF24
 224 0179 04       		.byte	0x4
 225 017a 61       		.byte	0x61
 226 017b 19       		.byte	0x19
 227 017c 9B000000 		.4byte	0x9b
 228 0180 20       		.byte	0x20
ARM GAS  /tmp/ccZe9BcT.s 			page 5


 229 0181 02       		.uleb128 0x2
 230 0182 AD000000 		.4byte	.LASF25
 231 0186 04       		.byte	0x4
 232 0187 62       		.byte	0x62
 233 0188 19       		.byte	0x19
 234 0189 9B000000 		.4byte	0x9b
 235 018d 24       		.byte	0x24
 236 018e 00       		.byte	0
 237 018f 03       		.uleb128 0x3
 238 0190 51010000 		.4byte	.LASF26
 239 0194 04       		.byte	0x4
 240 0195 63       		.byte	0x63
 241 0196 03       		.byte	0x3
 242 0197 07010000 		.4byte	0x107
 243 019b 03       		.uleb128 0x3
 244 019c 65000000 		.4byte	.LASF27
 245 01a0 05       		.byte	0x5
 246 01a1 C2       		.byte	0xc2
 247 01a2 12       		.byte	0x12
 248 01a3 8F000000 		.4byte	0x8f
 249 01a7 03       		.uleb128 0x3
 250 01a8 3D000000 		.4byte	.LASF28
 251 01ac 05       		.byte	0x5
 252 01ad C7       		.byte	0xc7
 253 01ae 12       		.byte	0x12
 254 01af 8F000000 		.4byte	0x8f
 255 01b3 03       		.uleb128 0x3
 256 01b4 5A020000 		.4byte	.LASF29
 257 01b8 05       		.byte	0x5
 258 01b9 D9       		.byte	0xd9
 259 01ba 18       		.byte	0x18
 260 01bb BF010000 		.4byte	0x1bf
 261 01bf 06       		.uleb128 0x6
 262 01c0 8F010000 		.4byte	0x18f
 263 01c4 07       		.uleb128 0x7
 264 01c5 0C       		.byte	0xc
 265 01c6 06       		.byte	0x6
 266 01c7 B7       		.byte	0xb7
 267 01c8 09       		.byte	0x9
 268 01c9 F5010000 		.4byte	0x1f5
 269 01cd 02       		.uleb128 0x2
 270 01ce 5E000000 		.4byte	.LASF30
 271 01d2 06       		.byte	0x6
 272 01d3 BB       		.byte	0xbb
 273 01d4 19       		.byte	0x19
 274 01d5 B3010000 		.4byte	0x1b3
 275 01d9 00       		.byte	0
 276 01da 02       		.uleb128 0x2
 277 01db 49020000 		.4byte	.LASF31
 278 01df 06       		.byte	0x6
 279 01e0 C1       		.byte	0xc1
 280 01e1 19       		.byte	0x19
 281 01e2 9B010000 		.4byte	0x19b
 282 01e6 04       		.byte	0x4
 283 01e7 02       		.uleb128 0x2
 284 01e8 53020000 		.4byte	.LASF32
 285 01ec 06       		.byte	0x6
ARM GAS  /tmp/ccZe9BcT.s 			page 6


 286 01ed C5       		.byte	0xc5
 287 01ee 19       		.byte	0x19
 288 01ef A0000000 		.4byte	0xa0
 289 01f3 08       		.byte	0x8
 290 01f4 00       		.byte	0
 291 01f5 03       		.uleb128 0x3
 292 01f6 BF020000 		.4byte	.LASF33
 293 01fa 06       		.byte	0x6
 294 01fb C6       		.byte	0xc6
 295 01fc 03       		.byte	0x3
 296 01fd C4010000 		.4byte	0x1c4
 297 0201 04       		.uleb128 0x4
 298 0202 F5010000 		.4byte	0x1f5
 299 0206 14       		.uleb128 0x14
 300 0207 1E010000 		.4byte	.LASF34
 301 020b 05       		.byte	0x5
 302 020c F301     		.2byte	0x1f3
 303 020e 08       		.byte	0x8
 304 020f 23020000 		.4byte	0x223
 305 0213 05       		.uleb128 0x5
 306 0214 B3010000 		.4byte	0x1b3
 307 0218 05       		.uleb128 0x5
 308 0219 9B010000 		.4byte	0x19b
 309 021d 05       		.uleb128 0x5
 310 021e A7010000 		.4byte	0x1a7
 311 0222 00       		.byte	0
 312 0223 15       		.uleb128 0x15
 313 0224 6E020000 		.4byte	.LASF35
 314 0228 07       		.byte	0x7
 315 0229 4C       		.byte	0x4c
 316 022a 08       		.byte	0x8
 317 022b 35020000 		.4byte	0x235
 318 022f 05       		.uleb128 0x5
 319 0230 AC000000 		.4byte	0xac
 320 0234 00       		.byte	0
 321 0235 0F       		.uleb128 0xf
 322 0236 50000000 		.4byte	.LASF37
 323 023a 71       		.byte	0x71
 324 023b 5F020000 		.4byte	0x25f
 325 023f 09       		.uleb128 0x9
 326 0240 62757300 		.ascii	"bus\000"
 327 0244 71       		.byte	0x71
 328 0245 21       		.byte	0x21
 329 0246 5F020000 		.4byte	0x25f
 330 024a 10       		.uleb128 0x10
 331 024b 46010000 		.4byte	.LASF36
 332 024f 71       		.byte	0x71
 333 0250 2F       		.byte	0x2f
 334 0251 A7010000 		.4byte	0x1a7
 335 0255 0A       		.uleb128 0xa
 336 0256 72000000 		.4byte	.LASF40
 337 025a 74020000 		.4byte	0x274
 338 025e 00       		.byte	0
 339 025f 06       		.uleb128 0x6
 340 0260 01020000 		.4byte	0x201
 341 0264 0B       		.uleb128 0xb
 342 0265 B8000000 		.4byte	0xb8
ARM GAS  /tmp/ccZe9BcT.s 			page 7


 343 0269 74020000 		.4byte	0x274
 344 026d 0C       		.uleb128 0xc
 345 026e 25000000 		.4byte	0x25
 346 0272 0D       		.byte	0xd
 347 0273 00       		.byte	0
 348 0274 04       		.uleb128 0x4
 349 0275 64020000 		.4byte	0x264
 350 0279 0F       		.uleb128 0xf
 351 027a 31000000 		.4byte	.LASF38
 352 027e 5A       		.byte	0x5a
 353 027f AF020000 		.4byte	0x2af
 354 0283 09       		.uleb128 0x9
 355 0284 62757300 		.ascii	"bus\000"
 356 0288 5A       		.byte	0x5a
 357 0289 1F       		.byte	0x1f
 358 028a 5F020000 		.4byte	0x25f
 359 028e 10       		.uleb128 0x10
 360 028f 4E020000 		.4byte	.LASF39
 361 0293 5A       		.byte	0x5a
 362 0294 31       		.byte	0x31
 363 0295 9B010000 		.4byte	0x19b
 364 0299 0A       		.uleb128 0xa
 365 029a 72000000 		.4byte	.LASF40
 366 029e BF020000 		.4byte	0x2bf
 367 02a2 16       		.uleb128 0x16
 368 02a3 17       		.uleb128 0x17
 369 02a4 7700     		.ascii	"w\000"
 370 02a6 08       		.byte	0x8
 371 02a7 5E       		.byte	0x5e
 372 02a8 03       		.byte	0x3
 373 02a9 8F000000 		.4byte	0x8f
 374 02ad 00       		.byte	0
 375 02ae 00       		.byte	0
 376 02af 0B       		.uleb128 0xb
 377 02b0 B8000000 		.4byte	0xb8
 378 02b4 BF020000 		.4byte	0x2bf
 379 02b8 0C       		.uleb128 0xc
 380 02b9 25000000 		.4byte	0x25
 381 02bd 0B       		.byte	0xb
 382 02be 00       		.byte	0
 383 02bf 04       		.uleb128 0x4
 384 02c0 AF020000 		.4byte	0x2af
 385 02c4 18       		.uleb128 0x18
 386 02c5 14000000 		.4byte	.LASF41
 387 02c9 08       		.byte	0x8
 388 02ca 41       		.byte	0x41
 389 02cb 0E       		.byte	0xe
 390 02cc 9B010000 		.4byte	0x19b
 391 02d0 E9020000 		.4byte	0x2e9
 392 02d4 09       		.uleb128 0x9
 393 02d5 62757300 		.ascii	"bus\000"
 394 02d9 41       		.byte	0x41
 395 02da 26       		.byte	0x26
 396 02db 5F020000 		.4byte	0x25f
 397 02df 0A       		.uleb128 0xa
 398 02e0 72000000 		.4byte	.LASF40
 399 02e4 F9020000 		.4byte	0x2f9
ARM GAS  /tmp/ccZe9BcT.s 			page 8


 400 02e8 00       		.byte	0
 401 02e9 0B       		.uleb128 0xb
 402 02ea B8000000 		.4byte	0xb8
 403 02ee F9020000 		.4byte	0x2f9
 404 02f2 0C       		.uleb128 0xc
 405 02f3 25000000 		.4byte	0x25
 406 02f7 0A       		.byte	0xa
 407 02f8 00       		.byte	0
 408 02f9 04       		.uleb128 0x4
 409 02fa E9020000 		.4byte	0x2e9
 410 02fe 00       		.byte	0
 411              		.section	.gnu.debuglto_.debug_abbrev,"e",%progbits
 412              	.Ldebug_abbrev0:
 413 0000 01       		.uleb128 0x1
 414 0001 24       		.uleb128 0x24
 415 0002 00       		.byte	0
 416 0003 0B       		.uleb128 0xb
 417 0004 0B       		.uleb128 0xb
 418 0005 3E       		.uleb128 0x3e
 419 0006 0B       		.uleb128 0xb
 420 0007 03       		.uleb128 0x3
 421 0008 0E       		.uleb128 0xe
 422 0009 00       		.byte	0
 423 000a 00       		.byte	0
 424 000b 02       		.uleb128 0x2
 425 000c 0D       		.uleb128 0xd
 426 000d 00       		.byte	0
 427 000e 03       		.uleb128 0x3
 428 000f 0E       		.uleb128 0xe
 429 0010 3A       		.uleb128 0x3a
 430 0011 0B       		.uleb128 0xb
 431 0012 3B       		.uleb128 0x3b
 432 0013 0B       		.uleb128 0xb
 433 0014 39       		.uleb128 0x39
 434 0015 0B       		.uleb128 0xb
 435 0016 49       		.uleb128 0x49
 436 0017 13       		.uleb128 0x13
 437 0018 38       		.uleb128 0x38
 438 0019 0B       		.uleb128 0xb
 439 001a 00       		.byte	0
 440 001b 00       		.byte	0
 441 001c 03       		.uleb128 0x3
 442 001d 16       		.uleb128 0x16
 443 001e 00       		.byte	0
 444 001f 03       		.uleb128 0x3
 445 0020 0E       		.uleb128 0xe
 446 0021 3A       		.uleb128 0x3a
 447 0022 0B       		.uleb128 0xb
 448 0023 3B       		.uleb128 0x3b
 449 0024 0B       		.uleb128 0xb
 450 0025 39       		.uleb128 0x39
 451 0026 0B       		.uleb128 0xb
 452 0027 49       		.uleb128 0x49
 453 0028 13       		.uleb128 0x13
 454 0029 00       		.byte	0
 455 002a 00       		.byte	0
 456 002b 04       		.uleb128 0x4
ARM GAS  /tmp/ccZe9BcT.s 			page 9


 457 002c 26       		.uleb128 0x26
 458 002d 00       		.byte	0
 459 002e 49       		.uleb128 0x49
 460 002f 13       		.uleb128 0x13
 461 0030 00       		.byte	0
 462 0031 00       		.byte	0
 463 0032 05       		.uleb128 0x5
 464 0033 05       		.uleb128 0x5
 465 0034 00       		.byte	0
 466 0035 49       		.uleb128 0x49
 467 0036 13       		.uleb128 0x13
 468 0037 00       		.byte	0
 469 0038 00       		.byte	0
 470 0039 06       		.uleb128 0x6
 471 003a 0F       		.uleb128 0xf
 472 003b 00       		.byte	0
 473 003c 0B       		.uleb128 0xb
 474 003d 21       		.uleb128 0x21
 475 003e 04       		.sleb128 4
 476 003f 49       		.uleb128 0x49
 477 0040 13       		.uleb128 0x13
 478 0041 00       		.byte	0
 479 0042 00       		.byte	0
 480 0043 07       		.uleb128 0x7
 481 0044 13       		.uleb128 0x13
 482 0045 01       		.byte	0x1
 483 0046 0B       		.uleb128 0xb
 484 0047 0B       		.uleb128 0xb
 485 0048 3A       		.uleb128 0x3a
 486 0049 0B       		.uleb128 0xb
 487 004a 3B       		.uleb128 0x3b
 488 004b 0B       		.uleb128 0xb
 489 004c 39       		.uleb128 0x39
 490 004d 0B       		.uleb128 0xb
 491 004e 01       		.uleb128 0x1
 492 004f 13       		.uleb128 0x13
 493 0050 00       		.byte	0
 494 0051 00       		.byte	0
 495 0052 08       		.uleb128 0x8
 496 0053 0D       		.uleb128 0xd
 497 0054 00       		.byte	0
 498 0055 03       		.uleb128 0x3
 499 0056 08       		.uleb128 0x8
 500 0057 3A       		.uleb128 0x3a
 501 0058 21       		.uleb128 0x21
 502 0059 04       		.sleb128 4
 503 005a 3B       		.uleb128 0x3b
 504 005b 0B       		.uleb128 0xb
 505 005c 39       		.uleb128 0x39
 506 005d 21       		.uleb128 0x21
 507 005e 19       		.sleb128 25
 508 005f 49       		.uleb128 0x49
 509 0060 13       		.uleb128 0x13
 510 0061 38       		.uleb128 0x38
 511 0062 0B       		.uleb128 0xb
 512 0063 00       		.byte	0
 513 0064 00       		.byte	0
ARM GAS  /tmp/ccZe9BcT.s 			page 10


 514 0065 09       		.uleb128 0x9
 515 0066 05       		.uleb128 0x5
 516 0067 00       		.byte	0
 517 0068 03       		.uleb128 0x3
 518 0069 08       		.uleb128 0x8
 519 006a 3A       		.uleb128 0x3a
 520 006b 21       		.uleb128 0x21
 521 006c 08       		.sleb128 8
 522 006d 3B       		.uleb128 0x3b
 523 006e 0B       		.uleb128 0xb
 524 006f 39       		.uleb128 0x39
 525 0070 0B       		.uleb128 0xb
 526 0071 49       		.uleb128 0x49
 527 0072 13       		.uleb128 0x13
 528 0073 00       		.byte	0
 529 0074 00       		.byte	0
 530 0075 0A       		.uleb128 0xa
 531 0076 34       		.uleb128 0x34
 532 0077 00       		.byte	0
 533 0078 03       		.uleb128 0x3
 534 0079 0E       		.uleb128 0xe
 535 007a 49       		.uleb128 0x49
 536 007b 13       		.uleb128 0x13
 537 007c 34       		.uleb128 0x34
 538 007d 19       		.uleb128 0x19
 539 007e 00       		.byte	0
 540 007f 00       		.byte	0
 541 0080 0B       		.uleb128 0xb
 542 0081 01       		.uleb128 0x1
 543 0082 01       		.byte	0x1
 544 0083 49       		.uleb128 0x49
 545 0084 13       		.uleb128 0x13
 546 0085 01       		.uleb128 0x1
 547 0086 13       		.uleb128 0x13
 548 0087 00       		.byte	0
 549 0088 00       		.byte	0
 550 0089 0C       		.uleb128 0xc
 551 008a 21       		.uleb128 0x21
 552 008b 00       		.byte	0
 553 008c 49       		.uleb128 0x49
 554 008d 13       		.uleb128 0x13
 555 008e 2F       		.uleb128 0x2f
 556 008f 0B       		.uleb128 0xb
 557 0090 00       		.byte	0
 558 0091 00       		.byte	0
 559 0092 0D       		.uleb128 0xd
 560 0093 35       		.uleb128 0x35
 561 0094 00       		.byte	0
 562 0095 49       		.uleb128 0x49
 563 0096 13       		.uleb128 0x13
 564 0097 00       		.byte	0
 565 0098 00       		.byte	0
 566 0099 0E       		.uleb128 0xe
 567 009a 0D       		.uleb128 0xd
 568 009b 00       		.byte	0
 569 009c 03       		.uleb128 0x3
 570 009d 08       		.uleb128 0x8
ARM GAS  /tmp/ccZe9BcT.s 			page 11


 571 009e 3A       		.uleb128 0x3a
 572 009f 21       		.uleb128 0x21
 573 00a0 04       		.sleb128 4
 574 00a1 3B       		.uleb128 0x3b
 575 00a2 0B       		.uleb128 0xb
 576 00a3 39       		.uleb128 0x39
 577 00a4 0B       		.uleb128 0xb
 578 00a5 49       		.uleb128 0x49
 579 00a6 13       		.uleb128 0x13
 580 00a7 00       		.byte	0
 581 00a8 00       		.byte	0
 582 00a9 0F       		.uleb128 0xf
 583 00aa 2E       		.uleb128 0x2e
 584 00ab 01       		.byte	0x1
 585 00ac 3F       		.uleb128 0x3f
 586 00ad 19       		.uleb128 0x19
 587 00ae 03       		.uleb128 0x3
 588 00af 0E       		.uleb128 0xe
 589 00b0 3A       		.uleb128 0x3a
 590 00b1 21       		.uleb128 0x21
 591 00b2 08       		.sleb128 8
 592 00b3 3B       		.uleb128 0x3b
 593 00b4 0B       		.uleb128 0xb
 594 00b5 39       		.uleb128 0x39
 595 00b6 21       		.uleb128 0x21
 596 00b7 06       		.sleb128 6
 597 00b8 27       		.uleb128 0x27
 598 00b9 19       		.uleb128 0x19
 599 00ba 01       		.uleb128 0x1
 600 00bb 13       		.uleb128 0x13
 601 00bc 00       		.byte	0
 602 00bd 00       		.byte	0
 603 00be 10       		.uleb128 0x10
 604 00bf 05       		.uleb128 0x5
 605 00c0 00       		.byte	0
 606 00c1 03       		.uleb128 0x3
 607 00c2 0E       		.uleb128 0xe
 608 00c3 3A       		.uleb128 0x3a
 609 00c4 21       		.uleb128 0x21
 610 00c5 08       		.sleb128 8
 611 00c6 3B       		.uleb128 0x3b
 612 00c7 0B       		.uleb128 0xb
 613 00c8 39       		.uleb128 0x39
 614 00c9 0B       		.uleb128 0xb
 615 00ca 49       		.uleb128 0x49
 616 00cb 13       		.uleb128 0x13
 617 00cc 00       		.byte	0
 618 00cd 00       		.byte	0
 619 00ce 11       		.uleb128 0x11
 620 00cf 11       		.uleb128 0x11
 621 00d0 01       		.byte	0x1
 622 00d1 25       		.uleb128 0x25
 623 00d2 0E       		.uleb128 0xe
 624 00d3 13       		.uleb128 0x13
 625 00d4 0B       		.uleb128 0xb
 626 00d5 03       		.uleb128 0x3
 627 00d6 0E       		.uleb128 0xe
ARM GAS  /tmp/ccZe9BcT.s 			page 12


 628 00d7 1B       		.uleb128 0x1b
 629 00d8 0E       		.uleb128 0xe
 630 00d9 10       		.uleb128 0x10
 631 00da 17       		.uleb128 0x17
 632 00db 00       		.byte	0
 633 00dc 00       		.byte	0
 634 00dd 12       		.uleb128 0x12
 635 00de 24       		.uleb128 0x24
 636 00df 00       		.byte	0
 637 00e0 0B       		.uleb128 0xb
 638 00e1 0B       		.uleb128 0xb
 639 00e2 3E       		.uleb128 0x3e
 640 00e3 0B       		.uleb128 0xb
 641 00e4 03       		.uleb128 0x3
 642 00e5 08       		.uleb128 0x8
 643 00e6 00       		.byte	0
 644 00e7 00       		.byte	0
 645 00e8 13       		.uleb128 0x13
 646 00e9 17       		.uleb128 0x17
 647 00ea 01       		.byte	0x1
 648 00eb 0B       		.uleb128 0xb
 649 00ec 0B       		.uleb128 0xb
 650 00ed 3A       		.uleb128 0x3a
 651 00ee 0B       		.uleb128 0xb
 652 00ef 3B       		.uleb128 0x3b
 653 00f0 0B       		.uleb128 0xb
 654 00f1 39       		.uleb128 0x39
 655 00f2 0B       		.uleb128 0xb
 656 00f3 01       		.uleb128 0x1
 657 00f4 13       		.uleb128 0x13
 658 00f5 00       		.byte	0
 659 00f6 00       		.byte	0
 660 00f7 14       		.uleb128 0x14
 661 00f8 2E       		.uleb128 0x2e
 662 00f9 01       		.byte	0x1
 663 00fa 3F       		.uleb128 0x3f
 664 00fb 19       		.uleb128 0x19
 665 00fc 03       		.uleb128 0x3
 666 00fd 0E       		.uleb128 0xe
 667 00fe 3A       		.uleb128 0x3a
 668 00ff 0B       		.uleb128 0xb
 669 0100 3B       		.uleb128 0x3b
 670 0101 05       		.uleb128 0x5
 671 0102 39       		.uleb128 0x39
 672 0103 0B       		.uleb128 0xb
 673 0104 27       		.uleb128 0x27
 674 0105 19       		.uleb128 0x19
 675 0106 3C       		.uleb128 0x3c
 676 0107 19       		.uleb128 0x19
 677 0108 01       		.uleb128 0x1
 678 0109 13       		.uleb128 0x13
 679 010a 00       		.byte	0
 680 010b 00       		.byte	0
 681 010c 15       		.uleb128 0x15
 682 010d 2E       		.uleb128 0x2e
 683 010e 01       		.byte	0x1
 684 010f 3F       		.uleb128 0x3f
ARM GAS  /tmp/ccZe9BcT.s 			page 13


 685 0110 19       		.uleb128 0x19
 686 0111 03       		.uleb128 0x3
 687 0112 0E       		.uleb128 0xe
 688 0113 3A       		.uleb128 0x3a
 689 0114 0B       		.uleb128 0xb
 690 0115 3B       		.uleb128 0x3b
 691 0116 0B       		.uleb128 0xb
 692 0117 39       		.uleb128 0x39
 693 0118 0B       		.uleb128 0xb
 694 0119 27       		.uleb128 0x27
 695 011a 19       		.uleb128 0x19
 696 011b 3C       		.uleb128 0x3c
 697 011c 19       		.uleb128 0x19
 698 011d 01       		.uleb128 0x1
 699 011e 13       		.uleb128 0x13
 700 011f 00       		.byte	0
 701 0120 00       		.byte	0
 702 0121 16       		.uleb128 0x16
 703 0122 0B       		.uleb128 0xb
 704 0123 01       		.byte	0x1
 705 0124 00       		.byte	0
 706 0125 00       		.byte	0
 707 0126 17       		.uleb128 0x17
 708 0127 34       		.uleb128 0x34
 709 0128 00       		.byte	0
 710 0129 03       		.uleb128 0x3
 711 012a 08       		.uleb128 0x8
 712 012b 3A       		.uleb128 0x3a
 713 012c 0B       		.uleb128 0xb
 714 012d 3B       		.uleb128 0x3b
 715 012e 0B       		.uleb128 0xb
 716 012f 39       		.uleb128 0x39
 717 0130 0B       		.uleb128 0xb
 718 0131 49       		.uleb128 0x49
 719 0132 13       		.uleb128 0x13
 720 0133 00       		.byte	0
 721 0134 00       		.byte	0
 722 0135 18       		.uleb128 0x18
 723 0136 2E       		.uleb128 0x2e
 724 0137 01       		.byte	0x1
 725 0138 3F       		.uleb128 0x3f
 726 0139 19       		.uleb128 0x19
 727 013a 03       		.uleb128 0x3
 728 013b 0E       		.uleb128 0xe
 729 013c 3A       		.uleb128 0x3a
 730 013d 0B       		.uleb128 0xb
 731 013e 3B       		.uleb128 0x3b
 732 013f 0B       		.uleb128 0xb
 733 0140 39       		.uleb128 0x39
 734 0141 0B       		.uleb128 0xb
 735 0142 27       		.uleb128 0x27
 736 0143 19       		.uleb128 0x19
 737 0144 49       		.uleb128 0x49
 738 0145 13       		.uleb128 0x13
 739 0146 01       		.uleb128 0x1
 740 0147 13       		.uleb128 0x13
 741 0148 00       		.byte	0
ARM GAS  /tmp/ccZe9BcT.s 			page 14


 742 0149 00       		.byte	0
 743 014a 00       		.byte	0
 744              		.section	.gnu.debuglto_.debug_line,"e",%progbits
 745              	.Ldebug_line0:
 746 0000 71000000 		.4byte	.LELT0-.LSLT0
 747              	.LSLT0:
 748 0004 0500     		.2byte	0x5
 749 0006 04       		.byte	0x4
 750 0007 00       		.byte	0
 751 0008 69000000 		.4byte	.LELTP0-.LASLTP0
 752              	.LASLTP0:
 753 000c 01       		.byte	0x1
 754 000d 01       		.byte	0x1
 755 000e 01       		.byte	0x1
 756 000f F6       		.byte	0xf6
 757 0010 F2       		.byte	0xf2
 758 0011 0D       		.byte	0xd
 759 0012 00       		.byte	0
 760 0013 01       		.byte	0x1
 761 0014 01       		.byte	0x1
 762 0015 01       		.byte	0x1
 763 0016 01       		.byte	0x1
 764 0017 00       		.byte	0
 765 0018 00       		.byte	0
 766 0019 00       		.byte	0
 767 001a 01       		.byte	0x1
 768 001b 00       		.byte	0
 769 001c 00       		.byte	0
 770 001d 01       		.byte	0x1
 771 001e 01       		.byte	0x1
 772 001f 01       		.uleb128 0x1
 773 0020 1F       		.uleb128 0x1f
 774 0021 08       		.uleb128 0x8
 775 0022 E9000000 		.4byte	.LASF45
 776 0026 24020000 		.4byte	.LASF46
 777 002a 30010000 		.4byte	.LASF47
 778 002e BB000000 		.4byte	.LASF48
 779 0032 A5000000 		.4byte	.LASF49
 780 0036 BB010000 		.4byte	.LASF50
 781 003a 56010000 		.4byte	.LASF51
 782 003e 3A000000 		.4byte	.LASF52
 783 0042 02       		.byte	0x2
 784 0043 01       		.uleb128 0x1
 785 0044 1F       		.uleb128 0x1f
 786 0045 02       		.uleb128 0x2
 787 0046 0B       		.uleb128 0xb
 788 0047 09       		.uleb128 0x9
 789 0048 1D000000 		.4byte	.LASF53
 790 004c 00       		.byte	0
 791 004d D8000000 		.4byte	.LASF54
 792 0051 05       		.byte	0x5
 793 0052 00000000 		.4byte	.LASF55
 794 0056 06       		.byte	0x6
 795 0057 0A000000 		.4byte	.LASF56
 796 005b 07       		.byte	0x7
 797 005c 15010000 		.4byte	.LASF57
 798 0060 02       		.byte	0x2
ARM GAS  /tmp/ccZe9BcT.s 			page 15


 799 0061 22010000 		.4byte	.LASF58
 800 0065 02       		.byte	0x2
 801 0066 CE000000 		.4byte	.LASF59
 802 006a 01       		.byte	0x1
 803 006b 13000000 		.4byte	.LASF60
 804 006f 04       		.byte	0x4
 805 0070 9B000000 		.4byte	.LASF61
 806 0074 03       		.byte	0x3
 807              	.LELTP0:
 808              	.LELT0:
 809              		.section	.gnu.debuglto_.debug_str,"eMS",%progbits,1
 810              	.LASF20:
 811 0000 4F535045 		.ascii	"OSPEEDR\000"
 811      45445200 
 812              	.LASF17:
 813 0008 636C6561 		.ascii	"clear\000"
 813      7200
 814              	.LASF18:
 815 000e 4D4F4445 		.ascii	"MODER\000"
 815      5200
 816              	.LASF41:
 817 0014 70616C52 		.ascii	"palReadBus\000"
 817      65616442 
 817      757300
 818              	.LASF14:
 819 001f 75696E74 		.ascii	"uint_fast8_t\000"
 819      5F666173 
 819      74385F74 
 819      00
 820              	.LASF22:
 821 002c 42535252 		.ascii	"BSRR\000"
 821      00
 822              	.LASF38:
 823 0031 70616C57 		.ascii	"palWriteBus\000"
 823      72697465 
 823      42757300 
 824              	.LASF28:
 825 003d 696F6D6F 		.ascii	"iomode_t\000"
 825      64655F74 
 825      00
 826              	.LASF5:
 827 0046 73686F72 		.ascii	"short int\000"
 827      7420696E 
 827      7400
 828              	.LASF37:
 829 0050 70616C53 		.ascii	"palSetBusMode\000"
 829      65744275 
 829      734D6F64 
 829      6500
 830              	.LASF30:
 831 005e 706F7274 		.ascii	"portid\000"
 831      696400
 832              	.LASF27:
 833 0065 696F706F 		.ascii	"ioportmask_t\000"
 833      72746D61 
 833      736B5F74 
 833      00
ARM GAS  /tmp/ccZe9BcT.s 			page 16


 834              	.LASF40:
 835 0072 5F5F6675 		.ascii	"__func__\000"
 835      6E635F5F 
 835      00
 836              	.LASF19:
 837 007b 4F545950 		.ascii	"OTYPER\000"
 837      455200
 838              	.LASF43:
 839 0082 43686962 		.ascii	"ChibiOS/os/hal/src/hal_pal.c\000"
 839      694F532F 
 839      6F732F68 
 839      616C2F73 
 839      72632F68 
 840              	.LASF4:
 841 009f 756E7369 		.ascii	"unsigned char\000"
 841      676E6564 
 841      20636861 
 841      7200
 842              	.LASF25:
 843 00ad 41465248 		.ascii	"AFRH\000"
 843      00
 844              	.LASF10:
 845 00b2 6C6F6E67 		.ascii	"long unsigned int\000"
 845      20756E73 
 845      69676E65 
 845      6420696E 
 845      7400
 846              	.LASF6:
 847 00c4 73686F72 		.ascii	"short unsigned int\000"
 847      7420756E 
 847      7369676E 
 847      65642069 
 847      6E7400
 848              	.LASF24:
 849 00d7 4146524C 		.ascii	"AFRL\000"
 849      00
 850              	.LASF44:
 851 00dc 2F686F6D 		.ascii	"/home/kocur/wideband-2311-f0_addon/firmware\000"
 851      652F6B6F 
 851      6375722F 
 851      77696465 
 851      62616E64 
 852              	.LASF8:
 853 0108 5F5F7569 		.ascii	"__uint16_t\000"
 853      6E743136 
 853      5F7400
 854              	.LASF9:
 855 0113 5F5F7569 		.ascii	"__uint32_t\000"
 855      6E743332 
 855      5F7400
 856              	.LASF34:
 857 011e 5F70616C 		.ascii	"_pal_lld_setgroupmode\000"
 857      5F6C6C64 
 857      5F736574 
 857      67726F75 
 857      706D6F64 
 858              	.LASF0:
ARM GAS  /tmp/ccZe9BcT.s 			page 17


 859 0134 756E7369 		.ascii	"unsigned int\000"
 859      676E6564 
 859      20696E74 
 859      00
 860              	.LASF15:
 861 0141 63686172 		.ascii	"char\000"
 861      00
 862              	.LASF36:
 863 0146 6D6F6465 		.ascii	"mode\000"
 863      00
 864              	.LASF23:
 865 014b 4C4F434B 		.ascii	"LOCKR\000"
 865      5200
 866              	.LASF26:
 867 0151 73746D33 		.ascii	"stm32_gpio_t\000"
 867      325F6770 
 867      696F5F74 
 867      00
 868              	.LASF21:
 869 015e 50555044 		.ascii	"PUPDR\000"
 869      5200
 870              	.LASF1:
 871 0164 6C6F6E67 		.ascii	"long long int\000"
 871      206C6F6E 
 871      6720696E 
 871      7400
 872              	.LASF42:
 873 0172 474E5520 		.ascii	"GNU C17 11.3.1 20220712 -mcpu=cortex-m0 -mthumb -mf"
 873      43313720 
 873      31312E33 
 873      2E312032 
 873      30323230 
 874 01a5 6C6F6174 		.ascii	"loat-abi=soft -march=armv6s-m -ggdb -O2 -fomit-fram"
 874      2D616269 
 874      3D736F66 
 874      74202D6D 
 874      61726368 
 875 01d8 652D706F 		.ascii	"e-pointer -falign-functions=16 -fsingle-precision-c"
 875      696E7465 
 875      72202D66 
 875      616C6967 
 875      6E2D6675 
 876 020b 6F6E7374 		.ascii	"onstant -ffunction-sections -fdata-sections -fno-co"
 876      616E7420 
 876      2D666675 
 876      6E637469 
 876      6F6E2D73 
 877 023e 6D6D6F6E 		.ascii	"mmon -flto\000"
 877      202D666C 
 877      746F00
 878              	.LASF31:
 879 0249 6D61736B 		.ascii	"mask\000"
 879      00
 880              	.LASF39:
 881 024e 62697473 		.ascii	"bits\000"
 881      00
 882              	.LASF32:
ARM GAS  /tmp/ccZe9BcT.s 			page 18


 883 0253 6F666673 		.ascii	"offset\000"
 883      657400
 884              	.LASF29:
 885 025a 696F706F 		.ascii	"ioportid_t\000"
 885      72746964 
 885      5F7400
 886              	.LASF12:
 887 0265 75696E74 		.ascii	"uint16_t\000"
 887      31365F74 
 887      00
 888              	.LASF35:
 889 026e 63685379 		.ascii	"chSysHalt\000"
 889      7348616C 
 889      7400
 890              	.LASF13:
 891 0278 75696E74 		.ascii	"uint32_t\000"
 891      33325F74 
 891      00
 892              	.LASF7:
 893 0281 6C6F6E67 		.ascii	"long int\000"
 893      20696E74 
 893      00
 894              	.LASF2:
 895 028a 6C6F6E67 		.ascii	"long double\000"
 895      20646F75 
 895      626C6500 
 896              	.LASF3:
 897 0296 7369676E 		.ascii	"signed char\000"
 897      65642063 
 897      68617200 
 898              	.LASF16:
 899 02a2 5F426F6F 		.ascii	"_Bool\000"
 899      6C00
 900              	.LASF11:
 901 02a8 6C6F6E67 		.ascii	"long long unsigned int\000"
 901      206C6F6E 
 901      6720756E 
 901      7369676E 
 901      65642069 
 902              	.LASF33:
 903 02bf 494F4275 		.ascii	"IOBus\000"
 903      7300
 904              		.section	.gnu.debuglto_.debug_line_str,"eMS",%progbits,1
 905              	.LASF55:
 906 0000 5F737464 		.ascii	"_stdint.h\000"
 906      696E742E 
 906      6800
 907              	.LASF56:
 908 000a 73746469 		.ascii	"stdint.h\000"
 908      6E742E68 
 908      00
 909              	.LASF60:
 910 0013 63686561 		.ascii	"chearly.h\000"
 910      726C792E 
 910      6800
 911              	.LASF53:
 912 001d 43686962 		.ascii	"ChibiOS/os/hal/src/hal_pal.c\000"
ARM GAS  /tmp/ccZe9BcT.s 			page 19


 912      694F532F 
 912      6F732F68 
 912      616C2F73 
 912      72632F68 
 913              	.LASF52:
 914 003a 2F686F6D 		.ascii	"/home/kocur/.rusefi-tools/arm-gnu-toolchain-11.3.re"
 914      652F6B6F 
 914      6375722F 
 914      2E727573 
 914      6566692D 
 915 006d 6C312D78 		.ascii	"l1-x86_64-arm-none-eabi/arm-none-eabi/include\000"
 915      38365F36 
 915      342D6172 
 915      6D2D6E6F 
 915      6E652D65 
 916              	.LASF61:
 917 009b 68616C5F 		.ascii	"hal_pal.c\000"
 917      70616C2E 
 917      6300
 918              	.LASF49:
 919 00a5 43686962 		.ascii	"ChibiOS/os/rt/include\000"
 919      694F532F 
 919      6F732F72 
 919      742F696E 
 919      636C7564 
 920              	.LASF48:
 921 00bb 43686962 		.ascii	"ChibiOS/os/hal/src\000"
 921      694F532F 
 921      6F732F68 
 921      616C2F73 
 921      726300
 922              	.LASF59:
 923 00ce 68616C5F 		.ascii	"hal_pal.h\000"
 923      70616C2E 
 923      6800
 924              	.LASF54:
 925 00d8 5F646566 		.ascii	"_default_types.h\000"
 925      61756C74 
 925      5F747970 
 925      65732E68 
 925      00
 926              	.LASF45:
 927 00e9 2F686F6D 		.ascii	"/home/kocur/wideband-2311-f0_addon/firmware\000"
 927      652F6B6F 
 927      6375722F 
 927      77696465 
 927      62616E64 
 928              	.LASF57:
 929 0115 73746D33 		.ascii	"stm32_gpio.h\000"
 929      325F6770 
 929      696F2E68 
 929      00
 930              	.LASF58:
 931 0122 68616C5F 		.ascii	"hal_pal_lld.h\000"
 931      70616C5F 
 931      6C6C642E 
 931      6800
ARM GAS  /tmp/ccZe9BcT.s 			page 20


 932              	.LASF47:
 933 0130 43686962 		.ascii	"ChibiOS/os/hal/ports/STM32/LLD/GPIOv2\000"
 933      694F532F 
 933      6F732F68 
 933      616C2F70 
 933      6F727473 
 934              	.LASF51:
 935 0156 2F686F6D 		.ascii	"/home/kocur/.rusefi-tools/arm-gnu-toolchain-11.3.re"
 935      652F6B6F 
 935      6375722F 
 935      2E727573 
 935      6566692D 
 936 0189 6C312D78 		.ascii	"l1-x86_64-arm-none-eabi/arm-none-eabi/include/sys\000"
 936      38365F36 
 936      342D6172 
 936      6D2D6E6F 
 936      6E652D65 
 937              	.LASF50:
 938 01bb 2F686F6D 		.ascii	"/home/kocur/.rusefi-tools/arm-gnu-toolchain-11.3.re"
 938      652F6B6F 
 938      6375722F 
 938      2E727573 
 938      6566692D 
 939 01ee 6C312D78 		.ascii	"l1-x86_64-arm-none-eabi/arm-none-eabi/include/machi"
 939      38365F36 
 939      342D6172 
 939      6D2D6E6F 
 939      6E652D65 
 940 0221 6E6500   		.ascii	"ne\000"
 941              	.LASF46:
 942 0224 43686962 		.ascii	"ChibiOS/os/hal/include\000"
 942      694F532F 
 942      6F732F68 
 942      616C2F69 
 942      6E636C75 
 943              		.text
 944              		.section	.gnu.lto_.profile.b24f1a06ce9204f5,"e",%progbits
 945 0000 789C6362 		.ascii	"x\234cb\000\001\000\000\022\000\003"
 945      00010000 
 945      120003
 946              		.text
 947              		.section	.gnu.lto_.icf.b24f1a06ce9204f5,"e",%progbits
 948 0000 789C4B60 		.ascii	"x\234K`@\0006\206\333\027\356\\a\346bb`bdb\002bf&\026"
 948      40003686 
 948      DB17EE5C 
 948      61E66262 
 948      60626462 
 949 0019 309B9989 		.ascii	"0\233\231\211\221\261\351\305\203U\214L\263\337=\275"
 949      91B1E9C5 
 949      83558C4C 
 949      B3DF3DBD 
 950 0029 C2C40513 		.ascii	"\302\304\005\023\204+deba\376=s\253\020K\377\327\311"
 950      842B6465 
 950      6261FE3D 
 950      73AB104B 
 950      FFD7C9
 951 003c 87393990 		.ascii	"\20799\220\014\000\253a}\274bs\0333\003\000\253|\022"
ARM GAS  /tmp/ccZe9BcT.s 			page 21


 951      0C00AB61 
 951      7DBC6273 
 951      1B330300 
 951      AB7C12
 952 004f 91       		.ascii	"\221"
 953              		.text
 954              		.section	.gnu.lto_.ipa_sra.b24f1a06ce9204f5,"e",%progbits
 955 0000 789C3366 		.ascii	"x\2343f@\000f\006F(\305\304\004\023cd`d\201q\030\031"
 955      40006606 
 955      4628C5C4 
 955      04136364 
 955      60648171 
 956 0016 9919C142 		.ascii	"\231\031\301B &X\212\001\000\020Q\000S"
 956      2026588A 
 956      01001051 
 956      0053
 957              		.text
 958              		.section	.gnu.lto_.inline.b24f1a06ce9204f5,"e",%progbits
 959 0000 789C9D91 		.ascii	"x\234\235\221\275\016AA\020\205\317\234\275\273\210"
 959      BD0E4141 
 959      1085CF9C 
 959      BDBB88
 960 000f 889FD07B 		.ascii	"\210\237\320{\024O\340\035\304E'\241\227l\242\241\273"
 960      144FE01D 
 960      C44527A1 
 960      976CA2A1 
 960      BB
 961 0020 954A41A3 		.ascii	"\225JA\243\324\241\365\012\032\245\304{\210\230\275"
 961      D4A1F50A 
 961      1AA5C47B 
 961      8898BD
 962 002f 4488069B 		.ascii	"D\210\006\233\331\344Lfs\276\223\331\231\340y\014PZ"
 962      D9E44C66 
 962      73BE93D9 
 962      99E0790C 
 962      505A
 963 0041 6E2E6BF6 		.ascii	"n.k\366\304b@q\243t8\244\3106\250>\235\033H\3214\000"
 963      C4624071 
 963      A37438A4 
 963      C836A83E 
 963      9D1B48D1 
 964 0057 613A1266 		.ascii	"a:\022f\240\255\315y\357\027\354\000A\354ML\020\221"
 964      A0ADCD79 
 964      EF17EC00 
 964      41EC4D4C 
 964      1091
 965 0069 4ACF1875 		.ascii	"J\317\030u\310az^\231V\226h\350\265\343\343|\3028\253"
 965      C8617A5E 
 965      99569668 
 965      E8B5E3E3 
 965      7CC238AB 
 966 007d 4DB0601E 		.ascii	"M\260`\036\250B\324\0125\205_\025\356\002\374\216|e"
 966      A842D40A 
 966      35855F15 
 966      EE02FC8E 
 966      7C65
 967 008f CB4E3ED1 		.ascii	"\313N>\321\"\0146\256\254\260\204\335\237\0230}\323"
ARM GAS  /tmp/ccZe9BcT.s 			page 22


 967      220C36AE 
 967      ACB084DD 
 967      9F13307D 
 967      D3
 968 00a0 8697B730 		.ascii	"\206\227\2670\021*\032\346d\036\233\3702\214\265\001"
 968      112A1AE6 
 968      641E9BF8 
 968      328CB501 
 969 00b0 AEC43FF6 		.ascii	"\256\304?\366\020\025\302\017$M\334\353\231\0047\357"
 969      1015C20F 
 969      244DDCEB 
 969      990437EF 
 970 00c0 1649A4   		.ascii	"\026I\244"
 971              		.text
 972              		.section	.gnu.lto_.jmpfuncs.b24f1a06ce9204f5,"e",%progbits
 973 0000 789C6D8C 		.ascii	"x\234m\214\301\011\200@\020\003wr\207(*\026j\021W\216"
 973      C1098040 
 973      10037772 
 973      87282A16 
 973      6A11578E 
 974 0014 1DE8D7C2 		.ascii	"\035\350\327\302\204u\025Q8\014\344\2210\311b\237\222"
 974      84751551 
 974      380CE491 
 974      30C9629F 
 974      92
 975 0025 014528A9 		.ascii	"\001E(\2513\366\214\205\017w\237P3C\330\257$A\012\256"
 975      33F68C85 
 975      0F779F50 
 975      3343D8AF 
 975      24410AAE 
 976 0039 A80DB4AF 		.ascii	"\250\015\264\257QV\330\310\017\204\206\306^\344\336"
 976      5156D8C8 
 976      0F8486C6 
 976      5EE4DE
 977 0048 5B9D73A1 		.ascii	"[\235s\241\256\342x\374?\266\023\341\203,\366"
 977      AEE278FC 
 977      3FB613E1 
 977      832CF6
 978              		.text
 979              		.section	.gnu.lto_.pureconst.b24f1a06ce9204f5,"e",%progbits
 980 0000 789CE362 		.ascii	"x\234\343b```f\230\305\3024\213\205e&\013\000\012\004"
 980      60606066 
 980      98C5C234 
 980      8B856526 
 980      0B000A04 
 981 0014 01ED     		.ascii	"\001\355"
 982              		.text
 983              		.section	.gnu.lto_.ipa_modref.b24f1a06ce9204f5,"e",%progbits
 984 0000 789C5BC7 		.ascii	"x\234[\307\200\000\314\014\214b\012\002\002\014LL|\014"
 984      8000CC0C 
 984      8C620A02 
 984      020C4C4C 
 984      7C0C
 985 0012 CC4CEC0C 		.ascii	"\314L\354\014\214@x\200AA\201\211\037\314\004\261\004"
 985      8C407880 
 985      41418189 
 985      1FCC04B1 
ARM GAS  /tmp/ccZe9BcT.s 			page 23


 985      04
 986 0023 C02C0520 		.ascii	"\300,\005 K\220\201\221I\010\310\004\252g\000\352\020"
 986      4B908191 
 986      4908C804 
 986      AA6700EA 
 986      10
 987 0034 00B318D1 		.ascii	"\000\263\030\321u\"\324\303\315\200\250\003i\027\006"
 987      7522D4C3 
 987      CD80A803 
 987      691706
 988 0043 F25998C4 		.ascii	"\362Y\230\304\345\261\352\304b'\330\256\236\216\025"
 988      E5B1EAC4 
 988      6227D8AE 
 988      9E8E15
 989 0052 0D071675 		.ascii	"\015\007\026up0\000\000db\014\316"
 989      70300000 
 989      64620CCE 
 990              		.text
 991              		.section	.gnu.lto_.lto.b24f1a06ce9204f5,"e",%progbits
 992 0000 0B000300 		.ascii	"\013\000\003\000\001\000\000\000"
 992      01000000 
 993              		.text
 994              		.section	.gnu.lto_palReadBus.158.b24f1a06ce9204f5,"e",%progbits
 995 0000 789C6D51 		.ascii	"x\234mQMh\023Q\020\236\231\367v\223\262\032\017\305"
 995      4D681351 
 995      109E99F7 
 995      7693B21A 
 995      0FC5
 996 0012 8B2004BD 		.ascii	"\213 \004\275\232\256\211\222\263\220\263\210\024\021"
 996      9AAE8992 
 996      B390B388 
 996      1411
 997 0020 911236D9 		.ascii	"\221\0226\331\264\011m\263\232P\212\226\222\3276V\032"
 997      B4096DB3 
 997      9A508A96 
 997      92D73656 
 997      1A
 998 0031 4159455A 		.ascii	"AYEZ\213(\275\210B\301\213`i\265\204V\212\"\376\342"
 998      8B28BD88 
 998      42C18B60 
 998      69B58456 
 998      8A22FEE2 
 999 0045 55C14205 		.ascii	"U\301B\005A\364\246B\324:o\223\306C\205\367\336\314"
 999      41F4A642 
 999      D43A6F93 
 999      C64385F7 
 999      DECC
 1000 0057 BCF9BEE1 		.ascii	"\274\371\276\341\373\230=\004\340\002@\017_4\001\257"
 1000      FB983D04 
 1000      E002400F 
 1000      5F3401AF 
 1001 0067 FA3502A5 		.ascii	"\3725\002\245\324\221\020Q\325\277D\270\204\237\276"
 1001      D4911051 
 1001      D5BF44B8 
 1001      849FBE
 1002 0076 5EB3E484 		.ascii	"^\263\344\204\037\231\365\277\034\226\202\177-\356G"
 1002      1F99F5BF 
ARM GAS  /tmp/ccZe9BcT.s 			page 24


 1002      1C96827F 
 1002      2DEE47
 1003 0085 E5053F12 		.ascii	"\345\005?\022D\211\327\333\034\003\307\374\332\267\231"
 1003      4489D7DB 
 1003      1C03C7FC 
 1003      DAB799
 1004 0094 079269C1 		.ascii	"\007\222i\301\007B\205\2044\260\202s\302@\263\02397"
 1004      07428584 
 1004      34B08273 
 1004      C240B313 
 1004      3937
 1005 00a6 7763D4AE 		.ascii	"wc\324\256+\365sczj5t\363n]V`t\001\037\"K\000\003\303"
 1005      2BF57363 
 1005      7A6A3574 
 1005      F36E5D56 
 1005      6074011F 
 1006 00bf 4721C6DD 		.ascii	"G!\306\335\327/\027\224\352\200\221El\365\210\216\277"
 1006      D72F1794 
 1006      EA809145 
 1006      6CF5888E 
 1006      BF
 1007 00d0 33002C80 		.ascii	"3\000,\200Q\255\225\017\211\373o\215\272\372\265yE\251"
 1007      51AD950F 
 1007      89FB6F8D 
 1007      BAFAB579 
 1007      45A9
 1008 00e2 F71B7879 		.ascii	"\367\033xy\377\016\004\222\004d\010 Srnp4\371\206\021"
 1008      FF0E0492 
 1008      04640820 
 1008      53726E70 
 1008      34F98611 
 1009 00f6 17D102F6 		.ascii	"\027\321\002\366\012\267\204\226\252$\252:\300mA\315"
 1009      0AB78496 
 1009      AA24AA3A 
 1009      C06D41CD 
 1010 0106 628C8B1F 		.ascii	"b\214\213\037\244\326\247\327P\307}\315\347;U?\247D"
 1010      A4D6A7D7 
 1010      50C77DCD 
 1010      E73B553F 
 1010      A744
 1011 0118 D81C09A4 		.ascii	"\330\034\011\244i\270x3\365\361\216\320p\331\240\361"
 1011      69B87833 
 1011      F5F18ED0 
 1011      70D9A0F1 
 1012 0128 E50E8106 		.ascii	"\345\016\201\006\316k\253\341\263\305\307\010\311*g"
 1012      CE6BABE1 
 1012      B3C5C708 
 1012      C92A67
 1013 0137 DE320E32 		.ascii	"\3362\0162\230\311\037R\002M\017w\265\310\362\306\322"
 1013      98C91F52 
 1013      024D0F77 
 1013      B5C8F2C6 
 1013      D2
 1014 0148 AB79D264 		.ascii	"\253y\322d#\030\377\233\252Q\250!\365\027\264o\263\017"
 1014      2318FF9B 
 1014      AA51A821 
 1014      F517B46F 
ARM GAS  /tmp/ccZe9BcT.s 			page 25


 1014      B30F
 1015 015a F9AD713C 		.ascii	"\371\255q<\007z\250\314\255\342\012r\177\222g\366=\301"
 1015      077AA8CC 
 1015      ADE20A72 
 1015      7F9267F6 
 1015      3DC1
 1016 016c 47489160 		.ascii	"GH\221`\214\321\226\034\332\222\272>k\202\326so\247"
 1016      8CD1961C 
 1016      DA92BA3E 
 1016      6B82D673 
 1016      6FA7
 1017 017e A0ED829C 		.ascii	"\240\355\202\2345L3\263A+,X\257\241\007a\013u\372\374"
 1017      354C33B3 
 1017      412B2C58 
 1017      AFA10761 
 1017      0B75FAFC 
 1018 0192 5346CD71 		.ascii	"SF\315qv\352\031\236\014P\332\226\374\217\255\347\201"
 1018      76EA199E 
 1018      0C50DA96 
 1018      FC8FADE7 
 1018      81
 1019 01a3 AD064DFC 		.ascii	"\255\006M\374\231Da\010!d\013ln\007\237x\201\335M\360"
 1019      99446108 
 1019      21640B6C 
 1019      6E079F78 
 1019      81DD4DF0 
 1020 01b7 CC451416 		.ascii	"\314E\024\026\303M\330\244\361\250\260 \330\001\376"
 1020      C34DD8A4 
 1020      F1A8B020 
 1020      D801FE
 1021 01c6 DB01C001 		.ascii	"\333\001\300\001;\357\015\346\354~/;T\262\207\013n."
 1021      3BEF0DE6 
 1021      EC7E2F3B 
 1021      54B2870B 
 1021      6E2E
 1022 01d8 E314DD58 		.ascii	"\343\024\335X\342P<\036\353=\230v\\\327+\332\275\205"
 1022      E2503C1E 
 1022      EB3D9876 
 1022      5CD72BDA 
 1022      BD85
 1023 01ea D2E0B053 		.ascii	"\322\340\260S\312\301\336T\276\220)\034\353\266\275"
 1023      CAC1DE54 
 1023      BE90291C 
 1023      EBB6BD
 1024 01f9 B29D7706 		.ascii	"\262\235w\006\354r)\253c\372\2143\320\225\005\221\031"
 1024      EC7229AB 
 1024      63FA8C33 
 1024      D0950591 
 1024      19
 1025 020a 2A77B6CB 		.ascii	"*w\266\313\256d2\347f\343\211\004\374\005\203\204\315"
 1025      AE6432E7 
 1025      66E38904 
 1025      FC058384 
 1025      CD
 1026 021b FB       		.ascii	"\373"
 1027              		.text
 1028              		.section	.gnu.lto_palWriteBus.159.b24f1a06ce9204f5,"e",%progbits
ARM GAS  /tmp/ccZe9BcT.s 			page 26


 1029 0000 789C6D52 		.ascii	"x\234mR]HTA\024>g\346\316\335\275\256\270\222\364\024"
 1029      5D485441 
 1029      143E67E6 
 1029      CEDDBDAE 
 1029      B892F414 
 1030 0014 C1D26BE9 		.ascii	"\301\322k\351M\213}\016\026|\023Y$\242\"d\177\256\271"
 1030      4D8B7D0E 
 1030      167C1359 
 1030      24A22264 
 1030      7FAEB9
 1031 0027 EABAB29B 		.ascii	"\352\272\262\233,\021\262\243nF\033\024\333\017\231"
 1031      2C11B2A3 
 1031      6E461B14 
 1031      DB0F99
 1032 0036 0F8A06D1 		.ascii	"\017\212\006\321\203\320\253\231\255\213B\031\021\231"
 1032      83D0AB99 
 1032      AD8B4219 
 1032      1199
 1033 0044 053D0451 		.ascii	"\005=\004QF\201\021\331S\026nl\347\316u\267\007\273"
 1033      468111D9 
 1033      53166E6C 
 1033      E7CE75B7 
 1033      07BB
 1034 0056 70EECC37 		.ascii	"p\356\3147\347;\337\234\371f6\030@/\000\234\242@\035"
 1034      E73BDF9C 
 1034      F9663618 
 1034      402F009C 
 1034      A2401D
 1035 0069 F07A3EC7 		.ascii	"\360z>\307@Jy\314\305X6\177\205\341c\374\362\375\206"
 1035      404A79CC 
 1035      C558367F 
 1035      85E163FC 
 1035      F2FD86
 1036 007c 471BCDD7 		.ascii	"G\033\315\327M\344\277\035\3258\255z(\357\323.\346\353"
 1036      4DE4BF1D 
 1036      D538AD7A 
 1036      28EFD32E 
 1036      E6EB
 1037 008e D4A8E1AD 		.ascii	"\324\250\341\255j\215\300\341|\316\240\032\205\0202"
 1037      6A8DC0E1 
 1037      7CCEA01A 
 1037      851032
 1038 009d 8C6B0233 		.ascii	"\214k\00238\315MZ\371\365\371\366\3742\312\373E\374"
 1038      38CD4D5A 
 1038      F9F5F9F6 
 1038      FC32CAFB 
 1038      45FC
 1039 00af 0A9001F5 		.ascii	"\012\220\001\365\011\324\033\2208\372^\364\011t\267"
 1039      09D41B90 
 1039      38FA5EF4 
 1039      0974B7
 1040 00be 416351CA 		.ascii	"AcQ\312\325\3059)\015\030\232\307\314C\234C\000\206"
 1040      D5C53929 
 1040      0D189AC7 
 1040      CC439C43 
 1040      0086
 1041 00d0 C1514169 		.ascii	"\301QAi\313Io\250\364\205\205j\232\005\257\012\000\217"
ARM GAS  /tmp/ccZe9BcT.s 			page 27


 1041      CB496FA8 
 1041      F485856A 
 1041      9A05AF0A 
 1041      008F
 1042 00e2 5245E2F5 		.ascii	"RE\342\365\220\356Ab\376(|\032X\221\332\371\305\012"
 1042      90EE4162 
 1042      FE287C1A 
 1042      5891DAF9 
 1042      C50A
 1043 00f4 13207857 		.ascii	"\023 xWx\240\210P@\010\316\010U\254\341\">X\023EY*_"
 1043      78A08850 
 1043      4008CE08 
 1043      55ACE122 
 1043      3E581345 
 1044 010b 93F2EDBE 		.ascii	"\223\362\355\276\315\322\246{\017\002\023\014\230\316"
 1044      CDD2A67B 
 1044      0F02130C 
 1044      98CE
 1045 0119 29340A41 		.ascii	")4\012AX\247p\321\334MaP\324\000s\325\"\316\243\027"
 1045      58A770D1 
 1045      DC4D6150 
 1045      D40073D5 
 1045      22CEA317 
 1046 012d 7101EB81 		.ascii	"q\001\353\201t\000&\271\355\205\324P\026\001\2468s\300"
 1046      740026B9 
 1046      ED85D450 
 1046      1601A638 
 1046      73C0
 1047 013f 30812D26 		.ascii	"0\201-&\327\177?A{<\340\374~\262\354F\200\327\352C\350"
 1047      D77F3F41 
 1047      7B3CE0FC 
 1047      7EB2EC46 
 1047      80D7EA43 
 1048 0154 B831C5F9 		.ascii	"\2701\305\371\253\313\037\357q\233\256m\263\221\202"
 1048      ABCB1FEF 
 1048      719BAE6D 
 1048      B39182
 1049 0163 C1E938B3 		.ascii	"\301\3518\263\266\235\356D\327\022\202?K\263\3702\332"
 1049      B69DEE44 
 1049      D712823F 
 1049      4BB3F832 
 1049      DA
 1050 0174 5746C5EF 		.ascii	"WF\305\357\003\034\3658zw\212\265;\217^\3162\273X(\371"
 1050      031CF538 
 1050      7A778AB5 
 1050      3B8F5ECE 
 1050      32BB5828 
 1051 0189 3F2CEB83 		.ascii	"?,\353\203\034\262\330Ye\264\205\364\317\321\230\006"
 1051      1CB2D859 
 1051      65B485F4 
 1051      CFD19806 
 1052 0199 5B548BAC 		.ascii	"[T\213\254\340S\244\374\030iZ\317\260\200\314\253dD"
 1052      E053A4FC 
 1052      18695ACF 
 1052      B080CCAB 
 1052      6444
 1053 01ab B56557A5 		.ascii	"\265eW\245\325\365R+\222i\324\322\304%\344\214{\301"
ARM GAS  /tmp/ccZe9BcT.s 			page 28


 1053      D5F5522B 
 1053      9269D4D2 
 1053      C425E48C 
 1053      7BC1
 1054 01bd E98EEFEE 		.ascii	"\351\216\357\356\256\3639\236!\231m6:NTz0\234\357\220"
 1054      AEF3399E 
 1054      21996D36 
 1054      3A4E547A 
 1054      309CEF90 
 1055 01d1 C57F8EF2 		.ascii	"\305\177\216\362B\035\205\310\223c\310u.\364w@F\022"
 1055      421D85C8 
 1055      9363C875 
 1055      2EF47740 
 1055      4612
 1056 01e3 2E117651 		.ascii	".\021vQ\271^Qrs\256\266U\031\203\240\260\301M\312\324"
 1056      B95E5172 
 1056      73AEB655 
 1056      1983A0B0 
 1056      C14DCAD4 
 1057 01f7 13D1A02E 		.ascii	"\023\321\240.G|t\001\274\336\261\326\331\262f\367\226"
 1057      477C7401 
 1057      BCDEB1D6 
 1057      D9B266F7 
 1057      96
 1058 0208 A757F1A4 		.ascii	"\247W\361\244\332ri\334 SN T8\307{\326l\340\237\246"
 1058      DA7269DC 
 1058      20534E20 
 1058      5438C77B 
 1058      D66CE09F 
 1059 021d 79C76B0C 		.ascii	"y\307k\014\002\250i\373\033l\003ptg\266\004\275n(\263"
 1059      02A869FB 
 1059      1B6C0370 
 1059      7467B604 
 1059      BD6E28B3 
 1060 0231 910FE556 		.ascii	"\221\017\345V\345\372$\307\177\327\015p\310\354N\304"
 1060      E5FA24C7 
 1060      7FD70D70 
 1060      C8EC4EC4 
 1061 0241 2DB33711 		.ascii	"-\2637\021\031L\232\351X\324\012\207\372\243\215-G\232"
 1061      194C9AE9 
 1061      58D40A87 
 1061      FAA38D2D 
 1061      479A
 1062 0253 9B1BBB0E 		.ascii	"\233\033\273\016w\206\242\321D\277\331\025K\306\323"
 1062      7786A2D1 
 1062      44BFD915 
 1062      4BC6D3
 1063 0262 A1A405FB 		.ascii	"\241\244\005\373\003\335\261p\254\275\303L\244\314\356"
 1063      03DDB170 
 1063      ACBDC34C 
 1063      A4CCEE
 1064 0271 509F994A 		.ascii	"P\237\231JF\354\261s \324\327\024\001\036\036L5Ta\223"
 1064      46ECB173 
 1064      20D4D714 
 1064      011E1E4C 
 1064      35546193 
 1065 0285 DF6F4523 		.ascii	"\337oE#\315--\240\205c\347R\230\376\013\250\374\005"
ARM GAS  /tmp/ccZe9BcT.s 			page 29


 1065      CD2D2DA0 
 1065      8563E752 
 1065      98FE0BA8 
 1065      FC05
 1066 0297 B8       		.ascii	"\270"
 1067              		.text
 1068              		.section	.gnu.lto_palSetBusMode.160.b24f1a06ce9204f5,"e",%progbits
 1069 0000 789C6D50 		.ascii	"x\234mPKh\023Q\024\275\347\2767\3714\022\027\245\270"
 1069      4B681351 
 1069      14BDE7BE 
 1069      37F93412 
 1069      17A5B8
 1070 0013 12826E4D 		.ascii	"\022\202nM\307D\311Z\310\302\225Hq!*\022&\311\264\031"
 1070      C744C95A 
 1070      C8C29548 
 1070      71212A12 
 1070      26C9B419 
 1071 0027 DA746A42 		.ascii	"\332tjB)\"%\257m\014\030\027\022ED\027-n\304E\301m\255"
 1071      292225AF 
 1071      6D0C1817 
 1071      12454417 
 1071      2D6EC445 
 1072 003e B50DF82F 		.ascii	"\265\015\370/\202\237\215 \370+X\250h\227*\264R\337"
 1072      829F8D20 
 1072      F82B58A8 
 1072      68972AB4 
 1072      52DF
 1073 0050 CC685CD4 		.ascii	"\314h\\\324\007\357\235w\357\271\347r\356\335\305D\016"
 1073      07EF9D77 
 1073      EFB9E772 
 1073      EEDDC544 
 1073      0E
 1074 0061 119DD417 		.ascii	"\021\235\324\027!\302\345V\223I)u(\314\\o]d\334\307"
 1074      21C2E556 
 1074      93492975 
 1074      28CC5C6F 
 1074      5D64DCC7 
 1075 0075 EAFA9598 		.ascii	"\352\372\225\230\234j\305o\264\276\036\224Bgc\232O\310"
 1075      9C6AC56F 
 1075      B4BE1E94 
 1075      4267639A 
 1075      4FC8
 1076 0087 F3ADB88F 		.ascii	"\363\255\270\217\022W;\032\003\023\255fTk\374\010Tc"
 1076      12573B1A 
 1076      0313AD66 
 1076      546BFC08 
 1076      5463
 1077 0099 210DD470 		.ascii	"!\015\324pS\230:\363\363\363\265\265\007P\267\333\370"
 1077      53983AF3 
 1077      F3F3B5B5 
 1077      0750B7DB 
 1077      F8
 1078 00aa 425423FF 		.ascii	"BT#\377\030\010uC\327\204z\2200\0209B\311\266R/\237"
 1078      18087543 
 1078      D7847A90 
 1078      30103942 
 1078      C9B6522F 
ARM GAS  /tmp/ccZe9BcT.s 			page 30


 1079 00bf CD2915A5 		.ascii	"\315)\025\245\361y\324\356b\016D\214\276%]\024\261\003"
 1079      F179D4EE 
 1079      620E448C 
 1079      BE255D14 
 1079      B103
 1080 00d1 FA834F9F 		.ascii	"\372\203O\237[\350\320\334\267,\211bAW\235\000\213;"
 1080      5BE8D0DC 
 1080      B72C8962 
 1080      41579D00 
 1080      8B3B
 1081 00e3 AF8DB6DA 		.ascii	"\257\215\266\332\334\272\244\324\267U\254\357\335\001"
 1081      DCBAA4D4 
 1081      B755ACEF 
 1081      DD01
 1082 00f1 62C9C486 		.ascii	"b\311\304\206 \016I\37574\206\201yt\001\013Z2-\274\021"
 1082      200E49FD 
 1082      37348681 
 1082      7974010B 
 1082      5A322DBC 
 1083 0106 94846A13 		.ascii	"\224\204j\023\315\010\016\202\011\035\374`\265\362\346"
 1083      CD080E82 
 1083      091DFC60 
 1083      B5F2E6
 1084 0115 093CDC13 		.ascii	"\011<\334\023<\337\271\276\226\025\341\3208\202!f\204"
 1084      3CDFB9BE 
 1084      9615E1D0 
 1084      38822166 
 1084      84
 1085 0126 7875E1D3 		.ascii	"xu\341\323-\341\225\313\015\236\\\214\012\030\230\365"
 1085      2DE195CB 
 1085      0D9E5C8C 
 1085      0A1898F5 
 1086 0136 B6103933 		.ascii	"\266\02093\262\004\312\324\365\317m\243\254\213\265"
 1086      B204CAD4 
 1086      F5CF6DA3 
 1086      AC8BB5
 1087 0145 F87D5620 		.ascii	"\370}V \344b\347\037\261\274~\357\305,{b\303o\377\213"
 1087      E462E71F 
 1087      B1BC7EEF 
 1087      C52C7B62 
 1087      C36FFF8B 
 1088 0159 EB096A82 		.ascii	"\353\011j\202\007\035\177?\003\320oS\343Y\362\232J\373"
 1088      071D7F3F 
 1088      03D06F53 
 1088      E359F29A 
 1088      4AFB
 1089 016b 111E42F3 		.ascii	"\021\036B\363\015\335s\3401\026\301q\277\215\321\261"
 1089      0DDD73E0 
 1089      3116C171 
 1089      BF8DD1B1 
 1090 017b 1CFE6B75 		.ascii	"\034\376ku\345m\230\002?\274\335\217\365\0249-\014x"
 1090      E56D9802 
 1090      3FBCDD8F 
 1090      F514392D 
 1090      0C78
 1091 018d B19D3FBD 		.ascii	"\261\235?\275\214S\035^\376g\236\347\376<\033<\265\331"
 1091      8C531D5E 
ARM GAS  /tmp/ccZe9BcT.s 			page 31


 1091      FE679EE7 
 1091      FE3C1B3C 
 1091      B5D9
 1092 019f 80308410 		.ascii	"\2000\204\020R[o\370\326O\034'\022\254\223]\334C[<\371"
 1092      525B6FF8 
 1092      D64F1C27 
 1092      12AC935D 
 1092      DC435B3C 
 1093 01b4 F1DD617F 		.ascii	"\361\335a\177\330i\201\177[&\332g\226\334\262m\016\272"
 1093      D869817F 
 1093      5B26DA67 
 1093      96DCB26D 
 1093      0EBA
 1094 01c6 85D18A39 		.ascii	"\205\321\2129\346\024\355\2745\\L\246\017\244R\311\376"
 1094      E614EDBC 
 1094      355C4CA6 
 1094      0FA452C9 
 1094      FE
 1095 01d7 FD39AB58 		.ascii	"\3759\253Xt\207\315~\247R\036\263*6\355\316\226\234"
 1095      7487CD7E 
 1095      A7521EB3 
 1095      2A36EDCE 
 1095      969C
 1096 01e9 BC73F498 		.ascii	"\274s\364\230\351V\315\2225dV+\005\017s#\326Po\201D"
 1096      E956CD92 
 1096      3564562B 
 1096      050F7323 
 1096      D6506F81 
 1097 01fe 7EB4DADD 		.ascii	"~\264\332\335\011{3\031\273XH\245\323$\313n\321\376"
 1097      097B3319 
 1097      BB5848A5 
 1097      D324CB6E 
 1097      D1FE
 1098 0210 0DE9C9CF 		.ascii	"\015\351\311\317\214"
 1098      8C
 1099              		.text
 1100              		.section	.gnu.lto_.symbol_nodes.b24f1a06ce9204f5,"e",%progbits
 1101 0000 789C3BC3 		.ascii	"x\234;\303\000\004L\363\030\353E\032\200\200\205q\302"
 1101      00044CF3 
 1101      18EB451A 
 1101      80808571 
 1101      C2
 1102 0011 3906867A 		.ascii	"9\006\206z\006\206]\015\215\214@\011\326E\214\234\015"
 1102      06865D0D 
 1102      8D8C4009 
 1102      D6458C9C 
 1102      0D
 1103 0022 4E0C0CCC 		.ascii	"N\014\014\314L\363\031\353E\261\252X\314\310\015Q\261"
 1103      4CF319EB 
 1103      45B1AA58 
 1103      CCC80D51 
 1103      B1
 1104 0033 80B15E0C 		.ascii	"\200\261^\014\253\212%\214\274`\025\214\013\031\353"
 1104      AB8A258C 
 1104      BC60158C 
 1104      0B19EB
 1105 0042 C5FF4381 		.ascii	"\305\377C\201<X\025\003\003P\003H\021\343R\306z\011"
ARM GAS  /tmp/ccZe9BcT.s 			page 32


 1105      3C581503 
 1105      03500348 
 1105      11E352C6 
 1105      7A09
 1106 0054 1C72CC0C 		.ascii	"\034r\314\014l3w\237_\303\304\330\302\306\314\204`\262"
 1106      6C33779F 
 1106      5FC3C4D8 
 1106      C2C6CC84 
 1106      60B2
 1107 0066 2031D921 		.ascii	" 1\331!\026?ag\000\000J\245?L"
 1107      163F6167 
 1107      00004AA5 
 1107      3F4C
 1108              		.text
 1109              		.section	.gnu.lto_.refs.b24f1a06ce9204f5,"e",%progbits
 1110 0000 789C1366 		.ascii	"x\234\023f```d`b\344``dbb\006\222,L\254\034\014\014"
 1110      60606064 
 1110      6062E460 
 1110      60646262 
 1110      06922C4C 
 1111 0018 00037F00 		.ascii	"\000\003\177\000D"
 1111      44
 1112              		.text
 1113              		.section	.gnu.lto_.decls.b24f1a06ce9204f5,"e",%progbits
 1114 0000 789C8D56 		.ascii	"x\234\215VkTSW\026>\347\344&\\ <\\\216\255vu\326\320"
 1114      6B545357 
 1114      163EE7E4 
 1114      265C203C 
 1114      5C8EAD76 
 1115 0017 FE81618A 		.ascii	"\376\201a\212\010\264\314\374\231\216V\234j\213\342"
 1115      08B4CCFC 
 1115      998E569C 
 1115      6A8BE2
 1116 0026 82BABA66 		.ascii	"\202\272\272f\376d\"\004\311\024\304Bh\247k\346\307"
 1116      FE642204 
 1116      C914C442 
 1116      68A76BE6 
 1116      C7
 1117 0037 09048C0E 		.ascii	"\011\004\214\016b\202\210\010Tc\264-jQ|\214\004\024"
 1117      62828808 
 1117      5463B42D 
 1117      6A517C8C 
 1117      0414
 1118 0049 B84294A0 		.ascii	"\270B\224\240\245\242B\025\251\312\313\202\202\025\037"
 1118      A5A24215 
 1118      A9CACB82 
 1118      82151F
 1119 0058 AD685566 		.ascii	"\255hUf\237{o\022\3108\235\311Z;\367\361\355\307\267"
 1119      9F7B6F12 
 1119      C8389DC9 
 1119      5A3BF7F1 
 1119      EDC7B7
 1120 006b BFB3EF3D 		.ascii	"\277\263\357=\367\257j\204\266\020\204\366`\204\246"
 1120      F7AF6A84 
 1120      B61084F6 
 1120      6084A6
 1121 007a E0C72184 		.ascii	"\340\307!\204.\202\315\003s\200\365\200\251\000\363"
ARM GAS  /tmp/ccZe9BcT.s 			page 33


 1121      2E82CD03 
 1121      7380F580 
 1121      A900F3
 1122 0089 03E3C1FC 		.ascii	"\003\343\301\374\301\376\014\367\002\340(\300\361U8"
 1122      C1FE0CF7 
 1122      02E028C0 
 1122      F15538
 1123 0098 FE1AEC75 		.ascii	"\376\032\354u\260x\2607\301\272\341\376\037\340\270"
 1123      B078B037 
 1123      C1BAE1FE 
 1123      1FE0B8
 1124 00a7 108C03EB 		.ascii	"\020\214\003\353\205\353\357\301\302\340<\016\354\367"
 1124      85EBEFC1 
 1124      C2E03C0E 
 1124      ECF7
 1125 00b5 604BC0DE 		.ascii	"`K\300\336\005[\004\265_DR.\206\367\3109Y\015%\034\303"
 1125      055B04B5 
 1125      5F44522E 
 1125      86F7C839 
 1125      590D251C 
 1126 00ca 91948FD5 		.ascii	"\221\224\217\325\353\202c\242\034\273\034l\016X\002"
 1126      EB8263A2 
 1126      1CBB1C6C 
 1126      0E5802
 1127 00d9 966A9D43 		.ascii	"\226j\235C\022?w\275gH\252\177\001\216k\240\306KH\252"
 1127      123F77BD 
 1127      6748AA7F 
 1127      018E6BA0 
 1127      C64B48AA 
 1128 00ed DD23D7BA 		.ascii	"\335#\327\272\206$\316\254N\270\\\353yuV\200\275&\327"
 1128      8624CEAC 
 1128      4EB85CEB 
 1128      79755680 
 1128      BD26D7
 1129 0100 71E7F3AD 		.ascii	"q\347\363\255\307z\233BR\335\333`\177\207z/ \251OV\317"
 1129      C77A9B42 
 1129      52DDDB60 
 1129      7F877A2F 
 1129      20A94F56 
 1130 0115 ADCBFFEA 		.ascii	"\255\313\377\352\211\351\030\341\323\223\273f\222\254"
 1130      89E918E1 
 1130      D393BB66 
 1130      92AC
 1131 0123 D73B60AA 		.ascii	"\327;`\252\331\230S\315\301a\034\271~\253\274\301o\226"
 1131      D99853CD 
 1131      C1611CB9 
 1131      7EABBCC1 
 1131      6F96
 1132 0135 40E904B5 		.ascii	"@\351\004\265\265r}\310\201\353\001o\220|x\236 U\004"
 1132      B5727DC8 
 1132      81EB016F 
 1132      907C789E 
 1132      205504
 1133 0148 66AB1A02 		.ascii	"f\253\032\002G\304\373\2417\250\370\313\237\215\232"
 1133      47C4FBA1 
 1133      37A8F8CB 
 1133      9F8D9A
ARM GAS  /tmp/ccZe9BcT.s 			page 34


 1134 0157 C1077E51 		.ascii	"\301\007~Qj~\021\342\210\243\342\262\213\013\021\363"
 1134      6A7E11E2 
 1134      88A3E2B2 
 1134      8B0B11F3 
 1135 0167 08267F29 		.ascii	"\010&\177)\215\200#Zp\023>\201\371\025\340\321Wx\250"
 1135      8D80235A 
 1135      70133E81 
 1135      F915E0D1 
 1135      5778A8
 1136 017a 04CF95C2 		.ascii	"\004\317\225\302\005)\266\015\267\260\023~\025\300="
 1136      0529B60D 
 1136      B7B0137E 
 1136      15C03D
 1137 0189 975D2521 		.ascii	"\227]%!3`'\226q\216\334\274^U\345ey\012K,O\263\211Z"
 1137      33602796 
 1137      718EDCBC 
 1137      5E55E565 
 1137      790A4B2C 
 1138 01a1 0D7077FB 		.ascii	"\015pw\373\366J\354\013\267\343\323R\027j\350\264\037"
 1138      F64AEC0B 
 1138      B7E3D352 
 1138      176AE8B4 
 1138      1F
 1139 01b2 F15948D5 		.ascii	"\361YH\325\207\344^\340\004\361\006\2104\037\377\352"
 1139      87E45EE0 
 1139      04F10688 
 1139      341FFFEA 
 1140 01c2 A69F0FED 		.ascii	"\246\237\017\355\257q\037j\301\235\370+\314\3617\306"
 1140      AF711F6A 
 1140      C19DF82B 
 1140      CCF137C6 
 1141 01d2 0E3B8323 		.ascii	"\016;\203##\347F\202\313\344\226\215w\006\337,]\277"
 1141      23E74682 
 1141      CBE4968D 
 1141      7706DF2C 
 1141      5DBF
 1142 01e4 9E5A8C0A 		.ascii	"\236Z\214\012\027n\305\027d\03610\030\010\034\3526\001"
 1142      176EC517 
 1142      641E3130 
 1142      18081CEA 
 1142      3601
 1143 01f6 166A529F 		.ascii	"\026jR\237\303g=X#\233X\004=\231\240-\016\235\301\035"
 1143      C3673D58 
 1143      239B5804 
 1143      3D99A02D 
 1143      0E9DC11D 
 1144 020a 6C39A0AF 		.ascii	"l9\240\257.|\021\237g\335\261\300\015R\340I||zR\007"
 1144      2E7C119F 
 1144      67DDB1C0 
 1144      0D52E049 
 1144      7C7C7A52 
 1145 021f 90ECC2C0 		.ascii	"\220\354\302\300r[\301\017\315\2426&\301\223\244\033"
 1145      725BC10F 
 1145      CDA23626 
 1145      C193A41B 
 1146 022f CFC802FA 		.ascii	"\317\310\002\372\016\214\334\340=\"\364\310i\276\221"
 1146      0E8CDCE0 
ARM GAS  /tmp/ccZe9BcT.s 			page 35


 1146      3D22F4C8 
 1146      69BE91
 1147 023e 3408E3E1 		.ascii	"4\010\343\341\204\357c\311,\225\275G\024!\3753Z\356"
 1147      84EF63C9 
 1147      2C95BD47 
 1147      1421FD33 
 1147      5AEE
 1148 0250 75AF14B8 		.ascii	"u\257\024\270\316\345\207\301\365\026\330\035\346~`"
 1148      CEE587C1 
 1148      F516D81D 
 1148      E67E60
 1149 025f 6CB03FC0 		.ascii	"l\260?\300G!\217;\177\027#P7\024\302\010\177\037\316"
 1149      47218F3B 
 1149      7F172350 
 1149      3714C208 
 1149      7F1FCE
 1150 0272 C3416005 		.ascii	"\303A`\005\374#\376\021\013\276\275\365Q\225\202\005"
 1150      FC23FE11 
 1150      0BBEBDF5 
 1150      51958205 
 1151 0282 8F53215F 		.ascii	"\217S!_\211\006\360 F\337\341\360\026|\003\017c>\237"
 1151      8906F020 
 1151      46DFE1F0 
 1151      167C030F 
 1151      633E9F
 1152 0295 204ED5EB 		.ascii	" N\325\353\032?\030\000\012\203\223\243\272\364\304"
 1152      1A3F1800 
 1152      0A8393A3 
 1152      BAF4C4
 1153 02a4 908AD608 		.ascii	"\220\212\326\010x\004\217\3421,\272{\325m\032*\242\241"
 1153      78048FE2 
 1153      312CBA7B 
 1153      D56D1A2A 
 1153      A2A1
 1154 02b6 F9EA113C 		.ascii	"\371\352\021<4\035\033\300nu\211<\274c\240\313M|KTE"
 1154      341D1BC0 
 1154      6E75893C 
 1154      BC63A0CB 
 1154      4D7C4B54 
 1155 02cb B5B9EDC0 		.ascii	"\265\271\355\300\203\300\310y\221\3403\321<\244\204"
 1155      83C0C879 
 1155      91E033D1 
 1155      3CA484
 1156 02da DC63B81F 		.ascii	"\334c\270\037\337\236\276r\014\022\027G\272w\033\302"
 1156      DF9EBE72 
 1156      0C121747 
 1156      BA771BC2 
 1157 02ea BFC7E3F2 		.ascii	"\277\307\343\362\322L4\356.\011\206\365\276\216\257"
 1157      D24C34EE 
 1157      2E0986F5 
 1157      BE8EAF
 1158 02f9 CD8CE248 		.ascii	"\315\214\342Hecg\215\377<\333\177\215\006QB\371F\202"
 1158      6563678D 
 1158      FF3CDB7F 
 1158      8D065142 
 1158      F94682
 1159 030c F866B056 		.ascii	"\370f\260V0\027X\027\330%\302\260\010\020N \374U\020"
ARM GAS  /tmp/ccZe9BcT.s 			page 36


 1159      30175817 
 1159      D825C2B0 
 1159      08104E20 
 1159      FC5510
 1160 031f E185F182 		.ascii	"\341\205\361\202\342\316\240H6g\322o\000\332=S \316"
 1160      E2CEA048 
 1160      3667D26F 
 1160      00DA3D53 
 1160      20CE
 1161 0331 C415FC08 		.ascii	"\304\025\374\010?\225\013_\302\342P0\364\200\033\275"
 1161      3F950B5F 
 1161      C2E25030 
 1161      F4801BBD 
 1162 0341 EF411BBD 		.ascii	"\357A\033\275h\255\033}0\003\2356\210\223\370!\334x"
 1162      68AD1B7D 
 1162      30039D36 
 1162      8893F821 
 1162      DC78
 1163 0353 0A6CF389 		.ascii	"\012l\363\211\221<\301?\341)\374\014SR@L\3441c\317\322"
 1163      913CC13F 
 1163      E129FC0C 
 1163      5352404C 
 1163      E43163CF 
 1164 0368 38DC69EE 		.ascii	"8\334i\356z\322Lx\213\034t\243\367f\240qh\027H\322\262"
 1164      7AD24C78 
 1164      8B1C74A3 
 1164      F766A071 
 1164      681748D2 
 1165 037d FB439780 		.ascii	"\373C\227\200\357\340\253\036\254O\304 p\342KI\322+"
 1165      EFE0AB1E 
 1165      AC4FC420 
 1165      70E24B49 
 1165      D22B
 1166 038f F8070F18 		.ascii	"\370\007\017\030\343\311\272\337\235\365\307\351\240"
 1166      E3C9BADF 
 1166      9DF5C7E9 
 1166      A0
 1167 039c 1858E772 		.ascii	"\030X\347rc\337\316\310*Gv\270\321\3133\004cK5:|\272"
 1167      63DFCEC8 
 1167      2A4776B8 
 1167      D1CB3304 
 1167      634B353A 
 1168 03b2 DB7FEECC 		.ascii	"\333\177\356\314\346\235\370g\272\347\310-\333\325\221"
 1168      E69DF867 
 1168      BAE7C82D 
 1168      DBD591
 1169 03c1 00CFE354 		.ascii	"\000\317\343TH\244\204E\244\205\315\365\371\223\235"
 1169      48A48445 
 1169      A485CDF5 
 1169      F9939D
 1170 03d0 9F067AC0 		.ascii	"\237\006z\300\"\031\\OX`\371C\353|\017\024!!f\0219\336"
 1170      22195C4F 
 1170      5860F943 
 1170      EB7C0F14 
 1170      21216611 
 1171 03e6 51BF4FE9 		.ascii	"Q\277O\351\233\262\035\3139\177\272f\036\010\362\240"
 1171      9BB21DCB 
ARM GAS  /tmp/ccZe9BcT.s 			page 37


 1171      397FBA66 
 1171      1E08F2A0 
 1172 03f6 EE59DB28 		.ascii	"\356Y\333(F\026^\334\332\345/>\204\302s^S0L\001\034"
 1172      46165EDC 
 1172      DAE52F3E 
 1172      84C2735E 
 1172      53304C01 
 1173 040b B1F5B50D 		.ascii	"\261\365\265\015s!T~PgK\341\233\010\212)&\340\020\010"
 1173      7321547E 
 1173      50674BE1 
 1173      9B088A29 
 1173      26E01008 
 1174 041f D37619F1 		.ascii	"\323v\031\361\203\354\221\253\031\335s\203{\005\343"
 1174      83EC91AB 
 1174      19DD7383 
 1174      7B05E3
 1175 042e 10B07C4A 		.ascii	"\020\260|J\237\374\252\224@\352Q\332jT\2407b\221\205"
 1175      9FFCAA94 
 1175      40EA51DA 
 1175      6A54A037 
 1175      629185
 1176 0441 9412D8D1 		.ascii	"\224\022\330\321\255\004\216\034\231\334u\241N\371\242"
 1176      AD048E1C 
 1176      99DC75A1 
 1176      4EF9A2
 1177 0450 24DD5F4A 		.ascii	"$\335_J\311fR\002\214\312\010\313\014\304\234\205W\216"
 1177      C9665202 
 1177      8CCA08CB 
 1177      0CC49C85 
 1177      578E
 1178 0462 88C44605 		.ascii	"\210\304F\005\337hx@6\356m\014q\207n\365\015\255\261"
 1178      DF687840 
 1178      36EE6D0C 
 1178      71876EF5 
 1178      0DADB1
 1179 0475 36ED5286 		.ascii	"6\355R\206\217\020R\016\257\016\240E\204\007\265\275"
 1179      8F10520E 
 1179      AF0EA045 
 1179      8407B5BD 
 1180 0485 3069E06F 		.ascii	"0i\340o\246\202\321\311[\354\243\264\216\322u\364\364"
 1180      A682D1C9 
 1180      5BECA3B4 
 1180      8ED275F4 
 1180      F4
 1181 0496 684565D1 		.ascii	"hEe\321\250y\226\025\310\322:3}\251\002nWV\366[\210"
 1181      A8799615 
 1181      C8D23A33 
 1181      7DA9026E 
 1181      5756F65B 
 1182 04ab 4DC17253 		.ascii	"M\301rSZ\240\246G\331\256\224A\013\212\330u\361\\[\201"
 1182      5AA0A647 
 1182      D9AE9441 
 1182      0B8AD875 
 1182      F15C5B81 
 1183 04bf B4957461 		.ascii	"\264\225ta*\024\321:Aeo\243E\0254\261\262r\324\305J"
 1183      2A14D13A 
 1183      41656FA3 
ARM GAS  /tmp/ccZe9BcT.s 			page 38


 1183      451534B1 
 1183      B272D4C5 
 1184 04d4 D0D2FEEA 		.ascii	"\320\322\376\352\365!\266\202o\315\2666:\317\006Y*\340"
 1184      F521B682 
 1184      6FCDB636 
 1184      3ACF0659 
 1184      2AE0
 1185 04e6 ED6AC546 		.ascii	"\355j\305F\0101\012\324*`\213\255zS\211\3119\2411\346"
 1185      08310AD4 
 1185      2A608BAD 
 1185      7A5389C9 
 1185      39A131E6 
 1186 04fa 9BCC34DF 		.ascii	"\233\3144\337i\016\265\300\037\265S\307,+\370[\366\010"
 1186      690EB5C0 
 1186      1FB553C7 
 1186      2C2BF85B 
 1186      F608
 1187 050c 3494DA9C 		.ascii	"4\224\332\234f\243\335i\306V\273\311l\261;).\005\237"
 1187      66A3DD69 
 1187      C656BBC9 
 1187      6CB13B29 
 1187      2E059F
 1188 051f 302BB032 		.ascii	"0+\2602\332\027Z\373\013\241\220\223\316b\321V{\202"
 1188      DA175AFB 
 1188      0BA19093 
 1188      CE62D156 
 1188      7B82
 1189 0531 11CE410C 		.ascii	"\021\316A\01436\332\251\331\222O7\314\262\330\315,\014"
 1189      3336DAA9 
 1189      D9924F37 
 1189      CCB2D8CD 
 1189      2C0C
 1190 0543 5AB39B1C 		.ascii	"Z\263\233\034\326|\201\302\211`\266\276\012U\250J\334"
 1190      D67C81C2 
 1190      8960B6BE 
 1190      0A55A84A 
 1190      DC
 1191 0554 222180D0 		.ascii	"\"!\200\3200J\027rd\360\336\375F\376\036#_s\264:\010"
 1191      304A1772 
 1191      64F0DEFD 
 1191      46FE1E23 
 1191      5F73B43A 
 1192 0569 CDB12C44 		.ascii	"\315\261,DhA(\277M\361\374\315\265\232\310\233\347\360"
 1192      684128BF 
 1192      4DF1FCCD 
 1192      B59AC89B 
 1192      E7F0
 1193 057b C014558B 		.ascii	"\300\024U\213\230 c\335\330\003\226\265\\\336\031\342"
 1193      982063DD 
 1193      D80396B5 
 1193      5CDE19E2 
 1194 058b 99BA4FE5 		.ascii	"\231\272O\345I\336!\256\320\223\213\035\207B\374\021"
 1194      49DE21AE 
 1194      D0938B1D 
 1194      8742FC11 
 1195 059b BBBC0B97 		.ascii	"\273\274\013\227\207\246\316\356\011|\231\262\2279\375"
 1195      87A6CEEE 
ARM GAS  /tmp/ccZe9BcT.s 			page 39


 1195      097C99B2 
 1195      9739FD
 1196 05aa C549F90D 		.ascii	"\305I\371\015l#h\247\350\334\343\350\257\366\213\250"
 1196      6C2368A7 
 1196      E8DCE3E8 
 1196      AFF68BA8 
 1197 05ba A8A09365 		.ascii	"\250\240\223eU\033\332\374\252\341\205\017\256\234\215"
 1197      551BDAFC 
 1197      AAE1850F 
 1197      AE9C8D
 1198 05c9 5449A550 		.ascii	"TI\245P\025A\225d;\211r*yA\201~Sf\241\023\377\0342Q"
 1198      15419564 
 1198      3B89722A 
 1198      7941817E 
 1198      5366A113 
 1199 05e1 ECA25C39 		.ascii	"\354\242\\9\261\223]\362|T\020\\N\242\256+af\2038\322"
 1199      B1935DF2 
 1199      7C54105C 
 1199      4EA2AE2B 
 1199      61668338 
 1200 05f6 30BC6B52 		.ascii	"0\274kR\345;\324\237\301P\357aC\035\014C=\001\2657\027"
 1200      E53BD49F 
 1200      C150EF61 
 1200      431D0C43 
 1200      3D01B537 
 1201 060b 8F140579 		.ascii	"\217\024\005yg\364\013\3629$\252!\314\221\355\361\255"
 1201      67F40BF2 
 1201      3924AA21 
 1201      CC91EDF1 
 1201      AD
 1202 061c 1513C1DE 		.ascii	"\025\023\301\3361\364A\2375n\273\340}\316\367\312\002"
 1202      31F4419F 
 1202      356EBBE0 
 1202      7DCEF7CA 
 1202      02
 1203 062d EC13B1FA 		.ascii	"\354\023\261\372\365\345w\375}\253\357\207\352%0\335"
 1203      F5E577FD 
 1203      7DABEF87 
 1203      EA2530DD 
 1204 063d 438FED57 		.ascii	"C\217\355W\374\274E\245\235\375K\302p\010m\256?\337"
 1204      FCBC45A5 
 1204      9DFD4BC2 
 1204      70086DAE 
 1204      3FDF
 1205 064f 4BBC457D 		.ascii	"K\274E}P\227\305X\030\024\336\241 \265\204\377F\201"
 1205      5097C558 
 1205      1814DEA1 
 1205      20B584FF 
 1205      4681
 1206 0661 F801B686 		.ascii	"\370\001\266\206gn\227\376\203\251}\0223\265\367\036"
 1206      676E97FE 
 1206      83A97D12 
 1206      33B5F71E 
 1207 0671 B40C0649 		.ascii	"\264\014\006I\342\037\202jU\246\323.\354\026\377\226"
 1207      E21F826A 
 1207      55A6D32E 
 1207      EC16FF96 
ARM GAS  /tmp/ccZe9BcT.s 			page 40


 1208 0681 B493A223 		.ascii	"\264\223\242#\004\035\026\363\235\032\357\036\343\230"
 1208      041D16F3 
 1208      9D1AEF1E 
 1208      E398
 1209 068f F8138D6D 		.ascii	"\370\023\215m\037\326\200\327\302#\244N\326\275N\326"
 1209      1FD680D7 
 1209      C223A44E 
 1209      D6BD4ED6 
 1210 069f FD11276A 		.ascii	"\375\021'j~B\326\274\0264?*\363:Hp-\211\332\256\344"
 1210      7E42D6BC 
 1210      16343F2A 
 1210      F33A4870 
 1210      2D89DAAE 
 1211 06b4 6F331E3B 		.ascii	"o3\036;\3679\276\360\375&:F\344\035\237#\326\312c\007"
 1211      F739BEF0 
 1211      FD263A46 
 1211      E41D9F23 
 1211      D6CA6307 
 1212 06c8 D4E13F2A 		.ascii	"\324\341?*\310^\302\027r\210\267p\020Sk=3\3111\266\365"
 1212      C85EC217 
 1212      7288B770 
 1212      10536B3D 
 1212      33C931B6 
 1213 06dd E2A8ECB8 		.ascii	"\342\250\354\270k\335-\223?\016\344\373\307{/\251|\311"
 1213      6BDD2D93 
 1213      3F0EE4FB 
 1213      C77B2FA9 
 1213      7CC9
 1214 06ef 37117442 		.ascii	"7\021tB$\177g\252\370\222B$\177S&\337D\032e\362\215"
 1214      247F67AA 
 1214      F8924224 
 1214      7F5326DF 
 1214      441A65F2 
 1215 0704 32F97F49 		.ascii	"2\371\177I\344\307d\362{\201|\263\274\222\015\004\327"
 1215      E4C764F2 
 1215      7B817CB3 
 1215      BC920D04 
 1215      D7
 1216 0715 93A81E8E 		.ascii	"\223\250\036\216#O\233\332o\022q)\205\377|e\337h\332"
 1216      234F9BDA 
 1216      6F127129 
 1216      85FF7C65 
 1216      DF68DA
 1217 0728 52C6FBBC 		.ascii	"R\306\373\274B\275\037\250;X\023\015\237U\233\274\243"
 1217      42BD1FA8 
 1217      3B58130D 
 1217      9F559BBC 
 1217      A3
 1218 0739 B0558E6F 		.ascii	"\260U\216o\023I>p\034\337\355\317:j\023\033l\030\032"
 1218      13493E70 
 1218      1CDFEDCF 
 1218      3A6A131B 
 1218      6C181A
 1219 074c B484F876 		.ascii	"\264\204\370vt\212 \247\350|l\342i\017t\004\237\214"
 1219      748A20A7 
 1219      E87C6CE2 
 1219      690F7404 
ARM GAS  /tmp/ccZe9BcT.s 			page 41


 1219      9F8C
 1220 075e 7543C291 		.ascii	"uC\302\221\260\223\005\266\210S\244Un\011\276\004\340"
 1220      B09305B6 
 1220      8853A455 
 1220      6E09BE04 
 1220      E0
 1221 076f AB7937C7 		.ascii	"\253y7\307w<G\270\301KM\335\201\322\020\270@\270\222"
 1221      773C47B8 
 1221      C14B4DDD 
 1221      81D210B8 
 1221      40B892
 1222 0782 BEFB9F07 		.ascii	"\276\373\237\007\260K\027\356\200\313\336\201\3416\316"
 1222      B04B17EE 
 1222      80CBDE81 
 1222      E136CE
 1223 0791 B7EA5982 		.ascii	"\267\352Y\202\316\210UK\351\303\241`V\325\361\354\273"
 1223      CE88554B 
 1223      E9C3A160 
 1223      56D5F1EC 
 1223      BB
 1224 07a2 BAA7B89A 		.ascii	"\272\247\270\232\266\222\263\244]\256\332.V-\002\225"
 1224      B692B3A4 
 1224      5DAEDA2E 
 1224      562D0295 
 1225 07b2 6C8F86A6 		.ascii	"l\217\206\246\274{\327)\271\313N1E\331\343\316\243\336"
 1225      BC7BD729 
 1225      B9CB4E31 
 1225      45D9E3CE 
 1225      A3DE
 1226 07c4 1DAA5CC6 		.ascii	"\035\252\\\306\276\226\336\327[\212G\325"
 1226      BE96DED7 
 1226      5B8A47D5 
 1227 07d0 1EAC56C6 		.ascii	"\036\254V\306\316\211\330\341\356\375\265^\354\254\214"
 1227      CE89D8E1 
 1227      EEFDB55E 
 1227      ECAC8C
 1228 07df 75B19A5C 		.ascii	"u\261\232\\\2266\367\203\227\027g\350W\353\223R\242"
 1228      9636F783 
 1228      971767E8 
 1228      57EB9352 
 1228      A2
 1229 07f0 B373A333 		.ascii	"\263s\2433\264\231\321\2719\251\354\250Y\247\315\234"
 1229      B499D1B9 
 1229      39A9ECA8 
 1229      59A7CD9C 
 1230 0800 9FCABFBD 		.ascii	"\237\312\277\275bU\330\342\230\337\242\331\236[\363"
 1230      6255D8E2 
 1230      98DFA2D9 
 1230      9E5BF3
 1231 080f E3E37569 		.ascii	"\343\343ui\2511\261\261H\255\317^\227\235c`I4\006\025"
 1231      A931B1B1 
 1231      48ADCF5E 
 1231      979D6360 
 1231      49340615 
 1232 0823 3BD5A7A9 		.ascii	";\325\247\251s\015Yq\261\2325\353\364\331\032C\200\344"
 1232      730D5971 
 1232      B19A35EB 
ARM GAS  /tmp/ccZe9BcT.s 			page 42


 1232      F4D91A43 
 1232      80E4
 1233 0835 A04F0338 		.ascii	"\240O\0038;==WgP\347\351\327\0324\351\332\\\303\357"
 1233      3B3D3D57 
 1233      6750E7E9 
 1233      D71A34E9 
 1233      DA5CC3EF 
 1234 0849 3486D7A2 		.ascii	"4\206\327\2423\262\263t\321\037d\247\346\345D\177\254"
 1234      33B2B374 
 1234      D11F64A7 
 1234      E6E5447F 
 1234      AC
 1235 085a 4FD3ADD6 		.ascii	"O\323\255\326\256M\213\212\215\213\211\211J_\240\321"
 1235      AE4D8B8A 
 1235      8D8B8989 
 1235      4A5FA0D1 
 1236 086a A6A565AF 		.ascii	"\246\245e\257\215N\327\347d}\254\315\321\241W|h\352"
 1236      8D4ED7E7 
 1236      647DACCD 
 1236      D1A1577C 
 1236      68EA
 1237 087c D7A666E6 		.ascii	"\327\246f\346\245\351<T3\220rY\322[y\271\334\242?&'"
 1237      A5E93C54 
 1237      33907259 
 1237      D25B79B9 
 1237      DCA23F26 
 1238 0891 F2AC0CD0 		.ascii	"\362\254\014\3200(\023\223\026\277\233\314\275\225\222"
 1238      30281393 
 1238      16BF9BCC 
 1238      BD9592
 1239 08a0 9C8CDFC7 		.ascii	"\234\214\337\307K\225\251\231:m\216\210\306\304k\014"
 1239      4B95A999 
 1239      3A6D8E88 
 1239      C6C46B0C 
 1240 08b0 0A6014E7 		.ascii	"\012`\024\347\223\227\021\316\215Nyoy\\ltbbB\364\333"
 1240      939711CE 
 1240      8D4E796F 
 1240      795C6C74 
 1240      626242F4 
 1241 08c5 2B97257D 		.ascii	"+\227%}\024\033\355m\013*)\222\022\222\025\313\022\222"
 1241      141BED6D 
 1241      0B2A2992 
 1241      129215CB 
 1241      1292
 1242 08d7 952B57AD 		.ascii	"\225+W\255LH\366KJY\271dIB\262*\351\275?\255\\\222\254"
 1242      4C48F64B 
 1242      4A59B964 
 1242      4942B22A 
 1242      E9BD3FAD 
 1243 08ee 5C9E94B0 		.ascii	"\\\236\224\260$\231\321X\312\245fhs\002\201]\262N\233"
 1243      2499D158 
 1243      CAA56668 
 1243      7302815D 
 1243      B24E9B
 1244 0901 06DC5080 		.ascii	"\006\334P\200F\223\236\2676U\243\231\037\253\210\211"
 1244      46939EB7 
 1244      3655A399 
ARM GAS  /tmp/ccZe9BcT.s 			page 43


 1244      1FAB8889 
 1245 0911 47FEDA9C 		.ascii	"G\376\332\234\254\217\342s\243\262P@*\224\325\375-*"
 1245      AC8FE273 
 1245      A3B25040 
 1245      2A94D5FD 
 1245      2D2A
 1246 0923 6B010AF0 		.ascii	"k\001\012\360\372\377\362\347\226\006\361\356dj\270"
 1246      FAFFF2E7 
 1246      9606F1EE 
 1246      646AB8
 1247 0932 7E3F476F 		.ascii	"~?Go\320\315,\021\0238\355>\257\317\316\312N\323i\014"
 1247      D0CD2C11 
 1247      1338ED3E 
 1247      AFCFCECA 
 1247      4ED3690C 
 1248 0946 C1703345 		.ascii	"\301p3Eg\200[\313\341z\232\373\202\240\031\210\177j"
 1248      67805BCB 
 1248      E17A9AFB 
 1248      82A01988 
 1248      7F6A
 1249 0958 46CA27B9 		.ascii	"F\312'\271K\265\231\206\260i,r\014\036\341S3@\312\314"
 1249      4BB59986 
 1249      B0692C72 
 1249      0C1EE153 
 1249      3340CACC 
 1250 096c 4F408E39 		.ascii	"O@\2169\214\220&33M\003z\256\311\311\316[\307J\275\376"
 1250      8C902633 
 1250      334D037A 
 1250      AEC9C9CE 
 1250      5BC74ABD 
 1251 0981 FF092BF7 		.ascii	"\377\011+\367\303\302!\325\277\001\335\225\204\226"
 1251      C3C221D5 
 1251      BF01DD95 
 1251      8496
 1252              		.text
 1253              		.section	.gnu.lto_.symtab.b24f1a06ce9204f5,"e",%progbits
 1254 0000 70616C52 		.ascii	"palReadBus\000"
 1254      65616442 
 1254      757300
 1255 000b 00       		.ascii	"\000"
 1256 000c 00       		.ascii	"\000"
 1257 000d 00       		.ascii	"\000"
 1258 000e 00000000 		.ascii	"\000\000\000\000\000\000\000\000"
 1258      00000000 
 1259 0016 20010000 		.ascii	" \001\000\000"
 1260 001a 70616C57 		.ascii	"palWriteBus\000"
 1260      72697465 
 1260      42757300 
 1261 0026 00       		.ascii	"\000"
 1262 0027 00       		.ascii	"\000"
 1263 0028 00       		.ascii	"\000"
 1264 0029 00000000 		.ascii	"\000\000\000\000\000\000\000\000"
 1264      00000000 
 1265 0031 33010000 		.ascii	"3\001\000\000"
 1266 0035 70616C53 		.ascii	"palSetBusMode\000"
 1266      65744275 
 1266      734D6F64 
ARM GAS  /tmp/ccZe9BcT.s 			page 44


 1266      6500
 1267 0043 00       		.ascii	"\000"
 1268 0044 00       		.ascii	"\000"
 1269 0045 00       		.ascii	"\000"
 1270 0046 00000000 		.ascii	"\000\000\000\000\000\000\000\000"
 1270      00000000 
 1271 004e 3D010000 		.ascii	"=\001\000\000"
 1272 0052 63685379 		.ascii	"chSysHalt\000"
 1272      7348616C 
 1272      7400
 1273 005c 00       		.ascii	"\000"
 1274 005d 02       		.ascii	"\002"
 1275 005e 00       		.ascii	"\000"
 1276 005f 00000000 		.ascii	"\000\000\000\000\000\000\000\000"
 1276      00000000 
 1277 0067 45010000 		.ascii	"E\001\000\000"
 1278 006b 5F70616C 		.ascii	"_pal_lld_setgroupmode\000"
 1278      5F6C6C64 
 1278      5F736574 
 1278      67726F75 
 1278      706D6F64 
 1279 0081 00       		.ascii	"\000"
 1280 0082 02       		.ascii	"\002"
 1281 0083 00       		.ascii	"\000"
 1282 0084 00000000 		.ascii	"\000\000\000\000\000\000\000\000"
 1282      00000000 
 1283 008c 4B010000 		.ascii	"K\001\000\000"
 1284              		.text
 1285              		.section	.gnu.lto_.ext_symtab.b24f1a06ce9204f5,"e",%progbits
 1286 0000 01       		.ascii	"\001"
 1287 0001 01       		.ascii	"\001"
 1288 0002 00       		.ascii	"\000"
 1289 0003 01       		.ascii	"\001"
 1290 0004 00       		.ascii	"\000"
 1291 0005 01       		.ascii	"\001"
 1292 0006 00       		.ascii	"\000"
 1293 0007 01       		.ascii	"\001"
 1294 0008 00       		.ascii	"\000"
 1295 0009 01       		.ascii	"\001"
 1296 000a 00       		.ascii	"\000"
 1297              		.text
 1298              		.section	.gnu.lto_.opts,"e",%progbits
 1299 0000 272D666E 		.ascii	"'-fno-openmp' '-fno-openacc' '-fno-pie' '-fcf-prote"
 1299      6F2D6F70 
 1299      656E6D70 
 1299      2720272D 
 1299      666E6F2D 
 1300 0033 6374696F 		.ascii	"ction=none' '-g' '-mcpu=cortex-m0' '-mthumb' '-mflo"
 1300      6E3D6E6F 
 1300      6E652720 
 1300      272D6727 
 1300      20272D6D 
 1301 0066 61742D61 		.ascii	"at-abi=soft' '-mlibarch=armv6s-m' '-march=armv6s-m'"
 1301      62693D73 
 1301      6F667427 
 1301      20272D6D 
 1301      6C696261 
ARM GAS  /tmp/ccZe9BcT.s 			page 45


 1302 0099 20272D4F 		.ascii	" '-O2' '-fomit-frame-pointer' '-falign-functions=16"
 1302      32272027 
 1302      2D666F6D 
 1302      69742D66 
 1302      72616D65 
 1303 00cc 2720272D 		.ascii	"' '-fsingle-precision-constant' '-ffunction-section"
 1303      6673696E 
 1303      676C652D 
 1303      70726563 
 1303      6973696F 
 1304 00ff 73272027 		.ascii	"s' '-fdata-sections' '-fno-common' '-flto' '-Xassem"
 1304      2D666461 
 1304      74612D73 
 1304      65637469 
 1304      6F6E7327 
 1305 0132 626C6572 		.ascii	"bler' '-alms=./build/lst/hal_pal.lst'\000"
 1305      2720272D 
 1305      616C6D73 
 1305      3D2E2F62 
 1305      75696C64 
 1306              		.text
 1307              		.comm	__gnu_lto_slim,1,1
 1308              		.ident	"GCC: (Arm GNU Toolchain 11.3.Rel1) 11.3.1 20220712"
ARM GAS  /tmp/ccZe9BcT.s 			page 46


DEFINED SYMBOLS
                            *ABS*:0000000000000000 hal_pal.c
     /tmp/ccZe9BcT.s:26     .gnu.debuglto_.debug_info:0000000000000000 hal_pal.c.66edc122
                            *COM*:0000000000000001 __gnu_lto_slim

NO UNDEFINED SYMBOLS
