ARM GAS  /tmp/ccAHdDGF.s 			page 1


   1              		.cpu cortex-m0
   2              		.arch armv6s-m
   3              		.fpu softvfp
   4              		.eabi_attribute 20, 1
   5              		.eabi_attribute 21, 1
   6              		.eabi_attribute 23, 3
   7              		.eabi_attribute 24, 1
   8              		.eabi_attribute 25, 1
   9              		.eabi_attribute 26, 1
  10              		.eabi_attribute 30, 2
  11              		.eabi_attribute 34, 0
  12              		.eabi_attribute 18, 4
  13              		.file	"hal_pal_lld.c"
  14              		.file 1 "/home/kocur/.rusefi-tools/arm-gnu-toolchain-11.3.rel1-x86_64-arm-none-eabi/arm-none-eabi/
  15              		.file 2 "/home/kocur/.rusefi-tools/arm-gnu-toolchain-11.3.rel1-x86_64-arm-none-eabi/arm-none-eabi/
  16              		.file 3 "ChibiOS/os/hal/ports/STM32/LLD/GPIOv2/stm32_gpio.h"
  17              		.file 4 "ChibiOS/os/hal/ports/STM32/LLD/GPIOv2/hal_pal_lld.h"
  18              		.file 5 "ChibiOS/os/hal/ports/STM32/LLD/GPIOv2/hal_pal_lld.c"
  19              		.section	.gnu.debuglto_.debug_info,"e",%progbits
  20              	.Ldebug_info0:
  21              		.hidden	hal_pal_lld.c.3444ed74
  22              		.weak	hal_pal_lld.c.3444ed74
  23              	hal_pal_lld.c.3444ed74:
  24 0000 44020000 		.4byte	0x244
  25 0004 0500     		.2byte	0x5
  26 0006 01       		.byte	0x1
  27 0007 04       		.byte	0x4
  28 0008 00000000 		.4byte	.Ldebug_abbrev0
  29 000c 0B       		.uleb128 0xb
  30 000d 84010000 		.4byte	.LASF38
  31 0011 1D       		.byte	0x1d
  32 0012 A0000000 		.4byte	.LASF39
  33 0016 D4000000 		.4byte	.LASF40
  34 001a 00000000 		.4byte	.Ldebug_line0
  35 001e 0C       		.uleb128 0xc
  36 001f 04       		.byte	0x4
  37 0020 05       		.byte	0x5
  38 0021 696E7400 		.ascii	"int\000"
  39 0025 01       		.uleb128 0x1
  40 0026 04       		.byte	0x4
  41 0027 07       		.byte	0x7
  42 0028 3B010000 		.4byte	.LASF0
  43 002c 01       		.uleb128 0x1
  44 002d 08       		.byte	0x8
  45 002e 05       		.byte	0x5
  46 002f 00000000 		.4byte	.LASF1
  47 0033 01       		.uleb128 0x1
  48 0034 08       		.byte	0x8
  49 0035 04       		.byte	0x4
  50 0036 6A010000 		.4byte	.LASF2
  51 003a 01       		.uleb128 0x1
  52 003b 01       		.byte	0x1
  53 003c 06       		.byte	0x6
  54 003d 91020000 		.4byte	.LASF3
  55 0041 01       		.uleb128 0x1
  56 0042 01       		.byte	0x1
  57 0043 08       		.byte	0x8
ARM GAS  /tmp/ccAHdDGF.s 			page 2


  58 0044 63000000 		.4byte	.LASF4
  59 0048 01       		.uleb128 0x1
  60 0049 02       		.byte	0x2
  61 004a 05       		.byte	0x5
  62 004b 3C000000 		.4byte	.LASF5
  63 004f 03       		.uleb128 0x3
  64 0050 00010000 		.4byte	.LASF8
  65 0054 01       		.byte	0x1
  66 0055 39       		.byte	0x39
  67 0056 19       		.byte	0x19
  68 0057 5B000000 		.4byte	0x5b
  69 005b 01       		.uleb128 0x1
  70 005c 02       		.byte	0x2
  71 005d 07       		.byte	0x7
  72 005e 88000000 		.4byte	.LASF6
  73 0062 01       		.uleb128 0x1
  74 0063 04       		.byte	0x4
  75 0064 05       		.byte	0x5
  76 0065 82020000 		.4byte	.LASF7
  77 0069 03       		.uleb128 0x3
  78 006a 14010000 		.4byte	.LASF9
  79 006e 01       		.byte	0x1
  80 006f 4F       		.byte	0x4f
  81 0070 19       		.byte	0x19
  82 0071 75000000 		.4byte	0x75
  83 0075 01       		.uleb128 0x1
  84 0076 04       		.byte	0x4
  85 0077 07       		.byte	0x7
  86 0078 76000000 		.4byte	.LASF10
  87 007c 01       		.uleb128 0x1
  88 007d 08       		.byte	0x8
  89 007e 07       		.byte	0x7
  90 007f A3020000 		.4byte	.LASF11
  91 0083 03       		.uleb128 0x3
  92 0084 70020000 		.4byte	.LASF12
  93 0088 02       		.byte	0x2
  94 0089 24       		.byte	0x24
  95 008a 14       		.byte	0x14
  96 008b 4F000000 		.4byte	0x4f
  97 008f 03       		.uleb128 0x3
  98 0090 79020000 		.4byte	.LASF13
  99 0094 02       		.byte	0x2
 100 0095 30       		.byte	0x30
 101 0096 14       		.byte	0x14
 102 0097 69000000 		.4byte	0x69
 103 009b 08       		.uleb128 0x8
 104 009c 8F000000 		.4byte	0x8f
 105 00a0 01       		.uleb128 0x1
 106 00a1 01       		.byte	0x1
 107 00a2 08       		.byte	0x8
 108 00a3 4D010000 		.4byte	.LASF14
 109 00a7 01       		.uleb128 0x1
 110 00a8 01       		.byte	0x1
 111 00a9 02       		.byte	0x2
 112 00aa 9D020000 		.4byte	.LASF15
 113 00ae 09       		.uleb128 0x9
 114 00af 04       		.byte	0x4
ARM GAS  /tmp/ccAHdDGF.s 			page 3


 115 00b0 5B       		.byte	0x5b
 116 00b1 05       		.byte	0x5
 117 00b2 CE000000 		.4byte	0xce
 118 00b6 06       		.uleb128 0x6
 119 00b7 73657400 		.ascii	"set\000"
 120 00bb 5C       		.byte	0x5c
 121 00bc 83000000 		.4byte	0x83
 122 00c0 00       		.byte	0
 123 00c1 02       		.uleb128 0x2
 124 00c2 16000000 		.4byte	.LASF16
 125 00c6 5D       		.byte	0x5d
 126 00c7 19       		.byte	0x19
 127 00c8 83000000 		.4byte	0x83
 128 00cc 02       		.byte	0x2
 129 00cd 00       		.byte	0
 130 00ce 0D       		.uleb128 0xd
 131 00cf 04       		.byte	0x4
 132 00d0 03       		.byte	0x3
 133 00d1 59       		.byte	0x59
 134 00d2 0C       		.byte	0xc
 135 00d3 EA000000 		.4byte	0xea
 136 00d7 0A       		.uleb128 0xa
 137 00d8 5700     		.ascii	"W\000"
 138 00da 5A       		.byte	0x5a
 139 00db 19       		.byte	0x19
 140 00dc 8F000000 		.4byte	0x8f
 141 00e0 0A       		.uleb128 0xa
 142 00e1 4800     		.ascii	"H\000"
 143 00e3 5E       		.byte	0x5e
 144 00e4 07       		.byte	0x7
 145 00e5 AE000000 		.4byte	0xae
 146 00e9 00       		.byte	0
 147 00ea 08       		.uleb128 0x8
 148 00eb CE000000 		.4byte	0xce
 149 00ef 09       		.uleb128 0x9
 150 00f0 28       		.byte	0x28
 151 00f1 51       		.byte	0x51
 152 00f2 09       		.byte	0x9
 153 00f3 6E010000 		.4byte	0x16e
 154 00f7 02       		.uleb128 0x2
 155 00f8 1C000000 		.4byte	.LASF17
 156 00fc 53       		.byte	0x53
 157 00fd 19       		.byte	0x19
 158 00fe 9B000000 		.4byte	0x9b
 159 0102 00       		.byte	0
 160 0103 02       		.uleb128 0x2
 161 0104 35000000 		.4byte	.LASF18
 162 0108 54       		.byte	0x54
 163 0109 19       		.byte	0x19
 164 010a 9B000000 		.4byte	0x9b
 165 010e 04       		.byte	0x4
 166 010f 02       		.uleb128 0x2
 167 0110 0E000000 		.4byte	.LASF19
 168 0114 55       		.byte	0x55
 169 0115 19       		.byte	0x19
 170 0116 9B000000 		.4byte	0x9b
 171 011a 08       		.byte	0x8
ARM GAS  /tmp/ccAHdDGF.s 			page 4


 172 011b 02       		.uleb128 0x2
 173 011c 76010000 		.4byte	.LASF20
 174 0120 56       		.byte	0x56
 175 0121 19       		.byte	0x19
 176 0122 9B000000 		.4byte	0x9b
 177 0126 0C       		.byte	0xc
 178 0127 06       		.uleb128 0x6
 179 0128 49445200 		.ascii	"IDR\000"
 180 012c 57       		.byte	0x57
 181 012d 9B000000 		.4byte	0x9b
 182 0131 10       		.byte	0x10
 183 0132 06       		.uleb128 0x6
 184 0133 4F445200 		.ascii	"ODR\000"
 185 0137 58       		.byte	0x58
 186 0138 9B000000 		.4byte	0x9b
 187 013c 14       		.byte	0x14
 188 013d 02       		.uleb128 0x2
 189 013e 30000000 		.4byte	.LASF21
 190 0142 5F       		.byte	0x5f
 191 0143 05       		.byte	0x5
 192 0144 EA000000 		.4byte	0xea
 193 0148 18       		.byte	0x18
 194 0149 02       		.uleb128 0x2
 195 014a 57010000 		.4byte	.LASF22
 196 014e 60       		.byte	0x60
 197 014f 19       		.byte	0x19
 198 0150 9B000000 		.4byte	0x9b
 199 0154 1C       		.byte	0x1c
 200 0155 02       		.uleb128 0x2
 201 0156 9B000000 		.4byte	.LASF23
 202 015a 61       		.byte	0x61
 203 015b 19       		.byte	0x19
 204 015c 9B000000 		.4byte	0x9b
 205 0160 20       		.byte	0x20
 206 0161 02       		.uleb128 0x2
 207 0162 71000000 		.4byte	.LASF24
 208 0166 62       		.byte	0x62
 209 0167 19       		.byte	0x19
 210 0168 9B000000 		.4byte	0x9b
 211 016c 24       		.byte	0x24
 212 016d 00       		.byte	0
 213 016e 03       		.uleb128 0x3
 214 016f 5D010000 		.4byte	.LASF25
 215 0173 03       		.byte	0x3
 216 0174 63       		.byte	0x63
 217 0175 03       		.byte	0x3
 218 0176 EF000000 		.4byte	0xef
 219 017a 03       		.uleb128 0x3
 220 017b 4D000000 		.4byte	.LASF26
 221 017f 04       		.byte	0x4
 222 0180 C2       		.byte	0xc2
 223 0181 12       		.byte	0x12
 224 0182 8F000000 		.4byte	0x8f
 225 0186 03       		.uleb128 0x3
 226 0187 5A000000 		.4byte	.LASF27
 227 018b 04       		.byte	0x4
 228 018c C7       		.byte	0xc7
ARM GAS  /tmp/ccAHdDGF.s 			page 5


 229 018d 12       		.byte	0x12
 230 018e 8F000000 		.4byte	0x8f
 231 0192 03       		.uleb128 0x3
 232 0193 65020000 		.4byte	.LASF28
 233 0197 04       		.byte	0x4
 234 0198 D9       		.byte	0xd9
 235 0199 18       		.byte	0x18
 236 019a 9E010000 		.4byte	0x19e
 237 019e 0E       		.uleb128 0xe
 238 019f 04       		.byte	0x4
 239 01a0 6E010000 		.4byte	0x16e
 240 01a4 0F       		.uleb128 0xf
 241 01a5 25010000 		.4byte	.LASF41
 242 01a9 05       		.byte	0x5
 243 01aa 59       		.byte	0x59
 244 01ab 06       		.byte	0x6
 245 01ac 3F020000 		.4byte	0x23f
 246 01b0 07       		.uleb128 0x7
 247 01b1 60020000 		.4byte	.LASF29
 248 01b5 59       		.byte	0x59
 249 01b6 27       		.byte	0x27
 250 01b7 92010000 		.4byte	0x192
 251 01bb 07       		.uleb128 0x7
 252 01bc 5B020000 		.4byte	.LASF30
 253 01c0 5A       		.byte	0x5a
 254 01c1 29       		.byte	0x29
 255 01c2 7A010000 		.4byte	0x17a
 256 01c6 07       		.uleb128 0x7
 257 01c7 52010000 		.4byte	.LASF31
 258 01cb 5B       		.byte	0x5b
 259 01cc 25       		.byte	0x25
 260 01cd 86010000 		.4byte	0x186
 261 01d1 04       		.uleb128 0x4
 262 01d2 8B020000 		.4byte	.LASF32
 263 01d6 5D       		.byte	0x5d
 264 01d7 0C       		.byte	0xc
 265 01d8 8F000000 		.4byte	0x8f
 266 01dc 04       		.uleb128 0x4
 267 01dd 46000000 		.4byte	.LASF33
 268 01e1 5E       		.byte	0x5e
 269 01e2 0C       		.byte	0xc
 270 01e3 8F000000 		.4byte	0x8f
 271 01e7 04       		.uleb128 0x4
 272 01e8 7C010000 		.4byte	.LASF34
 273 01ec 5F       		.byte	0x5f
 274 01ed 0C       		.byte	0xc
 275 01ee 8F000000 		.4byte	0x8f
 276 01f2 04       		.uleb128 0x4
 277 01f3 1F010000 		.4byte	.LASF35
 278 01f7 60       		.byte	0x60
 279 01f8 0C       		.byte	0xc
 280 01f9 8F000000 		.4byte	0x8f
 281 01fd 04       		.uleb128 0x4
 282 01fe 48010000 		.4byte	.LASF36
 283 0202 61       		.byte	0x61
 284 0203 0C       		.byte	0xc
 285 0204 8F000000 		.4byte	0x8f
ARM GAS  /tmp/ccAHdDGF.s 			page 6


 286 0208 05       		.uleb128 0x5
 287 0209 62697400 		.ascii	"bit\000"
 288 020d 62       		.byte	0x62
 289 020e 0C       		.byte	0xc
 290 020f 8F000000 		.4byte	0x8f
 291 0213 10       		.uleb128 0x10
 292 0214 04       		.uleb128 0x4
 293 0215 0B010000 		.4byte	.LASF37
 294 0219 65       		.byte	0x65
 295 021a 10       		.byte	0x10
 296 021b 8F000000 		.4byte	0x8f
 297 021f 05       		.uleb128 0x5
 298 0220 6D3100   		.ascii	"m1\000"
 299 0223 65       		.byte	0x65
 300 0224 1A       		.byte	0x1a
 301 0225 8F000000 		.4byte	0x8f
 302 0229 05       		.uleb128 0x5
 303 022a 6D3200   		.ascii	"m2\000"
 304 022d 65       		.byte	0x65
 305 022e 1E       		.byte	0x1e
 306 022f 8F000000 		.4byte	0x8f
 307 0233 05       		.uleb128 0x5
 308 0234 6D3400   		.ascii	"m4\000"
 309 0237 65       		.byte	0x65
 310 0238 22       		.byte	0x22
 311 0239 8F000000 		.4byte	0x8f
 312 023d 00       		.byte	0
 313 023e 00       		.byte	0
 314 023f 11       		.uleb128 0x11
 315 0240 22000000 		.4byte	.LASF42
 316 0244 05       		.byte	0x5
 317 0245 41       		.byte	0x41
 318 0246 06       		.byte	0x6
 319 0247 00       		.byte	0
 320              		.section	.gnu.debuglto_.debug_abbrev,"e",%progbits
 321              	.Ldebug_abbrev0:
 322 0000 01       		.uleb128 0x1
 323 0001 24       		.uleb128 0x24
 324 0002 00       		.byte	0
 325 0003 0B       		.uleb128 0xb
 326 0004 0B       		.uleb128 0xb
 327 0005 3E       		.uleb128 0x3e
 328 0006 0B       		.uleb128 0xb
 329 0007 03       		.uleb128 0x3
 330 0008 0E       		.uleb128 0xe
 331 0009 00       		.byte	0
 332 000a 00       		.byte	0
 333 000b 02       		.uleb128 0x2
 334 000c 0D       		.uleb128 0xd
 335 000d 00       		.byte	0
 336 000e 03       		.uleb128 0x3
 337 000f 0E       		.uleb128 0xe
 338 0010 3A       		.uleb128 0x3a
 339 0011 21       		.uleb128 0x21
 340 0012 03       		.sleb128 3
 341 0013 3B       		.uleb128 0x3b
 342 0014 0B       		.uleb128 0xb
ARM GAS  /tmp/ccAHdDGF.s 			page 7


 343 0015 39       		.uleb128 0x39
 344 0016 0B       		.uleb128 0xb
 345 0017 49       		.uleb128 0x49
 346 0018 13       		.uleb128 0x13
 347 0019 38       		.uleb128 0x38
 348 001a 0B       		.uleb128 0xb
 349 001b 00       		.byte	0
 350 001c 00       		.byte	0
 351 001d 03       		.uleb128 0x3
 352 001e 16       		.uleb128 0x16
 353 001f 00       		.byte	0
 354 0020 03       		.uleb128 0x3
 355 0021 0E       		.uleb128 0xe
 356 0022 3A       		.uleb128 0x3a
 357 0023 0B       		.uleb128 0xb
 358 0024 3B       		.uleb128 0x3b
 359 0025 0B       		.uleb128 0xb
 360 0026 39       		.uleb128 0x39
 361 0027 0B       		.uleb128 0xb
 362 0028 49       		.uleb128 0x49
 363 0029 13       		.uleb128 0x13
 364 002a 00       		.byte	0
 365 002b 00       		.byte	0
 366 002c 04       		.uleb128 0x4
 367 002d 34       		.uleb128 0x34
 368 002e 00       		.byte	0
 369 002f 03       		.uleb128 0x3
 370 0030 0E       		.uleb128 0xe
 371 0031 3A       		.uleb128 0x3a
 372 0032 21       		.uleb128 0x21
 373 0033 05       		.sleb128 5
 374 0034 3B       		.uleb128 0x3b
 375 0035 0B       		.uleb128 0xb
 376 0036 39       		.uleb128 0x39
 377 0037 0B       		.uleb128 0xb
 378 0038 49       		.uleb128 0x49
 379 0039 13       		.uleb128 0x13
 380 003a 00       		.byte	0
 381 003b 00       		.byte	0
 382 003c 05       		.uleb128 0x5
 383 003d 34       		.uleb128 0x34
 384 003e 00       		.byte	0
 385 003f 03       		.uleb128 0x3
 386 0040 08       		.uleb128 0x8
 387 0041 3A       		.uleb128 0x3a
 388 0042 21       		.uleb128 0x21
 389 0043 05       		.sleb128 5
 390 0044 3B       		.uleb128 0x3b
 391 0045 0B       		.uleb128 0xb
 392 0046 39       		.uleb128 0x39
 393 0047 0B       		.uleb128 0xb
 394 0048 49       		.uleb128 0x49
 395 0049 13       		.uleb128 0x13
 396 004a 00       		.byte	0
 397 004b 00       		.byte	0
 398 004c 06       		.uleb128 0x6
 399 004d 0D       		.uleb128 0xd
ARM GAS  /tmp/ccAHdDGF.s 			page 8


 400 004e 00       		.byte	0
 401 004f 03       		.uleb128 0x3
 402 0050 08       		.uleb128 0x8
 403 0051 3A       		.uleb128 0x3a
 404 0052 21       		.uleb128 0x21
 405 0053 03       		.sleb128 3
 406 0054 3B       		.uleb128 0x3b
 407 0055 0B       		.uleb128 0xb
 408 0056 39       		.uleb128 0x39
 409 0057 21       		.uleb128 0x21
 410 0058 19       		.sleb128 25
 411 0059 49       		.uleb128 0x49
 412 005a 13       		.uleb128 0x13
 413 005b 38       		.uleb128 0x38
 414 005c 0B       		.uleb128 0xb
 415 005d 00       		.byte	0
 416 005e 00       		.byte	0
 417 005f 07       		.uleb128 0x7
 418 0060 05       		.uleb128 0x5
 419 0061 00       		.byte	0
 420 0062 03       		.uleb128 0x3
 421 0063 0E       		.uleb128 0xe
 422 0064 3A       		.uleb128 0x3a
 423 0065 21       		.uleb128 0x21
 424 0066 05       		.sleb128 5
 425 0067 3B       		.uleb128 0x3b
 426 0068 0B       		.uleb128 0xb
 427 0069 39       		.uleb128 0x39
 428 006a 0B       		.uleb128 0xb
 429 006b 49       		.uleb128 0x49
 430 006c 13       		.uleb128 0x13
 431 006d 00       		.byte	0
 432 006e 00       		.byte	0
 433 006f 08       		.uleb128 0x8
 434 0070 35       		.uleb128 0x35
 435 0071 00       		.byte	0
 436 0072 49       		.uleb128 0x49
 437 0073 13       		.uleb128 0x13
 438 0074 00       		.byte	0
 439 0075 00       		.byte	0
 440 0076 09       		.uleb128 0x9
 441 0077 13       		.uleb128 0x13
 442 0078 01       		.byte	0x1
 443 0079 0B       		.uleb128 0xb
 444 007a 0B       		.uleb128 0xb
 445 007b 3A       		.uleb128 0x3a
 446 007c 21       		.uleb128 0x21
 447 007d 03       		.sleb128 3
 448 007e 3B       		.uleb128 0x3b
 449 007f 0B       		.uleb128 0xb
 450 0080 39       		.uleb128 0x39
 451 0081 0B       		.uleb128 0xb
 452 0082 01       		.uleb128 0x1
 453 0083 13       		.uleb128 0x13
 454 0084 00       		.byte	0
 455 0085 00       		.byte	0
 456 0086 0A       		.uleb128 0xa
ARM GAS  /tmp/ccAHdDGF.s 			page 9


 457 0087 0D       		.uleb128 0xd
 458 0088 00       		.byte	0
 459 0089 03       		.uleb128 0x3
 460 008a 08       		.uleb128 0x8
 461 008b 3A       		.uleb128 0x3a
 462 008c 21       		.uleb128 0x21
 463 008d 03       		.sleb128 3
 464 008e 3B       		.uleb128 0x3b
 465 008f 0B       		.uleb128 0xb
 466 0090 39       		.uleb128 0x39
 467 0091 0B       		.uleb128 0xb
 468 0092 49       		.uleb128 0x49
 469 0093 13       		.uleb128 0x13
 470 0094 00       		.byte	0
 471 0095 00       		.byte	0
 472 0096 0B       		.uleb128 0xb
 473 0097 11       		.uleb128 0x11
 474 0098 01       		.byte	0x1
 475 0099 25       		.uleb128 0x25
 476 009a 0E       		.uleb128 0xe
 477 009b 13       		.uleb128 0x13
 478 009c 0B       		.uleb128 0xb
 479 009d 03       		.uleb128 0x3
 480 009e 0E       		.uleb128 0xe
 481 009f 1B       		.uleb128 0x1b
 482 00a0 0E       		.uleb128 0xe
 483 00a1 10       		.uleb128 0x10
 484 00a2 17       		.uleb128 0x17
 485 00a3 00       		.byte	0
 486 00a4 00       		.byte	0
 487 00a5 0C       		.uleb128 0xc
 488 00a6 24       		.uleb128 0x24
 489 00a7 00       		.byte	0
 490 00a8 0B       		.uleb128 0xb
 491 00a9 0B       		.uleb128 0xb
 492 00aa 3E       		.uleb128 0x3e
 493 00ab 0B       		.uleb128 0xb
 494 00ac 03       		.uleb128 0x3
 495 00ad 08       		.uleb128 0x8
 496 00ae 00       		.byte	0
 497 00af 00       		.byte	0
 498 00b0 0D       		.uleb128 0xd
 499 00b1 17       		.uleb128 0x17
 500 00b2 01       		.byte	0x1
 501 00b3 0B       		.uleb128 0xb
 502 00b4 0B       		.uleb128 0xb
 503 00b5 3A       		.uleb128 0x3a
 504 00b6 0B       		.uleb128 0xb
 505 00b7 3B       		.uleb128 0x3b
 506 00b8 0B       		.uleb128 0xb
 507 00b9 39       		.uleb128 0x39
 508 00ba 0B       		.uleb128 0xb
 509 00bb 01       		.uleb128 0x1
 510 00bc 13       		.uleb128 0x13
 511 00bd 00       		.byte	0
 512 00be 00       		.byte	0
 513 00bf 0E       		.uleb128 0xe
ARM GAS  /tmp/ccAHdDGF.s 			page 10


 514 00c0 0F       		.uleb128 0xf
 515 00c1 00       		.byte	0
 516 00c2 0B       		.uleb128 0xb
 517 00c3 0B       		.uleb128 0xb
 518 00c4 49       		.uleb128 0x49
 519 00c5 13       		.uleb128 0x13
 520 00c6 00       		.byte	0
 521 00c7 00       		.byte	0
 522 00c8 0F       		.uleb128 0xf
 523 00c9 2E       		.uleb128 0x2e
 524 00ca 01       		.byte	0x1
 525 00cb 3F       		.uleb128 0x3f
 526 00cc 19       		.uleb128 0x19
 527 00cd 03       		.uleb128 0x3
 528 00ce 0E       		.uleb128 0xe
 529 00cf 3A       		.uleb128 0x3a
 530 00d0 0B       		.uleb128 0xb
 531 00d1 3B       		.uleb128 0x3b
 532 00d2 0B       		.uleb128 0xb
 533 00d3 39       		.uleb128 0x39
 534 00d4 0B       		.uleb128 0xb
 535 00d5 27       		.uleb128 0x27
 536 00d6 19       		.uleb128 0x19
 537 00d7 01       		.uleb128 0x1
 538 00d8 13       		.uleb128 0x13
 539 00d9 00       		.byte	0
 540 00da 00       		.byte	0
 541 00db 10       		.uleb128 0x10
 542 00dc 0B       		.uleb128 0xb
 543 00dd 01       		.byte	0x1
 544 00de 00       		.byte	0
 545 00df 00       		.byte	0
 546 00e0 11       		.uleb128 0x11
 547 00e1 2E       		.uleb128 0x2e
 548 00e2 00       		.byte	0
 549 00e3 3F       		.uleb128 0x3f
 550 00e4 19       		.uleb128 0x19
 551 00e5 03       		.uleb128 0x3
 552 00e6 0E       		.uleb128 0xe
 553 00e7 3A       		.uleb128 0x3a
 554 00e8 0B       		.uleb128 0xb
 555 00e9 3B       		.uleb128 0x3b
 556 00ea 0B       		.uleb128 0xb
 557 00eb 39       		.uleb128 0x39
 558 00ec 0B       		.uleb128 0xb
 559 00ed 27       		.uleb128 0x27
 560 00ee 19       		.uleb128 0x19
 561 00ef 00       		.byte	0
 562 00f0 00       		.byte	0
 563 00f1 00       		.byte	0
 564              		.section	.gnu.debuglto_.debug_line,"e",%progbits
 565              	.Ldebug_line0:
 566 0000 52000000 		.4byte	.LELT0-.LSLT0
 567              	.LSLT0:
 568 0004 0500     		.2byte	0x5
 569 0006 04       		.byte	0x4
 570 0007 00       		.byte	0
ARM GAS  /tmp/ccAHdDGF.s 			page 11


 571 0008 4A000000 		.4byte	.LELTP0-.LASLTP0
 572              	.LASLTP0:
 573 000c 01       		.byte	0x1
 574 000d 01       		.byte	0x1
 575 000e 01       		.byte	0x1
 576 000f F6       		.byte	0xf6
 577 0010 F2       		.byte	0xf2
 578 0011 0D       		.byte	0xd
 579 0012 00       		.byte	0
 580 0013 01       		.byte	0x1
 581 0014 01       		.byte	0x1
 582 0015 01       		.byte	0x1
 583 0016 01       		.byte	0x1
 584 0017 00       		.byte	0
 585 0018 00       		.byte	0
 586 0019 00       		.byte	0
 587 001a 01       		.byte	0x1
 588 001b 00       		.byte	0
 589 001c 00       		.byte	0
 590 001d 01       		.byte	0x1
 591 001e 01       		.byte	0x1
 592 001f 01       		.uleb128 0x1
 593 0020 1F       		.uleb128 0x1f
 594 0021 04       		.uleb128 0x4
 595 0022 42000000 		.4byte	.LASF43
 596 0026 6E000000 		.4byte	.LASF44
 597 002a 18010000 		.4byte	.LASF45
 598 002e A2000000 		.4byte	.LASF46
 599 0032 02       		.byte	0x2
 600 0033 01       		.uleb128 0x1
 601 0034 1F       		.uleb128 0x1f
 602 0035 02       		.uleb128 0x2
 603 0036 0B       		.uleb128 0xb
 604 0037 06       		.uleb128 0x6
 605 0038 00000000 		.4byte	.LASF47
 606 003c 00       		.byte	0
 607 003d 07010000 		.4byte	.LASF48
 608 0041 02       		.byte	0x2
 609 0042 81010000 		.4byte	.LASF49
 610 0046 03       		.byte	0x3
 611 0047 8B010000 		.4byte	.LASF50
 612 004b 01       		.byte	0x1
 613 004c 34000000 		.4byte	.LASF51
 614 0050 01       		.byte	0x1
 615 0051 94000000 		.4byte	.LASF52
 616 0055 01       		.byte	0x1
 617              	.LELTP0:
 618              	.LELT0:
 619              		.section	.gnu.debuglto_.debug_str,"eMS",%progbits,1
 620              	.LASF1:
 621 0000 6C6F6E67 		.ascii	"long long int\000"
 621      206C6F6E 
 621      6720696E 
 621      7400
 622              	.LASF19:
 623 000e 4F535045 		.ascii	"OSPEEDR\000"
 623      45445200 
ARM GAS  /tmp/ccAHdDGF.s 			page 12


 624              	.LASF16:
 625 0016 636C6561 		.ascii	"clear\000"
 625      7200
 626              	.LASF17:
 627 001c 4D4F4445 		.ascii	"MODER\000"
 627      5200
 628              	.LASF42:
 629 0022 5F70616C 		.ascii	"_pal_lld_init\000"
 629      5F6C6C64 
 629      5F696E69 
 629      7400
 630              	.LASF21:
 631 0030 42535252 		.ascii	"BSRR\000"
 631      00
 632              	.LASF18:
 633 0035 4F545950 		.ascii	"OTYPER\000"
 633      455200
 634              	.LASF5:
 635 003c 73686F72 		.ascii	"short int\000"
 635      7420696E 
 635      7400
 636              	.LASF33:
 637 0046 6F747970 		.ascii	"otyper\000"
 637      657200
 638              	.LASF26:
 639 004d 696F706F 		.ascii	"ioportmask_t\000"
 639      72746D61 
 639      736B5F74 
 639      00
 640              	.LASF27:
 641 005a 696F6D6F 		.ascii	"iomode_t\000"
 641      64655F74 
 641      00
 642              	.LASF4:
 643 0063 756E7369 		.ascii	"unsigned char\000"
 643      676E6564 
 643      20636861 
 643      7200
 644              	.LASF24:
 645 0071 41465248 		.ascii	"AFRH\000"
 645      00
 646              	.LASF10:
 647 0076 6C6F6E67 		.ascii	"long unsigned int\000"
 647      20756E73 
 647      69676E65 
 647      6420696E 
 647      7400
 648              	.LASF6:
 649 0088 73686F72 		.ascii	"short unsigned int\000"
 649      7420756E 
 649      7369676E 
 649      65642069 
 649      6E7400
 650              	.LASF23:
 651 009b 4146524C 		.ascii	"AFRL\000"
 651      00
 652              	.LASF39:
ARM GAS  /tmp/ccAHdDGF.s 			page 13


 653 00a0 43686962 		.ascii	"ChibiOS/os/hal/ports/STM32/LLD/GPIOv2/hal_pal_lld.c"
 653      694F532F 
 653      6F732F68 
 653      616C2F70 
 653      6F727473 
 654 00d3 00       		.ascii	"\000"
 655              	.LASF40:
 656 00d4 2F686F6D 		.ascii	"/home/kocur/wideband-2311-f0_addon/firmware\000"
 656      652F6B6F 
 656      6375722F 
 656      77696465 
 656      62616E64 
 657              	.LASF8:
 658 0100 5F5F7569 		.ascii	"__uint16_t\000"
 658      6E743136 
 658      5F7400
 659              	.LASF37:
 660 010b 616C7472 		.ascii	"altrmask\000"
 660      6D61736B 
 660      00
 661              	.LASF9:
 662 0114 5F5F7569 		.ascii	"__uint32_t\000"
 662      6E743332 
 662      5F7400
 663              	.LASF35:
 664 011f 70757064 		.ascii	"pupdr\000"
 664      7200
 665              	.LASF41:
 666 0125 5F70616C 		.ascii	"_pal_lld_setgroupmode\000"
 666      5F6C6C64 
 666      5F736574 
 666      67726F75 
 666      706D6F64 
 667              	.LASF0:
 668 013b 756E7369 		.ascii	"unsigned int\000"
 668      676E6564 
 668      20696E74 
 668      00
 669              	.LASF36:
 670 0148 616C7472 		.ascii	"altr\000"
 670      00
 671              	.LASF14:
 672 014d 63686172 		.ascii	"char\000"
 672      00
 673              	.LASF31:
 674 0152 6D6F6465 		.ascii	"mode\000"
 674      00
 675              	.LASF22:
 676 0157 4C4F434B 		.ascii	"LOCKR\000"
 676      5200
 677              	.LASF25:
 678 015d 73746D33 		.ascii	"stm32_gpio_t\000"
 678      325F6770 
 678      696F5F74 
 678      00
 679              	.LASF2:
 680 016a 6C6F6E67 		.ascii	"long double\000"
ARM GAS  /tmp/ccAHdDGF.s 			page 14


 680      20646F75 
 680      626C6500 
 681              	.LASF20:
 682 0176 50555044 		.ascii	"PUPDR\000"
 682      5200
 683              	.LASF34:
 684 017c 6F737065 		.ascii	"ospeedr\000"
 684      65647200 
 685              	.LASF38:
 686 0184 474E5520 		.ascii	"GNU C17 11.3.1 20220712 -mcpu=cortex-m0 -mthumb -mf"
 686      43313720 
 686      31312E33 
 686      2E312032 
 686      30323230 
 687 01b7 6C6F6174 		.ascii	"loat-abi=soft -march=armv6s-m -ggdb -O2 -fomit-fram"
 687      2D616269 
 687      3D736F66 
 687      74202D6D 
 687      61726368 
 688 01ea 652D706F 		.ascii	"e-pointer -falign-functions=16 -fsingle-precision-c"
 688      696E7465 
 688      72202D66 
 688      616C6967 
 688      6E2D6675 
 689 021d 6F6E7374 		.ascii	"onstant -ffunction-sections -fdata-sections -fno-co"
 689      616E7420 
 689      2D666675 
 689      6E637469 
 689      6F6E2D73 
 690 0250 6D6D6F6E 		.ascii	"mmon -flto\000"
 690      202D666C 
 690      746F00
 691              	.LASF30:
 692 025b 6D61736B 		.ascii	"mask\000"
 692      00
 693              	.LASF29:
 694 0260 706F7274 		.ascii	"port\000"
 694      00
 695              	.LASF28:
 696 0265 696F706F 		.ascii	"ioportid_t\000"
 696      72746964 
 696      5F7400
 697              	.LASF12:
 698 0270 75696E74 		.ascii	"uint16_t\000"
 698      31365F74 
 698      00
 699              	.LASF13:
 700 0279 75696E74 		.ascii	"uint32_t\000"
 700      33325F74 
 700      00
 701              	.LASF7:
 702 0282 6C6F6E67 		.ascii	"long int\000"
 702      20696E74 
 702      00
 703              	.LASF32:
 704 028b 6D6F6465 		.ascii	"moder\000"
 704      7200
ARM GAS  /tmp/ccAHdDGF.s 			page 15


 705              	.LASF3:
 706 0291 7369676E 		.ascii	"signed char\000"
 706      65642063 
 706      68617200 
 707              	.LASF15:
 708 029d 5F426F6F 		.ascii	"_Bool\000"
 708      6C00
 709              	.LASF11:
 710 02a3 6C6F6E67 		.ascii	"long long unsigned int\000"
 710      206C6F6E 
 710      6720756E 
 710      7369676E 
 710      65642069 
 711              		.section	.gnu.debuglto_.debug_line_str,"eMS",%progbits,1
 712              	.LASF47:
 713 0000 43686962 		.ascii	"ChibiOS/os/hal/ports/STM32/LLD/GPIOv2/hal_pal_lld.c"
 713      694F532F 
 713      6F732F68 
 713      616C2F70 
 713      6F727473 
 714 0033 00       		.ascii	"\000"
 715              	.LASF51:
 716 0034 68616C5F 		.ascii	"hal_pal_lld.h\000"
 716      70616C5F 
 716      6C6C642E 
 716      6800
 717              	.LASF43:
 718 0042 2F686F6D 		.ascii	"/home/kocur/wideband-2311-f0_addon/firmware\000"
 718      652F6B6F 
 718      6375722F 
 718      77696465 
 718      62616E64 
 719              	.LASF44:
 720 006e 43686962 		.ascii	"ChibiOS/os/hal/ports/STM32/LLD/GPIOv2\000"
 720      694F532F 
 720      6F732F68 
 720      616C2F70 
 720      6F727473 
 721              	.LASF52:
 722 0094 68616C5F 		.ascii	"hal_pal_lld.c\000"
 722      70616C5F 
 722      6C6C642E 
 722      6300
 723              	.LASF46:
 724 00a2 2F686F6D 		.ascii	"/home/kocur/.rusefi-tools/arm-gnu-toolchain-11.3.re"
 724      652F6B6F 
 724      6375722F 
 724      2E727573 
 724      6566692D 
 725 00d5 6C312D78 		.ascii	"l1-x86_64-arm-none-eabi/arm-none-eabi/include/sys\000"
 725      38365F36 
 725      342D6172 
 725      6D2D6E6F 
 725      6E652D65 
 726              	.LASF48:
 727 0107 5F646566 		.ascii	"_default_types.h\000"
 727      61756C74 
ARM GAS  /tmp/ccAHdDGF.s 			page 16


 727      5F747970 
 727      65732E68 
 727      00
 728              	.LASF45:
 729 0118 2F686F6D 		.ascii	"/home/kocur/.rusefi-tools/arm-gnu-toolchain-11.3.re"
 729      652F6B6F 
 729      6375722F 
 729      2E727573 
 729      6566692D 
 730 014b 6C312D78 		.ascii	"l1-x86_64-arm-none-eabi/arm-none-eabi/include/machi"
 730      38365F36 
 730      342D6172 
 730      6D2D6E6F 
 730      6E652D65 
 731 017e 6E6500   		.ascii	"ne\000"
 732              	.LASF49:
 733 0181 5F737464 		.ascii	"_stdint.h\000"
 733      696E742E 
 733      6800
 734              	.LASF50:
 735 018b 73746D33 		.ascii	"stm32_gpio.h\000"
 735      325F6770 
 735      696F2E68 
 735      00
 736              		.text
 737              		.section	.gnu.lto_.profile.65728281cf9e213d,"e",%progbits
 738 0000 789C6362 		.ascii	"x\234cb\000\001\000\000\022\000\003"
 738      00010000 
 738      120003
 739              		.text
 740              		.section	.gnu.lto_.icf.65728281cf9e213d,"e",%progbits
 741 0000 789C8B60 		.ascii	"x\234\213`@\000&\206U\267\357/gg`\234\377\356\334I\026"
 741      40002686 
 741      55B7EF2F 
 741      6767609C 
 741      FFEEDC49 
 742 0015 15260626 		.ascii	"\025&\006&Fj`\006\0003G\007\024"
 742      466A6006 
 742      00334707 
 742      14
 743              		.text
 744              		.section	.gnu.lto_.ipa_sra.65728281cf9e213d,"e",%progbits
 745 0000 789C1361 		.ascii	"x\234\023a@\000&\006\006FFf$\001\006F\006\000\003\030"
 745      40002606 
 745      06464666 
 745      24010646 
 745      06000318 
 746 0014 001D     		.ascii	"\000\035"
 747              		.text
 748              		.section	.gnu.lto_.inline.65728281cf9e213d,"e",%progbits
 749 0000 789C458E 		.ascii	"x\234E\2161\012\0021\020E\377\374\0111\205\205\225\305"
 749      310A0231 
 749      1045FFFC 
 749      09318585 
 749      95C5
 750 0012 9EC03378 		.ascii	"\236\3003x\236u\027\264\322\003\210\202\335\036\300"
 750      9E7517B4 
ARM GAS  /tmp/ccAHdDGF.s 			page 17


 750      D2038882 
 750      DD1EC0
 751 0021 5204ED44 		.ascii	"R\004\355D\254\024\002\226\333X\0109\202V\226\026\036"
 751      AC140296 
 751      DB580839 
 751      82569616 
 751      1E
 752 0032 C0C4147E 		.ascii	"\300\304\024~\246x<\230\231\177\300?\004t\021\303R\022"
 752      A6783C98 
 752      997FC03F 
 752      047411C3 
 752      5212
 753 0044 2F23CE01 		.ascii	"/#\316\001\233\025\223\002\004w<_\355\212\023QNI;\020"
 753      9B159302 
 753      04773C5F 
 753      ED8A1351 
 753      4E493B10 
 754 0058 424A2A22 		.ascii	"BJ*\")g\244\234%\013\271\010\205i\2533\334\370\360\340"
 754      2967A49C 
 754      250BB908 
 754      8569AB33 
 754      DCF8F0E0 
 755 006c 18E8BEDB 		.ascii	"\030\350\276\333\343G\253t\254\277_\373-k\364\362\007"
 755      E347AB74 
 755      ACBF5FFB 
 755      2D6BF4F2 
 755      07
 756 007d 1D39224E 		.ascii	"\0359\"N\021\371\244\265\203Cq\013\315U+\003\003\273"
 756      11F9A4B5 
 756      8343710B 
 756      CD552B03 
 756      03BB
 757 008f F3A1D1D2 		.ascii	"\363\241\321\322\020\346W\003_\366\331&\220"
 757      10E65703 
 757      5FF6D926 
 757      90
 758              		.text
 759              		.section	.gnu.lto_.jmpfuncs.65728281cf9e213d,"e",%progbits
 760 0000 789C1361 		.ascii	"x\234\023a@\000& fdfddd\257gb\254gb\251gbb\000\000\016"
 760      40002620 
 760      66646664 
 760      6464AF67 
 760      62AC6762 
 761 001b 2801AF   		.ascii	"(\001\257"
 762              		.text
 763              		.section	.gnu.lto_.pureconst.65728281cf9e213d,"e",%progbits
 764 0000 789C6367 		.ascii	"x\234cg```bh`a\234\305\002\000\0041\001-"
 764      60606062 
 764      6860619C 
 764      C5020004 
 764      31012D
 765              		.text
 766              		.section	.gnu.lto_.ipa_modref.65728281cf9e213d,"e",%progbits
 767 0000 789C2B62 		.ascii	"x\234+b@\000FFf\001\006\006\005\001\001\006F&V fc`c"
 767      40004646 
 767      66010606 
 767      05010106 
ARM GAS  /tmp/ccAHdDGF.s 			page 18


 767      46265620 
 768 0018 60645050 		.ascii	"`dPPP\000\222\007\030\300\324\003\010\325\300\004\246"
 768      50009207 
 768      18C0D403 
 768      08D5C004 
 768      A6
 769 0029 16402890 		.ascii	"\026@(\220\022r410\000\000*\026\012\012"
 769      12723431 
 769      3000002A 
 769      160A0A
 770              		.text
 771              		.section	.gnu.lto_.lto.65728281cf9e213d,"e",%progbits
 772 0000 0B000300 		.ascii	"\013\000\003\000\001\000\000\000"
 772      01000000 
 773              		.text
 774              		.section	.gnu.lto__pal_lld_init.158.65728281cf9e213d,"e",%progbits
 775 0000 789CCB67 		.ascii	"x\234\313g``H\006be fdf`\2344\261\213\211\241\241\241"
 775      60604806 
 775      62652066 
 775      6466609C 
 775      34B18B89 
 776 0017 C1819D89 		.ascii	"\301\201\235\211\261qb\027'\343vF0\217\221\241\236\211"
 776      B1716217 
 776      27E37646 
 776      308F91A1 
 776      9E89
 777 0029 B19E7121 		.ascii	"\261\236q!\263>\220\373\343\351\364\316\303\214\015"
 777      B33E90FB 
 777      E3E9F4CE 
 777      C38C0D
 778 0038 2B0E30BE 		.ascii	"+\0160\276b`\250g\200\002n\010\233\021\210\327_b=\320"
 778      6260A867 
 778      80026E08 
 778      9B1188D7 
 778      5F623DD0 
 779 004c F0E77F7F 		.ascii	"\360\347\177\177C\303\325\307\214\263\224\231\030\030"
 779      43C3D5C7 
 779      8CB39499 
 779      1818
 780 005a E631834C 		.ascii	"\3461\203Lm`al8\300\3000\237\231\011\302i\004r\2763"
 780      6D60616C 
 780      38C0C030 
 780      9F9909C2 
 780      690472BE 
 781 006f 352831FC 		.ascii	"5(1\374gjR\000\0332\217\231\021\241\216\201AG?#?7U?"
 781      676A5200 
 781      1B328F99 
 781      11A18E81 
 781      41473F23 
 782 0087 3B3FB9B4 		.ascii	";?\271\264H\277<3%5)1/E\327\310\330\320P7\315 >1%%?"
 782      48BF3C33 
 782      25352931 
 782      2F45D7C8 
 782      D8D05037 
 783 00a2 4F3F2DB3 		.ascii	"O?-\263(\267<\261(\225\301\3049#3)\323?X?\277X?#1G\277"
 783      28B73CB1 
 783      2895C1C4 
ARM GAS  /tmp/ccAHdDGF.s 			page 19


 783      39233329 
 783      D33F583F 
 784 00bd 20BFA8A4 		.ascii	" \277\250\244X?8\304\327\330H\337\307\307E\337=\300"
 784      583F38C4 
 784      D7D848DF 
 784      C7C745DF 
 784      3DC0
 785 00cf D3BFCC08 		.ascii	"\323\277\314\010$\025_\000\30499)z\311\014\000\003Y"
 785      24155F00 
 785      C4393929 
 785      7AC90C00 
 785      0359
 786 00e1 4C0C     		.ascii	"L\014"
 787              		.text
 788              		.section	.gnu.lto__pal_lld_setgroupmode.159.65728281cf9e213d,"e",%progbits
 789 0000 789C7D57 		.ascii	"x\234}WmL\224W\026\276\347\236w>\230\201A\353g\325\""
 789      6D4C9457 
 789      16BEE79E 
 789      773E9881 
 789      41EB67D5 
 790 0015 58B57E00 		.ascii	"X\265~\000\003H\004mc\351\356&\233& \260\335\377]ph"
 790      0348046D 
 790      63E9EE26 
 790      9B2620B0 
 790      DDFF5D70 
 791 002a 9D0A851D 		.ascii	"\235\012\205\035\351\222\246\351:\370\301llR\031qk\265"
 791      E992A6E9 
 791      3AF8C16C 
 791      6C521971 
 791      6BB5
 792 003c 16DA9A6C 		.ascii	"\026\332\232l0\331\264\226\246\251\237,\013\302X\272"
 792      30D9B496 
 792      A6A99F2C 
 792      0BC258BA 
 793 004c 5611ADBB 		.ascii	"V\021\255\273Qk\326\015\261v\027c\314\242]\025\335\347"
 793      516BD60D 
 793      B1761763 
 793      CCA25D15 
 793      DDE7
 794 005e DE77E69D 		.ascii	"\336w\346\235\227\204@\3620\367p\236s\236s\317\275\334"
 794      978440F2 
 794      30F7709E 
 794      739E73CF 
 794      BDDC
 795 0070 0399A942 		.ascii	"\003\231\251B\364\010!\356\001\224.hwt\247\024\341p"
 795      F40821EE 
 795      01942E68 
 795      7774A714 
 795      E170
 796 0082 B8C425A9 		.ascii	"\270\304%\251-\352\321+\226\333\243\357H\372\206`e\032"
 796      2DEAD12B 
 796      96DBA3EF 
 796      48FA8660 
 796      651A
 797 0094 075AAF67 		.ascii	"\007Z\257g\321\005sm\310\035Q\357\177\016\376s\226\261"
 797      D105736D 
 797      C81D51EF 
ARM GAS  /tmp/ccAHdDGF.s 			page 20


 797      7F0EFE73 
 797      96B1
 798 00a6 AFF53AED 		.ascii	"\257\365:\355\271\322\276\302p\310\226\250W;#Q\237\376"
 798      B9D2BEC2 
 798      70C896A8 
 798      573B2351 
 798      9FFE
 799 00b8 74D2FBBB 		.ascii	"t\322\373\273?!\235\311\245\226Yf~7\035\300\332\314"
 799      3F219DC9 
 799      A5965966 
 799      7E371DC0 
 799      DACC
 800 00ca 54E24A91 		.ascii	"T\342J\221\373[\273\314\244\037 \225^x\024\303t{5\331"
 800      FB5BBBCC 
 800      A41F2095 
 800      5E7814C3 
 800      747B35D9 
 801 00de 0C4C951F 		.ascii	"\014L\225\037\266ve\241\234Ow\355p\031\355`\237\277"
 801      B67665A1 
 801      9C4F77ED 
 801      7019ED60 
 801      9FBF
 802 00f0 7DBFD848 		.ascii	"}\277\330H\243\346\350\316k\235>\315\361Q\333\347;o"
 802      A3E6E8CE 
 802      6B9D3ECD 
 802      F151DBE7 
 802      3B6F
 803 0102 1CC8D306 		.ascii	"\034\310\323\006\211-\222\015\207\323\345N\361xS\323"
 803      892D920D 
 803      87D3E54E 
 803      F17853D3 
 804 0112 7C045324 		.ascii	"|\004S$\277>f?h?\215\354=\332G\341\316\036\372Q\210"
 804      BF3E663F 
 804      683F8DEC 
 804      3DDA47E1 
 804      CE1EFA51 
 805 0127 2DA6C741 		.ascii	"-\246\307A\316\031d\340\373,\312t\220; rz\302\341sg"
 805      CE1964E0 
 805      FB2CCA74 
 805      903B2072 
 805      7AC2E173 
 806 013c 8F84C329 		.ascii	"\217\204\303)\342\355c\264\345(\035!!$\005\0173\334"
 806      E2ED63B4 
 806      E5281D21 
 806      2124050F 
 806      33DC
 807 014e CDA4FDB7 		.ascii	"\315\244\375\267\217\035|\317\327Jo\235\260\3742x\\"
 807      8F1D7CCF 
 807      D74A6F9D 
 807      B0FC3278 
 807      5C
 808 015f F95BE2FE 		.ascii	"\371[\342\376\343\007\333\340\177\263\333\362sp\200"
 808      E307DBE0 
 808      7FB3DBF2 
 808      737080
 809 016e 9598FB1D 		.ascii	"\225\230\373\035\302\367\225\2123\270-\342kmv7\365$"
 809      C2F7958A 
ARM GAS  /tmp/ccAHdDGF.s 			page 21


 809      33B82DE2 
 809      6B6D7637 
 809      F524
 810 0180 484204FF 		.ascii	"HB\004\377\200J\334\273\022\224\303_o\213\204\247m\317"
 810      804ADCBB 
 810      1294C35F 
 810      6F8B84A7 
 810      6DCF
 811 0192 6CEAB551 		.ascii	"l\352\265Q\306\225\316\036\213r:N9e\243\334Q\224\375"
 811      C695CE1E 
 811      8B723A4E 
 811      3965A3DC 
 811      5194FD
 812 01a5 16E52F71 		.ascii	"\026\345/q\312\200\215rCQ>\261(\335q\312i\033\345\212"
 812      CA808D72 
 812      43513EB1 
 812      28DD71CA 
 812      691BE58A 
 813 01b9 A21CB228 		.ascii	"\242\034\262('\343\224A\033e\210\275\342\033\372\232"
 813      27E39441 
 813      1B6588BD 
 813      E21BFA9A 
 814 01c9 62D44F7D 		.ascii	"b\324O}\364WRM%D}fm\362L\337n\275\3113\266\250/\324"
 814      F457524D 
 814      25447D66 
 814      6DF24CDF 
 814      6EBDC933 
 815 01e1 26BB1294 		.ascii	"&\273\022\224s\335\252\327\231Mgm\214C\212\361\245\305"
 815      73DDAAD7 
 815      994D676D 
 815      8C438AF1 
 815      A5C5
 816 01f3 38663286 		.ascii	"8f2\206l\214\016\3058b1:M\306\260\215\261\307\360\212"
 816      6C8C0EC5 
 816      3862313A 
 816      4DC6B08D 
 816      B1C7F08A 
 817 0207 0B749ECE 		.ascii	"\013t\236\316\321\267$\376F\"\330f\300\341\241A\242"
 817      D1B724FE 
 817      4622D866 
 817      C0E1A141 
 817      A2
 818 0218 D3440344 		.ascii	"\323D\003D\247\210z\211z\210\206\211\206\210\316\022"
 818      A7887A89 
 818      7A888689 
 818      8688CE12 
 819 0228 9DA1CFCE 		.ascii	"\235\241\317\316;z\302\017\037\357\012\207\257\315\277"
 819      3B7AC20F 
 819      1FEF0A87 
 819      AFCDBF
 820 0237 7CE54F29 		.ascii	"|\345O)\277\"!\035\022`\300\000\034\200\023p\001n!\235"
 820      BF22211D 
 820      1260C000 
 820      1C801370 
 820      016E219D 
 821 024b 29F8F4E0 		.ascii	")\370\364\340\323\013\244b\235\006\370\200t`\0320\035"
 821      D30BA462 
ARM GAS  /tmp/ccAHdDGF.s 			page 22


 821      9D06F880 
 821      74601A30 
 821      1D
 822 025c 78029801 		.ascii	"x\002\230\001\314\004f\001\263\2019\300\\\340I`\036"
 822      CC046601 
 822      B38139C0 
 822      5CE04960 
 822      1E
 823 026d 301F5800 		.ascii	"0\037X\000<\005d\000\013\201L \013X\004<\015,\006\226"
 823      3C056400 
 823      0B814C20 
 823      0B58043C 
 823      0D2C0696 
 824 0281 004B8167 		.ascii	"\000K\201g\200e\300r`\005\260\022\310\006r\004\235\240"
 824      8065C072 
 824      6005B012 
 824      C8067204 
 824      9DA0
 825 0293 5C815DFA 		.ascii	"\\\201]\372\005\366\231'\260\323|\201\275\026\010lu"
 825      05F69927 
 825      B0D37C81 
 825      BD16086C 
 825      75
 826 02a4 35513715 		.ascii	"5Q7\025)o\261\362\256Q\336\265\312\373\254@/\236#\304"
 826      296FB1F2 
 826      AE51DEB5 
 826      CAFBAC40 
 826      2F9E23C4 
 827 02b8 AE13E8C7 		.ascii	"\256\023\350\307\363\002\035)\021\350\311\013\002]\371"
 827      F3021D29 
 827      11E8C90B 
 827      025DF9
 828 02c7 19D1312A 		.ascii	"\031\3211*U\231\313T\330z\025V\256\302*T\252J\225Y\210"
 828      5599CB54 
 828      D87A1556 
 828      AEC22A54 
 828      AA4A9559 
 829 02dc 7616B7EF 		.ascii	"v\026\267\357w\026S\030OM\007K\275n\306\372\236\014"
 829      77165318 
 829      4F4D074B 
 829      BD6EC6FA 
 829      9E0C
 830 02ee 5F7F3040 		.ascii	"_\1770@\342\201\334\366~d\204\270\210W;\227\021\343"
 830      E281DCF6 
 830      7E6484B8 
 830      88573B97 
 830      11E3
 831 0300 E75B3311 		.ascii	"\347[3\021\315E\2321n2\036\265\2148\231\300\270\"HZ"
 831      CD459A31 
 831      6E321EB5 
 831      8C3899C0 
 831      B822485A 
 832 0314 21C54C08 		.ascii	"!\305L\010!3\3444l\035\3628\0212\352d\311\253)\307\342"
 832      2133E434 
 832      6C1DF238 
 832      1132EA64 
 832      C9AB29C7 
ARM GAS  /tmp/ccAHdDGF.s 			page 23


 833 0329 AF614917 		.ascii	"\257aI\027\343\364\001\230\232\036\215%\025\330TpX\021"
 833      E3F40198 
 833      9A1E8D25 
 833      15D85470 
 833      5811
 834 033b 6B99AD88 		.ascii	"k\231\255\210S0uD[\"\242\337\305\206\031\341\262\"\236"
 834      53307544 
 834      5B22A2DF 
 834      C58619E1 
 834      B2229E
 835 034e 650335A5 		.ascii	"e\0035\245\233!\275\260u\310\037c:\311Gk\320\022g\223"
 835      9B21BDB0 
 835      75C81F63 
 835      3AC9476B 
 835      D0126793 
 836 0362 BE881DCC 		.ascii	"\276\210\035\314xz\302F\274\031[KT\273\270\000K\251"
 836      787AC246 
 836      BC195B4B 
 836      54BBB800 
 836      4BA9
 837 0374 A4F2F502 		.ascii	"\244\362\365\002U\346\351\005v\347\327\013t&W/N\020"
 837      55E6E905 
 837      76E7D70B 
 837      7426572F 
 837      4E10
 838 0386 E7E8DC7B 		.ascii	"\347\350\334{c)x\020\365r_,\336\234qb\007\347\320%\022"
 838      63297810 
 838      F5725F2C 
 838      DE9C7162 
 838      07E7D025 
 839 039b 77E5F61F 		.ascii	"w\345\366\037\373\252\331\201\242\364\273\026\341\034"
 839      FBAAD981 
 839      A2F4BB16 
 839      E11C
 840 03a9 7E4E1A82 		.ascii	"~N\032\202K}\355C?\270\021\031\341\\.\222\337\177\325"
 840      4B7DED43 
 840      3FB81119 
 840      E15C2E92 
 840      DF7FD5
 841 03bc C015BE47 		.ascii	"\300\025\276GC\265\021\366s\261\274\005\263\3147P\031"
 841      43B511F6 
 841      73B1BC05 
 841      B3CC3750 
 841      19
 842 03cd E13C5E23 		.ascii	"\341<^#\357\026\361z\337\367C\215\021\316\347\265\362"
 842      EF16F17A 
 842      DFF7438D 
 842      11CEE7B5 
 842      F2
 843 03de DDA30D5C 		.ascii	"\335\243\015\\\356\273\245\250\005t\231\344\247\260"
 843      EEBBA5A8 
 843      057499E4 
 843      A7B0
 844 03ec 2B7DEF0E 		.ascii	"+}\357\016\377\006{2\232\261'i\035\360\0071/^y\275l"
 844      FF067B32 
 844      9AB12769 
 844      1DF00731 
ARM GAS  /tmp/ccAHdDGF.s 			page 24


 844      2F5E79BD 
 845 0401 8FF7A8DF 		.ascii	"\217\367\250\337`'\027\240\034mw\265\214\032\354b'l"
 845      602717A0 
 845      1C6D77B5 
 845      8C1AEC62 
 845      276C
 846 0413 43D90F5B 		.ascii	"C\331\017[\372%\257C\027]f\007\207\211\327\351\360\317"
 846      FA25AF43 
 846      175D6607 
 846      8789D7E9 
 846      F0CF
 847 0425 636CFAC7 		.ascii	"cl\372\307\210\335\224\215F=\220[\037E.\022?\317n\223"
 847      88DD948D 
 847      463D905B 
 847      1F452E12 
 847      3FCF6E93 
 848 0439 3B84B5E6 		.ascii	";\204\265\346~ar\273Z\306$\247h-i\305z(\207S\254\330"
 848      7E6172BB 
 848      5AC624A7 
 848      682D69C5 
 848      7A288753 
 849 044f 12F698B1 		.ascii	"\022\366\230\261g\261\326\261_&t\320B\257:\332tvY\364"
 849      67B1D6B1 
 849      5F2674D0 
 849      42AF3ADA 
 849      747659F4 
 850 0463 17F0AE69 		.ascii	"\027\360\256i\372\031\2545\375+M\357\355>\224\301\251"
 850      FA19AC35 
 850      FD2B4DEF 
 850      ED3E94C1 
 850      A9
 851 0474 18166FAB 		.ascii	"\030\026o\253\227\347\317jn\271\177{\377\367\327I\254"
 851      97E7CF6A 
 851      6EB97F7B 
 851      FFF7D749 
 851      AC
 852 0485 FE18CBFA 		.ascii	"\376\030\313\372\177Q\035Z\217,\373#\343\006\247\241"
 852      7F511D5A 
 852      8F2CFB23 
 852      E306A7A1 
 853 0495 4CDD0A6C 		.ascii	"L\335\012l\335\307\251\234\246\254=\221\021\007\247"
 853      DDC7A99C 
 853      A6AC3D91 
 853      1107A7
 854 04a4 C3F6AB7C 		.ascii	"\303\366\253|wv\216\312x\242\037\322\354\231FT&N\327"
 854      77768ECA 
 854      78A21FD2 
 854      EC994654 
 854      264ED7
 855 04b7 DA4793DA 		.ascii	"\332G\223\332\323&S\275A\233\022\252\375\016\236\216"
 855      D32653BD 
 855      419B12AA 
 855      FD0E9E8E 
 856 04c7 0D6AD531 		.ascii	"\015j\3251\203\237\340i<\335T\035u\360\014\330yS\252"
 856      839FE069 
 856      3CDD541D 
 856      75F00CD8 
ARM GAS  /tmp/ccAHdDGF.s 			page 25


 856      7953AA
 857 04da DE549978 		.ascii	"\336T\231x\206V=\236T\2359\231\352\277)\250U\325\257"
 857      86563D9E 
 857      549D3999 
 857      EABF29A8 
 857      55D5AF
 858 04ed 83C1B3A0 		.ascii	"\203\301\263\240;\323T\272\352\340\331\260\363\247T"
 858      3BD354BA 
 858      EAE0D9B0 
 858      F3A754
 859 04fc 1A55D13C 		.ascii	"\032U\321<[+\235\204\022\256\357\315\276\327\270\210"
 859      5B2B9D84 
 859      12AEEFCD 
 859      BED7B888 
 860 050c AE99D7B7 		.ascii	"\256\231\327\267\203\035\207w\355\270$\254\0336\034"
 860      831D8777 
 860      EDB824AC 
 860      1B361C
 861 051b 4B55A4AB 		.ascii	"KU\244\253}!\034t\023.\225\311r\376=\326\273\322\"]"
 861      7D211C74 
 861      132E95C9 
 861      72FE3DD6 
 861      BBD2225D 
 862 052f 8CA5E99A 		.ascii	"\214\245\351\232of\360\234\311j\276M\257&:\205\356\314"
 862      6F66F09C 
 862      C96ABE4D 
 862      AF263A85 
 862      EECC
 863 0541 C5D926EA 		.ascii	"\305\331&\352\177\222\347\360\\\253\376y\260\327\231"
 863      7F92E7F0 
 863      5CABFE79 
 863      B0D799
 864 0550 F58F59F5 		.ascii	"\365\217Y\365\247\3333\335Q\231x\236\256\3015\241\206"
 864      A7DB33DD 
 864      5199789E 
 864      AEC135A1 
 864      86
 865 0561 7F246B98 		.ascii	"\177$k\230?Y\015\377\245\032[\015\013l5<\305\363y\201"
 865      3F590DFF 
 865      A51A5B0D 
 865      0B6C353C 
 865      C5F37981 
 866 0575 554306EC 		.ascii	"UC\006\354\251k\270\2532q\206\256\301=\261[\227\321"
 866      A96BB8AB 
 866      327186AE 
 866      C13DB15B 
 866      97D1
 867 0587 2D7D780B 		.ascii	"-}x\013y\341dE\374D\033\022\207\207\"2qx\013\255k\222"
 867      79E16445 
 867      FC441B12 
 867      87872232 
 867      71780BAD 
 868 059d 053BD714 		.ascii	"\005;\327\024\036\267\204}\366\350\373*\232\263\264"
 868      1EB7847D 
 868      F6E8FB2A 
 868      9AB3B4
 869 05ac 70CA39BC 		.ascii	"p\3129\274\364d\011\217%\205\027M&\374p\202\360\323"
ARM GAS  /tmp/ccAHdDGF.s 			page 26


 869      F464098F 
 869      2585174D 
 869      26FC7082 
 869      F0D3
 870 05be 105E6409 		.ascii	"\020^d\011/\206=\265\360#-\274X+\335\263]\010\272\225"
 870      2F863DB5 
 870      F0232DBC 
 870      582BDDB3 
 870      5D08BA95 
 871 05d2 B8359ECE 		.ascii	"\2705\236\316#'/$\373\360\277\344a,\231\254\234\260"
 871      23272F24 
 871      FBF0BFE4 
 871      612C99AC 
 871      9CB0
 872 05e4 B45F88A5 		.ascii	"\264_\210\245\266\303x\206\227\360R\3530\226\301\236"
 872      B6C37886 
 872      97F052EB 
 872      3096C19E 
 873 05f4 FA30B6AA 		.ascii	"\3720\266\252L\274L\027\341\235X\304x\262\210\345\223"
 873      4CBC4C17 
 873      E19D58C4 
 873      78B288E5 
 873      93
 874 0605 15B15DDA 		.ascii	"\025\261]\332o\304\012[\021+y9\257\260\212\310\206="
 874      6FC40A5B 
 874      112B7939 
 874      AFB08AC8 
 874      863D
 875 0617 75112D2A 		.ascii	"u\021-*\023g\353\"R\355S\007\303l\320\243\246\207\236"
 875      1367EB22 
 875      52ED5307 
 875      C36CD0A3 
 875      A6879E
 876 062a 6778E14A 		.ascii	"gx\341J15\262\3157\016\003\246\324\034^\203\322\374"
 876      3135B2CD 
 876      370E03A6 
 876      D41C5E83 
 876      D2FC
 877 063c 3DACE652 		.ascii	"=\254\346R\347[fG\221(m\302(\337;\310\3421\302\342N"
 877      E75B6647 
 877      91286DC2 
 877      28DF3BC8 
 877      E231C2E2 
 878 0651 5F74C7A5 		.ascii	"_t\307\245\030[\336}\203\361\027\030\023\262\214\375"
 878      185BDE7D 
 878      83F11718 
 878      13B28CFD 
 879 0661 09094CB5 		.ascii	"\011\011L\2652sN$\374\243\304\3539\217\276KN\351\365"
 879      32734E24 
 879      FCA3C4EB 
 879      398FBE4B 
 879      4EE9F5
 880 0674 9AF06182 		.ascii	"\232\360a\202p\225\270\234\363-\002&e\271&t\330\010"
 880      7095B89C 
 880      F32D0226 
 880      65B92674 
 880      D808
ARM GAS  /tmp/ccAHdDGF.s 			page 27


 881 0686 159C6B11 		.ascii	"\025\234k\0210/+\314\001b\022\332[\372\211+\365[\021"
 881      302F2BCC 
 881      016212DA 
 881      5BFA892B 
 881      F55B11
 882 0699 6760EA56 		.ascii	"g`\352V\306\007)\376!\302\337+d\375\275\"D\266\177c"
 882      C60729FE 
 882      21C2DF2B 
 882      64FDBD22 
 882      44B67F63 
 883 06ad 7D5D8D7F 		.ascii	"}]\215\177S\375\2067B\376\246`\240\246\272\352\365@"
 883      53FD8637 
 883      42FEA660 
 883      A0A6BAEA 
 883      F540
 884 06bf 4EC1AAFC 		.ascii	"N\301\252\374\374\234W\362^\256\012\004\352_\367\277"
 884      FC9C57F2 
 884      5EAE0A04 
 884      EA5FF7BF 
 885 06cf 120CD535 		.ascii	"\022\014\3255U\205jD\341\3177\006\253\203\345/\371\353"
 885      55856A44 
 885      E1CF3706 
 885      AB83E52F 
 885      F9EB
 886 06e1 37FB3756 		.ascii	"7\3737V\325\372\033\352C\215\233\375/\375\272lU\201"
 886      D5FA1BEA 
 886      438D9BFD 
 886      2FFDBA6C 
 886      5581
 887 06f3 BFB4F417 		.ascii	"\277\264\364\027\376_V\274X\376\273\002\345z\271\001"
 887      FE5F56BC 
 887      58FEBB02 
 887      E57AB901 
 888 0703 A8AD0DE4 		.ascii	"\250\255\015\344n\020\206b\315\231\360\263\334U\205"
 888      6E108662 
 888      CD99F0B3 
 888      DC5585
 889 0712 85853581 		.ascii	"\205\2055\201\242Ba\324Um\336d\324\325\007j\270:\330"
 889      A24261D4 
 889      556DDE64 
 889      D4D5076A 
 889      B83AD8
 890 0725 6854D536 		.ascii	"hT\3256\206\034\015o4\004B\256\372\315\01555\201\220"
 890      861C0D6F 
 890      340442AE 
 890      FACD0D35 
 890      358190
 891 0738 B3BEF1CD 		.ascii	"\263\276\361\315\206\232\220CQB\262\256P\326\025\310"
 891      869A9043 
 891      5142B2AE 
 891      50D615C8 
 892 0748 BA7CB722 		.ascii	"\272|\267\"\252\320\377\003\250\205QH"
 892      AAD0FF03 
 892      A8855148 
 893              		.text
 894              		.section	.gnu.lto_.symbol_nodes.65728281cf9e213d,"e",%progbits
 895 0000 789C3366 		.ascii	"x\2343f\000\002\246y\214\365\354\015@\300\3028\341\034"
ARM GAS  /tmp/ccAHdDGF.s 			page 28


 895      0002A679 
 895      8CF5EC0D 
 895      40C0C238 
 895      E11C
 896 0012 03433D03 		.ascii	"\003C=\003\303\256\206FF\220\304|\306z\216\017\277V"
 896      C3AE8646 
 896      4690C47C 
 896      C67A8E0F 
 896      BF56
 897 0024 58A08933 		.ascii	"X\240\2113\000\000\213u\016\206"
 897      00008B75 
 897      0E86
 898              		.text
 899              		.section	.gnu.lto_.refs.65728281cf9e213d,"e",%progbits
 900 0000 789C6364 		.ascii	"x\234cd\000\002\000\000\012\000\002"
 900      00020000 
 900      0A0002
 901              		.text
 902              		.section	.gnu.lto_.decls.65728281cf9e213d,"e",%progbits
 903 0000 789C9D55 		.ascii	"x\234\235UmlSU\030>\357\275\267\335\335\030n\213\242"
 903      6D6C5355 
 903      183EEFBD 
 903      B7DDDD18 
 903      6E8BA2
 904 0013 43FDB1F8 		.ascii	"C\375\261\370\207eq+]'\374\004e\023\210\303.\035\204"
 904      8765712B 
 904      5D27FC04 
 904      651388C3 
 904      2E1D84
 905 0026 184D9AB2 		.ascii	"\030M\232\262\026\326\260\256\243+`\374u\372\261Q\024"
 905      16D6B0AE 
 905      A32B60FC 
 905      75FAB151 
 905      14
 906 0037 674BA2D6 		.ascii	"gK\242\3262c-\004'\3621\242\011e\023\270\3202\012\012"
 906      32632D04 
 906      27F231A2 
 906      096513B8 
 906      D0320A0A 
 907 004b 220C6102 		.ascii	"\"\014a\002\262\017\220\002\033\226m\302\026\024|O\277"
 907      B20F9002 
 907      1B966DC2 
 907      16147C4F 
 907      BF
 908 005c A08B1AE3 		.ascii	"\240\213\032\343I\236\336{\317\363<\357y\337\367\334"
 908      499EDE7B 
 908      CFF33CEF 
 908      79DFF7DC 
 909 006c 7BBA464E 		.ascii	"{\272FN\310\036 \204\022B\036\342\340\361z\026\221\215"
 909      C81E2084 
 909      12421EE2 
 909      E0F17A16 
 909      918D
 910 007e 08226288 		.ascii	"\010\"b\210Q\304Q\3048b\004!!&\021<\372\306\020\220"
 910      51C451C4 
 910      38620421 
 910      2126113C 
ARM GAS  /tmp/ccAHdDGF.s 			page 29


 910      FAC61090 
 911 0092 7CCEE208 		.ascii	"|\316\342\010\311K\316\307\222\372\224w\026\342\315"
 911      C94BCEC7 
 911      92FA9477 
 911      16E2CD
 912 00a1 C7FC51C4 		.ascii	"\307\374Q\304\020b\020q\0131\200\270\201\220?\011\202"
 912      10621071 
 912      0B3180B8 
 912      81903F09 
 912      82
 913 00b2 7C061409 		.ascii	"|\006\024\011\334G\367<e\005\022\2451\352?\"\024\007"
 913      DC47F73C 
 913      650512A5 
 913      31EA3F22 
 913      1407
 914 00c4 611F46DD 		.ascii	"a\037F\335\217\0209\362\022\215\217#\317\221.\2666!"
 914      8F1039F2 
 914      128D8F23 
 914      CF912EB6 
 914      3621
 915 00d6 F372D157 		.ascii	"\363r\321W$.'\362b`U\344\341\225\210o\021\201s\373\372"
 915      242E27F2 
 915      626055E4 
 915      E195886F 
 915      118173FB 
 916 00eb BEE6F3FA 		.ascii	"\276\346\363\372Y\030\311\231M\342a$(\356\206Cp\020"
 916      5918C999 
 916      4DE26124 
 916      28EE8643 
 916      7010
 917 00fd D054281A 		.ascii	"\320T(\032\210\270\232\210M\250\335}k\260?'O\372{\255"
 917      88B89A88 
 917      4DA8DD7D 
 917      6BB03F27 
 917      4FFA7BAD 
 918 0111 68219857 		.ascii	"h!\230W>Z8\321J\344\263p\035\036\177\211\370\016:G>"
 918      3E5A38D1 
 918      4AE4B370 
 918      1D1E7F89 
 918      F80E3A47 
 919 0126 9CDCC233 		.ascii	"\234\334\3023\3470\225\3542\022\201\343@N\302\254n\370"
 919      E73095EC 
 919      321281E3 
 919      404EC2AC 
 919      6EF8
 920 0138 1EBE03D1 		.ascii	"\036\276\003\321\001D\220\367E\206\367\344\224\224\024"
 920      014490F7 
 920      4586F7E4 
 920      949414
 921 0147 A268E2B3 		.ascii	"\242h\342\263w\357\332\025\236\353\255\3644\345O\301"
 921      77EFDA15 
 921      9EEBADF4 
 921      34E54FC1 
 922 0157 0F7006E2 		.ascii	"\017p\006\342\016\242$DEP\320y`\250\225\346\333sO\301"
 922      0EA22444 
 922      4550D079 
 922      60A895E6 
ARM GAS  /tmp/ccAHdDGF.s 			page 30


 922      DB734FC1 
 923 016b 89C7B908 		.ascii	"\211\307\271\010\020\254\332I\251\304%\222#g\240\033"
 923      10ACDA49 
 923      A9C42592 
 923      2367A01B 
 924 017b 4EC38FAC 		.ascii	"N\303\217\254\011\202\374\203\320\356\361i%3KP\023;"
 924      0982FC83 
 924      D0EEF169 
 924      25334B50 
 924      133B
 925 018d 3824EB90 		.ascii	"8$\353\220\320{\014z!!\215\307f\024\332\205\244\275"
 925      D07B0C7A 
 925      21218DC7 
 925      6614DA85 
 925      A4BD
 926 019f 17EDE7E0 		.ascii	"\027\355\347\340,\263\263\252\273\266\266=\341\266\361"
 926      2CB3B3AA 
 926      BBB6B63D 
 926      E1B6F1
 927 01ae 3D7034D3 		.ascii	"=p4\323%p\276\256\223\035\3313\375\377\350\306\256\344"
 927      2570BEAE 
 927      931DD933 
 927      FDFFE8C6 
 927      AEE4
 928 01c0 8B516CC6 		.ascii	"\213Ql\3060\260{Q\214\341\375]\304\003D\013\307\346"
 928      30B07B51 
 928      8CE1FD5D 
 928      C403440B 
 928      C7E6
 929 01d2 8AB17B12 		.ascii	"\212\261{\022'\276\307\021\341\351a\307\246\223\323"
 929      27BEC711 
 929      E1E961C7 
 929      A693D3
 930 01e1 4BB01925 		.ascii	"K\260\031%\2111\200%\237pl\240\371\316\334\3030\000"
 930      89318025 
 930      9F706CA0 
 930      F9CEDCC3 
 930      3000
 931 01f3 D7928B7F 		.ascii	"\327\222\213\177\213\010\002a\354\356\024{1\315\376"
 931      8B080261 
 931      ECEE147B 
 931      31CDFE
 932 0202 FC88DD95 		.ascii	"\374\210\335\225b/e\260\252T\273\004\322\017Wp\342\032"
 932      622F65B0 
 932      AA54BB04 
 932      D20F5770 
 932      E21A
 933 0214 667C136E 		.ascii	"f|\023n\300U\030\202\353\360+D\341\026\014\303 \253"
 933      C0551882 
 933      EBF02B44 
 933      E1160CC3 
 933      20AB
 934 0226 808509A6 		.ascii	"\200\205\011\246\302\\H\2079\377h\221=)\266/\203U\221"
 934      C25C4887 
 934      39FF6891 
 934      3D29B62F 
 934      835591
ARM GAS  /tmp/ccAHdDGF.s 			page 31


 935 0239 CFB12D87 		.ascii	"\317\261-\207\266\256\211H\360\023\204\323\334\2218"
 935      B6AE8948 
 935      F01384D3 
 935      DC9138
 936 0248 87C6D8CE 		.ascii	"\207\306\330\316D[\017\303\3454\251LG\375*\025\365\227"
 936      445B0FC3 
 936      E534A94C 
 936      47FD2A15 
 936      F597
 937 025a C7C9B8B1 		.ascii	"\307\311\270\2613\222\342B\031Q\223\316\343)\366@F\303"
 937      3392E242 
 937      195193CE 
 937      E329F640 
 937      46C3
 938 026c 54447463 		.ascii	"TDtc\217\271\350\325\236\336\354\302\314\006\214\300"
 938      8FB9E8D5 
 938      9EDEECC2 
 938      CC068CC0 
 939 027c BF7440E0 		.ascii	"\277t@\340n\372/_\317I\177r\267\223A\177C\013\021?e"
 939      6EFA2F5F 
 939      CF497F72 
 939      B793417F 
 939      430B113F 
 940 0291 31BB8FEF 		.ascii	"1\273\217\357\333!\233*\210AB\321\301\024\237\355\010"
 940      DB219B2A 
 940      884142D1 
 940      C1149FED 
 940      08
 941 02a2 7E9135E5 		.ascii	"~\2215\345\023\032M\177B{\231$\350\275\020\021\246H"
 941      131A4D7F 
 941      427B9924 
 941      E8BD1011 
 941      A648
 942 02b4 C6531281 		.ascii	"\306S\022\201\223\306w\365\301\035\300\304]T\262\205"
 942      93C677F5 
 942      C11DC0C4 
 942      5D54B285 
 943 02c4 4577204A 		.ascii	"Ew J;)m\242=Q\257\2575\352*\360\330\221\353t\321g\275"
 943      3B296DA2 
 943      3D51AFAF 
 943      35EA2AF0 
 943      D891EB74 
 944 02db 38EDF3F5 		.ascii	"8\355\363\365\2739?\317\212\244\324\221K\277\301\213"
 944      BB393FCF 
 944      8AA4D491 
 944      4BBFC18B 
 945 02eb BD9E3A5A 		.ascii	"\275\236:Z\331\363\246B\277#qR\234\006*\265\322NI\036"
 945      D9F3A642 
 945      BF237152 
 945      9C062AB5 
 945      D24E491E 
 946 02ff 08D1562F 		.ascii	"\010\321V/\255\366\371\242\021\266\004\335\334\337\276"
 946      ADF6F9A2 
 946      11B604DD 
 946      DCDFBE
 947 030e 21CFEFB8 		.ascii	"!\317\357\270\344\362\207\350L?F\361R\247\344\001\033"
 947      E4F287E8 
ARM GAS  /tmp/ccAHdDGF.s 			page 32


 947      4C3F46F1 
 947      52A7E401 
 947      1B
 948 031f 5A6C12F5 		.ascii	"Zl\022\365H\340\366\267\277\337\346\014\307\3246\273"
 948      48E0F6B7 
 948      BFDFE60C 
 948      C7D436BB 
 949 032f D345ED61 		.ascii	"\323E\355aW\276\033\177h\200\006\013<\250wo\223h>\365"
 949      57BE1B7F 
 949      6880060B 
 949      3CA8776F 
 949      93683EF5 
 950 0343 875DB640 		.ascii	"\207]\266@\330\005\236\200\323\345\016\204)lFM\221\007"
 950      D8059E80 
 950      D3E50E84 
 950      296C464D 
 950      9107
 951 0355 B3B205E6 		.ascii	"\263\262\005\346{\372[p\2410-`nO\240\322\206\367\270"
 951      7BFA5B70 
 951      A1302D60 
 951      6E4FA0D2 
 951      86F7B8
 952 0368 2B2EB005 		.ascii	"+.\260\005\250\313m\247\033\013\334\001\027\263ai\001"
 952      A8CB6DA7 
 952      1B0BDC01 
 952      17B36169 
 952      01
 953 0379 67D06397 		.ascii	"g\320c\227(\336H.\317\013\270\012\225\307\31774p\264"
 953      28DE482E 
 953      CF0BB80A 
 953      95C7CF37 
 953      3470B4
 954 038c 88D2F902 		.ascii	"\210\322\371\00278:\326%\216\262\344;v\266O#3\334\363"
 954      37383AD6 
 954      258EB2E4 
 954      3B76B64F 
 954      2333DCF3 
 955 03a0 09999D2F 		.ascii	"\011\231\235/\236g\255\375r\342R\210\177\236\262c\210"
 955      9E67ADFD 
 955      72E25288 
 955      7F9EB263 
 955      88
 956 03b1 3E753371 		.ascii	">u3q\014\221I w\342\333\273\253e\260\207/n\367\322\011"
 956      0C914920 
 956      77E2DBBB 
 956      AB65B087 
 956      2F6EF7D2 
 957 03c6 DFC71B43 		.ascii	"\337\307\033C\320\216G\025J\205I\230`\373\207c\002\310"
 957      D08E4715 
 957      4A854998 
 957      60FB8763 
 957      02C8
 958 03d8 3DB80BF3 		.ascii	"=\270\013\363\016\011\242\217g\006\317\211\011\201\375"
 958      0E09A28F 
 958      6706CF89 
 958      0981FD
 959 03e7 118CC11D 		.ascii	"\021\214\301\035|\034<\177\240w\032{\374\035\376\300"
ARM GAS  /tmp/ccAHdDGF.s 			page 33


 959      7C1C3C7F 
 959      A0771A7B 
 959      FC1DFEC0 
 960 03f7 8DBAD8B2 		.ascii	"\215\272\330\262\267\015\012\023\375\225\022\307\360"
 960      B70D0A13 
 960      FD9512C7 
 960      F0
 961 0404 83442081 		.ascii	"\203D \201;w!\322\226\227\301\215@\232\274qe\313\226"
 961      3B7721D2 
 961      9697C18D 
 961      409ABC71 
 961      65CB96
 962 0417 ACF45BF4 		.ascii	"\254\364[\3640\371\232Q\216q\275\307>\361\301T.\006"
 962      30F99A51 
 962      8E71BDC7 
 962      3EF1C154 
 962      2E06
 963 0429 09B2EDE2 		.ascii	"\011\262\355\342\330\366\034\226\200\215\373\023\023"
 963      D8F61C96 
 963      808DFB13 
 963      13
 964 0436 E81BB81A 		.ascii	"\350\033\270\032\022\246V\353\340\210=.\336\336\347"
 964      12A656EB 
 964      E0883D2E 
 964      DEDEE7
 965 0445 B80DC55E 		.ascii	"\270\015\305^/\355\334\317>\224x\251\016\356~\262\324"
 965      2FEDDCCF 
 965      3E9478A9 
 965      0EEE7EB2 
 965      D4
 966 0456 FBC952B7 		.ascii	"\373\311R\267\361D\265\240\336\270\302\250\256U\230"
 966      F144B5A0 
 966      DEB8C2A8 
 966      AE5598
 967 0465 9B15F5BA 		.ascii	"\233\025\365\272\006E\223\331bmV\324.]\242*WTWW*\026"
 967      064593D9 
 967      626D56D4 
 967      2E5DA22A 
 967      57545757 
 968 047b D62C56AF 		.ascii	"\326,V\257+g\224\266\011\321\320\240/\253\023\027\276"
 968      2B6794B6 
 968      09D1D0A0 
 968      2FAB1317 
 968      BE
 969 048c BEAC6881 		.ascii	"\276\254h\201r.y&c\272LUQQa\320\317\255 \302\313\257"
 969      722E7926 
 969      63BA4C55 
 969      515161D0 
 969      CFAD20C2 
 970 04a2 6AAAC5B5 		.ascii	"j\252\305\265\306F\253\252\\k\225U\253\027\274\246\021"
 970      C646ABAA 
 970      5C6B9555 
 970      AB17BCA6 
 970      11
 971 04b3 5EA9D568 		.ascii	"^\251\325h`9,\222\3255\030t\2268\253\234\243\265\362"
 971      60392C92 
 971      D5351874 
ARM GAS  /tmp/ccAHdDGF.s 			page 34


 971      9638AB9C 
 971      A3B5F2
 972 04c6 CD06EB8B 		.ascii	"\315\006\353\213\212z\263\311\240Xm\256[kQ\2547\352"
 972      8A7AB3C9 
 972      A0586DAE 
 972      5B6B51AC 
 972      37EA
 973 04d8 0D2B748D 		.ascii	"\015+t\215\372\322r\225RY\272r\266V\247\327\233\033"
 973      FAD27295 
 973      5259BA72 
 973      B656A7D7 
 973      9B1B
 974 04ea 152B8D16 		.ascii	"\025+\215\026\323z\235\305\360_3n\266\232p\361UMFsY"
 974      D37A9DC5 
 974      F05F336E 
 974      B69A70F1 
 974      554D4673 
 975 04ff 3DE1D595 		.ascii	"=\341\325\225\032~q\245FV\263\254\246R\223\245\256\255"
 975      1A7E71A5 
 975      4656B3AC 
 975      A65293A5 
 975      AEAD
 976 0511 A9AAAAD4 		.ascii	"\251\252\252\324\310\325K\337\250\251\322\310\226\250"
 976      C8D54BDF 
 976      A8A9D2C8 
 976      96A8
 977 051f 2BAB342C 		.ascii	"+\2534,\347E\271\217\\Zk\216\321\314b\033\365Z\253h"
 977      E745B98F 
 977      5C5A6B8E 
 977      D1CC621B 
 977      F55AAB68 
 978 0533 349BCC7A 		.ascii	"4\233\314z\203\326\232\233\2303\351\232Wc\352\3129$"
 978      83D69A9B 
 978      9833E99A 
 978      5763EACA 
 978      3924
 979 0545 5B6731AD 		.ascii	"[g1\255\233\323\\j\"9uH\030\336.5\315&\323SM\321\032"
 979      9BD35C6A 
 979      22397548 
 979      18DE2E35 
 979      CD26D353 
 980 055c 1B8DD68A 		.ascii	"\033\215\326\212\377\321b2#\035\002\373\263\312b^\333"
 980      FFD16232 
 980      231D02FB 
 980      B3CA625E 
 980      DB
 981 056d C412F80B 		.ascii	"\304\022\370\0134\247\017j"
 981      34A70F6A 
 982              		.text
 983              		.section	.gnu.lto_.symtab.65728281cf9e213d,"e",%progbits
 984 0000 5F70616C 		.ascii	"_pal_lld_init\000"
 984      5F6C6C64 
 984      5F696E69 
 984      7400
 985 000e 00       		.ascii	"\000"
 986 000f 00       		.ascii	"\000"
 987 0010 00       		.ascii	"\000"
ARM GAS  /tmp/ccAHdDGF.s 			page 35


 988 0011 00000000 		.ascii	"\000\000\000\000\000\000\000\000"
 988      00000000 
 989 0019 F9000000 		.ascii	"\371\000\000\000"
 990 001d 5F70616C 		.ascii	"_pal_lld_setgroupmode\000"
 990      5F6C6C64 
 990      5F736574 
 990      67726F75 
 990      706D6F64 
 991 0033 00       		.ascii	"\000"
 992 0034 00       		.ascii	"\000"
 993 0035 00       		.ascii	"\000"
 994 0036 00000000 		.ascii	"\000\000\000\000\000\000\000\000"
 994      00000000 
 995 003e 03010000 		.ascii	"\003\001\000\000"
 996              		.text
 997              		.section	.gnu.lto_.ext_symtab.65728281cf9e213d,"e",%progbits
 998 0000 01       		.ascii	"\001"
 999 0001 01       		.ascii	"\001"
 1000 0002 00       		.ascii	"\000"
 1001 0003 01       		.ascii	"\001"
 1002 0004 00       		.ascii	"\000"
 1003              		.text
 1004              		.section	.gnu.lto_.opts,"e",%progbits
 1005 0000 272D666E 		.ascii	"'-fno-openmp' '-fno-openacc' '-fno-pie' '-fcf-prote"
 1005      6F2D6F70 
 1005      656E6D70 
 1005      2720272D 
 1005      666E6F2D 
 1006 0033 6374696F 		.ascii	"ction=none' '-g' '-mcpu=cortex-m0' '-mthumb' '-mflo"
 1006      6E3D6E6F 
 1006      6E652720 
 1006      272D6727 
 1006      20272D6D 
 1007 0066 61742D61 		.ascii	"at-abi=soft' '-mlibarch=armv6s-m' '-march=armv6s-m'"
 1007      62693D73 
 1007      6F667427 
 1007      20272D6D 
 1007      6C696261 
 1008 0099 20272D4F 		.ascii	" '-O2' '-fomit-frame-pointer' '-falign-functions=16"
 1008      32272027 
 1008      2D666F6D 
 1008      69742D66 
 1008      72616D65 
 1009 00cc 2720272D 		.ascii	"' '-fsingle-precision-constant' '-ffunction-section"
 1009      6673696E 
 1009      676C652D 
 1009      70726563 
 1009      6973696F 
 1010 00ff 73272027 		.ascii	"s' '-fdata-sections' '-fno-common' '-flto' '-Xassem"
 1010      2D666461 
 1010      74612D73 
 1010      65637469 
 1010      6F6E7327 
 1011 0132 626C6572 		.ascii	"bler' '-alms=./build/lst/hal_pal_lld.lst'\000"
 1011      2720272D 
 1011      616C6D73 
 1011      3D2E2F62 
ARM GAS  /tmp/ccAHdDGF.s 			page 36


 1011      75696C64 
 1012              		.text
 1013              		.comm	__gnu_lto_slim,1,1
 1014              		.ident	"GCC: (Arm GNU Toolchain 11.3.Rel1) 11.3.1 20220712"
ARM GAS  /tmp/ccAHdDGF.s 			page 37


DEFINED SYMBOLS
                            *ABS*:0000000000000000 hal_pal_lld.c
     /tmp/ccAHdDGF.s:23     .gnu.debuglto_.debug_info:0000000000000000 hal_pal_lld.c.3444ed74
                            *COM*:0000000000000001 __gnu_lto_slim

NO UNDEFINED SYMBOLS
