ARM GAS  /tmp/cc56wO8Y.s 			page 1


   1              		.cpu cortex-m0
   2              		.arch armv6s-m
   3              		.fpu softvfp
   4              		.eabi_attribute 20, 1
   5              		.eabi_attribute 21, 1
   6              		.eabi_attribute 23, 3
   7              		.eabi_attribute 24, 1
   8              		.eabi_attribute 25, 1
   9              		.eabi_attribute 26, 1
  10              		.eabi_attribute 30, 2
  11              		.eabi_attribute 34, 0
  12              		.eabi_attribute 18, 4
  13              		.file	"hal_mmcsd.c"
  14              		.section	.gnu.debuglto_.debug_info,"e",%progbits
  15              	.Ldebug_info0:
  16              		.hidden	hal_mmcsd.c.39c493f7
  17              		.weak	hal_mmcsd.c.39c493f7
  18              	hal_mmcsd.c.39c493f7:
  19 0000 76000000 		.4byte	0x76
  20 0004 0500     		.2byte	0x5
  21 0006 01       		.byte	0x1
  22 0007 04       		.byte	0x4
  23 0008 00000000 		.4byte	.Ldebug_abbrev0
  24 000c 02       		.uleb128 0x2
  25 000d C4000000 		.4byte	.LASF12
  26 0011 1D       		.byte	0x1d
  27 0012 A5000000 		.4byte	.LASF13
  28 0016 57000000 		.4byte	.LASF14
  29 001a 00000000 		.4byte	.Ldebug_line0
  30 001e 03       		.uleb128 0x3
  31 001f 04       		.byte	0x4
  32 0020 05       		.byte	0x5
  33 0021 696E7400 		.ascii	"int\000"
  34 0025 01       		.uleb128 0x1
  35 0026 04       		.byte	0x4
  36 0027 07       		.byte	0x7
  37 0028 21000000 		.4byte	.LASF0
  38 002c 01       		.uleb128 0x1
  39 002d 08       		.byte	0x8
  40 002e 05       		.byte	0x5
  41 002f 00000000 		.4byte	.LASF1
  42 0033 01       		.uleb128 0x1
  43 0034 08       		.byte	0x8
  44 0035 04       		.byte	0x4
  45 0036 A7010000 		.4byte	.LASF2
  46 003a 01       		.uleb128 0x1
  47 003b 01       		.byte	0x1
  48 003c 06       		.byte	0x6
  49 003d 9B010000 		.4byte	.LASF3
  50 0041 01       		.uleb128 0x1
  51 0042 01       		.byte	0x1
  52 0043 08       		.byte	0x8
  53 0044 83000000 		.4byte	.LASF4
  54 0048 01       		.uleb128 0x1
  55 0049 02       		.byte	0x2
  56 004a 05       		.byte	0x5
  57 004b B3010000 		.4byte	.LASF5
ARM GAS  /tmp/cc56wO8Y.s 			page 2


  58 004f 01       		.uleb128 0x1
  59 0050 02       		.byte	0x2
  60 0051 07       		.byte	0x7
  61 0052 0E000000 		.4byte	.LASF6
  62 0056 01       		.uleb128 0x1
  63 0057 04       		.byte	0x4
  64 0058 05       		.byte	0x5
  65 0059 96000000 		.4byte	.LASF7
  66 005d 01       		.uleb128 0x1
  67 005e 04       		.byte	0x4
  68 005f 07       		.byte	0x7
  69 0060 2E000000 		.4byte	.LASF8
  70 0064 01       		.uleb128 0x1
  71 0065 08       		.byte	0x8
  72 0066 07       		.byte	0x7
  73 0067 40000000 		.4byte	.LASF9
  74 006b 01       		.uleb128 0x1
  75 006c 01       		.byte	0x1
  76 006d 08       		.byte	0x8
  77 006e 91000000 		.4byte	.LASF10
  78 0072 01       		.uleb128 0x1
  79 0073 01       		.byte	0x1
  80 0074 02       		.byte	0x2
  81 0075 9F000000 		.4byte	.LASF11
  82 0079 00       		.byte	0
  83              		.section	.gnu.debuglto_.debug_abbrev,"e",%progbits
  84              	.Ldebug_abbrev0:
  85 0000 01       		.uleb128 0x1
  86 0001 24       		.uleb128 0x24
  87 0002 00       		.byte	0
  88 0003 0B       		.uleb128 0xb
  89 0004 0B       		.uleb128 0xb
  90 0005 3E       		.uleb128 0x3e
  91 0006 0B       		.uleb128 0xb
  92 0007 03       		.uleb128 0x3
  93 0008 0E       		.uleb128 0xe
  94 0009 00       		.byte	0
  95 000a 00       		.byte	0
  96 000b 02       		.uleb128 0x2
  97 000c 11       		.uleb128 0x11
  98 000d 01       		.byte	0x1
  99 000e 25       		.uleb128 0x25
 100 000f 0E       		.uleb128 0xe
 101 0010 13       		.uleb128 0x13
 102 0011 0B       		.uleb128 0xb
 103 0012 03       		.uleb128 0x3
 104 0013 0E       		.uleb128 0xe
 105 0014 1B       		.uleb128 0x1b
 106 0015 0E       		.uleb128 0xe
 107 0016 10       		.uleb128 0x10
 108 0017 17       		.uleb128 0x17
 109 0018 00       		.byte	0
 110 0019 00       		.byte	0
 111 001a 03       		.uleb128 0x3
 112 001b 24       		.uleb128 0x24
 113 001c 00       		.byte	0
 114 001d 0B       		.uleb128 0xb
ARM GAS  /tmp/cc56wO8Y.s 			page 3


 115 001e 0B       		.uleb128 0xb
 116 001f 3E       		.uleb128 0x3e
 117 0020 0B       		.uleb128 0xb
 118 0021 03       		.uleb128 0x3
 119 0022 08       		.uleb128 0x8
 120 0023 00       		.byte	0
 121 0024 00       		.byte	0
 122 0025 00       		.byte	0
 123              		.section	.gnu.debuglto_.debug_line,"e",%progbits
 124              	.Ldebug_line0:
 125 0000 2D000000 		.4byte	.LELT0-.LSLT0
 126              	.LSLT0:
 127 0004 0500     		.2byte	0x5
 128 0006 04       		.byte	0x4
 129 0007 00       		.byte	0
 130 0008 25000000 		.4byte	.LELTP0-.LASLTP0
 131              	.LASLTP0:
 132 000c 01       		.byte	0x1
 133 000d 01       		.byte	0x1
 134 000e 01       		.byte	0x1
 135 000f F6       		.byte	0xf6
 136 0010 F2       		.byte	0xf2
 137 0011 0D       		.byte	0xd
 138 0012 00       		.byte	0
 139 0013 01       		.byte	0x1
 140 0014 01       		.byte	0x1
 141 0015 01       		.byte	0x1
 142 0016 01       		.byte	0x1
 143 0017 00       		.byte	0
 144 0018 00       		.byte	0
 145 0019 00       		.byte	0
 146 001a 01       		.byte	0x1
 147 001b 00       		.byte	0
 148 001c 00       		.byte	0
 149 001d 01       		.byte	0x1
 150 001e 01       		.byte	0x1
 151 001f 01       		.uleb128 0x1
 152 0020 1F       		.uleb128 0x1f
 153 0021 01       		.uleb128 0x1
 154 0022 00000000 		.4byte	.LASF15
 155 0026 02       		.byte	0x2
 156 0027 01       		.uleb128 0x1
 157 0028 1F       		.uleb128 0x1f
 158 0029 02       		.uleb128 0x2
 159 002a 0B       		.uleb128 0xb
 160 002b 01       		.uleb128 0x1
 161 002c 2C000000 		.4byte	.LASF16
 162 0030 00       		.byte	0
 163              	.LELTP0:
 164              	.LELT0:
 165              		.section	.gnu.debuglto_.debug_str,"eMS",%progbits,1
 166              	.LASF1:
 167 0000 6C6F6E67 		.ascii	"long long int\000"
 167      206C6F6E 
 167      6720696E 
 167      7400
 168              	.LASF6:
ARM GAS  /tmp/cc56wO8Y.s 			page 4


 169 000e 73686F72 		.ascii	"short unsigned int\000"
 169      7420756E 
 169      7369676E 
 169      65642069 
 169      6E7400
 170              	.LASF0:
 171 0021 756E7369 		.ascii	"unsigned int\000"
 171      676E6564 
 171      20696E74 
 171      00
 172              	.LASF8:
 173 002e 6C6F6E67 		.ascii	"long unsigned int\000"
 173      20756E73 
 173      69676E65 
 173      6420696E 
 173      7400
 174              	.LASF9:
 175 0040 6C6F6E67 		.ascii	"long long unsigned int\000"
 175      206C6F6E 
 175      6720756E 
 175      7369676E 
 175      65642069 
 176              	.LASF14:
 177 0057 2F686F6D 		.ascii	"/home/kocur/wideband-2311-f0_addon/firmware\000"
 177      652F6B6F 
 177      6375722F 
 177      77696465 
 177      62616E64 
 178              	.LASF4:
 179 0083 756E7369 		.ascii	"unsigned char\000"
 179      676E6564 
 179      20636861 
 179      7200
 180              	.LASF10:
 181 0091 63686172 		.ascii	"char\000"
 181      00
 182              	.LASF7:
 183 0096 6C6F6E67 		.ascii	"long int\000"
 183      20696E74 
 183      00
 184              	.LASF11:
 185 009f 5F426F6F 		.ascii	"_Bool\000"
 185      6C00
 186              	.LASF13:
 187 00a5 43686962 		.ascii	"ChibiOS/os/hal/src/hal_mmcsd.c\000"
 187      694F532F 
 187      6F732F68 
 187      616C2F73 
 187      72632F68 
 188              	.LASF12:
 189 00c4 474E5520 		.ascii	"GNU C17 11.3.1 20220712 -mcpu=cortex-m0 -mthumb -mf"
 189      43313720 
 189      31312E33 
 189      2E312032 
 189      30323230 
 190 00f7 6C6F6174 		.ascii	"loat-abi=soft -march=armv6s-m -ggdb -O2 -fomit-fram"
 190      2D616269 
ARM GAS  /tmp/cc56wO8Y.s 			page 5


 190      3D736F66 
 190      74202D6D 
 190      61726368 
 191 012a 652D706F 		.ascii	"e-pointer -falign-functions=16 -fsingle-precision-c"
 191      696E7465 
 191      72202D66 
 191      616C6967 
 191      6E2D6675 
 192 015d 6F6E7374 		.ascii	"onstant -ffunction-sections -fdata-sections -fno-co"
 192      616E7420 
 192      2D666675 
 192      6E637469 
 192      6F6E2D73 
 193 0190 6D6D6F6E 		.ascii	"mmon -flto\000"
 193      202D666C 
 193      746F00
 194              	.LASF3:
 195 019b 7369676E 		.ascii	"signed char\000"
 195      65642063 
 195      68617200 
 196              	.LASF2:
 197 01a7 6C6F6E67 		.ascii	"long double\000"
 197      20646F75 
 197      626C6500 
 198              	.LASF5:
 199 01b3 73686F72 		.ascii	"short int\000"
 199      7420696E 
 199      7400
 200              		.section	.gnu.debuglto_.debug_line_str,"eMS",%progbits,1
 201              	.LASF15:
 202 0000 2F686F6D 		.ascii	"/home/kocur/wideband-2311-f0_addon/firmware\000"
 202      652F6B6F 
 202      6375722F 
 202      77696465 
 202      62616E64 
 203              	.LASF16:
 204 002c 43686962 		.ascii	"ChibiOS/os/hal/src/hal_mmcsd.c\000"
 204      694F532F 
 204      6F732F68 
 204      616C2F73 
 204      72632F68 
 205              		.text
 206              		.section	.gnu.lto_.profile.ad409b4162202049,"e",%progbits
 207 0000 789C6362 		.ascii	"x\234cb\000\001\000\000\022\000\003"
 207      00010000 
 207      120003
 208              		.text
 209              		.section	.gnu.lto_.icf.ad409b4162202049,"e",%progbits
 210 0000 789C6362 		.ascii	"x\234cb@\006\000\000*\000\003"
 210      40060000 
 210      2A0003
 211              		.text
 212              		.section	.gnu.lto_.ipa_sra.ad409b4162202049,"e",%progbits
 213 0000 789C6362 		.ascii	"x\234cb@\006\000\000*\000\003"
 213      40060000 
 213      2A0003
 214              		.text
ARM GAS  /tmp/cc56wO8Y.s 			page 6


 215              		.section	.gnu.lto_.inline.ad409b4162202049,"e",%progbits
 216 0000 789C6362 		.ascii	"x\234cb@\006\000\000*\000\003"
 216      40060000 
 216      2A0003
 217              		.text
 218              		.section	.gnu.lto_.jmpfuncs.ad409b4162202049,"e",%progbits
 219 0000 789C6362 		.ascii	"x\234cb@\006\000\000*\000\003"
 219      40060000 
 219      2A0003
 220              		.text
 221              		.section	.gnu.lto_.pureconst.ad409b4162202049,"e",%progbits
 222 0000 789C6364 		.ascii	"x\234cd\000\002\000\000\012\000\002"
 222      00020000 
 222      0A0002
 223              		.text
 224              		.section	.gnu.lto_.ipa_modref.ad409b4162202049,"e",%progbits
 225 0000 789C6362 		.ascii	"x\234cb@\006\000\000*\000\003"
 225      40060000 
 225      2A0003
 226              		.text
 227              		.section	.gnu.lto_.lto.ad409b4162202049,"e",%progbits
 228 0000 0B000300 		.ascii	"\013\000\003\000\001\000\000\000"
 228      01000000 
 229              		.text
 230              		.section	.gnu.lto_.symbol_nodes.ad409b4162202049,"e",%progbits
 231 0000 789C6362 		.ascii	"x\234cb\000\001\000\000\022\000\003"
 231      00010000 
 231      120003
 232              		.text
 233              		.section	.gnu.lto_.refs.ad409b4162202049,"e",%progbits
 234 0000 789C6364 		.ascii	"x\234cd\000\002\000\000\012\000\002"
 234      00020000 
 234      0A0002
 235              		.text
 236              		.section	.gnu.lto_.decls.ad409b4162202049,"e",%progbits
 237 0000 789C6360 		.ascii	"x\234c````\004b\036 \376\017\004 \366e\006(\000\000"
 237      60606004 
 237      621E20FE 
 237      0F0420F6 
 237      65062800 
 238 0015 466C04DE 		.ascii	"Fl\004\336"
 239              		.text
 240              		.section	.gnu.lto_.symtab.ad409b4162202049,"e",%progbits
 241              		.text
 242              		.section	.gnu.lto_.ext_symtab.ad409b4162202049,"e",%progbits
 243 0000 01       		.ascii	"\001"
 244              		.text
 245              		.section	.gnu.lto_.opts,"e",%progbits
 246 0000 272D666E 		.ascii	"'-fno-openmp' '-fno-openacc' '-fno-pie' '-fcf-prote"
 246      6F2D6F70 
 246      656E6D70 
 246      2720272D 
 246      666E6F2D 
 247 0033 6374696F 		.ascii	"ction=none' '-g' '-mcpu=cortex-m0' '-mthumb' '-mflo"
 247      6E3D6E6F 
 247      6E652720 
 247      272D6727 
ARM GAS  /tmp/cc56wO8Y.s 			page 7


 247      20272D6D 
 248 0066 61742D61 		.ascii	"at-abi=soft' '-mlibarch=armv6s-m' '-march=armv6s-m'"
 248      62693D73 
 248      6F667427 
 248      20272D6D 
 248      6C696261 
 249 0099 20272D4F 		.ascii	" '-O2' '-fomit-frame-pointer' '-falign-functions=16"
 249      32272027 
 249      2D666F6D 
 249      69742D66 
 249      72616D65 
 250 00cc 2720272D 		.ascii	"' '-fsingle-precision-constant' '-ffunction-section"
 250      6673696E 
 250      676C652D 
 250      70726563 
 250      6973696F 
 251 00ff 73272027 		.ascii	"s' '-fdata-sections' '-fno-common' '-flto' '-Xassem"
 251      2D666461 
 251      74612D73 
 251      65637469 
 251      6F6E7327 
 252 0132 626C6572 		.ascii	"bler' '-alms=./build/lst/hal_mmcsd.lst'\000"
 252      2720272D 
 252      616C6D73 
 252      3D2E2F62 
 252      75696C64 
 253              		.text
 254              		.comm	__gnu_lto_slim,1,1
 255              		.ident	"GCC: (Arm GNU Toolchain 11.3.Rel1) 11.3.1 20220712"
ARM GAS  /tmp/cc56wO8Y.s 			page 8


DEFINED SYMBOLS
                            *ABS*:0000000000000000 hal_mmcsd.c
     /tmp/cc56wO8Y.s:18     .gnu.debuglto_.debug_info:0000000000000000 hal_mmcsd.c.39c493f7
                            *COM*:0000000000000001 __gnu_lto_slim

NO UNDEFINED SYMBOLS
