ARM GAS  /tmp/ccQQPKQT.s 			page 1


   1              		.cpu cortex-m0
   2              		.arch armv6s-m
   3              		.fpu softvfp
   4              		.eabi_attribute 20, 1
   5              		.eabi_attribute 21, 1
   6              		.eabi_attribute 23, 3
   7              		.eabi_attribute 24, 1
   8              		.eabi_attribute 25, 1
   9              		.eabi_attribute 26, 1
  10              		.eabi_attribute 30, 2
  11              		.eabi_attribute 34, 0
  12              		.eabi_attribute 18, 4
  13              		.file	"nvic.c"
  14              		.file 1 "/home/kocur/.rusefi-tools/arm-gnu-toolchain-11.3.rel1-x86_64-arm-none-eabi/arm-none-eabi/
  15              		.file 2 "/home/kocur/.rusefi-tools/arm-gnu-toolchain-11.3.rel1-x86_64-arm-none-eabi/arm-none-eabi/
  16              		.file 3 "ChibiOS/os/common/ext/ARM/CMSIS/Core/Include/core_cm0.h"
  17              		.file 4 "ChibiOS/os/hal/ports/common/ARMCMx/nvic.c"
  18              		.file 5 "ChibiOS/os/rt/include/chearly.h"
  19              		.section	.gnu.debuglto_.debug_info,"e",%progbits
  20              	.Ldebug_info0:
  21              		.hidden	nvic.c.7582f926
  22              		.weak	nvic.c.7582f926
  23              	nvic.c.7582f926:
  24 0000 FD020000 		.4byte	0x2fd
  25 0004 0500     		.2byte	0x5
  26 0006 01       		.byte	0x1
  27 0007 04       		.byte	0x4
  28 0008 00000000 		.4byte	.Ldebug_abbrev0
  29 000c 0F       		.uleb128 0xf
  30 000d 7E010000 		.4byte	.LASF39
  31 0011 1D       		.byte	0x1d
  32 0012 54010000 		.4byte	.LASF40
  33 0016 E2000000 		.4byte	.LASF41
  34 001a 00000000 		.4byte	.Ldebug_line0
  35 001e 10       		.uleb128 0x10
  36 001f 04       		.byte	0x4
  37 0020 05       		.byte	0x5
  38 0021 696E7400 		.ascii	"int\000"
  39 0025 01       		.uleb128 0x1
  40 0026 04       		.byte	0x4
  41 0027 07       		.byte	0x7
  42 0028 38010000 		.4byte	.LASF0
  43 002c 01       		.uleb128 0x1
  44 002d 08       		.byte	0x8
  45 002e 05       		.byte	0x5
  46 002f 6C020000 		.4byte	.LASF1
  47 0033 01       		.uleb128 0x1
  48 0034 08       		.byte	0x8
  49 0035 04       		.byte	0x4
  50 0036 AB020000 		.4byte	.LASF2
  51 003a 01       		.uleb128 0x1
  52 003b 01       		.byte	0x1
  53 003c 06       		.byte	0x6
  54 003d B7020000 		.4byte	.LASF3
  55 0041 01       		.uleb128 0x1
  56 0042 01       		.byte	0x1
  57 0043 08       		.byte	0x8
ARM GAS  /tmp/ccQQPKQT.s 			page 2


  58 0044 8B000000 		.4byte	.LASF4
  59 0048 01       		.uleb128 0x1
  60 0049 02       		.byte	0x2
  61 004a 05       		.byte	0x5
  62 004b 85020000 		.4byte	.LASF5
  63 004f 01       		.uleb128 0x1
  64 0050 02       		.byte	0x2
  65 0051 07       		.byte	0x7
  66 0052 B5000000 		.4byte	.LASF6
  67 0056 07       		.uleb128 0x7
  68 0057 3B000000 		.4byte	.LASF8
  69 005b 01       		.byte	0x1
  70 005c 4D       		.byte	0x4d
  71 005d 18       		.byte	0x18
  72 005e 62000000 		.4byte	0x62
  73 0062 01       		.uleb128 0x1
  74 0063 04       		.byte	0x4
  75 0064 05       		.byte	0x5
  76 0065 A2020000 		.4byte	.LASF7
  77 0069 07       		.uleb128 0x7
  78 006a 1F010000 		.4byte	.LASF9
  79 006e 01       		.byte	0x1
  80 006f 4F       		.byte	0x4f
  81 0070 19       		.byte	0x19
  82 0071 75000000 		.4byte	0x75
  83 0075 01       		.uleb128 0x1
  84 0076 04       		.byte	0x4
  85 0077 07       		.byte	0x7
  86 0078 A3000000 		.4byte	.LASF10
  87 007c 01       		.uleb128 0x1
  88 007d 08       		.byte	0x8
  89 007e 07       		.byte	0x7
  90 007f 74000000 		.4byte	.LASF11
  91 0083 07       		.uleb128 0x7
  92 0084 63000000 		.4byte	.LASF12
  93 0088 02       		.byte	0x2
  94 0089 2C       		.byte	0x2c
  95 008a 13       		.byte	0x13
  96 008b 56000000 		.4byte	0x56
  97 008f 07       		.uleb128 0x7
  98 0090 99020000 		.4byte	.LASF13
  99 0094 02       		.byte	0x2
 100 0095 30       		.byte	0x30
 101 0096 14       		.byte	0x14
 102 0097 69000000 		.4byte	0x69
 103 009b 08       		.uleb128 0x8
 104 009c 8F000000 		.4byte	0x8f
 105 00a0 0A       		.uleb128 0xa
 106 00a1 9B000000 		.4byte	0x9b
 107 00a5 11       		.uleb128 0x11
 108 00a6 04       		.byte	0x4
 109 00a7 B2000000 		.4byte	0xb2
 110 00ab 01       		.uleb128 0x1
 111 00ac 01       		.byte	0x1
 112 00ad 08       		.byte	0x8
 113 00ae 4A010000 		.4byte	.LASF14
 114 00b2 0A       		.uleb128 0xa
ARM GAS  /tmp/ccQQPKQT.s 			page 3


 115 00b3 AB000000 		.4byte	0xab
 116 00b7 12       		.uleb128 0x12
 117 00b8 2003     		.2byte	0x320
 118 00ba 03       		.byte	0x3
 119 00bb 3A01     		.2byte	0x13a
 120 00bd 09       		.byte	0x9
 121 00be 42010000 		.4byte	0x142
 122 00c2 02       		.uleb128 0x2
 123 00c3 80020000 		.4byte	.LASF15
 124 00c7 3C01     		.2byte	0x13c
 125 00c9 52010000 		.4byte	0x152
 126 00cd 00       		.byte	0
 127 00ce 02       		.uleb128 0x2
 128 00cf 45000000 		.4byte	.LASF16
 129 00d3 3D01     		.2byte	0x13d
 130 00d5 57010000 		.4byte	0x157
 131 00d9 04       		.byte	0x4
 132 00da 02       		.uleb128 0x2
 133 00db 2A010000 		.4byte	.LASF17
 134 00df 3E01     		.2byte	0x13e
 135 00e1 52010000 		.4byte	0x152
 136 00e5 80       		.byte	0x80
 137 00e6 02       		.uleb128 0x2
 138 00e7 5B020000 		.4byte	.LASF18
 139 00eb 3F01     		.2byte	0x13f
 140 00ed 57010000 		.4byte	0x157
 141 00f1 84       		.byte	0x84
 142 00f2 05       		.uleb128 0x5
 143 00f3 45010000 		.4byte	.LASF19
 144 00f7 4001     		.2byte	0x140
 145 00f9 52010000 		.4byte	0x152
 146 00fd 0001     		.2byte	0x100
 147 00ff 05       		.uleb128 0x5
 148 0100 E6020000 		.4byte	.LASF20
 149 0104 4101     		.2byte	0x141
 150 0106 57010000 		.4byte	0x157
 151 010a 0401     		.2byte	0x104
 152 010c 05       		.uleb128 0x5
 153 010d 0F000000 		.4byte	.LASF21
 154 0111 4201     		.2byte	0x142
 155 0113 52010000 		.4byte	0x152
 156 0117 8001     		.2byte	0x180
 157 0119 05       		.uleb128 0x5
 158 011a 59000000 		.4byte	.LASF22
 159 011e 4301     		.2byte	0x143
 160 0120 57010000 		.4byte	0x157
 161 0124 8401     		.2byte	0x184
 162 0126 05       		.uleb128 0x5
 163 0127 00000000 		.4byte	.LASF23
 164 012b 4401     		.2byte	0x144
 165 012d 67010000 		.4byte	0x167
 166 0131 0002     		.2byte	0x200
 167 0133 13       		.uleb128 0x13
 168 0134 495000   		.ascii	"IP\000"
 169 0137 03       		.byte	0x3
 170 0138 4501     		.2byte	0x145
 171 013a 12       		.byte	0x12
ARM GAS  /tmp/ccQQPKQT.s 			page 4


 172 013b 87010000 		.4byte	0x187
 173 013f 0003     		.2byte	0x300
 174 0141 00       		.byte	0
 175 0142 03       		.uleb128 0x3
 176 0143 9B000000 		.4byte	0x9b
 177 0147 52010000 		.4byte	0x152
 178 014b 04       		.uleb128 0x4
 179 014c 25000000 		.4byte	0x25
 180 0150 00       		.byte	0
 181 0151 00       		.byte	0
 182 0152 08       		.uleb128 0x8
 183 0153 42010000 		.4byte	0x142
 184 0157 03       		.uleb128 0x3
 185 0158 8F000000 		.4byte	0x8f
 186 015c 67010000 		.4byte	0x167
 187 0160 04       		.uleb128 0x4
 188 0161 25000000 		.4byte	0x25
 189 0165 1E       		.byte	0x1e
 190 0166 00       		.byte	0
 191 0167 03       		.uleb128 0x3
 192 0168 8F000000 		.4byte	0x8f
 193 016c 77010000 		.4byte	0x177
 194 0170 04       		.uleb128 0x4
 195 0171 25000000 		.4byte	0x25
 196 0175 3F       		.byte	0x3f
 197 0176 00       		.byte	0
 198 0177 03       		.uleb128 0x3
 199 0178 9B000000 		.4byte	0x9b
 200 017c 87010000 		.4byte	0x187
 201 0180 04       		.uleb128 0x4
 202 0181 25000000 		.4byte	0x25
 203 0185 07       		.byte	0x7
 204 0186 00       		.byte	0
 205 0187 08       		.uleb128 0x8
 206 0188 77010000 		.4byte	0x177
 207 018c 0D       		.uleb128 0xd
 208 018d 99000000 		.4byte	.LASF24
 209 0191 4601     		.2byte	0x146
 210 0193 04       		.byte	0x4
 211 0194 B7000000 		.4byte	0xb7
 212 0198 14       		.uleb128 0x14
 213 0199 28       		.byte	0x28
 214 019a 03       		.byte	0x3
 215 019b 5501     		.2byte	0x155
 216 019d 09       		.byte	0x9
 217 019e 0F020000 		.4byte	0x20f
 218 01a2 02       		.uleb128 0x2
 219 01a3 7A020000 		.4byte	.LASF25
 220 01a7 5701     		.2byte	0x157
 221 01a9 A0000000 		.4byte	0xa0
 222 01ad 00       		.byte	0
 223 01ae 02       		.uleb128 0x2
 224 01af 4F010000 		.4byte	.LASF26
 225 01b3 5801     		.2byte	0x158
 226 01b5 9B000000 		.4byte	0x9b
 227 01b9 04       		.byte	0x4
 228 01ba 02       		.uleb128 0x2
ARM GAS  /tmp/ccQQPKQT.s 			page 5


 229 01bb 45000000 		.4byte	.LASF16
 230 01bf 5901     		.2byte	0x159
 231 01c1 8F000000 		.4byte	0x8f
 232 01c5 08       		.byte	0x8
 233 01c6 02       		.uleb128 0x2
 234 01c7 55020000 		.4byte	.LASF27
 235 01cb 5A01     		.2byte	0x15a
 236 01cd 9B000000 		.4byte	0x9b
 237 01d1 0C       		.byte	0xc
 238 01d2 0B       		.uleb128 0xb
 239 01d3 53435200 		.ascii	"SCR\000"
 240 01d7 5B01     		.2byte	0x15b
 241 01d9 9B000000 		.4byte	0x9b
 242 01dd 10       		.byte	0x10
 243 01de 0B       		.uleb128 0xb
 244 01df 43435200 		.ascii	"CCR\000"
 245 01e3 5C01     		.2byte	0x15c
 246 01e5 9B000000 		.4byte	0x9b
 247 01e9 14       		.byte	0x14
 248 01ea 02       		.uleb128 0x2
 249 01eb 4F000000 		.4byte	.LASF28
 250 01ef 5D01     		.2byte	0x15d
 251 01f1 8F000000 		.4byte	0x8f
 252 01f5 18       		.byte	0x18
 253 01f6 0B       		.uleb128 0xb
 254 01f7 53485000 		.ascii	"SHP\000"
 255 01fb 5E01     		.2byte	0x15e
 256 01fd 1F020000 		.4byte	0x21f
 257 0201 1C       		.byte	0x1c
 258 0202 02       		.uleb128 0x2
 259 0203 23000000 		.4byte	.LASF29
 260 0207 5F01     		.2byte	0x15f
 261 0209 9B000000 		.4byte	0x9b
 262 020d 24       		.byte	0x24
 263 020e 00       		.byte	0
 264 020f 03       		.uleb128 0x3
 265 0210 9B000000 		.4byte	0x9b
 266 0214 1F020000 		.4byte	0x21f
 267 0218 04       		.uleb128 0x4
 268 0219 25000000 		.4byte	0x25
 269 021d 01       		.byte	0x1
 270 021e 00       		.byte	0
 271 021f 08       		.uleb128 0x8
 272 0220 0F020000 		.4byte	0x20f
 273 0224 0D       		.uleb128 0xd
 274 0225 2F010000 		.4byte	.LASF30
 275 0229 6001     		.2byte	0x160
 276 022b 03       		.byte	0x3
 277 022c 98010000 		.4byte	0x198
 278 0230 01       		.uleb128 0x1
 279 0231 01       		.byte	0x1
 280 0232 02       		.byte	0x2
 281 0233 E0020000 		.4byte	.LASF31
 282 0237 15       		.uleb128 0x15
 283 0238 8F020000 		.4byte	.LASF42
 284 023c 05       		.byte	0x5
 285 023d 4C       		.byte	0x4c
ARM GAS  /tmp/ccQQPKQT.s 			page 6


 286 023e 08       		.byte	0x8
 287 023f 49020000 		.4byte	0x249
 288 0243 16       		.uleb128 0x16
 289 0244 A5000000 		.4byte	0xa5
 290 0248 00       		.byte	0
 291 0249 06       		.uleb128 0x6
 292 024a 14000000 		.4byte	.LASF32
 293 024e AD       		.byte	0xad
 294 024f 5D020000 		.4byte	0x25d
 295 0253 09       		.uleb128 0x9
 296 0254 6E00     		.ascii	"n\000"
 297 0256 AD       		.byte	0xad
 298 0257 1E       		.byte	0x1e
 299 0258 8F000000 		.4byte	0x8f
 300 025c 00       		.byte	0
 301 025d 06       		.uleb128 0x6
 302 025e 0E010000 		.4byte	.LASF33
 303 0262 A3       		.byte	0xa3
 304 0263 71020000 		.4byte	0x271
 305 0267 09       		.uleb128 0x9
 306 0268 6E00     		.ascii	"n\000"
 307 026a A3       		.byte	0xa3
 308 026b 20       		.byte	0x20
 309 026c 8F000000 		.4byte	0x8f
 310 0270 00       		.byte	0
 311 0271 06       		.uleb128 0x6
 312 0272 C3020000 		.4byte	.LASF34
 313 0276 92       		.byte	0x92
 314 0277 9B020000 		.4byte	0x29b
 315 027b 0C       		.uleb128 0xc
 316 027c 64020000 		.4byte	.LASF35
 317 0280 92       		.byte	0x92
 318 0281 2C       		.byte	0x2c
 319 0282 8F000000 		.4byte	0x8f
 320 0286 0C       		.uleb128 0xc
 321 0287 0A000000 		.4byte	.LASF36
 322 028b 92       		.byte	0x92
 323 028c 3E       		.byte	0x3e
 324 028d 8F000000 		.4byte	0x8f
 325 0291 17       		.uleb128 0x17
 326 0292 6B000000 		.4byte	.LASF43
 327 0296 AB020000 		.4byte	0x2ab
 328 029a 00       		.byte	0
 329 029b 03       		.uleb128 0x3
 330 029c B2000000 		.4byte	0xb2
 331 02a0 AB020000 		.4byte	0x2ab
 332 02a4 04       		.uleb128 0x4
 333 02a5 25000000 		.4byte	0x25
 334 02a9 1C       		.byte	0x1c
 335 02aa 00       		.byte	0
 336 02ab 0A       		.uleb128 0xa
 337 02ac 9B020000 		.4byte	0x29b
 338 02b0 06       		.uleb128 0x6
 339 02b1 29000000 		.4byte	.LASF37
 340 02b5 7D       		.byte	0x7d
 341 02b6 C4020000 		.4byte	0x2c4
 342 02ba 09       		.uleb128 0x9
ARM GAS  /tmp/ccQQPKQT.s 			page 7


 343 02bb 6E00     		.ascii	"n\000"
 344 02bd 7D       		.byte	0x7d
 345 02be 21       		.byte	0x21
 346 02bf 8F000000 		.4byte	0x8f
 347 02c3 00       		.byte	0
 348 02c4 06       		.uleb128 0x6
 349 02c5 D1000000 		.4byte	.LASF38
 350 02c9 66       		.byte	0x66
 351 02ca E3020000 		.4byte	0x2e3
 352 02ce 09       		.uleb128 0x9
 353 02cf 6E00     		.ascii	"n\000"
 354 02d1 66       		.byte	0x66
 355 02d2 20       		.byte	0x20
 356 02d3 8F000000 		.4byte	0x8f
 357 02d7 0C       		.uleb128 0xc
 358 02d8 0A000000 		.4byte	.LASF36
 359 02dc 66       		.byte	0x66
 360 02dd 2C       		.byte	0x2c
 361 02de 8F000000 		.4byte	0x8f
 362 02e2 00       		.byte	0
 363 02e3 18       		.uleb128 0x18
 364 02e4 C8000000 		.4byte	.LASF44
 365 02e8 04       		.byte	0x4
 366 02e9 4F       		.byte	0x4f
 367 02ea 06       		.byte	0x6
 368 02eb 0E       		.uleb128 0xe
 369 02ec 6E00     		.ascii	"n\000"
 370 02ee 52       		.byte	0x52
 371 02ef 0C       		.byte	0xc
 372 02f0 8F000000 		.4byte	0x8f
 373 02f4 19       		.uleb128 0x19
 374 02f5 0E       		.uleb128 0xe
 375 02f6 6900     		.ascii	"i\000"
 376 02f8 57       		.byte	0x57
 377 02f9 11       		.byte	0x11
 378 02fa 8F000000 		.4byte	0x8f
 379 02fe 00       		.byte	0
 380 02ff 00       		.byte	0
 381 0300 00       		.byte	0
 382              		.section	.gnu.debuglto_.debug_abbrev,"e",%progbits
 383              	.Ldebug_abbrev0:
 384 0000 01       		.uleb128 0x1
 385 0001 24       		.uleb128 0x24
 386 0002 00       		.byte	0
 387 0003 0B       		.uleb128 0xb
 388 0004 0B       		.uleb128 0xb
 389 0005 3E       		.uleb128 0x3e
 390 0006 0B       		.uleb128 0xb
 391 0007 03       		.uleb128 0x3
 392 0008 0E       		.uleb128 0xe
 393 0009 00       		.byte	0
 394 000a 00       		.byte	0
 395 000b 02       		.uleb128 0x2
 396 000c 0D       		.uleb128 0xd
 397 000d 00       		.byte	0
 398 000e 03       		.uleb128 0x3
 399 000f 0E       		.uleb128 0xe
ARM GAS  /tmp/ccQQPKQT.s 			page 8


 400 0010 3A       		.uleb128 0x3a
 401 0011 21       		.uleb128 0x21
 402 0012 03       		.sleb128 3
 403 0013 3B       		.uleb128 0x3b
 404 0014 05       		.uleb128 0x5
 405 0015 39       		.uleb128 0x39
 406 0016 21       		.uleb128 0x21
 407 0017 12       		.sleb128 18
 408 0018 49       		.uleb128 0x49
 409 0019 13       		.uleb128 0x13
 410 001a 38       		.uleb128 0x38
 411 001b 0B       		.uleb128 0xb
 412 001c 00       		.byte	0
 413 001d 00       		.byte	0
 414 001e 03       		.uleb128 0x3
 415 001f 01       		.uleb128 0x1
 416 0020 01       		.byte	0x1
 417 0021 49       		.uleb128 0x49
 418 0022 13       		.uleb128 0x13
 419 0023 01       		.uleb128 0x1
 420 0024 13       		.uleb128 0x13
 421 0025 00       		.byte	0
 422 0026 00       		.byte	0
 423 0027 04       		.uleb128 0x4
 424 0028 21       		.uleb128 0x21
 425 0029 00       		.byte	0
 426 002a 49       		.uleb128 0x49
 427 002b 13       		.uleb128 0x13
 428 002c 2F       		.uleb128 0x2f
 429 002d 0B       		.uleb128 0xb
 430 002e 00       		.byte	0
 431 002f 00       		.byte	0
 432 0030 05       		.uleb128 0x5
 433 0031 0D       		.uleb128 0xd
 434 0032 00       		.byte	0
 435 0033 03       		.uleb128 0x3
 436 0034 0E       		.uleb128 0xe
 437 0035 3A       		.uleb128 0x3a
 438 0036 21       		.uleb128 0x21
 439 0037 03       		.sleb128 3
 440 0038 3B       		.uleb128 0x3b
 441 0039 05       		.uleb128 0x5
 442 003a 39       		.uleb128 0x39
 443 003b 21       		.uleb128 0x21
 444 003c 12       		.sleb128 18
 445 003d 49       		.uleb128 0x49
 446 003e 13       		.uleb128 0x13
 447 003f 38       		.uleb128 0x38
 448 0040 05       		.uleb128 0x5
 449 0041 00       		.byte	0
 450 0042 00       		.byte	0
 451 0043 06       		.uleb128 0x6
 452 0044 2E       		.uleb128 0x2e
 453 0045 01       		.byte	0x1
 454 0046 3F       		.uleb128 0x3f
 455 0047 19       		.uleb128 0x19
 456 0048 03       		.uleb128 0x3
ARM GAS  /tmp/ccQQPKQT.s 			page 9


 457 0049 0E       		.uleb128 0xe
 458 004a 3A       		.uleb128 0x3a
 459 004b 21       		.uleb128 0x21
 460 004c 04       		.sleb128 4
 461 004d 3B       		.uleb128 0x3b
 462 004e 0B       		.uleb128 0xb
 463 004f 39       		.uleb128 0x39
 464 0050 21       		.uleb128 0x21
 465 0051 06       		.sleb128 6
 466 0052 27       		.uleb128 0x27
 467 0053 19       		.uleb128 0x19
 468 0054 01       		.uleb128 0x1
 469 0055 13       		.uleb128 0x13
 470 0056 00       		.byte	0
 471 0057 00       		.byte	0
 472 0058 07       		.uleb128 0x7
 473 0059 16       		.uleb128 0x16
 474 005a 00       		.byte	0
 475 005b 03       		.uleb128 0x3
 476 005c 0E       		.uleb128 0xe
 477 005d 3A       		.uleb128 0x3a
 478 005e 0B       		.uleb128 0xb
 479 005f 3B       		.uleb128 0x3b
 480 0060 0B       		.uleb128 0xb
 481 0061 39       		.uleb128 0x39
 482 0062 0B       		.uleb128 0xb
 483 0063 49       		.uleb128 0x49
 484 0064 13       		.uleb128 0x13
 485 0065 00       		.byte	0
 486 0066 00       		.byte	0
 487 0067 08       		.uleb128 0x8
 488 0068 35       		.uleb128 0x35
 489 0069 00       		.byte	0
 490 006a 49       		.uleb128 0x49
 491 006b 13       		.uleb128 0x13
 492 006c 00       		.byte	0
 493 006d 00       		.byte	0
 494 006e 09       		.uleb128 0x9
 495 006f 05       		.uleb128 0x5
 496 0070 00       		.byte	0
 497 0071 03       		.uleb128 0x3
 498 0072 08       		.uleb128 0x8
 499 0073 3A       		.uleb128 0x3a
 500 0074 21       		.uleb128 0x21
 501 0075 04       		.sleb128 4
 502 0076 3B       		.uleb128 0x3b
 503 0077 0B       		.uleb128 0xb
 504 0078 39       		.uleb128 0x39
 505 0079 0B       		.uleb128 0xb
 506 007a 49       		.uleb128 0x49
 507 007b 13       		.uleb128 0x13
 508 007c 00       		.byte	0
 509 007d 00       		.byte	0
 510 007e 0A       		.uleb128 0xa
 511 007f 26       		.uleb128 0x26
 512 0080 00       		.byte	0
 513 0081 49       		.uleb128 0x49
ARM GAS  /tmp/ccQQPKQT.s 			page 10


 514 0082 13       		.uleb128 0x13
 515 0083 00       		.byte	0
 516 0084 00       		.byte	0
 517 0085 0B       		.uleb128 0xb
 518 0086 0D       		.uleb128 0xd
 519 0087 00       		.byte	0
 520 0088 03       		.uleb128 0x3
 521 0089 08       		.uleb128 0x8
 522 008a 3A       		.uleb128 0x3a
 523 008b 21       		.uleb128 0x21
 524 008c 03       		.sleb128 3
 525 008d 3B       		.uleb128 0x3b
 526 008e 05       		.uleb128 0x5
 527 008f 39       		.uleb128 0x39
 528 0090 21       		.uleb128 0x21
 529 0091 12       		.sleb128 18
 530 0092 49       		.uleb128 0x49
 531 0093 13       		.uleb128 0x13
 532 0094 38       		.uleb128 0x38
 533 0095 0B       		.uleb128 0xb
 534 0096 00       		.byte	0
 535 0097 00       		.byte	0
 536 0098 0C       		.uleb128 0xc
 537 0099 05       		.uleb128 0x5
 538 009a 00       		.byte	0
 539 009b 03       		.uleb128 0x3
 540 009c 0E       		.uleb128 0xe
 541 009d 3A       		.uleb128 0x3a
 542 009e 21       		.uleb128 0x21
 543 009f 04       		.sleb128 4
 544 00a0 3B       		.uleb128 0x3b
 545 00a1 0B       		.uleb128 0xb
 546 00a2 39       		.uleb128 0x39
 547 00a3 0B       		.uleb128 0xb
 548 00a4 49       		.uleb128 0x49
 549 00a5 13       		.uleb128 0x13
 550 00a6 00       		.byte	0
 551 00a7 00       		.byte	0
 552 00a8 0D       		.uleb128 0xd
 553 00a9 16       		.uleb128 0x16
 554 00aa 00       		.byte	0
 555 00ab 03       		.uleb128 0x3
 556 00ac 0E       		.uleb128 0xe
 557 00ad 3A       		.uleb128 0x3a
 558 00ae 21       		.uleb128 0x21
 559 00af 03       		.sleb128 3
 560 00b0 3B       		.uleb128 0x3b
 561 00b1 05       		.uleb128 0x5
 562 00b2 39       		.uleb128 0x39
 563 00b3 0B       		.uleb128 0xb
 564 00b4 49       		.uleb128 0x49
 565 00b5 13       		.uleb128 0x13
 566 00b6 00       		.byte	0
 567 00b7 00       		.byte	0
 568 00b8 0E       		.uleb128 0xe
 569 00b9 34       		.uleb128 0x34
 570 00ba 00       		.byte	0
ARM GAS  /tmp/ccQQPKQT.s 			page 11


 571 00bb 03       		.uleb128 0x3
 572 00bc 08       		.uleb128 0x8
 573 00bd 3A       		.uleb128 0x3a
 574 00be 21       		.uleb128 0x21
 575 00bf 04       		.sleb128 4
 576 00c0 3B       		.uleb128 0x3b
 577 00c1 0B       		.uleb128 0xb
 578 00c2 39       		.uleb128 0x39
 579 00c3 0B       		.uleb128 0xb
 580 00c4 49       		.uleb128 0x49
 581 00c5 13       		.uleb128 0x13
 582 00c6 00       		.byte	0
 583 00c7 00       		.byte	0
 584 00c8 0F       		.uleb128 0xf
 585 00c9 11       		.uleb128 0x11
 586 00ca 01       		.byte	0x1
 587 00cb 25       		.uleb128 0x25
 588 00cc 0E       		.uleb128 0xe
 589 00cd 13       		.uleb128 0x13
 590 00ce 0B       		.uleb128 0xb
 591 00cf 03       		.uleb128 0x3
 592 00d0 0E       		.uleb128 0xe
 593 00d1 1B       		.uleb128 0x1b
 594 00d2 0E       		.uleb128 0xe
 595 00d3 10       		.uleb128 0x10
 596 00d4 17       		.uleb128 0x17
 597 00d5 00       		.byte	0
 598 00d6 00       		.byte	0
 599 00d7 10       		.uleb128 0x10
 600 00d8 24       		.uleb128 0x24
 601 00d9 00       		.byte	0
 602 00da 0B       		.uleb128 0xb
 603 00db 0B       		.uleb128 0xb
 604 00dc 3E       		.uleb128 0x3e
 605 00dd 0B       		.uleb128 0xb
 606 00de 03       		.uleb128 0x3
 607 00df 08       		.uleb128 0x8
 608 00e0 00       		.byte	0
 609 00e1 00       		.byte	0
 610 00e2 11       		.uleb128 0x11
 611 00e3 0F       		.uleb128 0xf
 612 00e4 00       		.byte	0
 613 00e5 0B       		.uleb128 0xb
 614 00e6 0B       		.uleb128 0xb
 615 00e7 49       		.uleb128 0x49
 616 00e8 13       		.uleb128 0x13
 617 00e9 00       		.byte	0
 618 00ea 00       		.byte	0
 619 00eb 12       		.uleb128 0x12
 620 00ec 13       		.uleb128 0x13
 621 00ed 01       		.byte	0x1
 622 00ee 0B       		.uleb128 0xb
 623 00ef 05       		.uleb128 0x5
 624 00f0 3A       		.uleb128 0x3a
 625 00f1 0B       		.uleb128 0xb
 626 00f2 3B       		.uleb128 0x3b
 627 00f3 05       		.uleb128 0x5
ARM GAS  /tmp/ccQQPKQT.s 			page 12


 628 00f4 39       		.uleb128 0x39
 629 00f5 0B       		.uleb128 0xb
 630 00f6 01       		.uleb128 0x1
 631 00f7 13       		.uleb128 0x13
 632 00f8 00       		.byte	0
 633 00f9 00       		.byte	0
 634 00fa 13       		.uleb128 0x13
 635 00fb 0D       		.uleb128 0xd
 636 00fc 00       		.byte	0
 637 00fd 03       		.uleb128 0x3
 638 00fe 08       		.uleb128 0x8
 639 00ff 3A       		.uleb128 0x3a
 640 0100 0B       		.uleb128 0xb
 641 0101 3B       		.uleb128 0x3b
 642 0102 05       		.uleb128 0x5
 643 0103 39       		.uleb128 0x39
 644 0104 0B       		.uleb128 0xb
 645 0105 49       		.uleb128 0x49
 646 0106 13       		.uleb128 0x13
 647 0107 38       		.uleb128 0x38
 648 0108 05       		.uleb128 0x5
 649 0109 00       		.byte	0
 650 010a 00       		.byte	0
 651 010b 14       		.uleb128 0x14
 652 010c 13       		.uleb128 0x13
 653 010d 01       		.byte	0x1
 654 010e 0B       		.uleb128 0xb
 655 010f 0B       		.uleb128 0xb
 656 0110 3A       		.uleb128 0x3a
 657 0111 0B       		.uleb128 0xb
 658 0112 3B       		.uleb128 0x3b
 659 0113 05       		.uleb128 0x5
 660 0114 39       		.uleb128 0x39
 661 0115 0B       		.uleb128 0xb
 662 0116 01       		.uleb128 0x1
 663 0117 13       		.uleb128 0x13
 664 0118 00       		.byte	0
 665 0119 00       		.byte	0
 666 011a 15       		.uleb128 0x15
 667 011b 2E       		.uleb128 0x2e
 668 011c 01       		.byte	0x1
 669 011d 3F       		.uleb128 0x3f
 670 011e 19       		.uleb128 0x19
 671 011f 03       		.uleb128 0x3
 672 0120 0E       		.uleb128 0xe
 673 0121 3A       		.uleb128 0x3a
 674 0122 0B       		.uleb128 0xb
 675 0123 3B       		.uleb128 0x3b
 676 0124 0B       		.uleb128 0xb
 677 0125 39       		.uleb128 0x39
 678 0126 0B       		.uleb128 0xb
 679 0127 27       		.uleb128 0x27
 680 0128 19       		.uleb128 0x19
 681 0129 3C       		.uleb128 0x3c
 682 012a 19       		.uleb128 0x19
 683 012b 01       		.uleb128 0x1
 684 012c 13       		.uleb128 0x13
ARM GAS  /tmp/ccQQPKQT.s 			page 13


 685 012d 00       		.byte	0
 686 012e 00       		.byte	0
 687 012f 16       		.uleb128 0x16
 688 0130 05       		.uleb128 0x5
 689 0131 00       		.byte	0
 690 0132 49       		.uleb128 0x49
 691 0133 13       		.uleb128 0x13
 692 0134 00       		.byte	0
 693 0135 00       		.byte	0
 694 0136 17       		.uleb128 0x17
 695 0137 34       		.uleb128 0x34
 696 0138 00       		.byte	0
 697 0139 03       		.uleb128 0x3
 698 013a 0E       		.uleb128 0xe
 699 013b 49       		.uleb128 0x49
 700 013c 13       		.uleb128 0x13
 701 013d 34       		.uleb128 0x34
 702 013e 19       		.uleb128 0x19
 703 013f 00       		.byte	0
 704 0140 00       		.byte	0
 705 0141 18       		.uleb128 0x18
 706 0142 2E       		.uleb128 0x2e
 707 0143 01       		.byte	0x1
 708 0144 3F       		.uleb128 0x3f
 709 0145 19       		.uleb128 0x19
 710 0146 03       		.uleb128 0x3
 711 0147 0E       		.uleb128 0xe
 712 0148 3A       		.uleb128 0x3a
 713 0149 0B       		.uleb128 0xb
 714 014a 3B       		.uleb128 0x3b
 715 014b 0B       		.uleb128 0xb
 716 014c 39       		.uleb128 0x39
 717 014d 0B       		.uleb128 0xb
 718 014e 27       		.uleb128 0x27
 719 014f 19       		.uleb128 0x19
 720 0150 00       		.byte	0
 721 0151 00       		.byte	0
 722 0152 19       		.uleb128 0x19
 723 0153 0B       		.uleb128 0xb
 724 0154 01       		.byte	0x1
 725 0155 00       		.byte	0
 726 0156 00       		.byte	0
 727 0157 00       		.byte	0
 728              		.section	.gnu.debuglto_.debug_line,"e",%progbits
 729              	.Ldebug_line0:
 730 0000 5A000000 		.4byte	.LELT0-.LSLT0
 731              	.LSLT0:
 732 0004 0500     		.2byte	0x5
 733 0006 04       		.byte	0x4
 734 0007 00       		.byte	0
 735 0008 52000000 		.4byte	.LELTP0-.LASLTP0
 736              	.LASLTP0:
 737 000c 01       		.byte	0x1
 738 000d 01       		.byte	0x1
 739 000e 01       		.byte	0x1
 740 000f F6       		.byte	0xf6
 741 0010 F2       		.byte	0xf2
ARM GAS  /tmp/ccQQPKQT.s 			page 14


 742 0011 0D       		.byte	0xd
 743 0012 00       		.byte	0
 744 0013 01       		.byte	0x1
 745 0014 01       		.byte	0x1
 746 0015 01       		.byte	0x1
 747 0016 01       		.byte	0x1
 748 0017 00       		.byte	0
 749 0018 00       		.byte	0
 750 0019 00       		.byte	0
 751 001a 01       		.byte	0x1
 752 001b 00       		.byte	0
 753 001c 00       		.byte	0
 754 001d 01       		.byte	0x1
 755 001e 01       		.byte	0x1
 756 001f 01       		.uleb128 0x1
 757 0020 1F       		.uleb128 0x1f
 758 0021 06       		.uleb128 0x6
 759 0022 06010000 		.4byte	.LASF45
 760 0026 D9000000 		.4byte	.LASF46
 761 002a 9E010000 		.4byte	.LASF47
 762 002e 49000000 		.4byte	.LASF48
 763 0032 5F000000 		.4byte	.LASF49
 764 0036 39010000 		.4byte	.LASF50
 765 003a 02       		.byte	0x2
 766 003b 01       		.uleb128 0x1
 767 003c 1F       		.uleb128 0x1f
 768 003d 02       		.uleb128 0x2
 769 003e 0B       		.uleb128 0xb
 770 003f 06       		.uleb128 0x6
 771 0040 00000000 		.4byte	.LASF51
 772 0044 00       		.byte	0
 773 0045 C8000000 		.4byte	.LASF52
 774 0049 04       		.byte	0x4
 775 004a 2A000000 		.4byte	.LASF53
 776 004e 05       		.byte	0x5
 777 004f 34000000 		.4byte	.LASF54
 778 0053 01       		.byte	0x1
 779 0054 32010000 		.4byte	.LASF55
 780 0058 02       		.byte	0x2
 781 0059 3F000000 		.4byte	.LASF56
 782 005d 03       		.byte	0x3
 783              	.LELTP0:
 784              	.LELT0:
 785              		.section	.gnu.debuglto_.debug_str,"eMS",%progbits,1
 786              	.LASF23:
 787 0000 52455345 		.ascii	"RESERVED4\000"
 787      52564544 
 787      3400
 788              	.LASF36:
 789 000a 7072696F 		.ascii	"prio\000"
 789      00
 790              	.LASF21:
 791 000f 49435052 		.ascii	"ICPR\000"
 791      00
 792              	.LASF32:
 793 0014 6E766963 		.ascii	"nvicSetPending\000"
 793      53657450 
ARM GAS  /tmp/ccQQPKQT.s 			page 15


 793      656E6469 
 793      6E6700
 794              	.LASF29:
 795 0023 53484353 		.ascii	"SHCSR\000"
 795      5200
 796              	.LASF37:
 797 0029 6E766963 		.ascii	"nvicDisableVector\000"
 797      44697361 
 797      626C6556 
 797      6563746F 
 797      7200
 798              	.LASF8:
 799 003b 5F5F696E 		.ascii	"__int32_t\000"
 799      7433325F 
 799      7400
 800              	.LASF16:
 801 0045 52455345 		.ascii	"RESERVED0\000"
 801      52564544 
 801      3000
 802              	.LASF28:
 803 004f 52455345 		.ascii	"RESERVED1\000"
 803      52564544 
 803      3100
 804              	.LASF22:
 805 0059 52455345 		.ascii	"RESERVED3\000"
 805      52564544 
 805      3300
 806              	.LASF12:
 807 0063 696E7433 		.ascii	"int32_t\000"
 807      325F7400 
 808              	.LASF43:
 809 006b 5F5F6675 		.ascii	"__func__\000"
 809      6E635F5F 
 809      00
 810              	.LASF11:
 811 0074 6C6F6E67 		.ascii	"long long unsigned int\000"
 811      206C6F6E 
 811      6720756E 
 811      7369676E 
 811      65642069 
 812              	.LASF4:
 813 008b 756E7369 		.ascii	"unsigned char\000"
 813      676E6564 
 813      20636861 
 813      7200
 814              	.LASF24:
 815 0099 4E564943 		.ascii	"NVIC_Type\000"
 815      5F547970 
 815      6500
 816              	.LASF10:
 817 00a3 6C6F6E67 		.ascii	"long unsigned int\000"
 817      20756E73 
 817      69676E65 
 817      6420696E 
 817      7400
 818              	.LASF6:
 819 00b5 73686F72 		.ascii	"short unsigned int\000"
ARM GAS  /tmp/ccQQPKQT.s 			page 16


 819      7420756E 
 819      7369676E 
 819      65642069 
 819      6E7400
 820              	.LASF44:
 821 00c8 6E766963 		.ascii	"nvicInit\000"
 821      496E6974 
 821      00
 822              	.LASF38:
 823 00d1 6E766963 		.ascii	"nvicEnableVector\000"
 823      456E6162 
 823      6C655665 
 823      63746F72 
 823      00
 824              	.LASF41:
 825 00e2 2F686F6D 		.ascii	"/home/kocur/wideband-2311-f0_addon/firmware\000"
 825      652F6B6F 
 825      6375722F 
 825      77696465 
 825      62616E64 
 826              	.LASF33:
 827 010e 6E766963 		.ascii	"nvicClearPending\000"
 827      436C6561 
 827      7250656E 
 827      64696E67 
 827      00
 828              	.LASF9:
 829 011f 5F5F7569 		.ascii	"__uint32_t\000"
 829      6E743332 
 829      5F7400
 830              	.LASF17:
 831 012a 49434552 		.ascii	"ICER\000"
 831      00
 832              	.LASF30:
 833 012f 5343425F 		.ascii	"SCB_Type\000"
 833      54797065 
 833      00
 834              	.LASF0:
 835 0138 756E7369 		.ascii	"unsigned int\000"
 835      676E6564 
 835      20696E74 
 835      00
 836              	.LASF19:
 837 0145 49535052 		.ascii	"ISPR\000"
 837      00
 838              	.LASF14:
 839 014a 63686172 		.ascii	"char\000"
 839      00
 840              	.LASF26:
 841 014f 49435352 		.ascii	"ICSR\000"
 841      00
 842              	.LASF40:
 843 0154 43686962 		.ascii	"ChibiOS/os/hal/ports/common/ARMCMx/nvic.c\000"
 843      694F532F 
 843      6F732F68 
 843      616C2F70 
 843      6F727473 
ARM GAS  /tmp/ccQQPKQT.s 			page 17


 844              	.LASF39:
 845 017e 474E5520 		.ascii	"GNU C17 11.3.1 20220712 -mcpu=cortex-m0 -mthumb -mf"
 845      43313720 
 845      31312E33 
 845      2E312032 
 845      30323230 
 846 01b1 6C6F6174 		.ascii	"loat-abi=soft -march=armv6s-m -ggdb -O2 -fomit-fram"
 846      2D616269 
 846      3D736F66 
 846      74202D6D 
 846      61726368 
 847 01e4 652D706F 		.ascii	"e-pointer -falign-functions=16 -fsingle-precision-c"
 847      696E7465 
 847      72202D66 
 847      616C6967 
 847      6E2D6675 
 848 0217 6F6E7374 		.ascii	"onstant -ffunction-sections -fdata-sections -fno-co"
 848      616E7420 
 848      2D666675 
 848      6E637469 
 848      6F6E2D73 
 849 024a 6D6D6F6E 		.ascii	"mmon -flto\000"
 849      202D666C 
 849      746F00
 850              	.LASF27:
 851 0255 41495243 		.ascii	"AIRCR\000"
 851      5200
 852              	.LASF18:
 853 025b 52534552 		.ascii	"RSERVED1\000"
 853      56454431 
 853      00
 854              	.LASF35:
 855 0264 68616E64 		.ascii	"handler\000"
 855      6C657200 
 856              	.LASF1:
 857 026c 6C6F6E67 		.ascii	"long long int\000"
 857      206C6F6E 
 857      6720696E 
 857      7400
 858              	.LASF25:
 859 027a 43505549 		.ascii	"CPUID\000"
 859      4400
 860              	.LASF15:
 861 0280 49534552 		.ascii	"ISER\000"
 861      00
 862              	.LASF5:
 863 0285 73686F72 		.ascii	"short int\000"
 863      7420696E 
 863      7400
 864              	.LASF42:
 865 028f 63685379 		.ascii	"chSysHalt\000"
 865      7348616C 
 865      7400
 866              	.LASF13:
 867 0299 75696E74 		.ascii	"uint32_t\000"
 867      33325F74 
 867      00
ARM GAS  /tmp/ccQQPKQT.s 			page 18


 868              	.LASF7:
 869 02a2 6C6F6E67 		.ascii	"long int\000"
 869      20696E74 
 869      00
 870              	.LASF2:
 871 02ab 6C6F6E67 		.ascii	"long double\000"
 871      20646F75 
 871      626C6500 
 872              	.LASF3:
 873 02b7 7369676E 		.ascii	"signed char\000"
 873      65642063 
 873      68617200 
 874              	.LASF34:
 875 02c3 6E766963 		.ascii	"nvicSetSystemHandlerPriority\000"
 875      53657453 
 875      79737465 
 875      6D48616E 
 875      646C6572 
 876              	.LASF31:
 877 02e0 5F426F6F 		.ascii	"_Bool\000"
 877      6C00
 878              	.LASF20:
 879 02e6 52455345 		.ascii	"RESERVED2\000"
 879      52564544 
 879      3200
 880              		.section	.gnu.debuglto_.debug_line_str,"eMS",%progbits,1
 881              	.LASF51:
 882 0000 43686962 		.ascii	"ChibiOS/os/hal/ports/common/ARMCMx/nvic.c\000"
 882      694F532F 
 882      6F732F68 
 882      616C2F70 
 882      6F727473 
 883              	.LASF53:
 884 002a 5F737464 		.ascii	"_stdint.h\000"
 884      696E742E 
 884      6800
 885              	.LASF54:
 886 0034 636F7265 		.ascii	"core_cm0.h\000"
 886      5F636D30 
 886      2E6800
 887              	.LASF56:
 888 003f 63686561 		.ascii	"chearly.h\000"
 888      726C792E 
 888      6800
 889              	.LASF48:
 890 0049 43686962 		.ascii	"ChibiOS/os/rt/include\000"
 890      694F532F 
 890      6F732F72 
 890      742F696E 
 890      636C7564 
 891              	.LASF49:
 892 005f 2F686F6D 		.ascii	"/home/kocur/.rusefi-tools/arm-gnu-toolchain-11.3.re"
 892      652F6B6F 
 892      6375722F 
 892      2E727573 
 892      6566692D 
 893 0092 6C312D78 		.ascii	"l1-x86_64-arm-none-eabi/arm-none-eabi/include/machi"
ARM GAS  /tmp/ccQQPKQT.s 			page 19


 893      38365F36 
 893      342D6172 
 893      6D2D6E6F 
 893      6E652D65 
 894 00c5 6E6500   		.ascii	"ne\000"
 895              	.LASF52:
 896 00c8 5F646566 		.ascii	"_default_types.h\000"
 896      61756C74 
 896      5F747970 
 896      65732E68 
 896      00
 897              	.LASF46:
 898 00d9 43686962 		.ascii	"ChibiOS/os/common/ext/ARM/CMSIS/Core/Include\000"
 898      694F532F 
 898      6F732F63 
 898      6F6D6D6F 
 898      6E2F6578 
 899              	.LASF45:
 900 0106 2F686F6D 		.ascii	"/home/kocur/wideband-2311-f0_addon/firmware\000"
 900      652F6B6F 
 900      6375722F 
 900      77696465 
 900      62616E64 
 901              	.LASF55:
 902 0132 6E766963 		.ascii	"nvic.c\000"
 902      2E6300
 903              	.LASF50:
 904 0139 2F686F6D 		.ascii	"/home/kocur/.rusefi-tools/arm-gnu-toolchain-11.3.re"
 904      652F6B6F 
 904      6375722F 
 904      2E727573 
 904      6566692D 
 905 016c 6C312D78 		.ascii	"l1-x86_64-arm-none-eabi/arm-none-eabi/include/sys\000"
 905      38365F36 
 905      342D6172 
 905      6D2D6E6F 
 905      6E652D65 
 906              	.LASF47:
 907 019e 43686962 		.ascii	"ChibiOS/os/hal/ports/common/ARMCMx\000"
 907      694F532F 
 907      6F732F68 
 907      616C2F70 
 907      6F727473 
 908              		.text
 909              		.section	.gnu.lto_.profile.d83ad66780fe62b8,"e",%progbits
 910 0000 789C6362 		.ascii	"x\234cb\000\001\000\000\022\000\003"
 910      00010000 
 910      120003
 911              		.text
 912              		.section	.gnu.lto_.icf.d83ad66780fe62b8,"e",%progbits
 913 0000 789CCB62 		.ascii	"x\234\313b@\000v\206\276\371\333\232\230Y\230\030\230"
 913      40007686 
 913      BEF9DB9A 
 913      98599818 
 913      98
 914 0011 184198B1 		.ascii	"\030A\230\261\275\251\365#;\007\214\013\307\233\276"
 914      BDA9F523 
ARM GAS  /tmp/ccQQPKQT.s 			page 20


 914      3B078C0B 
 914      C79BBE
 915 0020 FC3BCF86 		.ascii	"\374;\317\206!\314\334>\367J\023;H3\023\010\263\234"
 915      21CCDC3E 
 915      F74A133B 
 915      48331308 
 915      B39C
 916 0032 6BFAB780 		.ascii	"k\372\267\200\227u\362\246\347\337\301\002\214l\347"
 916      9775F2A6 
 916      E7DFC102 
 916      8C6CE7
 917 0041 36CFBCCE 		.ascii	"6\317\274\316\001f2\000\000\022\215\024\354"
 917      01663200 
 917      00128D14 
 917      EC
 918              		.text
 919              		.section	.gnu.lto_.ipa_sra.d83ad66780fe62b8,"e",%progbits
 920 0000 789C3362 		.ascii	"x\2343b@\0006\006\006FF&\030\217\221\211\021L1#D\030"
 920      40003606 
 920      06464626 
 920      188F9189 
 920      114C3123 
 921 0016 18592162 		.ascii	"\030Y!bl\020\212\001\000\020-\000X"
 921      6C108A01 
 921      00102D00 
 921      58
 922              		.text
 923              		.section	.gnu.lto_.inline.d83ad66780fe62b8,"e",%progbits
 924 0000 789C9550 		.ascii	"x\234\225P\261\021\302@\014\223\345O\370\203\024\024"
 924      B111C240 
 924      0C93E54F 
 924      F8831414 
 925 0010 5CC87E90 		.ascii	"\\\310~\220\320Q\320\321Q3\00430B\006\241\240f\011\260"
 925      D051D0D1 
 925      51330433 
 925      304206A1 
 925      A06609B0 
 926 0024 3FE42F29 		.ascii	"?\344/)(p\363\266N\222\365>\011r\225\300\342m\245\255"
 926      2870F3B6 
 926      4E92F53E 
 926      097295C0 
 926      E26DA5AD 
 927 0038 80D13BB6 		.ascii	"\200\321;\266\206^\254\270'\350\034\301\326\306'\017"
 927      865EACB8 
 927      27E81CC1 
 927      D6C6270F 
 928 0048 4208D591 		.ascii	"B\010\325\221\341)*\347\351\\\320$\254C\000\023\270"
 928      E1292AE7 
 928      E95CD024 
 928      AC430013 
 928      B8
 929 0059 43CC5DE5 		.ascii	"C\314]\345v\304\306\246\273\331\311\327N\227\006\364"
 929      76C4C6A6 
 929      BBD9C9D7 
 929      4E9706F4 
 930 0069 FCE5E30C 		.ascii	"\374\345\343\014\324\217\333\365e\032\305\221Z\236e"
 930      D48FDBF5 
ARM GAS  /tmp/ccQQPKQT.s 			page 21


 930      651AC591 
 930      5A9E65
 931 0078 E5316661 		.ascii	"\3451fab\322\316M\352\024\274\233DX\347\256Ia\314'\330"
 931      62D2CE4D 
 931      EA14BC9B 
 931      4458E7AE 
 931      4961CC27 
 932 008d 0FA580EB 		.ascii	"\017\245\200\353{\273CN5\022\247\206\343\2220\034\357"
 932      7BBB434E 
 932      3512A786 
 932      E392301C 
 932      EF
 933 009e 7F0D3E2A 		.ascii	"\177\015>*FJ\313"
 933      464ACB
 934              		.text
 935              		.section	.gnu.lto_.jmpfuncs.d83ad66780fe62b8,"e",%progbits
 936 0000 789C0B60 		.ascii	"x\234\013`@\0006 fdbdd\256g\002! \213\021H1#\21103\261"
 936      40003620 
 936      66646264 
 936      64AE6702 
 936      21208B11 
 937 001b 30301E60 		.ascii	"00\036`ad\000\342?\377\377\377\347gdb+ed\004\342\377"
 937      616400E2 
 937      3FFFFFFF 
 937      E7676462 
 937      2B656404 
 938 0031 201E2B44 		.ascii	" \036+D\007\033\204b\000\000\354\211\016\300"
 938      071B8462 
 938      0000EC89 
 938      0EC0
 939              		.text
 940              		.section	.gnu.lto_.pureconst.d83ad66780fe62b8,"e",%progbits
 941 0000 789C1366 		.ascii	"x\234\023f```c\230\305\3028\213\205i\026\013\363,\026"
 941      60606063 
 941      98C5C238 
 941      8B856916 
 941      0BF32C16 
 942 0014 D6592C6C 		.ascii	"\326Y,l\263X\000%\306\003\337"
 942      B3580025 
 942      C603DF
 943              		.text
 944              		.section	.gnu.lto_.ipa_modref.d83ad66780fe62b8,"e",%progbits
 945 0000 789C9BC1 		.ascii	"x\234\233\301\200\000l\014\014\012\002\002\020\202\221"
 945      80006C0C 
 945      0C0A0202 
 945      108291
 946 000f 890D88D9 		.ascii	"\211\015\210\331\031\031\030\030Q\371\250\222L\370$"
 946      19191818 
 946      51F9A892 
 946      4CF824
 947 001e 99A17C0E 		.ascii	"\231\241|\016dI(\207\201\025\233]l\330\004\031\000\214"
 947      64492887 
 947      81159B5D 
 947      6CD80419 
 947      008C
 948 0030 DB0468   		.ascii	"\333\004h"
 949              		.text
ARM GAS  /tmp/ccQQPKQT.s 			page 22


 950              		.section	.gnu.lto_.lto.d83ad66780fe62b8,"e",%progbits
 951 0000 0B000300 		.ascii	"\013\000\003\000\001\000\000\000"
 951      01000000 
 952              		.text
 953              		.section	.gnu.lto_nvicInit.158.d83ad66780fe62b8,"e",%progbits
 954 0000 789C6D52 		.ascii	"x\234mRMh\023Q\020\236\357\355n\\Q\242\340\017x\013"
 954      4D681351 
 954      109EEFED 
 954      6E5C51A2 
 954      E00F780B 
 955 0014 821ED476 		.ascii	"\202\036\324vm\304\332\336*9\027\301\336\244 i~\310"
 955      6DC4DADE 
 955      2A3917C1 
 955      DEA42069 
 955      7EC8
 956 0026 A2C96A62 		.ascii	"\242\311jb\215\"%/\215Z\210\007\215\024\204\012\215"
 956      8D22252F 
 956      8D5A8807 
 956      8D14840A 
 956      8D
 957 0037 D58B14A5 		.ascii	"\325\213\024\245\364\246\255\255k\253Q\257\2027A\021"
 957      F4A6ADAD 
 957      6BAB51AF 
 957      82374111 
 958 0047 84A80715 		.ascii	"\204\250\007\025\253\021T\342\354\333\246\355\301\007"
 958      AB1154E2 
 958      ECDBA6ED 
 958      C107
 959 0055 FBDEBC99 		.ascii	"\373\336\274\231o\276\371f\336\232\202(C\376\207\000"
 959      6FBEF966 
 959      DE9A8228 
 959      43FE8700 
 960 0065 E17AA52C 		.ascii	"\341z\245,HJ\331\263N`\264Rn\216\355\306<\324]\303\350"
 960      484AD9B3 
 960      4E60B452 
 960      6E8EEDC6 
 960      3CD45DC3 
 961 007a 742BA68B 		.ascii	"t+\246\213R\345\212\360#!\375R%\250N\003\305J\271qs"
 961      52E58AF0 
 961      2321FD52 
 961      25A84E03 
 961      C54AB971 
 962 008f 2766FD0C 		.ascii	"'f\375\014PAh\354-\010\235\340\352\200\332hyMh\026\243"
 962      504168EC 
 962      2D089DE0 
 962      EA80DA68 
 962      794D6816 
 963 00a4 7E7DB851 		.ascii	"~}\270Q]\204\274\353\342\023Q\241\0253\020\330\002\316"
 963      5D84BCEB 
 963      E21351A1 
 963      153310D8 
 963      02CE
 964 00b6 0C6C43C8 		.ascii	"\014lC\310\200y\214\035{])\277N\226F\202\327\212\346"
 964      80798C1D 
 964      7B5D29BF 
 964      4E964682 
 964      D78AE6
ARM GAS  /tmp/ccQQPKQT.s 			page 23


 965 00c9 D00C0A0F 		.ascii	"\320\014\012\017\361@Q\365\17766\320,\274\\04\335\202"
 965      F14051F5 
 965      7F3636D0 
 965      2CBC5C30 
 965      34DD82
 966 00dc 4EDD292B 		.ascii	"N\335)+\350\334\032\350\017\206\316\203\036\201\372"
 966      E8DC1AE8 
 966      0F86CE83 
 966      1E81FA
 967 00eb 970C7601 		.ascii	"\227\014v\001s\230ze\270\362O\363\252\224\315\035\367"
 967      73987A65 
 967      B8F24FF3 
 967      AA94CD1D 
 967      F7
 968 00fc DF7C3103 		.ascii	"\337|1\003 \366\022\215kTd}\002\322%\252j\302\277\024"
 968      20F6128D 
 968      6B54647D 
 968      02D225AA 
 968      6AC2BF14 
 969 0110 F9D210F2 		.ascii	"\371\322\020\362\375\353\032\370\034\276\325\215\031"
 969      FDEB1AF8 
 969      1CBED58D 
 969      19
 970 011d 0486E03B 		.ascii	"\004\206\340;\337*\247\274=\255\363dT\270\217\251\360"
 970      DF2AA7BC 
 970      3DADF364 
 970      54B88FA9 
 970      F0
 971 012e D82B5ED5 		.ascii	"\330+^\325\264\025\006\315\003\177\253\011\372-\026"
 971      B41506CD 
 971      037FAB09 
 971      FA2D16
 972 013d 96EADBB9 		.ascii	"\226\352\333\271\315\013 \265\313\205\222\014\032\270"
 972      CD0B20B5 
 972      CB85920C 
 972      1AB8
 973 014b E7CDAFBE 		.ascii	"\347\315\257\276\361\374\002\236x\201\316\011)\315\374"
 973      F1FC029E 
 973      7881CE09 
 973      29CDFC
 974 015a 220689BA 		.ascii	"\"\006\211\272\330\254o\315=\205\353\221r\345&\257M"
 974      D8AC6FCD 
 974      3D85EB91 
 974      72E526AF 
 974      4D
 975 016b AAFAF735 		.ascii	"\252\372\3675\204\377%x\216\323+\004/|\002<\203\257"
 975      84FF2578 
 975      8ED32B04 
 975      2F7C023C 
 975      83AF
 976 017d FCF22E4F 		.ascii	"\374\362.Oo\210\3452\247\257Wg\012\251{z\301\241\036"
 976      6F88E532 
 976      A7AF5767 
 976      0AA97B7A 
 976      C1A11E
 977 0190 6F2A9ADF 		.ascii	"o*\232\337_C\365\367S\\\374\030\321\226\333\243\021"
 977      5F43F5F7 
ARM GAS  /tmp/ccQQPKQT.s 			page 24


 977      535CFC18 
 977      D196DBA3 
 977      11
 978 01a1 65893103 		.ascii	"e\2111\003/\241M\256\347|cubM1\374\356o\315\344\377"
 978      2FA14DAE 
 978      E77C6375 
 978      624D31FC 
 978      EE6FCDE4 
 979 01b6 42BDEEB8 		.ascii	"B\275\356\270\206\325\321\022\355\263RN:a\235pb\203"
 979      86D5D112 
 979      EDB3524E 
 979      3A619D70 
 979      6283
 980 01c8 592B6FC7 		.ascii	"Y+o\307\023\003\321L\274-|\240\243\243-\271\377x4\036"
 980      1303D14C 
 980      BC2D7CA0 
 980      A3A32DB9 
 980      FF78341E 
 981 01dc 773256D2 		.ascii	"w2V\322\316\246\363\321l\202\366DR\366\200}\244\317"
 981      CEA6F3D1 
 981      6C82F644 
 981      52F6807D 
 981      A4CF
 982 01ee 7272562A 		.ascii	"rrV*z\322:\345d\317\344\254\230\223N3\352\360\321\336"
 982      7AD23AE5 
 982      64CFE4AC 
 982      98934E33 
 982      EAF0D1DE 
 983 0202 48EF392B 		.ascii	"H\3579+s\326\216\265\307\010\231\315\276\325~\350`W"
 983      73D68EB5 
 983      C70899CD 
 983      BED57EE8 
 983      6057
 984 0214 38D91DEE 		.ascii	"8\331\035\356$\330\377\000\024\001\346Z"
 984      24D8FF00 
 984      1401E65A 
 985              		.text
 986              		.section	.gnu.lto_nvicEnableVector.159.d83ad66780fe62b8,"e",%progbits
 987 0000 789C7D52 		.ascii	"x\234}RMh\023Q\020\236y\263\273\371k\332\200\012\275"
 987      4D681351 
 987      109E79B3 
 987      BBF96BDA 
 987      800ABD
 988 0013 29144124 		.ascii	")\024A$\351\332\210\265\336\224\036<\025Ao\"H\232\037"
 988      E9DA88B5 
 988      DE941E3C 
 988      15416F22 
 988      489A1F
 989 0026 B2D4646B 		.ascii	"\262\324dkb\215\207J^\033H \027\251\010\026\241\225"
 989      628D874A 
 989      5E1B4820 
 989      17A90816 
 989      A195
 990 0038 82871C04 		.ascii	"\202\207\034\004A\020j\251\030S\212?`\255\221\332\203"
 990      41106AA9 
 990      18538A3F 
 990      60AD91DA 
ARM GAS  /tmp/ccQQPKQT.s 			page 25


 990      83
 991 0049 0645A854 		.ascii	"\006E\250T\017\036\204\242`5\316\356\246\376\034t\341"
 991      0F1E84A2 
 991      6035CEEE 
 991      A6FE1C74 
 991      E1
 992 005a 7BBC6FE6 		.ascii	"{\274o\346\315|\363\276}7\004\300Y\000\350b \001^\236"
 992      CD7CF3BE 
 992      7D3704C0 
 992      5900E862 
 992      20015E9E 
 993 006e 280B9052 		.ascii	"(\013\220R\036v\011\034\233({\360\036\332\014!/0\217"
 993      1E76091C 
 993      9B287BF0 
 993      1EDA0C21 
 993      2F308F
 994 0081 33A433FD 		.ascii	"3\2443\375\272vui\001e\245\212\037\001\362`\177*j\333"
 994      BA767569 
 994      0165A58A 
 994      1F01F260 
 994      7F2A6ADB 
 995 0095 50E17507 		.ascii	"P\341u\007\356R\321}\022BU)\227\037\315J\351\201\213"
 995      EE52D17D 
 995      12425529 
 995      971FCD4A 
 995      E9818B
 996 00a8 7398BF8B 		.ascii	"s\230\277\213\263\010 \360\324\222\312\351\224\223~"
 996      B30820F0 
 996      D492CAE9 
 996      94937E
 997 00b7 EDA4E7FF 		.ascii	"\355\244\347\377H\257\252\000>\247+\007\340V]\255\312"
 997      48AFAA00 
 997      3EA72B07 
 997      E0565DAD 
 997      CA
 998 00c8 CDE62529 		.ascii	"\315\346%)W\336\343\247\256\355\010B\010\0061\024\206"
 998      57DEE3A7 
 998      AEED0842 
 998      08063114 
 998      86
 999 00d9 0A823486 		.ascii	"\012\2024\206\213\367n\206\207\341e\370\030m\014?\347"
 999      8BF76E86 
 999      87E165F8 
 999      186D0C3F 
 999      E7
 1000 00ea DA11E730 		.ascii	"\332\021\3470\2008\317\015\247\311\272\235TPV\001\256"
 1000      8038CF0D 
 1000      A7C9BA9D 
 1000      54505601 
 1000      AE
 1001 00fb 9370C818 		.ascii	"\223p\310\030\223/B\276\273\363\020\341\233(\374(\256"
 1001      932F42BE 
 1001      BBF310E1 
 1001      9B28FC28 
 1001      AE
 1002 010c A884D4AE 		.ascii	"\250\204\324\256\355A\301\274V\377\020$\301W\313!\330"
 1002      ED41C1BC 
ARM GAS  /tmp/ccQQPKQT.s 			page 26


 1002      56FF1024 
 1002      C157CB21 
 1002      D8
 1003 011d ABAC1564 		.ascii	"\253\254\025d\273\2127-k*\273G\036`\325J\364\316H\351"
 1003      BB8A372D 
 1003      6B2ABB47 
 1003      1E60D54A 
 1003      F4CE48E9 
 1004 0131 CED690ED 		.ascii	"\316\326\220\355\354\343\355z\320\\\300Q\313\032\356"
 1004      ECE3ED7A 
 1004      D05CC051 
 1004      CB1AEE
 1005 0140 38596A74 		.ascii	"8Yjt\022\331\035\311\342\267\213H\012\021S\267E7\213"
 1005      12D91DC9 
 1005      E2B78B48 
 1005      0A1153B7 
 1005      45378B
 1006 0153 8B9DA46A 		.ascii	"\213\235\244j\257\000\233\034\347\310\370\265\322\242"
 1006      AF009B1C 
 1006      E7C8F8B5 
 1006      D2A2
 1007 0161 8B34529D 		.ascii	"\2134R\235\342\015\215\\d]\324>\373fj\224\334\024\260"
 1007      E20D8D5C 
 1007      645DD43E 
 1007      FB666A94 
 1007      DC14B0
 1008 0174 8EB722DF 		.ascii	"\216\267\"\3375\362p\310\252,\\)\255N\275\324\310\313"
 1008      35F270C8 
 1008      AA2C5C29 
 1008      AD4EBDD4 
 1008      C8CB
 1009 0186 151E6BF8 		.ascii	"\025\036k\370\317\345\006\265f]\247\277g}\2745k\245"
 1009      CFE506B5 
 1009      665DA7BF 
 1009      677DBC35 
 1009      6BA5
 1010 0198 C37C62CF 		.ascii	"\303|b\317J^\333\207\373\216\017\223\2455\205|\366\324"
 1010      4A5EDB87 
 1010      FB8E0F93 
 1010      A535857C 
 1010      F6D4
 1011 01aa 3B5BBE08 		.ascii	";[\276\010jc\316\312\252\243\274A\344\267(\222\317\021"
 1011      6A63CECA 
 1011      AAA3BC41 
 1011      E4B72892 
 1011      CF11
 1012 01bc 7BFA0FB1 		.ascii	"{\372\017\261\3243\034j\031\323a.c\302\022\363\333b"
 1012      D4331C6A 
 1012      19D3612E 
 1012      63C212F3 
 1012      DB62
 1013 01ce CF6DB1FF 		.ascii	"\317m\261\377\225\326\321\370U\372b\253\264)\306\337"
 1013      95D6D1F8 
 1013      55FA62AB 
 1013      B429C6DF 
 1014 01de 368EDA6F 		.ascii	"6\216\332oo\232\360\367O\005\010\352I3\025\327\207\314"
 1014      6F9AF0F7 
ARM GAS  /tmp/ccQQPKQT.s 			page 27


 1014      4F0508EA 
 1014      493315D7 
 1014      87CC
 1015 01f0 E84846CF 		.ascii	"\350HF\317\031\261\370`$\035\013\205\367\367\364\204"
 1015      19B1F860 
 1015      241D0B85 
 1015      F7F7F484 
 1016 0200 12FB4E47 		.ascii	"\022\373NGb13\255'\214L*\027\311\304ao\177\322\0304"
 1016      623133AD 
 1016      278C4C2A 
 1016      17C9C461 
 1016      6F7FD218 
 1017 0215 8E9DD0CD 		.ascii	"\216\235\320\315\254\236\214\234\321\207\315\314\271"
 1017      AC9E8C9C 
 1017      D187CDCC 
 1017      B9
 1018 0222 AC1E3553 		.ascii	"\254\0365S)>u\344\370@\377\300\005=}\336\210vG\001\323"
 1018      293E75E4 
 1018      F840FFC0 
 1018      053D7DDE 
 1018      88764701 
 1019 0237 0167D77D 		.ascii	"\001g\327}\360@_8q(\334\013\312p\3060\177\002\255}\360"
 1019      F0405F38 
 1019      7128DC0B 
 1019      CA70C630 
 1019      7F02AD7D 
 1020 024c 76       		.ascii	"v"
 1021              		.text
 1022              		.section	.gnu.lto_nvicDisableVector.160.d83ad66780fe62b8,"e",%progbits
 1023 0000 789C7552 		.ascii	"x\234uRMh\023Q\020\236y\263\273\3314`\013\"xSPA$\351"
 1023      4D681351 
 1023      109E79B3 
 1023      BBD93460 
 1023      0B227853 
 1024 0018 DA88B5DE 		.ascii	"\332\210\265\336\224z\022\212\2407\021$\315\017Y\322"
 1024      947A128A 
 1024      A0371124 
 1024      CD0F59D2 
 1025 0028 CDD6C436 		.ascii	"\315\326\3046\"H^[H!\027\211 J\017\225\336*\010\202"
 1025      22485E5B 
 1025      48211789 
 1025      204A0F95 
 1025      DE2A0882 
 1026 003c 20D47859 		.ascii	" \324xYSTZ(\226BO\"\210\030(\202\027A\024l\214\363\336"
 1026      53545A28 
 1026      96424F22 
 1026      88182882 
 1026      1741146C 
 1027 0053 62ADA00B 		.ascii	"b\255\240\013\337\333\371\346\3557\363\2767{N\000\214"
 1027      DFDBF9E6 
 1027      ED37F3BE 
 1027      377B4E00 
 1027      8C
 1028 0064 01C02106 		.ascii	"\001\300!\006\022\340\235F]\200\224\362LD\340T\243\036"
 1028      12E09D46 
 1028      5D8094F2 
 1028      4C44E054 
ARM GAS  /tmp/ccQQPKQT.s 			page 28


 1028      A31E
 1029 0076 C5E7A819 		.ascii	"\305\347\250\031BU`\025\027\310a\372\275}\257\263\214"
 1029      42556015 
 1029      17C861FA 
 1029      BD7DAFB3 
 1029      8C
 1030 0087 7231C04F 		.ascii	"r1\300O\000U\320\217\211\326^4x\335\207\007M\264/C\""
 1030      0055D08F 
 1030      89D65E34 
 1030      78DD8707 
 1030      4DB42F43 
 1031 009c 90727D65 		.ascii	"\220r}eI\312(\334jb\365\031.!\200\300+M\023 \026\312"
 1031      49CA28DC 
 1031      6A62F519 
 1031      2E2180C0 
 1031      2B4D1320 
 1032 00b2 38018F37 		.ascii	"8\001\2177\314@nwoK\331\376\210sG\372\020\204\020\014"
 1032      CC406E77 
 1032      6F4BD9FE 
 1032      887347FA 
 1032      1084100C 
 1033 00c6 024106BF 		.ascii	"\002A\006\277M\206\305\2100l\316E\031=\034\307\020\233"
 1033      4D86C588 
 1033      306CCE45 
 1033      193D1CC7 
 1033      109B
 1034 00d8 AC9F2775 		.ascii	"\254\237'uZi\240\014\000\036\220\010\311\024\223oB~"
 1034      5A69A00C 
 1034      001E9008 
 1034      C914936F 
 1034      427E
 1035 00ea E8BE46F8 		.ascii	"\350\276F\370!f\356\317\266\015B\212YG\361\200\342?"
 1035      2166EECF 
 1035      B60D428A 
 1035      5947F180 
 1035      E23F
 1036 00fc 6B9B8204 		.ascii	"k\233\202\004\363\267\200\246Jl\327\276\022\221\242"
 1036      F3B780A6 
 1036      4A6CD7BE 
 1036      1291A2
 1037 010b 484AD1FA 		.ascii	"HJ\321\372R_#\366RA\320\253l\315\310=&>Rw\261E\023/"
 1037      525F23F6 
 1037      5241D0AB 
 1037      6CCDC83D 
 1037      263E5277 
 1038 0123 30501B83 		.ascii	"0P\033\203\013R\332\345\026^\003\030\342p\253\327_\306"
 1038      0B52DAE5 
 1038      165E0318 
 1038      E270ABD7 
 1038      5FC6
 1039 0135 9B6C8948 		.ascii	"\233l\211H7o\254\356*\365O\351K\364v\244\257vK\357j"
 1039      376FACEE 
 1039      2AF54FE9 
 1039      4BF476A4 
 1039      AF764BEF 
 1040 014a 299F73CD 		.ascii	")\237s\315$C\237[\250R\033\017\343d\376\256u\370\257"
 1040      24439F5B 
ARM GAS  /tmp/ccQQPKQT.s 			page 29


 1040      A8521B0F 
 1040      E364FEAE 
 1040      75F8AF
 1041 015d 5A851574 		.ascii	"Z\205\025t\303Z\213q\177\025'\325H\264\363\315\375d"
 1041      C35A8B71 
 1041      7F1527D5 
 1041      48B4F3CD 
 1041      FD64
 1042 016f E90AA4F8 		.ascii	"\351\012\244\370\223\032R\204,\246v\350\273\023![\371"
 1042      931A5284 
 1042      2CA676E8 
 1042      BB13215B 
 1042      F9
 1043 0180 EE729E33 		.ascii	"\356r\2363\323s\263\035\213\242d\207\342\317\026\365"
 1043      D373B31D 
 1043      8BA26487 
 1043      E2CF16F5 
 1044 0190 90C977AE 		.ascii	"\220\311w\256}\274\373\217\217\302\233\235\336\275\376"
 1044      7DBCFB8F 
 1044      8FC29B9D 
 1044      DEBDFE
 1045 019f BAEECD23 		.ascii	"\272\356\315#\352\212\351\367O\317\353\177c\236\360"
 1045      EA8AE9F7 
 1045      4FCFEB7F 
 1045      639EF0
 1046 01ae CF9000E2 		.ascii	"\317\220\000\342N\336\367\262N\301OO\224\234\212\233"
 1046      4EDEF7B2 
 1046      4EC14F4F 
 1046      949C8A9B 
 1047 01be C98EA68A 		.ascii	"\311\216\246\212\231D\362\304\300@\"w\374j*\223\361"
 1047      9944F2C4 
 1047      C0402277 
 1047      FC6A2A93 
 1047      F1
 1048 01cf 8B4ECE2D 		.ascii	"\213N\316-y\225T)\013\307\206\363\356\250{\341\222\343"
 1048      79955429 
 1048      0BC786F3 
 1048      EEA87BE1 
 1048      92E3
 1049 01e1 979D7C6A 		.ascii	"\227\235|j\314\031\367K\327\313N\332\367<\376\352\354"
 1049      CC19F74B 
 1049      D7CB4EDA 
 1049      F73CFEEA 
 1049      EC
 1050 01f2 C591E191 		.ascii	"\305\221\341\221\033Nq\322M\367\247\001\213}a\324\177"
 1050      1B4E71D2 
 1050      4DF7A701 
 1050      8B7D61D4 
 1050      7F
 1051 0203 EAE45032 		.ascii	"\352\344P2w:9\010\277\000\036\"\323P"
 1051      773A3908 
 1051      BF001E22 
 1051      D350
 1052              		.text
 1053              		.section	.gnu.lto_nvicSetSystemHandlerPriority.161.d83ad66780fe62b8,"e",%progbits
 1054 0000 789C5551 		.ascii	"x\234UQMHTQ\024>\347\236\373\336\31482&\"X+i\025\242"
 1054      4D485451 
ARM GAS  /tmp/ccQQPKQT.s 			page 30


 1054      143EE79E 
 1054      FBDECC38 
 1054      32262258 
 1055 0018 BE3433DB 		.ascii	"\27643\333\025.\202@\202\332\265\211qfl\036:>\235\311"
 1055      152E8240 
 1055      82DAB589 
 1055      71666C1E 
 1055      3A3E9DC9 
 1056 002c 1442E6FA 		.ascii	"\024B\346\372\303\010\323B&\004\303\305\210\273\311"
 1056      C308D342 
 1056      2604C3C5 
 1056      88BBC9
 1057 003b A2A09589 		.ascii	"\242\240\225\211\305dDe\024*DX!!\270i%\201fiN\347\275"
 1057      C5644465 
 1057      142A4458 
 1057      2121B869 
 1057      25816669 
 1058 0052 A7560FBE 		.ascii	"\247V\017\276{\357\367\235s\317w\316\273\343\002\240"
 1058      7BEFF79D 
 1058      73CF77CE 
 1058      BBE302A0 
 1059 0062 17002E30 		.ascii	"\027\000.0P\003\274\223I\013PJ\235\363\0101\224\271"
 1059      5003BC93 
 1059      490B504A 
 1059      9DF30831 
 1059      94B9
 1060 0074 2DF029A6 		.ascii	"-\360)\246\037\216\226\313\341L`ki\243J\022\216\035"
 1060      1F8E96CB 
 1060      E14C606B 
 1060      69A34A12 
 1060      8E1D
 1061 0086 66481CC8 		.ascii	"fH\034\310\244}\234\3410\204\244 \211I\234\"\203\205"
 1061      A47D9CE1 
 1061      3084A420 
 1061      89499C22 
 1061      8385
 1062 0098 EDF5F1E9 		.ascii	"\355\365\361\351\227\250ry\374\006\220\004\347\323P"
 1062      97A87279 
 1062      FC069004 
 1062      E7D350
 1063 00a7 2F43C96B 		.ascii	"/C\311k9Vj\350\275\0125y\245\026\277\314(\345\203\376"
 1063      39566AE8 
 1063      BD0A3579 
 1063      A516BFCC 
 1063      28E583FE 
 1064 00bb 594C3EC1 		.ascii	"YL>\301\031\004\020\330\272\303I\336\204\033\336s\303"
 1064      190410D8 
 1064      BAC349DE 
 1064      841BDE73 
 1064      C3
 1065 00cc 73FF8453 		.ascii	"s\377\204S\032\200\337\255\312\002\012\361hY\313\253"
 1065      1A80DFAD 
 1065      CA020AF1 
 1065      6859CBAB 
 1066 00dc DDC2A852 		.ascii	"\335\302\250R\353\025\357?\3122\004A\202A\014\311\320"
 1066      EB15EF3F 
 1066      CA320441 
ARM GAS  /tmp/ccQQPKQT.s 			page 31


 1066      82410CC9 
 1066      D0
 1067 00ed 183AC303 		.ascii	"\030:\303\003Bz\031>>\0271\374\214bF\000q\026K\021\347"
 1067      427A193E 
 1067      3E1731FC 
 1067      8C624600 
 1067      71164B11 
 1068 0102 B85C96EC 		.ascii	"\270\\\226\354\351\224D\225\007\230$\341\222\001&?\204"
 1068      E9944495 
 1068      079824E1 
 1068      9201263F 
 1068      84
 1069 0113 5A5B5940 		.ascii	"Z[Y@{?\356.[bx\265\231\002z?\372\235\001'\211\0267~"
 1069      7B3FEE2E 
 1069      5B6278B5 
 1069      99027A3F 
 1069      FA9D0127 
 1070 012b E5D04E27 		.ascii	"\345\320N''\343\267\030\256\2044\212\236\2043~7\362"
 1070      27E3B718 
 1070      AE84348A 
 1070      9E84337E 
 1070      37F2
 1071 013d 9AE6FD16 		.ascii	"\232\346\375\026\357\017PZ\363\370\0349\236R\312\333"
 1071      EF0F505A 
 1071      F3F81C39 
 1071      9E52CADB 
 1072 014d FD029FA1 		.ascii	"\375\002\237\241\3609e\344\241\253v\340\266\266Z\004"
 1072      F03965E4 
 1072      A1AB76E0 
 1072      B6B65A04 
 1073 015d 3B62E8EE 		.ascii	";b\350\356\310;\235\220=O`\211\315\263)$A\310t\273P"
 1073      C83B9D90 
 1073      3D4F6089 
 1073      CDB32924 
 1073      41C874BB 
 1074 0172 2838D21E 		.ascii	"(8\322\036KD\202%\301t~\371^\003\331?\275\335\366\346"
 1074      4B448225 
 1074      C1747EF9 
 1074      5E03D93F 
 1074      BDDDF6E6 
 1075 0186 557D1A52 		.ascii	"U}\032R\001\333\235-r\325\346\033|m\007\032\247\270"
 1075      01DB9D2D 
 1075      72D5E61B 
 1075      7C6D071A 
 1075      A7B8
 1076 0198 85EB0B18 		.ascii	"\205\353\013\030\001h\342c\256!\364\026\373\354\231"
 1076      0168E263 
 1076      AE21F416 
 1076      FBEC99
 1077 01a7 5CCF63A4 		.ascii	"\\\317c\2449\236d\363\307l\240\223\306\324k\323\335"
 1077      399E64F3 
 1077      C76CA093 
 1077      C6D46BD3 
 1077      DD
 1078 01b8 D4E651F2 		.ascii	"\324\346Q\362\350\237\001\013\254\263281\262YA^\376"
 1078      E89F010B 
 1078      ACB33238 
ARM GAS  /tmp/ccQQPKQT.s 			page 32


 1078      31B25941 
 1078      5EFE
 1079 01ca DDCEE5F5 		.ascii	"\335\316\345\365\012\362\221\244\375\334W\367'\220\212"
 1079      0AF291A4 
 1079      FDDC57F7 
 1079      27908A
 1080 01d9 A8D4CED7 		.ascii	"\250\324\316\327\367\257{\310\317\222\303\306F\012\323"
 1080      F7AF7BC8 
 1080      CF92C3C6 
 1080      460AD3
 1081 01e8 590F15F3 		.ascii	"Y\017\025\363\025\277\335\375\367\364\007y\320,\375"
 1081      15BFDDFD 
 1081      F7F40779 
 1081      D02CFD
 1082 01f7 DFECD261 		.ascii	"\337\354\322a\263%\241e\247Y~\314\202\030\374\372\363"
 1082      B325A165 
 1082      A7597ECC 
 1082      8218FCFA 
 1082      F3
 1083 0208 A2F31A59 		.ascii	"\242\363\032Y\302\277/\011PmD\255X\304h\267B=q\243\327"
 1083      C2BF2F09 
 1083      506D44AD 
 1083      58C468B7 
 1083      423D71A3 
 1084 021d 0C475A83 		.ascii	"\014GZ\203\235\341\232\372Suu5m'\257\005\303a\253\323"
 1084      9DE19AFA 
 1084      53757535 
 1084      6D27AF05 
 1084      C361ABD3 
 1085 0231 6833E3B1 		.ascii	"h3\343\261\336`<\002U\315Q\263\325\274t\305\260\022"
 1085      DE603C02 
 1085      55CD51B3 
 1085      D5BC74C5 
 1085      B012
 1086 0243 4634D861 		.ascii	"F4\330atY\361\033\011#d\305b\234u\376rKsK\237\321y\323"
 1086      7459F11B 
 1086      092364C5 
 1086      629C75FE 
 1086      724B734B 
 1087 025b 0CD586C0 		.ascii	"\014\325\206\300\023\345:\035\221\370\021\227\327\236"
 1087      13E53A1D 
 1087      91F81197 
 1087      D79E
 1088 0269 39DD54DF 		.ascii	"9\335T\337v\266\276\021dW\334\264\376\000\205\377\362"
 1088      76B6BE11 
 1088      6457DCB4 
 1088      FE0085FF 
 1088      F2
 1089 027a 71       		.ascii	"q"
 1090              		.text
 1091              		.section	.gnu.lto_nvicClearPending.162.d83ad66780fe62b8,"e",%progbits
 1092 0000 789C4550 		.ascii	"x\234EPMH[A\020\236o\367=\033\021T\220\236+HA\304\270"
 1092      4D485B41 
 1092      109E6FF7 
 1092      3D1B1154 
 1092      909E2B48 
 1093 0017 1A318DB7 		.ascii	"\0321\215\267\026\217\"\005{\023\241\304\374\220\207"
ARM GAS  /tmp/ccQQPKQT.s 			page 33


 1093      168F2205 
 1093      7B13A1C4 
 1093      FC9087
 1094 0026 264F1335 		.ascii	"&O\0235^$\023\005\205\\\304^Z(Z\274y\020\274\252=\370"
 1094      5E241305 
 1094      855CC45E 
 1094      5A285ABC 
 1094      7910BCAA 
 1095 003c 0C088220 		.ascii	"\014\010\202 \"xS\020Q\024\217^\024\024u\362rpaf\277"
 1095      22785310 
 1095      51148F5E 
 1095      141475F2 
 1095      72706166 
 1096 0051 6FBED9DD 		.ascii	"o\276\331\335o6\004\2421\"j\221\200&\374Z.)b\346\257"
 1096      6F3604A2 
 1096      31226A91 
 1096      8026FC5A 
 1096      2E2962E6 
 1097 0066 1F148ACB 		.ascii	"\037\024\212\313\245Z\374\207\317@\005\205\002\326\264"
 1097      A55AFC87 
 1097      CF400585 
 1097      02D6B4
 1098 0075 11FA78FD 		.ascii	"\021\372x\375\373p\037\274\356\341\216\250@\376\262"
 1098      FB701FBC 
 1098      EEE18EA8 
 1098      40FEB2
 1099 0084 51D3044B 		.ascii	"Q\323\004K\362G4\333\010\014Q\320c>>\330b\256\245\331"
 1099      F24734DB 
 1099      080C51D0 
 1099      633E3ED8 
 1099      62AEA5D9 
 1100 0098 1D14B6B1 		.ascii	"\035\024\266\261%O)\014\337XDu\325cR\240\315\023\333"
 1100      254F290C 
 1100      DF584475 
 1100      D56352A0 
 1100      CD13DB
 1101 00ab E3E7D725 		.ascii	"\343\347\327%\346\363+\034}\016\200\224R\244\264\226"
 1101      E6F32B1C 
 1101      7D0E8094 
 1101      52A4B496 
 1102 00bb DD92B081 		.ascii	"\335\222\260\201\035\351[\325\025Wl\201=\242\177ZUI"
 1102      1DE95BD5 
 1102      15576C81 
 1102      3DA27F5A 
 1102      5549
 1103 00cd 51C883E2 		.ascii	"Q\310\203\342\313\277\207\240'5\377g\361\324\322\320"
 1103      CBBF87A0 
 1103      2735FF67 
 1103      F1D4D2D0 
 1104 00dd 764D2B3E 		.ascii	"vM+>U\370\363\302\265\326\012\355\332W_\026N\345ZQ\317"
 1104      55F8F3C2 
 1104      B5D60AED 
 1104      DA575F16 
 1104      4EE55A51 
 1105 00f2 08B614E6 		.ascii	"\010\266\024\346^\026E\266\264\022\\\276/\355k1\237"
 1105      5E1645B6 
 1105      B4125CBE 
ARM GAS  /tmp/ccQQPKQT.s 			page 34


 1105      2FED6B31 
 1105      9F
 1106 0103 07F999CB 		.ascii	"\007\371\231\313\363\\oc\2432\374\255\236\362\260[\021"
 1106      F35C6F63 
 1106      A332FCAD 
 1106      9EF2B05B 
 1106      11
 1107 0114 C26BCC81 		.ascii	"\302k\314\201\334\036&\210\"\002o\033\3342fd\006m\321"
 1107      DC1E2688 
 1107      22026F1B 
 1107      DC326664 
 1107      066DD1
 1108 0127 AB9ABB58 		.ascii	"\253\232\273X\351\367\177bU\343\335*Q\273I\271\351\204"
 1108      E9F77F62 
 1108      55E3DD2A 
 1108      51BB49B9 
 1108      E984
 1109 0139 19756353 		.ascii	"\031ucSY\223w\342\211\221h&\036\014uwu\005\223\235?"
 1109      599377E2 
 1109      89916826 
 1109      1E0C7577 
 1109      7505939D 
 1110 014e A3F1B89B 		.ascii	"\243\361\270\2331I'\233\316G\263\011j\353K9#\316\367"
 1110      3149279B 
 1110      CE47B309 
 1110      6AEB4B39 
 1110      23CEF7
 1111 0161 1FC6CD99 		.ascii	"\037\306\315\231Tt\314\214\273\331\311\234\211\271\351"
 1111      5474CC8C 
 1111      BBD9C99C 
 1111      89B9E9
 1112 0170 B4747D1B 		.ascii	"\264t}\033\034\350\033\2301\231i'\326\021#d\032\253"
 1112      1CE81B98 
 1112      31996927 
 1112      D6112364 
 1112      1AAB
 1113 0182 A8E34B4F 		.ascii	"\250\343KO$\224\354\015\205\351\015\304\261\203\016"
 1113      2494EC0D 
 1113      85E90DC4 
 1113      B1830E
 1114              		.text
 1115              		.section	.gnu.lto_nvicSetPending.163.d83ad66780fe62b8,"e",%progbits
 1116 0000 789C4550 		.ascii	"x\234EPMH[A\020\236o\367=\215\010*H\317\026\244 b\\"
 1116      4D485B41 
 1116      109E6FF7 
 1116      3D8D082A 
 1116      48CF16A4 
 1117 0017 8D98EACD 		.ascii	"\215\230\352\315\342Q\244\2407\021J\314\017yh\3624\321"
 1117      E251A4A0 
 1117      37114ACC 
 1117      0F7968F2 
 1117      34D1
 1118 0029 C64BC998 		.ascii	"\306K\311\230\200B.\242\027=)\336z(x\365\007\3523\340"
 1118      80422EA2 
 1118      173D29DE 
 1118      7A2878F5 
 1118      07EA33E0 
ARM GAS  /tmp/ccQQPKQT.s 			page 35


 1119 003d 498456F1 		.ascii	"I\204V\361f\241\210B\360\350EAQ'/\007\027f\366\373\346"
 1119      66A18842 
 1119      F0E84541 
 1119      51272F07 
 1119      1766F6FB 
 1120 0052 9BDDFD66 		.ascii	"\233\335\375fC \232!\242v\011h\302\372ZI\0213\017\325"
 1120      43209A21 
 1120      A2760968 
 1120      C2FA5A49 
 1120      11330FD5 
 1121 0066 2B2CAD95 		.ascii	"+,\255\225\032p\010\237\201\362\012y\354h#\364\361v"
 1121      1A70089F 
 1121      81F20A79 
 1121      EC6823F4 
 1121      F176
 1122 0078 E3DF09F8 		.ascii	"\343\337\011\370\247\207;\242<\371\313F]+,\311\037\360"
 1122      A7873BA2 
 1122      3CF9CB46 
 1122      5D2B2CC9 
 1122      1FF0
 1123 008a D1466082 		.ascii	"\321F`\202\202\036\363\237\337{\314\015\364\343\000"
 1123      821EF39F 
 1123      DF7BCC0D 
 1123      F4E300
 1124 0099 F97DECC9 		.ascii	"\371}\354\311S\012\223\027\026Qc\355\230\024h\367\334"
 1124      530A9317 
 1124      165163ED 
 1124      981468F7 
 1124      DC
 1125 00aa F6F8F975 		.ascii	"\366\370\371u\225\371\354\006\225O\001\220R\212\224"
 1125      95F9EC06 
 1125      954F0190 
 1125      528A94
 1126 00b9 D6B25B12 		.ascii	"\326\262[\0226p }[\272\352\212-\260G\264\255U\215,\011"
 1126      3670207D 
 1126      5BBAEA8A 
 1126      2DB047B4 
 1126      AD558D2C 
 1127 00ce 79507C7D 		.ascii	"yP|}t\012zR\305\315\225KKC\333u\035h\253\362\347\345"
 1127      740A7A52 
 1127      C5CD954B 
 1127      4B43DB75 
 1127      1D68ABF2 
 1128 00e4 5BAD15BA 		.ascii	"[\255\025\272\264\257\276,_\312\265\242^\021l)\024^"
 1128      B4AFBE2C 
 1128      5FCAB5A2 
 1128      5E116C29 
 1128      145E
 1129 00f6 5644B6B4 		.ascii	"VD\266\264\022\\\276/\235h1\237\003\371\231\313En\262"
 1129      125CBE2F 
 1129      9D68319F 
 1129      03F999CB 
 1129      456EB2
 1130 0109 F1AB3A7C 		.ascii	"\361\253:|E/x8\252\012\341\035\346@\366\030sD\003\002"
 1130      452F7838 
 1130      AA0AE11D 
 1130      E640F618 
ARM GAS  /tmp/ccQQPKQT.s 			page 36


 1130      73440302 
 1131 011d 2BCD6E19 		.ascii	"+\315n\031\2132\203\266\350U\025\376\377\035\361\177"
 1131      8B3283B6 
 1131      E85515FE 
 1131      FF1DF17F 
 1132 012d 624BE3DD 		.ascii	"bK\343\335*Q\227I\272\251\270\231v\243\013\031\223s"
 1132      2A519749 
 1132      BAA9B899 
 1132      76A30B19 
 1132      9373
 1133 013f 62F1A948 		.ascii	"b\361\251H:\026\014\365\365\366\006\023=\337\"\261\230"
 1133      3A160CF5 
 1133      F5F60613 
 1133      3DDF22B1 
 1133      98
 1134 0150 9B360927 		.ascii	"\2336\011'\223\312E2q\352\034N:S\316\327q\343fM22cf"
 1134      93CA4532 
 1134      71EA1C4E 
 1134      3A53CED7 
 1134      71E3664D 
 1135 0168 DDCC7CD6 		.ascii	"\335\314|\326D\335TJ\272\276\214\215\016\217.\232\364"
 1135      44DD544A 
 1135      BABE8C8D 
 1135      0E8F2E9A 
 1135      F4
 1136 0179 7727DA1D 		.ascii	"w'\332\035%\244[j\250\373s\377@(1\030\012\323\033\003"
 1136      25A45B6A 
 1136      A8FB73FF 
 1136      40283118 
 1136      0AD31B03 
 1137 018d 488364   		.ascii	"H\203d"
 1138              		.text
 1139              		.section	.gnu.lto___func__.0.165.d83ad66780fe62b8,"e",%progbits
 1140 0000 789C6361 		.ascii	"x\234ca``\220g\200\000u&\246z\006\331\274\262\314\344"
 1140      60609067 
 1140      80007526 
 1140      A67A06D9 
 1140      BCB2CCE4 
 1141 0014 E0D492E0 		.ascii	"\340\324\222\340\312\342\222\324\\\217\304\274\224\234"
 1141      CAE292D4 
 1141      5C8FC4BC 
 1141      949C
 1142 0022 D4A280A2 		.ascii	"\324\242\200\242\314\374\242\314\222J\006\000\317\344"
 1142      CCFCA2CC 
 1142      924A0600 
 1142      CFE4
 1143 0030 0C6C     		.ascii	"\014l"
 1144              		.text
 1145              		.section	.gnu.lto_.symbol_nodes.d83ad66780fe62b8,"e",%progbits
 1146 0000 789C3BC1 		.ascii	"x\234;\301\000\004L\363\030\3539\033\033\032\032\230"
 1146      00044CF3 
 1146      18EB391B 
 1146      1B1A1A98 
 1147 0010 18279C63 		.ascii	"\030'\234c`\250g`\330\325\320\310\010\222\230\317X\317"
 1147      60A86760 
 1147      D8D5D0C8 
 1147      089298CF 
ARM GAS  /tmp/ccQQPKQT.s 			page 37


 1147      58CF
 1148 0022 05146F60 		.ascii	"\005\024o`A\227X\300X\317\215Ub!c=\0176\011\326\245"
 1148      419758C0 
 1148      58CF8D55 
 1148      6221633D 
 1148      0F3609D6 
 1149 0037 8C2C0D4E 		.ascii	"\214,\015N\014\014\314L\213\030\353y\261j]\314X\317"
 1149      0C0CCC4C 
 1149      8B18EB79 
 1149      B16A5DCC 
 1149      58CF
 1150 0049 874D8271 		.ascii	"\207M\202q\011c=\377\177(\220\007K20\000\325\201\344"
 1150      09633DFF 
 1150      7F289007 
 1150      4B323000 
 1150      D581E4
 1151 005c 9899D92F 		.ascii	"\230\231\331/|\370\265\202\221\361\010#\003\000E\037"
 1151      7CF8B582 
 1151      91F10823 
 1151      0300451F 
 1152 006c 3B65     		.ascii	";e"
 1153              		.text
 1154              		.section	.gnu.lto_.refs.d83ad66780fe62b8,"e",%progbits
 1155 0000 789C6367 		.ascii	"x\234cg```dfbac`\000\000\000\235\000\030"
 1155      60606064 
 1155      66626163 
 1155      60000000 
 1155      9D0018
 1156              		.text
 1157              		.section	.gnu.lto_.decls.d83ad66780fe62b8,"e",%progbits
 1158 0000 789C8D56 		.ascii	"x\234\215V}TS\347\031\177\3377\027\274AJ\340\264]\331"
 1158      7D5453E7 
 1158      197FDF37 
 1158      17BC414A 
 1158      E0B45DD9 
 1159 0014 EA36B69D 		.ascii	"\3526\266\235\255\314\025B\300\257\356\037t\221S9gv"
 1159      ADCC1542 
 1159      C0AFEE1F 
 1159      74915339 
 1159      6776
 1160 0026 9C647A8E 		.ascii	"\234dz\216\333\037\014C\0349\203\340B\254z\366\317\033"
 1160      DB1F0C43 
 1160      1C3983E0 
 1160      42AC7AF6 
 1160      CF1B
 1161 0038 081005DB 		.ascii	"\010\020\005\333\204Z\305\2105F\361\200e\224*\025\020"
 1161      845AC588 
 1161      3546F180 
 1161      65942A15 
 1161      10
 1162 0049 3F6E2122 		.ascii	"?n!\"\324\316)\245\265VQ>\244\213\250\025\204M\272\202"
 1162      D4CE29A5 
 1162      B556513E 
 1162      A48BA815 
 1162      844DBA82 
 1163 005d EE79EFBD 		.ascii	"\356y\357\275\271@z\354Y\316yr\363\336\337\357\367|"
 1163      B9407AEC 
ARM GAS  /tmp/ccQQPKQT.s 			page 38


 1163      59CE7972 
 1163      F3DEDFEF 
 1163      F77C
 1164 006f BDCFBD6F 		.ascii	"\275\317\275o\376\026\205P\022A\250\022#\364\004><B"
 1164      FE168550 
 1164      1241A812 
 1164      23F4043E 
 1164      3C42
 1165 0081 E813B058 		.ascii	"\350\023\260X\260V\26010\015`\027\340\372\013\270\276"
 1165      B056B031 
 1165      300D6017 
 1165      E0FA0BB8 
 1165      BE
 1166 0092 04F640E6 		.ascii	"\004\366@\346\304\300\357\305`/\203\245\200\275\010"
 1166      C4C0EFC5 
 1166      602F83A5 
 1166      80BD08
 1167 00a1 960AB604 		.ascii	"\226\012\266\004\354\025\260u\340\227\371[,\353\231"
 1167      EC15B075 
 1167      E097F95B 
 1167      2CEB99
 1168 00b0 2FA6ED03 		.ascii	"/\246\355\003\033\225}\004\3016\000/\032I~\030\357%"
 1168      1B957D04 
 1168      C136002F 
 1168      1A497E18 
 1168      EF25
 1169 00c2 B03FCCE1 		.ascii	"\260?\314\341\017\201\335\221\371}\262\346K\260\034"
 1169      0F81DD91 
 1169      F97DB2E6 
 1169      4BB01C
 1170 00d1 5997F214 		.ascii	"Y\227\362\024]x\234\220\237\345\240\323 )_\245.Y\373"
 1170      5D789C90 
 1170      9FE5A0D3 
 1170      20295FA5 
 1170      2E59FB
 1171 00e4 6B397756 		.ascii	"k9wV\347\317\301V`\251~V\353#\300\027`\311\237\031|"
 1171      E7CFC156 
 1171      60A97E56 
 1171      EB23C017 
 1171      60C99F19 
 1172 00f9 A891546F 		.ascii	"\250\221To(\366\037\303b\007\345\330\026\231\273\344"
 1172      28F61FC3 
 1172      6207E5D8 
 1172      1699BBE4 
 1173 0109 3BB8F764 		.ascii	";\270\367d\356Z\340\002M\214\035\371,\346\"\237\307"
 1173      EE5AE002 
 1173      4D8C1DF9 
 1173      2CE6229F 
 1173      C7
 1174 011a 091CD9F3 		.ascii	"\011\034\331\363\310\223\034'P:F}\035\\b+n\001\264M"
 1174      C8931C27 
 1174      503A467D 
 1174      1D5C622B 
 1174      6E01B44D 
 1175 012e 62D048F8 		.ascii	"b\320H\370J\000\032%l\305\261/\302\226\261<ax:Gv\336"
 1175      4A001A25 
 1175      6CC5B12F 
ARM GAS  /tmp/ccQQPKQT.s 			page 39


 1175      C296B13C 
 1175      61783A47 
 1176 0144 9D1E8DD2 		.ascii	"\235\036\215\322P&\027\234\352g%y\007F\272\017qd\"f"
 1176      5026179C 
 1176      EA672579 
 1176      0746BA0F 
 1176      71642266 
 1177 0158 BBAE812B 		.ascii	"\273\256\201+\342\243\321R*~:^D\347Y\022\010\245G\363"
 1177      E2A3D152 
 1177      2A7E3A5E 
 1177      44E75912 
 1177      08A547F3 
 1178 016c 5988238D 		.ascii	"Y\210#\215w\207\006\2424\202\354\001\211\036.\340\304"
 1178      778706A2 
 1178      3482EC01 
 1178      891E2EE0 
 1178      C4
 1179 017d 2E1CC09D 		.ascii	".\034\300\235\230#G\317L\271\325/\200\320I\251\217t"
 1179      982347CF 
 1179      4CB9D52F 
 1179      80D049A9 
 1179      8F74
 1180 018f E373F82C 		.ascii	"\343s\370,\310{0\013\"\346\250\202\257i\004Y\015,\340"
 1180      C87B300B 
 1180      22E6A882 
 1180      AF690459 
 1180      0D2CE0
 1181 01a2 37B03B3F 		.ascii	"7\260;?\342H\351\243\332\036MxV\377\204\254.\201\307"
 1181      E248E9A3 
 1181      DA1E4D78 
 1181      56FF84AC 
 1181      2E81C7
 1182 01b5 F71BBCCE 		.ascii	"\367\033\274\316\2509\036?\306\027\001\275\214\031\001"
 1182      A8391E3F 
 1182      C61701BD 
 1182      8C1901
 1183 01c4 F1264869 		.ascii	"\361&Hi\327g\267\253\027\204\313{A\256\343\310\235\246"
 1183      D767B7AB 
 1183      1784CB7B 
 1183      41AEE3C8 
 1183      9DA6
 1184 01d6 86D39A17 		.ascii	"\206\323\232\027DLTK\340'\230\341 u{\257\235Pi\006\236"
 1184      444C544B 
 1184      E02798E1 
 1184      20757BAF 
 1184      9D506906 
 1185 01eb 564DF3BB 		.ascii	"VM\363\273\201\336\030E\3357_\315\347!\336&\326\204"
 1185      81DE1845 
 1185      DD375FCD 
 1185      E721DE26 
 1185      D684
 1186 01fd F9AD88A7 		.ascii	"\371\255\210\247\320\266R\26071\273\347\213d\215O\345"
 1186      D0B652B0 
 1186      3731BBE7 
 1186      8B648D4F 
 1186      E5
 1187 020e 778BAB05 		.ascii	"w\213\253\005\034\361\336\242\236\205\341I\016B\222"
ARM GAS  /tmp/ccQQPKQT.s 			page 40


 1187      1CF1DEA2 
 1187      9E85E149 
 1187      0E4292
 1188 021d 0310E771 		.ascii	"\003\020\347qM\307\344\334\256\235\306\355\200\016a"
 1188      4DC7E4DC 
 1188      AE9DC6ED 
 1188      800E61
 1189 022c 46603D9F 		.ascii	"F`=\237rT\315\266\240/\014\376^Y\307\300(\027\277X\371"
 1189      7254CDB6 
 1189      A02F0CFE 
 1189      5E59C7C0 
 1189      2817BF58 
 1190 0241 48448143 		.ascii	"HD\201C7q?\020n\343.\374/\374\025\276\213\357\341\373"
 1190      37713F10 
 1190      6EE32EFC 
 1190      2FFC15BE 
 1190      8BEFE1FB 
 1191 0255 F84B7C07 		.ascii	"\370K|\007\007\361\010\036e\273\012\314\251[;\273J~"
 1191      07F1081E 
 1191      65BB0ACC 
 1191      A95B3BBB 
 1191      4A7E
 1192 0267 565B4BA9 		.ascii	"V[K\251\333\241\352\301\002\276-\357\331\031\2604\306"
 1192      DBA1EAC1 
 1192      02BE2DEF 
 1192      D919B034 
 1192      C6
 1193 0278 68DAF12E 		.ascii	"h\332\361.\245\261\316\350\313\3703\000\245\3663B+F"
 1193      A5B1CEE8 
 1193      CBF83300 
 1193      A5F63342 
 1193      2B46
 1194 028a 87009DDE 		.ascii	"\207\000\235\336Q\316\320O\361\015@\245\262t!eEH\371"
 1194      51CED04F 
 1194      F10D40A5 
 1194      B2742165 
 1194      4548F9
 1195 029d 0F45F9D1 		.ascii	"\017E\371\321\254rg\205\254\274\242(?\022\2032p\227"
 1195      AC726785 
 1195      ACBCA228 
 1195      3F128332 
 1195      7097
 1196 02af 241DC6B7 		.ascii	"$\035\306\267\000\224\012>\245\200\217C1\277P\224\237"
 1196      00940A3E 
 1196      A5808F43 
 1196      31BF5094 
 1196      9F
 1197 02c0 2BE93EA9 		.ascii	"+\351>\251\227\203^S\202~>\033\324\025\012zU\221\236"
 1197      97835E53 
 1197      827E3E1B 
 1197      D4150A7A 
 1197      55919E
 1198 02d3 55A43321 		.ascii	"U\2443!\351uE\252\023\225\374\014\206}h\273\322{\365"
 1198      E97545AA 
 1198      1395FC0C 
 1198      867D68BB 
 1198      D27BF5
ARM GAS  /tmp/ccQQPKQT.s 			page 41


 1199 02e6 99F8F9ED 		.ascii	"\231\370\371\355}\200\277\243\277\034\361\365\236>\310"
 1199      7D80BFA3 
 1199      BF1CF1F5 
 1199      9E3EC8
 1200 02f5 29CFEB98 		.ascii	")\317\353\230\034q\\z\030\342\301x\230\023\001\361\345"
 1200      1C715C7A 
 1200      18E2C178 
 1200      981301F1 
 1200      E5
 1201 0306 04C8235F 		.ascii	"\004\310#_\015z\237\011\237\221\377\300\214\244r\344"
 1201      0D7A9F09 
 1201      9F91FFC0 
 1201      8CA472E4 
 1202 0316 DCFDAA61 		.ascii	"\334\375\252a<gD&\361\004{\017a\206\2638\201\266\233"
 1202      3C674426 
 1202      F1047B0F 
 1202      6186B338 
 1202      81B69B
 1203 0329 D1734664 		.ascii	"\321sFd\036\314W\210\317\177,\3776A\374>\260\003`\207"
 1203      1ECC5788 
 1203      CF7F2CFF 
 1203      3641FC3E 
 1203      B0036087 
 1204 033d C1EA58D4 		.ascii	"\301\352X\324*_\347\305(\361\031\020\276\375\014\200"
 1204      2A5FE7C5 
 1204      28F11910 
 1204      BEFD0C80 
 1205 034d 2C916548 		.ascii	",\221eH\370F\340>w\336\327>\276\020FL\236\266A\350\331"
 1205      F846E03E 
 1205      77DED73E 
 1205      BE10464C 
 1205      9EB641E8 
 1206 0362 39A9A17D 		.ascii	"9\251\241}\270\204\224\023)\345v\251\335\014m\017\241"
 1206      B8849413 
 1206      29E576A9 
 1206      DD0C6D0F 
 1206      A1
 1207 0373 D33884FE 		.ascii	"\3238\204\376Wl7\264\244\351\214\004v\343\257\025\360"
 1207      576C37B4 
 1207      A4E98C04 
 1207      76E3AF15 
 1207      F0
 1208 0384 61682FA4 		.ascii	"ah/\244\026\027\023\007\274\005\313I\027\336Av\222]"
 1208      16171307 
 1208      BC05CB49 
 1208      17DE4176 
 1208      925D
 1209 0396 A4829492 		.ascii	"\244\202\224\222JRF\\\304\011\367\305\015=+\015\312"
 1209      4A52465C 
 1209      C409F7C5 
 1209      0D3D2B0D 
 1209      CA
 1210 03a7 14FE3738 		.ascii	"\024\37678\221\312~(\305\037\001\364=)\004%O\224\020"
 1210      91CA7E28 
 1210      C51F01F4 
 1210      3D290425 
 1210      4F9410
ARM GAS  /tmp/ccQQPKQT.s 			page 42


 1211 03ba E274B2DC 		.ascii	"\342t\262\334ZC\271=\236\213\311\211\237\012\2013\012"
 1211      5A43B93D 
 1211      9E8BC989 
 1211      9F0A8133 
 1211      0A
 1212 03cb 38315BD6 		.ascii	"81[\326\351\020\372\315\274\262\000eu\265\205\352\272"
 1212      E910FACD 
 1212      BCB20065 
 1212      75B585EA 
 1212      BA
 1213 03dc 3E4F9B86 		.ascii	">O\233\206\370f\326p\327\276\356\243\352\370\3715\276"
 1213      F866D670 
 1213      D7BEEEA3 
 1213      EAF8F935 
 1213      BE
 1214 03ed 419E5A24 		.ascii	"A\236Z$\314E\377\304M\254\014\321\233\262K7;S\317\210"
 1214      CC45FFC4 
 1214      4DAC0CD1 
 1214      9BB24B37 
 1214      3B53CF88 
 1215 0401 3BFB43D8 		.ascii	";\373C\330\242 \274G\204\311\277_\303\343\030\\\273"
 1215      A220BC47 
 1215      84C9BF5F 
 1215      C3E3185C 
 1215      BB
 1216 0412 A8E008F0 		.ascii	"\250\340\010\360n\177\2206Q\272\231v\005\253\275eAW"
 1216      6E7F9036 
 1216      51BA9976 
 1216      05ABBD65 
 1216      4157
 1217 0424 9CA7988D 		.ascii	"\234\247\230\215\271\213\376\240\032n{\275\003n\342"
 1217      B98BFEA0 
 1217      1A6E7BBD 
 1217      036EE2
 1218 0433 53B13428 		.ascii	"S\2614(-\211\246\315p)\316\243%el]\031\357+\221\216"
 1218      2D89A6CD 
 1218      7029CEA3 
 1218      25656C5D 
 1218      19EF2B91 
 1219 0448 80CB980A 		.ascii	"\200\313\230\012e\264I\210\364w\322\262j\372[\2577\330"
 1219      65B44988 
 1219      F477D2B2 
 1219      6AFA5BAF 
 1219      37D8
 1220 045a CD42D0AA 		.ascii	"\315B\320\252\201\232r\215\257\344\206\313\327I\277"
 1220      819A728D 
 1220      AFE486CB 
 1220      D749BF
 1221 0469 EF032FD5 		.ascii	"\357\003/\325\324)x\260\003$\016\201z\004\354\366\325"
 1221      D42978B0 
 1221      03240E81 
 1221      7A04ECF6 
 1221      D5
 1222 047a EC7AC319 		.ascii	"\354z\303\031\02068\212\235.Z\034p\305\272\341\213\372"
 1222      1036388A 
 1222      9D2E5A1C 
 1222      70C5BAE1 
ARM GAS  /tmp/ccQQPKQT.s 			page 43


 1222      8BFA
 1223 048c 696B9C07 		.ascii	"ik\234\007\370\356#\002\215\245\276\200\313\341\017"
 1223      F8EE2302 
 1223      8DA5BE80 
 1223      CBE10F
 1224 049b B8B0C7EF 		.ascii	"\270\260\307\357t\271\375\001\212\253\200\223\340\201"
 1224      74B9FD01 
 1224      8AAB8093 
 1224      E081
 1225 04a9 AC1CFE95 		.ascii	"\254\034\376\225\236\201R\010\024\240qL\355\361\257"
 1225      9E815208 
 1225      14A0714C 
 1225      EDF1AF
 1226 04b8 76C06FE8 		.ascii	"v\300o\350\233\013;\374\324\345.\246;\342\334~\027\223"
 1226      9B0B3BFC 
 1226      D4E52EA6 
 1226      3BE2DC7E 
 1226      1793
 1227 04ca 41697E67 		.ascii	"Ai~g\253\247X\240\360Cpy~\012Qh\244xp\201\200\320\004"
 1227      ABA758A0 
 1227      F0437079 
 1227      7E0A5168 
 1227      A4787081 
 1228 04e1 4A577264 		.ascii	"JWrd\350\341\304)\376!K~\254\241q!z\336\275\022\376"
 1228      E8E1C429 
 1228      FE214B7E 
 1228      ACA17121 
 1228      7ADEBD12 
 1229 04f6 32C4F283 		.ascii	"2\304\362\203lW\366\372\337_\305\216\346n<\016\253\251"
 1229      6C57F6FA 
 1229      DF5FC58E 
 1229      E66E3C0E 
 1229      ABA9
 1230 0508 7D970623 		.ascii	"}\227\006#\245\345^v\232\262s4\226#\316\321\353\245"
 1230      A5E55E76 
 1230      9AB27334 
 1230      9623CED1 
 1230      EBA5
 1231 051a FC22D0DF 		.ascii	"\374\"\320\337\243\364\271Q\344%\3604\241\375\004U\023"
 1231      A3F4B951 
 1231      E425F034 
 1231      A1FD0455 
 1231      13
 1232 052b B64FCD95 		.ascii	"\266O\315\225uwc\022\253\253\351\324\364\336c\347q\015"
 1232      75776312 
 1232      ABABE9D4 
 1232      F4DE63E7 
 1232      710D
 1233 053d 1558BBB9 		.ascii	"\025X\273\271\375d\017\354-Ke\017Ao\223\335$}\234\343"
 1233      FD640FEC 
 1233      2D4B650F 
 1233      416F93DD 
 1233      247D9CE3 
 1234 0551 EB556CE3 		.ascii	"\353Ul\343\026q\244\275U\270\023\021\376\320\037$H\367"
 1234      1671A4BD 
 1234      55B81311 
 1234      FED01F24 
ARM GAS  /tmp/ccQQPKQT.s 			page 44


 1234      48F7
 1235 0563 0EE18FAB 		.ascii	"\016\341\217\253\020\027Y\027<2\302\375\004c\015\030"
 1235      10175917 
 1235      3C32C2FD 
 1235      04630D18 
 1236 0573 F89BFEB1 		.ascii	"\370\233\376\261\237\300(\004i\207C\205\226\246\"\037"
 1236      9FC02804 
 1236      69874385 
 1236      96A6221F 
 1237 0583 F1137498 		.ascii	"\361\023t\230\034\"p\345\310\201\373\335\027b\344\367"
 1237      1C2270E5 
 1237      C881FBDD 
 1237      1762E4F7 
 1238 0593 C09FFCE4 		.ascii	"\300\237\374\344-R\005\231\035!\314!$\030(\375\342\204"
 1238      2D520599 
 1238      1D21CC21 
 1238      241828FD 
 1238      E284
 1239 05a5 9A1DDE41 		.ascii	"\232\035\336A!\\\315\221}G*\317)\322\332\371\322_\355"
 1239      215CCD91 
 1239      7D472ACF 
 1239      29D2DAF9 
 1239      D25FED
 1240 05b8 7643CB46 		.ascii	"vC\313F\234\024wS\356(9@jd\334C\360\0078\335\023\001"
 1240      9C147753 
 1240      EE283940 
 1240      6A64DC43 
 1240      F00738DD 
 1241 05ce 8778C3E8 		.ascii	"\207x\303\350U\2252\244G\345!\255cC\332\002e\220\372"
 1241      559532A4 
 1241      47E521AD 
 1241      6343DA02 
 1241      6590FA
 1242 05e1 A91B9DAA 		.ascii	"\251\033\235\252\360\326\035#h\\\034\361\211\217\207"
 1242      F0D61D23 
 1242      685C1CF1 
 1242      898F87
 1243 05f0 AEAB58EB 		.ascii	"\256\253X\353\306\016v\376\265\016X+\217\221z\271k\365"
 1243      C60E76FE 
 1243      B50E582B 
 1243      8F917AB9 
 1243      6BF5
 1244 0602 72D78623 		.ascii	"r\327\206#x\201y:t\266\261'\232q\233.\225\300\203&\367"
 1244      7881793A 
 1244      74B6B127 
 1244      9A719B2E 
 1244      95C08326 
 1245 0617 B8416637 		.ascii	"\270Af7\310\354@\004\177E\365\255}}g\252\362\260:<\213"
 1245      C8EC4004 
 1245      7F45F5AD 
 1245      7D7D67AA 
 1245      F2B03A3C 
 1246 062c 2682DE13 		.ascii	"&\202\336\023\373\343z\260\377\233\010\321\363\214\342"
 1246      FBE37AB0 
 1246      FF9B08D1 
 1246      F38CE2
 1247 063b B98934CA 		.ascii	"\271\2114\312\236\033e\317M\021\3740\363\334\333_\321"
ARM GAS  /tmp/ccQQPKQT.s 			page 45


 1247      9E1B65CF 
 1247      4D11FC30 
 1247      F3DCDB5F 
 1247      D1
 1248 064c 2EE571B1 		.ascii	".\345q\261t\226}\\f\037\227\331\375\034?\311\330o\335"
 1248      74967D5C 
 1248      661F97D9 
 1248      FD1C3FC9 
 1248      D86FDD
 1249 065f FCE03816 		.ascii	"\374\3408\026\331\375s\330\3152\273Yf\367p|\011\307"
 1249      D9FD73D8 
 1249      CD32BB59 
 1249      66F7707C 
 1249      09C7
 1250 0671 8E9ADA1A 		.ascii	"\216\232\332\032g\224\322\315Z\271\233-b\226\223\255"
 1250      6794D2CD 
 1250      5AB99B2D 
 1250      629693AD 
 1251 0681 ED87D5AC 		.ascii	"\355\207\325\254\244\026\302Jj\033\036rk\302Kj#\250"
 1251      A416C24A 
 1251      6A1B1E72 
 1251      6BC24B6A 
 1251      23A8
 1252 0693 55249F1C 		.ascii	"U$\237\034\233\371\024\032\013\007\375\251!\341D\302"
 1252      9BF9141A 
 1252      0B07FDA9 
 1252      21E144C2 
 1253 06a3 8725BEC4 		.ascii	"\207%\276\3046rR\216z\222\275_\322[88?\276\036~\262"
 1253      3672528E 
 1253      7A92BD5F 
 1253      D25B3838 
 1253      3FBE1E7E 
 1254 06b8 5089D716 		.ascii	"P\211\327\026z\2213\\m\3100f\030\326g\254^\362K}\236"
 1254      7A91335C 
 1254      6DC83066 
 1254      18D667AC 
 1254      5EF24B7D 
 1255 06cd 65A3E577 		.ascii	"e\243\345wFma\2216/'_\273\271\320f/\322\232\012\013"
 1255      466D6191 
 1255      362F275F 
 1255      BBB9D066 
 1255      2FD29A0A 
 1256 06e2 0A0AADDA 		.ascii	"\012\012\255\332U\206\265\372\265\333\264\326\327-\246"
 1256      5586B5FA 
 1256      B5DBB4D6 
 1256      D72DA6
 1257 06f1 6413FFEA 		.ascii	"d\023\377\352k\353\022\364\272\345(VZ'/_\272\"u\323"
 1257      6BEB12F4 
 1257      BAE52856 
 1257      5A272F5F 
 1257      BA2275D3 
 1258 0705 2BA9CB10 		.ascii	"+\251\313\020\277\305b\265\247\245f\333\025\267i\\\246"
 1258      BFC562B5 
 1258      A7A566DB 
 1258      15B7695C 
 1258      A6
 1259 0716 3ECBA02C 		.ascii	">\313\240,S\271Lc\226\2017H+\035\200\031\263`\012\200"
ARM GAS  /tmp/ccQQPKQT.s 			page 46


 1259      53B94C63 
 1259      96813748 
 1259      2B1D8019 
 1259      B3600A80 
 1260 072a 19069299 		.ascii	"\031\006\222\231\365\2626\257\260\300\254\375K\241i"
 1260      F5B236AF 
 1260      B0C0ACFD 
 1260      4BA169
 1261 0739 8B4DBBD5 		.ascii	"\213M\273\325\222k\336\230c\315MJM\323\351\2226\245"
 1261      926BDE98 
 1261      63CD4D4A 
 1261      4DD3E992 
 1261      36A5
 1262 074b 64E7E4E6 		.ascii	"d\347\344\346BF\233,\266\202\255963Z1'o9[\3636;\313"
 1262      42469B2C 
 1262      B682AD39 
 1262      36335A31 
 1262      276F395B 
 1263 0763 58AB5F6B 		.ascii	"X\253_k\3144j\365\2056\2636\323j\312\337\222k\006\206"
 1263      CC346AF5 
 1263      8536B336 
 1263      D36ACADF 
 1263      926B0686 
 1264 0777 CD9C6D2A 		.ascii	"\315\234m*HI\316C\352\327\326g\352\263\177\277}\263"
 1264      4849CE43 
 1264      EAD7D667 
 1264      EAB37FBF 
 1264      7DB3
 1265 0789 59655C93 		.ascii	"Ye\\\223\245d\241S\351\365\006\225Qo\210X\225i\320\033"
 1265      A564A153 
 1265      E9F50695 
 1265      516F8858 
 1265      9569D01B 
 1266 079d 2045A321 		.ascii	" E\243!B\237\265.su\204q\015\374\346\215\372\337\210"
 1266      429FB52E 
 1266      73758471 
 1266      0DFCE68D 
 1266      FADF88
 1267 07b0 AAA8ECEC 		.ascii	"\252\250\354\354M[\254\246\354\354\344\024\225n\031"
 1267      4D5BACA6 
 1267      ECECE414 
 1267      956E19
 1268 07bf 52E7D80A 		.ascii	"R\347\330\012^_V\224T\200\242 \210\335\274-\251"
 1268      5E5F5694 
 1268      5480A220 
 1268      88DDBC2D 
 1268      A9
 1269 07d0 20052D62 		.ascii	" \005-b\0352\232\355\306\355Evs\301\032(#\337l\313\262"
 1269      1D329AED 
 1269      C6ED4576 
 1269      73C11A28 
 1269      23DF6CCB 
 1270 07e5 590A6D16 		.ascii	"Y\012m\026\373\366\305\377w\307\021\037\212\305\231"
 1270      FBF6C5FF 
 1270      77C7111F 
 1270      8AC599
 1271 07f4 F2726C3C 		.ascii	"\362rl<\273\233i\265\330\305\015\310\260\346l\3147\257"
ARM GAS  /tmp/ccQQPKQT.s 			page 47


 1271      BB9B69B5 
 1271      D8C50DC8 
 1271      B0E66CCC 
 1271      37AF
 1272 0806 379BEC85 		.ascii	"7\233\354\205\2668vc\265\245h\366\216H\321\347\233s"
 1272      B6387663 
 1272      B5A568F6 
 1272      8E48D1E7 
 1272      9B73
 1273 0818 6C59666B 		.ascii	"lYfk\256\305\372\347\0309%y\2516\345Arkr\362\355\011"
 1273      AEC5FAE7 
 1273      18392579 
 1273      A936E541 
 1273      726B72F2 
 1274 082e 73D2B1D9 		.ascii	"s\322\261\331\265\226P\307\362@\233\277\035\032\366"
 1274      B59650C7 
 1274      F2409BBF 
 1274      1D1AF6
 1275 083d 3F43CD9A 		.ascii	"?C\315\232\347"
 1275      E7
 1276              		.text
 1277              		.section	.gnu.lto_.symtab.d83ad66780fe62b8,"e",%progbits
 1278 0000 6E766963 		.ascii	"nvicInit\000"
 1278      496E6974 
 1278      00
 1279 0009 00       		.ascii	"\000"
 1280 000a 00       		.ascii	"\000"
 1281 000b 00       		.ascii	"\000"
 1282 000c 00000000 		.ascii	"\000\000\000\000\000\000\000\000"
 1282      00000000 
 1283 0014 2A010000 		.ascii	"*\001\000\000"
 1284 0018 6E766963 		.ascii	"nvicEnableVector\000"
 1284      456E6162 
 1284      6C655665 
 1284      63746F72 
 1284      00
 1285 0029 00       		.ascii	"\000"
 1286 002a 00       		.ascii	"\000"
 1287 002b 00       		.ascii	"\000"
 1288 002c 00000000 		.ascii	"\000\000\000\000\000\000\000\000"
 1288      00000000 
 1289 0034 2C010000 		.ascii	",\001\000\000"
 1290 0038 6E766963 		.ascii	"nvicDisableVector\000"
 1290      44697361 
 1290      626C6556 
 1290      6563746F 
 1290      7200
 1291 004a 00       		.ascii	"\000"
 1292 004b 00       		.ascii	"\000"
 1293 004c 00       		.ascii	"\000"
 1294 004d 00000000 		.ascii	"\000\000\000\000\000\000\000\000"
 1294      00000000 
 1295 0055 30010000 		.ascii	"0\001\000\000"
 1296 0059 6E766963 		.ascii	"nvicSetSystemHandlerPriority\000"
 1296      53657453 
 1296      79737465 
 1296      6D48616E 
ARM GAS  /tmp/ccQQPKQT.s 			page 48


 1296      646C6572 
 1297 0076 00       		.ascii	"\000"
 1298 0077 00       		.ascii	"\000"
 1299 0078 00       		.ascii	"\000"
 1300 0079 00000000 		.ascii	"\000\000\000\000\000\000\000\000"
 1300      00000000 
 1301 0081 1B010000 		.ascii	"\033\001\000\000"
 1302 0085 6E766963 		.ascii	"nvicClearPending\000"
 1302      436C6561 
 1302      7250656E 
 1302      64696E67 
 1302      00
 1303 0096 00       		.ascii	"\000"
 1304 0097 00       		.ascii	"\000"
 1305 0098 00       		.ascii	"\000"
 1306 0099 00000000 		.ascii	"\000\000\000\000\000\000\000\000"
 1306      00000000 
 1307 00a1 32010000 		.ascii	"2\001\000\000"
 1308 00a5 6E766963 		.ascii	"nvicSetPending\000"
 1308      53657450 
 1308      656E6469 
 1308      6E6700
 1309 00b4 00       		.ascii	"\000"
 1310 00b5 00       		.ascii	"\000"
 1311 00b6 00       		.ascii	"\000"
 1312 00b7 00000000 		.ascii	"\000\000\000\000\000\000\000\000"
 1312      00000000 
 1313 00bf 34010000 		.ascii	"4\001\000\000"
 1314 00c3 63685379 		.ascii	"chSysHalt\000"
 1314      7348616C 
 1314      7400
 1315 00cd 00       		.ascii	"\000"
 1316 00ce 02       		.ascii	"\002"
 1317 00cf 00       		.ascii	"\000"
 1318 00d0 00000000 		.ascii	"\000\000\000\000\000\000\000\000"
 1318      00000000 
 1319 00d8 39010000 		.ascii	"9\001\000\000"
 1320              		.text
 1321              		.section	.gnu.lto_.ext_symtab.d83ad66780fe62b8,"e",%progbits
 1322 0000 01       		.ascii	"\001"
 1323 0001 01       		.ascii	"\001"
 1324 0002 00       		.ascii	"\000"
 1325 0003 01       		.ascii	"\001"
 1326 0004 00       		.ascii	"\000"
 1327 0005 01       		.ascii	"\001"
 1328 0006 00       		.ascii	"\000"
 1329 0007 01       		.ascii	"\001"
 1330 0008 00       		.ascii	"\000"
 1331 0009 01       		.ascii	"\001"
 1332 000a 00       		.ascii	"\000"
 1333 000b 01       		.ascii	"\001"
 1334 000c 00       		.ascii	"\000"
 1335 000d 01       		.ascii	"\001"
 1336 000e 00       		.ascii	"\000"
 1337              		.text
 1338              		.section	.gnu.lto_.opts,"e",%progbits
 1339 0000 272D666E 		.ascii	"'-fno-openmp' '-fno-openacc' '-fno-pie' '-fcf-prote"
ARM GAS  /tmp/ccQQPKQT.s 			page 49


 1339      6F2D6F70 
 1339      656E6D70 
 1339      2720272D 
 1339      666E6F2D 
 1340 0033 6374696F 		.ascii	"ction=none' '-g' '-mcpu=cortex-m0' '-mthumb' '-mflo"
 1340      6E3D6E6F 
 1340      6E652720 
 1340      272D6727 
 1340      20272D6D 
 1341 0066 61742D61 		.ascii	"at-abi=soft' '-mlibarch=armv6s-m' '-march=armv6s-m'"
 1341      62693D73 
 1341      6F667427 
 1341      20272D6D 
 1341      6C696261 
 1342 0099 20272D4F 		.ascii	" '-O2' '-fomit-frame-pointer' '-falign-functions=16"
 1342      32272027 
 1342      2D666F6D 
 1342      69742D66 
 1342      72616D65 
 1343 00cc 2720272D 		.ascii	"' '-fsingle-precision-constant' '-ffunction-section"
 1343      6673696E 
 1343      676C652D 
 1343      70726563 
 1343      6973696F 
 1344 00ff 73272027 		.ascii	"s' '-fdata-sections' '-fno-common' '-flto' '-Xassem"
 1344      2D666461 
 1344      74612D73 
 1344      65637469 
 1344      6F6E7327 
 1345 0132 626C6572 		.ascii	"bler' '-alms=./build/lst/nvic.lst'\000"
 1345      2720272D 
 1345      616C6D73 
 1345      3D2E2F62 
 1345      75696C64 
 1346              		.text
 1347              		.comm	__gnu_lto_slim,1,1
 1348              		.ident	"GCC: (Arm GNU Toolchain 11.3.Rel1) 11.3.1 20220712"
ARM GAS  /tmp/ccQQPKQT.s 			page 50


DEFINED SYMBOLS
                            *ABS*:0000000000000000 nvic.c
     /tmp/ccQQPKQT.s:23     .gnu.debuglto_.debug_info:0000000000000000 nvic.c.7582f926
                            *COM*:0000000000000001 __gnu_lto_slim

NO UNDEFINED SYMBOLS
