ARM GAS  /tmp/cciEPboI.s 			page 1


   1              		.cpu cortex-m0
   2              		.arch armv6s-m
   3              		.fpu softvfp
   4              		.eabi_attribute 20, 1
   5              		.eabi_attribute 21, 1
   6              		.eabi_attribute 23, 3
   7              		.eabi_attribute 24, 1
   8              		.eabi_attribute 25, 1
   9              		.eabi_attribute 26, 1
  10              		.eabi_attribute 30, 2
  11              		.eabi_attribute 34, 0
  12              		.eabi_attribute 18, 4
  13              		.file	"osal.c"
  14              		.section	.gnu.debuglto_.debug_info,"e",%progbits
  15              	.Ldebug_info0:
  16              		.hidden	osal.c.bed44c2e
  17              		.weak	osal.c.bed44c2e
  18              	osal.c.bed44c2e:
  19 0000 6F000000 		.4byte	0x6f
  20 0004 0500     		.2byte	0x5
  21 0006 01       		.byte	0x1
  22 0007 04       		.byte	0x4
  23 0008 00000000 		.4byte	.Ldebug_abbrev0
  24 000c 02       		.uleb128 0x2
  25 000d 91000000 		.4byte	.LASF11
  26 0011 1D       		.byte	0x1d
  27 0012 4A000000 		.4byte	.LASF12
  28 0016 68010000 		.4byte	.LASF13
  29 001a 00000000 		.4byte	.Ldebug_line0
  30 001e 03       		.uleb128 0x3
  31 001f 04       		.byte	0x4
  32 0020 05       		.byte	0x5
  33 0021 696E7400 		.ascii	"int\000"
  34 0025 01       		.uleb128 0x1
  35 0026 04       		.byte	0x4
  36 0027 07       		.byte	0x7
  37 0028 00000000 		.4byte	.LASF0
  38 002c 01       		.uleb128 0x1
  39 002d 08       		.byte	0x8
  40 002e 05       		.byte	0x5
  41 002f AC010000 		.4byte	.LASF1
  42 0033 01       		.uleb128 0x1
  43 0034 08       		.byte	0x8
  44 0035 04       		.byte	0x4
  45 0036 34000000 		.4byte	.LASF2
  46 003a 01       		.uleb128 0x1
  47 003b 01       		.byte	0x1
  48 003c 06       		.byte	0x6
  49 003d 28000000 		.4byte	.LASF3
  50 0041 01       		.uleb128 0x1
  51 0042 01       		.byte	0x1
  52 0043 08       		.byte	0x8
  53 0044 83000000 		.4byte	.LASF4
  54 0048 01       		.uleb128 0x1
  55 0049 02       		.byte	0x2
  56 004a 05       		.byte	0x5
  57 004b 40000000 		.4byte	.LASF5
ARM GAS  /tmp/cciEPboI.s 			page 2


  58 004f 01       		.uleb128 0x1
  59 0050 02       		.byte	0x2
  60 0051 07       		.byte	0x7
  61 0052 99010000 		.4byte	.LASF6
  62 0056 01       		.uleb128 0x1
  63 0057 04       		.byte	0x4
  64 0058 05       		.byte	0x5
  65 0059 1F000000 		.4byte	.LASF7
  66 005d 01       		.uleb128 0x1
  67 005e 04       		.byte	0x4
  68 005f 07       		.byte	0x7
  69 0060 0D000000 		.4byte	.LASF8
  70 0064 01       		.uleb128 0x1
  71 0065 08       		.byte	0x8
  72 0066 07       		.byte	0x7
  73 0067 6C000000 		.4byte	.LASF9
  74 006b 01       		.uleb128 0x1
  75 006c 01       		.byte	0x1
  76 006d 08       		.byte	0x8
  77 006e 94010000 		.4byte	.LASF10
  78 0072 00       		.byte	0
  79              		.section	.gnu.debuglto_.debug_abbrev,"e",%progbits
  80              	.Ldebug_abbrev0:
  81 0000 01       		.uleb128 0x1
  82 0001 24       		.uleb128 0x24
  83 0002 00       		.byte	0
  84 0003 0B       		.uleb128 0xb
  85 0004 0B       		.uleb128 0xb
  86 0005 3E       		.uleb128 0x3e
  87 0006 0B       		.uleb128 0xb
  88 0007 03       		.uleb128 0x3
  89 0008 0E       		.uleb128 0xe
  90 0009 00       		.byte	0
  91 000a 00       		.byte	0
  92 000b 02       		.uleb128 0x2
  93 000c 11       		.uleb128 0x11
  94 000d 01       		.byte	0x1
  95 000e 25       		.uleb128 0x25
  96 000f 0E       		.uleb128 0xe
  97 0010 13       		.uleb128 0x13
  98 0011 0B       		.uleb128 0xb
  99 0012 03       		.uleb128 0x3
 100 0013 0E       		.uleb128 0xe
 101 0014 1B       		.uleb128 0x1b
 102 0015 0E       		.uleb128 0xe
 103 0016 10       		.uleb128 0x10
 104 0017 17       		.uleb128 0x17
 105 0018 00       		.byte	0
 106 0019 00       		.byte	0
 107 001a 03       		.uleb128 0x3
 108 001b 24       		.uleb128 0x24
 109 001c 00       		.byte	0
 110 001d 0B       		.uleb128 0xb
 111 001e 0B       		.uleb128 0xb
 112 001f 3E       		.uleb128 0x3e
 113 0020 0B       		.uleb128 0xb
 114 0021 03       		.uleb128 0x3
ARM GAS  /tmp/cciEPboI.s 			page 3


 115 0022 08       		.uleb128 0x8
 116 0023 00       		.byte	0
 117 0024 00       		.byte	0
 118 0025 00       		.byte	0
 119              		.section	.gnu.debuglto_.debug_line,"e",%progbits
 120              	.Ldebug_line0:
 121 0000 2D000000 		.4byte	.LELT0-.LSLT0
 122              	.LSLT0:
 123 0004 0500     		.2byte	0x5
 124 0006 04       		.byte	0x4
 125 0007 00       		.byte	0
 126 0008 25000000 		.4byte	.LELTP0-.LASLTP0
 127              	.LASLTP0:
 128 000c 01       		.byte	0x1
 129 000d 01       		.byte	0x1
 130 000e 01       		.byte	0x1
 131 000f F6       		.byte	0xf6
 132 0010 F2       		.byte	0xf2
 133 0011 0D       		.byte	0xd
 134 0012 00       		.byte	0
 135 0013 01       		.byte	0x1
 136 0014 01       		.byte	0x1
 137 0015 01       		.byte	0x1
 138 0016 01       		.byte	0x1
 139 0017 00       		.byte	0
 140 0018 00       		.byte	0
 141 0019 00       		.byte	0
 142 001a 01       		.byte	0x1
 143 001b 00       		.byte	0
 144 001c 00       		.byte	0
 145 001d 01       		.byte	0x1
 146 001e 01       		.byte	0x1
 147 001f 01       		.uleb128 0x1
 148 0020 1F       		.uleb128 0x1f
 149 0021 01       		.uleb128 0x1
 150 0022 00000000 		.4byte	.LASF14
 151 0026 02       		.byte	0x2
 152 0027 01       		.uleb128 0x1
 153 0028 1F       		.uleb128 0x1f
 154 0029 02       		.uleb128 0x2
 155 002a 0B       		.uleb128 0xb
 156 002b 01       		.uleb128 0x1
 157 002c 2C000000 		.4byte	.LASF15
 158 0030 00       		.byte	0
 159              	.LELTP0:
 160              	.LELT0:
 161              		.section	.gnu.debuglto_.debug_str,"eMS",%progbits,1
 162              	.LASF0:
 163 0000 756E7369 		.ascii	"unsigned int\000"
 163      676E6564 
 163      20696E74 
 163      00
 164              	.LASF8:
 165 000d 6C6F6E67 		.ascii	"long unsigned int\000"
 165      20756E73 
 165      69676E65 
 165      6420696E 
ARM GAS  /tmp/cciEPboI.s 			page 4


 165      7400
 166              	.LASF7:
 167 001f 6C6F6E67 		.ascii	"long int\000"
 167      20696E74 
 167      00
 168              	.LASF3:
 169 0028 7369676E 		.ascii	"signed char\000"
 169      65642063 
 169      68617200 
 170              	.LASF2:
 171 0034 6C6F6E67 		.ascii	"long double\000"
 171      20646F75 
 171      626C6500 
 172              	.LASF5:
 173 0040 73686F72 		.ascii	"short int\000"
 173      7420696E 
 173      7400
 174              	.LASF12:
 175 004a 43686962 		.ascii	"ChibiOS/os/hal/osal/rt-nil/osal.c\000"
 175      694F532F 
 175      6F732F68 
 175      616C2F6F 
 175      73616C2F 
 176              	.LASF9:
 177 006c 6C6F6E67 		.ascii	"long long unsigned int\000"
 177      206C6F6E 
 177      6720756E 
 177      7369676E 
 177      65642069 
 178              	.LASF4:
 179 0083 756E7369 		.ascii	"unsigned char\000"
 179      676E6564 
 179      20636861 
 179      7200
 180              	.LASF11:
 181 0091 474E5520 		.ascii	"GNU C17 11.3.1 20220712 -mcpu=cortex-m0 -mthumb -mf"
 181      43313720 
 181      31312E33 
 181      2E312032 
 181      30323230 
 182 00c4 6C6F6174 		.ascii	"loat-abi=soft -march=armv6s-m -ggdb -O2 -fomit-fram"
 182      2D616269 
 182      3D736F66 
 182      74202D6D 
 182      61726368 
 183 00f7 652D706F 		.ascii	"e-pointer -falign-functions=16 -fsingle-precision-c"
 183      696E7465 
 183      72202D66 
 183      616C6967 
 183      6E2D6675 
 184 012a 6F6E7374 		.ascii	"onstant -ffunction-sections -fdata-sections -fno-co"
 184      616E7420 
 184      2D666675 
 184      6E637469 
 184      6F6E2D73 
 185 015d 6D6D6F6E 		.ascii	"mmon -flto\000"
 185      202D666C 
ARM GAS  /tmp/cciEPboI.s 			page 5


 185      746F00
 186              	.LASF13:
 187 0168 2F686F6D 		.ascii	"/home/kocur/wideband-2311-f0_addon/firmware\000"
 187      652F6B6F 
 187      6375722F 
 187      77696465 
 187      62616E64 
 188              	.LASF10:
 189 0194 63686172 		.ascii	"char\000"
 189      00
 190              	.LASF6:
 191 0199 73686F72 		.ascii	"short unsigned int\000"
 191      7420756E 
 191      7369676E 
 191      65642069 
 191      6E7400
 192              	.LASF1:
 193 01ac 6C6F6E67 		.ascii	"long long int\000"
 193      206C6F6E 
 193      6720696E 
 193      7400
 194              		.section	.gnu.debuglto_.debug_line_str,"eMS",%progbits,1
 195              	.LASF14:
 196 0000 2F686F6D 		.ascii	"/home/kocur/wideband-2311-f0_addon/firmware\000"
 196      652F6B6F 
 196      6375722F 
 196      77696465 
 196      62616E64 
 197              	.LASF15:
 198 002c 43686962 		.ascii	"ChibiOS/os/hal/osal/rt-nil/osal.c\000"
 198      694F532F 
 198      6F732F68 
 198      616C2F6F 
 198      73616C2F 
 199              		.text
 200              		.section	.gnu.lto_.profile.cf9791a5280c7819,"e",%progbits
 201 0000 789C6362 		.ascii	"x\234cb\000\001\000\000\022\000\003"
 201      00010000 
 201      120003
 202              		.text
 203              		.section	.gnu.lto_.icf.cf9791a5280c7819,"e",%progbits
 204 0000 789C6362 		.ascii	"x\234cb@\006\000\000*\000\003"
 204      40060000 
 204      2A0003
 205              		.text
 206              		.section	.gnu.lto_.ipa_sra.cf9791a5280c7819,"e",%progbits
 207 0000 789C6362 		.ascii	"x\234cb@\006\000\000*\000\003"
 207      40060000 
 207      2A0003
 208              		.text
 209              		.section	.gnu.lto_.inline.cf9791a5280c7819,"e",%progbits
 210 0000 789C6362 		.ascii	"x\234cb@\006\000\000*\000\003"
 210      40060000 
 210      2A0003
 211              		.text
 212              		.section	.gnu.lto_.jmpfuncs.cf9791a5280c7819,"e",%progbits
 213 0000 789C6362 		.ascii	"x\234cb@\006\000\000*\000\003"
ARM GAS  /tmp/cciEPboI.s 			page 6


 213      40060000 
 213      2A0003
 214              		.text
 215              		.section	.gnu.lto_.pureconst.cf9791a5280c7819,"e",%progbits
 216 0000 789C6364 		.ascii	"x\234cd\000\002\000\000\012\000\002"
 216      00020000 
 216      0A0002
 217              		.text
 218              		.section	.gnu.lto_.ipa_modref.cf9791a5280c7819,"e",%progbits
 219 0000 789C6362 		.ascii	"x\234cb@\006\000\000*\000\003"
 219      40060000 
 219      2A0003
 220              		.text
 221              		.section	.gnu.lto_.lto.cf9791a5280c7819,"e",%progbits
 222 0000 0B000300 		.ascii	"\013\000\003\000\001\000\000\000"
 222      01000000 
 223              		.text
 224              		.section	.gnu.lto_.symbol_nodes.cf9791a5280c7819,"e",%progbits
 225 0000 789C6362 		.ascii	"x\234cb\000\001\000\000\022\000\003"
 225      00010000 
 225      120003
 226              		.text
 227              		.section	.gnu.lto_.refs.cf9791a5280c7819,"e",%progbits
 228 0000 789C6364 		.ascii	"x\234cd\000\002\000\000\012\000\002"
 228      00020000 
 228      0A0002
 229              		.text
 230              		.section	.gnu.lto_.decls.cf9791a5280c7819,"e",%progbits
 231 0000 789C6360 		.ascii	"x\234c````\004b\036 \376\017\004 \366e\006(\000\000"
 231      60606004 
 231      621E20FE 
 231      0F0420F6 
 231      65062800 
 232 0015 466C04DE 		.ascii	"Fl\004\336"
 233              		.text
 234              		.section	.gnu.lto_.symtab.cf9791a5280c7819,"e",%progbits
 235              		.text
 236              		.section	.gnu.lto_.ext_symtab.cf9791a5280c7819,"e",%progbits
 237 0000 01       		.ascii	"\001"
 238              		.text
 239              		.section	.gnu.lto_.opts,"e",%progbits
 240 0000 272D666E 		.ascii	"'-fno-openmp' '-fno-openacc' '-fno-pie' '-fcf-prote"
 240      6F2D6F70 
 240      656E6D70 
 240      2720272D 
 240      666E6F2D 
 241 0033 6374696F 		.ascii	"ction=none' '-g' '-mcpu=cortex-m0' '-mthumb' '-mflo"
 241      6E3D6E6F 
 241      6E652720 
 241      272D6727 
 241      20272D6D 
 242 0066 61742D61 		.ascii	"at-abi=soft' '-mlibarch=armv6s-m' '-march=armv6s-m'"
 242      62693D73 
 242      6F667427 
 242      20272D6D 
 242      6C696261 
 243 0099 20272D4F 		.ascii	" '-O2' '-fomit-frame-pointer' '-falign-functions=16"
ARM GAS  /tmp/cciEPboI.s 			page 7


 243      32272027 
 243      2D666F6D 
 243      69742D66 
 243      72616D65 
 244 00cc 2720272D 		.ascii	"' '-fsingle-precision-constant' '-ffunction-section"
 244      6673696E 
 244      676C652D 
 244      70726563 
 244      6973696F 
 245 00ff 73272027 		.ascii	"s' '-fdata-sections' '-fno-common' '-flto' '-Xassem"
 245      2D666461 
 245      74612D73 
 245      65637469 
 245      6F6E7327 
 246 0132 626C6572 		.ascii	"bler' '-alms=./build/lst/osal.lst'\000"
 246      2720272D 
 246      616C6D73 
 246      3D2E2F62 
 246      75696C64 
 247              		.text
 248              		.comm	__gnu_lto_slim,1,1
 249              		.ident	"GCC: (Arm GNU Toolchain 11.3.Rel1) 11.3.1 20220712"
ARM GAS  /tmp/cciEPboI.s 			page 8


DEFINED SYMBOLS
                            *ABS*:0000000000000000 osal.c
     /tmp/cciEPboI.s:18     .gnu.debuglto_.debug_info:0000000000000000 osal.c.bed44c2e
                            *COM*:0000000000000001 __gnu_lto_slim

NO UNDEFINED SYMBOLS
