ARM GAS  /tmp/ccbVniWm.s 			page 1


   1              		.cpu cortex-m0
   2              		.arch armv6s-m
   3              		.fpu softvfp
   4              		.eabi_attribute 23, 1
   5              		.eabi_attribute 24, 1
   6              		.eabi_attribute 25, 1
   7              		.eabi_attribute 26, 1
   8              		.eabi_attribute 30, 2
   9              		.eabi_attribute 34, 0
  10              		.eabi_attribute 18, 4
  11              		.file	"pid.cpp"
  12              		.file 1 "pid.h"
  13              		.file 2 "pid.cpp"
  14              		.section	.gnu.debuglto_.debug_info,"e",%progbits
  15              	.Ldebug_info0:
  16              		.hidden	pid.cpp.995f7142
  17              		.weak	pid.cpp.995f7142
  18              	pid.cpp.995f7142:
  19 0000 44010000 		.4byte	0x144
  20 0004 0500     		.2byte	0x5
  21 0006 01       		.byte	0x1
  22 0007 04       		.byte	0x4
  23 0008 00000000 		.4byte	.Ldebug_abbrev0
  24 000c 07       		.uleb128 0x7
  25 000d 40000000 		.4byte	.LASF14
  26 0011 21       		.byte	0x21
  27 0012 FF010000 		.4byte	.LASF15
  28 0016 9C010000 		.4byte	.LASF16
  29 001a 00000000 		.4byte	.Ldebug_line0
  30 001e 08       		.uleb128 0x8
  31 001f 50696400 		.ascii	"Pid\000"
  32 0023 1C       		.byte	0x1c
  33 0024 01       		.byte	0x1
  34 0025 03       		.byte	0x3
  35 0026 07       		.byte	0x7
  36 0027 E1000000 		.4byte	0xe1
  37 002b 09       		.uleb128 0x9
  38 002c 50696400 		.ascii	"Pid\000"
  39 0030 01       		.byte	0x1
  40 0031 06       		.byte	0x6
  41 0032 05       		.byte	0x5
  42 0033 E9010000 		.4byte	.LASF17
  43 0037 E1000000 		.4byte	0xe1
  44 003b 01       		.byte	0x1
  45 003c 44000000 		.4byte	0x44
  46 0040 63000000 		.4byte	0x63
  47 0044 04       		.uleb128 0x4
  48 0045 E1000000 		.4byte	0xe1
  49 0049 01       		.uleb128 0x1
  50 004a EC000000 		.4byte	0xec
  51 004e 01       		.uleb128 0x1
  52 004f EC000000 		.4byte	0xec
  53 0053 01       		.uleb128 0x1
  54 0054 EC000000 		.4byte	0xec
  55 0058 01       		.uleb128 0x1
  56 0059 EC000000 		.4byte	0xec
  57 005d 01       		.uleb128 0x1
ARM GAS  /tmp/ccbVniWm.s 			page 2


  58 005e F8000000 		.4byte	0xf8
  59 0062 00       		.byte	0
  60 0063 0A       		.uleb128 0xa
  61 0064 92010000 		.4byte	.LASF0
  62 0068 01       		.byte	0x1
  63 0069 0F       		.byte	0xf
  64 006a 0B       		.byte	0xb
  65 006b C8010000 		.4byte	.LASF18
  66 006f EC000000 		.4byte	0xec
  67 0073 01       		.byte	0x1
  68 0074 7C000000 		.4byte	0x7c
  69 0078 8C000000 		.4byte	0x8c
  70 007c 04       		.uleb128 0x4
  71 007d E1000000 		.4byte	0xe1
  72 0081 01       		.uleb128 0x1
  73 0082 EC000000 		.4byte	0xec
  74 0086 01       		.uleb128 0x1
  75 0087 EC000000 		.4byte	0xec
  76 008b 00       		.byte	0
  77 008c 02       		.uleb128 0x2
  78 008d 1D000000 		.4byte	.LASF1
  79 0091 12       		.byte	0x12
  80 0092 11       		.byte	0x11
  81 0093 F3000000 		.4byte	0xf3
  82 0097 00       		.byte	0
  83 0098 02       		.uleb128 0x2
  84 0099 3B000000 		.4byte	.LASF2
  85 009d 13       		.byte	0x13
  86 009e 11       		.byte	0x11
  87 009f F3000000 		.4byte	0xf3
  88 00a3 04       		.byte	0x4
  89 00a4 02       		.uleb128 0x2
  90 00a5 31000000 		.4byte	.LASF3
  91 00a9 14       		.byte	0x14
  92 00aa 11       		.byte	0x11
  93 00ab F3000000 		.4byte	0xf3
  94 00af 08       		.byte	0x8
  95 00b0 02       		.uleb128 0x2
  96 00b1 0B000000 		.4byte	.LASF4
  97 00b5 15       		.byte	0x15
  98 00b6 11       		.byte	0x11
  99 00b7 F3000000 		.4byte	0xf3
 100 00bb 0C       		.byte	0xc
 101 00bc 02       		.uleb128 0x2
 102 00bd 1C020000 		.4byte	.LASF5
 103 00c1 16       		.byte	0x16
 104 00c2 11       		.byte	0x11
 105 00c3 F3000000 		.4byte	0xf3
 106 00c7 10       		.byte	0x10
 107 00c8 02       		.uleb128 0x2
 108 00c9 10020000 		.4byte	.LASF6
 109 00cd 18       		.byte	0x18
 110 00ce 0B       		.byte	0xb
 111 00cf EC000000 		.4byte	0xec
 112 00d3 14       		.byte	0x14
 113 00d4 02       		.uleb128 0x2
 114 00d5 10000000 		.4byte	.LASF7
ARM GAS  /tmp/ccbVniWm.s 			page 3


 115 00d9 19       		.byte	0x19
 116 00da 0B       		.byte	0xb
 117 00db EC000000 		.4byte	0xec
 118 00df 18       		.byte	0x18
 119 00e0 00       		.byte	0
 120 00e1 0B       		.uleb128 0xb
 121 00e2 04       		.byte	0x4
 122 00e3 1E000000 		.4byte	0x1e
 123 00e7 05       		.uleb128 0x5
 124 00e8 E1000000 		.4byte	0xe1
 125 00ec 0C       		.uleb128 0xc
 126 00ed 04       		.byte	0x4
 127 00ee 04       		.byte	0x4
 128 00ef F9010000 		.4byte	.LASF8
 129 00f3 05       		.uleb128 0x5
 130 00f4 EC000000 		.4byte	0xec
 131 00f8 0D       		.uleb128 0xd
 132 00f9 04       		.byte	0x4
 133 00fa 05       		.byte	0x5
 134 00fb 696E7400 		.ascii	"int\000"
 135 00ff 0E       		.uleb128 0xe
 136 0100 63000000 		.4byte	0x63
 137 0104 02       		.byte	0x2
 138 0105 03       		.byte	0x3
 139 0106 07       		.byte	0x7
 140 0107 0B010000 		.4byte	0x10b
 141 010b 0F       		.uleb128 0xf
 142 010c 36000000 		.4byte	.LASF19
 143 0110 E7000000 		.4byte	0xe7
 144 0114 06       		.uleb128 0x6
 145 0115 07020000 		.4byte	.LASF9
 146 0119 1C       		.byte	0x1c
 147 011a EC000000 		.4byte	0xec
 148 011e 06       		.uleb128 0x6
 149 011f DD010000 		.4byte	.LASF10
 150 0123 2C       		.byte	0x2c
 151 0124 EC000000 		.4byte	0xec
 152 0128 03       		.uleb128 0x3
 153 0129 00000000 		.4byte	.LASF11
 154 012d 05       		.byte	0x5
 155 012e EC000000 		.4byte	0xec
 156 0132 03       		.uleb128 0x3
 157 0133 26000000 		.4byte	.LASF12
 158 0137 0B       		.byte	0xb
 159 0138 EC000000 		.4byte	0xec
 160 013c 03       		.uleb128 0x3
 161 013d 06000000 		.4byte	.LASF13
 162 0141 0C       		.byte	0xc
 163 0142 EC000000 		.4byte	0xec
 164 0146 00       		.byte	0
 165 0147 00       		.byte	0
 166              		.section	.gnu.debuglto_.debug_abbrev,"e",%progbits
 167              	.Ldebug_abbrev0:
 168 0000 01       		.uleb128 0x1
 169 0001 05       		.uleb128 0x5
 170 0002 00       		.byte	0
 171 0003 49       		.uleb128 0x49
ARM GAS  /tmp/ccbVniWm.s 			page 4


 172 0004 13       		.uleb128 0x13
 173 0005 00       		.byte	0
 174 0006 00       		.byte	0
 175 0007 02       		.uleb128 0x2
 176 0008 0D       		.uleb128 0xd
 177 0009 00       		.byte	0
 178 000a 03       		.uleb128 0x3
 179 000b 0E       		.uleb128 0xe
 180 000c 3A       		.uleb128 0x3a
 181 000d 21       		.uleb128 0x21
 182 000e 01       		.sleb128 1
 183 000f 3B       		.uleb128 0x3b
 184 0010 0B       		.uleb128 0xb
 185 0011 39       		.uleb128 0x39
 186 0012 0B       		.uleb128 0xb
 187 0013 49       		.uleb128 0x49
 188 0014 13       		.uleb128 0x13
 189 0015 38       		.uleb128 0x38
 190 0016 0B       		.uleb128 0xb
 191 0017 00       		.byte	0
 192 0018 00       		.byte	0
 193 0019 03       		.uleb128 0x3
 194 001a 34       		.uleb128 0x34
 195 001b 00       		.byte	0
 196 001c 03       		.uleb128 0x3
 197 001d 0E       		.uleb128 0xe
 198 001e 3A       		.uleb128 0x3a
 199 001f 21       		.uleb128 0x21
 200 0020 02       		.sleb128 2
 201 0021 3B       		.uleb128 0x3b
 202 0022 0B       		.uleb128 0xb
 203 0023 39       		.uleb128 0x39
 204 0024 21       		.uleb128 0x21
 205 0025 0B       		.sleb128 11
 206 0026 49       		.uleb128 0x49
 207 0027 13       		.uleb128 0x13
 208 0028 00       		.byte	0
 209 0029 00       		.byte	0
 210 002a 04       		.uleb128 0x4
 211 002b 05       		.uleb128 0x5
 212 002c 00       		.byte	0
 213 002d 49       		.uleb128 0x49
 214 002e 13       		.uleb128 0x13
 215 002f 34       		.uleb128 0x34
 216 0030 19       		.uleb128 0x19
 217 0031 00       		.byte	0
 218 0032 00       		.byte	0
 219 0033 05       		.uleb128 0x5
 220 0034 26       		.uleb128 0x26
 221 0035 00       		.byte	0
 222 0036 49       		.uleb128 0x49
 223 0037 13       		.uleb128 0x13
 224 0038 00       		.byte	0
 225 0039 00       		.byte	0
 226 003a 06       		.uleb128 0x6
 227 003b 05       		.uleb128 0x5
 228 003c 00       		.byte	0
ARM GAS  /tmp/ccbVniWm.s 			page 5


 229 003d 03       		.uleb128 0x3
 230 003e 0E       		.uleb128 0xe
 231 003f 3A       		.uleb128 0x3a
 232 0040 21       		.uleb128 0x21
 233 0041 02       		.sleb128 2
 234 0042 3B       		.uleb128 0x3b
 235 0043 21       		.uleb128 0x21
 236 0044 03       		.sleb128 3
 237 0045 39       		.uleb128 0x39
 238 0046 0B       		.uleb128 0xb
 239 0047 49       		.uleb128 0x49
 240 0048 13       		.uleb128 0x13
 241 0049 00       		.byte	0
 242 004a 00       		.byte	0
 243 004b 07       		.uleb128 0x7
 244 004c 11       		.uleb128 0x11
 245 004d 01       		.byte	0x1
 246 004e 25       		.uleb128 0x25
 247 004f 0E       		.uleb128 0xe
 248 0050 13       		.uleb128 0x13
 249 0051 0B       		.uleb128 0xb
 250 0052 03       		.uleb128 0x3
 251 0053 0E       		.uleb128 0xe
 252 0054 1B       		.uleb128 0x1b
 253 0055 0E       		.uleb128 0xe
 254 0056 10       		.uleb128 0x10
 255 0057 17       		.uleb128 0x17
 256 0058 00       		.byte	0
 257 0059 00       		.byte	0
 258 005a 08       		.uleb128 0x8
 259 005b 02       		.uleb128 0x2
 260 005c 01       		.byte	0x1
 261 005d 03       		.uleb128 0x3
 262 005e 08       		.uleb128 0x8
 263 005f 0B       		.uleb128 0xb
 264 0060 0B       		.uleb128 0xb
 265 0061 3A       		.uleb128 0x3a
 266 0062 0B       		.uleb128 0xb
 267 0063 3B       		.uleb128 0x3b
 268 0064 0B       		.uleb128 0xb
 269 0065 39       		.uleb128 0x39
 270 0066 0B       		.uleb128 0xb
 271 0067 01       		.uleb128 0x1
 272 0068 13       		.uleb128 0x13
 273 0069 00       		.byte	0
 274 006a 00       		.byte	0
 275 006b 09       		.uleb128 0x9
 276 006c 2E       		.uleb128 0x2e
 277 006d 01       		.byte	0x1
 278 006e 3F       		.uleb128 0x3f
 279 006f 19       		.uleb128 0x19
 280 0070 03       		.uleb128 0x3
 281 0071 08       		.uleb128 0x8
 282 0072 3A       		.uleb128 0x3a
 283 0073 0B       		.uleb128 0xb
 284 0074 3B       		.uleb128 0x3b
 285 0075 0B       		.uleb128 0xb
ARM GAS  /tmp/ccbVniWm.s 			page 6


 286 0076 39       		.uleb128 0x39
 287 0077 0B       		.uleb128 0xb
 288 0078 6E       		.uleb128 0x6e
 289 0079 0E       		.uleb128 0xe
 290 007a 49       		.uleb128 0x49
 291 007b 13       		.uleb128 0x13
 292 007c 32       		.uleb128 0x32
 293 007d 0B       		.uleb128 0xb
 294 007e 3C       		.uleb128 0x3c
 295 007f 19       		.uleb128 0x19
 296 0080 64       		.uleb128 0x64
 297 0081 13       		.uleb128 0x13
 298 0082 01       		.uleb128 0x1
 299 0083 13       		.uleb128 0x13
 300 0084 00       		.byte	0
 301 0085 00       		.byte	0
 302 0086 0A       		.uleb128 0xa
 303 0087 2E       		.uleb128 0x2e
 304 0088 01       		.byte	0x1
 305 0089 3F       		.uleb128 0x3f
 306 008a 19       		.uleb128 0x19
 307 008b 03       		.uleb128 0x3
 308 008c 0E       		.uleb128 0xe
 309 008d 3A       		.uleb128 0x3a
 310 008e 0B       		.uleb128 0xb
 311 008f 3B       		.uleb128 0x3b
 312 0090 0B       		.uleb128 0xb
 313 0091 39       		.uleb128 0x39
 314 0092 0B       		.uleb128 0xb
 315 0093 6E       		.uleb128 0x6e
 316 0094 0E       		.uleb128 0xe
 317 0095 49       		.uleb128 0x49
 318 0096 13       		.uleb128 0x13
 319 0097 32       		.uleb128 0x32
 320 0098 0B       		.uleb128 0xb
 321 0099 3C       		.uleb128 0x3c
 322 009a 19       		.uleb128 0x19
 323 009b 64       		.uleb128 0x64
 324 009c 13       		.uleb128 0x13
 325 009d 01       		.uleb128 0x1
 326 009e 13       		.uleb128 0x13
 327 009f 00       		.byte	0
 328 00a0 00       		.byte	0
 329 00a1 0B       		.uleb128 0xb
 330 00a2 0F       		.uleb128 0xf
 331 00a3 00       		.byte	0
 332 00a4 0B       		.uleb128 0xb
 333 00a5 0B       		.uleb128 0xb
 334 00a6 49       		.uleb128 0x49
 335 00a7 13       		.uleb128 0x13
 336 00a8 00       		.byte	0
 337 00a9 00       		.byte	0
 338 00aa 0C       		.uleb128 0xc
 339 00ab 24       		.uleb128 0x24
 340 00ac 00       		.byte	0
 341 00ad 0B       		.uleb128 0xb
 342 00ae 0B       		.uleb128 0xb
ARM GAS  /tmp/ccbVniWm.s 			page 7


 343 00af 3E       		.uleb128 0x3e
 344 00b0 0B       		.uleb128 0xb
 345 00b1 03       		.uleb128 0x3
 346 00b2 0E       		.uleb128 0xe
 347 00b3 00       		.byte	0
 348 00b4 00       		.byte	0
 349 00b5 0D       		.uleb128 0xd
 350 00b6 24       		.uleb128 0x24
 351 00b7 00       		.byte	0
 352 00b8 0B       		.uleb128 0xb
 353 00b9 0B       		.uleb128 0xb
 354 00ba 3E       		.uleb128 0x3e
 355 00bb 0B       		.uleb128 0xb
 356 00bc 03       		.uleb128 0x3
 357 00bd 08       		.uleb128 0x8
 358 00be 00       		.byte	0
 359 00bf 00       		.byte	0
 360 00c0 0E       		.uleb128 0xe
 361 00c1 2E       		.uleb128 0x2e
 362 00c2 01       		.byte	0x1
 363 00c3 47       		.uleb128 0x47
 364 00c4 13       		.uleb128 0x13
 365 00c5 3A       		.uleb128 0x3a
 366 00c6 0B       		.uleb128 0xb
 367 00c7 3B       		.uleb128 0x3b
 368 00c8 0B       		.uleb128 0xb
 369 00c9 39       		.uleb128 0x39
 370 00ca 0B       		.uleb128 0xb
 371 00cb 64       		.uleb128 0x64
 372 00cc 13       		.uleb128 0x13
 373 00cd 00       		.byte	0
 374 00ce 00       		.byte	0
 375 00cf 0F       		.uleb128 0xf
 376 00d0 05       		.uleb128 0x5
 377 00d1 00       		.byte	0
 378 00d2 03       		.uleb128 0x3
 379 00d3 0E       		.uleb128 0xe
 380 00d4 49       		.uleb128 0x49
 381 00d5 13       		.uleb128 0x13
 382 00d6 34       		.uleb128 0x34
 383 00d7 19       		.uleb128 0x19
 384 00d8 00       		.byte	0
 385 00d9 00       		.byte	0
 386 00da 00       		.byte	0
 387              		.section	.gnu.debuglto_.debug_line,"e",%progbits
 388              	.Ldebug_line0:
 389 0000 37000000 		.4byte	.LELT0-.LSLT0
 390              	.LSLT0:
 391 0004 0500     		.2byte	0x5
 392 0006 04       		.byte	0x4
 393 0007 00       		.byte	0
 394 0008 2F000000 		.4byte	.LELTP0-.LASLTP0
 395              	.LASLTP0:
 396 000c 01       		.byte	0x1
 397 000d 01       		.byte	0x1
 398 000e 01       		.byte	0x1
 399 000f F6       		.byte	0xf6
ARM GAS  /tmp/ccbVniWm.s 			page 8


 400 0010 F2       		.byte	0xf2
 401 0011 0D       		.byte	0xd
 402 0012 00       		.byte	0
 403 0013 01       		.byte	0x1
 404 0014 01       		.byte	0x1
 405 0015 01       		.byte	0x1
 406 0016 01       		.byte	0x1
 407 0017 00       		.byte	0
 408 0018 00       		.byte	0
 409 0019 00       		.byte	0
 410 001a 01       		.byte	0x1
 411 001b 00       		.byte	0
 412 001c 00       		.byte	0
 413 001d 01       		.byte	0x1
 414 001e 01       		.byte	0x1
 415 001f 01       		.uleb128 0x1
 416 0020 1F       		.uleb128 0x1f
 417 0021 01       		.uleb128 0x1
 418 0022 00000000 		.4byte	.LASF20
 419 0026 02       		.byte	0x2
 420 0027 01       		.uleb128 0x1
 421 0028 1F       		.uleb128 0x1f
 422 0029 02       		.uleb128 0x2
 423 002a 0B       		.uleb128 0xb
 424 002b 03       		.uleb128 0x3
 425 002c 2C000000 		.4byte	.LASF21
 426 0030 00       		.byte	0
 427 0031 34000000 		.4byte	.LASF22
 428 0035 00       		.byte	0
 429 0036 2C000000 		.4byte	.LASF21
 430 003a 00       		.byte	0
 431              	.LELTP0:
 432              	.LELT0:
 433              		.section	.gnu.debuglto_.debug_str,"eMS",%progbits,1
 434              	.LASF11:
 435 0000 6572726F 		.ascii	"error\000"
 435      7200
 436              	.LASF13:
 437 0006 64456474 		.ascii	"dEdt\000"
 437      00
 438              	.LASF4:
 439 000b 6D5F6B64 		.ascii	"m_kd\000"
 439      00
 440              	.LASF7:
 441 0010 6D5F696E 		.ascii	"m_integrator\000"
 441      74656772 
 441      61746F72 
 441      00
 442              	.LASF1:
 443 001d 6D5F7065 		.ascii	"m_period\000"
 443      72696F64 
 443      00
 444              	.LASF12:
 445 0026 6572726F 		.ascii	"errorDelta\000"
 445      7244656C 
 445      746100
 446              	.LASF3:
ARM GAS  /tmp/ccbVniWm.s 			page 9


 447 0031 6D5F6B69 		.ascii	"m_ki\000"
 447      00
 448              	.LASF19:
 449 0036 74686973 		.ascii	"this\000"
 449      00
 450              	.LASF2:
 451 003b 6D5F6B70 		.ascii	"m_kp\000"
 451      00
 452              	.LASF14:
 453 0040 474E5520 		.ascii	"GNU C++17 11.3.1 20220712 -mcpu=cortex-m0 -mthumb -"
 453      432B2B31 
 453      37203131 
 453      2E332E31 
 453      20323032 
 454 0073 6D666C6F 		.ascii	"mfloat-abi=soft -march=armv6s-m -ggdb -O2 -std=c++1"
 454      61742D61 
 454      62693D73 
 454      6F667420 
 454      2D6D6172 
 455 00a6 37202D66 		.ascii	"7 -fomit-frame-pointer -falign-functions=16 -fsingl"
 455      6F6D6974 
 455      2D667261 
 455      6D652D70 
 455      6F696E74 
 456 00d9 652D7072 		.ascii	"e-precision-constant -ffunction-sections -fdata-sec"
 456      65636973 
 456      696F6E2D 
 456      636F6E73 
 456      74616E74 
 457 010c 74696F6E 		.ascii	"tions -fno-common -flto -fno-rtti -fno-exceptions -"
 457      73202D66 
 457      6E6F2D63 
 457      6F6D6D6F 
 457      6E202D66 
 458 013f 66666173 		.ascii	"ffast-math -funsafe-math-optimizations -fno-threads"
 458      742D6D61 
 458      7468202D 
 458      66756E73 
 458      6166652D 
 459 0172 6166652D 		.ascii	"afe-statics -fno-use-cxa-atexit\000"
 459      73746174 
 459      69637320 
 459      2D666E6F 
 459      2D757365 
 460              	.LASF0:
 461 0192 4765744F 		.ascii	"GetOutput\000"
 461      75747075 
 461      7400
 462              	.LASF16:
 463 019c 2F686F6D 		.ascii	"/home/kocur/wideband-2311-f0_addon/firmware\000"
 463      652F6B6F 
 463      6375722F 
 463      77696465 
 463      62616E64 
 464              	.LASF18:
 465 01c8 5F5A4E33 		.ascii	"_ZN3Pid9GetOutputEff\000"
 465      50696439 
ARM GAS  /tmp/ccbVniWm.s 			page 10


 465      4765744F 
 465      75747075 
 465      74456666 
 466              	.LASF10:
 467 01dd 6F627365 		.ascii	"observation\000"
 467      72766174 
 467      696F6E00 
 468              	.LASF17:
 469 01e9 5F5A4E33 		.ascii	"_ZN3PidC4Effffi\000"
 469      50696443 
 469      34456666 
 469      66666900 
 470              	.LASF8:
 471 01f9 666C6F61 		.ascii	"float\000"
 471      7400
 472              	.LASF15:
 473 01ff 7069642E 		.ascii	"pid.cpp\000"
 473      63707000 
 474              	.LASF9:
 475 0207 73657470 		.ascii	"setpoint\000"
 475      6F696E74 
 475      00
 476              	.LASF6:
 477 0210 6D5F6C61 		.ascii	"m_lastError\000"
 477      73744572 
 477      726F7200 
 478              	.LASF5:
 479 021c 6D5F636C 		.ascii	"m_clamp\000"
 479      616D7000 
 480              		.section	.gnu.debuglto_.debug_line_str,"eMS",%progbits,1
 481              	.LASF20:
 482 0000 2F686F6D 		.ascii	"/home/kocur/wideband-2311-f0_addon/firmware\000"
 482      652F6B6F 
 482      6375722F 
 482      77696465 
 482      62616E64 
 483              	.LASF21:
 484 002c 7069642E 		.ascii	"pid.cpp\000"
 484      63707000 
 485              	.LASF22:
 486 0034 7069642E 		.ascii	"pid.h\000"
 486      6800
 487              		.text
 488              		.section	.gnu.lto_.profile.2cab5bd7fd241a6b,"e",%progbits
 489 0000 789C6362 		.ascii	"x\234cb\000\001\000\000\022\000\003"
 489      00010000 
 489      120003
 490              		.text
 491              		.section	.gnu.lto_.icf.2cab5bd7fd241a6b,"e",%progbits
 492 0000 789CB365 		.ascii	"x\234\263e@\000F\206\206\271+\236\362I1101\222\212\031"
 492      40004686 
 492      86B92B9E 
 492      F2493131 
 492      3031928A 
 493 0015 00B9FD03 		.ascii	"\000\271\375\003R"
 493      52
 494              		.text
ARM GAS  /tmp/ccbVniWm.s 			page 11


 495              		.section	.gnu.lto_.ipa_sra.2cab5bd7fd241a6b,"e",%progbits
 496 0000 789C1364 		.ascii	"x\234\023d@\000F\006f$\036\220\003\000\002N\000\031"
 496      40004606 
 496      66241E90 
 496      0300024E 
 496      0019
 497              		.text
 498              		.section	.gnu.lto_.inline.2cab5bd7fd241a6b,"e",%progbits
 499 0000 789C9364 		.ascii	"x\234\223dd\200\003 S\276\241\241a\003S\006+;##\023"
 499      64800320 
 499      53BEA1A1 
 499      61035306 
 499      2B3B2323 
 500 0015 13508809 		.ascii	"\023P\210\011B1\200(\346\003\214 \0063\0033\003\224"
 500      42318028 
 500      E6038C20 
 500      06330333 
 500      0394
 501 0027 76804A2C 		.ascii	"v\200J,\200I402\010\213\200\215Hc`\340\0032\0360\245"
 501      80493430 
 501      32088B80 
 501      8D486360 
 501      E003321E 
 502 003d 32310021 		.ascii	"21\000!\220\331\300\224\314\300\303\300\010f%11\010"
 502      90D9C094 
 502      CCC0C3C0 
 502      08662531 
 502      3108
 503 004f 30C1D80C 		.ascii	"0\301\330\014\002\010Q\005\204\250\002\\\227\016B\336"
 503      02085105 
 503      84A8025C 
 503      970E42DE 
 504 005f 0121EF00 		.ascii	"\001!\357\000\227\317\201\263j\020*\033\030\021J\201"
 504      97CF81B3 
 504      6A102A1B 
 504      18114A81 
 505 006f CE82A9E8 		.ascii	"\316\202\251\350\2010\017\000\035\270\206\021I5\310"
 505      81300F00 
 505      1DB88611 
 505      4935C8
 506 007e 1B200E73 		.ascii	"\033 \016s2\220\315\300\002\026Oa\370\003\366<\003\000"
 506      3290CDC0 
 506      02164F61 
 506      F803F63C 
 506      0300
 507 0090 67C53A33 		.ascii	"g\305:3"
 508              		.text
 509              		.section	.gnu.lto_.jmpfuncs.2cab5bd7fd241a6b,"e",%progbits
 510 0000 789C1364 		.ascii	"x\234\023d@\000F\006fFFF\366z&\226z&& b\000\000\015"
 510      40004606 
 510      66464646 
 510      F67A2696 
 510      7A262620 
 511 0018 7901AB   		.ascii	"y\001\253"
 512              		.text
 513              		.section	.gnu.lto_.pureconst.2cab5bd7fd241a6b,"e",%progbits
 514 0000 789C6361 		.ascii	"x\234ca```d\230\305\002\000\001d\000\244"
ARM GAS  /tmp/ccbVniWm.s 			page 12


 514      60606064 
 514      98C50200 
 514      016400A4 
 515              		.text
 516              		.section	.gnu.lto_.ipa_modref.2cab5bd7fd241a6b,"e",%progbits
 517 0000 789C4B66 		.ascii	"x\234Kf@\000F\006f\001\006\006\005\001\001\006F&V\006"
 517      40004606 
 517      66010606 
 517      05010106 
 517      46265606 
 518 0014 26262606 		.ascii	"&&&\006&\240\330\001F\005\005 \265\000H113\260\002\231"
 518      26A0D801 
 518      46050520 
 518      B5004831 
 518      3133B002 
 519 0029 0C608103 		.ascii	"\014`\201\003\020\252\001\"\255\000&\037\200h\250~F"
 519      10AA0122 
 519      AD00261F 
 519      8068A87E 
 519      46
 520 003a 4CFD0C0C 		.ascii	"L\375\014\014\000\215\367\010o"
 520      008DF708 
 520      6F
 521              		.text
 522              		.section	.gnu.lto_.lto.2cab5bd7fd241a6b,"e",%progbits
 523 0000 0B000300 		.ascii	"\013\000\003\000\001\000\000\000"
 523      01000000 
 524              		.text
 525              		.section	.gnu.lto__ZN3Pid9GetOutputEff.3.2cab5bd7fd241a6b,"e",%progbits
 526 0000 789C6D53 		.ascii	"x\234mSKhSQ\020\235\271\363\336\313\257i+M\224\212\326"
 526      4B685351 
 526      109DB9F3 
 526      DECBAF69 
 526      2B4D948A 
 527 0015 2E74A531 		.ascii	".t\2451\326\277\213\202\013\005w\272t'\251Im\250mj\232"
 527      D6BF8B82 
 527      0B0577BA 
 527      7427A949 
 527      6DA86D6A 
 528 002a 5ABA90BE 		.ascii	"Z\272\220\276\376\262\250\013\215\326\017X\352g\243"
 528      FEB2A80B 
 528      8DD60F58 
 528      EA67A3
 529 0039 A2E007F1 		.ascii	"\242\340\007\361[J\354\007\213\250)\365\203J\025\021"
 529      5B4AEC07 
 529      8BA829F5 
 529      834A1511 
 530 0049 44BB5044 		.ascii	"D\273PD\251\012*u\356}/\232`\002'y\363\316\314\2313"
 530      A90A2A75 
 530      EE7D2F9A 
 530      60022779 
 530      F3CECC99 
 531 005e 776EAE69 		.ascii	"wn\256i\000m\000P\303@\007\340\241T\257\000\32347:\204"
 531      006D0050 
 531      C34007E0 
 531      A154AF00 
 531      D334373A 
ARM GAS  /tmp/ccbVniWm.s 			page 13


 532 0073 E84AED17 		.ascii	"\350J\355\0278\206\034Uj\335\251b\365K\330\227r+^\023"
 532      38861C55 
 532      6ADDA962 
 532      F54BD897 
 532      722B5E13 
 533 0087 3D298F7A 		.ascii	"=)\217z\227\2649\035\217\332\234\201\035\251\336\367"
 533      97B4391D 
 533      8FDA9C81 
 533      1DA9DEF7 
 534 0097 87BC2A40 		.ascii	"\207\274*@h\027\244\351\006\266\343i\322\321(C\3164"
 534      6817A4E9 
 534      06B6E369 
 534      D2D12843 
 534      CE34
 535 00a9 FC581964 		.ascii	"\374X\031d\372\307\273c_?z{\266d\000\332o\342\015d\033"
 535      FAC7BB63 
 535      5F3F7A7B 
 535      B66400DA 
 535      6FE20D64 
 536 00be A0A3733D 		.ascii	"\240\243s=\004FM\363`\377\251\264\266\3576\332\214\300"
 536      04464DF3 
 536      60FFA9B4 
 536      B6EF36DA 
 536      8CC0
 537 00d0 EAFD82C9 		.ascii	"\352\375\202\311\255\020\340\312\211\301O\246\351\202"
 537      AD10E0CA 
 537      89C14FA6 
 537      E982
 538 00de 0C0CFEE5 		.ascii	"\014\014\376\345Eu\237\344\267[\374\224\315\017\345"
 538      45759FE4 
 538      B75BFC94 
 538      CD0FE5
 539 00ed F00342C9 		.ascii	"\360\003B\311\207\371k)\347|\356\277>\205\343\246\226"
 539      87F96B29 
 539      E77CEEBF 
 539      3E85E3A6 
 539      96
 540 00fe 8134FE6D 		.ascii	"\2014\376m_=(E\242v\312\345\023R\2462\003\3039\031W"
 540      5F3D2845 
 540      A276CAE5 
 540      1352A632 
 540      03C33919 
 541 0113 6546229B 		.ascii	"eF\"\2331\2234\267\210\014\214\346$\234\023\036\030"
 541      319334B7 
 541      880C8CE6 
 541      249C131E 
 541      18
 542 0124 C311BCCB 		.ascii	"\303\021\274\313\303\313\223\005 \034E\034FL\343\245"
 542      C3CB9305 
 542      201C451C 
 542      464CE3A5 
 543 0134 493D6DFE 		.ascii	"I=m\376\232=`\232gC\201E\310\266\004\203\030\032Cg\030"
 543      9A3D609A 
 543      67438145 
 543      C8B60483 
 543      181A4367 
 544 0149 0C07C3C9 		.ascii	"\014\007\303\311p1\334\014\017\243\210\341e\0243J\030"
ARM GAS  /tmp/ccbVniWm.s 			page 14


 544      7031DC0C 
 544      0FA388E1 
 544      6514334A 
 544      18
 545 015a A58C32C4 		.ascii	"\245\2142\304A\364!\016\241\037\270\305<\304\333X\016"
 545      41F4210E 
 545      A11FB8C5 
 545      3CC4DB58 
 545      0E
 546 016b DC693E70 		.ascii	"\334i>p\257\012\316\000\030 \271RSC3\015p\222\204\025"
 546      AF0ACE00 
 546      1820B952 
 546      5343330D 
 546      70928415 
 547 017f 7470F05D 		.ascii	"tp\360]\230o/ \374\024]\227\223\257\220\374TF>~\331"
 547      986F2F20 
 547      FC145D97 
 547      93AF90FC 
 547      54463E7E 
 548 0194 59C952E4 		.ascii	"Y\311R\344W\364\025\037\323\235C\347\375\204\274\266"
 548      57F4151F 
 548      D39D43E7 
 548      FD84BCB6 
 549 01a4 36E4A92F 		.ascii	"6\344\251/\312;\341l\335v\017a-\037\3608\266\360\214"
 549      CA3BE16C 
 549      DD760F61 
 549      2D1FF038 
 549      B6F08C
 550 01b7 3269BA82 		.ascii	"2i\272\202D>\335\315O\315\367q\217J\350\272\232|E\374"
 550      443EDDCD 
 550      4FCDF771 
 550      8F4AE8BA 
 550      9A7C45FC 
 551 01cb 112CAD34 		.ascii	"\021,\2554\227\361\275\370?\375\001\306\262\3513\032"
 551      97F1BDF8 
 551      3FFD01C6 
 551      B2E9331A 
 552 01db E95CA0C9 		.ascii	"\351\\\240\311h \371T\220AH\272,\376\322\213\377\031"
 552      6820F954 
 552      904148BA 
 552      2CFED28B 
 552      FF19
 553 01ed 79248D90 		.ascii	"y$\215\220\241l\337\260m/&G~\236|\312\300\0046X=\324"
 553      A16CDFB0 
 553      6D2F2647 
 553      7E9E7CCA 
 553      C0043658 
 554 0203 DCE53CB9 		.ascii	"\334\345<\271\303\232{\230#%pK\012t\275\224\364|N\020"
 554      C39A7B98 
 554      2325704B 
 554      0A74BD94 
 554      F47C4E10 
 555 0217 169DE648 		.ascii	"\026\235\346H\321w\224\376\361i\237\255\376A\344\312"
 555      D17794FE 
 555      F1699FAD 
 555      FE41E4CA 
 556 0227 4F4A79FB 		.ascii	"OJy\373\000\267YF\026\220\263\300\254O\260\236}|\023"
ARM GAS  /tmp/ccbVniWm.s 			page 15


 556      00B75946 
 556      1690B3C0 
 556      AC4FB09E 
 556      7D7C13
 557 023a DDAF47E6 		.ascii	"\335\257G\346\362pNy{xE\324\301yB\256\010Y\342\314a"
 557      F2704E79 
 557      7B7845D4 
 557      C17942AE 
 557      0859E2CC 
 558 024f B4469ED1 		.ascii	"\264F\236\321\263\335\026\347v{\246\346v\252J-\177\271"
 558      B3DD16E7 
 558      767BA6E6 
 558      76AA4A2D 
 558      7FB9
 559 0261 8FAD6398 		.ascii	"\217\255c\230.\"W\241cx\236]\335\227\344\030\221\233"
 559      2E2257A1 
 559      63789E5D 
 559      DD97E418 
 559      919B
 560 0273 35D8CA14 		.ascii	"5\330\312\024[q\221\333\266\242\347[9b[\371\235\265"
 560      5B7191DB 
 560      B6A2E75B 
 560      39625BF9 
 560      9DB5
 561 0285 726E49AE 		.ascii	"rnI\256\340Ke\305\255*\215|+/\354\215\024\223\247\300"
 561      E04B65C5 
 561      AD2A8D7C 
 561      2B2FEC8D 
 561      1493A7C0 
 562 0299 414C6134 		.ascii	"ALa4\273\364\207\202\212\310c\337\221\351\205\344-\344"
 562      BBF48782 
 562      8AC863DF 
 562      91E985E4 
 562      2DE4
 563 02ab FCB5ED9C 		.ascii	"\374\265\355\234\257\305C\242b\256\360Z\362\001*) \377"
 563      AFC543A2 
 563      62AEF05A 
 563      F2012A29 
 563      20FF
 564 02bd 067765E5 		.ascii	"\006we\345\177\353TJ%\274F\253\330\240\012./\205Y^/"
 564      7FEB544A 
 564      25BC46AB 
 564      D8A00A2E 
 564      2F85595E 
 565 02d2 55C89907 		.ascii	"U\310\231\007\010\377\375]\000\226\005\353b\015\221"
 565      08FFFD5D 
 565      009605EB 
 565      620D91
 566 02e1 607D6C67 		.ascii	"`}lgK<\330\032\015GjB\215\341\300\312UUU\201\332\025"
 566      4B3CD81A 
 566      0D476A42 
 566      8DE1C0CA 
 566      55555581 
 567 02f7 3B42E170 		.ascii	";B\341p\2541X\033\2157\264\206\342\021p6E\303\313w6"
 567      AC31581B 
 567      8D37B486 
 567      E2117036 
ARM GAS  /tmp/ccbVniWm.s 			page 16


 567      45C3CB77 
 568 030c 358196A8 		.ascii	"5\201\226\250\2136\317\261\243\345\0336\254\251]W\265"
 568      8B36CFB1 
 568      A3E51B36 
 568      ACA95D57 
 568      B5
 569 031d 7A25389B 		.ascii	"z%8\233#\211\246X\2641\341\211\3254G\342{C\211h\254"
 569      2389A658 
 569      B431E189 
 569      D53447E2 
 569      7B438968 
 570 0332 510B6F0E 		.ascii	"Q\013o\016'\334\221x<\026\337\024\331\235\010\351\352"
 570      27DC9178 
 570      3C16DF14 
 570      D99D08E9 
 570      EA
 571 0343 F10FB312 		.ascii	"\361\017\263\022\235\276"
 571      9DBE
 572              		.text
 573              		.section	.gnu.lto_.symbol_nodes.2cab5bd7fd241a6b,"e",%progbits
 574 0000 789C9362 		.ascii	"x\234\223b\000\002&\346z\266\006 `a\234p\216\201\241"
 574      000226E6 
 574      7AB60620 
 574      60619C70 
 574      8E81A1
 575 0013 9E816157 		.ascii	"\236\201aWC##H\002\000\\i\006C"
 575      43232348 
 575      02005C69 
 575      0643
 576              		.text
 577              		.section	.gnu.lto_.refs.2cab5bd7fd241a6b,"e",%progbits
 578 0000 789C6364 		.ascii	"x\234cd\000\002\000\000\012\000\002"
 578      00020000 
 578      0A0002
 579              		.text
 580              		.section	.gnu.lto_.decls.2cab5bd7fd241a6b,"e",%progbits
 581 0000 789C6553 		.ascii	"x\234eS]l\033E\020\336\271\\\234s\023T\233\266\222\371"
 581      5D6C1B45 
 581      10DEB95C 
 581      9C731354 
 581      9BB692F9 
 582 0014 9322F102 		.ascii	"\223\"\361\002i\343\3045m\311[\020T}\201\300Cy\341\305"
 582      69E3C435 
 582      6DC95B10 
 582      547D81C0 
 582      4379E1C5 
 583 0028 72639B58 		.ascii	"rc\233X\311\305\326\305\241<\216\035\223^E\211|A \313"
 583      C9C5D6C5 
 583      A13C8E1D 
 583      935E4589 
 583      7C4120CB 
 584 003c 4AD1E984 		.ascii	"J\321\351\204@P@\241\002\352\206\020_\023SB\323$N\023"
 584      405040A1 
 584      02EA8610 
 584      5F135342 
 584      D3244E13 
 585 0050 41019306 		.ascii	"A\001\223\006#\250\251\020r\213@\274\225\331\363\305"
ARM GAS  /tmp/ccbVniWm.s 			page 17


 585      23A8A910 
 585      728B40BC 
 585      95D9F3C5 
 586 0060 2262A56F 		.ascii	"\"b\245ow\366\276\231ofwnKM\214\375\314\030\013\021"
 586      77F6BE99 
 586      6F66776E 
 586      4B4D8CFD 
 586      CC180B11 
 587 0074 EED21068 		.ascii	"\356\322\020h]'\264\020\236\261\355>\302\034a\203\260"
 587      5D27B410 
 587      9EB1ED3E 
 587      C21C6183 
 587      B0
 588 0085 4CA810BE 		.ascii	"L\250\020\276\004\306\356\261\355\015\333g\335\346W"
 588      04C6EEB1 
 588      ED0DDB67 
 588      DDE657
 589 0094 6CFF1261 		.ascii	"l\377\022a\225\260DX#\\%\\!8\366\200\350\330\007\355"
 589      95B04458 
 589      235C255C 
 589      2138F680 
 589      E8D807ED 
 590 00a8 B47A2481 		.ascii	"\264z$\201o]\322n&=\300\244\207\231(L\316\337|Ct!b\371"
 590      6F5DD26E 
 590      263DC0A4 
 590      8799284C 
 590      CEDF7C43 
 591 00c0 923E2FB2 		.ascii	"\222>/\262<\\\0006\007\\\207{J\322\243L\3622\311\317"
 591      3C5C0036 
 591      075C877B 
 591      4AD2A34C 
 591      F232C9CF 
 592 00d4 A4C799F4 		.ascii	"\244\307\231\364\004;\204\3260\"VE4\216\267I\021&\015"
 592      043B84D6 
 592      30225645 
 592      348EB749 
 592      11260D
 593 00e7 72DF0729 		.ascii	"r\337\007)\311\026\210\367\316V\337\255\264vttx\010"
 593      C91688F7 
 593      CE56DFAD 
 593      B4767474 
 593      7808
 594 00f9 1DDEB48E 		.ascii	"\035\336\264\216\377\024Nm\032\255\357\375\221\306\323"
 594      FF144E6D 
 594      1AADEFFD 
 594      91C6D3
 595 0108 9E025C82 		.ascii	"\236\002\\\202\025\260\2620\223\220\007\206:\326\362"
 595      15B0B230 
 595      93900786 
 595      3AD6F2
 596 0117 9F959D8B 		.ascii	"\237\225\235\213&\245\235m\260\237\327Y\212\257\235"
 596      26A59D6D 
 596      B09FD759 
 596      8AAF9D
 597 0126 BB66B105 		.ascii	"\273f\261\005Xh\260\276z(b\032USdW\340k`\353\304^\206"
 597      5868B0BE 
 597      7A28621A 
ARM GAS  /tmp/ccbVniWm.s 			page 18


 597      55536457 
 597      E06B60EB 
 598 013d 35588612 		.ascii	"5X\206\022,\3015\270\012\253\274H\256\177q[\177\246"
 598      2CC135B8 
 598      0AABBC48 
 598      AE7F715B 
 598      7FA6
 599 014f A17091E0 		.ascii	"\241p\221\340\267\344?\330\226\237\337Q\232EN\277Oe"
 599      B7E43FD8 
 599      969FDF51 
 599      9A454EBF 
 599      4F65
 600 0161 3BDB0A50 		.ascii	";\333\012P\374o\352:\365\221M}\261\243f?\257\2526\302"
 600      FC6FEA3A 
 600      F5914D7D 
 600      B1A3663F 
 600      AFAA36C2 
 601 0175 566091AA 		.ascii	"V`\221\252\341w\364\025\320=\177\370\361\315\363N\267"
 601      E177F415 
 601      D03D7FF8 
 601      F1CDF34E 
 601      B7
 602 0186 4914D23D 		.ascii	"I\024\322=o\007l\020D\341\314\353\332\005\311\342\314"
 602      6F076C10 
 602      44E1CCEB 
 602      DA05C9E2 
 602      CC
 603 0197 FF71B7DE 		.ascii	"\377q\267\336\231y\253\3556\220\246\212f\262(e\214*"
 603      9979ABED 
 603      3690A68A 
 603      66B22865 
 603      8C2A
 604 01a9 4E23C6F1 		.ascii	"N#\306\361r5\233\033\257\252n-E\334\264\212\367g\351"
 604      72359B1B 
 604      AFAA6E2D 
 604      45DCB48A 
 604      F767E9
 605 01bc 732EB795 		.ascii	"s.\267\225\021\364&\272\025\032cm\370\011-\251\001\034"
 605      11F426BA 
 605      151A636D 
 605      F8092DA9 
 605      011C
 606 01ce 1BE7FB33 		.ascii	"\033\347\3733\036}\254\336\277\022\2409\216\323\246"
 606      1E7DACDE 
 606      BF12A039 
 606      8ED3A6
 607 01dd C358C0F1 		.ascii	"\303X\300\361,>\235\313U\027y\012\234\334\232:\265["
 607      2C3E9DCB 
 607      5517790A 
 607      9CDC9A3A 
 607      B55B
 608 01ef 1F2BABFA 		.ascii	"\037+\253\372\002\336\247\223J\026\323\246\006I\012"
 608      02DEA793 
 608      4A16D3A6 
 608      06490A
 609 01fe 499AA899 		.ascii	"I\232\250\231\220\321\247^\233H\027\257\037H\246\322"
 609      90D1A75E 
ARM GAS  /tmp/ccbVniWm.s 			page 19


 609      9B4817AF 
 609      1F48A6D2 
 610 020e 6A265554 		.ascii	"j&UT]|\312\030\230wk:\031o\233\350B2\222FQ\005\315 "
 610      5D7CCA18 
 610      98776B3A 
 610      196F9BE8 
 610      42329246 
 611 0226 1FA38830 		.ascii	"\037\243\2100I>\355I\252*i\364j[\257`\022\213\350F,"
 611      493EED49 
 611      AA2A69F4 
 611      6A5BAF60 
 611      128BE846 
 612 023b AA9AF114 		.ascii	"\252\232\361\024\267\251\215*\240\201\244\210\247\335"
 612      B7A98D2A 
 612      A081A488 
 612      A7DD
 613 0249 99948A14 		.ascii	"\231\224\212\024FG3\322y-e\"\031&\271\"I\323\344\340"
 613      464733D2 
 613      792D6522 
 613      1926B922 
 613      49D3E4E0 
 614 025d 774A2102 		.ascii	"wJ!\002?\033b;\365\027\001\223\275\242P\271\363\347"
 614      3F1B623B 
 614      F5170193 
 614      BDA250B9 
 614      F3E7
 615 026f 8C74871F 		.ascii	"\214t\207\037d\366\315\337\232\331\276L/c\335.i\026"
 615      64F6CDDF 
 615      9AD9BE4C 
 615      2F63DD2E 
 615      6916
 616 0281 98B4C67B 		.ascii	"\230\264\306{PX\376\265\326\342\264\236\311m\332Vjg"
 616      5058FEB5 
 616      D6E2B49E 
 616      C96DDA56 
 616      6A67
 617 0293 D71DF5ED 		.ascii	"\327\035\365\355\367 \212K\257\226n\211\036\257uA\252"
 617      F7208A4B 
 617      AF966E89 
 617      1EAF7541 
 617      AA
 618 02a4 6975EE47 		.ascii	"iu\356G(\327{H\237\\\345\235\015]\375\353\227=\215~"
 618      28D77B48 
 618      9F5CE59D 
 618      0D5DFDEB 
 618      973D8D7E 
 619 02b8 96ED9E6D 		.ascii	"\226\355\236mZ=;7\241\235\027\271\360&\374\000\3642"
 619      5A3D3B37 
 619      A19D17B9 
 619      F026FC00 
 619      F432
 620 02ca 047A192E 		.ascii	"\004z\031.Q(\352s\2376?DR\277#\356]e?\321k\241\027\015"
 620      5128EA73 
 620      9F363F44 
 620      52BF23EE 
 620      5D653FD1 
 621 02e2 EC06D0CF 		.ascii	"\354\006\320\317\"\012g\347ol\212\217d\263\230\375{"
ARM GAS  /tmp/ccbVniWm.s 			page 20


 621      220A67E7 
 621      6F6C8A8F 
 621      64B398FD 
 621      7B
 622 02f3 620A7B79 		.ascii	"b\012{y[\305\012|g\347\274\016\354[\370\006\216\337"
 622      5BC50A7C 
 622      67E7BC0E 
 622      EC5BF806 
 622      8EDF
 623 0305 05D62607 		.ascii	"\005\326&\007\242\303\211\360\213J0\021SZ\345\300Pp"
 623      A2C389F0 
 623      8B4A3011 
 623      535AE5C0 
 623      5070
 624 0317 24715451 		.ascii	"$qTQbJ\213\034\350\037\012\312\361\346\310P,\230\020"
 624      624A8B1C 
 624      E81F0ACA 
 624      F1E6C850 
 624      2C9810
 625 032a E5C06088 		.ascii	"\345\300`\210OQ>\305%9\020\017+\321X\250%\036\015y\373"
 625      4F513EC5 
 625      2539100F 
 625      2BD158A8 
 625      251E0D79 
 626 033f E3F15DC7 		.ascii	"\343\361]\307\372\236o\177r\377~\337\021\346\266?y{"
 626      FA9E6F7F 
 626      72FF7EDF 
 626      11E6B63F 
 626      797B
 627 0351 7A0E458E 		.ascii	"z\016E\216\370\036;\310D\377s\321P\023\341@\327@L\016"
 627      F81E3BC8 
 627      44FF73D1 
 627      5013E140 
 627      D7404C0E 
 628 0365 770DC6FA 		.ascii	"w\015\306\372G\225\256\223\321P\370Dp8\324y\320\357"
 628      4795AE93 
 628      D150F844 
 628      7038D479 
 628      D0EF
 629 0377 F37546BA 		.ascii	"\363uF\272\003\301P(6\334\025\211*\362\311\240\022f"
 629      03C15028 
 629      36DC1589 
 629      2AF2C9A0 
 629      1266
 630 0389 0EAE33C0 		.ascii	"\016\2563\300\232|\207\2313\250\310/\035\036\351\224"
 630      9A7C8799 
 630      33A8C82F 
 630      1D1EE994 
 631 0399 D9AEFE98 		.ascii	"\331\256\376\230\222\010\277\334)w\263\275\201\027\372"
 631      9208BFDC 
 631      2977B3BD 
 631      8117FA
 632 03a8 B870CFB1 		.ascii	"\270p\317\261p\342\331\321D|4q4\022q66\222]\006\373"
 632      70E2D9D1 
 632      447C3471 
 632      34127136 
 632      36925D06 
ARM GAS  /tmp/ccbVniWm.s 			page 21


 633 03bd 179CB3D6 		.ascii	"\027\234\263\326\037"
 633      1F
 634              		.text
 635              		.section	.gnu.lto_.symtab.2cab5bd7fd241a6b,"e",%progbits
 636 0000 5F5A4E33 		.ascii	"_ZN3Pid9GetOutputEff\000"
 636      50696439 
 636      4765744F 
 636      75747075 
 636      74456666 
 637 0015 00       		.ascii	"\000"
 638 0016 00       		.ascii	"\000"
 639 0017 00       		.ascii	"\000"
 640 0018 00000000 		.ascii	"\000\000\000\000\000\000\000\000"
 640      00000000 
 641 0020 E2000000 		.ascii	"\342\000\000\000"
 642              		.text
 643              		.section	.gnu.lto_.ext_symtab.2cab5bd7fd241a6b,"e",%progbits
 644 0000 01       		.ascii	"\001"
 645 0001 01       		.ascii	"\001"
 646 0002 00       		.ascii	"\000"
 647              		.text
 648              		.section	.gnu.lto_.opts,"e",%progbits
 649 0000 272D666E 		.ascii	"'-fno-openmp' '-fno-openacc' '-fno-pie' '-fcf-prote"
 649      6F2D6F70 
 649      656E6D70 
 649      2720272D 
 649      666E6F2D 
 650 0033 6374696F 		.ascii	"ction=none' '-g' '-mcpu=cortex-m0' '-mthumb' '-mflo"
 650      6E3D6E6F 
 650      6E652720 
 650      272D6727 
 650      20272D6D 
 651 0066 61742D61 		.ascii	"at-abi=soft' '-mlibarch=armv6s-m' '-march=armv6s-m'"
 651      62693D73 
 651      6F667427 
 651      20272D6D 
 651      6C696261 
 652 0099 20272D4F 		.ascii	" '-O2' '-Werror=switch' '-fomit-frame-pointer' '-fa"
 652      32272027 
 652      2D576572 
 652      726F723D 
 652      73776974 
 653 00cc 6C69676E 		.ascii	"lign-functions=16' '-fsingle-precision-constant' '-"
 653      2D66756E 
 653      6374696F 
 653      6E733D31 
 653      36272027 
 654 00ff 6666756E 		.ascii	"ffunction-sections' '-fdata-sections' '-fno-common'"
 654      6374696F 
 654      6E2D7365 
 654      6374696F 
 654      6E732720 
 655 0132 20272D66 		.ascii	" '-flto' '-fno-exceptions' '-ffast-math' '-funsafe-"
 655      6C746F27 
 655      20272D66 
 655      6E6F2D65 
 655      78636570 
ARM GAS  /tmp/ccbVniWm.s 			page 22


 656 0165 6D617468 		.ascii	"math-optimizations' '-Xassembler' '-alms=./build/ls"
 656      2D6F7074 
 656      696D697A 
 656      6174696F 
 656      6E732720 
 657 0198 742F7069 		.ascii	"t/pid.lst'\000"
 657      642E6C73 
 657      742700
 658              		.text
 659              		.comm	__gnu_lto_slim,1,1
 660              		.ident	"GCC: (Arm GNU Toolchain 11.3.Rel1) 11.3.1 20220712"
ARM GAS  /tmp/ccbVniWm.s 			page 23


DEFINED SYMBOLS
                            *ABS*:0000000000000000 pid.cpp
     /tmp/ccbVniWm.s:18     .gnu.debuglto_.debug_info:0000000000000000 pid.cpp.995f7142
                            *COM*:0000000000000001 __gnu_lto_slim

NO UNDEFINED SYMBOLS
