ARM GAS  /tmp/cc6Vvgx9.s 			page 1


   1              		.cpu cortex-m0
   2              		.arch armv6s-m
   3              		.fpu softvfp
   4              		.eabi_attribute 23, 1
   5              		.eabi_attribute 24, 1
   6              		.eabi_attribute 25, 1
   7              		.eabi_attribute 26, 1
   8              		.eabi_attribute 30, 2
   9              		.eabi_attribute 34, 0
  10              		.eabi_attribute 18, 4
  11              		.file	"port_shared.cpp"
  12              		.file 1 "/home/kocur/.rusefi-tools/arm-gnu-toolchain-11.3.rel1-x86_64-arm-none-eabi/arm-none-eabi/
  13              		.file 2 "/home/kocur/.rusefi-tools/arm-gnu-toolchain-11.3.rel1-x86_64-arm-none-eabi/arm-none-eabi/
  14              		.file 3 "ChibiOS/os/common/ext/ST/STM32F0xx/stm32f0xx.h"
  15              		.file 4 "ChibiOS/os/hal/ports/STM32/LLD/CANv1/hal_can_lld.h"
  16              		.file 5 "boards/f0_addon/port_shared.cpp"
  17              		.section	.gnu.debuglto_.debug_info,"e",%progbits
  18              	.Ldebug_info0:
  19              		.hidden	port_shared.cpp.9075f675
  20              		.weak	port_shared.cpp.9075f675
  21              	port_shared.cpp.9075f675:
  22 0000 63010000 		.4byte	0x163
  23 0004 0500     		.2byte	0x5
  24 0006 01       		.byte	0x1
  25 0007 04       		.byte	0x4
  26 0008 00000000 		.4byte	.Ldebug_abbrev0
  27 000c 06       		.uleb128 0x6
  28 000d 00000000 		.4byte	.LASF26
  29 0011 21       		.byte	0x21
  30 0012 87010000 		.4byte	.LASF27
  31 0016 01020000 		.4byte	.LASF28
  32 001a 00000000 		.4byte	.Ldebug_line0
  33 001e 07       		.uleb128 0x7
  34 001f 04       		.byte	0x4
  35 0020 05       		.byte	0x5
  36 0021 696E7400 		.ascii	"int\000"
  37 0025 01       		.uleb128 0x1
  38 0026 04       		.byte	0x4
  39 0027 07       		.byte	0x7
  40 0028 56020000 		.4byte	.LASF0
  41 002c 01       		.uleb128 0x1
  42 002d 08       		.byte	0x8
  43 002e 05       		.byte	0x5
  44 002f 78020000 		.4byte	.LASF1
  45 0033 01       		.uleb128 0x1
  46 0034 08       		.byte	0x8
  47 0035 04       		.byte	0x4
  48 0036 BF020000 		.4byte	.LASF2
  49 003a 08       		.uleb128 0x8
  50 003b 57010000 		.4byte	.LASF29
  51 003f 01       		.uleb128 0x1
  52 0040 01       		.byte	0x1
  53 0041 06       		.byte	0x6
  54 0042 D8020000 		.4byte	.LASF3
  55 0046 01       		.uleb128 0x1
  56 0047 01       		.byte	0x1
  57 0048 08       		.byte	0x8
ARM GAS  /tmp/cc6Vvgx9.s 			page 2


  58 0049 A7010000 		.4byte	.LASF4
  59 004d 01       		.uleb128 0x1
  60 004e 02       		.byte	0x2
  61 004f 05       		.byte	0x5
  62 0050 A3020000 		.4byte	.LASF5
  63 0054 01       		.uleb128 0x1
  64 0055 02       		.byte	0x2
  65 0056 07       		.byte	0x7
  66 0057 E4020000 		.4byte	.LASF6
  67 005b 01       		.uleb128 0x1
  68 005c 04       		.byte	0x4
  69 005d 05       		.byte	0x5
  70 005e B6020000 		.4byte	.LASF7
  71 0062 02       		.uleb128 0x2
  72 0063 3D020000 		.4byte	.LASF10
  73 0067 01       		.byte	0x1
  74 0068 4F       		.byte	0x4f
  75 0069 19       		.byte	0x19
  76 006a 6E000000 		.4byte	0x6e
  77 006e 01       		.uleb128 0x1
  78 006f 04       		.byte	0x4
  79 0070 07       		.byte	0x7
  80 0071 D4010000 		.4byte	.LASF8
  81 0075 01       		.uleb128 0x1
  82 0076 08       		.byte	0x8
  83 0077 07       		.byte	0x7
  84 0078 70010000 		.4byte	.LASF9
  85 007c 02       		.uleb128 0x2
  86 007d AD020000 		.4byte	.LASF11
  87 0081 02       		.byte	0x2
  88 0082 30       		.byte	0x30
  89 0083 14       		.byte	0x14
  90 0084 62000000 		.4byte	0x62
  91 0088 01       		.uleb128 0x1
  92 0089 01       		.byte	0x1
  93 008a 08       		.byte	0x8
  94 008b 63020000 		.4byte	.LASF12
  95 008f 04       		.uleb128 0x4
  96 0090 46000000 		.4byte	0x46
  97 0094 B0       		.byte	0xb0
  98 0095 CB020000 		.4byte	.LASF15
  99 0099 AA000000 		.4byte	0xaa
 100 009d 03       		.uleb128 0x3
 101 009e E6010000 		.4byte	.LASF13
 102 00a2 00       		.byte	0
 103 00a3 09       		.uleb128 0x9
 104 00a4 53455400 		.ascii	"SET\000"
 105 00a8 01       		.byte	0x1
 106 00a9 00       		.byte	0
 107 00aa 02       		.uleb128 0x2
 108 00ab BD010000 		.4byte	.LASF14
 109 00af 03       		.byte	0x3
 110 00b0 B3       		.byte	0xb3
 111 00b1 03       		.byte	0x3
 112 00b2 8F000000 		.4byte	0x8f
 113 00b6 04       		.uleb128 0x4
 114 00b7 46000000 		.4byte	0x46
ARM GAS  /tmp/cc6Vvgx9.s 			page 3


 115 00bb B6       		.byte	0xb6
 116 00bc 91020000 		.4byte	.LASF16
 117 00c0 D1000000 		.4byte	0xd1
 118 00c4 03       		.uleb128 0x3
 119 00c5 F9010000 		.4byte	.LASF17
 120 00c9 00       		.byte	0
 121 00ca 03       		.uleb128 0x3
 122 00cb 69010000 		.4byte	.LASF18
 123 00cf 01       		.byte	0x1
 124 00d0 00       		.byte	0
 125 00d1 02       		.uleb128 0x2
 126 00d2 2D020000 		.4byte	.LASF19
 127 00d6 03       		.byte	0x3
 128 00d7 B9       		.byte	0xb9
 129 00d8 03       		.byte	0x3
 130 00d9 B6000000 		.4byte	0xb6
 131 00dd 04       		.uleb128 0x4
 132 00de 46000000 		.4byte	0x46
 133 00e2 BD       		.byte	0xbd
 134 00e3 48020000 		.4byte	.LASF20
 135 00e7 F8000000 		.4byte	0xf8
 136 00eb 03       		.uleb128 0x3
 137 00ec 72020000 		.4byte	.LASF21
 138 00f0 00       		.byte	0
 139 00f1 03       		.uleb128 0x3
 140 00f2 B5010000 		.4byte	.LASF22
 141 00f6 01       		.byte	0x1
 142 00f7 00       		.byte	0
 143 00f8 02       		.uleb128 0x2
 144 00f9 C8010000 		.4byte	.LASF23
 145 00fd 03       		.byte	0x3
 146 00fe C0       		.byte	0xc0
 147 00ff 03       		.byte	0x3
 148 0100 DD000000 		.4byte	0xdd
 149 0104 01       		.uleb128 0x1
 150 0105 01       		.byte	0x1
 151 0106 02       		.byte	0x2
 152 0107 52010000 		.4byte	.LASF24
 153 010b 0A       		.uleb128 0xa
 154 010c 08       		.byte	0x8
 155 010d 04       		.byte	0x4
 156 010e 3601     		.2byte	0x136
 157 0110 10       		.byte	0x10
 158 0111 86020000 		.4byte	.LASF30
 159 0115 32010000 		.4byte	0x132
 160 0119 05       		.uleb128 0x5
 161 011a 6D637200 		.ascii	"mcr\000"
 162 011e 3C01     		.2byte	0x13c
 163 0120 7C000000 		.4byte	0x7c
 164 0124 00       		.byte	0
 165 0125 05       		.uleb128 0x5
 166 0126 62747200 		.ascii	"btr\000"
 167 012a 4201     		.2byte	0x142
 168 012c 7C000000 		.4byte	0x7c
 169 0130 04       		.byte	0x4
 170 0131 00       		.byte	0
 171 0132 0B       		.uleb128 0xb
ARM GAS  /tmp/cc6Vvgx9.s 			page 4


 172 0133 68020000 		.4byte	.LASF25
 173 0137 04       		.byte	0x4
 174 0138 4301     		.2byte	0x143
 175 013a 03       		.byte	0x3
 176 013b 0B010000 		.4byte	0x10b
 177 013f 0C       		.uleb128 0xc
 178 0140 32010000 		.4byte	0x132
 179 0144 0D       		.uleb128 0xd
 180 0145 EC010000 		.4byte	.LASF31
 181 0149 05       		.byte	0x5
 182 014a 05       		.byte	0x5
 183 014b 18       		.byte	0x18
 184 014c 3F010000 		.4byte	0x13f
 185 0150 0E       		.uleb128 0xe
 186 0151 F7020000 		.4byte	.LASF32
 187 0155 05       		.byte	0x5
 188 0156 0E       		.byte	0xe
 189 0157 12       		.byte	0x12
 190 0158 04030000 		.4byte	.LASF33
 191 015c 60010000 		.4byte	0x160
 192 0160 0F       		.uleb128 0xf
 193 0161 04       		.byte	0x4
 194 0162 3F010000 		.4byte	0x13f
 195 0166 00       		.byte	0
 196              		.section	.gnu.debuglto_.debug_abbrev,"e",%progbits
 197              	.Ldebug_abbrev0:
 198 0000 01       		.uleb128 0x1
 199 0001 24       		.uleb128 0x24
 200 0002 00       		.byte	0
 201 0003 0B       		.uleb128 0xb
 202 0004 0B       		.uleb128 0xb
 203 0005 3E       		.uleb128 0x3e
 204 0006 0B       		.uleb128 0xb
 205 0007 03       		.uleb128 0x3
 206 0008 0E       		.uleb128 0xe
 207 0009 00       		.byte	0
 208 000a 00       		.byte	0
 209 000b 02       		.uleb128 0x2
 210 000c 16       		.uleb128 0x16
 211 000d 00       		.byte	0
 212 000e 03       		.uleb128 0x3
 213 000f 0E       		.uleb128 0xe
 214 0010 3A       		.uleb128 0x3a
 215 0011 0B       		.uleb128 0xb
 216 0012 3B       		.uleb128 0x3b
 217 0013 0B       		.uleb128 0xb
 218 0014 39       		.uleb128 0x39
 219 0015 0B       		.uleb128 0xb
 220 0016 49       		.uleb128 0x49
 221 0017 13       		.uleb128 0x13
 222 0018 00       		.byte	0
 223 0019 00       		.byte	0
 224 001a 03       		.uleb128 0x3
 225 001b 28       		.uleb128 0x28
 226 001c 00       		.byte	0
 227 001d 03       		.uleb128 0x3
 228 001e 0E       		.uleb128 0xe
ARM GAS  /tmp/cc6Vvgx9.s 			page 5


 229 001f 1C       		.uleb128 0x1c
 230 0020 0B       		.uleb128 0xb
 231 0021 00       		.byte	0
 232 0022 00       		.byte	0
 233 0023 04       		.uleb128 0x4
 234 0024 04       		.uleb128 0x4
 235 0025 01       		.byte	0x1
 236 0026 3E       		.uleb128 0x3e
 237 0027 21       		.uleb128 0x21
 238 0028 07       		.sleb128 7
 239 0029 0B       		.uleb128 0xb
 240 002a 21       		.uleb128 0x21
 241 002b 01       		.sleb128 1
 242 002c 49       		.uleb128 0x49
 243 002d 13       		.uleb128 0x13
 244 002e 3A       		.uleb128 0x3a
 245 002f 21       		.uleb128 0x21
 246 0030 03       		.sleb128 3
 247 0031 3B       		.uleb128 0x3b
 248 0032 0B       		.uleb128 0xb
 249 0033 39       		.uleb128 0x39
 250 0034 21       		.uleb128 0x21
 251 0035 01       		.sleb128 1
 252 0036 6E       		.uleb128 0x6e
 253 0037 0E       		.uleb128 0xe
 254 0038 01       		.uleb128 0x1
 255 0039 13       		.uleb128 0x13
 256 003a 00       		.byte	0
 257 003b 00       		.byte	0
 258 003c 05       		.uleb128 0x5
 259 003d 0D       		.uleb128 0xd
 260 003e 00       		.byte	0
 261 003f 03       		.uleb128 0x3
 262 0040 08       		.uleb128 0x8
 263 0041 3A       		.uleb128 0x3a
 264 0042 21       		.uleb128 0x21
 265 0043 04       		.sleb128 4
 266 0044 3B       		.uleb128 0x3b
 267 0045 05       		.uleb128 0x5
 268 0046 39       		.uleb128 0x39
 269 0047 21       		.uleb128 0x21
 270 0048 1D       		.sleb128 29
 271 0049 49       		.uleb128 0x49
 272 004a 13       		.uleb128 0x13
 273 004b 38       		.uleb128 0x38
 274 004c 0B       		.uleb128 0xb
 275 004d 00       		.byte	0
 276 004e 00       		.byte	0
 277 004f 06       		.uleb128 0x6
 278 0050 11       		.uleb128 0x11
 279 0051 01       		.byte	0x1
 280 0052 25       		.uleb128 0x25
 281 0053 0E       		.uleb128 0xe
 282 0054 13       		.uleb128 0x13
 283 0055 0B       		.uleb128 0xb
 284 0056 03       		.uleb128 0x3
 285 0057 0E       		.uleb128 0xe
ARM GAS  /tmp/cc6Vvgx9.s 			page 6


 286 0058 1B       		.uleb128 0x1b
 287 0059 0E       		.uleb128 0xe
 288 005a 10       		.uleb128 0x10
 289 005b 17       		.uleb128 0x17
 290 005c 00       		.byte	0
 291 005d 00       		.byte	0
 292 005e 07       		.uleb128 0x7
 293 005f 24       		.uleb128 0x24
 294 0060 00       		.byte	0
 295 0061 0B       		.uleb128 0xb
 296 0062 0B       		.uleb128 0xb
 297 0063 3E       		.uleb128 0x3e
 298 0064 0B       		.uleb128 0xb
 299 0065 03       		.uleb128 0x3
 300 0066 08       		.uleb128 0x8
 301 0067 00       		.byte	0
 302 0068 00       		.byte	0
 303 0069 08       		.uleb128 0x8
 304 006a 3B       		.uleb128 0x3b
 305 006b 00       		.byte	0
 306 006c 03       		.uleb128 0x3
 307 006d 0E       		.uleb128 0xe
 308 006e 00       		.byte	0
 309 006f 00       		.byte	0
 310 0070 09       		.uleb128 0x9
 311 0071 28       		.uleb128 0x28
 312 0072 00       		.byte	0
 313 0073 03       		.uleb128 0x3
 314 0074 08       		.uleb128 0x8
 315 0075 1C       		.uleb128 0x1c
 316 0076 0B       		.uleb128 0xb
 317 0077 00       		.byte	0
 318 0078 00       		.byte	0
 319 0079 0A       		.uleb128 0xa
 320 007a 13       		.uleb128 0x13
 321 007b 01       		.byte	0x1
 322 007c 0B       		.uleb128 0xb
 323 007d 0B       		.uleb128 0xb
 324 007e 3A       		.uleb128 0x3a
 325 007f 0B       		.uleb128 0xb
 326 0080 3B       		.uleb128 0x3b
 327 0081 05       		.uleb128 0x5
 328 0082 39       		.uleb128 0x39
 329 0083 0B       		.uleb128 0xb
 330 0084 6E       		.uleb128 0x6e
 331 0085 0E       		.uleb128 0xe
 332 0086 01       		.uleb128 0x1
 333 0087 13       		.uleb128 0x13
 334 0088 00       		.byte	0
 335 0089 00       		.byte	0
 336 008a 0B       		.uleb128 0xb
 337 008b 16       		.uleb128 0x16
 338 008c 00       		.byte	0
 339 008d 03       		.uleb128 0x3
 340 008e 0E       		.uleb128 0xe
 341 008f 3A       		.uleb128 0x3a
 342 0090 0B       		.uleb128 0xb
ARM GAS  /tmp/cc6Vvgx9.s 			page 7


 343 0091 3B       		.uleb128 0x3b
 344 0092 05       		.uleb128 0x5
 345 0093 39       		.uleb128 0x39
 346 0094 0B       		.uleb128 0xb
 347 0095 49       		.uleb128 0x49
 348 0096 13       		.uleb128 0x13
 349 0097 00       		.byte	0
 350 0098 00       		.byte	0
 351 0099 0C       		.uleb128 0xc
 352 009a 26       		.uleb128 0x26
 353 009b 00       		.byte	0
 354 009c 49       		.uleb128 0x49
 355 009d 13       		.uleb128 0x13
 356 009e 00       		.byte	0
 357 009f 00       		.byte	0
 358 00a0 0D       		.uleb128 0xd
 359 00a1 34       		.uleb128 0x34
 360 00a2 00       		.byte	0
 361 00a3 03       		.uleb128 0x3
 362 00a4 0E       		.uleb128 0xe
 363 00a5 3A       		.uleb128 0x3a
 364 00a6 0B       		.uleb128 0xb
 365 00a7 3B       		.uleb128 0x3b
 366 00a8 0B       		.uleb128 0xb
 367 00a9 39       		.uleb128 0x39
 368 00aa 0B       		.uleb128 0xb
 369 00ab 49       		.uleb128 0x49
 370 00ac 13       		.uleb128 0x13
 371 00ad 00       		.byte	0
 372 00ae 00       		.byte	0
 373 00af 0E       		.uleb128 0xe
 374 00b0 2E       		.uleb128 0x2e
 375 00b1 00       		.byte	0
 376 00b2 3F       		.uleb128 0x3f
 377 00b3 19       		.uleb128 0x19
 378 00b4 03       		.uleb128 0x3
 379 00b5 0E       		.uleb128 0xe
 380 00b6 3A       		.uleb128 0x3a
 381 00b7 0B       		.uleb128 0xb
 382 00b8 3B       		.uleb128 0x3b
 383 00b9 0B       		.uleb128 0xb
 384 00ba 39       		.uleb128 0x39
 385 00bb 0B       		.uleb128 0xb
 386 00bc 6E       		.uleb128 0x6e
 387 00bd 0E       		.uleb128 0xe
 388 00be 49       		.uleb128 0x49
 389 00bf 13       		.uleb128 0x13
 390 00c0 00       		.byte	0
 391 00c1 00       		.byte	0
 392 00c2 0F       		.uleb128 0xf
 393 00c3 10       		.uleb128 0x10
 394 00c4 00       		.byte	0
 395 00c5 0B       		.uleb128 0xb
 396 00c6 0B       		.uleb128 0xb
 397 00c7 49       		.uleb128 0x49
 398 00c8 13       		.uleb128 0x13
 399 00c9 00       		.byte	0
ARM GAS  /tmp/cc6Vvgx9.s 			page 8


 400 00ca 00       		.byte	0
 401 00cb 00       		.byte	0
 402              		.section	.gnu.debuglto_.debug_line,"e",%progbits
 403              	.Ldebug_line0:
 404 0000 5A000000 		.4byte	.LELT0-.LSLT0
 405              	.LSLT0:
 406 0004 0500     		.2byte	0x5
 407 0006 04       		.byte	0x4
 408 0007 00       		.byte	0
 409 0008 52000000 		.4byte	.LELTP0-.LASLTP0
 410              	.LASLTP0:
 411 000c 01       		.byte	0x1
 412 000d 01       		.byte	0x1
 413 000e 01       		.byte	0x1
 414 000f F6       		.byte	0xf6
 415 0010 F2       		.byte	0xf2
 416 0011 0D       		.byte	0xd
 417 0012 00       		.byte	0
 418 0013 01       		.byte	0x1
 419 0014 01       		.byte	0x1
 420 0015 01       		.byte	0x1
 421 0016 01       		.byte	0x1
 422 0017 00       		.byte	0
 423 0018 00       		.byte	0
 424 0019 00       		.byte	0
 425 001a 01       		.byte	0x1
 426 001b 00       		.byte	0
 427 001c 00       		.byte	0
 428 001d 01       		.byte	0x1
 429 001e 01       		.byte	0x1
 430 001f 01       		.uleb128 0x1
 431 0020 1F       		.uleb128 0x1f
 432 0021 06       		.uleb128 0x6
 433 0022 F1000000 		.4byte	.LASF34
 434 0026 2B010000 		.4byte	.LASF35
 435 002a 26000000 		.4byte	.LASF36
 436 002e 4E010000 		.4byte	.LASF37
 437 0032 6B000000 		.4byte	.LASF38
 438 0036 E1000000 		.4byte	.LASF39
 439 003a 02       		.byte	0x2
 440 003b 01       		.uleb128 0x1
 441 003c 1F       		.uleb128 0x1f
 442 003d 02       		.uleb128 0x2
 443 003e 0B       		.uleb128 0xb
 444 003f 06       		.uleb128 0x6
 445 0040 4B000000 		.4byte	.LASF40
 446 0044 00       		.byte	0
 447 0045 D0000000 		.4byte	.LASF41
 448 0049 03       		.byte	0x3
 449 004a 00000000 		.4byte	.LASF42
 450 004e 04       		.byte	0x4
 451 004f 0A000000 		.4byte	.LASF43
 452 0053 01       		.byte	0x1
 453 0054 1D010000 		.4byte	.LASF44
 454 0058 02       		.byte	0x2
 455 0059 16000000 		.4byte	.LASF45
 456 005d 05       		.byte	0x5
ARM GAS  /tmp/cc6Vvgx9.s 			page 9


 457              	.LELTP0:
 458              	.LELT0:
 459              		.section	.gnu.debuglto_.debug_str,"eMS",%progbits,1
 460              	.LASF26:
 461 0000 474E5520 		.ascii	"GNU C++17 11.3.1 20220712 -mcpu=cortex-m0 -mthumb -"
 461      432B2B31 
 461      37203131 
 461      2E332E31 
 461      20323032 
 462 0033 6D666C6F 		.ascii	"mfloat-abi=soft -march=armv6s-m -ggdb -O2 -std=c++1"
 462      61742D61 
 462      62693D73 
 462      6F667420 
 462      2D6D6172 
 463 0066 37202D66 		.ascii	"7 -fomit-frame-pointer -falign-functions=16 -fsingl"
 463      6F6D6974 
 463      2D667261 
 463      6D652D70 
 463      6F696E74 
 464 0099 652D7072 		.ascii	"e-precision-constant -ffunction-sections -fdata-sec"
 464      65636973 
 464      696F6E2D 
 464      636F6E73 
 464      74616E74 
 465 00cc 74696F6E 		.ascii	"tions -fno-common -flto -fno-rtti -fno-exceptions -"
 465      73202D66 
 465      6E6F2D63 
 465      6F6D6D6F 
 465      6E202D66 
 466 00ff 66666173 		.ascii	"ffast-math -funsafe-math-optimizations -fno-threads"
 466      742D6D61 
 466      7468202D 
 466      66756E73 
 466      6166652D 
 467 0132 6166652D 		.ascii	"afe-statics -fno-use-cxa-atexit\000"
 467      73746174 
 467      69637320 
 467      2D666E6F 
 467      2D757365 
 468              	.LASF24:
 469 0152 626F6F6C 		.ascii	"bool\000"
 469      00
 470              	.LASF29:
 471 0157 6465636C 		.ascii	"decltype(nullptr)\000"
 471      74797065 
 471      286E756C 
 471      6C707472 
 471      2900
 472              	.LASF18:
 473 0169 454E4142 		.ascii	"ENABLE\000"
 473      4C4500
 474              	.LASF9:
 475 0170 6C6F6E67 		.ascii	"long long unsigned int\000"
 475      206C6F6E 
 475      6720756E 
 475      7369676E 
 475      65642069 
ARM GAS  /tmp/cc6Vvgx9.s 			page 10


 476              	.LASF27:
 477 0187 626F6172 		.ascii	"boards/f0_addon/port_shared.cpp\000"
 477      64732F66 
 477      305F6164 
 477      646F6E2F 
 477      706F7274 
 478              	.LASF4:
 479 01a7 756E7369 		.ascii	"unsigned char\000"
 479      676E6564 
 479      20636861 
 479      7200
 480              	.LASF22:
 481 01b5 53554343 		.ascii	"SUCCESS\000"
 481      45535300 
 482              	.LASF14:
 483 01bd 466C6167 		.ascii	"FlagStatus\000"
 483      53746174 
 483      757300
 484              	.LASF23:
 485 01c8 4572726F 		.ascii	"ErrorStatus\000"
 485      72537461 
 485      74757300 
 486              	.LASF8:
 487 01d4 6C6F6E67 		.ascii	"long unsigned int\000"
 487      20756E73 
 487      69676E65 
 487      6420696E 
 487      7400
 488              	.LASF13:
 489 01e6 52455345 		.ascii	"RESET\000"
 489      5400
 490              	.LASF31:
 491 01ec 63616E43 		.ascii	"canConfig500\000"
 491      6F6E6669 
 491      67353030 
 491      00
 492              	.LASF17:
 493 01f9 44495341 		.ascii	"DISABLE\000"
 493      424C4500 
 494              	.LASF28:
 495 0201 2F686F6D 		.ascii	"/home/kocur/wideband-2311-f0_addon/firmware\000"
 495      652F6B6F 
 495      6375722F 
 495      77696465 
 495      62616E64 
 496              	.LASF19:
 497 022d 46756E63 		.ascii	"FunctionalState\000"
 497      74696F6E 
 497      616C5374 
 497      61746500 
 498              	.LASF10:
 499 023d 5F5F7569 		.ascii	"__uint32_t\000"
 499      6E743332 
 499      5F7400
 500              	.LASF20:
 501 0248 31314572 		.ascii	"11ErrorStatus\000"
 501      726F7253 
ARM GAS  /tmp/cc6Vvgx9.s 			page 11


 501      74617475 
 501      7300
 502              	.LASF0:
 503 0256 756E7369 		.ascii	"unsigned int\000"
 503      676E6564 
 503      20696E74 
 503      00
 504              	.LASF12:
 505 0263 63686172 		.ascii	"char\000"
 505      00
 506              	.LASF25:
 507 0268 43414E43 		.ascii	"CANConfig\000"
 507      6F6E6669 
 507      6700
 508              	.LASF21:
 509 0272 4552524F 		.ascii	"ERROR\000"
 509      5200
 510              	.LASF1:
 511 0278 6C6F6E67 		.ascii	"long long int\000"
 511      206C6F6E 
 511      6720696E 
 511      7400
 512              	.LASF30:
 513 0286 3943414E 		.ascii	"9CANConfig\000"
 513      436F6E66 
 513      696700
 514              	.LASF16:
 515 0291 31354675 		.ascii	"15FunctionalState\000"
 515      6E637469 
 515      6F6E616C 
 515      53746174 
 515      6500
 516              	.LASF5:
 517 02a3 73686F72 		.ascii	"short int\000"
 517      7420696E 
 517      7400
 518              	.LASF11:
 519 02ad 75696E74 		.ascii	"uint32_t\000"
 519      33325F74 
 519      00
 520              	.LASF7:
 521 02b6 6C6F6E67 		.ascii	"long int\000"
 521      20696E74 
 521      00
 522              	.LASF2:
 523 02bf 6C6F6E67 		.ascii	"long double\000"
 523      20646F75 
 523      626C6500 
 524              	.LASF15:
 525 02cb 3130466C 		.ascii	"10FlagStatus\000"
 525      61675374 
 525      61747573 
 525      00
 526              	.LASF3:
 527 02d8 7369676E 		.ascii	"signed char\000"
 527      65642063 
 527      68617200 
ARM GAS  /tmp/cc6Vvgx9.s 			page 12


 528              	.LASF6:
 529 02e4 73686F72 		.ascii	"short unsigned int\000"
 529      7420756E 
 529      7369676E 
 529      65642069 
 529      6E7400
 530              	.LASF32:
 531 02f7 47657443 		.ascii	"GetCanConfig\000"
 531      616E436F 
 531      6E666967 
 531      00
 532              	.LASF33:
 533 0304 5F5A3132 		.ascii	"_Z12GetCanConfigv\000"
 533      47657443 
 533      616E436F 
 533      6E666967 
 533      7600
 534              		.section	.gnu.debuglto_.debug_line_str,"eMS",%progbits,1
 535              	.LASF42:
 536 0000 5F737464 		.ascii	"_stdint.h\000"
 536      696E742E 
 536      6800
 537              	.LASF43:
 538 000a 73746D33 		.ascii	"stm32f0xx.h\000"
 538      32663078 
 538      782E6800 
 539              	.LASF45:
 540 0016 706F7274 		.ascii	"port_shared.cpp\000"
 540      5F736861 
 540      7265642E 
 540      63707000 
 541              	.LASF36:
 542 0026 43686962 		.ascii	"ChibiOS/os/hal/ports/STM32/LLD/CANv1\000"
 542      694F532F 
 542      6F732F68 
 542      616C2F70 
 542      6F727473 
 543              	.LASF40:
 544 004b 626F6172 		.ascii	"boards/f0_addon/port_shared.cpp\000"
 544      64732F66 
 544      305F6164 
 544      646F6E2F 
 544      706F7274 
 545              	.LASF38:
 546 006b 2F686F6D 		.ascii	"/home/kocur/.rusefi-tools/arm-gnu-toolchain-11.3.re"
 546      652F6B6F 
 546      6375722F 
 546      2E727573 
 546      6566692D 
 547 009e 6C312D78 		.ascii	"l1-x86_64-arm-none-eabi/arm-none-eabi/include/sys\000"
 547      38365F36 
 547      342D6172 
 547      6D2D6E6F 
 547      6E652D65 
 548              	.LASF41:
 549 00d0 5F646566 		.ascii	"_default_types.h\000"
 549      61756C74 
ARM GAS  /tmp/cc6Vvgx9.s 			page 13


 549      5F747970 
 549      65732E68 
 549      00
 550              	.LASF39:
 551 00e1 626F6172 		.ascii	"boards/f0_addon\000"
 551      64732F66 
 551      305F6164 
 551      646F6E00 
 552              	.LASF34:
 553 00f1 2F686F6D 		.ascii	"/home/kocur/wideband-2311-f0_addon/firmware\000"
 553      652F6B6F 
 553      6375722F 
 553      77696465 
 553      62616E64 
 554              	.LASF44:
 555 011d 68616C5F 		.ascii	"hal_can_lld.h\000"
 555      63616E5F 
 555      6C6C642E 
 555      6800
 556              	.LASF35:
 557 012b 43686962 		.ascii	"ChibiOS/os/common/ext/ST/STM32F0xx\000"
 557      694F532F 
 557      6F732F63 
 557      6F6D6D6F 
 557      6E2F6578 
 558              	.LASF37:
 559 014e 2F686F6D 		.ascii	"/home/kocur/.rusefi-tools/arm-gnu-toolchain-11.3.re"
 559      652F6B6F 
 559      6375722F 
 559      2E727573 
 559      6566692D 
 560 0181 6C312D78 		.ascii	"l1-x86_64-arm-none-eabi/arm-none-eabi/include/machi"
 560      38365F36 
 560      342D6172 
 560      6D2D6E6F 
 560      6E652D65 
 561 01b4 6E6500   		.ascii	"ne\000"
 562              		.text
 563              		.section	.gnu.lto_.profile.3d083155654da3cf,"e",%progbits
 564 0000 789C6362 		.ascii	"x\234cb\000\001\000\000\022\000\003"
 564      00010000 
 564      120003
 565              		.text
 566              		.section	.gnu.lto_.icf.3d083155654da3cf,"e",%progbits
 567 0000 789CE367 		.ascii	"x\234\343g@\000&\206\035\3236\037\344f`\234\177\346"
 567      40002686 
 567      1DD3361F 
 567      E466609C 
 567      7FE6
 568 0012 D55C4E06 		.ascii	"\325\\N\006\000/\032\005\333"
 568      002F1A05 
 568      DB
 569              		.text
 570              		.section	.gnu.lto_.ipa_sra.3d083155654da3cf,"e",%progbits
 571 0000 789C6365 		.ascii	"x\234ce@\000F\006\006f\006\000\000q\000\012"
 571      40004606 
 571      06660600 
ARM GAS  /tmp/cc6Vvgx9.s 			page 14


 571      0071000A 
 572              		.text
 573              		.section	.gnu.lto_.inline.3d083155654da3cf,"e",%progbits
 574 0000 789C5365 		.ascii	"x\234Se@\000F\006\006\346\006 `Jad`b`h\0042\353\030"
 574      40004606 
 574      06E60620 
 574      604A6164 
 574      60626068 
 575 0018 18D82042 		.ascii	"\030\330 BL ! \000\000\241H\007\202"
 575      4C202120 
 575      0000A148 
 575      0782
 576              		.text
 577              		.section	.gnu.lto_.jmpfuncs.3d083155654da3cf,"e",%progbits
 578 0000 789C6365 		.ascii	"x\234ce@\000F\020\001\000\000k\000\007"
 578      40004610 
 578      0100006B 
 578      0007
 579              		.text
 580              		.section	.gnu.lto_.pureconst.3d083155654da3cf,"e",%progbits
 581 0000 789C6361 		.ascii	"x\234ca```dh`\001\000\0010\000\212"
 581      60606064 
 581      68600100 
 581      0130008A 
 582              		.text
 583              		.section	.gnu.lto_.ipa_modref.3d083155654da3cf,"e",%progbits
 584 0000 789C6362 		.ascii	"x\234cb@\006\000\000*\000\003"
 584      40060000 
 584      2A0003
 585              		.text
 586              		.section	.gnu.lto_.lto.3d083155654da3cf,"e",%progbits
 587 0000 0B000300 		.ascii	"\013\000\003\000\001\000\000\000"
 587      01000000 
 588              		.text
 589              		.section	.gnu.lto__ZL12canConfig500.158.3d083155654da3cf,"e",%progbits
 590 0000 789C9361 		.ascii	"x\234\223a```d\200\000VF\266z\306\326\206\017\020\306"
 590      60606064 
 590      80005646 
 590      B67AC6D6 
 590      860F10C6 
 591 0014 1306FBA6 		.ascii	"\023\006\373\246\216\006\216\332\352\035\214\225\333"
 591      8E068EDA 
 591      EA1D8C95 
 591      DB
 592 0021 1919007A 		.ascii	"\031\031\000z~\010\302"
 592      7E08C2
 593              		.text
 594              		.section	.gnu.lto__Z12GetCanConfigv.159.3d083155654da3cf,"e",%progbits
 595 0000 789C9BC3 		.ascii	"x\234\233\303\300\300\340\017\304\252@\314\310\314\300"
 595      C0C0E00F 
 595      C4AA40CC 
 595      C8CCC0
 596 000f 38696217 		.ascii	"8ib\027\023CCC\203\003;\023c\343\304\256\377\007\225"
 596      13434343 
 596      83033B13 
 596      63E3C4AE 
 596      FF0795
ARM GAS  /tmp/cc6Vvgx9.s 			page 15


 597 0022 19773282 		.ascii	"\031w2\202\371\214\014\365L\214\365\214\013\231Y\031"
 597      F98C0CF5 
 597      4C8CF58C 
 597      0B995919 
 598 0032 D9841959 		.ascii	"\331\204\031Y\200\244(\243\202\376\221\206\206\037O"
 598      80A428A3 
 598      82FE9186 
 598      861F4F
 599 0041 A7CFAB9B 		.ascii	"\247\317\253\233\263\342\000K=C\355\016\306\355\214"
 599      B3E2004B 
 599      3D43ED0E 
 599      C6ED8C
 600 0050 0C60C0CD 		.ascii	"\014`\300\315\300P\0132\023\210\327_b=\320\360\347\177"
 600      C0500B32 
 600      1388D75F 
 600      623DD0F0 
 600      E77F
 601 0062 7F43C3D9 		.ascii	"\177C\303\331'\214+\230\230\030\030\3461\203\354h`a"
 601      278C2B98 
 601      981818E6 
 601      3183EC68 
 601      6061
 602 0074 6C38C0C0 		.ascii	"l8\300\3000\237\231\011\302i\004r\27635,\342f\370\317"
 602      309F9909 
 602      C2690472 
 602      BE33352C 
 602      E266F8CF 
 603 0088 D4B4C012 		.ascii	"\324\264\300\022hC5#\003+c\027\220\256\004\322k\030"
 603      68433523 
 603      032B6317 
 603      90AE04D2 
 603      6B18
 604 009a 59CAF730 		.ascii	"Y\312\3670\356fd\000\011\354\205X3\217\231\021a\020"
 604      EE666400 
 604      09EC8558 
 604      338F9911 
 604      6110
 605 00ac 03838E7E 		.ascii	"\003\203\216~F~n\252~v~ri\221~yfJjRb^\212\256\221\261"
 605      467E6EAA 
 605      7E767E72 
 605      69917E79 
 605      664A6A52 
 606 00c6 A1A16E9A 		.ascii	"\241\241n\232A|bJJ~\236~ZfQnybQ*\203BR~bQJ\261>\\\246"
 606      417C624A 
 606      4A7E9E7E 
 606      5A66516E 
 606      7962512A 
 607 00e5 20BFA824 		.ascii	" \277\250$\2768\003(\227\242\227\\P\300\000\000\254"
 607      BE380328 
 607      97A2975C 
 607      50C00000 
 607      AC
 608 00f6 D851F5   		.ascii	"\330Q\365"
 609              		.text
 610              		.section	.gnu.lto_.symbol_nodes.3d083155654da3cf,"e",%progbits
 611 0000 789C5361 		.ascii	"x\234Sa\000\002\246\371\214\365\014\015@\300\3028\341"
 611      0002A6F9 
ARM GAS  /tmp/cc6Vvgx9.s 			page 16


 611      8CF50C0D 
 611      40C0C238 
 611      E1
 612 0011 1C03433D 		.ascii	"\034\003C=\003\303\256\206FF\240\004\353<F\306\006'"
 612      03C3AE86 
 612      4646A004 
 612      EB3C46C6 
 612      0627
 613 0023 06066606 		.ascii	"\006\006f\006\000\264\262\010N"
 613      00B4B208 
 613      4E
 614              		.text
 615              		.section	.gnu.lto_.refs.3d083155654da3cf,"e",%progbits
 616 0000 789C6367 		.ascii	"x\234cg```d`bdb`\000\000\000s\000\016"
 616      60606064 
 616      60626462 
 616      60000000 
 616      73000E
 617              		.text
 618              		.section	.gnu.lto_.decls.3d083155654da3cf,"e",%progbits
 619 0000 789C8552 		.ascii	"x\234\205R_lSe\024?\347\366:\357fMW\204d\250\211\213"
 619      5F6C5365 
 619      143FE7F6 
 619      3AEF664D 
 619      578464A8 
 620 0016 2F2ECCF6 		.ascii	"/.\314\366\366O\272\2057L1\3600\361\001L\026_\232\256"
 620      F64FBA85 
 620      374C31F0 
 620      30F1014C 
 620      165F9AAE 
 621 002a EDD686B5 		.ascii	"\355\326\206\265]\3322|\363\264+\245\001\335\332\305"
 621      5DDA327C 
 621      F3B42BA5 
 621      01DDDAC5 
 622 003a 98A669C8 		.ascii	"\230\246i\310M\023\014\306D\367 \221\015\221kW6\235"
 622      4D130CC6 
 622      44F72091 
 622      0D916B57 
 622      369D
 623 004c 88050663 		.ascii	"\210\005\006c\270\207\005}X\204\314\201\211\331\003"
 623      B887057D 
 623      5884CC81 
 623      89D903
 624 005b A2E7EBCA 		.ascii	"\242\347\353\312\322\360\342M\316=\347;\277\363\373"
 624      D2F0E24D 
 624      CE3DE73B 
 624      BFF3FB
 625 006a 7DE79C7B 		.ascii	"}\347\234{\207\014\000o#\300A\000\370\227\037>\302M"
 625      870C006F 
 625      23C04100 
 625      F8971F3E 
 625      C24D
 626 007c 36896D9E 		.ascii	"6\211m\236m\211\355+\306e\366\265\006v\213\355\006\333"
 626      6D89ED2B 
 626      C665F6B5 
 626      06768BED 
 626      06DB
ARM GAS  /tmp/cc6Vvgx9.s 			page 17


 627 008e 04E79F63 		.ascii	"\004\347\237c\177\247Q\273\334\250\277\315&K\177|6s"
 627      7FA751BB 
 627      DCA8BFCD 
 627      264B7F7C 
 627      3673
 628 00a0 C6F81089 		.ascii	"\306\370\020\211(Kz\262\252\344\312k4E4Bsk\205bf-k\316"
 628      284B7AB2 
 628      AAE4CA6B 
 628      34453442 
 628      736B8562 
 629 00b8 A7189BCA 		.ascii	"\247\030\233\312\322\313\005N\027\213\2539I3P\232s4"
 629      D2CB054E 
 629      178BAB39 
 629      4933509A 
 629      7334
 630 00ca 66A4AFD9 		.ascii	"f\244\257\331\245\2024\226\021\347\217:\2641\252?5$"
 630      A5823496 
 630      11E78F3A 
 630      B431AA3F 
 630      3524
 631 00dc 3D43537A 		.ascii	"=CSzKy\2262\005\352+\026\327~\020W\320\344j\351\244"
 631      4B799632 
 631      05EA2B16 
 631      D77E1057 
 631      D0E46AE9 
 632 00f1 491B5BC9 		.ascii	"I\033[\311j\263\264[c\225\002\245\365<&\231\222\324"
 632      6AB3B45B 
 632      639502A5 
 632      F53C2699 
 632      92D4
 633 0103 29AF634E 		.ascii	")\257cN+}<\236\256\3460\231Jg\223\345t\266]\274\362"
 633      2B7D3C9E 
 633      AEE63099 
 633      4A6793E5 
 633      74B65DBC 
 634 0118 B49235E7 		.ascii	"\264\2225\3478\230\324\210;\254R\236\215;c\244\254\323"
 634      3898D488 
 634      3BAC529E 
 634      8D3B63A4 
 634      ACD3
 635 012a 0E2EC909 		.ascii	"\016.\311\011u\244\024\213hD\346\015\016\250\254+T\256"
 635      75A4148B 
 635      6844E60D 
 635      0EA8AC2B 
 635      54AE
 636 013c 728940CA 		.ascii	"r\211@\312\242\323\375ybU\275\312\252ib\240*\306[\311"
 636      A2D3FD79 
 636      6255BDCA 
 636      AA6962A0 
 636      2AC65BC9 
 637 0150 26359D03 		.ascii	"&5\235\003\215K\211\0246\261]\340zIp\210:I\023\012\311"
 637      8D4B8914 
 637      36B15DE0 
 637      7A497088 
 637      3A49130A 
 638 0165 7DB274EF 		.ascii	"}\262t\357\321_3\312#1Ja'\354\312\355\003\260\265+\257"
 638      D15F33CA 
ARM GAS  /tmp/cc6Vvgx9.s 			page 18


 638      23314A61 
 638      27ECCAED 
 638      03B0B52B 
 639 017a 806201D7 		.ascii	"\200b\001\327\326\344\345!\230AA\207~\243\022\203\226"
 639      D6E4E521 
 639      98414187 
 639      7EA31283 
 639      96
 640 018b 97506AD9 		.ascii	"\227Pj\331\205\355\354e\366\235\312\207\240\234B\220"
 640      85EDEC65 
 640      F69DCA87 
 640      A09C4290 
 641 019b E5C5AB7F 		.ascii	"\345\305\253\177gL\035\326:'\253\327\031U\234\305\213"
 641      674C1DD6 
 641      3A27ABD7 
 641      19559CC5 
 641      8B
 642 01ac B875F3E6 		.ascii	"\270u\363\346\362B\365\267\327]\263X\331J\301\367L\222"
 642      F242F5B7 
 642      D75DB358 
 642      D94AC1F7 
 642      4C92
 643 01be D2A7FFB9 		.ascii	"\322\247\377\271\366B\207\240\350\015N\345)G\226\306"
 643      F64287A0 
 643      E80D4EE5 
 643      294796C6 
 644 01ce 674E665A 		.ascii	"gNfZw\360\330\033\244U\344+\250\343e\006\346\304O!\255"
 644      77F0D81B 
 644      A455E42B 
 644      A8E36506 
 644      E6C44F21 
 645 01e3 3FFE75E1 		.ascii	"?\376u\341\371W\231\367\200h\347\034~\207\2278=\217"
 645      F95799F7 
 645      8068E71C 
 645      7E879738 
 645      3D8F
 646 01f5 F0B0CEBC 		.ascii	"\360\260\316\274_;7/u\225\012\264yw\342\314\221\022"
 646      5F3B372F 
 646      75950AB4 
 646      7977E2CC 
 646      9112
 647 0207 E9E28BCB 		.ascii	"\351\342\213\313\363\370m\343\356i\204\013\370\015\366"
 647      F3F86DE3 
 647      EE69840B 
 647      F80DF6
 648 0216 D724E553 		.ascii	"\327$\345SI\214\244\360(:(\347$P\316s\242\013\305/i"
 648      498CA4F0 
 648      283A28E7 
 648      2450CE73 
 648      A20BC52F 
 649 022b 620FCAB4 		.ascii	"b\017\312\264\304\202_\336\277\267\332f\252\267\242"
 649      C4825FDE 
 649      BFB7DA66 
 649      AAB7A2
 650 023a A75BA1DE 		.ascii	"\247[\241\336I\015\273\340\027\274\206J\205+\224\351"
 650      490DBBE0 
 650      17BC864A 
ARM GAS  /tmp/cc6Vvgx9.s 			page 19


 650      852B94E9 
 651 024a 3FD71FE0 		.ascii	"?\327\037\340\236\016\353\036.\332\234\034?\365\205"
 651      9E0EEB1E 
 651      2EDA9C1C 
 651      3FF585
 652 0259 A994D2D3 		.ascii	"\251\224\322\323\306\353x\003\027\033\235\333\201\211"
 652      C6EB7803 
 652      171B9DDB 
 652      8189
 653 0267 6217FCA5 		.ascii	"b\027\374\245t\031~\302\005\204[\214^\304\333x\263\261"
 653      74197EC2 
 653      05845B8C 
 653      5EC4DB78 
 653      B3B1
 654 0279 A68DD347 		.ascii	"\246\215\323Ga\261yG\342\316\307\237O\214c.i\270\216"
 654      61B17947 
 654      E2CEC79F 
 654      4F8C632E 
 654      69B88E
 655 028c 3F378B39 		.ascii	"?7\2139\271\261\023g\257\\~Q,0\255okV\2325\273?\311"
 655      B9B11367 
 655      AF5C7E51 
 655      2C30AD6F 
 655      6B569A35 
 656 02a3 892D9C78 		.ascii	"\211-\234x\203\016.\341U\316\327K\340G\304\363\330_"
 656      830E2EE1 
 656      55CED74B 
 656      E047C4F3 
 656      D85F
 657 02b5 9564E9C9 		.ascii	"\225d\351\311\223\263\277\033\266\267\274\324\220_\256"
 657      93B3BF1B 
 657      B6B7BCD4 
 657      905FAE
 658 02c4 6FF9C2FA 		.ascii	"o\371\302\372\235\025\223\371Y\354\256\3205\330{\240"
 658      9D1593F9 
 658      59ECAED0 
 658      35D87BA0 
 659 02d4 D51B0B8F 		.ascii	"\325\033\013\217\366\304-ah\363Ec\211\300\007\226\260"
 659      F6C42D61 
 659      68F34563 
 659      89C00796 
 659      B0
 660 02e5 0DCC9EF7 		.ascii	"\015\314\236\367\355\216\003\201\204\333\033qG#\203"
 660      ED8E0381 
 660      84DB1B71 
 660      472383
 661 02f4 A1A1D1D7 		.ascii	"\241\241\321\327\006\242\336\230?\256\016\332<^\277"
 661      06A2DE98 
 661      3FAE0EDA 
 661      3C5EBF
 662 0303 3F1A5147 		.ascii	"?\032QG\270\330\023\017zc\001\277\32572\322v\340\320"
 662      B8D8130F 
 662      7A6301BF 
 662      D53732D2 
 662      76E0D0
 663 0316 7B9DEEEE 		.ascii	"{\235\356\356n{/\354~\006\262\356\265\365\272\006{z"
 663      6E7B2FEC 
ARM GAS  /tmp/cc6Vvgx9.s 			page 20


 663      7E06B2EE 
 663      B5F5BA06 
 663      7B7A
 664 0328 5D606C96 		.ascii	"]`l\226l\333\353~\353\320V\330\272\035\275\251\006\243"
 664      6CDBEB7E 
 664      EBD056D8 
 664      BA1DBDA9 
 664      06A3
 665 033a E1807A34 		.ascii	"\341\200z4\352;\026S\217\207\374\201\001o\304oq8\355"
 665      EA3B1653 
 665      8F87FC81 
 665      016FC46F 
 665      7138ED
 666 034d 76CBF6CD 		.ascii	"v\313\366\315\203\241X\3708\213\203\323\035\014\015"
 666      83A158F8 
 666      388B83D3 
 666      1D0C0D
 667 035c 84DE3DAC 		.ascii	"\204\336=\254F\343j\320;\\o)\256\036>\362\216\323\241"
 667      46E36AD0 
 667      3B5C6F29 
 667      AE1E3EF2 
 667      8ED3A1
 668 036f F6F5ED57 		.ascii	"\366\365\355WYu\324.\020\217\317\033\361\014\017\373"
 668      5975D42E 
 668      108FCF1B 
 668      F10C0FFB 
 669 037f AD41E8FC 		.ascii	"\255A\350\374\2379\304\350}v\207\357i\227.\233\315\330"
 669      9F39C4E8 
 669      7D7687EF 
 669      69972E9B 
 669      CDD8
 670 0391 7C30847D 		.ascii	"|0\204}1\345X(\222p:<\011\303@\"\366\037\020\323\324"
 670      31E55828 
 670      92703A3C 
 670      09C34022 
 670      F61F10D3 
 671 03a6 D4       		.ascii	"\324"
 672              		.text
 673              		.section	.gnu.lto_.symtab.3d083155654da3cf,"e",%progbits
 674 0000 5F5A3132 		.ascii	"_Z12GetCanConfigv\000"
 674      47657443 
 674      616E436F 
 674      6E666967 
 674      7600
 675 0012 00       		.ascii	"\000"
 676 0013 00       		.ascii	"\000"
 677 0014 00       		.ascii	"\000"
 678 0015 00000000 		.ascii	"\000\000\000\000\000\000\000\000"
 678      00000000 
 679 001d C7000000 		.ascii	"\307\000\000\000"
 680              		.text
 681              		.section	.gnu.lto_.ext_symtab.3d083155654da3cf,"e",%progbits
 682 0000 01       		.ascii	"\001"
 683 0001 01       		.ascii	"\001"
 684 0002 00       		.ascii	"\000"
 685              		.text
 686              		.section	.gnu.lto_.opts,"e",%progbits
ARM GAS  /tmp/cc6Vvgx9.s 			page 21


 687 0000 272D666E 		.ascii	"'-fno-openmp' '-fno-openacc' '-fno-pie' '-fcf-prote"
 687      6F2D6F70 
 687      656E6D70 
 687      2720272D 
 687      666E6F2D 
 688 0033 6374696F 		.ascii	"ction=none' '-g' '-mcpu=cortex-m0' '-mthumb' '-mflo"
 688      6E3D6E6F 
 688      6E652720 
 688      272D6727 
 688      20272D6D 
 689 0066 61742D61 		.ascii	"at-abi=soft' '-mlibarch=armv6s-m' '-march=armv6s-m'"
 689      62693D73 
 689      6F667427 
 689      20272D6D 
 689      6C696261 
 690 0099 20272D4F 		.ascii	" '-O2' '-Werror=switch' '-fomit-frame-pointer' '-fa"
 690      32272027 
 690      2D576572 
 690      726F723D 
 690      73776974 
 691 00cc 6C69676E 		.ascii	"lign-functions=16' '-fsingle-precision-constant' '-"
 691      2D66756E 
 691      6374696F 
 691      6E733D31 
 691      36272027 
 692 00ff 6666756E 		.ascii	"ffunction-sections' '-fdata-sections' '-fno-common'"
 692      6374696F 
 692      6E2D7365 
 692      6374696F 
 692      6E732720 
 693 0132 20272D66 		.ascii	" '-flto' '-fno-exceptions' '-ffast-math' '-funsafe-"
 693      6C746F27 
 693      20272D66 
 693      6E6F2D65 
 693      78636570 
 694 0165 6D617468 		.ascii	"math-optimizations' '-Xassembler' '-alms=./build/ls"
 694      2D6F7074 
 694      696D697A 
 694      6174696F 
 694      6E732720 
 695 0198 742F706F 		.ascii	"t/port_shared.lst'\000"
 695      72745F73 
 695      68617265 
 695      642E6C73 
 695      742700
 696              		.text
 697              		.comm	__gnu_lto_slim,1,1
 698              		.ident	"GCC: (Arm GNU Toolchain 11.3.Rel1) 11.3.1 20220712"
ARM GAS  /tmp/cc6Vvgx9.s 			page 22


DEFINED SYMBOLS
                            *ABS*:0000000000000000 port_shared.cpp
     /tmp/cc6Vvgx9.s:21     .gnu.debuglto_.debug_info:0000000000000000 port_shared.cpp.9075f675
                            *COM*:0000000000000001 __gnu_lto_slim

NO UNDEFINED SYMBOLS
