ARM GAS  /tmp/ccqZmfe1.s 			page 1


   1              		.cpu cortex-m0
   2              		.arch armv6s-m
   3              		.fpu softvfp
   4              		.eabi_attribute 23, 1
   5              		.eabi_attribute 24, 1
   6              		.eabi_attribute 25, 1
   7              		.eabi_attribute 26, 1
   8              		.eabi_attribute 30, 2
   9              		.eabi_attribute 34, 0
  10              		.eabi_attribute 18, 4
  11              		.file	"uart.cpp"
  12              		.file 1 "/home/kocur/.rusefi-tools/arm-gnu-toolchain-11.3.rel1-x86_64-arm-none-eabi/lib/gcc/arm-no
  13              		.file 2 "/home/kocur/.rusefi-tools/arm-gnu-toolchain-11.3.rel1-x86_64-arm-none-eabi/arm-none-eabi/
  14              		.file 3 "/home/kocur/.rusefi-tools/arm-gnu-toolchain-11.3.rel1-x86_64-arm-none-eabi/arm-none-eabi/
  15              		.file 4 "/home/kocur/.rusefi-tools/arm-gnu-toolchain-11.3.rel1-x86_64-arm-none-eabi/arm-none-eabi/
  16              		.file 5 "/home/kocur/.rusefi-tools/arm-gnu-toolchain-11.3.rel1-x86_64-arm-none-eabi/arm-none-eabi/
  17              		.file 6 "/home/kocur/.rusefi-tools/arm-gnu-toolchain-11.3.rel1-x86_64-arm-none-eabi/arm-none-eabi/
  18              		.file 7 "/home/kocur/.rusefi-tools/arm-gnu-toolchain-11.3.rel1-x86_64-arm-none-eabi/arm-none-eabi/
  19              		.file 8 "../for_rusefi/wideband_can.h"
  20              		.file 9 "uart.cpp"
  21              		.section	.gnu.debuglto_.debug_info,"e",%progbits
  22              	.Ldebug_info0:
  23              		.hidden	uart.cpp.c00e6b69
  24              		.weak	uart.cpp.c00e6b69
  25              	uart.cpp.c00e6b69:
  26 0000 FC030000 		.4byte	0x3fc
  27 0004 0500     		.2byte	0x5
  28 0006 01       		.byte	0x1
  29 0007 04       		.byte	0x4
  30 0008 00000000 		.4byte	.Ldebug_abbrev0
  31 000c 05       		.uleb128 0x5
  32 000d 52030000 		.4byte	.LASF66
  33 0011 21       		.byte	0x21
  34 0012 46020000 		.4byte	.LASF67
  35 0016 12000000 		.4byte	.LASF68
  36 001a 00000000 		.4byte	.Ldebug_line0
  37 001e 06       		.uleb128 0x6
  38 001f 04       		.byte	0x4
  39 0020 05       		.byte	0x5
  40 0021 696E7400 		.ascii	"int\000"
  41 0025 03       		.uleb128 0x3
  42 0026 04       		.byte	0x4
  43 0027 07       		.byte	0x7
  44 0028 30020000 		.4byte	.LASF0
  45 002c 07       		.uleb128 0x7
  46 002d 10       		.byte	0x10
  47 002e 08       		.byte	0x8
  48 002f 01       		.byte	0x1
  49 0030 9F01     		.2byte	0x19f
  50 0032 10       		.byte	0x10
  51 0033 A9010000 		.4byte	.LASF69
  52 0037 56000000 		.4byte	0x56
  53 003b 04       		.uleb128 0x4
  54 003c A3000000 		.4byte	.LASF1
  55 0040 A001     		.2byte	0x1a0
  56 0042 0D       		.byte	0xd
  57 0043 56000000 		.4byte	0x56
ARM GAS  /tmp/ccqZmfe1.s 			page 2


  58 0047 00       		.byte	0
  59 0048 04       		.uleb128 0x4
  60 0049 89000000 		.4byte	.LASF2
  61 004d A101     		.2byte	0x1a1
  62 004f 0F       		.byte	0xf
  63 0050 5D000000 		.4byte	0x5d
  64 0054 08       		.byte	0x8
  65 0055 00       		.byte	0
  66 0056 03       		.uleb128 0x3
  67 0057 08       		.byte	0x8
  68 0058 05       		.byte	0x5
  69 0059 58010000 		.4byte	.LASF3
  70 005d 03       		.uleb128 0x3
  71 005e 08       		.byte	0x8
  72 005f 04       		.byte	0x4
  73 0060 C0010000 		.4byte	.LASF4
  74 0064 08       		.uleb128 0x8
  75 0065 1B020000 		.4byte	.LASF70
  76 0069 01       		.byte	0x1
  77 006a AA01     		.2byte	0x1aa
  78 006c 03       		.byte	0x3
  79 006d 2C000000 		.4byte	0x2c
  80 0071 08       		.byte	0x8
  81 0072 09       		.uleb128 0x9
  82 0073 00000000 		.4byte	.LASF71
  83 0077 01       		.uleb128 0x1
  84 0078 80020000 		.4byte	.LASF6
  85 007c 02       		.byte	0x2
  86 007d 29       		.byte	0x29
  87 007e 17       		.byte	0x17
  88 007f 83000000 		.4byte	0x83
  89 0083 03       		.uleb128 0x3
  90 0084 01       		.byte	0x1
  91 0085 06       		.byte	0x6
  92 0086 F8010000 		.4byte	.LASF5
  93 008a 01       		.uleb128 0x1
  94 008b 92010000 		.4byte	.LASF7
  95 008f 02       		.byte	0x2
  96 0090 2B       		.byte	0x2b
  97 0091 18       		.byte	0x18
  98 0092 96000000 		.4byte	0x96
  99 0096 03       		.uleb128 0x3
 100 0097 01       		.byte	0x1
 101 0098 08       		.byte	0x8
 102 0099 DD010000 		.4byte	.LASF8
 103 009d 01       		.uleb128 0x1
 104 009e AE040000 		.4byte	.LASF9
 105 00a2 02       		.byte	0x2
 106 00a3 37       		.byte	0x37
 107 00a4 18       		.byte	0x18
 108 00a5 A9000000 		.4byte	0xa9
 109 00a9 03       		.uleb128 0x3
 110 00aa 02       		.byte	0x2
 111 00ab 05       		.byte	0x5
 112 00ac 5D000000 		.4byte	.LASF10
 113 00b0 01       		.uleb128 0x1
 114 00b1 B2000000 		.4byte	.LASF11
ARM GAS  /tmp/ccqZmfe1.s 			page 3


 115 00b5 02       		.byte	0x2
 116 00b6 39       		.byte	0x39
 117 00b7 19       		.byte	0x19
 118 00b8 BC000000 		.4byte	0xbc
 119 00bc 03       		.uleb128 0x3
 120 00bd 02       		.byte	0x2
 121 00be 07       		.byte	0x7
 122 00bf 6D020000 		.4byte	.LASF12
 123 00c3 01       		.uleb128 0x1
 124 00c4 A4040000 		.4byte	.LASF13
 125 00c8 02       		.byte	0x2
 126 00c9 4D       		.byte	0x4d
 127 00ca 18       		.byte	0x18
 128 00cb CF000000 		.4byte	0xcf
 129 00cf 03       		.uleb128 0x3
 130 00d0 04       		.byte	0x4
 131 00d1 05       		.byte	0x5
 132 00d2 73010000 		.4byte	.LASF14
 133 00d6 01       		.uleb128 0x1
 134 00d7 98000000 		.4byte	.LASF15
 135 00db 02       		.byte	0x2
 136 00dc 4F       		.byte	0x4f
 137 00dd 19       		.byte	0x19
 138 00de E2000000 		.4byte	0xe2
 139 00e2 03       		.uleb128 0x3
 140 00e3 04       		.byte	0x4
 141 00e4 07       		.byte	0x7
 142 00e5 24030000 		.4byte	.LASF16
 143 00e9 01       		.uleb128 0x1
 144 00ea 7C010000 		.4byte	.LASF17
 145 00ee 02       		.byte	0x2
 146 00ef 67       		.byte	0x67
 147 00f0 18       		.byte	0x18
 148 00f1 56000000 		.4byte	0x56
 149 00f5 01       		.uleb128 0x1
 150 00f6 FD020000 		.4byte	.LASF18
 151 00fa 02       		.byte	0x2
 152 00fb 69       		.byte	0x69
 153 00fc 19       		.byte	0x19
 154 00fd 01010000 		.4byte	0x101
 155 0101 03       		.uleb128 0x3
 156 0102 08       		.byte	0x8
 157 0103 07       		.byte	0x7
 158 0104 04020000 		.4byte	.LASF19
 159 0108 01       		.uleb128 0x1
 160 0109 3E000000 		.4byte	.LASF20
 161 010d 02       		.byte	0x2
 162 010e 86       		.byte	0x86
 163 010f 1D       		.byte	0x1d
 164 0110 83000000 		.4byte	0x83
 165 0114 01       		.uleb128 0x1
 166 0115 48010000 		.4byte	.LASF21
 167 0119 02       		.byte	0x2
 168 011a 88       		.byte	0x88
 169 011b 1E       		.byte	0x1e
 170 011c 96000000 		.4byte	0x96
 171 0120 01       		.uleb128 0x1
ARM GAS  /tmp/ccqZmfe1.s 			page 4


 172 0121 42030000 		.4byte	.LASF22
 173 0125 02       		.byte	0x2
 174 0126 A0       		.byte	0xa0
 175 0127 1E       		.byte	0x1e
 176 0128 A9000000 		.4byte	0xa9
 177 012c 01       		.uleb128 0x1
 178 012d C9040000 		.4byte	.LASF23
 179 0131 02       		.byte	0x2
 180 0132 A2       		.byte	0xa2
 181 0133 1F       		.byte	0x1f
 182 0134 BC000000 		.4byte	0xbc
 183 0138 01       		.uleb128 0x1
 184 0139 A3020000 		.4byte	.LASF24
 185 013d 02       		.byte	0x2
 186 013e B6       		.byte	0xb6
 187 013f 1E       		.byte	0x1e
 188 0140 CF000000 		.4byte	0xcf
 189 0144 01       		.uleb128 0x1
 190 0145 B8040000 		.4byte	.LASF25
 191 0149 02       		.byte	0x2
 192 014a B8       		.byte	0xb8
 193 014b 1F       		.byte	0x1f
 194 014c E2000000 		.4byte	0xe2
 195 0150 01       		.uleb128 0x1
 196 0151 32010000 		.4byte	.LASF26
 197 0155 02       		.byte	0x2
 198 0156 C8       		.byte	0xc8
 199 0157 1E       		.byte	0x1e
 200 0158 56000000 		.4byte	0x56
 201 015c 01       		.uleb128 0x1
 202 015d CC010000 		.4byte	.LASF27
 203 0161 02       		.byte	0x2
 204 0162 CA       		.byte	0xca
 205 0163 1F       		.byte	0x1f
 206 0164 01010000 		.4byte	0x101
 207 0168 01       		.uleb128 0x1
 208 0169 4F020000 		.4byte	.LASF28
 209 016d 02       		.byte	0x2
 210 016e D6       		.byte	0xd6
 211 016f 19       		.byte	0x19
 212 0170 56000000 		.4byte	0x56
 213 0174 01       		.uleb128 0x1
 214 0175 67000000 		.4byte	.LASF29
 215 0179 02       		.byte	0x2
 216 017a DE       		.byte	0xde
 217 017b 1A       		.byte	0x1a
 218 017c 01010000 		.4byte	0x101
 219 0180 01       		.uleb128 0x1
 220 0181 FC000000 		.4byte	.LASF30
 221 0185 02       		.byte	0x2
 222 0186 E6       		.byte	0xe6
 223 0187 19       		.byte	0x19
 224 0188 1E000000 		.4byte	0x1e
 225 018c 01       		.uleb128 0x1
 226 018d 36030000 		.4byte	.LASF31
 227 0191 02       		.byte	0x2
 228 0192 E8       		.byte	0xe8
ARM GAS  /tmp/ccqZmfe1.s 			page 5


 229 0193 1A       		.byte	0x1a
 230 0194 25000000 		.4byte	0x25
 231 0198 01       		.uleb128 0x1
 232 0199 4D000000 		.4byte	.LASF32
 233 019d 03       		.byte	0x3
 234 019e 14       		.byte	0x14
 235 019f 12       		.byte	0x12
 236 01a0 77000000 		.4byte	0x77
 237 01a4 01       		.uleb128 0x1
 238 01a5 F4000000 		.4byte	.LASF33
 239 01a9 03       		.byte	0x3
 240 01aa 18       		.byte	0x18
 241 01ab 13       		.byte	0x13
 242 01ac 8A000000 		.4byte	0x8a
 243 01b0 01       		.uleb128 0x1
 244 01b1 F5020000 		.4byte	.LASF34
 245 01b5 03       		.byte	0x3
 246 01b6 20       		.byte	0x20
 247 01b7 13       		.byte	0x13
 248 01b8 9D000000 		.4byte	0x9d
 249 01bc 01       		.uleb128 0x1
 250 01bd 3D020000 		.4byte	.LASF35
 251 01c1 03       		.byte	0x3
 252 01c2 24       		.byte	0x24
 253 01c3 14       		.byte	0x14
 254 01c4 B0000000 		.4byte	0xb0
 255 01c8 01       		.uleb128 0x1
 256 01c9 D0020000 		.4byte	.LASF36
 257 01cd 03       		.byte	0x3
 258 01ce 2C       		.byte	0x2c
 259 01cf 13       		.byte	0x13
 260 01d0 C3000000 		.4byte	0xc3
 261 01d4 01       		.uleb128 0x1
 262 01d5 27020000 		.4byte	.LASF37
 263 01d9 03       		.byte	0x3
 264 01da 30       		.byte	0x30
 265 01db 14       		.byte	0x14
 266 01dc D6000000 		.4byte	0xd6
 267 01e0 01       		.uleb128 0x1
 268 01e1 E3000000 		.4byte	.LASF38
 269 01e5 03       		.byte	0x3
 270 01e6 38       		.byte	0x38
 271 01e7 13       		.byte	0x13
 272 01e8 E9000000 		.4byte	0xe9
 273 01ec 01       		.uleb128 0x1
 274 01ed 54000000 		.4byte	.LASF39
 275 01f1 03       		.byte	0x3
 276 01f2 3C       		.byte	0x3c
 277 01f3 14       		.byte	0x14
 278 01f4 F5000000 		.4byte	0xf5
 279 01f8 01       		.uleb128 0x1
 280 01f9 B7010000 		.4byte	.LASF40
 281 01fd 03       		.byte	0x3
 282 01fe 43       		.byte	0x43
 283 01ff 14       		.byte	0x14
 284 0200 68010000 		.4byte	0x168
 285 0204 01       		.uleb128 0x1
ARM GAS  /tmp/ccqZmfe1.s 			page 6


 286 0205 5A020000 		.4byte	.LASF41
 287 0209 03       		.byte	0x3
 288 020a 48       		.byte	0x48
 289 020b 15       		.byte	0x15
 290 020c 74010000 		.4byte	0x174
 291 0210 01       		.uleb128 0x1
 292 0211 73000000 		.4byte	.LASF42
 293 0215 03       		.byte	0x3
 294 0216 4D       		.byte	0x4d
 295 0217 14       		.byte	0x14
 296 0218 80010000 		.4byte	0x180
 297 021c 01       		.uleb128 0x1
 298 021d 07010000 		.4byte	.LASF43
 299 0221 03       		.byte	0x3
 300 0222 52       		.byte	0x52
 301 0223 15       		.byte	0x15
 302 0224 8C010000 		.4byte	0x18c
 303 0228 01       		.uleb128 0x1
 304 0229 EB010000 		.4byte	.LASF44
 305 022d 04       		.byte	0x4
 306 022e 15       		.byte	0x15
 307 022f 18       		.byte	0x18
 308 0230 08010000 		.4byte	0x108
 309 0234 01       		.uleb128 0x1
 310 0235 24010000 		.4byte	.LASF45
 311 0239 04       		.byte	0x4
 312 023a 16       		.byte	0x16
 313 023b 19       		.byte	0x19
 314 023c 14010000 		.4byte	0x114
 315 0240 01       		.uleb128 0x1
 316 0241 16030000 		.4byte	.LASF46
 317 0245 04       		.byte	0x4
 318 0246 1B       		.byte	0x1b
 319 0247 19       		.byte	0x19
 320 0248 20010000 		.4byte	0x120
 321 024c 01       		.uleb128 0x1
 322 024d D8020000 		.4byte	.LASF47
 323 0251 04       		.byte	0x4
 324 0252 1C       		.byte	0x1c
 325 0253 1A       		.byte	0x1a
 326 0254 2C010000 		.4byte	0x12c
 327 0258 01       		.uleb128 0x1
 328 0259 08030000 		.4byte	.LASF48
 329 025d 04       		.byte	0x4
 330 025e 21       		.byte	0x21
 331 025f 19       		.byte	0x19
 332 0260 38010000 		.4byte	0x138
 333 0264 01       		.uleb128 0x1
 334 0265 B3020000 		.4byte	.LASF49
 335 0269 04       		.byte	0x4
 336 026a 22       		.byte	0x22
 337 026b 1A       		.byte	0x1a
 338 026c 44010000 		.4byte	0x144
 339 0270 01       		.uleb128 0x1
 340 0271 11010000 		.4byte	.LASF50
 341 0275 04       		.byte	0x4
 342 0276 27       		.byte	0x27
ARM GAS  /tmp/ccqZmfe1.s 			page 7


 343 0277 19       		.byte	0x19
 344 0278 50010000 		.4byte	0x150
 345 027c 01       		.uleb128 0x1
 346 027d C6000000 		.4byte	.LASF51
 347 0281 04       		.byte	0x4
 348 0282 28       		.byte	0x28
 349 0283 1A       		.byte	0x1a
 350 0284 5C010000 		.4byte	0x15c
 351 0288 01       		.uleb128 0x1
 352 0289 86010000 		.4byte	.LASF52
 353 028d 04       		.byte	0x4
 354 028e 33       		.byte	0x33
 355 028f 1E       		.byte	0x1e
 356 0290 1E000000 		.4byte	0x1e
 357 0294 01       		.uleb128 0x1
 358 0295 89020000 		.4byte	.LASF53
 359 0299 04       		.byte	0x4
 360 029a 34       		.byte	0x34
 361 029b 1F       		.byte	0x1f
 362 029c 25000000 		.4byte	0x25
 363 02a0 01       		.uleb128 0x1
 364 02a1 DA040000 		.4byte	.LASF54
 365 02a5 04       		.byte	0x4
 366 02a6 3D       		.byte	0x3d
 367 02a7 1F       		.byte	0x1f
 368 02a8 1E000000 		.4byte	0x1e
 369 02ac 01       		.uleb128 0x1
 370 02ad E7020000 		.4byte	.LASF55
 371 02b1 04       		.byte	0x4
 372 02b2 3E       		.byte	0x3e
 373 02b3 20       		.byte	0x20
 374 02b4 25000000 		.4byte	0x25
 375 02b8 01       		.uleb128 0x1
 376 02b9 9C010000 		.4byte	.LASF56
 377 02bd 04       		.byte	0x4
 378 02be 47       		.byte	0x47
 379 02bf 1F       		.byte	0x1f
 380 02c0 1E000000 		.4byte	0x1e
 381 02c4 01       		.uleb128 0x1
 382 02c5 C2020000 		.4byte	.LASF57
 383 02c9 04       		.byte	0x4
 384 02ca 48       		.byte	0x48
 385 02cb 20       		.byte	0x20
 386 02cc 25000000 		.4byte	0x25
 387 02d0 01       		.uleb128 0x1
 388 02d1 7C000000 		.4byte	.LASF58
 389 02d5 04       		.byte	0x4
 390 02d6 51       		.byte	0x51
 391 02d7 1F       		.byte	0x1f
 392 02d8 56000000 		.4byte	0x56
 393 02dc 01       		.uleb128 0x1
 394 02dd D5000000 		.4byte	.LASF59
 395 02e1 04       		.byte	0x4
 396 02e2 52       		.byte	0x52
 397 02e3 20       		.byte	0x20
 398 02e4 01010000 		.4byte	0x101
 399 02e8 03       		.uleb128 0x3
ARM GAS  /tmp/ccqZmfe1.s 			page 8


 400 02e9 01       		.byte	0x1
 401 02ea 08       		.byte	0x8
 402 02eb 9E020000 		.4byte	.LASF60
 403 02ef 03       		.uleb128 0x3
 404 02f0 01       		.byte	0x1
 405 02f1 02       		.byte	0x2
 406 02f2 1F010000 		.4byte	.LASF61
 407 02f6 0A       		.uleb128 0xa
 408 02f7 73746400 		.ascii	"std\000"
 409 02fb 07       		.byte	0x7
 410 02fc 1601     		.2byte	0x116
 411 02fe 0B       		.byte	0xb
 412 02ff CF030000 		.4byte	0x3cf
 413 0303 02       		.uleb128 0x2
 414 0304 05       		.byte	0x5
 415 0305 2F       		.byte	0x2f
 416 0306 98010000 		.4byte	0x198
 417 030a 02       		.uleb128 0x2
 418 030b 05       		.byte	0x5
 419 030c 30       		.byte	0x30
 420 030d B0010000 		.4byte	0x1b0
 421 0311 02       		.uleb128 0x2
 422 0312 05       		.byte	0x5
 423 0313 31       		.byte	0x31
 424 0314 C8010000 		.4byte	0x1c8
 425 0318 02       		.uleb128 0x2
 426 0319 05       		.byte	0x5
 427 031a 32       		.byte	0x32
 428 031b E0010000 		.4byte	0x1e0
 429 031f 02       		.uleb128 0x2
 430 0320 05       		.byte	0x5
 431 0321 34       		.byte	0x34
 432 0322 88020000 		.4byte	0x288
 433 0326 02       		.uleb128 0x2
 434 0327 05       		.byte	0x5
 435 0328 35       		.byte	0x35
 436 0329 A0020000 		.4byte	0x2a0
 437 032d 02       		.uleb128 0x2
 438 032e 05       		.byte	0x5
 439 032f 36       		.byte	0x36
 440 0330 B8020000 		.4byte	0x2b8
 441 0334 02       		.uleb128 0x2
 442 0335 05       		.byte	0x5
 443 0336 37       		.byte	0x37
 444 0337 D0020000 		.4byte	0x2d0
 445 033b 02       		.uleb128 0x2
 446 033c 05       		.byte	0x5
 447 033d 39       		.byte	0x39
 448 033e 28020000 		.4byte	0x228
 449 0342 02       		.uleb128 0x2
 450 0343 05       		.byte	0x5
 451 0344 3A       		.byte	0x3a
 452 0345 40020000 		.4byte	0x240
 453 0349 02       		.uleb128 0x2
 454 034a 05       		.byte	0x5
 455 034b 3B       		.byte	0x3b
 456 034c 58020000 		.4byte	0x258
ARM GAS  /tmp/ccqZmfe1.s 			page 9


 457 0350 02       		.uleb128 0x2
 458 0351 05       		.byte	0x5
 459 0352 3C       		.byte	0x3c
 460 0353 70020000 		.4byte	0x270
 461 0357 02       		.uleb128 0x2
 462 0358 05       		.byte	0x5
 463 0359 3E       		.byte	0x3e
 464 035a F8010000 		.4byte	0x1f8
 465 035e 02       		.uleb128 0x2
 466 035f 05       		.byte	0x5
 467 0360 3F       		.byte	0x3f
 468 0361 10020000 		.4byte	0x210
 469 0365 02       		.uleb128 0x2
 470 0366 05       		.byte	0x5
 471 0367 41       		.byte	0x41
 472 0368 A4010000 		.4byte	0x1a4
 473 036c 02       		.uleb128 0x2
 474 036d 05       		.byte	0x5
 475 036e 42       		.byte	0x42
 476 036f BC010000 		.4byte	0x1bc
 477 0373 02       		.uleb128 0x2
 478 0374 05       		.byte	0x5
 479 0375 43       		.byte	0x43
 480 0376 D4010000 		.4byte	0x1d4
 481 037a 02       		.uleb128 0x2
 482 037b 05       		.byte	0x5
 483 037c 44       		.byte	0x44
 484 037d EC010000 		.4byte	0x1ec
 485 0381 02       		.uleb128 0x2
 486 0382 05       		.byte	0x5
 487 0383 46       		.byte	0x46
 488 0384 94020000 		.4byte	0x294
 489 0388 02       		.uleb128 0x2
 490 0389 05       		.byte	0x5
 491 038a 47       		.byte	0x47
 492 038b AC020000 		.4byte	0x2ac
 493 038f 02       		.uleb128 0x2
 494 0390 05       		.byte	0x5
 495 0391 48       		.byte	0x48
 496 0392 C4020000 		.4byte	0x2c4
 497 0396 02       		.uleb128 0x2
 498 0397 05       		.byte	0x5
 499 0398 49       		.byte	0x49
 500 0399 DC020000 		.4byte	0x2dc
 501 039d 02       		.uleb128 0x2
 502 039e 05       		.byte	0x5
 503 039f 4B       		.byte	0x4b
 504 03a0 34020000 		.4byte	0x234
 505 03a4 02       		.uleb128 0x2
 506 03a5 05       		.byte	0x5
 507 03a6 4C       		.byte	0x4c
 508 03a7 4C020000 		.4byte	0x24c
 509 03ab 02       		.uleb128 0x2
 510 03ac 05       		.byte	0x5
 511 03ad 4D       		.byte	0x4d
 512 03ae 64020000 		.4byte	0x264
 513 03b2 02       		.uleb128 0x2
ARM GAS  /tmp/ccqZmfe1.s 			page 10


 514 03b3 05       		.byte	0x5
 515 03b4 4E       		.byte	0x4e
 516 03b5 7C020000 		.4byte	0x27c
 517 03b9 02       		.uleb128 0x2
 518 03ba 05       		.byte	0x5
 519 03bb 50       		.byte	0x50
 520 03bc 04020000 		.4byte	0x204
 521 03c0 02       		.uleb128 0x2
 522 03c1 05       		.byte	0x5
 523 03c2 51       		.byte	0x51
 524 03c3 1C020000 		.4byte	0x21c
 525 03c7 02       		.uleb128 0x2
 526 03c8 06       		.byte	0x6
 527 03c9 3A       		.byte	0x3a
 528 03ca 64000000 		.4byte	0x64
 529 03ce 00       		.byte	0
 530 03cf 03       		.uleb128 0x3
 531 03d0 04       		.byte	0x4
 532 03d1 04       		.byte	0x4
 533 03d2 42010000 		.4byte	.LASF62
 534 03d6 0B       		.uleb128 0xb
 535 03d7 77626F00 		.ascii	"wbo\000"
 536 03db 08       		.byte	0x8
 537 03dc 1D       		.byte	0x1d
 538 03dd 0B       		.byte	0xb
 539 03de 0C       		.uleb128 0xc
 540 03df 64020000 		.4byte	.LASF72
 541 03e3 09       		.byte	0x9
 542 03e4 74       		.byte	0x74
 543 03e5 06       		.byte	0x6
 544 03e6 66010000 		.4byte	.LASF73
 545 03ea 03       		.uleb128 0x3
 546 03eb 04       		.byte	0x4
 547 03ec 07       		.byte	0x7
 548 03ed 96020000 		.4byte	.LASF63
 549 03f1 03       		.uleb128 0x3
 550 03f2 02       		.byte	0x2
 551 03f3 10       		.byte	0x10
 552 03f4 EB000000 		.4byte	.LASF64
 553 03f8 03       		.uleb128 0x3
 554 03f9 04       		.byte	0x4
 555 03fa 10       		.byte	0x10
 556 03fb BD000000 		.4byte	.LASF65
 557 03ff 00       		.byte	0
 558              		.section	.gnu.debuglto_.debug_abbrev,"e",%progbits
 559              	.Ldebug_abbrev0:
 560 0000 01       		.uleb128 0x1
 561 0001 16       		.uleb128 0x16
 562 0002 00       		.byte	0
 563 0003 03       		.uleb128 0x3
 564 0004 0E       		.uleb128 0xe
 565 0005 3A       		.uleb128 0x3a
 566 0006 0B       		.uleb128 0xb
 567 0007 3B       		.uleb128 0x3b
 568 0008 0B       		.uleb128 0xb
 569 0009 39       		.uleb128 0x39
 570 000a 0B       		.uleb128 0xb
ARM GAS  /tmp/ccqZmfe1.s 			page 11


 571 000b 49       		.uleb128 0x49
 572 000c 13       		.uleb128 0x13
 573 000d 00       		.byte	0
 574 000e 00       		.byte	0
 575 000f 02       		.uleb128 0x2
 576 0010 08       		.uleb128 0x8
 577 0011 00       		.byte	0
 578 0012 3A       		.uleb128 0x3a
 579 0013 0B       		.uleb128 0xb
 580 0014 3B       		.uleb128 0x3b
 581 0015 0B       		.uleb128 0xb
 582 0016 39       		.uleb128 0x39
 583 0017 21       		.uleb128 0x21
 584 0018 0B       		.sleb128 11
 585 0019 18       		.uleb128 0x18
 586 001a 13       		.uleb128 0x13
 587 001b 00       		.byte	0
 588 001c 00       		.byte	0
 589 001d 03       		.uleb128 0x3
 590 001e 24       		.uleb128 0x24
 591 001f 00       		.byte	0
 592 0020 0B       		.uleb128 0xb
 593 0021 0B       		.uleb128 0xb
 594 0022 3E       		.uleb128 0x3e
 595 0023 0B       		.uleb128 0xb
 596 0024 03       		.uleb128 0x3
 597 0025 0E       		.uleb128 0xe
 598 0026 00       		.byte	0
 599 0027 00       		.byte	0
 600 0028 04       		.uleb128 0x4
 601 0029 0D       		.uleb128 0xd
 602 002a 00       		.byte	0
 603 002b 03       		.uleb128 0x3
 604 002c 0E       		.uleb128 0xe
 605 002d 3A       		.uleb128 0x3a
 606 002e 21       		.uleb128 0x21
 607 002f 01       		.sleb128 1
 608 0030 3B       		.uleb128 0x3b
 609 0031 05       		.uleb128 0x5
 610 0032 39       		.uleb128 0x39
 611 0033 0B       		.uleb128 0xb
 612 0034 49       		.uleb128 0x49
 613 0035 13       		.uleb128 0x13
 614 0036 8801     		.uleb128 0x88
 615 0038 21       		.uleb128 0x21
 616 0039 08       		.sleb128 8
 617 003a 38       		.uleb128 0x38
 618 003b 0B       		.uleb128 0xb
 619 003c 00       		.byte	0
 620 003d 00       		.byte	0
 621 003e 05       		.uleb128 0x5
 622 003f 11       		.uleb128 0x11
 623 0040 01       		.byte	0x1
 624 0041 25       		.uleb128 0x25
 625 0042 0E       		.uleb128 0xe
 626 0043 13       		.uleb128 0x13
 627 0044 0B       		.uleb128 0xb
ARM GAS  /tmp/ccqZmfe1.s 			page 12


 628 0045 03       		.uleb128 0x3
 629 0046 0E       		.uleb128 0xe
 630 0047 1B       		.uleb128 0x1b
 631 0048 0E       		.uleb128 0xe
 632 0049 10       		.uleb128 0x10
 633 004a 17       		.uleb128 0x17
 634 004b 00       		.byte	0
 635 004c 00       		.byte	0
 636 004d 06       		.uleb128 0x6
 637 004e 24       		.uleb128 0x24
 638 004f 00       		.byte	0
 639 0050 0B       		.uleb128 0xb
 640 0051 0B       		.uleb128 0xb
 641 0052 3E       		.uleb128 0x3e
 642 0053 0B       		.uleb128 0xb
 643 0054 03       		.uleb128 0x3
 644 0055 08       		.uleb128 0x8
 645 0056 00       		.byte	0
 646 0057 00       		.byte	0
 647 0058 07       		.uleb128 0x7
 648 0059 13       		.uleb128 0x13
 649 005a 01       		.byte	0x1
 650 005b 0B       		.uleb128 0xb
 651 005c 0B       		.uleb128 0xb
 652 005d 8801     		.uleb128 0x88
 653 005f 0B       		.uleb128 0xb
 654 0060 3A       		.uleb128 0x3a
 655 0061 0B       		.uleb128 0xb
 656 0062 3B       		.uleb128 0x3b
 657 0063 05       		.uleb128 0x5
 658 0064 39       		.uleb128 0x39
 659 0065 0B       		.uleb128 0xb
 660 0066 6E       		.uleb128 0x6e
 661 0067 0E       		.uleb128 0xe
 662 0068 01       		.uleb128 0x1
 663 0069 13       		.uleb128 0x13
 664 006a 00       		.byte	0
 665 006b 00       		.byte	0
 666 006c 08       		.uleb128 0x8
 667 006d 16       		.uleb128 0x16
 668 006e 00       		.byte	0
 669 006f 03       		.uleb128 0x3
 670 0070 0E       		.uleb128 0xe
 671 0071 3A       		.uleb128 0x3a
 672 0072 0B       		.uleb128 0xb
 673 0073 3B       		.uleb128 0x3b
 674 0074 05       		.uleb128 0x5
 675 0075 39       		.uleb128 0x39
 676 0076 0B       		.uleb128 0xb
 677 0077 49       		.uleb128 0x49
 678 0078 13       		.uleb128 0x13
 679 0079 8801     		.uleb128 0x88
 680 007b 0B       		.uleb128 0xb
 681 007c 00       		.byte	0
 682 007d 00       		.byte	0
 683 007e 09       		.uleb128 0x9
 684 007f 3B       		.uleb128 0x3b
ARM GAS  /tmp/ccqZmfe1.s 			page 13


 685 0080 00       		.byte	0
 686 0081 03       		.uleb128 0x3
 687 0082 0E       		.uleb128 0xe
 688 0083 00       		.byte	0
 689 0084 00       		.byte	0
 690 0085 0A       		.uleb128 0xa
 691 0086 39       		.uleb128 0x39
 692 0087 01       		.byte	0x1
 693 0088 03       		.uleb128 0x3
 694 0089 08       		.uleb128 0x8
 695 008a 3A       		.uleb128 0x3a
 696 008b 0B       		.uleb128 0xb
 697 008c 3B       		.uleb128 0x3b
 698 008d 05       		.uleb128 0x5
 699 008e 39       		.uleb128 0x39
 700 008f 0B       		.uleb128 0xb
 701 0090 01       		.uleb128 0x1
 702 0091 13       		.uleb128 0x13
 703 0092 00       		.byte	0
 704 0093 00       		.byte	0
 705 0094 0B       		.uleb128 0xb
 706 0095 39       		.uleb128 0x39
 707 0096 00       		.byte	0
 708 0097 03       		.uleb128 0x3
 709 0098 08       		.uleb128 0x8
 710 0099 3A       		.uleb128 0x3a
 711 009a 0B       		.uleb128 0xb
 712 009b 3B       		.uleb128 0x3b
 713 009c 0B       		.uleb128 0xb
 714 009d 39       		.uleb128 0x39
 715 009e 0B       		.uleb128 0xb
 716 009f 00       		.byte	0
 717 00a0 00       		.byte	0
 718 00a1 0C       		.uleb128 0xc
 719 00a2 2E       		.uleb128 0x2e
 720 00a3 00       		.byte	0
 721 00a4 3F       		.uleb128 0x3f
 722 00a5 19       		.uleb128 0x19
 723 00a6 03       		.uleb128 0x3
 724 00a7 0E       		.uleb128 0xe
 725 00a8 3A       		.uleb128 0x3a
 726 00a9 0B       		.uleb128 0xb
 727 00aa 3B       		.uleb128 0x3b
 728 00ab 0B       		.uleb128 0xb
 729 00ac 39       		.uleb128 0x39
 730 00ad 0B       		.uleb128 0xb
 731 00ae 6E       		.uleb128 0x6e
 732 00af 0E       		.uleb128 0xe
 733 00b0 00       		.byte	0
 734 00b1 00       		.byte	0
 735 00b2 00       		.byte	0
 736              		.section	.gnu.debuglto_.debug_line,"e",%progbits
 737              	.Ldebug_line0:
 738 0000 76000000 		.4byte	.LELT0-.LSLT0
 739              	.LSLT0:
 740 0004 0500     		.2byte	0x5
 741 0006 04       		.byte	0x4
ARM GAS  /tmp/ccqZmfe1.s 			page 14


 742 0007 00       		.byte	0
 743 0008 6E000000 		.4byte	.LELTP0-.LASLTP0
 744              	.LASLTP0:
 745 000c 01       		.byte	0x1
 746 000d 01       		.byte	0x1
 747 000e 01       		.byte	0x1
 748 000f F6       		.byte	0xf6
 749 0010 F2       		.byte	0xf2
 750 0011 0D       		.byte	0xd
 751 0012 00       		.byte	0
 752 0013 01       		.byte	0x1
 753 0014 01       		.byte	0x1
 754 0015 01       		.byte	0x1
 755 0016 01       		.byte	0x1
 756 0017 00       		.byte	0
 757 0018 00       		.byte	0
 758 0019 00       		.byte	0
 759 001a 01       		.byte	0x1
 760 001b 00       		.byte	0
 761 001c 00       		.byte	0
 762 001d 01       		.byte	0x1
 763 001e 01       		.byte	0x1
 764 001f 01       		.uleb128 0x1
 765 0020 1F       		.uleb128 0x1f
 766 0021 08       		.uleb128 0x8
 767 0022 37010000 		.4byte	.LASF74
 768 0026 28000000 		.4byte	.LASF75
 769 002a A6020000 		.4byte	.LASF76
 770 002e 63010000 		.4byte	.LASF77
 771 0032 3D020000 		.4byte	.LASF78
 772 0036 D8010000 		.4byte	.LASF79
 773 003a 36000000 		.4byte	.LASF80
 774 003e C7000000 		.4byte	.LASF81
 775 0042 02       		.byte	0x2
 776 0043 01       		.uleb128 0x1
 777 0044 1F       		.uleb128 0x1f
 778 0045 02       		.uleb128 0x2
 779 0046 0B       		.uleb128 0xb
 780 0047 0A       		.uleb128 0xa
 781 0048 00000000 		.4byte	.LASF82
 782 004c 00       		.byte	0
 783 004d CF010000 		.4byte	.LASF83
 784 0051 07       		.byte	0x7
 785 0052 B6000000 		.4byte	.LASF84
 786 0056 04       		.byte	0x4
 787 0057 09000000 		.4byte	.LASF85
 788 005b 05       		.byte	0x5
 789 005c 1F000000 		.4byte	.LASF86
 790 0060 06       		.byte	0x6
 791 0061 9F000000 		.4byte	.LASF87
 792 0065 03       		.byte	0x3
 793 0066 97000000 		.4byte	.LASF88
 794 006a 03       		.byte	0x3
 795 006b 13000000 		.4byte	.LASF89
 796 006f 02       		.byte	0x2
 797 0070 A7000000 		.4byte	.LASF90
 798 0074 01       		.byte	0x1
ARM GAS  /tmp/ccqZmfe1.s 			page 15


 799 0075 00000000 		.4byte	.LASF82
 800 0079 00       		.byte	0
 801              	.LELTP0:
 802              	.LELT0:
 803              		.section	.gnu.debuglto_.debug_str,"eMS",%progbits,1
 804              	.LASF71:
 805 0000 6465636C 		.ascii	"decltype(nullptr)\000"
 805      74797065 
 805      286E756C 
 805      6C707472 
 805      2900
 806              	.LASF68:
 807 0012 2F686F6D 		.ascii	"/home/kocur/wideband-2311-f0_addon/firmware\000"
 807      652F6B6F 
 807      6375722F 
 807      77696465 
 807      62616E64 
 808              	.LASF20:
 809 003e 5F5F696E 		.ascii	"__int_least8_t\000"
 809      745F6C65 
 809      61737438 
 809      5F7400
 810              	.LASF32:
 811 004d 696E7438 		.ascii	"int8_t\000"
 811      5F7400
 812              	.LASF39:
 813 0054 75696E74 		.ascii	"uint64_t\000"
 813      36345F74 
 813      00
 814              	.LASF10:
 815 005d 73686F72 		.ascii	"short int\000"
 815      7420696E 
 815      7400
 816              	.LASF29:
 817 0067 5F5F7569 		.ascii	"__uintmax_t\000"
 817      6E746D61 
 817      785F7400 
 818              	.LASF42:
 819 0073 696E7470 		.ascii	"intptr_t\000"
 819      74725F74 
 819      00
 820              	.LASF58:
 821 007c 696E745F 		.ascii	"int_fast64_t\000"
 821      66617374 
 821      36345F74 
 821      00
 822              	.LASF2:
 823 0089 5F5F6D61 		.ascii	"__max_align_ld\000"
 823      785F616C 
 823      69676E5F 
 823      6C6400
 824              	.LASF15:
 825 0098 5F5F7569 		.ascii	"__uint32_t\000"
 825      6E743332 
 825      5F7400
 826              	.LASF1:
 827 00a3 5F5F6D61 		.ascii	"__max_align_ll\000"
ARM GAS  /tmp/ccqZmfe1.s 			page 16


 827      785F616C 
 827      69676E5F 
 827      6C6C00
 828              	.LASF11:
 829 00b2 5F5F7569 		.ascii	"__uint16_t\000"
 829      6E743136 
 829      5F7400
 830              	.LASF65:
 831 00bd 63686172 		.ascii	"char32_t\000"
 831      33325F74 
 831      00
 832              	.LASF51:
 833 00c6 75696E74 		.ascii	"uint_least64_t\000"
 833      5F6C6561 
 833      73743634 
 833      5F7400
 834              	.LASF59:
 835 00d5 75696E74 		.ascii	"uint_fast64_t\000"
 835      5F666173 
 835      7436345F 
 835      7400
 836              	.LASF38:
 837 00e3 696E7436 		.ascii	"int64_t\000"
 837      345F7400 
 838              	.LASF64:
 839 00eb 63686172 		.ascii	"char16_t\000"
 839      31365F74 
 839      00
 840              	.LASF33:
 841 00f4 75696E74 		.ascii	"uint8_t\000"
 841      385F7400 
 842              	.LASF30:
 843 00fc 5F5F696E 		.ascii	"__intptr_t\000"
 843      74707472 
 843      5F7400
 844              	.LASF43:
 845 0107 75696E74 		.ascii	"uintptr_t\000"
 845      7074725F 
 845      7400
 846              	.LASF50:
 847 0111 696E745F 		.ascii	"int_least64_t\000"
 847      6C656173 
 847      7436345F 
 847      7400
 848              	.LASF61:
 849 011f 626F6F6C 		.ascii	"bool\000"
 849      00
 850              	.LASF45:
 851 0124 75696E74 		.ascii	"uint_least8_t\000"
 851      5F6C6561 
 851      7374385F 
 851      7400
 852              	.LASF26:
 853 0132 5F5F696E 		.ascii	"__int_least64_t\000"
 853      745F6C65 
 853      61737436 
 853      345F7400 
ARM GAS  /tmp/ccqZmfe1.s 			page 17


 854              	.LASF62:
 855 0142 666C6F61 		.ascii	"float\000"
 855      7400
 856              	.LASF21:
 857 0148 5F5F7569 		.ascii	"__uint_least8_t\000"
 857      6E745F6C 
 857      65617374 
 857      385F7400 
 858              	.LASF3:
 859 0158 6C6F6E67 		.ascii	"long long int\000"
 859      206C6F6E 
 859      6720696E 
 859      7400
 860              	.LASF73:
 861 0166 5F5A3849 		.ascii	"_Z8InitUartv\000"
 861      6E697455 
 861      61727476 
 861      00
 862              	.LASF14:
 863 0173 6C6F6E67 		.ascii	"long int\000"
 863      20696E74 
 863      00
 864              	.LASF17:
 865 017c 5F5F696E 		.ascii	"__int64_t\000"
 865      7436345F 
 865      7400
 866              	.LASF52:
 867 0186 696E745F 		.ascii	"int_fast8_t\000"
 867      66617374 
 867      385F7400 
 868              	.LASF7:
 869 0192 5F5F7569 		.ascii	"__uint8_t\000"
 869      6E74385F 
 869      7400
 870              	.LASF56:
 871 019c 696E745F 		.ascii	"int_fast32_t\000"
 871      66617374 
 871      33325F74 
 871      00
 872              	.LASF69:
 873 01a9 31316D61 		.ascii	"11max_align_t\000"
 873      785F616C 
 873      69676E5F 
 873      7400
 874              	.LASF40:
 875 01b7 696E746D 		.ascii	"intmax_t\000"
 875      61785F74 
 875      00
 876              	.LASF4:
 877 01c0 6C6F6E67 		.ascii	"long double\000"
 877      20646F75 
 877      626C6500 
 878              	.LASF27:
 879 01cc 5F5F7569 		.ascii	"__uint_least64_t\000"
 879      6E745F6C 
 879      65617374 
 879      36345F74 
ARM GAS  /tmp/ccqZmfe1.s 			page 18


 879      00
 880              	.LASF8:
 881 01dd 756E7369 		.ascii	"unsigned char\000"
 881      676E6564 
 881      20636861 
 881      7200
 882              	.LASF44:
 883 01eb 696E745F 		.ascii	"int_least8_t\000"
 883      6C656173 
 883      74385F74 
 883      00
 884              	.LASF5:
 885 01f8 7369676E 		.ascii	"signed char\000"
 885      65642063 
 885      68617200 
 886              	.LASF19:
 887 0204 6C6F6E67 		.ascii	"long long unsigned int\000"
 887      206C6F6E 
 887      6720756E 
 887      7369676E 
 887      65642069 
 888              	.LASF70:
 889 021b 6D61785F 		.ascii	"max_align_t\000"
 889      616C6967 
 889      6E5F7400 
 890              	.LASF37:
 891 0227 75696E74 		.ascii	"uint32_t\000"
 891      33325F74 
 891      00
 892              	.LASF0:
 893 0230 756E7369 		.ascii	"unsigned int\000"
 893      676E6564 
 893      20696E74 
 893      00
 894              	.LASF35:
 895 023d 75696E74 		.ascii	"uint16_t\000"
 895      31365F74 
 895      00
 896              	.LASF67:
 897 0246 75617274 		.ascii	"uart.cpp\000"
 897      2E637070 
 897      00
 898              	.LASF28:
 899 024f 5F5F696E 		.ascii	"__intmax_t\000"
 899      746D6178 
 899      5F7400
 900              	.LASF41:
 901 025a 75696E74 		.ascii	"uintmax_t\000"
 901      6D61785F 
 901      7400
 902              	.LASF72:
 903 0264 496E6974 		.ascii	"InitUart\000"
 903      55617274 
 903      00
 904              	.LASF12:
 905 026d 73686F72 		.ascii	"short unsigned int\000"
 905      7420756E 
ARM GAS  /tmp/ccqZmfe1.s 			page 19


 905      7369676E 
 905      65642069 
 905      6E7400
 906              	.LASF6:
 907 0280 5F5F696E 		.ascii	"__int8_t\000"
 907      74385F74 
 907      00
 908              	.LASF53:
 909 0289 75696E74 		.ascii	"uint_fast8_t\000"
 909      5F666173 
 909      74385F74 
 909      00
 910              	.LASF63:
 911 0296 77636861 		.ascii	"wchar_t\000"
 911      725F7400 
 912              	.LASF60:
 913 029e 63686172 		.ascii	"char\000"
 913      00
 914              	.LASF24:
 915 02a3 5F5F696E 		.ascii	"__int_least32_t\000"
 915      745F6C65 
 915      61737433 
 915      325F7400 
 916              	.LASF49:
 917 02b3 75696E74 		.ascii	"uint_least32_t\000"
 917      5F6C6561 
 917      73743332 
 917      5F7400
 918              	.LASF57:
 919 02c2 75696E74 		.ascii	"uint_fast32_t\000"
 919      5F666173 
 919      7433325F 
 919      7400
 920              	.LASF36:
 921 02d0 696E7433 		.ascii	"int32_t\000"
 921      325F7400 
 922              	.LASF47:
 923 02d8 75696E74 		.ascii	"uint_least16_t\000"
 923      5F6C6561 
 923      73743136 
 923      5F7400
 924              	.LASF55:
 925 02e7 75696E74 		.ascii	"uint_fast16_t\000"
 925      5F666173 
 925      7431365F 
 925      7400
 926              	.LASF34:
 927 02f5 696E7431 		.ascii	"int16_t\000"
 927      365F7400 
 928              	.LASF18:
 929 02fd 5F5F7569 		.ascii	"__uint64_t\000"
 929      6E743634 
 929      5F7400
 930              	.LASF48:
 931 0308 696E745F 		.ascii	"int_least32_t\000"
 931      6C656173 
 931      7433325F 
ARM GAS  /tmp/ccqZmfe1.s 			page 20


 931      7400
 932              	.LASF46:
 933 0316 696E745F 		.ascii	"int_least16_t\000"
 933      6C656173 
 933      7431365F 
 933      7400
 934              	.LASF16:
 935 0324 6C6F6E67 		.ascii	"long unsigned int\000"
 935      20756E73 
 935      69676E65 
 935      6420696E 
 935      7400
 936              	.LASF31:
 937 0336 5F5F7569 		.ascii	"__uintptr_t\000"
 937      6E747074 
 937      725F7400 
 938              	.LASF22:
 939 0342 5F5F696E 		.ascii	"__int_least16_t\000"
 939      745F6C65 
 939      61737431 
 939      365F7400 
 940              	.LASF66:
 941 0352 474E5520 		.ascii	"GNU C++17 11.3.1 20220712 -mcpu=cortex-m0 -mthumb -"
 941      432B2B31 
 941      37203131 
 941      2E332E31 
 941      20323032 
 942 0385 6D666C6F 		.ascii	"mfloat-abi=soft -march=armv6s-m -ggdb -O2 -std=c++1"
 942      61742D61 
 942      62693D73 
 942      6F667420 
 942      2D6D6172 
 943 03b8 37202D66 		.ascii	"7 -fomit-frame-pointer -falign-functions=16 -fsingl"
 943      6F6D6974 
 943      2D667261 
 943      6D652D70 
 943      6F696E74 
 944 03eb 652D7072 		.ascii	"e-precision-constant -ffunction-sections -fdata-sec"
 944      65636973 
 944      696F6E2D 
 944      636F6E73 
 944      74616E74 
 945 041e 74696F6E 		.ascii	"tions -fno-common -flto -fno-rtti -fno-exceptions -"
 945      73202D66 
 945      6E6F2D63 
 945      6F6D6D6F 
 945      6E202D66 
 946 0451 66666173 		.ascii	"ffast-math -funsafe-math-optimizations -fno-threads"
 946      742D6D61 
 946      7468202D 
 946      66756E73 
 946      6166652D 
 947 0484 6166652D 		.ascii	"afe-statics -fno-use-cxa-atexit\000"
 947      73746174 
 947      69637320 
 947      2D666E6F 
 947      2D757365 
ARM GAS  /tmp/ccqZmfe1.s 			page 21


 948              	.LASF13:
 949 04a4 5F5F696E 		.ascii	"__int32_t\000"
 949      7433325F 
 949      7400
 950              	.LASF9:
 951 04ae 5F5F696E 		.ascii	"__int16_t\000"
 951      7431365F 
 951      7400
 952              	.LASF25:
 953 04b8 5F5F7569 		.ascii	"__uint_least32_t\000"
 953      6E745F6C 
 953      65617374 
 953      33325F74 
 953      00
 954              	.LASF23:
 955 04c9 5F5F7569 		.ascii	"__uint_least16_t\000"
 955      6E745F6C 
 955      65617374 
 955      31365F74 
 955      00
 956              	.LASF54:
 957 04da 696E745F 		.ascii	"int_fast16_t\000"
 957      66617374 
 957      31365F74 
 957      00
 958              		.section	.gnu.debuglto_.debug_line_str,"eMS",%progbits,1
 959              	.LASF82:
 960 0000 75617274 		.ascii	"uart.cpp\000"
 960      2E637070 
 960      00
 961              	.LASF85:
 962 0009 5F737464 		.ascii	"_stdint.h\000"
 962      696E742E 
 962      6800
 963              	.LASF89:
 964 0013 632B2B63 		.ascii	"c++config.h\000"
 964      6F6E6669 
 964      672E6800 
 965              	.LASF86:
 966 001f 73746469 		.ascii	"stdint.h\000"
 966      6E742E68 
 966      00
 967              	.LASF75:
 968 0028 2E2E2F66 		.ascii	"../for_rusefi\000"
 968      6F725F72 
 968      75736566 
 968      6900
 969              	.LASF80:
 970 0036 2F686F6D 		.ascii	"/home/kocur/.rusefi-tools/arm-gnu-toolchain-11.3.re"
 970      652F6B6F 
 970      6375722F 
 970      2E727573 
 970      6566692D 
 971 0069 6C312D78 		.ascii	"l1-x86_64-arm-none-eabi/arm-none-eabi/include\000"
 971      38365F36 
 971      342D6172 
 971      6D2D6E6F 
ARM GAS  /tmp/ccqZmfe1.s 			page 22


 971      6E652D65 
 972              	.LASF88:
 973 0097 63737464 		.ascii	"cstddef\000"
 973      64656600 
 974              	.LASF87:
 975 009f 63737464 		.ascii	"cstdint\000"
 975      696E7400 
 976              	.LASF90:
 977 00a7 77696465 		.ascii	"wideband_can.h\000"
 977      62616E64 
 977      5F63616E 
 977      2E6800
 978              	.LASF84:
 979 00b6 5F646566 		.ascii	"_default_types.h\000"
 979      61756C74 
 979      5F747970 
 979      65732E68 
 979      00
 980              	.LASF81:
 981 00c7 2F686F6D 		.ascii	"/home/kocur/.rusefi-tools/arm-gnu-toolchain-11.3.re"
 981      652F6B6F 
 981      6375722F 
 981      2E727573 
 981      6566692D 
 982 00fa 6C312D78 		.ascii	"l1-x86_64-arm-none-eabi/lib/gcc/arm-none-eabi/11.3."
 982      38365F36 
 982      342D6172 
 982      6D2D6E6F 
 982      6E652D65 
 983 012d 312F696E 		.ascii	"1/include\000"
 983      636C7564 
 983      6500
 984              	.LASF74:
 985 0137 2F686F6D 		.ascii	"/home/kocur/wideband-2311-f0_addon/firmware\000"
 985      652F6B6F 
 985      6375722F 
 985      77696465 
 985      62616E64 
 986              	.LASF77:
 987 0163 2F686F6D 		.ascii	"/home/kocur/.rusefi-tools/arm-gnu-toolchain-11.3.re"
 987      652F6B6F 
 987      6375722F 
 987      2E727573 
 987      6566692D 
 988 0196 6C312D78 		.ascii	"l1-x86_64-arm-none-eabi/arm-none-eabi/include/c++/1"
 988      38365F36 
 988      342D6172 
 988      6D2D6E6F 
 988      6E652D65 
 989 01c9 312E332E 		.ascii	"1.3.1\000"
 989      3100
 990              	.LASF83:
 991 01cf 73746464 		.ascii	"stddef.h\000"
 991      65662E68 
 991      00
 992              	.LASF79:
 993 01d8 2F686F6D 		.ascii	"/home/kocur/.rusefi-tools/arm-gnu-toolchain-11.3.re"
ARM GAS  /tmp/ccqZmfe1.s 			page 23


 993      652F6B6F 
 993      6375722F 
 993      2E727573 
 993      6566692D 
 994 020b 6C312D78 		.ascii	"l1-x86_64-arm-none-eabi/arm-none-eabi/include/sys\000"
 994      38365F36 
 994      342D6172 
 994      6D2D6E6F 
 994      6E652D65 
 995              	.LASF78:
 996 023d 2F686F6D 		.ascii	"/home/kocur/.rusefi-tools/arm-gnu-toolchain-11.3.re"
 996      652F6B6F 
 996      6375722F 
 996      2E727573 
 996      6566692D 
 997 0270 6C312D78 		.ascii	"l1-x86_64-arm-none-eabi/arm-none-eabi/include/machi"
 997      38365F36 
 997      342D6172 
 997      6D2D6E6F 
 997      6E652D65 
 998 02a3 6E6500   		.ascii	"ne\000"
 999              	.LASF76:
 1000 02a6 2F686F6D 		.ascii	"/home/kocur/.rusefi-tools/arm-gnu-toolchain-11.3.re"
 1000      652F6B6F 
 1000      6375722F 
 1000      2E727573 
 1000      6566692D 
 1001 02d9 6C312D78 		.ascii	"l1-x86_64-arm-none-eabi/arm-none-eabi/include/c++/1"
 1001      38365F36 
 1001      342D6172 
 1001      6D2D6E6F 
 1001      6E652D65 
 1002 030c 312E332E 		.ascii	"1.3.1/arm-none-eabi/thumb/v6-m/nofp/bits\000"
 1002      312F6172 
 1002      6D2D6E6F 
 1002      6E652D65 
 1002      6162692F 
 1003              		.text
 1004              		.section	.gnu.lto_.odr_types.c34f082976a696db,"e",%progbits
 1005 0000 789CD360 		.ascii	"x\234\323```X\312\000\001\214\214\254\374\034\214\014"
 1005      606058CA 
 1005      00018C8C 
 1005      ACFC1C8C 
 1005      0C
 1006 0011 A21C8CCC 		.ascii	"\242\034\214\314j\034\214,f\034\214\254\356\034\214"
 1006      6A1C8C2C 
 1006      661C8CAC 
 1006      EE1C8C
 1007 0020 6CFFDF1D 		.ascii	"l\377\337\035X\371\347\341\303\311S\0317n:{f\362o\026"
 1007      58F9E7E1 
 1007      C3C95319 
 1007      376E3A7B 
 1007      66F26F16 
 1008 0034 5E3FE3F2 		.ascii	"^?\343\362\244|S\267\304\322\234\022W\006V\277\374\274"
 1008      A47C53B7 
 1008      C4D29C12 
 1008      570656BF 
ARM GAS  /tmp/ccqZmfe1.s 			page 24


 1008      FCBC
 1009 0046 540681E0 		.ascii	"T\006\201\340\324\274\342\374\"\227\314\224\274\022"
 1009      D4BCE2FC 
 1009      2297CC94 
 1009      BC12
 1010 0054 8FD4C412 		.ascii	"\217\324\304\022\006~\210\200\177YjQ\006\210\017U\020"
 1010      067E8880 
 1010      7F596A51 
 1010      06880F55 
 1010      10
 1011 0065 9A970215 		.ascii	"\232\227\002\025\020\206\010\370\345\203\224\007\227"
 1011      108608F8 
 1011      E5839407 
 1011      97
 1012 0072 1614E454 		.ascii	"\026\024\344T2\350\350g\344\347\246\352g\347'\227\026"
 1012      32E8E867 
 1012      E4E7A6EA 
 1012      67E72797 
 1012      16
 1013 0083 E99767A6 		.ascii	"\351\227g\246\244&%\346\245\350\032\031\033\032\352"
 1013      A42625E6 
 1013      A5E81A19 
 1013      1B1AEA
 1014 0092 A619C427 		.ascii	"\246\031\304'\246\244\344\347\351\247e\026\345\226'"
 1014      A6A4E4E7 
 1014      E9A76516 
 1014      E59627
 1015 00a1 16A532C8 		.ascii	"\026\2452\310\352\351\351\247\345\027\305\027\225\026"
 1015      EAE9E9A7 
 1015      E517C517 
 1015      9516
 1016 00af A7A665C2 		.ascii	"\247\246e\302\225\307''\346\351e0\000\000\313oF\254"
 1016      95C72727 
 1016      E6E96530 
 1016      0000CB6F 
 1016      46AC
 1017              		.text
 1018              		.section	.gnu.lto_.profile.c34f082976a696db,"e",%progbits
 1019 0000 789C6362 		.ascii	"x\234cb\000\001\000\000\022\000\003"
 1019      00010000 
 1019      120003
 1020              		.text
 1021              		.section	.gnu.lto_.icf.c34f082976a696db,"e",%progbits
 1022 0000 789CE364 		.ascii	"x\234\343d@\000F\206\337\347o\234\346f`\000\000\024"
 1022      40004686 
 1022      DFE76F9C 
 1022      E6666000 
 1022      0014
 1023 0012 170383   		.ascii	"\027\003\203"
 1024              		.text
 1025              		.section	.gnu.lto_.ipa_sra.c34f082976a696db,"e",%progbits
 1026 0000 789C6365 		.ascii	"x\234ce@\000F\020\002\000\000m\000\010"
 1026      40004610 
 1026      0200006D 
 1026      0008
 1027              		.text
 1028              		.section	.gnu.lto_.inline.c34f082976a696db,"e",%progbits
ARM GAS  /tmp/ccqZmfe1.s 			page 25


 1029 0000 789C5365 		.ascii	"x\234Se@\000F\006\006\346\006 `Jad`b`h\0042\353\030"
 1029      40004606 
 1029      06E60620 
 1029      604A6164 
 1029      60626068 
 1030 0018 18D82042 		.ascii	"\030\330 BL ! \000\000\241H\007\202"
 1030      4C202120 
 1030      0000A148 
 1030      0782
 1031              		.text
 1032              		.section	.gnu.lto_.jmpfuncs.c34f082976a696db,"e",%progbits
 1033 0000 789C6365 		.ascii	"x\234ce@\000F\020\001\000\000k\000\007"
 1033      40004610 
 1033      0100006B 
 1033      0007
 1034              		.text
 1035              		.section	.gnu.lto_.pureconst.c34f082976a696db,"e",%progbits
 1036 0000 789C6361 		.ascii	"x\234ca```dh`\001\000\0010\000\212"
 1036      60606064 
 1036      68600100 
 1036      0130008A 
 1037              		.text
 1038              		.section	.gnu.lto_.ipa_modref.c34f082976a696db,"e",%progbits
 1039 0000 789C6362 		.ascii	"x\234cb@\006\000\000*\000\003"
 1039      40060000 
 1039      2A0003
 1040              		.text
 1041              		.section	.gnu.lto_.lto.c34f082976a696db,"e",%progbits
 1042 0000 0B000300 		.ascii	"\013\000\003\000\001\000\000\000"
 1042      01000000 
 1043              		.text
 1044              		.section	.gnu.lto__Z8InitUartv.183.c34f082976a696db,"e",%progbits
 1045 0000 789CCB62 		.ascii	"x\234\313b``\260\000be fdf`\2344\261\213\211\241\241"
 1045      6060B000 
 1045      62652066 
 1045      6466609C 
 1045      34B18B89 
 1046 0016 A1C1819D 		.ascii	"\241\301\201\235\211\261qb\027'\343vF0\217\221\241\236"
 1046      89B17162 
 1046      1727E376 
 1046      46308F91 
 1046      A19E
 1047 0028 89B19E71 		.ascii	"\211\261\236q!\263>\220\373\343\351\3647\217\331\033"
 1047      21B33E90 
 1047      FBE3E9F4 
 1047      378FD91B 
 1048 0038 561C607C 		.ascii	"V\034`|\305\300P\317\000\005\334\0206#\020\257\277\304"
 1048      C5C050CF 
 1048      0005DC10 
 1048      362310AF 
 1048      BFC4
 1049 004a 7AA0E1CF 		.ascii	"z\240\341\317\377\376\206\206\367r\017\377\261310\314"
 1049      FFFE8686 
 1049      F7720FFF 
 1049      B1333130 
 1049      CC
 1050 005b 630699DA 		.ascii	"c\006\231\332\300\302\330p\200\201a>3\023\204\323\010"
ARM GAS  /tmp/ccqZmfe1.s 			page 26


 1050      C0C2D870 
 1050      8081613E 
 1050      331384D3 
 1050      08
 1051 006c E4FC676A 		.ascii	"\344\374gjR\000\353\237\307\314\210P\302\300\240\243"
 1051      5200EB9F 
 1051      C7CC8850 
 1051      C2C0A0A3 
 1052 007c 9F919F9B 		.ascii	"\237\221\237\233\252\237\235\237\\Z\244_\236\231\222"
 1052      AA9F9D9F 
 1052      5C5AA45F 
 1052      9E9992
 1053 008b 9A949897 		.ascii	"\232\224\230\227\242kdlh\250\233f\020\237\230\222\222"
 1053      A26B646C 
 1053      68A89B66 
 1053      109F9892 
 1053      92
 1054 009c 9FA79F96 		.ascii	"\237\247\237\226Y\224[\236X\224\312\300Y\232XT\242\227"
 1054      59945B9E 
 1054      5894CAC0 
 1054      599A5854 
 1054      A297
 1055 00ae 5C50C000 		.ascii	"\\P\300\000\000\205*='"
 1055      00852A3D 
 1055      27
 1056              		.text
 1057              		.section	.gnu.lto_.symbol_nodes.c34f082976a696db,"e",%progbits
 1058 0000 789C9366 		.ascii	"x\234\223f\000\002\246\355\214\365\014\015@\300\302"
 1058      0002A6ED 
 1058      8CF50C0D 
 1058      40C0C2
 1059 000f 38E11C03 		.ascii	"8\341\034\003C=\003\303\256\206FF\220\014\000m\320\006"
 1059      433D03C3 
 1059      AE864646 
 1059      900C006D 
 1059      D006
 1060 0021 F3       		.ascii	"\363"
 1061              		.text
 1062              		.section	.gnu.lto_.refs.c34f082976a696db,"e",%progbits
 1063 0000 789C6364 		.ascii	"x\234cd\000\002\000\000\012\000\002"
 1063      00020000 
 1063      0A0002
 1064              		.text
 1065              		.section	.gnu.lto_.decls.c34f082976a696db,"e",%progbits
 1066 0000 789C4551 		.ascii	"x\234EQMh\023Q\020\236\267\011q[\002&\265\005\255=\364"
 1066      4D681351 
 1066      109EB709 
 1066      715B0226 
 1066      B505AD3D 
 1067 0015 58A86912 		.ascii	"X\250i\022\305\250\330CEA\004\321S/^J\232\2444H~X\323"
 1067      C5A8D843 
 1067      454104D1 
 1067      532F5E4A 
 1067      9AA43448 
 1068 002c D69BDF26 		.ascii	"\326\233\337&k\272\007-\273=-!\312\262\202\340-\207"
 1068      6BBA072D 
 1068      BB3D2D21 
ARM GAS  /tmp/ccqZmfe1.s 			page 27


 1068      CAB282E0 
 1068      2D87
 1069 003e 8235FE74 		.ascii	"\2025\376t!K\360(x\015R=\205\342\301\324Ko:\033\011"
 1069      214BF028 
 1069      780D523D 
 1069      85E2C1D4 
 1069      4B6F3A1B 
 1070 0053 3EF8DECC 		.ascii	">\370\336\314\233\371\346{3\357\355\011\242\035\"\232"
 1070      9BF9E67B 
 1070      33EFED09 
 1070      A21D229A 
 1071 0063 61FCE125 		.ascii	"a\374\341%\261\375\312\3400\0350\236\210\377~P:z\335"
 1071      B1FDCAE0 
 1071      301D309E 
 1071      88FF7E50 
 1071      3A7ADD
 1072 0076 7E191E08 		.ascii	"~\031\036\010\000:\\\325\223\015\247\217\026PF\267o"
 1072      003A5CD5 
 1072      930DA78F 
 1072      165046B7 
 1072      6F
 1073 0087 35EA7D3D 		.ascii	"5\352}=jV9\327\3221mq\270\32184$;\000\215c\250\205\261"
 1073      6A5639D7 
 1073      D2316D71 
 1073      B8D13834 
 1073      243B008D 
 1074 009f C7A6BA8E 		.ascii	"\307\246\272\216Z\335??;k\3270\\_\004\334:Zn\310\351"
 1074      5ADD3F3F 
 1074      3B6BD730 
 1074      5C5F04DC 
 1074      3A5A6EC8 
 1075 00b4 A06EE16E 		.ascii	"\240n\341n\243\321\377\354_\201\335\303\346\366i\273"
 1075      A3D1FFEC 
 1075      5F81DDC3 
 1075      E6F669BB 
 1076 00c4 D6D3ED0E 		.ascii	"\326\323\355\016\316\331\254bAsM\241r\211\352\302t\205"
 1076      CED9AC62 
 1076      41734DA1 
 1076      7289EAC2 
 1076      7485
 1077 00d6 61379FEF 		.ascii	"a7\237\357h\236!\324\252\246\253\216\246G\374\315DO"
 1077      689E21D4 
 1077      AAA6AB8E 
 1077      A647FCCD 
 1077      444F
 1078 00e8 8F1AECEC 		.ascii	"\217\032\354\354\332\340\016=\230\014\356\2143\216\213"
 1078      DAE00E3D 
 1078      980CEE8C 
 1078      338E8B
 1079 00f7 09A618BE 		.ascii	"\011\246\030\276\272@\225El \372\213\0358\256\014\307"
 1079      BA409545 
 1079      6C20FA8B 
 1079      1D38AE0C 
 1079      C7
 1080 0108 638A9F71 		.ascii	"c\212\237q\374No\231`U\327cU\015\234\360\374\361z\272"
 1080      FC4E6F99 
 1080      6055D763 
ARM GAS  /tmp/ccqZmfe1.s 			page 28


 1080      550D9CF0 
 1080      FCF17ABA 
 1081 011c 6ABBECD8 		.ascii	"j\273\354\330L\005dF\200_\206\230/\3715\300,l_A]\012"
 1081      4C056446 
 1081      805F8698 
 1081      2FF935C0 
 1081      2C6C5F41 
 1082 0132 4A3F8E7F 		.ascii	"J?\216\177\267\345c\177\024k\222\246\214%\242DD>O\362"
 1082      B7E5637F 
 1082      146B92A6 
 1082      8C25A244 
 1082      443E4FF2 
 1083 0146 1C5DFE37 		.ascii	"\034]\3767\2713Mm\377q\211\026\303\362}\012\235\021"
 1083      B9334D6D 
 1083      FF718916 
 1083      C3F27D0A 
 1083      9D11
 1084 0158 52684A44 		.ascii	"RhJD\202\322\233\223^'0\303\214\237\300\344\021}\022"
 1084      82D29B93 
 1084      5E2730C3 
 1084      8C9FC0E4 
 1084      117D12
 1085 016b 1F997620 		.ascii	"\037\231v h0\374\205W/\266o\3145-\234\014\272\335\352"
 1085      6830FC85 
 1085      572FB66F 
 1085      CC352D9C 
 1085      0CBADDEA 
 1086 017f F5EFFBC0 		.ascii	"\365\357\373\300S\246\312L\370 \336\017\365\336\011"
 1086      53A6CA4C 
 1086      F820DE0F 
 1086      F5DE09
 1087 018e DA176FC5 		.ascii	"\332\027o\305\342\267S\024H\246h,\255\0246S\217b\005"
 1087      E2B75314 
 1087      48A6682C 
 1087      AD143653 
 1087      8F6205
 1088 01a1 1ACF9494 		.ascii	"\032\317\224\224J\356q\254\220\240\360\312\203\253w"
 1088      4AEE71AC 
 1088      90A0F0CA 
 1088      83AB77
 1089 01b0 8AF9CA72 		.ascii	"\212\371\312rZ\251l\312\033\274/d\312\345\361\333\367"
 1089      5AA96CCA 
 1089      1BBC2F64 
 1089      CAE5F1DB 
 1089      F7
 1090 01c1 96676FCE 		.ascii	"\226go\316\317'\257\320\304(\266\220I$r\251\325\324"
 1090      CF27AFD0 
 1090      C428B690 
 1090      492472A9 
 1090      D5D4
 1091 01d3 35924705 		.ascii	"5\222G\005\027\342\353\245B.\376\260\224\331P\342[\371"
 1091      17E2EBA5 
 1091      422EFEB0 
 1091      94D950E2 
 1091      5BF9
 1092 01e5 6C6E355D 		.ascii	"ln5]\314\306.^J&ck\211\225t6[*\306\327\362Ja+\255\344"
 1092      CCC62E5E 
ARM GAS  /tmp/ccqZmfe1.s 			page 29


 1092      4A26636B 
 1092      89957436 
 1092      5B2AC6D7 
 1093 01ff 686C2444 		.ascii	"hl$D\177\001d\360\367\024"
 1093      7F0164F0 
 1093      F714
 1094              		.text
 1095              		.section	.gnu.lto_.symtab.c34f082976a696db,"e",%progbits
 1096 0000 5F5A3849 		.ascii	"_Z8InitUartv\000"
 1096      6E697455 
 1096      61727476 
 1096      00
 1097 000d 00       		.ascii	"\000"
 1098 000e 00       		.ascii	"\000"
 1099 000f 00       		.ascii	"\000"
 1100 0010 00000000 		.ascii	"\000\000\000\000\000\000\000\000"
 1100      00000000 
 1101 0018 BF000000 		.ascii	"\277\000\000\000"
 1102              		.text
 1103              		.section	.gnu.lto_.ext_symtab.c34f082976a696db,"e",%progbits
 1104 0000 01       		.ascii	"\001"
 1105 0001 01       		.ascii	"\001"
 1106 0002 00       		.ascii	"\000"
 1107              		.text
 1108              		.section	.gnu.lto_.opts,"e",%progbits
 1109 0000 272D666E 		.ascii	"'-fno-openmp' '-fno-openacc' '-fno-pie' '-fcf-prote"
 1109      6F2D6F70 
 1109      656E6D70 
 1109      2720272D 
 1109      666E6F2D 
 1110 0033 6374696F 		.ascii	"ction=none' '-g' '-mcpu=cortex-m0' '-mthumb' '-mflo"
 1110      6E3D6E6F 
 1110      6E652720 
 1110      272D6727 
 1110      20272D6D 
 1111 0066 61742D61 		.ascii	"at-abi=soft' '-mlibarch=armv6s-m' '-march=armv6s-m'"
 1111      62693D73 
 1111      6F667427 
 1111      20272D6D 
 1111      6C696261 
 1112 0099 20272D4F 		.ascii	" '-O2' '-Werror=switch' '-fomit-frame-pointer' '-fa"
 1112      32272027 
 1112      2D576572 
 1112      726F723D 
 1112      73776974 
 1113 00cc 6C69676E 		.ascii	"lign-functions=16' '-fsingle-precision-constant' '-"
 1113      2D66756E 
 1113      6374696F 
 1113      6E733D31 
 1113      36272027 
 1114 00ff 6666756E 		.ascii	"ffunction-sections' '-fdata-sections' '-fno-common'"
 1114      6374696F 
 1114      6E2D7365 
 1114      6374696F 
 1114      6E732720 
 1115 0132 20272D66 		.ascii	" '-flto' '-fno-exceptions' '-ffast-math' '-funsafe-"
 1115      6C746F27 
ARM GAS  /tmp/ccqZmfe1.s 			page 30


 1115      20272D66 
 1115      6E6F2D65 
 1115      78636570 
 1116 0165 6D617468 		.ascii	"math-optimizations' '-Xassembler' '-alms=./build/ls"
 1116      2D6F7074 
 1116      696D697A 
 1116      6174696F 
 1116      6E732720 
 1117 0198 742F7561 		.ascii	"t/uart.lst'\000"
 1117      72742E6C 
 1117      73742700 
 1118              		.text
 1119              		.comm	__gnu_lto_slim,1,1
 1120              		.ident	"GCC: (Arm GNU Toolchain 11.3.Rel1) 11.3.1 20220712"
ARM GAS  /tmp/ccqZmfe1.s 			page 31


DEFINED SYMBOLS
                            *ABS*:0000000000000000 uart.cpp
     /tmp/ccqZmfe1.s:25     .gnu.debuglto_.debug_info:0000000000000000 uart.cpp.c00e6b69
                            *COM*:0000000000000001 __gnu_lto_slim

NO UNDEFINED SYMBOLS
