ARM GAS  /tmp/ccxyv71E.s 			page 1


   1              		.cpu cortex-m0
   2              		.arch armv6s-m
   3              		.fpu softvfp
   4              		.eabi_attribute 23, 1
   5              		.eabi_attribute 24, 1
   6              		.eabi_attribute 25, 1
   7              		.eabi_attribute 26, 1
   8              		.eabi_attribute 30, 2
   9              		.eabi_attribute 34, 0
  10              		.eabi_attribute 18, 4
  11              		.file	"util_dummy.cpp"
  12              		.file 1 "/home/kocur/.rusefi-tools/arm-gnu-toolchain-11.3.rel1-x86_64-arm-none-eabi/lib/gcc/arm-no
  13              		.file 2 "/home/kocur/.rusefi-tools/arm-gnu-toolchain-11.3.rel1-x86_64-arm-none-eabi/arm-none-eabi/
  14              		.file 3 "/home/kocur/.rusefi-tools/arm-gnu-toolchain-11.3.rel1-x86_64-arm-none-eabi/arm-none-eabi/
  15              		.file 4 "/home/kocur/.rusefi-tools/arm-gnu-toolchain-11.3.rel1-x86_64-arm-none-eabi/arm-none-eabi/
  16              		.file 5 "/home/kocur/.rusefi-tools/arm-gnu-toolchain-11.3.rel1-x86_64-arm-none-eabi/arm-none-eabi/
  17              		.file 6 "/home/kocur/.rusefi-tools/arm-gnu-toolchain-11.3.rel1-x86_64-arm-none-eabi/arm-none-eabi/
  18              		.file 7 "/home/kocur/.rusefi-tools/arm-gnu-toolchain-11.3.rel1-x86_64-arm-none-eabi/arm-none-eabi/
  19              		.file 8 "/home/kocur/.rusefi-tools/arm-gnu-toolchain-11.3.rel1-x86_64-arm-none-eabi/arm-none-eabi/
  20              		.file 9 "/home/kocur/.rusefi-tools/arm-gnu-toolchain-11.3.rel1-x86_64-arm-none-eabi/arm-none-eabi/
  21              		.file 10 "/home/kocur/.rusefi-tools/arm-gnu-toolchain-11.3.rel1-x86_64-arm-none-eabi/arm-none-eabi
  22              		.file 11 "/home/kocur/.rusefi-tools/arm-gnu-toolchain-11.3.rel1-x86_64-arm-none-eabi/arm-none-eabi
  23              		.file 12 "/home/kocur/.rusefi-tools/arm-gnu-toolchain-11.3.rel1-x86_64-arm-none-eabi/arm-none-eabi
  24              		.file 13 "/home/kocur/.rusefi-tools/arm-gnu-toolchain-11.3.rel1-x86_64-arm-none-eabi/arm-none-eabi
  25              		.file 14 "/home/kocur/.rusefi-tools/arm-gnu-toolchain-11.3.rel1-x86_64-arm-none-eabi/arm-none-eabi
  26              		.file 15 "/home/kocur/.rusefi-tools/arm-gnu-toolchain-11.3.rel1-x86_64-arm-none-eabi/arm-none-eabi
  27              		.file 16 "libfirmware/util/include/rusefi/interpolation.h"
  28              		.file 17 "libfirmware/util/include/rusefi/scaled_channel.h"
  29              		.section	.gnu.debuglto_.debug_info,"e",%progbits
  30              	.Ldebug_info0:
  31              		.hidden	util_dummy.cpp.b1b7abdd
  32              		.weak	util_dummy.cpp.b1b7abdd
  33              	util_dummy.cpp.b1b7abdd:
  34 0000 20050000 		.4byte	0x520
  35 0004 0500     		.2byte	0x5
  36 0006 01       		.byte	0x1
  37 0007 04       		.byte	0x4
  38 0008 00000000 		.4byte	.Ldebug_abbrev0
  39 000c 0D       		.uleb128 0xd
  40 000d BE030000 		.4byte	.LASF83
  41 0011 21       		.byte	0x21
  42 0012 38050000 		.4byte	.LASF84
  43 0016 17000000 		.4byte	.LASF85
  44 001a 00000000 		.4byte	.Ldebug_line0
  45 001e 0E       		.uleb128 0xe
  46 001f 04       		.byte	0x4
  47 0020 05       		.byte	0x5
  48 0021 696E7400 		.ascii	"int\000"
  49 0025 01       		.uleb128 0x1
  50 0026 9A000000 		.4byte	.LASF10
  51 002a 01       		.byte	0x1
  52 002b D1       		.byte	0xd1
  53 002c 17       		.byte	0x17
  54 002d 31000000 		.4byte	0x31
  55 0031 03       		.uleb128 0x3
  56 0032 04       		.byte	0x4
  57 0033 07       		.byte	0x7
ARM GAS  /tmp/ccxyv71E.s 			page 2


  58 0034 82020000 		.4byte	.LASF0
  59 0038 0F       		.uleb128 0xf
  60 0039 10       		.byte	0x10
  61 003a 08       		.byte	0x8
  62 003b 01       		.byte	0x1
  63 003c 9F01     		.2byte	0x19f
  64 003e 10       		.byte	0x10
  65 003f 01020000 		.4byte	.LASF86
  66 0043 62000000 		.4byte	0x62
  67 0047 08       		.uleb128 0x8
  68 0048 D8000000 		.4byte	.LASF1
  69 004c A001     		.2byte	0x1a0
  70 004e 0D       		.byte	0xd
  71 004f 62000000 		.4byte	0x62
  72 0053 00       		.byte	0
  73 0054 08       		.uleb128 0x8
  74 0055 BE000000 		.4byte	.LASF2
  75 0059 A101     		.2byte	0x1a1
  76 005b 0F       		.byte	0xf
  77 005c 69000000 		.4byte	0x69
  78 0060 08       		.byte	0x8
  79 0061 00       		.byte	0
  80 0062 03       		.uleb128 0x3
  81 0063 08       		.byte	0x8
  82 0064 05       		.byte	0x5
  83 0065 8D010000 		.4byte	.LASF3
  84 0069 03       		.uleb128 0x3
  85 006a 08       		.byte	0x8
  86 006b 04       		.byte	0x4
  87 006c F5010000 		.4byte	.LASF4
  88 0070 10       		.uleb128 0x10
  89 0071 6D020000 		.4byte	.LASF87
  90 0075 01       		.byte	0x1
  91 0076 AA01     		.2byte	0x1aa
  92 0078 03       		.byte	0x3
  93 0079 38000000 		.4byte	0x38
  94 007d 08       		.byte	0x8
  95 007e 11       		.uleb128 0x11
  96 007f 05000000 		.4byte	.LASF88
  97 0083 12       		.uleb128 0x12
  98 0084 73746400 		.ascii	"std\000"
  99 0088 0D       		.byte	0xd
 100 0089 1601     		.2byte	0x116
 101 008b 0B       		.byte	0xb
 102 008c A6010000 		.4byte	0x1a6
 103 0090 02       		.uleb128 0x2
 104 0091 02       		.byte	0x2
 105 0092 3A       		.byte	0x3a
 106 0093 70000000 		.4byte	0x70
 107 0097 02       		.uleb128 0x2
 108 0098 03       		.byte	0x3
 109 0099 54       		.byte	0x54
 110 009a DD020000 		.4byte	0x2dd
 111 009e 02       		.uleb128 0x2
 112 009f 03       		.byte	0x3
 113 00a0 57       		.byte	0x57
 114 00a1 F7020000 		.4byte	0x2f7
ARM GAS  /tmp/ccxyv71E.s 			page 3


 115 00a5 02       		.uleb128 0x2
 116 00a6 03       		.byte	0x3
 117 00a7 5D       		.byte	0x5d
 118 00a8 0C030000 		.4byte	0x30c
 119 00ac 02       		.uleb128 0x2
 120 00ad 03       		.byte	0x3
 121 00ae 5E       		.byte	0x5e
 122 00af 26030000 		.4byte	0x326
 123 00b3 09       		.uleb128 0x9
 124 00b4 2904     		.2byte	0x429
 125 00b6 81030000 		.4byte	0x381
 126 00ba 09       		.uleb128 0x9
 127 00bb 2A04     		.2byte	0x42a
 128 00bd 75030000 		.4byte	0x375
 129 00c1 06       		.uleb128 0x6
 130 00c2 1D030000 		.4byte	.LASF5
 131 00c6 05       		.byte	0x5
 132 00c7 860A     		.2byte	0xa86
 133 00c9 06       		.uleb128 0x6
 134 00ca 77000000 		.4byte	.LASF6
 135 00ce 05       		.byte	0x5
 136 00cf DC0A     		.2byte	0xadc
 137 00d1 07       		.uleb128 0x7
 138 00d2 56030000 		.4byte	.LASF7
 139 00d6 06       		.byte	0x6
 140 00d7 32       		.byte	0x32
 141 00d8 0D       		.byte	0xd
 142 00d9 02       		.uleb128 0x2
 143 00da 07       		.byte	0x7
 144 00db 2F       		.byte	0x2f
 145 00dc B7030000 		.4byte	0x3b7
 146 00e0 02       		.uleb128 0x2
 147 00e1 07       		.byte	0x7
 148 00e2 30       		.byte	0x30
 149 00e3 CF030000 		.4byte	0x3cf
 150 00e7 02       		.uleb128 0x2
 151 00e8 07       		.byte	0x7
 152 00e9 31       		.byte	0x31
 153 00ea E7030000 		.4byte	0x3e7
 154 00ee 02       		.uleb128 0x2
 155 00ef 07       		.byte	0x7
 156 00f0 32       		.byte	0x32
 157 00f1 FF030000 		.4byte	0x3ff
 158 00f5 02       		.uleb128 0x2
 159 00f6 07       		.byte	0x7
 160 00f7 34       		.byte	0x34
 161 00f8 A7040000 		.4byte	0x4a7
 162 00fc 02       		.uleb128 0x2
 163 00fd 07       		.byte	0x7
 164 00fe 35       		.byte	0x35
 165 00ff BF040000 		.4byte	0x4bf
 166 0103 02       		.uleb128 0x2
 167 0104 07       		.byte	0x7
 168 0105 36       		.byte	0x36
 169 0106 D7040000 		.4byte	0x4d7
 170 010a 02       		.uleb128 0x2
 171 010b 07       		.byte	0x7
ARM GAS  /tmp/ccxyv71E.s 			page 4


 172 010c 37       		.byte	0x37
 173 010d EF040000 		.4byte	0x4ef
 174 0111 02       		.uleb128 0x2
 175 0112 07       		.byte	0x7
 176 0113 39       		.byte	0x39
 177 0114 47040000 		.4byte	0x447
 178 0118 02       		.uleb128 0x2
 179 0119 07       		.byte	0x7
 180 011a 3A       		.byte	0x3a
 181 011b 5F040000 		.4byte	0x45f
 182 011f 02       		.uleb128 0x2
 183 0120 07       		.byte	0x7
 184 0121 3B       		.byte	0x3b
 185 0122 77040000 		.4byte	0x477
 186 0126 02       		.uleb128 0x2
 187 0127 07       		.byte	0x7
 188 0128 3C       		.byte	0x3c
 189 0129 8F040000 		.4byte	0x48f
 190 012d 02       		.uleb128 0x2
 191 012e 07       		.byte	0x7
 192 012f 3E       		.byte	0x3e
 193 0130 17040000 		.4byte	0x417
 194 0134 02       		.uleb128 0x2
 195 0135 07       		.byte	0x7
 196 0136 3F       		.byte	0x3f
 197 0137 2F040000 		.4byte	0x42f
 198 013b 02       		.uleb128 0x2
 199 013c 07       		.byte	0x7
 200 013d 41       		.byte	0x41
 201 013e C3030000 		.4byte	0x3c3
 202 0142 02       		.uleb128 0x2
 203 0143 07       		.byte	0x7
 204 0144 42       		.byte	0x42
 205 0145 DB030000 		.4byte	0x3db
 206 0149 02       		.uleb128 0x2
 207 014a 07       		.byte	0x7
 208 014b 43       		.byte	0x43
 209 014c F3030000 		.4byte	0x3f3
 210 0150 02       		.uleb128 0x2
 211 0151 07       		.byte	0x7
 212 0152 44       		.byte	0x44
 213 0153 0B040000 		.4byte	0x40b
 214 0157 02       		.uleb128 0x2
 215 0158 07       		.byte	0x7
 216 0159 46       		.byte	0x46
 217 015a B3040000 		.4byte	0x4b3
 218 015e 02       		.uleb128 0x2
 219 015f 07       		.byte	0x7
 220 0160 47       		.byte	0x47
 221 0161 CB040000 		.4byte	0x4cb
 222 0165 02       		.uleb128 0x2
 223 0166 07       		.byte	0x7
 224 0167 48       		.byte	0x48
 225 0168 E3040000 		.4byte	0x4e3
 226 016c 02       		.uleb128 0x2
 227 016d 07       		.byte	0x7
 228 016e 49       		.byte	0x49
ARM GAS  /tmp/ccxyv71E.s 			page 5


 229 016f FB040000 		.4byte	0x4fb
 230 0173 02       		.uleb128 0x2
 231 0174 07       		.byte	0x7
 232 0175 4B       		.byte	0x4b
 233 0176 53040000 		.4byte	0x453
 234 017a 02       		.uleb128 0x2
 235 017b 07       		.byte	0x7
 236 017c 4C       		.byte	0x4c
 237 017d 6B040000 		.4byte	0x46b
 238 0181 02       		.uleb128 0x2
 239 0182 07       		.byte	0x7
 240 0183 4D       		.byte	0x4d
 241 0184 83040000 		.4byte	0x483
 242 0188 02       		.uleb128 0x2
 243 0189 07       		.byte	0x7
 244 018a 4E       		.byte	0x4e
 245 018b 9B040000 		.4byte	0x49b
 246 018f 02       		.uleb128 0x2
 247 0190 07       		.byte	0x7
 248 0191 50       		.byte	0x50
 249 0192 23040000 		.4byte	0x423
 250 0196 02       		.uleb128 0x2
 251 0197 07       		.byte	0x7
 252 0198 51       		.byte	0x51
 253 0199 3B040000 		.4byte	0x43b
 254 019d 06       		.uleb128 0x6
 255 019e 5C050000 		.4byte	.LASF8
 256 01a2 08       		.byte	0x8
 257 01a3 3D05     		.2byte	0x53d
 258 01a5 00       		.byte	0
 259 01a6 03       		.uleb128 0x3
 260 01a7 01       		.byte	0x1
 261 01a8 08       		.byte	0x8
 262 01a9 20020000 		.4byte	.LASF9
 263 01ad 01       		.uleb128 0x1
 264 01ae CD020000 		.4byte	.LASF11
 265 01b2 09       		.byte	0x9
 266 01b3 29       		.byte	0x29
 267 01b4 17       		.byte	0x17
 268 01b5 B9010000 		.4byte	0x1b9
 269 01b9 03       		.uleb128 0x3
 270 01ba 01       		.byte	0x1
 271 01bb 06       		.byte	0x6
 272 01bc 4A020000 		.4byte	.LASF12
 273 01c0 01       		.uleb128 0x1
 274 01c1 CC010000 		.4byte	.LASF13
 275 01c5 09       		.byte	0x9
 276 01c6 2B       		.byte	0x2b
 277 01c7 18       		.byte	0x18
 278 01c8 A6010000 		.4byte	0x1a6
 279 01cc 01       		.uleb128 0x1
 280 01cd 2E050000 		.4byte	.LASF14
 281 01d1 09       		.byte	0x9
 282 01d2 37       		.byte	0x37
 283 01d3 18       		.byte	0x18
 284 01d4 D8010000 		.4byte	0x1d8
 285 01d8 03       		.uleb128 0x3
ARM GAS  /tmp/ccxyv71E.s 			page 6


 286 01d9 02       		.byte	0x2
 287 01da 05       		.byte	0x5
 288 01db 90000000 		.4byte	.LASF15
 289 01df 01       		.uleb128 0x1
 290 01e0 E7000000 		.4byte	.LASF16
 291 01e4 09       		.byte	0x9
 292 01e5 39       		.byte	0x39
 293 01e6 19       		.byte	0x19
 294 01e7 EB010000 		.4byte	0x1eb
 295 01eb 03       		.uleb128 0x3
 296 01ec 02       		.byte	0x2
 297 01ed 07       		.byte	0x7
 298 01ee BA020000 		.4byte	.LASF17
 299 01f2 01       		.uleb128 0x1
 300 01f3 1C050000 		.4byte	.LASF18
 301 01f7 09       		.byte	0x9
 302 01f8 4D       		.byte	0x4d
 303 01f9 18       		.byte	0x18
 304 01fa FE010000 		.4byte	0x1fe
 305 01fe 03       		.uleb128 0x3
 306 01ff 04       		.byte	0x4
 307 0200 05       		.byte	0x5
 308 0201 9B010000 		.4byte	.LASF19
 309 0205 01       		.uleb128 0x1
 310 0206 CD000000 		.4byte	.LASF20
 311 020a 09       		.byte	0x9
 312 020b 4F       		.byte	0x4f
 313 020c 19       		.byte	0x19
 314 020d 11020000 		.4byte	0x211
 315 0211 03       		.uleb128 0x3
 316 0212 04       		.byte	0x4
 317 0213 07       		.byte	0x7
 318 0214 8D030000 		.4byte	.LASF21
 319 0218 01       		.uleb128 0x1
 320 0219 A4010000 		.4byte	.LASF22
 321 021d 09       		.byte	0x9
 322 021e 67       		.byte	0x67
 323 021f 18       		.byte	0x18
 324 0220 62000000 		.4byte	0x62
 325 0224 01       		.uleb128 0x1
 326 0225 66030000 		.4byte	.LASF23
 327 0229 09       		.byte	0x9
 328 022a 69       		.byte	0x69
 329 022b 19       		.byte	0x19
 330 022c 30020000 		.4byte	0x230
 331 0230 03       		.uleb128 0x3
 332 0231 08       		.byte	0x8
 333 0232 07       		.byte	0x7
 334 0233 56020000 		.4byte	.LASF24
 335 0237 01       		.uleb128 0x1
 336 0238 43000000 		.4byte	.LASF25
 337 023c 09       		.byte	0x9
 338 023d 86       		.byte	0x86
 339 023e 1D       		.byte	0x1d
 340 023f B9010000 		.4byte	0x1b9
 341 0243 01       		.uleb128 0x1
 342 0244 7D010000 		.4byte	.LASF26
ARM GAS  /tmp/ccxyv71E.s 			page 7


 343 0248 09       		.byte	0x9
 344 0249 88       		.byte	0x88
 345 024a 1E       		.byte	0x1e
 346 024b A6010000 		.4byte	0x1a6
 347 024f 01       		.uleb128 0x1
 348 0250 AE030000 		.4byte	.LASF27
 349 0254 09       		.byte	0x9
 350 0255 A0       		.byte	0xa0
 351 0256 1E       		.byte	0x1e
 352 0257 D8010000 		.4byte	0x1d8
 353 025b 01       		.uleb128 0x1
 354 025c 8B050000 		.4byte	.LASF28
 355 0260 09       		.byte	0x9
 356 0261 A2       		.byte	0xa2
 357 0262 1F       		.byte	0x1f
 358 0263 EB010000 		.4byte	0x1eb
 359 0267 01       		.uleb128 0x1
 360 0268 F0020000 		.4byte	.LASF29
 361 026c 09       		.byte	0x9
 362 026d B6       		.byte	0xb6
 363 026e 1E       		.byte	0x1e
 364 026f FE010000 		.4byte	0x1fe
 365 0273 01       		.uleb128 0x1
 366 0274 71050000 		.4byte	.LASF30
 367 0278 09       		.byte	0x9
 368 0279 B8       		.byte	0xb8
 369 027a 1F       		.byte	0x1f
 370 027b 11020000 		.4byte	0x211
 371 027f 01       		.uleb128 0x1
 372 0280 67010000 		.4byte	.LASF31
 373 0284 09       		.byte	0x9
 374 0285 C8       		.byte	0xc8
 375 0286 1E       		.byte	0x1e
 376 0287 62000000 		.4byte	0x62
 377 028b 01       		.uleb128 0x1
 378 028c 0F020000 		.4byte	.LASF32
 379 0290 09       		.byte	0x9
 380 0291 CA       		.byte	0xca
 381 0292 1F       		.byte	0x1f
 382 0293 30020000 		.4byte	0x230
 383 0297 01       		.uleb128 0x1
 384 0298 98020000 		.4byte	.LASF33
 385 029c 09       		.byte	0x9
 386 029d D6       		.byte	0xd6
 387 029e 19       		.byte	0x19
 388 029f 62000000 		.4byte	0x62
 389 02a3 01       		.uleb128 0x1
 390 02a4 65050000 		.4byte	.LASF34
 391 02a8 09       		.byte	0x9
 392 02a9 DE       		.byte	0xde
 393 02aa 1A       		.byte	0x1a
 394 02ab 30020000 		.4byte	0x230
 395 02af 01       		.uleb128 0x1
 396 02b0 31010000 		.4byte	.LASF35
 397 02b4 09       		.byte	0x9
 398 02b5 E6       		.byte	0xe6
 399 02b6 19       		.byte	0x19
ARM GAS  /tmp/ccxyv71E.s 			page 8


 400 02b7 1E000000 		.4byte	0x1e
 401 02bb 01       		.uleb128 0x1
 402 02bc 10050000 		.4byte	.LASF36
 403 02c0 09       		.byte	0x9
 404 02c1 E8       		.byte	0xe8
 405 02c2 1A       		.byte	0x1a
 406 02c3 31000000 		.4byte	0x31
 407 02c7 0A       		.uleb128 0xa
 408 02c8 CC020000 		.4byte	0x2cc
 409 02cc 03       		.uleb128 0x3
 410 02cd 01       		.byte	0x1
 411 02ce 08       		.byte	0x8
 412 02cf EB020000 		.4byte	.LASF37
 413 02d3 0B       		.uleb128 0xb
 414 02d4 CC020000 		.4byte	0x2cc
 415 02d8 0A       		.uleb128 0xa
 416 02d9 D3020000 		.4byte	0x2d3
 417 02dd 05       		.uleb128 0x5
 418 02de 26050000 		.4byte	.LASF38
 419 02e2 25       		.byte	0x25
 420 02e3 06       		.byte	0x6
 421 02e4 1E000000 		.4byte	0x1e
 422 02e8 F7020000 		.4byte	0x2f7
 423 02ec 04       		.uleb128 0x4
 424 02ed D8020000 		.4byte	0x2d8
 425 02f1 04       		.uleb128 0x4
 426 02f2 D8020000 		.4byte	0x2d8
 427 02f6 00       		.byte	0
 428 02f7 05       		.uleb128 0x5
 429 02f8 E3010000 		.4byte	.LASF39
 430 02fc 28       		.byte	0x28
 431 02fd 08       		.byte	0x8
 432 02fe C7020000 		.4byte	0x2c7
 433 0302 0C030000 		.4byte	0x30c
 434 0306 04       		.uleb128 0x4
 435 0307 1E000000 		.4byte	0x1e
 436 030b 00       		.byte	0
 437 030c 05       		.uleb128 0x5
 438 030d AA000000 		.4byte	.LASF40
 439 0311 32       		.byte	0x32
 440 0312 08       		.byte	0x8
 441 0313 C7020000 		.4byte	0x2c7
 442 0317 26030000 		.4byte	0x326
 443 031b 04       		.uleb128 0x4
 444 031c C7020000 		.4byte	0x2c7
 445 0320 04       		.uleb128 0x4
 446 0321 D8020000 		.4byte	0x2d8
 447 0325 00       		.byte	0
 448 0326 05       		.uleb128 0x5
 449 0327 9F030000 		.4byte	.LASF41
 450 032b 34       		.byte	0x34
 451 032c 09       		.byte	0x9
 452 032d 25000000 		.4byte	0x25
 453 0331 45030000 		.4byte	0x345
 454 0335 04       		.uleb128 0x4
 455 0336 C7020000 		.4byte	0x2c7
 456 033a 04       		.uleb128 0x4
ARM GAS  /tmp/ccxyv71E.s 			page 9


 457 033b D8020000 		.4byte	0x2d8
 458 033f 04       		.uleb128 0x4
 459 0340 25000000 		.4byte	0x25
 460 0344 00       		.byte	0
 461 0345 03       		.uleb128 0x3
 462 0346 01       		.byte	0x1
 463 0347 02       		.byte	0x2
 464 0348 54010000 		.4byte	.LASF42
 465 034c 0B       		.uleb128 0xb
 466 034d 45030000 		.4byte	0x345
 467 0351 13       		.uleb128 0x13
 468 0352 40020000 		.4byte	.LASF43
 469 0356 0D       		.byte	0xd
 470 0357 3001     		.2byte	0x130
 471 0359 0B       		.byte	0xb
 472 035a 67030000 		.4byte	0x367
 473 035e 07       		.uleb128 0x7
 474 035f 2E020000 		.4byte	.LASF44
 475 0363 0B       		.byte	0xb
 476 0364 25       		.byte	0x25
 477 0365 0B       		.byte	0xb
 478 0366 00       		.byte	0
 479 0367 03       		.uleb128 0x3
 480 0368 08       		.byte	0x8
 481 0369 04       		.byte	0x4
 482 036a A7030000 		.4byte	.LASF45
 483 036e 03       		.uleb128 0x3
 484 036f 04       		.byte	0x4
 485 0370 04       		.byte	0x4
 486 0371 77010000 		.4byte	.LASF46
 487 0375 01       		.uleb128 0x1
 488 0376 66000000 		.4byte	.LASF47
 489 037a 0C       		.byte	0xc
 490 037b A0       		.byte	0xa0
 491 037c 14       		.byte	0x14
 492 037d 6E030000 		.4byte	0x36e
 493 0381 01       		.uleb128 0x1
 494 0382 82050000 		.4byte	.LASF48
 495 0386 0C       		.byte	0xc
 496 0387 A1       		.byte	0xa1
 497 0388 14       		.byte	0x14
 498 0389 67030000 		.4byte	0x367
 499 038d 03       		.uleb128 0x3
 500 038e 04       		.byte	0x4
 501 038f 07       		.byte	0x7
 502 0390 E3020000 		.4byte	.LASF49
 503 0394 03       		.uleb128 0x3
 504 0395 02       		.byte	0x2
 505 0396 10       		.byte	0x10
 506 0397 20010000 		.4byte	.LASF50
 507 039b 03       		.uleb128 0x3
 508 039c 04       		.byte	0x4
 509 039d 10       		.byte	0x10
 510 039e F2000000 		.4byte	.LASF51
 511 03a2 14       		.uleb128 0x14
 512 03a3 34020000 		.4byte	.LASF52
 513 03a7 06       		.byte	0x6
ARM GAS  /tmp/ccxyv71E.s 			page 10


 514 03a8 38       		.byte	0x38
 515 03a9 0B       		.byte	0xb
 516 03aa B7030000 		.4byte	0x3b7
 517 03ae 15       		.uleb128 0x15
 518 03af 06       		.byte	0x6
 519 03b0 3A       		.byte	0x3a
 520 03b1 18       		.byte	0x18
 521 03b2 D1000000 		.4byte	0xd1
 522 03b6 00       		.byte	0
 523 03b7 01       		.uleb128 0x1
 524 03b8 5F000000 		.4byte	.LASF53
 525 03bc 0E       		.byte	0xe
 526 03bd 14       		.byte	0x14
 527 03be 12       		.byte	0x12
 528 03bf AD010000 		.4byte	0x1ad
 529 03c3 01       		.uleb128 0x1
 530 03c4 29010000 		.4byte	.LASF54
 531 03c8 0E       		.byte	0xe
 532 03c9 18       		.byte	0x18
 533 03ca 13       		.byte	0x13
 534 03cb C0010000 		.4byte	0x1c0
 535 03cf 01       		.uleb128 0x1
 536 03d0 5E030000 		.4byte	.LASF55
 537 03d4 0E       		.byte	0xe
 538 03d5 20       		.byte	0x20
 539 03d6 13       		.byte	0x13
 540 03d7 CC010000 		.4byte	0x1cc
 541 03db 01       		.uleb128 0x1
 542 03dc 8F020000 		.4byte	.LASF56
 543 03e0 0E       		.byte	0xe
 544 03e1 24       		.byte	0x24
 545 03e2 14       		.byte	0x14
 546 03e3 DF010000 		.4byte	0x1df
 547 03e7 01       		.uleb128 0x1
 548 03e8 31030000 		.4byte	.LASF57
 549 03ec 0E       		.byte	0xe
 550 03ed 2C       		.byte	0x2c
 551 03ee 13       		.byte	0x13
 552 03ef F2010000 		.4byte	0x1f2
 553 03f3 01       		.uleb128 0x1
 554 03f4 79020000 		.4byte	.LASF58
 555 03f8 0E       		.byte	0xe
 556 03f9 30       		.byte	0x30
 557 03fa 14       		.byte	0x14
 558 03fb 05020000 		.4byte	0x205
 559 03ff 01       		.uleb128 0x1
 560 0400 18010000 		.4byte	.LASF59
 561 0404 0E       		.byte	0xe
 562 0405 38       		.byte	0x38
 563 0406 13       		.byte	0x13
 564 0407 18020000 		.4byte	0x218
 565 040b 01       		.uleb128 0x1
 566 040c 6E000000 		.4byte	.LASF60
 567 0410 0E       		.byte	0xe
 568 0411 3C       		.byte	0x3c
 569 0412 14       		.byte	0x14
 570 0413 24020000 		.4byte	0x224
ARM GAS  /tmp/ccxyv71E.s 			page 11


 571 0417 01       		.uleb128 0x1
 572 0418 EC010000 		.4byte	.LASF61
 573 041c 0E       		.byte	0xe
 574 041d 43       		.byte	0x43
 575 041e 14       		.byte	0x14
 576 041f 97020000 		.4byte	0x297
 577 0423 01       		.uleb128 0x1
 578 0424 A3020000 		.4byte	.LASF62
 579 0428 0E       		.byte	0xe
 580 0429 48       		.byte	0x48
 581 042a 15       		.byte	0x15
 582 042b A3020000 		.4byte	0x2a3
 583 042f 01       		.uleb128 0x1
 584 0430 A1000000 		.4byte	.LASF63
 585 0434 0E       		.byte	0xe
 586 0435 4D       		.byte	0x4d
 587 0436 14       		.byte	0x14
 588 0437 AF020000 		.4byte	0x2af
 589 043b 01       		.uleb128 0x1
 590 043c 3C010000 		.4byte	.LASF64
 591 0440 0E       		.byte	0xe
 592 0441 52       		.byte	0x52
 593 0442 15       		.byte	0x15
 594 0443 BB020000 		.4byte	0x2bb
 595 0447 01       		.uleb128 0x1
 596 0448 52000000 		.4byte	.LASF65
 597 044c 0F       		.byte	0xf
 598 044d 15       		.byte	0x15
 599 044e 18       		.byte	0x18
 600 044f 37020000 		.4byte	0x237
 601 0453 01       		.uleb128 0x1
 602 0454 59010000 		.4byte	.LASF66
 603 0458 0F       		.byte	0xf
 604 0459 16       		.byte	0x16
 605 045a 19       		.byte	0x19
 606 045b 43020000 		.4byte	0x243
 607 045f 01       		.uleb128 0x1
 608 0460 7F030000 		.4byte	.LASF67
 609 0464 0F       		.byte	0xf
 610 0465 1B       		.byte	0x1b
 611 0466 19       		.byte	0x19
 612 0467 4F020000 		.4byte	0x24f
 613 046b 01       		.uleb128 0x1
 614 046c 39030000 		.4byte	.LASF68
 615 0470 0F       		.byte	0xf
 616 0471 1C       		.byte	0x1c
 617 0472 1A       		.byte	0x1a
 618 0473 5B020000 		.4byte	0x25b
 619 0477 01       		.uleb128 0x1
 620 0478 71030000 		.4byte	.LASF69
 621 047c 0F       		.byte	0xf
 622 047d 21       		.byte	0x21
 623 047e 19       		.byte	0x19
 624 047f 67020000 		.4byte	0x267
 625 0483 01       		.uleb128 0x1
 626 0484 00030000 		.4byte	.LASF70
 627 0488 0F       		.byte	0xf
ARM GAS  /tmp/ccxyv71E.s 			page 12


 628 0489 22       		.byte	0x22
 629 048a 1A       		.byte	0x1a
 630 048b 73020000 		.4byte	0x273
 631 048f 01       		.uleb128 0x1
 632 0490 46010000 		.4byte	.LASF71
 633 0494 0F       		.byte	0xf
 634 0495 27       		.byte	0x27
 635 0496 19       		.byte	0x19
 636 0497 7F020000 		.4byte	0x27f
 637 049b 01       		.uleb128 0x1
 638 049c FB000000 		.4byte	.LASF72
 639 04a0 0F       		.byte	0xf
 640 04a1 28       		.byte	0x28
 641 04a2 1A       		.byte	0x1a
 642 04a3 8B020000 		.4byte	0x28b
 643 04a7 01       		.uleb128 0x1
 644 04a8 C0010000 		.4byte	.LASF73
 645 04ac 0F       		.byte	0xf
 646 04ad 33       		.byte	0x33
 647 04ae 1E       		.byte	0x1e
 648 04af 1E000000 		.4byte	0x1e
 649 04b3 01       		.uleb128 0x1
 650 04b4 D6020000 		.4byte	.LASF74
 651 04b8 0F       		.byte	0xf
 652 04b9 34       		.byte	0x34
 653 04ba 1F       		.byte	0x1f
 654 04bb 31000000 		.4byte	0x31
 655 04bf 01       		.uleb128 0x1
 656 04c0 AD020000 		.4byte	.LASF75
 657 04c4 0F       		.byte	0xf
 658 04c5 3D       		.byte	0x3d
 659 04c6 1F       		.byte	0x1f
 660 04c7 1E000000 		.4byte	0x1e
 661 04cb 01       		.uleb128 0x1
 662 04cc 48030000 		.4byte	.LASF76
 663 04d0 0F       		.byte	0xf
 664 04d1 3E       		.byte	0x3e
 665 04d2 20       		.byte	0x20
 666 04d3 31000000 		.4byte	0x31
 667 04d7 01       		.uleb128 0x1
 668 04d8 D6010000 		.4byte	.LASF77
 669 04dc 0F       		.byte	0xf
 670 04dd 47       		.byte	0x47
 671 04de 1F       		.byte	0x1f
 672 04df 1E000000 		.4byte	0x1e
 673 04e3 01       		.uleb128 0x1
 674 04e4 0F030000 		.4byte	.LASF78
 675 04e8 0F       		.byte	0xf
 676 04e9 48       		.byte	0x48
 677 04ea 20       		.byte	0x20
 678 04eb 31000000 		.4byte	0x31
 679 04ef 01       		.uleb128 0x1
 680 04f0 B1000000 		.4byte	.LASF79
 681 04f4 0F       		.byte	0xf
 682 04f5 51       		.byte	0x51
 683 04f6 1F       		.byte	0x1f
 684 04f7 62000000 		.4byte	0x62
ARM GAS  /tmp/ccxyv71E.s 			page 13


 685 04fb 01       		.uleb128 0x1
 686 04fc 0A010000 		.4byte	.LASF80
 687 0500 0F       		.byte	0xf
 688 0501 52       		.byte	0x52
 689 0502 20       		.byte	0x20
 690 0503 30020000 		.4byte	0x230
 691 0507 07       		.uleb128 0x7
 692 0508 00000000 		.4byte	.LASF81
 693 050c 10       		.byte	0x10
 694 050d 0C       		.byte	0xc
 695 050e 0B       		.byte	0xb
 696 050f 0C       		.uleb128 0xc
 697 0510 AE010000 		.4byte	.LASF82
 698 0514 4C030000 		.4byte	0x34c
 699 0518 00       		.byte	0
 700 0519 0C       		.uleb128 0xc
 701 051a AE010000 		.4byte	.LASF82
 702 051e 4C030000 		.4byte	0x34c
 703 0522 01       		.byte	0x1
 704 0523 00       		.byte	0
 705              		.section	.gnu.debuglto_.debug_abbrev,"e",%progbits
 706              	.Ldebug_abbrev0:
 707 0000 01       		.uleb128 0x1
 708 0001 16       		.uleb128 0x16
 709 0002 00       		.byte	0
 710 0003 03       		.uleb128 0x3
 711 0004 0E       		.uleb128 0xe
 712 0005 3A       		.uleb128 0x3a
 713 0006 0B       		.uleb128 0xb
 714 0007 3B       		.uleb128 0x3b
 715 0008 0B       		.uleb128 0xb
 716 0009 39       		.uleb128 0x39
 717 000a 0B       		.uleb128 0xb
 718 000b 49       		.uleb128 0x49
 719 000c 13       		.uleb128 0x13
 720 000d 00       		.byte	0
 721 000e 00       		.byte	0
 722 000f 02       		.uleb128 0x2
 723 0010 08       		.uleb128 0x8
 724 0011 00       		.byte	0
 725 0012 3A       		.uleb128 0x3a
 726 0013 0B       		.uleb128 0xb
 727 0014 3B       		.uleb128 0x3b
 728 0015 0B       		.uleb128 0xb
 729 0016 39       		.uleb128 0x39
 730 0017 21       		.uleb128 0x21
 731 0018 0B       		.sleb128 11
 732 0019 18       		.uleb128 0x18
 733 001a 13       		.uleb128 0x13
 734 001b 00       		.byte	0
 735 001c 00       		.byte	0
 736 001d 03       		.uleb128 0x3
 737 001e 24       		.uleb128 0x24
 738 001f 00       		.byte	0
 739 0020 0B       		.uleb128 0xb
 740 0021 0B       		.uleb128 0xb
 741 0022 3E       		.uleb128 0x3e
ARM GAS  /tmp/ccxyv71E.s 			page 14


 742 0023 0B       		.uleb128 0xb
 743 0024 03       		.uleb128 0x3
 744 0025 0E       		.uleb128 0xe
 745 0026 00       		.byte	0
 746 0027 00       		.byte	0
 747 0028 04       		.uleb128 0x4
 748 0029 05       		.uleb128 0x5
 749 002a 00       		.byte	0
 750 002b 49       		.uleb128 0x49
 751 002c 13       		.uleb128 0x13
 752 002d 00       		.byte	0
 753 002e 00       		.byte	0
 754 002f 05       		.uleb128 0x5
 755 0030 2E       		.uleb128 0x2e
 756 0031 01       		.byte	0x1
 757 0032 3F       		.uleb128 0x3f
 758 0033 19       		.uleb128 0x19
 759 0034 03       		.uleb128 0x3
 760 0035 0E       		.uleb128 0xe
 761 0036 3A       		.uleb128 0x3a
 762 0037 21       		.uleb128 0x21
 763 0038 0A       		.sleb128 10
 764 0039 3B       		.uleb128 0x3b
 765 003a 0B       		.uleb128 0xb
 766 003b 39       		.uleb128 0x39
 767 003c 0B       		.uleb128 0xb
 768 003d 49       		.uleb128 0x49
 769 003e 13       		.uleb128 0x13
 770 003f 3C       		.uleb128 0x3c
 771 0040 19       		.uleb128 0x19
 772 0041 01       		.uleb128 0x1
 773 0042 13       		.uleb128 0x13
 774 0043 00       		.byte	0
 775 0044 00       		.byte	0
 776 0045 06       		.uleb128 0x6
 777 0046 39       		.uleb128 0x39
 778 0047 00       		.byte	0
 779 0048 03       		.uleb128 0x3
 780 0049 0E       		.uleb128 0xe
 781 004a 3A       		.uleb128 0x3a
 782 004b 0B       		.uleb128 0xb
 783 004c 3B       		.uleb128 0x3b
 784 004d 05       		.uleb128 0x5
 785 004e 39       		.uleb128 0x39
 786 004f 21       		.uleb128 0x21
 787 0050 0D       		.sleb128 13
 788 0051 00       		.byte	0
 789 0052 00       		.byte	0
 790 0053 07       		.uleb128 0x7
 791 0054 39       		.uleb128 0x39
 792 0055 00       		.byte	0
 793 0056 03       		.uleb128 0x3
 794 0057 0E       		.uleb128 0xe
 795 0058 3A       		.uleb128 0x3a
 796 0059 0B       		.uleb128 0xb
 797 005a 3B       		.uleb128 0x3b
 798 005b 0B       		.uleb128 0xb
ARM GAS  /tmp/ccxyv71E.s 			page 15


 799 005c 39       		.uleb128 0x39
 800 005d 0B       		.uleb128 0xb
 801 005e 00       		.byte	0
 802 005f 00       		.byte	0
 803 0060 08       		.uleb128 0x8
 804 0061 0D       		.uleb128 0xd
 805 0062 00       		.byte	0
 806 0063 03       		.uleb128 0x3
 807 0064 0E       		.uleb128 0xe
 808 0065 3A       		.uleb128 0x3a
 809 0066 21       		.uleb128 0x21
 810 0067 01       		.sleb128 1
 811 0068 3B       		.uleb128 0x3b
 812 0069 05       		.uleb128 0x5
 813 006a 39       		.uleb128 0x39
 814 006b 0B       		.uleb128 0xb
 815 006c 49       		.uleb128 0x49
 816 006d 13       		.uleb128 0x13
 817 006e 8801     		.uleb128 0x88
 818 0070 21       		.uleb128 0x21
 819 0071 08       		.sleb128 8
 820 0072 38       		.uleb128 0x38
 821 0073 0B       		.uleb128 0xb
 822 0074 00       		.byte	0
 823 0075 00       		.byte	0
 824 0076 09       		.uleb128 0x9
 825 0077 08       		.uleb128 0x8
 826 0078 00       		.byte	0
 827 0079 3A       		.uleb128 0x3a
 828 007a 21       		.uleb128 0x21
 829 007b 04       		.sleb128 4
 830 007c 3B       		.uleb128 0x3b
 831 007d 05       		.uleb128 0x5
 832 007e 39       		.uleb128 0x39
 833 007f 21       		.uleb128 0x21
 834 0080 0B       		.sleb128 11
 835 0081 18       		.uleb128 0x18
 836 0082 13       		.uleb128 0x13
 837 0083 00       		.byte	0
 838 0084 00       		.byte	0
 839 0085 0A       		.uleb128 0xa
 840 0086 0F       		.uleb128 0xf
 841 0087 00       		.byte	0
 842 0088 0B       		.uleb128 0xb
 843 0089 21       		.uleb128 0x21
 844 008a 04       		.sleb128 4
 845 008b 49       		.uleb128 0x49
 846 008c 13       		.uleb128 0x13
 847 008d 00       		.byte	0
 848 008e 00       		.byte	0
 849 008f 0B       		.uleb128 0xb
 850 0090 26       		.uleb128 0x26
 851 0091 00       		.byte	0
 852 0092 49       		.uleb128 0x49
 853 0093 13       		.uleb128 0x13
 854 0094 00       		.byte	0
 855 0095 00       		.byte	0
ARM GAS  /tmp/ccxyv71E.s 			page 16


 856 0096 0C       		.uleb128 0xc
 857 0097 34       		.uleb128 0x34
 858 0098 00       		.byte	0
 859 0099 03       		.uleb128 0x3
 860 009a 0E       		.uleb128 0xe
 861 009b 3A       		.uleb128 0x3a
 862 009c 21       		.uleb128 0x21
 863 009d 11       		.sleb128 17
 864 009e 3B       		.uleb128 0x3b
 865 009f 21       		.uleb128 0x21
 866 00a0 0E       		.sleb128 14
 867 00a1 39       		.uleb128 0x39
 868 00a2 21       		.uleb128 0x21
 869 00a3 17       		.sleb128 23
 870 00a4 49       		.uleb128 0x49
 871 00a5 13       		.uleb128 0x13
 872 00a6 6C       		.uleb128 0x6c
 873 00a7 19       		.uleb128 0x19
 874 00a8 1C       		.uleb128 0x1c
 875 00a9 0B       		.uleb128 0xb
 876 00aa 00       		.byte	0
 877 00ab 00       		.byte	0
 878 00ac 0D       		.uleb128 0xd
 879 00ad 11       		.uleb128 0x11
 880 00ae 01       		.byte	0x1
 881 00af 25       		.uleb128 0x25
 882 00b0 0E       		.uleb128 0xe
 883 00b1 13       		.uleb128 0x13
 884 00b2 0B       		.uleb128 0xb
 885 00b3 03       		.uleb128 0x3
 886 00b4 0E       		.uleb128 0xe
 887 00b5 1B       		.uleb128 0x1b
 888 00b6 0E       		.uleb128 0xe
 889 00b7 10       		.uleb128 0x10
 890 00b8 17       		.uleb128 0x17
 891 00b9 00       		.byte	0
 892 00ba 00       		.byte	0
 893 00bb 0E       		.uleb128 0xe
 894 00bc 24       		.uleb128 0x24
 895 00bd 00       		.byte	0
 896 00be 0B       		.uleb128 0xb
 897 00bf 0B       		.uleb128 0xb
 898 00c0 3E       		.uleb128 0x3e
 899 00c1 0B       		.uleb128 0xb
 900 00c2 03       		.uleb128 0x3
 901 00c3 08       		.uleb128 0x8
 902 00c4 00       		.byte	0
 903 00c5 00       		.byte	0
 904 00c6 0F       		.uleb128 0xf
 905 00c7 13       		.uleb128 0x13
 906 00c8 01       		.byte	0x1
 907 00c9 0B       		.uleb128 0xb
 908 00ca 0B       		.uleb128 0xb
 909 00cb 8801     		.uleb128 0x88
 910 00cd 0B       		.uleb128 0xb
 911 00ce 3A       		.uleb128 0x3a
 912 00cf 0B       		.uleb128 0xb
ARM GAS  /tmp/ccxyv71E.s 			page 17


 913 00d0 3B       		.uleb128 0x3b
 914 00d1 05       		.uleb128 0x5
 915 00d2 39       		.uleb128 0x39
 916 00d3 0B       		.uleb128 0xb
 917 00d4 6E       		.uleb128 0x6e
 918 00d5 0E       		.uleb128 0xe
 919 00d6 01       		.uleb128 0x1
 920 00d7 13       		.uleb128 0x13
 921 00d8 00       		.byte	0
 922 00d9 00       		.byte	0
 923 00da 10       		.uleb128 0x10
 924 00db 16       		.uleb128 0x16
 925 00dc 00       		.byte	0
 926 00dd 03       		.uleb128 0x3
 927 00de 0E       		.uleb128 0xe
 928 00df 3A       		.uleb128 0x3a
 929 00e0 0B       		.uleb128 0xb
 930 00e1 3B       		.uleb128 0x3b
 931 00e2 05       		.uleb128 0x5
 932 00e3 39       		.uleb128 0x39
 933 00e4 0B       		.uleb128 0xb
 934 00e5 49       		.uleb128 0x49
 935 00e6 13       		.uleb128 0x13
 936 00e7 8801     		.uleb128 0x88
 937 00e9 0B       		.uleb128 0xb
 938 00ea 00       		.byte	0
 939 00eb 00       		.byte	0
 940 00ec 11       		.uleb128 0x11
 941 00ed 3B       		.uleb128 0x3b
 942 00ee 00       		.byte	0
 943 00ef 03       		.uleb128 0x3
 944 00f0 0E       		.uleb128 0xe
 945 00f1 00       		.byte	0
 946 00f2 00       		.byte	0
 947 00f3 12       		.uleb128 0x12
 948 00f4 39       		.uleb128 0x39
 949 00f5 01       		.byte	0x1
 950 00f6 03       		.uleb128 0x3
 951 00f7 08       		.uleb128 0x8
 952 00f8 3A       		.uleb128 0x3a
 953 00f9 0B       		.uleb128 0xb
 954 00fa 3B       		.uleb128 0x3b
 955 00fb 05       		.uleb128 0x5
 956 00fc 39       		.uleb128 0x39
 957 00fd 0B       		.uleb128 0xb
 958 00fe 01       		.uleb128 0x1
 959 00ff 13       		.uleb128 0x13
 960 0100 00       		.byte	0
 961 0101 00       		.byte	0
 962 0102 13       		.uleb128 0x13
 963 0103 39       		.uleb128 0x39
 964 0104 01       		.byte	0x1
 965 0105 03       		.uleb128 0x3
 966 0106 0E       		.uleb128 0xe
 967 0107 3A       		.uleb128 0x3a
 968 0108 0B       		.uleb128 0xb
 969 0109 3B       		.uleb128 0x3b
ARM GAS  /tmp/ccxyv71E.s 			page 18


 970 010a 05       		.uleb128 0x5
 971 010b 39       		.uleb128 0x39
 972 010c 0B       		.uleb128 0xb
 973 010d 01       		.uleb128 0x1
 974 010e 13       		.uleb128 0x13
 975 010f 00       		.byte	0
 976 0110 00       		.byte	0
 977 0111 14       		.uleb128 0x14
 978 0112 39       		.uleb128 0x39
 979 0113 01       		.byte	0x1
 980 0114 03       		.uleb128 0x3
 981 0115 0E       		.uleb128 0xe
 982 0116 3A       		.uleb128 0x3a
 983 0117 0B       		.uleb128 0xb
 984 0118 3B       		.uleb128 0x3b
 985 0119 0B       		.uleb128 0xb
 986 011a 39       		.uleb128 0x39
 987 011b 0B       		.uleb128 0xb
 988 011c 01       		.uleb128 0x1
 989 011d 13       		.uleb128 0x13
 990 011e 00       		.byte	0
 991 011f 00       		.byte	0
 992 0120 15       		.uleb128 0x15
 993 0121 3A       		.uleb128 0x3a
 994 0122 00       		.byte	0
 995 0123 3A       		.uleb128 0x3a
 996 0124 0B       		.uleb128 0xb
 997 0125 3B       		.uleb128 0x3b
 998 0126 0B       		.uleb128 0xb
 999 0127 39       		.uleb128 0x39
 1000 0128 0B       		.uleb128 0xb
 1001 0129 18       		.uleb128 0x18
 1002 012a 13       		.uleb128 0x13
 1003 012b 00       		.byte	0
 1004 012c 00       		.byte	0
 1005 012d 00       		.byte	0
 1006              		.section	.gnu.debuglto_.debug_line,"e",%progbits
 1007              	.Ldebug_line0:
 1008 0000 A6000000 		.4byte	.LELT0-.LSLT0
 1009              	.LSLT0:
 1010 0004 0500     		.2byte	0x5
 1011 0006 04       		.byte	0x4
 1012 0007 00       		.byte	0
 1013 0008 9E000000 		.4byte	.LELTP0-.LASLTP0
 1014              	.LASLTP0:
 1015 000c 01       		.byte	0x1
 1016 000d 01       		.byte	0x1
 1017 000e 01       		.byte	0x1
 1018 000f F6       		.byte	0xf6
 1019 0010 F2       		.byte	0xf2
 1020 0011 0D       		.byte	0xd
 1021 0012 00       		.byte	0
 1022 0013 01       		.byte	0x1
 1023 0014 01       		.byte	0x1
 1024 0015 01       		.byte	0x1
 1025 0016 01       		.byte	0x1
 1026 0017 00       		.byte	0
ARM GAS  /tmp/ccxyv71E.s 			page 19


 1027 0018 00       		.byte	0
 1028 0019 00       		.byte	0
 1029 001a 01       		.byte	0x1
 1030 001b 00       		.byte	0
 1031 001c 00       		.byte	0
 1032 001d 01       		.byte	0x1
 1033 001e 01       		.byte	0x1
 1034 001f 01       		.uleb128 0x1
 1035 0020 1F       		.uleb128 0x1f
 1036 0021 0A       		.uleb128 0xa
 1037 0022 C6020000 		.4byte	.LASF89
 1038 0026 DF010000 		.4byte	.LASF90
 1039 002a 16040000 		.4byte	.LASF91
 1040 002e 08030000 		.4byte	.LASF92
 1041 0032 81030000 		.4byte	.LASF93
 1042 0036 DD000000 		.4byte	.LASF94
 1043 003a 78000000 		.4byte	.LASF95
 1044 003e 11000000 		.4byte	.LASF96
 1045 0042 46010000 		.4byte	.LASF97
 1046 0046 BF010000 		.4byte	.LASF98
 1047 004a 02       		.byte	0x2
 1048 004b 01       		.uleb128 0x1
 1049 004c 1F       		.uleb128 0x1f
 1050 004d 02       		.uleb128 0x2
 1051 004e 0B       		.uleb128 0xb
 1052 004f 12       		.uleb128 0x12
 1053 0050 7F020000 		.4byte	.LASF99
 1054 0054 00       		.byte	0
 1055 0055 ED030000 		.4byte	.LASF100
 1056 0059 08       		.byte	0x8
 1057 005a A3020000 		.4byte	.LASF101
 1058 005e 04       		.byte	0x4
 1059 005f 06040000 		.4byte	.LASF102
 1060 0063 04       		.byte	0x4
 1061 0064 72000000 		.4byte	.LASF103
 1062 0068 04       		.byte	0x4
 1063 0069 F2020000 		.4byte	.LASF104
 1064 006d 04       		.byte	0x4
 1065 006e 0E040000 		.4byte	.LASF105
 1066 0072 03       		.byte	0x3
 1067 0073 98040000 		.4byte	.LASF106
 1068 0077 04       		.byte	0x4
 1069 0078 AB020000 		.4byte	.LASF107
 1070 007c 02       		.byte	0x2
 1071 007d 00000000 		.4byte	.LASF108
 1072 0081 05       		.byte	0x5
 1073 0082 B6010000 		.4byte	.LASF109
 1074 0086 07       		.byte	0x7
 1075 0087 87040000 		.4byte	.LASF110
 1076 008b 02       		.byte	0x2
 1077 008c 7A030000 		.4byte	.LASF111
 1078 0090 07       		.byte	0x7
 1079 0091 BA020000 		.4byte	.LASF112
 1080 0095 01       		.byte	0x1
 1081 0096 FE020000 		.4byte	.LASF113
 1082 009a 06       		.byte	0x6
 1083 009b A0040000 		.4byte	.LASF114
ARM GAS  /tmp/ccxyv71E.s 			page 20


 1084 009f 07       		.byte	0x7
 1085 00a0 F6030000 		.4byte	.LASF115
 1086 00a4 09       		.byte	0x9
 1087 00a5 6E020000 		.4byte	.LASF116
 1088 00a9 09       		.byte	0x9
 1089              	.LELTP0:
 1090              	.LELT0:
 1091              		.section	.gnu.debuglto_.debug_str,"eMS",%progbits,1
 1092              	.LASF81:
 1093 0000 70726976 		.ascii	"priv\000"
 1093      00
 1094              	.LASF88:
 1095 0005 6465636C 		.ascii	"decltype(nullptr)\000"
 1095      74797065 
 1095      286E756C 
 1095      6C707472 
 1095      2900
 1096              	.LASF85:
 1097 0017 2F686F6D 		.ascii	"/home/kocur/wideband-2311-f0_addon/firmware\000"
 1097      652F6B6F 
 1097      6375722F 
 1097      77696465 
 1097      62616E64 
 1098              	.LASF25:
 1099 0043 5F5F696E 		.ascii	"__int_least8_t\000"
 1099      745F6C65 
 1099      61737438 
 1099      5F7400
 1100              	.LASF65:
 1101 0052 696E745F 		.ascii	"int_least8_t\000"
 1101      6C656173 
 1101      74385F74 
 1101      00
 1102              	.LASF53:
 1103 005f 696E7438 		.ascii	"int8_t\000"
 1103      5F7400
 1104              	.LASF47:
 1105 0066 666C6F61 		.ascii	"float_t\000"
 1105      745F7400 
 1106              	.LASF60:
 1107 006e 75696E74 		.ascii	"uint64_t\000"
 1107      36345F74 
 1107      00
 1108              	.LASF6:
 1109 0077 5F5F7377 		.ascii	"__swappable_with_details\000"
 1109      61707061 
 1109      626C655F 
 1109      77697468 
 1109      5F646574 
 1110              	.LASF15:
 1111 0090 73686F72 		.ascii	"short int\000"
 1111      7420696E 
 1111      7400
 1112              	.LASF10:
 1113 009a 73697A65 		.ascii	"size_t\000"
 1113      5F7400
 1114              	.LASF63:
ARM GAS  /tmp/ccxyv71E.s 			page 21


 1115 00a1 696E7470 		.ascii	"intptr_t\000"
 1115      74725F74 
 1115      00
 1116              	.LASF40:
 1117 00aa 73747274 		.ascii	"strtok\000"
 1117      6F6B00
 1118              	.LASF79:
 1119 00b1 696E745F 		.ascii	"int_fast64_t\000"
 1119      66617374 
 1119      36345F74 
 1119      00
 1120              	.LASF2:
 1121 00be 5F5F6D61 		.ascii	"__max_align_ld\000"
 1121      785F616C 
 1121      69676E5F 
 1121      6C6400
 1122              	.LASF20:
 1123 00cd 5F5F7569 		.ascii	"__uint32_t\000"
 1123      6E743332 
 1123      5F7400
 1124              	.LASF1:
 1125 00d8 5F5F6D61 		.ascii	"__max_align_ll\000"
 1125      785F616C 
 1125      69676E5F 
 1125      6C6C00
 1126              	.LASF16:
 1127 00e7 5F5F7569 		.ascii	"__uint16_t\000"
 1127      6E743136 
 1127      5F7400
 1128              	.LASF51:
 1129 00f2 63686172 		.ascii	"char32_t\000"
 1129      33325F74 
 1129      00
 1130              	.LASF72:
 1131 00fb 75696E74 		.ascii	"uint_least64_t\000"
 1131      5F6C6561 
 1131      73743634 
 1131      5F7400
 1132              	.LASF80:
 1133 010a 75696E74 		.ascii	"uint_fast64_t\000"
 1133      5F666173 
 1133      7436345F 
 1133      7400
 1134              	.LASF59:
 1135 0118 696E7436 		.ascii	"int64_t\000"
 1135      345F7400 
 1136              	.LASF50:
 1137 0120 63686172 		.ascii	"char16_t\000"
 1137      31365F74 
 1137      00
 1138              	.LASF54:
 1139 0129 75696E74 		.ascii	"uint8_t\000"
 1139      385F7400 
 1140              	.LASF35:
 1141 0131 5F5F696E 		.ascii	"__intptr_t\000"
 1141      74707472 
 1141      5F7400
ARM GAS  /tmp/ccxyv71E.s 			page 22


 1142              	.LASF64:
 1143 013c 75696E74 		.ascii	"uintptr_t\000"
 1143      7074725F 
 1143      7400
 1144              	.LASF71:
 1145 0146 696E745F 		.ascii	"int_least64_t\000"
 1145      6C656173 
 1145      7436345F 
 1145      7400
 1146              	.LASF42:
 1147 0154 626F6F6C 		.ascii	"bool\000"
 1147      00
 1148              	.LASF66:
 1149 0159 75696E74 		.ascii	"uint_least8_t\000"
 1149      5F6C6561 
 1149      7374385F 
 1149      7400
 1150              	.LASF31:
 1151 0167 5F5F696E 		.ascii	"__int_least64_t\000"
 1151      745F6C65 
 1151      61737436 
 1151      345F7400 
 1152              	.LASF46:
 1153 0177 666C6F61 		.ascii	"float\000"
 1153      7400
 1154              	.LASF26:
 1155 017d 5F5F7569 		.ascii	"__uint_least8_t\000"
 1155      6E745F6C 
 1155      65617374 
 1155      385F7400 
 1156              	.LASF3:
 1157 018d 6C6F6E67 		.ascii	"long long int\000"
 1157      206C6F6E 
 1157      6720696E 
 1157      7400
 1158              	.LASF19:
 1159 019b 6C6F6E67 		.ascii	"long int\000"
 1159      20696E74 
 1159      00
 1160              	.LASF22:
 1161 01a4 5F5F696E 		.ascii	"__int64_t\000"
 1161      7436345F 
 1161      7400
 1162              	.LASF82:
 1163 01ae 69735F73 		.ascii	"is_scaled_channel\000"
 1163      63616C65 
 1163      645F6368 
 1163      616E6E65 
 1163      6C00
 1164              	.LASF73:
 1165 01c0 696E745F 		.ascii	"int_fast8_t\000"
 1165      66617374 
 1165      385F7400 
 1166              	.LASF13:
 1167 01cc 5F5F7569 		.ascii	"__uint8_t\000"
 1167      6E74385F 
 1167      7400
ARM GAS  /tmp/ccxyv71E.s 			page 23


 1168              	.LASF77:
 1169 01d6 696E745F 		.ascii	"int_fast32_t\000"
 1169      66617374 
 1169      33325F74 
 1169      00
 1170              	.LASF39:
 1171 01e3 73747265 		.ascii	"strerror\000"
 1171      72726F72 
 1171      00
 1172              	.LASF61:
 1173 01ec 696E746D 		.ascii	"intmax_t\000"
 1173      61785F74 
 1173      00
 1174              	.LASF4:
 1175 01f5 6C6F6E67 		.ascii	"long double\000"
 1175      20646F75 
 1175      626C6500 
 1176              	.LASF86:
 1177 0201 31316D61 		.ascii	"11max_align_t\000"
 1177      785F616C 
 1177      69676E5F 
 1177      7400
 1178              	.LASF32:
 1179 020f 5F5F7569 		.ascii	"__uint_least64_t\000"
 1179      6E745F6C 
 1179      65617374 
 1179      36345F74 
 1179      00
 1180              	.LASF9:
 1181 0220 756E7369 		.ascii	"unsigned char\000"
 1181      676E6564 
 1181      20636861 
 1181      7200
 1182              	.LASF44:
 1183 022e 5F5F6F70 		.ascii	"__ops\000"
 1183      7300
 1184              	.LASF52:
 1185 0234 5F5F676E 		.ascii	"__gnu_debug\000"
 1185      755F6465 
 1185      62756700 
 1186              	.LASF43:
 1187 0240 5F5F676E 		.ascii	"__gnu_cxx\000"
 1187      755F6378 
 1187      7800
 1188              	.LASF12:
 1189 024a 7369676E 		.ascii	"signed char\000"
 1189      65642063 
 1189      68617200 
 1190              	.LASF24:
 1191 0256 6C6F6E67 		.ascii	"long long unsigned int\000"
 1191      206C6F6E 
 1191      6720756E 
 1191      7369676E 
 1191      65642069 
 1192              	.LASF87:
 1193 026d 6D61785F 		.ascii	"max_align_t\000"
 1193      616C6967 
ARM GAS  /tmp/ccxyv71E.s 			page 24


 1193      6E5F7400 
 1194              	.LASF58:
 1195 0279 75696E74 		.ascii	"uint32_t\000"
 1195      33325F74 
 1195      00
 1196              	.LASF0:
 1197 0282 756E7369 		.ascii	"unsigned int\000"
 1197      676E6564 
 1197      20696E74 
 1197      00
 1198              	.LASF56:
 1199 028f 75696E74 		.ascii	"uint16_t\000"
 1199      31365F74 
 1199      00
 1200              	.LASF33:
 1201 0298 5F5F696E 		.ascii	"__intmax_t\000"
 1201      746D6178 
 1201      5F7400
 1202              	.LASF62:
 1203 02a3 75696E74 		.ascii	"uintmax_t\000"
 1203      6D61785F 
 1203      7400
 1204              	.LASF75:
 1205 02ad 696E745F 		.ascii	"int_fast16_t\000"
 1205      66617374 
 1205      31365F74 
 1205      00
 1206              	.LASF17:
 1207 02ba 73686F72 		.ascii	"short unsigned int\000"
 1207      7420756E 
 1207      7369676E 
 1207      65642069 
 1207      6E7400
 1208              	.LASF11:
 1209 02cd 5F5F696E 		.ascii	"__int8_t\000"
 1209      74385F74 
 1209      00
 1210              	.LASF74:
 1211 02d6 75696E74 		.ascii	"uint_fast8_t\000"
 1211      5F666173 
 1211      74385F74 
 1211      00
 1212              	.LASF49:
 1213 02e3 77636861 		.ascii	"wchar_t\000"
 1213      725F7400 
 1214              	.LASF37:
 1215 02eb 63686172 		.ascii	"char\000"
 1215      00
 1216              	.LASF29:
 1217 02f0 5F5F696E 		.ascii	"__int_least32_t\000"
 1217      745F6C65 
 1217      61737433 
 1217      325F7400 
 1218              	.LASF70:
 1219 0300 75696E74 		.ascii	"uint_least32_t\000"
 1219      5F6C6561 
 1219      73743332 
ARM GAS  /tmp/ccxyv71E.s 			page 25


 1219      5F7400
 1220              	.LASF78:
 1221 030f 75696E74 		.ascii	"uint_fast32_t\000"
 1221      5F666173 
 1221      7433325F 
 1221      7400
 1222              	.LASF5:
 1223 031d 5F5F7377 		.ascii	"__swappable_details\000"
 1223      61707061 
 1223      626C655F 
 1223      64657461 
 1223      696C7300 
 1224              	.LASF57:
 1225 0331 696E7433 		.ascii	"int32_t\000"
 1225      325F7400 
 1226              	.LASF68:
 1227 0339 75696E74 		.ascii	"uint_least16_t\000"
 1227      5F6C6561 
 1227      73743136 
 1227      5F7400
 1228              	.LASF76:
 1229 0348 75696E74 		.ascii	"uint_fast16_t\000"
 1229      5F666173 
 1229      7431365F 
 1229      7400
 1230              	.LASF7:
 1231 0356 5F5F6465 		.ascii	"__debug\000"
 1231      62756700 
 1232              	.LASF55:
 1233 035e 696E7431 		.ascii	"int16_t\000"
 1233      365F7400 
 1234              	.LASF23:
 1235 0366 5F5F7569 		.ascii	"__uint64_t\000"
 1235      6E743634 
 1235      5F7400
 1236              	.LASF69:
 1237 0371 696E745F 		.ascii	"int_least32_t\000"
 1237      6C656173 
 1237      7433325F 
 1237      7400
 1238              	.LASF67:
 1239 037f 696E745F 		.ascii	"int_least16_t\000"
 1239      6C656173 
 1239      7431365F 
 1239      7400
 1240              	.LASF21:
 1241 038d 6C6F6E67 		.ascii	"long unsigned int\000"
 1241      20756E73 
 1241      69676E65 
 1241      6420696E 
 1241      7400
 1242              	.LASF41:
 1243 039f 73747278 		.ascii	"strxfrm\000"
 1243      66726D00 
 1244              	.LASF45:
 1245 03a7 646F7562 		.ascii	"double\000"
 1245      6C6500
ARM GAS  /tmp/ccxyv71E.s 			page 26


 1246              	.LASF27:
 1247 03ae 5F5F696E 		.ascii	"__int_least16_t\000"
 1247      745F6C65 
 1247      61737431 
 1247      365F7400 
 1248              	.LASF83:
 1249 03be 474E5520 		.ascii	"GNU C++17 11.3.1 20220712 -mcpu=cortex-m0 -mthumb -"
 1249      432B2B31 
 1249      37203131 
 1249      2E332E31 
 1249      20323032 
 1250 03f1 6D666C6F 		.ascii	"mfloat-abi=soft -march=armv6s-m -ggdb -O2 -std=c++1"
 1250      61742D61 
 1250      62693D73 
 1250      6F667420 
 1250      2D6D6172 
 1251 0424 37202D66 		.ascii	"7 -fomit-frame-pointer -falign-functions=16 -fsingl"
 1251      6F6D6974 
 1251      2D667261 
 1251      6D652D70 
 1251      6F696E74 
 1252 0457 652D7072 		.ascii	"e-precision-constant -ffunction-sections -fdata-sec"
 1252      65636973 
 1252      696F6E2D 
 1252      636F6E73 
 1252      74616E74 
 1253 048a 74696F6E 		.ascii	"tions -fno-common -flto -fno-rtti -fno-exceptions -"
 1253      73202D66 
 1253      6E6F2D63 
 1253      6F6D6D6F 
 1253      6E202D66 
 1254 04bd 66666173 		.ascii	"ffast-math -funsafe-math-optimizations -fno-threads"
 1254      742D6D61 
 1254      7468202D 
 1254      66756E73 
 1254      6166652D 
 1255 04f0 6166652D 		.ascii	"afe-statics -fno-use-cxa-atexit\000"
 1255      73746174 
 1255      69637320 
 1255      2D666E6F 
 1255      2D757365 
 1256              	.LASF36:
 1257 0510 5F5F7569 		.ascii	"__uintptr_t\000"
 1257      6E747074 
 1257      725F7400 
 1258              	.LASF18:
 1259 051c 5F5F696E 		.ascii	"__int32_t\000"
 1259      7433325F 
 1259      7400
 1260              	.LASF38:
 1261 0526 73747263 		.ascii	"strcoll\000"
 1261      6F6C6C00 
 1262              	.LASF14:
 1263 052e 5F5F696E 		.ascii	"__int16_t\000"
 1263      7431365F 
 1263      7400
 1264              	.LASF84:
ARM GAS  /tmp/ccxyv71E.s 			page 27


 1265 0538 6C696266 		.ascii	"libfirmware/util/src/util_dummy.cpp\000"
 1265      69726D77 
 1265      6172652F 
 1265      7574696C 
 1265      2F737263 
 1266              	.LASF8:
 1267 055c 5F5F6465 		.ascii	"__detail\000"
 1267      7461696C 
 1267      00
 1268              	.LASF34:
 1269 0565 5F5F7569 		.ascii	"__uintmax_t\000"
 1269      6E746D61 
 1269      785F7400 
 1270              	.LASF30:
 1271 0571 5F5F7569 		.ascii	"__uint_least32_t\000"
 1271      6E745F6C 
 1271      65617374 
 1271      33325F74 
 1271      00
 1272              	.LASF48:
 1273 0582 646F7562 		.ascii	"double_t\000"
 1273      6C655F74 
 1273      00
 1274              	.LASF28:
 1275 058b 5F5F7569 		.ascii	"__uint_least16_t\000"
 1275      6E745F6C 
 1275      65617374 
 1275      31365F74 
 1275      00
 1276              		.section	.gnu.debuglto_.debug_line_str,"eMS",%progbits,1
 1277              	.LASF108:
 1278 0000 5F646566 		.ascii	"_default_types.h\000"
 1278      61756C74 
 1278      5F747970 
 1278      65732E68 
 1278      00
 1279              	.LASF96:
 1280 0011 2F686F6D 		.ascii	"/home/kocur/.rusefi-tools/arm-gnu-toolchain-11.3.re"
 1280      652F6B6F 
 1280      6375722F 
 1280      2E727573 
 1280      6566692D 
 1281 0044 6C312D78 		.ascii	"l1-x86_64-arm-none-eabi/arm-none-eabi/include\000"
 1281      38365F36 
 1281      342D6172 
 1281      6D2D6E6F 
 1281      6E652D65 
 1282              	.LASF103:
 1283 0072 636D6174 		.ascii	"cmath\000"
 1283      6800
 1284              	.LASF95:
 1285 0078 2F686F6D 		.ascii	"/home/kocur/.rusefi-tools/arm-gnu-toolchain-11.3.re"
 1285      652F6B6F 
 1285      6375722F 
 1285      2E727573 
 1285      6566692D 
 1286 00ab 6C312D78 		.ascii	"l1-x86_64-arm-none-eabi/arm-none-eabi/include/sys\000"
ARM GAS  /tmp/ccxyv71E.s 			page 28


 1286      38365F36 
 1286      342D6172 
 1286      6D2D6E6F 
 1286      6E652D65 
 1287              	.LASF94:
 1288 00dd 2F686F6D 		.ascii	"/home/kocur/.rusefi-tools/arm-gnu-toolchain-11.3.re"
 1288      652F6B6F 
 1288      6375722F 
 1288      2E727573 
 1288      6566692D 
 1289 0110 6C312D78 		.ascii	"l1-x86_64-arm-none-eabi/arm-none-eabi/include/machi"
 1289      38365F36 
 1289      342D6172 
 1289      6D2D6E6F 
 1289      6E652D65 
 1290 0143 6E6500   		.ascii	"ne\000"
 1291              	.LASF97:
 1292 0146 2F686F6D 		.ascii	"/home/kocur/.rusefi-tools/arm-gnu-toolchain-11.3.re"
 1292      652F6B6F 
 1292      6375722F 
 1292      2E727573 
 1292      6566692D 
 1293 0179 6C312D78 		.ascii	"l1-x86_64-arm-none-eabi/lib/gcc/arm-none-eabi/11.3."
 1293      38365F36 
 1293      342D6172 
 1293      6D2D6E6F 
 1293      6E652D65 
 1294 01ac 312F696E 		.ascii	"1/include\000"
 1294      636C7564 
 1294      6500
 1295              	.LASF109:
 1296 01b6 73747269 		.ascii	"string.h\000"
 1296      6E672E68 
 1296      00
 1297              	.LASF98:
 1298 01bf 6C696266 		.ascii	"libfirmware/util/include/rusefi\000"
 1298      69726D77 
 1298      6172652F 
 1298      7574696C 
 1298      2F696E63 
 1299              	.LASF90:
 1300 01df 2F686F6D 		.ascii	"/home/kocur/.rusefi-tools/arm-gnu-toolchain-11.3.re"
 1300      652F6B6F 
 1300      6375722F 
 1300      2E727573 
 1300      6566692D 
 1301 0212 6C312D78 		.ascii	"l1-x86_64-arm-none-eabi/arm-none-eabi/include/c++/1"
 1301      38365F36 
 1301      342D6172 
 1301      6D2D6E6F 
 1301      6E652D65 
 1302 0245 312E332E 		.ascii	"1.3.1/arm-none-eabi/thumb/v6-m/nofp/bits\000"
 1302      312F6172 
 1302      6D2D6E6F 
 1302      6E652D65 
 1302      6162692F 
 1303              	.LASF116:
ARM GAS  /tmp/ccxyv71E.s 			page 29


 1304 026e 7363616C 		.ascii	"scaled_channel.h\000"
 1304      65645F63 
 1304      68616E6E 
 1304      656C2E68 
 1304      00
 1305              	.LASF99:
 1306 027f 6C696266 		.ascii	"libfirmware/util/src/util_dummy.cpp\000"
 1306      69726D77 
 1306      6172652F 
 1306      7574696C 
 1306      2F737263 
 1307              	.LASF101:
 1308 02a3 63737464 		.ascii	"cstddef\000"
 1308      64656600 
 1309              	.LASF107:
 1310 02ab 73746C5F 		.ascii	"stl_iterator.h\000"
 1310      69746572 
 1310      61746F72 
 1310      2E6800
 1311              	.LASF112:
 1312 02ba 632B2B63 		.ascii	"c++config.h\000"
 1312      6F6E6669 
 1312      672E6800 
 1313              	.LASF89:
 1314 02c6 2F686F6D 		.ascii	"/home/kocur/wideband-2311-f0_addon/firmware\000"
 1314      652F6B6F 
 1314      6375722F 
 1314      77696465 
 1314      62616E64 
 1315              	.LASF104:
 1316 02f2 74797065 		.ascii	"type_traits\000"
 1316      5F747261 
 1316      69747300 
 1317              	.LASF113:
 1318 02fe 5F737464 		.ascii	"_stdint.h\000"
 1318      696E742E 
 1318      6800
 1319              	.LASF92:
 1320 0308 2F686F6D 		.ascii	"/home/kocur/.rusefi-tools/arm-gnu-toolchain-11.3.re"
 1320      652F6B6F 
 1320      6375722F 
 1320      2E727573 
 1320      6566692D 
 1321 033b 6C312D78 		.ascii	"l1-x86_64-arm-none-eabi/arm-none-eabi/include/c++/1"
 1321      38365F36 
 1321      342D6172 
 1321      6D2D6E6F 
 1321      6E652D65 
 1322 036e 312E332E 		.ascii	"1.3.1/debug\000"
 1322      312F6465 
 1322      62756700 
 1323              	.LASF111:
 1324 037a 6D617468 		.ascii	"math.h\000"
 1324      2E6800
 1325              	.LASF93:
 1326 0381 2F686F6D 		.ascii	"/home/kocur/.rusefi-tools/arm-gnu-toolchain-11.3.re"
 1326      652F6B6F 
ARM GAS  /tmp/ccxyv71E.s 			page 30


 1326      6375722F 
 1326      2E727573 
 1326      6566692D 
 1327 03b4 6C312D78 		.ascii	"l1-x86_64-arm-none-eabi/arm-none-eabi/include/c++/1"
 1327      38365F36 
 1327      342D6172 
 1327      6D2D6E6F 
 1327      6E652D65 
 1328 03e7 312E332E 		.ascii	"1.3.1\000"
 1328      3100
 1329              	.LASF100:
 1330 03ed 73746464 		.ascii	"stddef.h\000"
 1330      65662E68 
 1330      00
 1331              	.LASF115:
 1332 03f6 696E7465 		.ascii	"interpolation.h\000"
 1332      72706F6C 
 1332      6174696F 
 1332      6E2E6800 
 1333              	.LASF102:
 1334 0406 63737472 		.ascii	"cstring\000"
 1334      696E6700 
 1335              	.LASF105:
 1336 040e 64656275 		.ascii	"debug.h\000"
 1336      672E6800 
 1337              	.LASF91:
 1338 0416 2F686F6D 		.ascii	"/home/kocur/.rusefi-tools/arm-gnu-toolchain-11.3.re"
 1338      652F6B6F 
 1338      6375722F 
 1338      2E727573 
 1338      6566692D 
 1339 0449 6C312D78 		.ascii	"l1-x86_64-arm-none-eabi/arm-none-eabi/include/c++/1"
 1339      38365F36 
 1339      342D6172 
 1339      6D2D6E6F 
 1339      6E652D65 
 1340 047c 312E332E 		.ascii	"1.3.1/bits\000"
 1340      312F6269 
 1340      747300
 1341              	.LASF110:
 1342 0487 70726564 		.ascii	"predefined_ops.h\000"
 1342      6566696E 
 1342      65645F6F 
 1342      70732E68 
 1342      00
 1343              	.LASF106:
 1344 0498 63737464 		.ascii	"cstdint\000"
 1344      696E7400 
 1345              	.LASF114:
 1346 04a0 73746469 		.ascii	"stdint.h\000"
 1346      6E742E68 
 1346      00
 1347              		.text
 1348              		.section	.gnu.lto_.profile.f515658f7f2120b2,"e",%progbits
 1349 0000 789C6362 		.ascii	"x\234cb\000\001\000\000\022\000\003"
 1349      00010000 
 1349      120003
ARM GAS  /tmp/ccxyv71E.s 			page 31


 1350              		.text
 1351              		.section	.gnu.lto_.icf.f515658f7f2120b2,"e",%progbits
 1352 0000 789C6362 		.ascii	"x\234cb@\006\000\000*\000\003"
 1352      40060000 
 1352      2A0003
 1353              		.text
 1354              		.section	.gnu.lto_.ipa_sra.f515658f7f2120b2,"e",%progbits
 1355 0000 789C6362 		.ascii	"x\234cb@\006\000\000*\000\003"
 1355      40060000 
 1355      2A0003
 1356              		.text
 1357              		.section	.gnu.lto_.inline.f515658f7f2120b2,"e",%progbits
 1358 0000 789C6362 		.ascii	"x\234cb@\006\000\000*\000\003"
 1358      40060000 
 1358      2A0003
 1359              		.text
 1360              		.section	.gnu.lto_.jmpfuncs.f515658f7f2120b2,"e",%progbits
 1361 0000 789C6362 		.ascii	"x\234cb@\006\000\000*\000\003"
 1361      40060000 
 1361      2A0003
 1362              		.text
 1363              		.section	.gnu.lto_.pureconst.f515658f7f2120b2,"e",%progbits
 1364 0000 789C6364 		.ascii	"x\234cd\000\002\000\000\012\000\002"
 1364      00020000 
 1364      0A0002
 1365              		.text
 1366              		.section	.gnu.lto_.ipa_modref.f515658f7f2120b2,"e",%progbits
 1367 0000 789C6362 		.ascii	"x\234cb@\006\000\000*\000\003"
 1367      40060000 
 1367      2A0003
 1368              		.text
 1369              		.section	.gnu.lto_.lto.f515658f7f2120b2,"e",%progbits
 1370 0000 0B000300 		.ascii	"\013\000\003\000\001\000\000\000"
 1370      01000000 
 1371              		.text
 1372              		.section	.gnu.lto_.symbol_nodes.f515658f7f2120b2,"e",%progbits
 1373 0000 789C6362 		.ascii	"x\234cb\000\001\000\000\022\000\003"
 1373      00010000 
 1373      120003
 1374              		.text
 1375              		.section	.gnu.lto_.refs.f515658f7f2120b2,"e",%progbits
 1376 0000 789C6364 		.ascii	"x\234cd\000\002\000\000\012\000\002"
 1376      00020000 
 1376      0A0002
 1377              		.text
 1378              		.section	.gnu.lto_.decls.f515658f7f2120b2,"e",%progbits
 1379 0000 789C6360 		.ascii	"x\234c````\004b\036 \376\017\004 \366e\006(\000\000"
 1379      60606004 
 1379      621E20FE 
 1379      0F0420F6 
 1379      65062800 
 1380 0015 466C04DE 		.ascii	"Fl\004\336"
 1381              		.text
 1382              		.section	.gnu.lto_.symtab.f515658f7f2120b2,"e",%progbits
 1383              		.text
 1384              		.section	.gnu.lto_.ext_symtab.f515658f7f2120b2,"e",%progbits
 1385 0000 01       		.ascii	"\001"
ARM GAS  /tmp/ccxyv71E.s 			page 32


 1386              		.text
 1387              		.section	.gnu.lto_.opts,"e",%progbits
 1388 0000 272D666E 		.ascii	"'-fno-openmp' '-fno-openacc' '-fno-pie' '-fcf-prote"
 1388      6F2D6F70 
 1388      656E6D70 
 1388      2720272D 
 1388      666E6F2D 
 1389 0033 6374696F 		.ascii	"ction=none' '-g' '-mcpu=cortex-m0' '-mthumb' '-mflo"
 1389      6E3D6E6F 
 1389      6E652720 
 1389      272D6727 
 1389      20272D6D 
 1390 0066 61742D61 		.ascii	"at-abi=soft' '-mlibarch=armv6s-m' '-march=armv6s-m'"
 1390      62693D73 
 1390      6F667427 
 1390      20272D6D 
 1390      6C696261 
 1391 0099 20272D4F 		.ascii	" '-O2' '-Werror=switch' '-fomit-frame-pointer' '-fa"
 1391      32272027 
 1391      2D576572 
 1391      726F723D 
 1391      73776974 
 1392 00cc 6C69676E 		.ascii	"lign-functions=16' '-fsingle-precision-constant' '-"
 1392      2D66756E 
 1392      6374696F 
 1392      6E733D31 
 1392      36272027 
 1393 00ff 6666756E 		.ascii	"ffunction-sections' '-fdata-sections' '-fno-common'"
 1393      6374696F 
 1393      6E2D7365 
 1393      6374696F 
 1393      6E732720 
 1394 0132 20272D66 		.ascii	" '-flto' '-fno-exceptions' '-ffast-math' '-funsafe-"
 1394      6C746F27 
 1394      20272D66 
 1394      6E6F2D65 
 1394      78636570 
 1395 0165 6D617468 		.ascii	"math-optimizations' '-Xassembler' '-alms=./build/ls"
 1395      2D6F7074 
 1395      696D697A 
 1395      6174696F 
 1395      6E732720 
 1396 0198 742F7574 		.ascii	"t/util_dummy.lst'\000"
 1396      696C5F64 
 1396      756D6D79 
 1396      2E6C7374 
 1396      2700
 1397              		.text
 1398              		.comm	__gnu_lto_slim,1,1
 1399              		.ident	"GCC: (Arm GNU Toolchain 11.3.Rel1) 11.3.1 20220712"
ARM GAS  /tmp/ccxyv71E.s 			page 33


DEFINED SYMBOLS
                            *ABS*:0000000000000000 util_dummy.cpp
     /tmp/ccxyv71E.s:33     .gnu.debuglto_.debug_info:0000000000000000 util_dummy.cpp.b1b7abdd
                            *COM*:0000000000000001 __gnu_lto_slim

NO UNDEFINED SYMBOLS
